Random Seed:  3407
# of training samples:  538
Encoder(
  (fc1): Linear(in_features=2048, out_features=4096, bias=True)
  (fc3): Linear(in_features=4096, out_features=2048, bias=True)
  (lrelu): LeakyReLU(0.2, inplace)
  (linear_means): Linear(in_features=2048, out_features=1024, bias=True)
  (linear_log_var): Linear(in_features=2048, out_features=1024, bias=True)
)
Generator(
  (fc1): Linear(in_features=2048, out_features=4096, bias=True)
  (fc3): Linear(in_features=4096, out_features=1024, bias=True)
  (lrelu): LeakyReLU(0.2, inplace)
  (sigmoid): Sigmoid()
)
Discriminator_D1(
  (fc1): Linear(in_features=2048, out_features=4096, bias=True)
  (fc2): Linear(in_features=4096, out_features=1, bias=True)
  (lrelu): LeakyReLU(0.2, inplace)
)
Feedback(
  (fc1): Linear(in_features=4096, out_features=4096, bias=True)
  (fc2): Linear(in_features=4096, out_features=4096, bias=True)
  (lrelu): LeakyReLU(0.2, inplace)
)
AttDec(
  (fc1): Linear(in_features=1024, out_features=4096, bias=True)
  (fc3): Linear(in_features=4096, out_features=1024, bias=True)
  (lrelu): LeakyReLU(0.2, inplace)
)
[0/300]  Loss_D: -10.0034 Loss_G: -0.0341, Wasserstein_dist:12.5393, vae_loss_seen:470.7604 GZSL: seen=0.9325, unseen=0.2604, h=0.4071 ZSL: unseen accuracy=0.5885
[1/300]  Loss_D: -5.5064 Loss_G: -4.8230, Wasserstein_dist:7.1736, vae_loss_seen:379.6707 GZSL: seen=0.7639, unseen=0.2917, h=0.4221 ZSL: unseen accuracy=0.5052
[2/300]  Loss_D: -3.6116 Loss_G: -7.6448, Wasserstein_dist:4.6824, vae_loss_seen:334.1587 GZSL: seen=0.8611, unseen=0.2969, h=0.4415 ZSL: unseen accuracy=0.4583
[3/300]  Loss_D: -2.4615 Loss_G: -7.9257, Wasserstein_dist:3.2312, vae_loss_seen:315.7400 GZSL: seen=0.8651, unseen=0.2656, h=0.4064 ZSL: unseen accuracy=0.4323
[4/300]  Loss_D: -2.1442 Loss_G: -7.6495, Wasserstein_dist:2.8383, vae_loss_seen:319.1562 GZSL: seen=0.9127, unseen=0.2135, h=0.3461 ZSL: unseen accuracy=0.4792
[5/300]  Loss_D: -2.3841 Loss_G: -7.0336, Wasserstein_dist:2.9582, vae_loss_seen:305.9790 GZSL: seen=0.8007, unseen=0.3646, h=0.5010 ZSL: unseen accuracy=0.5208
[6/300]  Loss_D: -2.7902 Loss_G: -5.4000, Wasserstein_dist:3.3936, vae_loss_seen:314.6234 GZSL: seen=0.8790, unseen=0.2604, h=0.4018 ZSL: unseen accuracy=0.5208
[7/300]  Loss_D: -2.4990 Loss_G: -5.8571, Wasserstein_dist:3.0329, vae_loss_seen:305.1018 GZSL: seen=0.8968, unseen=0.2083, h=0.3381 ZSL: unseen accuracy=0.4896
[8/300]  Loss_D: -2.6166 Loss_G: -2.5131, Wasserstein_dist:3.2065, vae_loss_seen:304.1589 GZSL: seen=0.8671, unseen=0.2760, h=0.4188 ZSL: unseen accuracy=0.5000
[9/300]  Loss_D: -2.3672 Loss_G: 0.0689, Wasserstein_dist:2.9029, vae_loss_seen:304.5697 GZSL: seen=0.8571, unseen=0.3073, h=0.4524 ZSL: unseen accuracy=0.4531
[10/300]  Loss_D: -2.4656 Loss_G: 0.4348, Wasserstein_dist:3.1514, vae_loss_seen:310.1641 GZSL: seen=0.9028, unseen=0.2083, h=0.3385 ZSL: unseen accuracy=0.5365
[11/300]  Loss_D: -2.7473 Loss_G: 2.8813, Wasserstein_dist:3.3741, vae_loss_seen:307.5612 GZSL: seen=0.9067, unseen=0.1979, h=0.3249 ZSL: unseen accuracy=0.3906
[12/300]  Loss_D: -2.4665 Loss_G: 2.3042, Wasserstein_dist:3.1104, vae_loss_seen:306.7772 GZSL: seen=0.8095, unseen=0.3594, h=0.4978 ZSL: unseen accuracy=0.5156
[13/300]  Loss_D: -2.3903 Loss_G: 3.3068, Wasserstein_dist:3.1315, vae_loss_seen:306.6456 GZSL: seen=0.8631, unseen=0.2135, h=0.3424 ZSL: unseen accuracy=0.4062
[14/300]  Loss_D: -2.4698 Loss_G: 2.6728, Wasserstein_dist:3.1173, vae_loss_seen:302.0371 GZSL: seen=0.8413, unseen=0.2135, h=0.3406 ZSL: unseen accuracy=0.3958
[15/300]  Loss_D: -2.4996 Loss_G: 5.2375, Wasserstein_dist:3.1439, vae_loss_seen:305.7557 GZSL: seen=0.8929, unseen=0.2552, h=0.3970 ZSL: unseen accuracy=0.3854
[16/300]  Loss_D: -2.7210 Loss_G: 4.4973, Wasserstein_dist:3.3750, vae_loss_seen:298.4827 GZSL: seen=0.8929, unseen=0.2135, h=0.3447 ZSL: unseen accuracy=0.4115
[17/300]  Loss_D: -2.4221 Loss_G: 6.1338, Wasserstein_dist:3.0076, vae_loss_seen:304.8575 GZSL: seen=0.8849, unseen=0.2083, h=0.3373 ZSL: unseen accuracy=0.3958
[18/300]  Loss_D: -2.3207 Loss_G: 6.8894, Wasserstein_dist:2.9760, vae_loss_seen:300.1059 GZSL: seen=0.8730, unseen=0.2500, h=0.3887 ZSL: unseen accuracy=0.4792
[19/300]  Loss_D: -2.6174 Loss_G: 4.8996, Wasserstein_dist:3.2663, vae_loss_seen:296.4214 GZSL: seen=0.7917, unseen=0.2240, h=0.3491 ZSL: unseen accuracy=0.4219
[20/300]  Loss_D: -2.4626 Loss_G: 6.3970, Wasserstein_dist:2.9810, vae_loss_seen:301.7171 GZSL: seen=0.7789, unseen=0.3542, h=0.4869 ZSL: unseen accuracy=0.4479
[21/300]  Loss_D: -2.1224 Loss_G: 6.6709, Wasserstein_dist:2.7271, vae_loss_seen:298.9508 GZSL: seen=0.9008, unseen=0.2031, h=0.3315 ZSL: unseen accuracy=0.3802
[22/300]  Loss_D: -2.0176 Loss_G: 8.8172, Wasserstein_dist:2.5413, vae_loss_seen:296.2481 GZSL: seen=0.7343, unseen=0.2135, h=0.3309 ZSL: unseen accuracy=0.3906
[23/300]  Loss_D: -2.0615 Loss_G: 6.3708, Wasserstein_dist:2.5925, vae_loss_seen:293.1392 GZSL: seen=0.8790, unseen=0.1979, h=0.3231 ZSL: unseen accuracy=0.3958
[24/300]  Loss_D: -2.0116 Loss_G: 8.6300, Wasserstein_dist:2.5087, vae_loss_seen:291.8538 GZSL: seen=0.9048, unseen=0.1927, h=0.3177 ZSL: unseen accuracy=0.3958
[25/300]  Loss_D: -1.8266 Loss_G: 8.9840, Wasserstein_dist:2.3415, vae_loss_seen:293.1666 GZSL: seen=0.8274, unseen=0.1979, h=0.3194 ZSL: unseen accuracy=0.3906
[26/300]  Loss_D: -1.7554 Loss_G: 10.5622, Wasserstein_dist:2.2781, vae_loss_seen:290.3270 GZSL: seen=0.8056, unseen=0.2135, h=0.3376 ZSL: unseen accuracy=0.3906
[27/300]  Loss_D: -1.8784 Loss_G: 8.5541, Wasserstein_dist:2.3588, vae_loss_seen:289.2720 GZSL: seen=0.8543, unseen=0.1979, h=0.3214 ZSL: unseen accuracy=0.3906
[28/300]  Loss_D: -1.7694 Loss_G: 9.9482, Wasserstein_dist:2.2849, vae_loss_seen:290.9024 GZSL: seen=0.9206, unseen=0.1875, h=0.3115 ZSL: unseen accuracy=0.3906
[29/300]  Loss_D: -1.9806 Loss_G: 8.9563, Wasserstein_dist:2.4394, vae_loss_seen:287.2113 GZSL: seen=0.9127, unseen=0.1875, h=0.3111 ZSL: unseen accuracy=0.3906
[30/300]  Loss_D: -1.7496 Loss_G: 10.7463, Wasserstein_dist:2.2497, vae_loss_seen:284.3690 GZSL: seen=0.8294, unseen=0.2135, h=0.3396 ZSL: unseen accuracy=0.3906
[31/300]  Loss_D: -1.7154 Loss_G: 9.5957, Wasserstein_dist:2.1563, vae_loss_seen:292.2249 GZSL: seen=0.7643, unseen=0.2031, h=0.3210 ZSL: unseen accuracy=0.3906
[32/300]  Loss_D: -1.4333 Loss_G: 9.8783, Wasserstein_dist:1.8738, vae_loss_seen:283.7401 GZSL: seen=0.8139, unseen=0.2135, h=0.3383 ZSL: unseen accuracy=0.3854
[33/300]  Loss_D: -1.7480 Loss_G: 10.1856, Wasserstein_dist:2.1678, vae_loss_seen:287.4340 GZSL: seen=0.8849, unseen=0.2031, h=0.3304 ZSL: unseen accuracy=0.3906
[34/300]  Loss_D: -1.4357 Loss_G: 11.7891, Wasserstein_dist:1.8434, vae_loss_seen:286.6096 GZSL: seen=0.8690, unseen=0.1927, h=0.3155 ZSL: unseen accuracy=0.3906
[35/300]  Loss_D: -1.5750 Loss_G: 11.8023, Wasserstein_dist:1.9779, vae_loss_seen:300.3581 GZSL: seen=0.8869, unseen=0.2031, h=0.3305 ZSL: unseen accuracy=0.3906
[36/300]  Loss_D: -1.5258 Loss_G: 10.0566, Wasserstein_dist:1.9395, vae_loss_seen:283.3466 GZSL: seen=0.9187, unseen=0.1875, h=0.3114 ZSL: unseen accuracy=0.4010
[37/300]  Loss_D: -1.4937 Loss_G: 11.0123, Wasserstein_dist:1.8672, vae_loss_seen:286.7722 GZSL: seen=0.7381, unseen=0.2031, h=0.3186 ZSL: unseen accuracy=0.3854
[38/300]  Loss_D: -1.5684 Loss_G: 10.4055, Wasserstein_dist:1.9605, vae_loss_seen:282.7830 GZSL: seen=0.8056, unseen=0.2031, h=0.3244 ZSL: unseen accuracy=0.3958
[39/300]  Loss_D: -1.2304 Loss_G: 14.0803, Wasserstein_dist:1.5549, vae_loss_seen:281.2587 GZSL: seen=0.7738, unseen=0.1979, h=0.3152 ZSL: unseen accuracy=0.4115
[40/300]  Loss_D: -1.3807 Loss_G: 12.3722, Wasserstein_dist:1.7749, vae_loss_seen:287.2426 GZSL: seen=0.9306, unseen=0.1875, h=0.3121 ZSL: unseen accuracy=0.3906
[41/300]  Loss_D: -1.2928 Loss_G: 14.4981, Wasserstein_dist:1.6248, vae_loss_seen:281.4561 GZSL: seen=0.8694, unseen=0.1979, h=0.3224 ZSL: unseen accuracy=0.4062
[42/300]  Loss_D: -1.2609 Loss_G: 12.3386, Wasserstein_dist:1.6621, vae_loss_seen:277.2052 GZSL: seen=0.8512, unseen=0.2083, h=0.3347 ZSL: unseen accuracy=0.3906
[43/300]  Loss_D: -1.4642 Loss_G: 12.9161, Wasserstein_dist:1.8138, vae_loss_seen:285.0078 GZSL: seen=0.8464, unseen=0.2083, h=0.3344 ZSL: unseen accuracy=0.3854
[44/300]  Loss_D: -1.3032 Loss_G: 12.7017, Wasserstein_dist:1.6928, vae_loss_seen:288.9837 GZSL: seen=0.8126, unseen=0.1979, h=0.3183 ZSL: unseen accuracy=0.3958
[45/300]  Loss_D: -1.4468 Loss_G: 11.8132, Wasserstein_dist:1.8391, vae_loss_seen:282.1297 GZSL: seen=0.8452, unseen=0.2135, h=0.3409 ZSL: unseen accuracy=0.4010
[46/300]  Loss_D: -1.2114 Loss_G: 13.9378, Wasserstein_dist:1.5189, vae_loss_seen:275.9300 GZSL: seen=0.9048, unseen=0.2031, h=0.3318 ZSL: unseen accuracy=0.3958
[47/300]  Loss_D: -1.2806 Loss_G: 12.7580, Wasserstein_dist:1.6800, vae_loss_seen:278.1104 GZSL: seen=0.8135, unseen=0.2031, h=0.3251 ZSL: unseen accuracy=0.4062
[48/300]  Loss_D: -1.3703 Loss_G: 13.7990, Wasserstein_dist:1.6875, vae_loss_seen:283.4132 GZSL: seen=0.9167, unseen=0.2031, h=0.3326 ZSL: unseen accuracy=0.3958
[49/300]  Loss_D: -1.2991 Loss_G: 13.8305, Wasserstein_dist:1.6783, vae_loss_seen:278.2640 GZSL: seen=0.8750, unseen=0.2188, h=0.3500 ZSL: unseen accuracy=0.4010
[50/300]  Loss_D: -1.3203 Loss_G: 14.2953, Wasserstein_dist:1.6925, vae_loss_seen:273.9184 GZSL: seen=0.8869, unseen=0.2031, h=0.3305 ZSL: unseen accuracy=0.3958
[51/300]  Loss_D: -1.1655 Loss_G: 14.8644, Wasserstein_dist:1.5389, vae_loss_seen:285.6845 GZSL: seen=0.8611, unseen=0.2083, h=0.3355 ZSL: unseen accuracy=0.3958
[52/300]  Loss_D: -1.2330 Loss_G: 15.0449, Wasserstein_dist:1.5579, vae_loss_seen:275.5423 GZSL: seen=0.9028, unseen=0.2135, h=0.3454 ZSL: unseen accuracy=0.3958
[53/300]  Loss_D: -0.9668 Loss_G: 15.4846, Wasserstein_dist:1.2812, vae_loss_seen:275.5675 GZSL: seen=0.8075, unseen=0.2240, h=0.3507 ZSL: unseen accuracy=0.4115
[54/300]  Loss_D: -1.2168 Loss_G: 14.0309, Wasserstein_dist:1.5695, vae_loss_seen:287.0565 GZSL: seen=0.8492, unseen=0.2135, h=0.3413 ZSL: unseen accuracy=0.4010
[55/300]  Loss_D: -1.1660 Loss_G: 14.7270, Wasserstein_dist:1.4844, vae_loss_seen:277.5727 GZSL: seen=0.8940, unseen=0.2135, h=0.3447 ZSL: unseen accuracy=0.4062
[56/300]  Loss_D: -1.1640 Loss_G: 15.0018, Wasserstein_dist:1.5509, vae_loss_seen:276.4737 GZSL: seen=0.8810, unseen=0.2188, h=0.3505 ZSL: unseen accuracy=0.4167
[57/300]  Loss_D: -1.1177 Loss_G: 14.5048, Wasserstein_dist:1.4000, vae_loss_seen:283.0891 GZSL: seen=0.8115, unseen=0.2188, h=0.3446 ZSL: unseen accuracy=0.4010
[58/300]  Loss_D: -1.0049 Loss_G: 16.2506, Wasserstein_dist:1.3839, vae_loss_seen:280.6325 GZSL: seen=0.8115, unseen=0.2188, h=0.3446 ZSL: unseen accuracy=0.4167
[59/300]  Loss_D: -1.1858 Loss_G: 14.4097, Wasserstein_dist:1.4831, vae_loss_seen:279.6979 GZSL: seen=0.8036, unseen=0.2188, h=0.3439 ZSL: unseen accuracy=0.4167
[60/300]  Loss_D: -1.1697 Loss_G: 15.2851, Wasserstein_dist:1.4957, vae_loss_seen:274.7548 GZSL: seen=0.8810, unseen=0.2240, h=0.3571 ZSL: unseen accuracy=0.4167
[61/300]  Loss_D: -1.0627 Loss_G: 15.7455, Wasserstein_dist:1.3793, vae_loss_seen:274.6872 GZSL: seen=0.8126, unseen=0.2240, h=0.3511 ZSL: unseen accuracy=0.4219
[62/300]  Loss_D: -1.4097 Loss_G: 15.0199, Wasserstein_dist:1.7988, vae_loss_seen:279.3481 GZSL: seen=0.8115, unseen=0.2240, h=0.3510 ZSL: unseen accuracy=0.4115
[63/300]  Loss_D: -1.0615 Loss_G: 15.3361, Wasserstein_dist:1.4127, vae_loss_seen:286.6643 GZSL: seen=0.9048, unseen=0.2188, h=0.3523 ZSL: unseen accuracy=0.4010
[64/300]  Loss_D: -1.0929 Loss_G: 15.4429, Wasserstein_dist:1.4409, vae_loss_seen:272.1461 GZSL: seen=0.9325, unseen=0.1927, h=0.3194 ZSL: unseen accuracy=0.4062
[65/300]  Loss_D: -1.1804 Loss_G: 15.6460, Wasserstein_dist:1.5751, vae_loss_seen:288.1976 GZSL: seen=0.8393, unseen=0.2292, h=0.3600 ZSL: unseen accuracy=0.4167
[66/300]  Loss_D: -1.2603 Loss_G: 16.1320, Wasserstein_dist:1.5723, vae_loss_seen:276.5667 GZSL: seen=0.9246, unseen=0.1927, h=0.3189 ZSL: unseen accuracy=0.4115
[67/300]  Loss_D: -1.1489 Loss_G: 16.1561, Wasserstein_dist:1.4568, vae_loss_seen:278.6060 GZSL: seen=0.9107, unseen=0.2240, h=0.3595 ZSL: unseen accuracy=0.4271
[68/300]  Loss_D: -1.1196 Loss_G: 15.3587, Wasserstein_dist:1.4380, vae_loss_seen:279.8590 GZSL: seen=0.9226, unseen=0.2135, h=0.3468 ZSL: unseen accuracy=0.4219
[69/300]  Loss_D: -1.0680 Loss_G: 16.0170, Wasserstein_dist:1.3849, vae_loss_seen:282.0604 GZSL: seen=0.8424, unseen=0.2448, h=0.3793 ZSL: unseen accuracy=0.4219
[70/300]  Loss_D: -1.0925 Loss_G: 14.5537, Wasserstein_dist:1.3936, vae_loss_seen:278.3346 GZSL: seen=0.8413, unseen=0.2135, h=0.3406 ZSL: unseen accuracy=0.4115
[71/300]  Loss_D: -1.2081 Loss_G: 15.7495, Wasserstein_dist:1.5757, vae_loss_seen:292.6356 GZSL: seen=0.8107, unseen=0.2188, h=0.3445 ZSL: unseen accuracy=0.4062
[72/300]  Loss_D: -1.1534 Loss_G: 15.1654, Wasserstein_dist:1.4685, vae_loss_seen:278.6575 GZSL: seen=0.8393, unseen=0.2344, h=0.3664 ZSL: unseen accuracy=0.4167
[73/300]  Loss_D: -1.0980 Loss_G: 15.8767, Wasserstein_dist:1.3889, vae_loss_seen:288.2707 GZSL: seen=0.9306, unseen=0.1979, h=0.3264 ZSL: unseen accuracy=0.4323
[74/300]  Loss_D: -1.0867 Loss_G: 15.3050, Wasserstein_dist:1.4795, vae_loss_seen:275.6439 GZSL: seen=0.8730, unseen=0.2083, h=0.3364 ZSL: unseen accuracy=0.4271
[75/300]  Loss_D: -1.0694 Loss_G: 15.9727, Wasserstein_dist:1.3635, vae_loss_seen:277.3560 GZSL: seen=0.8407, unseen=0.2188, h=0.3472 ZSL: unseen accuracy=0.4271
[76/300]  Loss_D: -1.1730 Loss_G: 14.7444, Wasserstein_dist:1.5575, vae_loss_seen:289.0469 GZSL: seen=0.8750, unseen=0.2188, h=0.3500 ZSL: unseen accuracy=0.4323
[77/300]  Loss_D: -1.1035 Loss_G: 15.6004, Wasserstein_dist:1.4162, vae_loss_seen:274.5983 GZSL: seen=0.8790, unseen=0.2135, h=0.3436 ZSL: unseen accuracy=0.4219
[78/300]  Loss_D: -1.0558 Loss_G: 14.7925, Wasserstein_dist:1.3429, vae_loss_seen:275.6363 GZSL: seen=0.8393, unseen=0.2240, h=0.3536 ZSL: unseen accuracy=0.4271
[79/300]  Loss_D: -1.1682 Loss_G: 15.8929, Wasserstein_dist:1.5602, vae_loss_seen:273.4230 GZSL: seen=0.8929, unseen=0.2292, h=0.3647 ZSL: unseen accuracy=0.4323
[80/300]  Loss_D: -1.0357 Loss_G: 15.5656, Wasserstein_dist:1.3603, vae_loss_seen:283.0399 GZSL: seen=0.8552, unseen=0.2188, h=0.3484 ZSL: unseen accuracy=0.4323
[81/300]  Loss_D: -1.1323 Loss_G: 14.6867, Wasserstein_dist:1.4378, vae_loss_seen:281.6521 GZSL: seen=0.8313, unseen=0.2135, h=0.3398 ZSL: unseen accuracy=0.4115
[82/300]  Loss_D: -1.0208 Loss_G: 14.8496, Wasserstein_dist:1.3173, vae_loss_seen:273.5518 GZSL: seen=0.8611, unseen=0.2240, h=0.3555 ZSL: unseen accuracy=0.4323
[83/300]  Loss_D: -1.1398 Loss_G: 15.3466, Wasserstein_dist:1.4731, vae_loss_seen:277.6405 GZSL: seen=0.8690, unseen=0.1979, h=0.3224 ZSL: unseen accuracy=0.4219
[84/300]  Loss_D: -1.1705 Loss_G: 15.4049, Wasserstein_dist:1.5719, vae_loss_seen:290.7424 GZSL: seen=0.9107, unseen=0.2031, h=0.3322 ZSL: unseen accuracy=0.4323
[85/300]  Loss_D: -1.1225 Loss_G: 14.7258, Wasserstein_dist:1.4361, vae_loss_seen:280.1984 GZSL: seen=0.9187, unseen=0.2188, h=0.3534 ZSL: unseen accuracy=0.4323
[86/300]  Loss_D: -0.9809 Loss_G: 14.6630, Wasserstein_dist:1.2826, vae_loss_seen:276.3459 GZSL: seen=0.8333, unseen=0.2188, h=0.3465 ZSL: unseen accuracy=0.4271
[87/300]  Loss_D: -1.1449 Loss_G: 14.2195, Wasserstein_dist:1.4654, vae_loss_seen:271.9042 GZSL: seen=0.8770, unseen=0.2083, h=0.3367 ZSL: unseen accuracy=0.4219
[88/300]  Loss_D: -1.1915 Loss_G: 14.6049, Wasserstein_dist:1.5466, vae_loss_seen:285.5323 GZSL: seen=0.9107, unseen=0.2344, h=0.3728 ZSL: unseen accuracy=0.4323
[89/300]  Loss_D: -1.1321 Loss_G: 14.3876, Wasserstein_dist:1.4659, vae_loss_seen:284.3580 GZSL: seen=0.8333, unseen=0.2240, h=0.3530 ZSL: unseen accuracy=0.4375
[90/300]  Loss_D: -0.9450 Loss_G: 14.9021, Wasserstein_dist:1.2513, vae_loss_seen:275.0096 GZSL: seen=0.8948, unseen=0.2135, h=0.3448 ZSL: unseen accuracy=0.4323
[91/300]  Loss_D: -1.0097 Loss_G: 13.9158, Wasserstein_dist:1.2848, vae_loss_seen:276.5553 GZSL: seen=0.8056, unseen=0.2396, h=0.3693 ZSL: unseen accuracy=0.4323
[92/300]  Loss_D: -1.0062 Loss_G: 15.6885, Wasserstein_dist:1.3502, vae_loss_seen:274.2838 GZSL: seen=0.8036, unseen=0.2292, h=0.3566 ZSL: unseen accuracy=0.4323
[93/300]  Loss_D: -0.9958 Loss_G: 14.7785, Wasserstein_dist:1.2879, vae_loss_seen:267.6078 GZSL: seen=0.8583, unseen=0.2188, h=0.3486 ZSL: unseen accuracy=0.4323
[94/300]  Loss_D: -1.0533 Loss_G: 13.6679, Wasserstein_dist:1.3538, vae_loss_seen:275.5790 GZSL: seen=0.9187, unseen=0.2135, h=0.3465 ZSL: unseen accuracy=0.4323
[95/300]  Loss_D: -1.0237 Loss_G: 14.6314, Wasserstein_dist:1.3424, vae_loss_seen:279.7985 GZSL: seen=0.9167, unseen=0.2135, h=0.3464 ZSL: unseen accuracy=0.4375
[96/300]  Loss_D: -1.1475 Loss_G: 15.3781, Wasserstein_dist:1.4654, vae_loss_seen:282.0222 GZSL: seen=0.8988, unseen=0.2344, h=0.3718 ZSL: unseen accuracy=0.4323
[97/300]  Loss_D: -1.0930 Loss_G: 14.4585, Wasserstein_dist:1.3925, vae_loss_seen:282.1599 GZSL: seen=0.8869, unseen=0.2083, h=0.3374 ZSL: unseen accuracy=0.4271
[98/300]  Loss_D: -0.9944 Loss_G: 14.6064, Wasserstein_dist:1.3065, vae_loss_seen:278.2606 GZSL: seen=0.8810, unseen=0.2500, h=0.3895 ZSL: unseen accuracy=0.4427
[99/300]  Loss_D: -0.9875 Loss_G: 14.5624, Wasserstein_dist:1.2583, vae_loss_seen:280.9457 GZSL: seen=0.8532, unseen=0.2083, h=0.3349 ZSL: unseen accuracy=0.4323
[100/300]  Loss_D: -0.9691 Loss_G: 14.2076, Wasserstein_dist:1.3049, vae_loss_seen:277.2185 GZSL: seen=0.8988, unseen=0.2188, h=0.3519 ZSL: unseen accuracy=0.4375
[101/300]  Loss_D: -1.0338 Loss_G: 14.1165, Wasserstein_dist:1.3028, vae_loss_seen:274.7028 GZSL: seen=0.8702, unseen=0.2500, h=0.3884 ZSL: unseen accuracy=0.4479
[102/300]  Loss_D: -1.0043 Loss_G: 14.9661, Wasserstein_dist:1.2969, vae_loss_seen:278.8914 GZSL: seen=0.8384, unseen=0.2448, h=0.3789 ZSL: unseen accuracy=0.4427
[103/300]  Loss_D: -0.9453 Loss_G: 12.8600, Wasserstein_dist:1.2411, vae_loss_seen:275.2181 GZSL: seen=0.9067, unseen=0.2344, h=0.3725 ZSL: unseen accuracy=0.4375
[104/300]  Loss_D: -1.0007 Loss_G: 12.1652, Wasserstein_dist:1.2712, vae_loss_seen:274.8737 GZSL: seen=0.8622, unseen=0.2031, h=0.3288 ZSL: unseen accuracy=0.4271
[105/300]  Loss_D: -0.9638 Loss_G: 14.6758, Wasserstein_dist:1.2567, vae_loss_seen:274.8635 GZSL: seen=0.8790, unseen=0.2292, h=0.3635 ZSL: unseen accuracy=0.4635
[106/300]  Loss_D: -1.0322 Loss_G: 13.8727, Wasserstein_dist:1.2861, vae_loss_seen:275.2153 GZSL: seen=0.8682, unseen=0.2500, h=0.3882 ZSL: unseen accuracy=0.4427
[107/300]  Loss_D: -0.9410 Loss_G: 13.5414, Wasserstein_dist:1.2337, vae_loss_seen:273.0484 GZSL: seen=0.8393, unseen=0.2448, h=0.3790 ZSL: unseen accuracy=0.4427
[108/300]  Loss_D: -1.0628 Loss_G: 12.8176, Wasserstein_dist:1.3461, vae_loss_seen:266.3339 GZSL: seen=0.8710, unseen=0.2500, h=0.3885 ZSL: unseen accuracy=0.4479
[109/300]  Loss_D: -1.0478 Loss_G: 13.7726, Wasserstein_dist:1.3507, vae_loss_seen:273.8570 GZSL: seen=0.8452, unseen=0.2240, h=0.3541 ZSL: unseen accuracy=0.4427
[110/300]  Loss_D: -0.8724 Loss_G: 13.3358, Wasserstein_dist:1.1133, vae_loss_seen:267.2984 GZSL: seen=0.8722, unseen=0.2448, h=0.3823 ZSL: unseen accuracy=0.4479
[111/300]  Loss_D: -0.9010 Loss_G: 12.9861, Wasserstein_dist:1.1452, vae_loss_seen:267.7645 GZSL: seen=0.8611, unseen=0.1979, h=0.3219 ZSL: unseen accuracy=0.4427
[112/300]  Loss_D: -0.8933 Loss_G: 13.7669, Wasserstein_dist:1.1789, vae_loss_seen:269.9135 GZSL: seen=0.8393, unseen=0.2656, h=0.4035 ZSL: unseen accuracy=0.4531
[113/300]  Loss_D: -0.9538 Loss_G: 13.3301, Wasserstein_dist:1.2275, vae_loss_seen:276.9106 GZSL: seen=0.8532, unseen=0.2448, h=0.3804 ZSL: unseen accuracy=0.4479
[114/300]  Loss_D: -1.0948 Loss_G: 14.0229, Wasserstein_dist:1.4167, vae_loss_seen:278.3726 GZSL: seen=0.8948, unseen=0.2292, h=0.3649 ZSL: unseen accuracy=0.4323
[115/300]  Loss_D: -0.9838 Loss_G: 13.3721, Wasserstein_dist:1.2704, vae_loss_seen:279.2964 GZSL: seen=0.8790, unseen=0.2500, h=0.3893 ZSL: unseen accuracy=0.4427
[116/300]  Loss_D: -0.9304 Loss_G: 13.8839, Wasserstein_dist:1.2018, vae_loss_seen:271.1614 GZSL: seen=0.8274, unseen=0.2448, h=0.3778 ZSL: unseen accuracy=0.4375
[117/300]  Loss_D: -0.9571 Loss_G: 12.8949, Wasserstein_dist:1.2383, vae_loss_seen:276.5901 GZSL: seen=0.9246, unseen=0.2083, h=0.3400 ZSL: unseen accuracy=0.4427
[118/300]  Loss_D: -1.0361 Loss_G: 12.8530, Wasserstein_dist:1.3256, vae_loss_seen:271.7766 GZSL: seen=0.8452, unseen=0.2396, h=0.3733 ZSL: unseen accuracy=0.4375
[119/300]  Loss_D: -1.0047 Loss_G: 12.3086, Wasserstein_dist:1.2302, vae_loss_seen:269.1044 GZSL: seen=0.8591, unseen=0.2500, h=0.3873 ZSL: unseen accuracy=0.4479
[120/300]  Loss_D: -0.9492 Loss_G: 13.4467, Wasserstein_dist:1.2526, vae_loss_seen:278.5287 GZSL: seen=0.9079, unseen=0.2188, h=0.3526 ZSL: unseen accuracy=0.4583
[121/300]  Loss_D: -0.9511 Loss_G: 13.0688, Wasserstein_dist:1.2292, vae_loss_seen:270.2071 GZSL: seen=0.8730, unseen=0.2448, h=0.3824 ZSL: unseen accuracy=0.4427
[122/300]  Loss_D: -0.9844 Loss_G: 12.5697, Wasserstein_dist:1.2591, vae_loss_seen:277.5016 GZSL: seen=0.8690, unseen=0.2292, h=0.3627 ZSL: unseen accuracy=0.4427
[123/300]  Loss_D: -0.9485 Loss_G: 13.2519, Wasserstein_dist:1.1903, vae_loss_seen:280.9481 GZSL: seen=0.9187, unseen=0.2083, h=0.3396 ZSL: unseen accuracy=0.4479
[124/300]  Loss_D: -0.9302 Loss_G: 12.8160, Wasserstein_dist:1.2092, vae_loss_seen:282.0018 GZSL: seen=0.8274, unseen=0.2500, h=0.3840 ZSL: unseen accuracy=0.4479
[125/300]  Loss_D: -0.8956 Loss_G: 12.0392, Wasserstein_dist:1.1775, vae_loss_seen:271.5544 GZSL: seen=0.8512, unseen=0.2396, h=0.3739 ZSL: unseen accuracy=0.4531
[126/300]  Loss_D: -0.7802 Loss_G: 12.2961, Wasserstein_dist:1.0188, vae_loss_seen:276.2922 GZSL: seen=0.8869, unseen=0.2448, h=0.3837 ZSL: unseen accuracy=0.4583
[127/300]  Loss_D: -1.0617 Loss_G: 11.8917, Wasserstein_dist:1.3227, vae_loss_seen:265.8405 GZSL: seen=0.8333, unseen=0.2292, h=0.3595 ZSL: unseen accuracy=0.4427
[128/300]  Loss_D: -0.8773 Loss_G: 12.2055, Wasserstein_dist:1.1811, vae_loss_seen:271.7440 GZSL: seen=0.8988, unseen=0.2240, h=0.3586 ZSL: unseen accuracy=0.4583
[129/300]  Loss_D: -0.8708 Loss_G: 12.5313, Wasserstein_dist:1.1184, vae_loss_seen:266.6556 GZSL: seen=0.8571, unseen=0.2604, h=0.3995 ZSL: unseen accuracy=0.4583
[130/300]  Loss_D: -0.9425 Loss_G: 12.1126, Wasserstein_dist:1.1756, vae_loss_seen:262.2116 GZSL: seen=0.8690, unseen=0.2396, h=0.3756 ZSL: unseen accuracy=0.4531
[131/300]  Loss_D: -1.0398 Loss_G: 12.7077, Wasserstein_dist:1.3559, vae_loss_seen:283.5108 GZSL: seen=0.9079, unseen=0.2240, h=0.3593 ZSL: unseen accuracy=0.4479
[132/300]  Loss_D: -0.8241 Loss_G: 11.4774, Wasserstein_dist:1.0999, vae_loss_seen:266.1849 GZSL: seen=0.8444, unseen=0.2656, h=0.4041 ZSL: unseen accuracy=0.4479
[133/300]  Loss_D: -0.9724 Loss_G: 12.0666, Wasserstein_dist:1.2908, vae_loss_seen:279.9035 GZSL: seen=0.8552, unseen=0.2396, h=0.3743 ZSL: unseen accuracy=0.4479
[134/300]  Loss_D: -0.9933 Loss_G: 12.9272, Wasserstein_dist:1.2943, vae_loss_seen:277.7560 GZSL: seen=0.8889, unseen=0.2604, h=0.4028 ZSL: unseen accuracy=0.4479
[135/300]  Loss_D: -0.8814 Loss_G: 11.9818, Wasserstein_dist:1.1403, vae_loss_seen:266.8459 GZSL: seen=0.8929, unseen=0.2656, h=0.4094 ZSL: unseen accuracy=0.4479
[136/300]  Loss_D: -0.8518 Loss_G: 11.7512, Wasserstein_dist:1.1168, vae_loss_seen:274.7256 GZSL: seen=0.9118, unseen=0.2083, h=0.3392 ZSL: unseen accuracy=0.4375
[137/300]  Loss_D: -0.8388 Loss_G: 12.5030, Wasserstein_dist:1.1144, vae_loss_seen:275.9292 GZSL: seen=0.9107, unseen=0.2292, h=0.3662 ZSL: unseen accuracy=0.4479
[138/300]  Loss_D: -0.8416 Loss_G: 11.4481, Wasserstein_dist:1.1064, vae_loss_seen:272.3301 GZSL: seen=0.8948, unseen=0.2188, h=0.3516 ZSL: unseen accuracy=0.4583
[139/300]  Loss_D: -0.9192 Loss_G: 10.8278, Wasserstein_dist:1.1684, vae_loss_seen:271.5108 GZSL: seen=0.8333, unseen=0.2708, h=0.4088 ZSL: unseen accuracy=0.4583
[140/300]  Loss_D: -0.7883 Loss_G: 11.1610, Wasserstein_dist:1.0553, vae_loss_seen:267.7178 GZSL: seen=0.8571, unseen=0.2500, h=0.3871 ZSL: unseen accuracy=0.4583
[141/300]  Loss_D: -0.9769 Loss_G: 11.6061, Wasserstein_dist:1.2320, vae_loss_seen:275.4842 GZSL: seen=0.9365, unseen=0.2240, h=0.3615 ZSL: unseen accuracy=0.4583
[142/300]  Loss_D: -0.8461 Loss_G: 10.5056, Wasserstein_dist:1.0919, vae_loss_seen:261.4477 GZSL: seen=0.8631, unseen=0.2552, h=0.3939 ZSL: unseen accuracy=0.4479
[143/300]  Loss_D: -0.8960 Loss_G: 11.9342, Wasserstein_dist:1.1839, vae_loss_seen:276.4182 GZSL: seen=0.8671, unseen=0.2500, h=0.3881 ZSL: unseen accuracy=0.4479
[144/300]  Loss_D: -0.8011 Loss_G: 11.4775, Wasserstein_dist:1.0594, vae_loss_seen:271.9929 GZSL: seen=0.8980, unseen=0.2500, h=0.3911 ZSL: unseen accuracy=0.4531
[145/300]  Loss_D: -0.8039 Loss_G: 12.2555, Wasserstein_dist:1.0755, vae_loss_seen:267.4740 GZSL: seen=0.9127, unseen=0.2292, h=0.3663 ZSL: unseen accuracy=0.4583
[146/300]  Loss_D: -0.8560 Loss_G: 11.5119, Wasserstein_dist:1.1258, vae_loss_seen:274.3930 GZSL: seen=0.9067, unseen=0.2448, h=0.3855 ZSL: unseen accuracy=0.4479
[147/300]  Loss_D: -0.8175 Loss_G: 11.5084, Wasserstein_dist:1.0649, vae_loss_seen:272.2313 GZSL: seen=0.9246, unseen=0.2344, h=0.3740 ZSL: unseen accuracy=0.4479
[148/300]  Loss_D: -0.9893 Loss_G: 10.7701, Wasserstein_dist:1.2841, vae_loss_seen:278.8527 GZSL: seen=0.8571, unseen=0.2552, h=0.3933 ZSL: unseen accuracy=0.4583
[149/300]  Loss_D: -0.9034 Loss_G: 11.1020, Wasserstein_dist:1.1605, vae_loss_seen:272.0577 GZSL: seen=0.9008, unseen=0.2708, h=0.4165 ZSL: unseen accuracy=0.4479
[150/300]  Loss_D: -0.8945 Loss_G: 12.5283, Wasserstein_dist:1.1198, vae_loss_seen:258.1045 GZSL: seen=0.8869, unseen=0.2656, h=0.4088 ZSL: unseen accuracy=0.4583
[151/300]  Loss_D: -0.8391 Loss_G: 10.8682, Wasserstein_dist:1.1684, vae_loss_seen:278.3523 GZSL: seen=0.9306, unseen=0.2135, h=0.3474 ZSL: unseen accuracy=0.4479
[152/300]  Loss_D: -0.8953 Loss_G: 10.5989, Wasserstein_dist:1.2101, vae_loss_seen:270.8344 GZSL: seen=0.8869, unseen=0.2344, h=0.3708 ZSL: unseen accuracy=0.4583
[153/300]  Loss_D: -0.9013 Loss_G: 11.6008, Wasserstein_dist:1.1852, vae_loss_seen:271.5593 GZSL: seen=0.8631, unseen=0.2240, h=0.3556 ZSL: unseen accuracy=0.4583
[154/300]  Loss_D: -0.6909 Loss_G: 10.0715, Wasserstein_dist:0.9201, vae_loss_seen:275.9423 GZSL: seen=0.8829, unseen=0.2448, h=0.3833 ZSL: unseen accuracy=0.4479
[155/300]  Loss_D: -0.8961 Loss_G: 10.4188, Wasserstein_dist:1.1787, vae_loss_seen:274.4615 GZSL: seen=0.8750, unseen=0.2500, h=0.3889 ZSL: unseen accuracy=0.4583
[156/300]  Loss_D: -1.0146 Loss_G: 10.4871, Wasserstein_dist:1.2894, vae_loss_seen:272.1942 GZSL: seen=0.8631, unseen=0.2240, h=0.3556 ZSL: unseen accuracy=0.4479
[157/300]  Loss_D: -0.8156 Loss_G: 11.0140, Wasserstein_dist:1.0669, vae_loss_seen:270.7185 GZSL: seen=0.8940, unseen=0.2552, h=0.3971 ZSL: unseen accuracy=0.4479
[158/300]  Loss_D: -0.7272 Loss_G: 10.9903, Wasserstein_dist:1.0016, vae_loss_seen:266.5492 GZSL: seen=0.8433, unseen=0.2135, h=0.3408 ZSL: unseen accuracy=0.4479
[159/300]  Loss_D: -0.9334 Loss_G: 11.7738, Wasserstein_dist:1.1803, vae_loss_seen:271.0670 GZSL: seen=0.9028, unseen=0.2656, h=0.4105 ZSL: unseen accuracy=0.4583
[160/300]  Loss_D: -0.8196 Loss_G: 10.6467, Wasserstein_dist:1.0590, vae_loss_seen:270.5600 GZSL: seen=0.8571, unseen=0.2500, h=0.3871 ZSL: unseen accuracy=0.4479
[161/300]  Loss_D: -0.7493 Loss_G: 9.7458, Wasserstein_dist:0.9659, vae_loss_seen:266.0992 GZSL: seen=0.8690, unseen=0.2240, h=0.3561 ZSL: unseen accuracy=0.4583
[162/300]  Loss_D: -0.8910 Loss_G: 10.2504, Wasserstein_dist:1.1838, vae_loss_seen:277.2741 GZSL: seen=0.9107, unseen=0.2448, h=0.3859 ZSL: unseen accuracy=0.4583
[163/300]  Loss_D: -0.8911 Loss_G: 10.8021, Wasserstein_dist:1.1686, vae_loss_seen:268.2314 GZSL: seen=0.8452, unseen=0.2396, h=0.3733 ZSL: unseen accuracy=0.4583
[164/300]  Loss_D: -0.8951 Loss_G: 9.0103, Wasserstein_dist:1.1477, vae_loss_seen:269.5224 GZSL: seen=0.8611, unseen=0.2344, h=0.3685 ZSL: unseen accuracy=0.4479
[165/300]  Loss_D: -0.7604 Loss_G: 9.0043, Wasserstein_dist:1.0297, vae_loss_seen:271.2393 GZSL: seen=0.9226, unseen=0.2031, h=0.3329 ZSL: unseen accuracy=0.4479
[166/300]  Loss_D: -0.9273 Loss_G: 9.4330, Wasserstein_dist:1.1486, vae_loss_seen:270.6475 GZSL: seen=0.8770, unseen=0.2448, h=0.3827 ZSL: unseen accuracy=0.4479
[167/300]  Loss_D: -0.8601 Loss_G: 9.5723, Wasserstein_dist:1.1249, vae_loss_seen:265.5932 GZSL: seen=0.8702, unseen=0.2292, h=0.3628 ZSL: unseen accuracy=0.4479
[168/300]  Loss_D: -0.7457 Loss_G: 9.5163, Wasserstein_dist:0.9970, vae_loss_seen:263.2266 GZSL: seen=0.8948, unseen=0.2344, h=0.3715 ZSL: unseen accuracy=0.4479
[169/300]  Loss_D: -0.8995 Loss_G: 8.9600, Wasserstein_dist:1.1322, vae_loss_seen:271.2706 GZSL: seen=0.9246, unseen=0.2396, h=0.3806 ZSL: unseen accuracy=0.4583
[170/300]  Loss_D: -0.7949 Loss_G: 9.2158, Wasserstein_dist:1.0214, vae_loss_seen:262.2635 GZSL: seen=0.8571, unseen=0.2604, h=0.3995 ZSL: unseen accuracy=0.4479
[171/300]  Loss_D: -0.8839 Loss_G: 8.8167, Wasserstein_dist:1.1277, vae_loss_seen:272.3423 GZSL: seen=0.8929, unseen=0.2552, h=0.3970 ZSL: unseen accuracy=0.4479
[172/300]  Loss_D: -0.8234 Loss_G: 9.1235, Wasserstein_dist:1.0810, vae_loss_seen:267.1646 GZSL: seen=0.9306, unseen=0.2292, h=0.3678 ZSL: unseen accuracy=0.4531
[173/300]  Loss_D: -0.8375 Loss_G: 8.9250, Wasserstein_dist:1.0894, vae_loss_seen:258.9165 GZSL: seen=0.8512, unseen=0.2656, h=0.4049 ZSL: unseen accuracy=0.4583
[174/300]  Loss_D: -0.8195 Loss_G: 7.7170, Wasserstein_dist:1.1043, vae_loss_seen:268.5011 GZSL: seen=0.8710, unseen=0.2500, h=0.3885 ZSL: unseen accuracy=0.4688
[175/300]  Loss_D: -0.9538 Loss_G: 9.1077, Wasserstein_dist:1.2560, vae_loss_seen:273.0282 GZSL: seen=0.8611, unseen=0.2292, h=0.3620 ZSL: unseen accuracy=0.4479
[176/300]  Loss_D: -0.6731 Loss_G: 9.6964, Wasserstein_dist:0.8925, vae_loss_seen:257.2822 GZSL: seen=0.9087, unseen=0.2552, h=0.3985 ZSL: unseen accuracy=0.4583
[177/300]  Loss_D: -0.7449 Loss_G: 9.7302, Wasserstein_dist:1.0174, vae_loss_seen:261.4099 GZSL: seen=0.9107, unseen=0.2708, h=0.4175 ZSL: unseen accuracy=0.4479
[178/300]  Loss_D: -0.9502 Loss_G: 8.8141, Wasserstein_dist:1.2594, vae_loss_seen:267.6544 GZSL: seen=0.8651, unseen=0.2344, h=0.3688 ZSL: unseen accuracy=0.4479
[179/300]  Loss_D: -0.8012 Loss_G: 9.5789, Wasserstein_dist:1.0144, vae_loss_seen:260.0214 GZSL: seen=0.9028, unseen=0.2604, h=0.4042 ZSL: unseen accuracy=0.4583
[180/300]  Loss_D: -0.6557 Loss_G: 8.7803, Wasserstein_dist:0.8870, vae_loss_seen:272.1967 GZSL: seen=0.8512, unseen=0.2500, h=0.3865 ZSL: unseen accuracy=0.4479
[181/300]  Loss_D: -0.8454 Loss_G: 8.4439, Wasserstein_dist:1.1113, vae_loss_seen:270.9051 GZSL: seen=0.8889, unseen=0.2083, h=0.3376 ZSL: unseen accuracy=0.4531
[182/300]  Loss_D: -0.6733 Loss_G: 9.1211, Wasserstein_dist:0.9166, vae_loss_seen:266.9929 GZSL: seen=0.8929, unseen=0.2448, h=0.3842 ZSL: unseen accuracy=0.4479
[183/300]  Loss_D: -0.8406 Loss_G: 8.1488, Wasserstein_dist:1.0845, vae_loss_seen:264.5769 GZSL: seen=0.8948, unseen=0.2083, h=0.3380 ZSL: unseen accuracy=0.4427
[184/300]  Loss_D: -0.6890 Loss_G: 8.6037, Wasserstein_dist:0.9238, vae_loss_seen:264.5352 GZSL: seen=0.8829, unseen=0.2448, h=0.3833 ZSL: unseen accuracy=0.4479
[185/300]  Loss_D: -0.8358 Loss_G: 7.7211, Wasserstein_dist:1.1046, vae_loss_seen:276.7206 GZSL: seen=0.8948, unseen=0.2135, h=0.3448 ZSL: unseen accuracy=0.4531
[186/300]  Loss_D: -0.8249 Loss_G: 8.2057, Wasserstein_dist:1.0767, vae_loss_seen:265.1567 GZSL: seen=0.9158, unseen=0.2344, h=0.3732 ZSL: unseen accuracy=0.4479
[187/300]  Loss_D: -0.7885 Loss_G: 7.7671, Wasserstein_dist:1.0181, vae_loss_seen:266.2025 GZSL: seen=0.8512, unseen=0.2604, h=0.3988 ZSL: unseen accuracy=0.4479
[188/300]  Loss_D: -0.7963 Loss_G: 8.0027, Wasserstein_dist:0.9987, vae_loss_seen:258.4895 GZSL: seen=0.9246, unseen=0.2135, h=0.3470 ZSL: unseen accuracy=0.4479
[189/300]  Loss_D: -0.8636 Loss_G: 8.7948, Wasserstein_dist:1.1503, vae_loss_seen:271.1739 GZSL: seen=0.8869, unseen=0.2240, h=0.3576 ZSL: unseen accuracy=0.4531
[190/300]  Loss_D: -0.7193 Loss_G: 8.7675, Wasserstein_dist:0.9589, vae_loss_seen:265.4368 GZSL: seen=0.8591, unseen=0.2552, h=0.3935 ZSL: unseen accuracy=0.4531
[191/300]  Loss_D: -0.5628 Loss_G: 9.2099, Wasserstein_dist:0.8001, vae_loss_seen:268.8947 GZSL: seen=0.8929, unseen=0.2344, h=0.3713 ZSL: unseen accuracy=0.4635
[192/300]  Loss_D: -0.7850 Loss_G: 9.2035, Wasserstein_dist:1.0177, vae_loss_seen:266.9044 GZSL: seen=0.8790, unseen=0.2448, h=0.3829 ZSL: unseen accuracy=0.4479
[193/300]  Loss_D: -0.6870 Loss_G: 8.2624, Wasserstein_dist:0.9674, vae_loss_seen:271.9447 GZSL: seen=0.8849, unseen=0.2396, h=0.3771 ZSL: unseen accuracy=0.4479
[194/300]  Loss_D: -0.8715 Loss_G: 8.6943, Wasserstein_dist:1.1019, vae_loss_seen:264.7916 GZSL: seen=0.8889, unseen=0.2344, h=0.3709 ZSL: unseen accuracy=0.4635
[195/300]  Loss_D: -0.7500 Loss_G: 7.5252, Wasserstein_dist:0.9779, vae_loss_seen:263.0258 GZSL: seen=0.9158, unseen=0.2292, h=0.3666 ZSL: unseen accuracy=0.4635
[196/300]  Loss_D: -0.9177 Loss_G: 7.2794, Wasserstein_dist:1.1713, vae_loss_seen:267.5788 GZSL: seen=0.8770, unseen=0.2240, h=0.3568 ZSL: unseen accuracy=0.4479
[197/300]  Loss_D: -0.7705 Loss_G: 8.1636, Wasserstein_dist:1.0211, vae_loss_seen:265.8942 GZSL: seen=0.8920, unseen=0.2604, h=0.4031 ZSL: unseen accuracy=0.4479
[198/300]  Loss_D: -0.9484 Loss_G: 7.9928, Wasserstein_dist:1.2160, vae_loss_seen:267.7764 GZSL: seen=0.8988, unseen=0.2448, h=0.3848 ZSL: unseen accuracy=0.4479
[199/300]  Loss_D: -0.8637 Loss_G: 6.2561, Wasserstein_dist:1.0990, vae_loss_seen:269.5735 GZSL: seen=0.8810, unseen=0.2240, h=0.3571 ZSL: unseen accuracy=0.4531
[200/300]  Loss_D: -0.8136 Loss_G: 7.2879, Wasserstein_dist:1.0422, vae_loss_seen:261.4813 GZSL: seen=0.8988, unseen=0.2500, h=0.3912 ZSL: unseen accuracy=0.4583
[201/300]  Loss_D: -0.7384 Loss_G: 7.4026, Wasserstein_dist:1.0235, vae_loss_seen:273.2722 GZSL: seen=0.8770, unseen=0.2344, h=0.3699 ZSL: unseen accuracy=0.4479
[202/300]  Loss_D: -0.8058 Loss_G: 7.4421, Wasserstein_dist:1.0156, vae_loss_seen:254.7683 GZSL: seen=0.8948, unseen=0.2292, h=0.3649 ZSL: unseen accuracy=0.4583
[203/300]  Loss_D: -0.7287 Loss_G: 5.9127, Wasserstein_dist:0.9697, vae_loss_seen:264.3615 GZSL: seen=0.8849, unseen=0.2500, h=0.3899 ZSL: unseen accuracy=0.4635
[204/300]  Loss_D: -0.8116 Loss_G: 7.7364, Wasserstein_dist:0.9930, vae_loss_seen:267.2641 GZSL: seen=0.8702, unseen=0.2031, h=0.3294 ZSL: unseen accuracy=0.4583
[205/300]  Loss_D: -0.7763 Loss_G: 8.0386, Wasserstein_dist:1.0055, vae_loss_seen:267.3967 GZSL: seen=0.9019, unseen=0.2604, h=0.4041 ZSL: unseen accuracy=0.4635
[206/300]  Loss_D: -0.9024 Loss_G: 8.3622, Wasserstein_dist:1.1933, vae_loss_seen:272.9051 GZSL: seen=0.9008, unseen=0.2292, h=0.3654 ZSL: unseen accuracy=0.4583
[207/300]  Loss_D: -0.8505 Loss_G: 6.8571, Wasserstein_dist:1.0816, vae_loss_seen:263.5092 GZSL: seen=0.8829, unseen=0.2448, h=0.3833 ZSL: unseen accuracy=0.4479
[208/300]  Loss_D: -0.8138 Loss_G: 7.5619, Wasserstein_dist:1.0068, vae_loss_seen:262.4666 GZSL: seen=0.8333, unseen=0.2396, h=0.3722 ZSL: unseen accuracy=0.4583
[209/300]  Loss_D: -0.7419 Loss_G: 7.0938, Wasserstein_dist:0.9766, vae_loss_seen:265.9903 GZSL: seen=0.8770, unseen=0.2448, h=0.3827 ZSL: unseen accuracy=0.4583
[210/300]  Loss_D: -0.7632 Loss_G: 6.9399, Wasserstein_dist:1.0073, vae_loss_seen:261.4551 GZSL: seen=0.8571, unseen=0.2292, h=0.3616 ZSL: unseen accuracy=0.4531
[211/300]  Loss_D: -0.8031 Loss_G: 6.4505, Wasserstein_dist:1.0279, vae_loss_seen:261.1080 GZSL: seen=0.8722, unseen=0.2552, h=0.3949 ZSL: unseen accuracy=0.4583
[212/300]  Loss_D: -0.7309 Loss_G: 6.8868, Wasserstein_dist:1.0546, vae_loss_seen:271.8867 GZSL: seen=0.9087, unseen=0.2552, h=0.3985 ZSL: unseen accuracy=0.4375
[213/300]  Loss_D: -0.7148 Loss_G: 7.1939, Wasserstein_dist:0.9416, vae_loss_seen:269.0499 GZSL: seen=0.8988, unseen=0.2604, h=0.4038 ZSL: unseen accuracy=0.4583
[214/300]  Loss_D: -0.7509 Loss_G: 6.1998, Wasserstein_dist:1.0476, vae_loss_seen:257.5796 GZSL: seen=0.8571, unseen=0.2240, h=0.3551 ZSL: unseen accuracy=0.4479
[215/300]  Loss_D: -0.8586 Loss_G: 7.0372, Wasserstein_dist:1.1191, vae_loss_seen:270.7933 GZSL: seen=0.8929, unseen=0.2656, h=0.4094 ZSL: unseen accuracy=0.4531
[216/300]  Loss_D: -0.6821 Loss_G: 7.5299, Wasserstein_dist:0.9002, vae_loss_seen:257.0920 GZSL: seen=0.8948, unseen=0.2396, h=0.3780 ZSL: unseen accuracy=0.4688
[217/300]  Loss_D: -0.7460 Loss_G: 6.2791, Wasserstein_dist:0.9697, vae_loss_seen:258.2502 GZSL: seen=0.8472, unseen=0.2604, h=0.3984 ZSL: unseen accuracy=0.4635
[218/300]  Loss_D: -0.7630 Loss_G: 5.7995, Wasserstein_dist:0.9725, vae_loss_seen:264.1945 GZSL: seen=0.8631, unseen=0.2500, h=0.3877 ZSL: unseen accuracy=0.4583
[219/300]  Loss_D: -0.7601 Loss_G: 6.5979, Wasserstein_dist:1.0099, vae_loss_seen:269.8063 GZSL: seen=0.8869, unseen=0.2292, h=0.3642 ZSL: unseen accuracy=0.4635
[220/300]  Loss_D: -0.6724 Loss_G: 5.6150, Wasserstein_dist:0.8850, vae_loss_seen:262.5291 GZSL: seen=0.8960, unseen=0.2448, h=0.3845 ZSL: unseen accuracy=0.4479
[221/300]  Loss_D: -0.6743 Loss_G: 8.1787, Wasserstein_dist:0.8900, vae_loss_seen:265.1110 GZSL: seen=0.9067, unseen=0.2188, h=0.3525 ZSL: unseen accuracy=0.4375
[222/300]  Loss_D: -0.7273 Loss_G: 6.7580, Wasserstein_dist:0.9633, vae_loss_seen:273.5819 GZSL: seen=0.9246, unseen=0.2188, h=0.3538 ZSL: unseen accuracy=0.4531
[223/300]  Loss_D: -0.7010 Loss_G: 6.0391, Wasserstein_dist:0.9230, vae_loss_seen:257.3993 GZSL: seen=0.9167, unseen=0.2552, h=0.3993 ZSL: unseen accuracy=0.4531
[224/300]  Loss_D: -0.8987 Loss_G: 7.1682, Wasserstein_dist:1.1385, vae_loss_seen:260.5046 GZSL: seen=0.8671, unseen=0.2344, h=0.3690 ZSL: unseen accuracy=0.4479
[225/300]  Loss_D: -0.7841 Loss_G: 7.0369, Wasserstein_dist:0.9980, vae_loss_seen:266.6680 GZSL: seen=0.8960, unseen=0.2240, h=0.3583 ZSL: unseen accuracy=0.4635
[226/300]  Loss_D: -0.7463 Loss_G: 7.2149, Wasserstein_dist:1.0168, vae_loss_seen:265.2833 GZSL: seen=0.8869, unseen=0.2344, h=0.3708 ZSL: unseen accuracy=0.4479
[227/300]  Loss_D: -0.8016 Loss_G: 7.1139, Wasserstein_dist:1.0213, vae_loss_seen:266.6573 GZSL: seen=0.9028, unseen=0.2552, h=0.3979 ZSL: unseen accuracy=0.4479
[228/300]  Loss_D: -0.7916 Loss_G: 6.0672, Wasserstein_dist:1.0536, vae_loss_seen:271.7523 GZSL: seen=0.8750, unseen=0.2135, h=0.3433 ZSL: unseen accuracy=0.4479
[229/300]  Loss_D: -0.9331 Loss_G: 5.4034, Wasserstein_dist:1.1685, vae_loss_seen:265.0662 GZSL: seen=0.9187, unseen=0.2240, h=0.3601 ZSL: unseen accuracy=0.4531
[230/300]  Loss_D: -0.6763 Loss_G: 5.1610, Wasserstein_dist:0.8871, vae_loss_seen:264.6462 GZSL: seen=0.8710, unseen=0.2604, h=0.4010 ZSL: unseen accuracy=0.4531
[231/300]  Loss_D: -0.7887 Loss_G: 6.1063, Wasserstein_dist:1.0106, vae_loss_seen:265.6959 GZSL: seen=0.9127, unseen=0.2240, h=0.3597 ZSL: unseen accuracy=0.4479
[232/300]  Loss_D: -0.7591 Loss_G: 4.4048, Wasserstein_dist:0.9848, vae_loss_seen:267.1686 GZSL: seen=0.8869, unseen=0.2396, h=0.3773 ZSL: unseen accuracy=0.4479
[233/300]  Loss_D: -0.7124 Loss_G: 5.8047, Wasserstein_dist:0.9150, vae_loss_seen:255.1553 GZSL: seen=0.9147, unseen=0.2500, h=0.3927 ZSL: unseen accuracy=0.4531
[234/300]  Loss_D: -0.7517 Loss_G: 6.0781, Wasserstein_dist:0.9661, vae_loss_seen:268.3383 GZSL: seen=0.8690, unseen=0.2292, h=0.3627 ZSL: unseen accuracy=0.4531
[235/300]  Loss_D: -0.7747 Loss_G: 7.3294, Wasserstein_dist:1.0863, vae_loss_seen:261.0118 GZSL: seen=0.8948, unseen=0.2656, h=0.4096 ZSL: unseen accuracy=0.4427
[236/300]  Loss_D: -0.8511 Loss_G: 5.2561, Wasserstein_dist:1.1279, vae_loss_seen:270.4713 GZSL: seen=0.8591, unseen=0.2708, h=0.4118 ZSL: unseen accuracy=0.4479
[237/300]  Loss_D: -0.6447 Loss_G: 5.8091, Wasserstein_dist:0.8703, vae_loss_seen:256.3663 GZSL: seen=0.8810, unseen=0.2292, h=0.3637 ZSL: unseen accuracy=0.4375
[238/300]  Loss_D: -0.7547 Loss_G: 5.3644, Wasserstein_dist:0.9743, vae_loss_seen:265.8907 GZSL: seen=0.8829, unseen=0.2448, h=0.3833 ZSL: unseen accuracy=0.4531
[239/300]  Loss_D: -0.6501 Loss_G: 5.3147, Wasserstein_dist:0.8643, vae_loss_seen:261.9960 GZSL: seen=0.9028, unseen=0.2708, h=0.4167 ZSL: unseen accuracy=0.4635
[240/300]  Loss_D: -0.6910 Loss_G: 5.8757, Wasserstein_dist:0.9042, vae_loss_seen:261.4285 GZSL: seen=0.8948, unseen=0.2135, h=0.3448 ZSL: unseen accuracy=0.4531
[241/300]  Loss_D: -0.6291 Loss_G: 5.2665, Wasserstein_dist:0.8186, vae_loss_seen:261.2201 GZSL: seen=0.9246, unseen=0.2500, h=0.3936 ZSL: unseen accuracy=0.4531
[242/300]  Loss_D: -0.7089 Loss_G: 5.2153, Wasserstein_dist:0.9475, vae_loss_seen:269.2570 GZSL: seen=0.8710, unseen=0.2708, h=0.4132 ZSL: unseen accuracy=0.4531
[243/300]  Loss_D: -0.6339 Loss_G: 4.8489, Wasserstein_dist:0.8508, vae_loss_seen:270.1873 GZSL: seen=0.8880, unseen=0.2396, h=0.3774 ZSL: unseen accuracy=0.4531
[244/300]  Loss_D: -0.8121 Loss_G: 5.2052, Wasserstein_dist:1.0692, vae_loss_seen:268.2583 GZSL: seen=0.9087, unseen=0.2188, h=0.3526 ZSL: unseen accuracy=0.4531
[245/300]  Loss_D: -0.7916 Loss_G: 4.7127, Wasserstein_dist:1.0362, vae_loss_seen:270.1890 GZSL: seen=0.8690, unseen=0.2604, h=0.4007 ZSL: unseen accuracy=0.4531
[246/300]  Loss_D: -0.7382 Loss_G: 3.2354, Wasserstein_dist:0.9557, vae_loss_seen:258.8563 GZSL: seen=0.9306, unseen=0.2135, h=0.3474 ZSL: unseen accuracy=0.4635
[247/300]  Loss_D: -0.6275 Loss_G: 5.1546, Wasserstein_dist:0.8689, vae_loss_seen:263.8439 GZSL: seen=0.9127, unseen=0.2448, h=0.3860 ZSL: unseen accuracy=0.4271
[248/300]  Loss_D: -0.9129 Loss_G: 4.6586, Wasserstein_dist:1.1734, vae_loss_seen:273.2967 GZSL: seen=0.9246, unseen=0.2656, h=0.4127 ZSL: unseen accuracy=0.4740
[249/300]  Loss_D: -0.7338 Loss_G: 5.2639, Wasserstein_dist:0.9903, vae_loss_seen:260.4366 GZSL: seen=0.9246, unseen=0.2292, h=0.3673 ZSL: unseen accuracy=0.4688
[250/300]  Loss_D: -0.8052 Loss_G: 3.5494, Wasserstein_dist:1.0327, vae_loss_seen:256.4279 GZSL: seen=0.8770, unseen=0.2344, h=0.3699 ZSL: unseen accuracy=0.4531
[251/300]  Loss_D: -0.5671 Loss_G: 4.2672, Wasserstein_dist:0.8012, vae_loss_seen:263.7871 GZSL: seen=0.9306, unseen=0.2396, h=0.3811 ZSL: unseen accuracy=0.4479
[252/300]  Loss_D: -0.6475 Loss_G: 3.8021, Wasserstein_dist:0.8900, vae_loss_seen:258.5158 GZSL: seen=0.8651, unseen=0.2604, h=0.4003 ZSL: unseen accuracy=0.4479
[253/300]  Loss_D: -0.7179 Loss_G: 3.2896, Wasserstein_dist:0.9350, vae_loss_seen:261.5576 GZSL: seen=0.9087, unseen=0.2448, h=0.3857 ZSL: unseen accuracy=0.4531
[254/300]  Loss_D: -0.6690 Loss_G: 4.4018, Wasserstein_dist:0.9155, vae_loss_seen:263.6636 GZSL: seen=0.8849, unseen=0.2552, h=0.3962 ZSL: unseen accuracy=0.4531
[255/300]  Loss_D: -0.8454 Loss_G: 4.1788, Wasserstein_dist:1.0452, vae_loss_seen:260.3156 GZSL: seen=0.9226, unseen=0.2604, h=0.4062 ZSL: unseen accuracy=0.4479
[256/300]  Loss_D: -0.8337 Loss_G: 4.2186, Wasserstein_dist:1.1512, vae_loss_seen:265.9007 GZSL: seen=0.8452, unseen=0.2865, h=0.4279 ZSL: unseen accuracy=0.4531
[257/300]  Loss_D: -0.7017 Loss_G: 4.3029, Wasserstein_dist:0.9052, vae_loss_seen:254.9676 GZSL: seen=0.9444, unseen=0.2448, h=0.3888 ZSL: unseen accuracy=0.4531
[258/300]  Loss_D: -0.7673 Loss_G: 3.9416, Wasserstein_dist:1.0016, vae_loss_seen:263.6403 GZSL: seen=0.9158, unseen=0.2552, h=0.3992 ZSL: unseen accuracy=0.4531
[259/300]  Loss_D: -0.6055 Loss_G: 4.0937, Wasserstein_dist:0.8092, vae_loss_seen:255.1494 GZSL: seen=0.9226, unseen=0.2500, h=0.3934 ZSL: unseen accuracy=0.4479
[260/300]  Loss_D: -0.7872 Loss_G: 3.5610, Wasserstein_dist:1.0327, vae_loss_seen:263.6356 GZSL: seen=0.8988, unseen=0.2396, h=0.3783 ZSL: unseen accuracy=0.4062
[261/300]  Loss_D: -0.7927 Loss_G: 4.6976, Wasserstein_dist:1.0042, vae_loss_seen:268.7836 GZSL: seen=0.8849, unseen=0.2552, h=0.3962 ZSL: unseen accuracy=0.4427
[262/300]  Loss_D: -0.7019 Loss_G: 3.9243, Wasserstein_dist:0.9160, vae_loss_seen:263.2067 GZSL: seen=0.9067, unseen=0.2500, h=0.3919 ZSL: unseen accuracy=0.4531
[263/300]  Loss_D: -0.6677 Loss_G: 4.9189, Wasserstein_dist:0.8952, vae_loss_seen:259.1916 GZSL: seen=0.9187, unseen=0.2135, h=0.3465 ZSL: unseen accuracy=0.4635
[264/300]  Loss_D: -0.8651 Loss_G: 4.8536, Wasserstein_dist:1.1930, vae_loss_seen:271.5233 GZSL: seen=0.9226, unseen=0.2292, h=0.3671 ZSL: unseen accuracy=0.4635
[265/300]  Loss_D: -0.7207 Loss_G: 5.8475, Wasserstein_dist:0.9527, vae_loss_seen:264.3716 GZSL: seen=0.9187, unseen=0.2396, h=0.3800 ZSL: unseen accuracy=0.4479
[266/300]  Loss_D: -0.7947 Loss_G: 3.3796, Wasserstein_dist:1.0142, vae_loss_seen:259.0888 GZSL: seen=0.9118, unseen=0.2448, h=0.3860 ZSL: unseen accuracy=0.4219
[267/300]  Loss_D: -0.8782 Loss_G: 4.9057, Wasserstein_dist:1.1332, vae_loss_seen:271.0901 GZSL: seen=0.9306, unseen=0.2240, h=0.3610 ZSL: unseen accuracy=0.4531
[268/300]  Loss_D: -0.6989 Loss_G: 4.3219, Wasserstein_dist:0.8966, vae_loss_seen:259.3274 GZSL: seen=0.9107, unseen=0.2344, h=0.3728 ZSL: unseen accuracy=0.4531
[269/300]  Loss_D: -0.6760 Loss_G: 5.5144, Wasserstein_dist:0.8614, vae_loss_seen:257.2426 GZSL: seen=0.9158, unseen=0.2448, h=0.3863 ZSL: unseen accuracy=0.4479
[270/300]  Loss_D: -0.7821 Loss_G: 4.9154, Wasserstein_dist:0.9946, vae_loss_seen:260.9955 GZSL: seen=0.9127, unseen=0.2344, h=0.3730 ZSL: unseen accuracy=0.4479
[271/300]  Loss_D: -0.7764 Loss_G: 3.2149, Wasserstein_dist:1.0197, vae_loss_seen:255.7218 GZSL: seen=0.9167, unseen=0.2604, h=0.4056 ZSL: unseen accuracy=0.4635
[272/300]  Loss_D: -0.6970 Loss_G: 3.3328, Wasserstein_dist:0.9309, vae_loss_seen:257.8673 GZSL: seen=0.9365, unseen=0.2240, h=0.3615 ZSL: unseen accuracy=0.4531
[273/300]  Loss_D: -0.6927 Loss_G: 2.0430, Wasserstein_dist:0.9147, vae_loss_seen:260.2816 GZSL: seen=0.9107, unseen=0.2500, h=0.3923 ZSL: unseen accuracy=0.4531
[274/300]  Loss_D: -0.7957 Loss_G: 4.0413, Wasserstein_dist:0.9930, vae_loss_seen:264.1379 GZSL: seen=0.8651, unseen=0.2396, h=0.3752 ZSL: unseen accuracy=0.4531
[275/300]  Loss_D: -0.7591 Loss_G: 4.3277, Wasserstein_dist:1.0677, vae_loss_seen:265.3898 GZSL: seen=0.8869, unseen=0.2396, h=0.3773 ZSL: unseen accuracy=0.4583
[276/300]  Loss_D: -0.7701 Loss_G: 3.9633, Wasserstein_dist:0.9896, vae_loss_seen:267.0159 GZSL: seen=0.8929, unseen=0.2604, h=0.4032 ZSL: unseen accuracy=0.4479
[277/300]  Loss_D: -0.7680 Loss_G: 3.5064, Wasserstein_dist:0.9541, vae_loss_seen:260.0086 GZSL: seen=0.8869, unseen=0.2552, h=0.3964 ZSL: unseen accuracy=0.4531
[278/300]  Loss_D: -0.6443 Loss_G: 2.9354, Wasserstein_dist:0.9082, vae_loss_seen:262.2249 GZSL: seen=0.9158, unseen=0.2396, h=0.3798 ZSL: unseen accuracy=0.4323
[279/300]  Loss_D: -0.7868 Loss_G: 4.3825, Wasserstein_dist:1.0029, vae_loss_seen:253.7833 GZSL: seen=0.8948, unseen=0.2396, h=0.3780 ZSL: unseen accuracy=0.4479
[280/300]  Loss_D: -0.7685 Loss_G: 3.3615, Wasserstein_dist:1.0181, vae_loss_seen:261.2359 GZSL: seen=0.8571, unseen=0.2656, h=0.4056 ZSL: unseen accuracy=0.4583
[281/300]  Loss_D: -0.6347 Loss_G: 5.5445, Wasserstein_dist:0.8647, vae_loss_seen:258.9434 GZSL: seen=0.9187, unseen=0.2604, h=0.4058 ZSL: unseen accuracy=0.4479
[282/300]  Loss_D: -0.7724 Loss_G: 5.1949, Wasserstein_dist:1.0447, vae_loss_seen:272.3652 GZSL: seen=0.9167, unseen=0.2604, h=0.4056 ZSL: unseen accuracy=0.4479
[283/300]  Loss_D: -0.6383 Loss_G: 3.9673, Wasserstein_dist:0.8177, vae_loss_seen:253.5112 GZSL: seen=0.9048, unseen=0.2656, h=0.4107 ZSL: unseen accuracy=0.4375
[284/300]  Loss_D: -0.6292 Loss_G: 3.3395, Wasserstein_dist:0.8541, vae_loss_seen:254.6806 GZSL: seen=0.8869, unseen=0.2708, h=0.4150 ZSL: unseen accuracy=0.4479
[285/300]  Loss_D: -0.6508 Loss_G: 2.9260, Wasserstein_dist:0.8764, vae_loss_seen:260.9060 GZSL: seen=0.8761, unseen=0.2448, h=0.3827 ZSL: unseen accuracy=0.4531
[286/300]  Loss_D: -0.7845 Loss_G: 2.7154, Wasserstein_dist:1.0088, vae_loss_seen:260.1283 GZSL: seen=0.9107, unseen=0.2448, h=0.3859 ZSL: unseen accuracy=0.4479
[287/300]  Loss_D: -0.8212 Loss_G: 2.2435, Wasserstein_dist:1.0513, vae_loss_seen:262.5688 GZSL: seen=0.8829, unseen=0.2240, h=0.3573 ZSL: unseen accuracy=0.4427
[288/300]  Loss_D: -0.7240 Loss_G: 2.6500, Wasserstein_dist:0.9380, vae_loss_seen:262.1431 GZSL: seen=0.8750, unseen=0.2552, h=0.3952 ZSL: unseen accuracy=0.4531
[289/300]  Loss_D: -0.7493 Loss_G: 3.0873, Wasserstein_dist:0.9594, vae_loss_seen:258.7557 GZSL: seen=0.8988, unseen=0.2604, h=0.4038 ZSL: unseen accuracy=0.4479
[290/300]  Loss_D: -0.7120 Loss_G: 1.7875, Wasserstein_dist:0.9145, vae_loss_seen:251.1810 GZSL: seen=0.9246, unseen=0.2396, h=0.3806 ZSL: unseen accuracy=0.4531
[291/300]  Loss_D: -0.7795 Loss_G: 4.7051, Wasserstein_dist:1.0687, vae_loss_seen:268.7681 GZSL: seen=0.9187, unseen=0.2344, h=0.3735 ZSL: unseen accuracy=0.4531
[292/300]  Loss_D: -0.7117 Loss_G: 2.0843, Wasserstein_dist:0.9120, vae_loss_seen:254.1322 GZSL: seen=0.9048, unseen=0.2344, h=0.3723 ZSL: unseen accuracy=0.4635
[293/300]  Loss_D: -0.6745 Loss_G: 2.2238, Wasserstein_dist:0.9228, vae_loss_seen:266.2876 GZSL: seen=0.8920, unseen=0.2500, h=0.3905 ZSL: unseen accuracy=0.4479
[294/300]  Loss_D: -0.6881 Loss_G: 0.6846, Wasserstein_dist:0.8766, vae_loss_seen:258.1909 GZSL: seen=0.8909, unseen=0.2396, h=0.3776 ZSL: unseen accuracy=0.4427
[295/300]  Loss_D: -0.8095 Loss_G: 2.1746, Wasserstein_dist:1.0416, vae_loss_seen:264.3247 GZSL: seen=0.8651, unseen=0.2292, h=0.3623 ZSL: unseen accuracy=0.4531
[296/300]  Loss_D: -0.6292 Loss_G: 3.0653, Wasserstein_dist:0.8402, vae_loss_seen:257.8336 GZSL: seen=0.8682, unseen=0.2656, h=0.4068 ZSL: unseen accuracy=0.4531
[297/300]  Loss_D: -0.7797 Loss_G: 3.0940, Wasserstein_dist:0.9781, vae_loss_seen:264.7718 GZSL: seen=0.9008, unseen=0.2396, h=0.3785 ZSL: unseen accuracy=0.4427
[298/300]  Loss_D: -0.7069 Loss_G: 2.5478, Wasserstein_dist:0.9427, vae_loss_seen:261.6661 GZSL: seen=0.9008, unseen=0.2188, h=0.3520 ZSL: unseen accuracy=0.4531
[299/300]  Loss_D: -0.6455 Loss_G: 2.6932, Wasserstein_dist:0.8486, vae_loss_seen:245.8913 GZSL: seen=0.9246, unseen=0.2604, h=0.4064 ZSL: unseen accuracy=0.4688
Dataset RADAR
the best ZSL unseen accuracy is 0.5885416666666666
Dataset RADAR
the best GZSL seen accuracy is 0.8007369614512472
the best GZSL unseen accuracy is 0.3645833333333333
the best GZSL H is 0.5010388162562076
