Random Seed:  3407
# of training samples:  538
Encoder(
  (fc1): Linear(in_features=1536, out_features=4096, bias=True)
  (fc3): Linear(in_features=4096, out_features=1024, bias=True)
  (lrelu): LeakyReLU(0.2, inplace)
  (linear_means): Linear(in_features=1024, out_features=512, bias=True)
  (linear_log_var): Linear(in_features=1024, out_features=512, bias=True)
)
Generator(
  (fc1): Linear(in_features=1024, out_features=4096, bias=True)
  (fc3): Linear(in_features=4096, out_features=1024, bias=True)
  (lrelu): LeakyReLU(0.2, inplace)
  (sigmoid): Sigmoid()
)
Discriminator_D1(
  (fc1): Linear(in_features=1536, out_features=4096, bias=True)
  (fc2): Linear(in_features=4096, out_features=1, bias=True)
  (lrelu): LeakyReLU(0.2, inplace)
)
Feedback(
  (fc1): Linear(in_features=4096, out_features=4096, bias=True)
  (fc2): Linear(in_features=4096, out_features=4096, bias=True)
  (lrelu): LeakyReLU(0.2, inplace)
)
AttDec(
  (fc1): Linear(in_features=1024, out_features=4096, bias=True)
  (fc3): Linear(in_features=4096, out_features=512, bias=True)
  (lrelu): LeakyReLU(0.2, inplace)
)
[0/300]  Loss_D: -69.5777 Loss_G: 11.3638, Wasserstein_dist:80.8748, vae_loss_seen:546.7012 GZSL: seen=0.3969, unseen=0.3333, h=0.3624 ZSL: unseen accuracy=0.4323
[1/300]  Loss_D: -73.2395 Loss_G: 4.6459, Wasserstein_dist:77.1886, vae_loss_seen:497.4608 GZSL: seen=0.9048, unseen=0.2188, h=0.3523 ZSL: unseen accuracy=0.4531
[2/300]  Loss_D: -119.6756 Loss_G: 2.3971, Wasserstein_dist:130.5059, vae_loss_seen:483.8206 GZSL: seen=0.8651, unseen=0.3021, h=0.4478 ZSL: unseen accuracy=0.3177
[3/300]  Loss_D: -122.9895 Loss_G: 0.9518, Wasserstein_dist:175.8034, vae_loss_seen:477.2142 GZSL: seen=0.8869, unseen=0.2708, h=0.4150 ZSL: unseen accuracy=0.4219
[4/300]  Loss_D: -93.2903 Loss_G: 0.4555, Wasserstein_dist:123.2550, vae_loss_seen:456.7581 GZSL: seen=0.8671, unseen=0.1562, h=0.2648 ZSL: unseen accuracy=0.4427
[5/300]  Loss_D: -104.9925 Loss_G: -0.9372, Wasserstein_dist:139.9489, vae_loss_seen:448.3038 GZSL: seen=0.9107, unseen=0.3177, h=0.4711 ZSL: unseen accuracy=0.4844
[6/300]  Loss_D: -86.8912 Loss_G: -2.1958, Wasserstein_dist:110.3441, vae_loss_seen:416.6176 GZSL: seen=0.8373, unseen=0.3490, h=0.4926 ZSL: unseen accuracy=0.4844
[7/300]  Loss_D: -73.0893 Loss_G: -2.9039, Wasserstein_dist:95.6532, vae_loss_seen:398.2583 GZSL: seen=0.8770, unseen=0.2969, h=0.4436 ZSL: unseen accuracy=0.4896
[8/300]  Loss_D: -65.1393 Loss_G: -4.0820, Wasserstein_dist:82.7603, vae_loss_seen:377.7034 GZSL: seen=0.8512, unseen=0.2969, h=0.4402 ZSL: unseen accuracy=0.2812
[9/300]  Loss_D: -57.4837 Loss_G: -3.7469, Wasserstein_dist:75.0290, vae_loss_seen:382.5143 GZSL: seen=0.8988, unseen=0.1875, h=0.3103 ZSL: unseen accuracy=0.2708
[10/300]  Loss_D: -49.2760 Loss_G: -5.0034, Wasserstein_dist:70.0673, vae_loss_seen:366.0957 GZSL: seen=0.9028, unseen=0.3073, h=0.4585 ZSL: unseen accuracy=0.6302
[11/300]  Loss_D: -44.2800 Loss_G: -6.4270, Wasserstein_dist:58.7449, vae_loss_seen:339.8894 GZSL: seen=0.8929, unseen=0.3177, h=0.4687 ZSL: unseen accuracy=0.5677
[12/300]  Loss_D: -33.0904 Loss_G: -5.5805, Wasserstein_dist:43.7718, vae_loss_seen:336.5739 GZSL: seen=0.8869, unseen=0.2760, h=0.4210 ZSL: unseen accuracy=0.4115
[13/300]  Loss_D: -39.2382 Loss_G: -6.8128, Wasserstein_dist:50.8586, vae_loss_seen:334.1364 GZSL: seen=0.9048, unseen=0.3229, h=0.4760 ZSL: unseen accuracy=0.5417
[14/300]  Loss_D: -24.9844 Loss_G: -5.9529, Wasserstein_dist:33.4546, vae_loss_seen:327.1940 GZSL: seen=0.9127, unseen=0.2708, h=0.4177 ZSL: unseen accuracy=0.4219
[15/300]  Loss_D: -28.4460 Loss_G: -7.3475, Wasserstein_dist:35.8759, vae_loss_seen:320.7303 GZSL: seen=0.8591, unseen=0.4062, h=0.5516 ZSL: unseen accuracy=0.5417
[16/300]  Loss_D: -21.5520 Loss_G: -6.4676, Wasserstein_dist:31.7057, vae_loss_seen:321.0076 GZSL: seen=0.8810, unseen=0.3125, h=0.4613 ZSL: unseen accuracy=0.4375
[17/300]  Loss_D: -32.9032 Loss_G: -7.0504, Wasserstein_dist:38.9619, vae_loss_seen:324.4610 GZSL: seen=0.8929, unseen=0.2708, h=0.4156 ZSL: unseen accuracy=0.4531
[18/300]  Loss_D: -15.3735 Loss_G: -7.1029, Wasserstein_dist:26.2792, vae_loss_seen:309.7631 GZSL: seen=0.9048, unseen=0.3385, h=0.4927 ZSL: unseen accuracy=0.5208
[19/300]  Loss_D: -21.8492 Loss_G: -6.5951, Wasserstein_dist:26.1559, vae_loss_seen:315.7912 GZSL: seen=0.8849, unseen=0.2865, h=0.4328 ZSL: unseen accuracy=0.5000
[20/300]  Loss_D: -17.7463 Loss_G: -6.8119, Wasserstein_dist:29.3147, vae_loss_seen:322.6806 GZSL: seen=0.7758, unseen=0.3385, h=0.4714 ZSL: unseen accuracy=0.6771
[21/300]  Loss_D: -20.9229 Loss_G: -5.8599, Wasserstein_dist:25.8349, vae_loss_seen:308.9751 GZSL: seen=0.8929, unseen=0.1823, h=0.3028 ZSL: unseen accuracy=0.5885
[22/300]  Loss_D: -16.2426 Loss_G: -6.8313, Wasserstein_dist:22.2276, vae_loss_seen:306.9029 GZSL: seen=0.8929, unseen=0.2656, h=0.4094 ZSL: unseen accuracy=0.6302
[23/300]  Loss_D: -16.1438 Loss_G: -5.1852, Wasserstein_dist:21.6140, vae_loss_seen:314.0193 GZSL: seen=0.9048, unseen=0.2552, h=0.3981 ZSL: unseen accuracy=0.5573
[24/300]  Loss_D: -21.5189 Loss_G: -5.8784, Wasserstein_dist:25.6380, vae_loss_seen:297.1839 GZSL: seen=0.8929, unseen=0.2604, h=0.4032 ZSL: unseen accuracy=0.5208
[25/300]  Loss_D: -20.3030 Loss_G: -4.5100, Wasserstein_dist:26.4434, vae_loss_seen:308.8413 GZSL: seen=0.8929, unseen=0.2552, h=0.3970 ZSL: unseen accuracy=0.5573
[26/300]  Loss_D: -21.4978 Loss_G: -4.6603, Wasserstein_dist:26.7484, vae_loss_seen:309.7296 GZSL: seen=0.7837, unseen=0.3125, h=0.4468 ZSL: unseen accuracy=0.4948
[27/300]  Loss_D: -20.9616 Loss_G: -4.4295, Wasserstein_dist:26.9229, vae_loss_seen:299.7724 GZSL: seen=0.3727, unseen=0.3229, h=0.3460 ZSL: unseen accuracy=0.4323
[28/300]  Loss_D: -20.1986 Loss_G: -3.4239, Wasserstein_dist:24.5958, vae_loss_seen:311.2430 GZSL: seen=0.7738, unseen=0.3281, h=0.4608 ZSL: unseen accuracy=0.5000
[29/300]  Loss_D: -21.1566 Loss_G: -2.6237, Wasserstein_dist:26.8422, vae_loss_seen:295.7327 GZSL: seen=0.8988, unseen=0.2604, h=0.4038 ZSL: unseen accuracy=0.5000
[30/300]  Loss_D: -20.2050 Loss_G: -2.0493, Wasserstein_dist:24.4415, vae_loss_seen:303.9819 GZSL: seen=0.7937, unseen=0.3958, h=0.5282 ZSL: unseen accuracy=0.5521
[31/300]  Loss_D: -20.7751 Loss_G: -1.2487, Wasserstein_dist:27.5368, vae_loss_seen:312.7692 GZSL: seen=0.8810, unseen=0.3125, h=0.4613 ZSL: unseen accuracy=0.6771
[32/300]  Loss_D: -20.3301 Loss_G: -0.3477, Wasserstein_dist:25.9186, vae_loss_seen:309.9093 GZSL: seen=0.8869, unseen=0.2396, h=0.3773 ZSL: unseen accuracy=0.5417
[33/300]  Loss_D: -23.3711 Loss_G: -0.2237, Wasserstein_dist:29.1844, vae_loss_seen:300.4528 GZSL: seen=0.8810, unseen=0.2917, h=0.4382 ZSL: unseen accuracy=0.5260
[34/300]  Loss_D: -18.1443 Loss_G: 1.5214, Wasserstein_dist:25.9919, vae_loss_seen:309.0763 GZSL: seen=0.7432, unseen=0.3333, h=0.4602 ZSL: unseen accuracy=0.4062
[35/300]  Loss_D: -22.5062 Loss_G: 1.7390, Wasserstein_dist:28.5871, vae_loss_seen:305.1801 GZSL: seen=0.7877, unseen=0.3229, h=0.4581 ZSL: unseen accuracy=0.5365
[36/300]  Loss_D: -22.8652 Loss_G: 2.1379, Wasserstein_dist:29.1264, vae_loss_seen:306.5341 GZSL: seen=0.8512, unseen=0.3594, h=0.5054 ZSL: unseen accuracy=0.5885
[37/300]  Loss_D: -21.0847 Loss_G: 3.0953, Wasserstein_dist:28.3957, vae_loss_seen:305.8953 GZSL: seen=0.8869, unseen=0.2135, h=0.3442 ZSL: unseen accuracy=0.5417
[38/300]  Loss_D: -23.4851 Loss_G: 3.3636, Wasserstein_dist:28.9676, vae_loss_seen:304.5992 GZSL: seen=0.8929, unseen=0.3802, h=0.5333 ZSL: unseen accuracy=0.5521
[39/300]  Loss_D: -19.6991 Loss_G: 3.5085, Wasserstein_dist:27.8856, vae_loss_seen:305.9097 GZSL: seen=0.8095, unseen=0.2917, h=0.4288 ZSL: unseen accuracy=0.5365
[40/300]  Loss_D: -23.7521 Loss_G: 3.8030, Wasserstein_dist:30.8058, vae_loss_seen:314.8088 GZSL: seen=0.8571, unseen=0.3177, h=0.4636 ZSL: unseen accuracy=0.5052
[41/300]  Loss_D: -22.6163 Loss_G: 4.8594, Wasserstein_dist:29.4206, vae_loss_seen:312.4079 GZSL: seen=0.7579, unseen=0.3490, h=0.4779 ZSL: unseen accuracy=0.3750
[42/300]  Loss_D: -22.1767 Loss_G: 5.2812, Wasserstein_dist:27.9662, vae_loss_seen:313.1426 GZSL: seen=0.8790, unseen=0.3281, h=0.4779 ZSL: unseen accuracy=0.4792
[43/300]  Loss_D: -21.8878 Loss_G: 5.1529, Wasserstein_dist:30.7284, vae_loss_seen:304.0352 GZSL: seen=0.8254, unseen=0.2240, h=0.3523 ZSL: unseen accuracy=0.5104
[44/300]  Loss_D: -19.2606 Loss_G: 5.6039, Wasserstein_dist:26.5934, vae_loss_seen:306.9498 GZSL: seen=0.8433, unseen=0.3750, h=0.5191 ZSL: unseen accuracy=0.5260
[45/300]  Loss_D: -19.4313 Loss_G: 5.9507, Wasserstein_dist:26.7822, vae_loss_seen:295.8811 GZSL: seen=0.8690, unseen=0.3385, h=0.4873 ZSL: unseen accuracy=0.5052
[46/300]  Loss_D: -20.2745 Loss_G: 5.9891, Wasserstein_dist:26.9863, vae_loss_seen:311.0483 GZSL: seen=0.7520, unseen=0.3021, h=0.4310 ZSL: unseen accuracy=0.6771
[47/300]  Loss_D: -21.4769 Loss_G: 6.0920, Wasserstein_dist:28.3380, vae_loss_seen:310.3804 GZSL: seen=0.8492, unseen=0.4115, h=0.5543 ZSL: unseen accuracy=0.6562
[48/300]  Loss_D: -22.0384 Loss_G: 6.5561, Wasserstein_dist:28.5931, vae_loss_seen:311.5505 GZSL: seen=0.8294, unseen=0.3281, h=0.4702 ZSL: unseen accuracy=0.4271
[49/300]  Loss_D: -21.6058 Loss_G: 6.8536, Wasserstein_dist:29.1364, vae_loss_seen:311.2145 GZSL: seen=0.8929, unseen=0.2812, h=0.4278 ZSL: unseen accuracy=0.5156
[50/300]  Loss_D: -20.3766 Loss_G: 6.4127, Wasserstein_dist:26.9199, vae_loss_seen:304.2465 GZSL: seen=0.8175, unseen=0.4115, h=0.5474 ZSL: unseen accuracy=0.5156
[51/300]  Loss_D: -18.5701 Loss_G: 6.5619, Wasserstein_dist:27.5872, vae_loss_seen:310.0158 GZSL: seen=0.8135, unseen=0.3802, h=0.5182 ZSL: unseen accuracy=0.6146
[52/300]  Loss_D: -20.8122 Loss_G: 6.6770, Wasserstein_dist:27.5849, vae_loss_seen:301.4311 GZSL: seen=0.7937, unseen=0.3854, h=0.5189 ZSL: unseen accuracy=0.5729
[53/300]  Loss_D: -19.4873 Loss_G: 6.7526, Wasserstein_dist:27.4313, vae_loss_seen:293.6760 GZSL: seen=0.8690, unseen=0.2240, h=0.3561 ZSL: unseen accuracy=0.5104
[54/300]  Loss_D: -21.0784 Loss_G: 7.1206, Wasserstein_dist:27.3785, vae_loss_seen:308.2532 GZSL: seen=0.7242, unseen=0.4427, h=0.5495 ZSL: unseen accuracy=0.4167
[55/300]  Loss_D: -18.7124 Loss_G: 7.3933, Wasserstein_dist:28.2971, vae_loss_seen:305.7678 GZSL: seen=0.7545, unseen=0.4167, h=0.5369 ZSL: unseen accuracy=0.6302
[56/300]  Loss_D: -21.5203 Loss_G: 7.3858, Wasserstein_dist:27.3876, vae_loss_seen:305.7154 GZSL: seen=0.7460, unseen=0.4896, h=0.5912 ZSL: unseen accuracy=0.4479
[57/300]  Loss_D: -20.9506 Loss_G: 7.7932, Wasserstein_dist:28.2466, vae_loss_seen:298.9165 GZSL: seen=0.7698, unseen=0.4792, h=0.5907 ZSL: unseen accuracy=0.5833
[58/300]  Loss_D: -18.7873 Loss_G: 7.5605, Wasserstein_dist:26.7060, vae_loss_seen:304.4665 GZSL: seen=0.8889, unseen=0.2031, h=0.3307 ZSL: unseen accuracy=0.5260
[59/300]  Loss_D: -21.9914 Loss_G: 7.3014, Wasserstein_dist:28.9403, vae_loss_seen:304.3978 GZSL: seen=0.3746, unseen=0.3490, h=0.3613 ZSL: unseen accuracy=0.4219
[60/300]  Loss_D: -20.9683 Loss_G: 7.7442, Wasserstein_dist:28.3760, vae_loss_seen:304.5360 GZSL: seen=0.7500, unseen=0.5000, h=0.6000 ZSL: unseen accuracy=0.5312
[61/300]  Loss_D: -20.5643 Loss_G: 8.0047, Wasserstein_dist:26.8006, vae_loss_seen:302.5234 GZSL: seen=0.8929, unseen=0.3646, h=0.5178 ZSL: unseen accuracy=0.5677
[62/300]  Loss_D: -19.2177 Loss_G: 7.5063, Wasserstein_dist:27.0686, vae_loss_seen:297.8949 GZSL: seen=0.8968, unseen=0.3229, h=0.4749 ZSL: unseen accuracy=0.5365
[63/300]  Loss_D: -18.9887 Loss_G: 7.7159, Wasserstein_dist:25.6236, vae_loss_seen:311.5592 GZSL: seen=0.9107, unseen=0.2344, h=0.3728 ZSL: unseen accuracy=0.4479
[64/300]  Loss_D: -21.6152 Loss_G: 8.1858, Wasserstein_dist:28.1729, vae_loss_seen:308.0824 GZSL: seen=0.8810, unseen=0.3333, h=0.4837 ZSL: unseen accuracy=0.5104
[65/300]  Loss_D: -20.4585 Loss_G: 7.9798, Wasserstein_dist:27.0354, vae_loss_seen:306.7907 GZSL: seen=0.8849, unseen=0.3958, h=0.5470 ZSL: unseen accuracy=0.5260
[66/300]  Loss_D: -18.5054 Loss_G: 7.7776, Wasserstein_dist:25.9568, vae_loss_seen:300.2535 GZSL: seen=0.7579, unseen=0.4948, h=0.5987 ZSL: unseen accuracy=0.6510
[67/300]  Loss_D: -19.9574 Loss_G: 8.2153, Wasserstein_dist:26.2669, vae_loss_seen:303.3589 GZSL: seen=0.8790, unseen=0.3385, h=0.4888 ZSL: unseen accuracy=0.5469
[68/300]  Loss_D: -17.8877 Loss_G: 8.1587, Wasserstein_dist:26.7979, vae_loss_seen:299.4385 GZSL: seen=0.8611, unseen=0.4010, h=0.5472 ZSL: unseen accuracy=0.5417
[69/300]  Loss_D: -22.6325 Loss_G: 8.1392, Wasserstein_dist:28.6698, vae_loss_seen:309.0439 GZSL: seen=0.8829, unseen=0.3177, h=0.4673 ZSL: unseen accuracy=0.5573
[70/300]  Loss_D: -18.8183 Loss_G: 8.5919, Wasserstein_dist:26.1007, vae_loss_seen:300.3908 GZSL: seen=0.8552, unseen=0.3906, h=0.5363 ZSL: unseen accuracy=0.5365
[71/300]  Loss_D: -19.7310 Loss_G: 8.0892, Wasserstein_dist:25.8190, vae_loss_seen:302.1487 GZSL: seen=0.8234, unseen=0.3958, h=0.5346 ZSL: unseen accuracy=0.5625
[72/300]  Loss_D: -21.7499 Loss_G: 8.2150, Wasserstein_dist:29.5081, vae_loss_seen:306.5415 GZSL: seen=0.7639, unseen=0.4948, h=0.6006 ZSL: unseen accuracy=0.5833
[73/300]  Loss_D: -19.6857 Loss_G: 8.5083, Wasserstein_dist:26.4039, vae_loss_seen:286.4421 GZSL: seen=0.8988, unseen=0.2917, h=0.4404 ZSL: unseen accuracy=0.6250
[74/300]  Loss_D: -19.1115 Loss_G: 8.2775, Wasserstein_dist:25.3667, vae_loss_seen:302.0598 GZSL: seen=0.7738, unseen=0.5312, h=0.6300 ZSL: unseen accuracy=0.5208
[75/300]  Loss_D: -22.1946 Loss_G: 8.5321, Wasserstein_dist:28.7128, vae_loss_seen:297.9557 GZSL: seen=0.7778, unseen=0.5000, h=0.6087 ZSL: unseen accuracy=0.5677
[76/300]  Loss_D: -19.3470 Loss_G: 8.6988, Wasserstein_dist:25.7139, vae_loss_seen:306.3207 GZSL: seen=0.8492, unseen=0.3281, h=0.4734 ZSL: unseen accuracy=0.5781
[77/300]  Loss_D: -21.5844 Loss_G: 8.5159, Wasserstein_dist:28.6624, vae_loss_seen:309.3184 GZSL: seen=0.7540, unseen=0.3385, h=0.4673 ZSL: unseen accuracy=0.5521
[78/300]  Loss_D: -18.5707 Loss_G: 8.6033, Wasserstein_dist:25.6777, vae_loss_seen:303.7448 GZSL: seen=0.7837, unseen=0.5000, h=0.6105 ZSL: unseen accuracy=0.5625
[79/300]  Loss_D: -18.4127 Loss_G: 8.6157, Wasserstein_dist:24.4653, vae_loss_seen:307.3178 GZSL: seen=0.3941, unseen=0.3802, h=0.3870 ZSL: unseen accuracy=0.4323
[80/300]  Loss_D: -18.5253 Loss_G: 8.5620, Wasserstein_dist:25.4553, vae_loss_seen:310.3410 GZSL: seen=0.7698, unseen=0.4323, h=0.5537 ZSL: unseen accuracy=0.5677
[81/300]  Loss_D: -18.4361 Loss_G: 8.5488, Wasserstein_dist:24.5616, vae_loss_seen:300.4252 GZSL: seen=0.8333, unseen=0.3750, h=0.5172 ZSL: unseen accuracy=0.5417
[82/300]  Loss_D: -17.1163 Loss_G: 8.9285, Wasserstein_dist:24.0829, vae_loss_seen:299.5420 GZSL: seen=0.7837, unseen=0.3594, h=0.4928 ZSL: unseen accuracy=0.5469
[83/300]  Loss_D: -19.4583 Loss_G: 8.5098, Wasserstein_dist:25.3577, vae_loss_seen:292.1095 GZSL: seen=0.7083, unseen=0.3333, h=0.4533 ZSL: unseen accuracy=0.5469
[84/300]  Loss_D: -18.1048 Loss_G: 9.1030, Wasserstein_dist:24.6179, vae_loss_seen:301.8000 GZSL: seen=0.7976, unseen=0.4740, h=0.5946 ZSL: unseen accuracy=0.5208
[85/300]  Loss_D: -18.5501 Loss_G: 8.5436, Wasserstein_dist:25.5741, vae_loss_seen:299.9429 GZSL: seen=0.7837, unseen=0.4271, h=0.5529 ZSL: unseen accuracy=0.5573
[86/300]  Loss_D: -16.8075 Loss_G: 8.9884, Wasserstein_dist:24.0593, vae_loss_seen:302.1651 GZSL: seen=0.8770, unseen=0.3385, h=0.4885 ZSL: unseen accuracy=0.5573
[87/300]  Loss_D: -19.9314 Loss_G: 8.2861, Wasserstein_dist:26.1233, vae_loss_seen:297.5362 GZSL: seen=0.9048, unseen=0.2292, h=0.3657 ZSL: unseen accuracy=0.4375
[88/300]  Loss_D: -17.6046 Loss_G: 8.8294, Wasserstein_dist:24.0695, vae_loss_seen:302.6474 GZSL: seen=0.8631, unseen=0.4427, h=0.5852 ZSL: unseen accuracy=0.6198
[89/300]  Loss_D: -17.6592 Loss_G: 8.4958, Wasserstein_dist:24.6649, vae_loss_seen:299.1196 GZSL: seen=0.8452, unseen=0.3490, h=0.4940 ZSL: unseen accuracy=0.5938
[90/300]  Loss_D: -16.6936 Loss_G: 8.5523, Wasserstein_dist:22.8886, vae_loss_seen:300.8101 GZSL: seen=0.7381, unseen=0.4115, h=0.5284 ZSL: unseen accuracy=0.6094
[91/300]  Loss_D: -18.5990 Loss_G: 8.5232, Wasserstein_dist:25.1450, vae_loss_seen:292.6910 GZSL: seen=0.7520, unseen=0.5365, h=0.6262 ZSL: unseen accuracy=0.5573
[92/300]  Loss_D: -17.2456 Loss_G: 8.7934, Wasserstein_dist:23.8626, vae_loss_seen:299.9303 GZSL: seen=0.8413, unseen=0.3698, h=0.5138 ZSL: unseen accuracy=0.5573
[93/300]  Loss_D: -18.8435 Loss_G: 8.4741, Wasserstein_dist:24.8411, vae_loss_seen:297.6649 GZSL: seen=0.8194, unseen=0.5312, h=0.6446 ZSL: unseen accuracy=0.5365
[94/300]  Loss_D: -17.7145 Loss_G: 8.7567, Wasserstein_dist:24.4114, vae_loss_seen:309.9930 GZSL: seen=0.7500, unseen=0.4479, h=0.5609 ZSL: unseen accuracy=0.5729
[95/300]  Loss_D: -17.2695 Loss_G: 8.6411, Wasserstein_dist:23.6551, vae_loss_seen:302.9601 GZSL: seen=0.8730, unseen=0.3646, h=0.5144 ZSL: unseen accuracy=0.4740
[96/300]  Loss_D: -18.7568 Loss_G: 8.7596, Wasserstein_dist:24.6016, vae_loss_seen:299.8812 GZSL: seen=0.7560, unseen=0.3698, h=0.4966 ZSL: unseen accuracy=0.4427
[97/300]  Loss_D: -17.1883 Loss_G: 8.7970, Wasserstein_dist:24.0518, vae_loss_seen:299.0669 GZSL: seen=0.8929, unseen=0.4271, h=0.5778 ZSL: unseen accuracy=0.5938
[98/300]  Loss_D: -17.4886 Loss_G: 8.5754, Wasserstein_dist:22.9505, vae_loss_seen:296.9767 GZSL: seen=0.7262, unseen=0.4115, h=0.5253 ZSL: unseen accuracy=0.5208
[99/300]  Loss_D: -16.3418 Loss_G: 8.6971, Wasserstein_dist:22.3398, vae_loss_seen:300.9743 GZSL: seen=0.7659, unseen=0.3646, h=0.4940 ZSL: unseen accuracy=0.5521
[100/300]  Loss_D: -16.9513 Loss_G: 8.1750, Wasserstein_dist:23.7502, vae_loss_seen:291.3513 GZSL: seen=0.7698, unseen=0.4531, h=0.5705 ZSL: unseen accuracy=0.4219
[101/300]  Loss_D: -16.1432 Loss_G: 8.7263, Wasserstein_dist:22.3665, vae_loss_seen:298.4560 GZSL: seen=0.7619, unseen=0.5052, h=0.6076 ZSL: unseen accuracy=0.5938
[102/300]  Loss_D: -15.4600 Loss_G: 8.8870, Wasserstein_dist:21.8826, vae_loss_seen:297.3120 GZSL: seen=0.7440, unseen=0.5521, h=0.6338 ZSL: unseen accuracy=0.6927
[103/300]  Loss_D: -16.7426 Loss_G: 8.6355, Wasserstein_dist:22.5401, vae_loss_seen:298.1082 GZSL: seen=0.6984, unseen=0.4375, h=0.5380 ZSL: unseen accuracy=0.5052
[104/300]  Loss_D: -17.0061 Loss_G: 9.1269, Wasserstein_dist:23.0146, vae_loss_seen:296.1156 GZSL: seen=0.7877, unseen=0.5573, h=0.6528 ZSL: unseen accuracy=0.5625
[105/300]  Loss_D: -17.3709 Loss_G: 8.8124, Wasserstein_dist:23.0417, vae_loss_seen:294.7047 GZSL: seen=0.5255, unseen=0.5677, h=0.5458 ZSL: unseen accuracy=0.4531
[106/300]  Loss_D: -16.4845 Loss_G: 8.7772, Wasserstein_dist:22.2830, vae_loss_seen:296.0708 GZSL: seen=0.8036, unseen=0.5104, h=0.6243 ZSL: unseen accuracy=0.5469
[107/300]  Loss_D: -17.1333 Loss_G: 8.6344, Wasserstein_dist:22.4620, vae_loss_seen:298.7671 GZSL: seen=0.7817, unseen=0.5365, h=0.6363 ZSL: unseen accuracy=0.5781
[108/300]  Loss_D: -15.8965 Loss_G: 8.4833, Wasserstein_dist:22.7073, vae_loss_seen:300.2991 GZSL: seen=0.8829, unseen=0.3958, h=0.5466 ZSL: unseen accuracy=0.5677
[109/300]  Loss_D: -15.8399 Loss_G: 8.6916, Wasserstein_dist:20.8978, vae_loss_seen:292.6105 GZSL: seen=0.7639, unseen=0.5052, h=0.6082 ZSL: unseen accuracy=0.5052
[110/300]  Loss_D: -17.5068 Loss_G: 8.8373, Wasserstein_dist:23.9627, vae_loss_seen:289.9853 GZSL: seen=0.8075, unseen=0.5156, h=0.6294 ZSL: unseen accuracy=0.5729
[111/300]  Loss_D: -15.0311 Loss_G: 8.3173, Wasserstein_dist:20.4741, vae_loss_seen:300.4911 GZSL: seen=0.8393, unseen=0.3854, h=0.5283 ZSL: unseen accuracy=0.5417
[112/300]  Loss_D: -15.8602 Loss_G: 9.0472, Wasserstein_dist:20.9471, vae_loss_seen:291.7200 GZSL: seen=0.8373, unseen=0.3906, h=0.5327 ZSL: unseen accuracy=0.5781
[113/300]  Loss_D: -14.2846 Loss_G: 8.6334, Wasserstein_dist:20.5486, vae_loss_seen:288.6266 GZSL: seen=0.9246, unseen=0.3385, h=0.4956 ZSL: unseen accuracy=0.5156
[114/300]  Loss_D: -17.5413 Loss_G: 8.0015, Wasserstein_dist:22.9951, vae_loss_seen:294.7730 GZSL: seen=0.7698, unseen=0.3646, h=0.4948 ZSL: unseen accuracy=0.5573
[115/300]  Loss_D: -16.1829 Loss_G: 8.3908, Wasserstein_dist:21.7048, vae_loss_seen:291.3830 GZSL: seen=0.7937, unseen=0.3750, h=0.5093 ZSL: unseen accuracy=0.4375
[116/300]  Loss_D: -14.4307 Loss_G: 8.7505, Wasserstein_dist:20.1529, vae_loss_seen:297.2980 GZSL: seen=0.7698, unseen=0.3646, h=0.4948 ZSL: unseen accuracy=0.5990
[117/300]  Loss_D: -14.0184 Loss_G: 8.0678, Wasserstein_dist:18.8876, vae_loss_seen:292.8902 GZSL: seen=0.8869, unseen=0.4062, h=0.5572 ZSL: unseen accuracy=0.5729
[118/300]  Loss_D: -13.3853 Loss_G: 8.4787, Wasserstein_dist:19.7076, vae_loss_seen:289.9568 GZSL: seen=0.7619, unseen=0.5052, h=0.6076 ZSL: unseen accuracy=0.4792
[119/300]  Loss_D: -16.2632 Loss_G: 8.2505, Wasserstein_dist:21.3877, vae_loss_seen:300.8112 GZSL: seen=0.7341, unseen=0.5156, h=0.6058 ZSL: unseen accuracy=0.5573
[120/300]  Loss_D: -14.4741 Loss_G: 7.9984, Wasserstein_dist:20.0449, vae_loss_seen:283.8159 GZSL: seen=0.8254, unseen=0.5000, h=0.6228 ZSL: unseen accuracy=0.4635
[121/300]  Loss_D: -16.5442 Loss_G: 8.1192, Wasserstein_dist:21.8696, vae_loss_seen:293.1926 GZSL: seen=0.7698, unseen=0.4740, h=0.5867 ZSL: unseen accuracy=0.5312
[122/300]  Loss_D: -14.0805 Loss_G: 7.9146, Wasserstein_dist:19.4475, vae_loss_seen:291.8952 GZSL: seen=0.7659, unseen=0.4427, h=0.5611 ZSL: unseen accuracy=0.5573
[123/300]  Loss_D: -15.0460 Loss_G: 8.1718, Wasserstein_dist:20.4650, vae_loss_seen:295.5543 GZSL: seen=0.7778, unseen=0.4375, h=0.5600 ZSL: unseen accuracy=0.4948
[124/300]  Loss_D: -12.4928 Loss_G: 8.8017, Wasserstein_dist:17.9077, vae_loss_seen:291.7392 GZSL: seen=0.8810, unseen=0.3802, h=0.5312 ZSL: unseen accuracy=0.5625
[125/300]  Loss_D: -15.2953 Loss_G: 8.6951, Wasserstein_dist:19.8010, vae_loss_seen:284.4189 GZSL: seen=0.7579, unseen=0.5104, h=0.6100 ZSL: unseen accuracy=0.5938
[126/300]  Loss_D: -13.9407 Loss_G: 8.3532, Wasserstein_dist:19.8444, vae_loss_seen:285.9076 GZSL: seen=0.7976, unseen=0.4010, h=0.5337 ZSL: unseen accuracy=0.4740
[127/300]  Loss_D: -13.5208 Loss_G: 7.9273, Wasserstein_dist:18.7920, vae_loss_seen:287.5851 GZSL: seen=0.8075, unseen=0.5573, h=0.6595 ZSL: unseen accuracy=0.4844
[128/300]  Loss_D: -14.3178 Loss_G: 8.1773, Wasserstein_dist:18.4539, vae_loss_seen:291.4309 GZSL: seen=0.8968, unseen=0.3490, h=0.5024 ZSL: unseen accuracy=0.5885
[129/300]  Loss_D: -14.3685 Loss_G: 8.2136, Wasserstein_dist:19.6793, vae_loss_seen:287.2996 GZSL: seen=0.7956, unseen=0.4115, h=0.5424 ZSL: unseen accuracy=0.5781
[130/300]  Loss_D: -12.4385 Loss_G: 9.0645, Wasserstein_dist:17.3341, vae_loss_seen:297.7997 GZSL: seen=0.7540, unseen=0.4531, h=0.5661 ZSL: unseen accuracy=0.6146
[131/300]  Loss_D: -14.9858 Loss_G: 8.1815, Wasserstein_dist:19.8901, vae_loss_seen:286.9177 GZSL: seen=0.7619, unseen=0.4844, h=0.5922 ZSL: unseen accuracy=0.5781
[132/300]  Loss_D: -13.9646 Loss_G: 8.3807, Wasserstein_dist:19.2733, vae_loss_seen:294.0716 GZSL: seen=0.7837, unseen=0.4219, h=0.5485 ZSL: unseen accuracy=0.5417
[133/300]  Loss_D: -14.8631 Loss_G: 7.9915, Wasserstein_dist:18.9879, vae_loss_seen:303.1660 GZSL: seen=0.8869, unseen=0.4062, h=0.5572 ZSL: unseen accuracy=0.5417
[134/300]  Loss_D: -12.7945 Loss_G: 8.5044, Wasserstein_dist:18.0744, vae_loss_seen:292.9991 GZSL: seen=0.7996, unseen=0.4323, h=0.5612 ZSL: unseen accuracy=0.5833
[135/300]  Loss_D: -13.9835 Loss_G: 8.2243, Wasserstein_dist:18.6507, vae_loss_seen:286.4798 GZSL: seen=0.8194, unseen=0.5469, h=0.6560 ZSL: unseen accuracy=0.5885
[136/300]  Loss_D: -12.1255 Loss_G: 7.9104, Wasserstein_dist:18.4339, vae_loss_seen:288.3944 GZSL: seen=0.7758, unseen=0.5521, h=0.6451 ZSL: unseen accuracy=0.5729
[137/300]  Loss_D: -12.8066 Loss_G: 7.8056, Wasserstein_dist:17.3006, vae_loss_seen:291.5221 GZSL: seen=0.7956, unseen=0.3750, h=0.5097 ZSL: unseen accuracy=0.5104
[138/300]  Loss_D: -13.3268 Loss_G: 8.3324, Wasserstein_dist:17.2867, vae_loss_seen:291.5050 GZSL: seen=0.7877, unseen=0.5573, h=0.6528 ZSL: unseen accuracy=0.5312
[139/300]  Loss_D: -12.7075 Loss_G: 8.3576, Wasserstein_dist:18.4868, vae_loss_seen:286.8877 GZSL: seen=0.7837, unseen=0.4271, h=0.5529 ZSL: unseen accuracy=0.5260
[140/300]  Loss_D: -11.7432 Loss_G: 8.1879, Wasserstein_dist:15.9737, vae_loss_seen:282.1710 GZSL: seen=0.7837, unseen=0.4635, h=0.5825 ZSL: unseen accuracy=0.5781
[141/300]  Loss_D: -13.2837 Loss_G: 8.6126, Wasserstein_dist:17.9726, vae_loss_seen:295.8734 GZSL: seen=0.7639, unseen=0.5729, h=0.6548 ZSL: unseen accuracy=0.5729
[142/300]  Loss_D: -12.8963 Loss_G: 8.4239, Wasserstein_dist:17.2459, vae_loss_seen:292.3969 GZSL: seen=0.7659, unseen=0.3958, h=0.5219 ZSL: unseen accuracy=0.5365
[143/300]  Loss_D: -12.9048 Loss_G: 7.6514, Wasserstein_dist:17.3585, vae_loss_seen:291.5155 GZSL: seen=0.8353, unseen=0.4010, h=0.5419 ZSL: unseen accuracy=0.4740
[144/300]  Loss_D: -13.1257 Loss_G: 8.1543, Wasserstein_dist:17.8535, vae_loss_seen:288.3717 GZSL: seen=0.7619, unseen=0.5521, h=0.6402 ZSL: unseen accuracy=0.4688
[145/300]  Loss_D: -13.0185 Loss_G: 8.4862, Wasserstein_dist:17.4763, vae_loss_seen:287.7695 GZSL: seen=0.7758, unseen=0.4427, h=0.5637 ZSL: unseen accuracy=0.4219
[146/300]  Loss_D: -12.4330 Loss_G: 8.3946, Wasserstein_dist:16.8318, vae_loss_seen:285.2605 GZSL: seen=0.7500, unseen=0.3698, h=0.4953 ZSL: unseen accuracy=0.5260
[147/300]  Loss_D: -13.5554 Loss_G: 7.8591, Wasserstein_dist:18.1347, vae_loss_seen:293.2766 GZSL: seen=0.7976, unseen=0.5000, h=0.6147 ZSL: unseen accuracy=0.4948
[148/300]  Loss_D: -13.1472 Loss_G: 8.2375, Wasserstein_dist:17.2916, vae_loss_seen:291.1862 GZSL: seen=0.7738, unseen=0.5573, h=0.6479 ZSL: unseen accuracy=0.5417
[149/300]  Loss_D: -11.2781 Loss_G: 8.5813, Wasserstein_dist:16.5447, vae_loss_seen:292.5829 GZSL: seen=0.8016, unseen=0.3958, h=0.5300 ZSL: unseen accuracy=0.5469
[150/300]  Loss_D: -12.0510 Loss_G: 8.5822, Wasserstein_dist:16.3890, vae_loss_seen:286.5719 GZSL: seen=0.7817, unseen=0.5417, h=0.6399 ZSL: unseen accuracy=0.5781
[151/300]  Loss_D: -12.8584 Loss_G: 8.3413, Wasserstein_dist:16.6790, vae_loss_seen:279.9045 GZSL: seen=0.7599, unseen=0.5781, h=0.6567 ZSL: unseen accuracy=0.5677
[152/300]  Loss_D: -11.6287 Loss_G: 8.5012, Wasserstein_dist:15.4711, vae_loss_seen:285.2610 GZSL: seen=0.7024, unseen=0.5260, h=0.6016 ZSL: unseen accuracy=0.4427
[153/300]  Loss_D: -12.8605 Loss_G: 7.6667, Wasserstein_dist:17.7260, vae_loss_seen:295.6207 GZSL: seen=0.7917, unseen=0.5365, h=0.6395 ZSL: unseen accuracy=0.5312
[154/300]  Loss_D: -12.1425 Loss_G: 8.0557, Wasserstein_dist:16.2221, vae_loss_seen:300.5953 GZSL: seen=0.7917, unseen=0.5729, h=0.6648 ZSL: unseen accuracy=0.5365
[155/300]  Loss_D: -10.6731 Loss_G: 8.2423, Wasserstein_dist:14.8480, vae_loss_seen:285.1630 GZSL: seen=0.7738, unseen=0.4115, h=0.5372 ZSL: unseen accuracy=0.5729
[156/300]  Loss_D: -13.3022 Loss_G: 7.3503, Wasserstein_dist:17.3469, vae_loss_seen:292.2236 GZSL: seen=0.7480, unseen=0.4896, h=0.5918 ZSL: unseen accuracy=0.5729
[157/300]  Loss_D: -12.9406 Loss_G: 7.3324, Wasserstein_dist:17.4005, vae_loss_seen:287.0024 GZSL: seen=0.7917, unseen=0.5521, h=0.6505 ZSL: unseen accuracy=0.5000
[158/300]  Loss_D: -11.6501 Loss_G: 8.3164, Wasserstein_dist:15.4430, vae_loss_seen:285.6161 GZSL: seen=0.7956, unseen=0.5677, h=0.6626 ZSL: unseen accuracy=0.4635
[159/300]  Loss_D: -12.2565 Loss_G: 7.9507, Wasserstein_dist:15.7334, vae_loss_seen:287.8335 GZSL: seen=0.7738, unseen=0.4167, h=0.5417 ZSL: unseen accuracy=0.5104
[160/300]  Loss_D: -10.4732 Loss_G: 8.0270, Wasserstein_dist:14.8210, vae_loss_seen:288.0251 GZSL: seen=0.8393, unseen=0.5417, h=0.6584 ZSL: unseen accuracy=0.5729
[161/300]  Loss_D: -10.9652 Loss_G: 8.1964, Wasserstein_dist:15.0306, vae_loss_seen:288.0158 GZSL: seen=0.6905, unseen=0.5260, h=0.5971 ZSL: unseen accuracy=0.5573
[162/300]  Loss_D: -8.9211 Loss_G: 8.5499, Wasserstein_dist:13.1451, vae_loss_seen:286.7827 GZSL: seen=0.7698, unseen=0.5677, h=0.6535 ZSL: unseen accuracy=0.5417
[163/300]  Loss_D: -11.3140 Loss_G: 7.8671, Wasserstein_dist:14.7534, vae_loss_seen:285.5874 GZSL: seen=0.8194, unseen=0.4062, h=0.5432 ZSL: unseen accuracy=0.4219
[164/300]  Loss_D: -10.7038 Loss_G: 8.1836, Wasserstein_dist:15.3291, vae_loss_seen:278.9595 GZSL: seen=0.7321, unseen=0.5365, h=0.6192 ZSL: unseen accuracy=0.5312
[165/300]  Loss_D: -11.3881 Loss_G: 8.7476, Wasserstein_dist:15.3694, vae_loss_seen:287.5545 GZSL: seen=0.7877, unseen=0.4167, h=0.5450 ZSL: unseen accuracy=0.4219
[166/300]  Loss_D: -12.2524 Loss_G: 7.5119, Wasserstein_dist:15.9609, vae_loss_seen:284.5000 GZSL: seen=0.7679, unseen=0.4479, h=0.5658 ZSL: unseen accuracy=0.4167
[167/300]  Loss_D: -9.5886 Loss_G: 8.5474, Wasserstein_dist:14.2611, vae_loss_seen:291.0676 GZSL: seen=0.7599, unseen=0.4948, h=0.5993 ZSL: unseen accuracy=0.5417
[168/300]  Loss_D: -11.6294 Loss_G: 7.9491, Wasserstein_dist:15.3999, vae_loss_seen:291.5167 GZSL: seen=0.7460, unseen=0.4896, h=0.5912 ZSL: unseen accuracy=0.5000
[169/300]  Loss_D: -9.7676 Loss_G: 8.1793, Wasserstein_dist:13.9868, vae_loss_seen:289.0343 GZSL: seen=0.7659, unseen=0.5312, h=0.6273 ZSL: unseen accuracy=0.5365
[170/300]  Loss_D: -9.9929 Loss_G: 9.2166, Wasserstein_dist:12.8092, vae_loss_seen:288.3080 GZSL: seen=0.8194, unseen=0.4115, h=0.5478 ZSL: unseen accuracy=0.4427
[171/300]  Loss_D: -9.3016 Loss_G: 8.3243, Wasserstein_dist:13.6539, vae_loss_seen:279.0323 GZSL: seen=0.8056, unseen=0.3802, h=0.5166 ZSL: unseen accuracy=0.4635
[172/300]  Loss_D: -10.6230 Loss_G: 8.3818, Wasserstein_dist:14.3648, vae_loss_seen:283.2238 GZSL: seen=0.8016, unseen=0.4115, h=0.5438 ZSL: unseen accuracy=0.4271
[173/300]  Loss_D: -10.3187 Loss_G: 7.7450, Wasserstein_dist:13.8582, vae_loss_seen:287.0113 GZSL: seen=0.8313, unseen=0.5156, h=0.6365 ZSL: unseen accuracy=0.5365
[174/300]  Loss_D: -10.4240 Loss_G: 9.0424, Wasserstein_dist:14.2786, vae_loss_seen:283.5504 GZSL: seen=0.8393, unseen=0.4167, h=0.5569 ZSL: unseen accuracy=0.5156
[175/300]  Loss_D: -9.2900 Loss_G: 8.0790, Wasserstein_dist:13.8092, vae_loss_seen:281.1487 GZSL: seen=0.8115, unseen=0.4167, h=0.5506 ZSL: unseen accuracy=0.5312
[176/300]  Loss_D: -9.4436 Loss_G: 8.6797, Wasserstein_dist:13.4966, vae_loss_seen:286.4535 GZSL: seen=0.8413, unseen=0.5417, h=0.6590 ZSL: unseen accuracy=0.5417
[177/300]  Loss_D: -10.4279 Loss_G: 8.0983, Wasserstein_dist:13.5743, vae_loss_seen:280.9347 GZSL: seen=0.7024, unseen=0.5052, h=0.5877 ZSL: unseen accuracy=0.4219
[178/300]  Loss_D: -11.1708 Loss_G: 8.7595, Wasserstein_dist:14.8581, vae_loss_seen:284.6410 GZSL: seen=0.8373, unseen=0.5312, h=0.6501 ZSL: unseen accuracy=0.5365
[179/300]  Loss_D: -11.6353 Loss_G: 8.3251, Wasserstein_dist:15.5534, vae_loss_seen:286.6638 GZSL: seen=0.7996, unseen=0.4792, h=0.5992 ZSL: unseen accuracy=0.5312
[180/300]  Loss_D: -9.8960 Loss_G: 8.3588, Wasserstein_dist:13.2981, vae_loss_seen:289.3209 GZSL: seen=0.7024, unseen=0.5052, h=0.5877 ZSL: unseen accuracy=0.5365
[181/300]  Loss_D: -11.8075 Loss_G: 9.2578, Wasserstein_dist:15.8387, vae_loss_seen:290.4684 GZSL: seen=0.8155, unseen=0.4115, h=0.5469 ZSL: unseen accuracy=0.5000
[182/300]  Loss_D: -8.0151 Loss_G: 9.0641, Wasserstein_dist:11.8000, vae_loss_seen:289.5661 GZSL: seen=0.8115, unseen=0.4219, h=0.5551 ZSL: unseen accuracy=0.5052
[183/300]  Loss_D: -10.9281 Loss_G: 7.7656, Wasserstein_dist:14.2769, vae_loss_seen:283.0344 GZSL: seen=0.8175, unseen=0.5156, h=0.6324 ZSL: unseen accuracy=0.5156
[184/300]  Loss_D: -8.3780 Loss_G: 8.2579, Wasserstein_dist:12.4868, vae_loss_seen:288.1129 GZSL: seen=0.6964, unseen=0.4896, h=0.5750 ZSL: unseen accuracy=0.5573
[185/300]  Loss_D: -10.6503 Loss_G: 7.8923, Wasserstein_dist:13.7736, vae_loss_seen:286.7787 GZSL: seen=0.7817, unseen=0.4010, h=0.5301 ZSL: unseen accuracy=0.5938
[186/300]  Loss_D: -9.4713 Loss_G: 7.6020, Wasserstein_dist:13.7448, vae_loss_seen:287.6768 GZSL: seen=0.6389, unseen=0.5885, h=0.6127 ZSL: unseen accuracy=0.5208
[187/300]  Loss_D: -9.9716 Loss_G: 8.6826, Wasserstein_dist:13.6978, vae_loss_seen:278.4203 GZSL: seen=0.7619, unseen=0.4167, h=0.5387 ZSL: unseen accuracy=0.5260
[188/300]  Loss_D: -11.0292 Loss_G: 7.8701, Wasserstein_dist:13.6500, vae_loss_seen:282.8015 GZSL: seen=0.8016, unseen=0.5365, h=0.6428 ZSL: unseen accuracy=0.5677
[189/300]  Loss_D: -10.5985 Loss_G: 8.5740, Wasserstein_dist:14.2351, vae_loss_seen:291.4866 GZSL: seen=0.7917, unseen=0.4271, h=0.5548 ZSL: unseen accuracy=0.5469
[190/300]  Loss_D: -9.6976 Loss_G: 9.6680, Wasserstein_dist:13.5045, vae_loss_seen:283.6428 GZSL: seen=0.8254, unseen=0.5521, h=0.6616 ZSL: unseen accuracy=0.5521
[191/300]  Loss_D: -11.5423 Loss_G: 8.9994, Wasserstein_dist:14.7991, vae_loss_seen:279.0967 GZSL: seen=0.7365, unseen=0.4427, h=0.5530 ZSL: unseen accuracy=0.5208
[192/300]  Loss_D: -10.4563 Loss_G: 7.7379, Wasserstein_dist:14.0417, vae_loss_seen:279.4784 GZSL: seen=0.8036, unseen=0.4740, h=0.5962 ZSL: unseen accuracy=0.5417
[193/300]  Loss_D: -10.8509 Loss_G: 9.4412, Wasserstein_dist:14.3231, vae_loss_seen:277.8491 GZSL: seen=0.8234, unseen=0.5156, h=0.6341 ZSL: unseen accuracy=0.5208
[194/300]  Loss_D: -10.3932 Loss_G: 8.7928, Wasserstein_dist:13.7265, vae_loss_seen:280.7061 GZSL: seen=0.7659, unseen=0.5312, h=0.6273 ZSL: unseen accuracy=0.5365
[195/300]  Loss_D: -9.4617 Loss_G: 8.4941, Wasserstein_dist:13.2251, vae_loss_seen:283.8603 GZSL: seen=0.6667, unseen=0.5208, h=0.5848 ZSL: unseen accuracy=0.5521
[196/300]  Loss_D: -9.3399 Loss_G: 8.8947, Wasserstein_dist:12.9344, vae_loss_seen:284.2248 GZSL: seen=0.7897, unseen=0.4531, h=0.5758 ZSL: unseen accuracy=0.4635
[197/300]  Loss_D: -10.4828 Loss_G: 8.8202, Wasserstein_dist:13.4254, vae_loss_seen:279.4762 GZSL: seen=0.8095, unseen=0.5260, h=0.6377 ZSL: unseen accuracy=0.5365
[198/300]  Loss_D: -10.9856 Loss_G: 9.4310, Wasserstein_dist:14.5132, vae_loss_seen:285.3030 GZSL: seen=0.7698, unseen=0.4167, h=0.5407 ZSL: unseen accuracy=0.5260
[199/300]  Loss_D: -9.2810 Loss_G: 8.5637, Wasserstein_dist:12.9028, vae_loss_seen:282.1244 GZSL: seen=0.7956, unseen=0.5104, h=0.6219 ZSL: unseen accuracy=0.5052
[200/300]  Loss_D: -10.2990 Loss_G: 8.8163, Wasserstein_dist:14.1176, vae_loss_seen:283.3716 GZSL: seen=0.7718, unseen=0.5417, h=0.6366 ZSL: unseen accuracy=0.5469
[201/300]  Loss_D: -10.2437 Loss_G: 8.8225, Wasserstein_dist:13.1062, vae_loss_seen:276.6313 GZSL: seen=0.8036, unseen=0.4792, h=0.6003 ZSL: unseen accuracy=0.5417
[202/300]  Loss_D: -10.7547 Loss_G: 8.2080, Wasserstein_dist:14.8043, vae_loss_seen:283.6034 GZSL: seen=0.7996, unseen=0.4167, h=0.5479 ZSL: unseen accuracy=0.5260
[203/300]  Loss_D: -10.2260 Loss_G: 8.4419, Wasserstein_dist:13.9193, vae_loss_seen:279.0067 GZSL: seen=0.8095, unseen=0.4115, h=0.5456 ZSL: unseen accuracy=0.5312
[204/300]  Loss_D: -9.1696 Loss_G: 8.9719, Wasserstein_dist:12.2298, vae_loss_seen:289.1432 GZSL: seen=0.7817, unseen=0.4896, h=0.6021 ZSL: unseen accuracy=0.5417
[205/300]  Loss_D: -9.0830 Loss_G: 8.8808, Wasserstein_dist:12.4762, vae_loss_seen:284.6853 GZSL: seen=0.7956, unseen=0.5469, h=0.6482 ZSL: unseen accuracy=0.5625
[206/300]  Loss_D: -7.0286 Loss_G: 9.6991, Wasserstein_dist:10.3527, vae_loss_seen:298.0146 GZSL: seen=0.7679, unseen=0.5312, h=0.6280 ZSL: unseen accuracy=0.5260
[207/300]  Loss_D: -9.0004 Loss_G: 8.4893, Wasserstein_dist:11.4842, vae_loss_seen:279.1978 GZSL: seen=0.7956, unseen=0.4844, h=0.6022 ZSL: unseen accuracy=0.5312
[208/300]  Loss_D: -8.8606 Loss_G: 8.8168, Wasserstein_dist:13.3662, vae_loss_seen:275.0821 GZSL: seen=0.8075, unseen=0.5417, h=0.6484 ZSL: unseen accuracy=0.5677
[209/300]  Loss_D: -9.6223 Loss_G: 8.4910, Wasserstein_dist:13.3483, vae_loss_seen:278.5354 GZSL: seen=0.7778, unseen=0.5260, h=0.6276 ZSL: unseen accuracy=0.5312
[210/300]  Loss_D: -10.7174 Loss_G: 9.1450, Wasserstein_dist:13.2663, vae_loss_seen:275.8185 GZSL: seen=0.7619, unseen=0.5000, h=0.6038 ZSL: unseen accuracy=0.4635
[211/300]  Loss_D: -9.5887 Loss_G: 9.1944, Wasserstein_dist:12.6579, vae_loss_seen:277.4022 GZSL: seen=0.7718, unseen=0.5312, h=0.6293 ZSL: unseen accuracy=0.5312
[212/300]  Loss_D: -8.6707 Loss_G: 8.5857, Wasserstein_dist:12.5271, vae_loss_seen:288.5585 GZSL: seen=0.7524, unseen=0.5208, h=0.6156 ZSL: unseen accuracy=0.5469
[213/300]  Loss_D: -9.2122 Loss_G: 8.6992, Wasserstein_dist:12.4869, vae_loss_seen:272.1506 GZSL: seen=0.7976, unseen=0.4010, h=0.5337 ZSL: unseen accuracy=0.5312
[214/300]  Loss_D: -9.4860 Loss_G: 8.4628, Wasserstein_dist:11.9533, vae_loss_seen:284.5370 GZSL: seen=0.7302, unseen=0.5365, h=0.6185 ZSL: unseen accuracy=0.5521
[215/300]  Loss_D: -8.5958 Loss_G: 9.9497, Wasserstein_dist:12.1355, vae_loss_seen:284.0252 GZSL: seen=0.7718, unseen=0.4115, h=0.5368 ZSL: unseen accuracy=0.5312
[216/300]  Loss_D: -9.2295 Loss_G: 9.7487, Wasserstein_dist:11.8804, vae_loss_seen:277.9724 GZSL: seen=0.7345, unseen=0.4115, h=0.5275 ZSL: unseen accuracy=0.5260
[217/300]  Loss_D: -8.1662 Loss_G: 9.2057, Wasserstein_dist:10.7622, vae_loss_seen:283.0056 GZSL: seen=0.7917, unseen=0.5208, h=0.6283 ZSL: unseen accuracy=0.5469
[218/300]  Loss_D: -8.5402 Loss_G: 9.6529, Wasserstein_dist:11.9351, vae_loss_seen:281.2629 GZSL: seen=0.8036, unseen=0.4844, h=0.6044 ZSL: unseen accuracy=0.4896
[219/300]  Loss_D: -8.2368 Loss_G: 9.2519, Wasserstein_dist:11.8705, vae_loss_seen:283.4456 GZSL: seen=0.7877, unseen=0.5365, h=0.6382 ZSL: unseen accuracy=0.5521
[220/300]  Loss_D: -8.7991 Loss_G: 9.1721, Wasserstein_dist:11.6942, vae_loss_seen:275.6630 GZSL: seen=0.7679, unseen=0.4479, h=0.5658 ZSL: unseen accuracy=0.5260
[221/300]  Loss_D: -6.8422 Loss_G: 9.2839, Wasserstein_dist:10.2970, vae_loss_seen:278.2149 GZSL: seen=0.7778, unseen=0.4740, h=0.5890 ZSL: unseen accuracy=0.4167
[222/300]  Loss_D: -9.2497 Loss_G: 9.0180, Wasserstein_dist:11.8611, vae_loss_seen:279.0589 GZSL: seen=0.6512, unseen=0.5417, h=0.5914 ZSL: unseen accuracy=0.5312
[223/300]  Loss_D: -7.9169 Loss_G: 9.0957, Wasserstein_dist:11.3909, vae_loss_seen:282.7985 GZSL: seen=0.7306, unseen=0.4375, h=0.5473 ZSL: unseen accuracy=0.5469
[224/300]  Loss_D: -7.4220 Loss_G: 9.8396, Wasserstein_dist:10.8771, vae_loss_seen:272.7350 GZSL: seen=0.7758, unseen=0.4792, h=0.5924 ZSL: unseen accuracy=0.5417
[225/300]  Loss_D: -7.3766 Loss_G: 10.2091, Wasserstein_dist:10.2997, vae_loss_seen:279.7700 GZSL: seen=0.8075, unseen=0.4896, h=0.6096 ZSL: unseen accuracy=0.4948
[226/300]  Loss_D: -9.2774 Loss_G: 10.5955, Wasserstein_dist:12.4318, vae_loss_seen:282.5494 GZSL: seen=0.7143, unseen=0.4792, h=0.5736 ZSL: unseen accuracy=0.5417
[227/300]  Loss_D: -7.7040 Loss_G: 9.5444, Wasserstein_dist:10.6688, vae_loss_seen:282.3338 GZSL: seen=0.7821, unseen=0.5000, h=0.6100 ZSL: unseen accuracy=0.5521
[228/300]  Loss_D: -8.6424 Loss_G: 9.6786, Wasserstein_dist:12.3384, vae_loss_seen:291.8053 GZSL: seen=0.6845, unseen=0.4792, h=0.5637 ZSL: unseen accuracy=0.5365
[229/300]  Loss_D: -12.2043 Loss_G: 8.7161, Wasserstein_dist:15.4000, vae_loss_seen:284.2026 GZSL: seen=0.7817, unseen=0.5156, h=0.6214 ZSL: unseen accuracy=0.5365
[230/300]  Loss_D: -8.3137 Loss_G: 8.5344, Wasserstein_dist:11.8705, vae_loss_seen:274.7603 GZSL: seen=0.7837, unseen=0.5260, h=0.6295 ZSL: unseen accuracy=0.5417
[231/300]  Loss_D: -8.5840 Loss_G: 9.9275, Wasserstein_dist:11.8870, vae_loss_seen:279.4646 GZSL: seen=0.8115, unseen=0.4427, h=0.5729 ZSL: unseen accuracy=0.5052
[232/300]  Loss_D: -8.8795 Loss_G: 10.0985, Wasserstein_dist:11.7751, vae_loss_seen:286.4902 GZSL: seen=0.7718, unseen=0.4531, h=0.5710 ZSL: unseen accuracy=0.5260
[233/300]  Loss_D: -9.1838 Loss_G: 9.5019, Wasserstein_dist:12.3807, vae_loss_seen:284.2723 GZSL: seen=0.8016, unseen=0.4844, h=0.6039 ZSL: unseen accuracy=0.4844
[234/300]  Loss_D: -7.4050 Loss_G: 9.2600, Wasserstein_dist:10.5868, vae_loss_seen:275.0264 GZSL: seen=0.7659, unseen=0.5104, h=0.6126 ZSL: unseen accuracy=0.5521
[235/300]  Loss_D: -9.4857 Loss_G: 8.8114, Wasserstein_dist:12.1153, vae_loss_seen:281.6444 GZSL: seen=0.7560, unseen=0.4427, h=0.5584 ZSL: unseen accuracy=0.5104
[236/300]  Loss_D: -9.0072 Loss_G: 10.6849, Wasserstein_dist:11.9561, vae_loss_seen:278.0608 GZSL: seen=0.8194, unseen=0.4844, h=0.6089 ZSL: unseen accuracy=0.5469
[237/300]  Loss_D: -7.5921 Loss_G: 9.8826, Wasserstein_dist:10.4038, vae_loss_seen:274.7193 GZSL: seen=0.6746, unseen=0.4167, h=0.5152 ZSL: unseen accuracy=0.5104
[238/300]  Loss_D: -9.8205 Loss_G: 9.4113, Wasserstein_dist:12.6891, vae_loss_seen:277.3828 GZSL: seen=0.7917, unseen=0.5000, h=0.6129 ZSL: unseen accuracy=0.5417
[239/300]  Loss_D: -7.5164 Loss_G: 9.4008, Wasserstein_dist:10.8654, vae_loss_seen:277.6560 GZSL: seen=0.7639, unseen=0.5312, h=0.6267 ZSL: unseen accuracy=0.5365
[240/300]  Loss_D: -8.9504 Loss_G: 9.5670, Wasserstein_dist:11.7629, vae_loss_seen:282.9226 GZSL: seen=0.7103, unseen=0.5208, h=0.6010 ZSL: unseen accuracy=0.5469
[241/300]  Loss_D: -7.9512 Loss_G: 9.5636, Wasserstein_dist:11.4597, vae_loss_seen:285.4039 GZSL: seen=0.8056, unseen=0.5104, h=0.6249 ZSL: unseen accuracy=0.5260
[242/300]  Loss_D: -8.9065 Loss_G: 8.8951, Wasserstein_dist:12.0324, vae_loss_seen:277.8822 GZSL: seen=0.6357, unseen=0.5104, h=0.5662 ZSL: unseen accuracy=0.5260
[243/300]  Loss_D: -7.3294 Loss_G: 10.0044, Wasserstein_dist:9.8637, vae_loss_seen:276.8741 GZSL: seen=0.8313, unseen=0.4531, h=0.5866 ZSL: unseen accuracy=0.5521
[244/300]  Loss_D: -8.2282 Loss_G: 9.4772, Wasserstein_dist:11.6626, vae_loss_seen:271.9412 GZSL: seen=0.7345, unseen=0.5156, h=0.6059 ZSL: unseen accuracy=0.5469
[245/300]  Loss_D: -7.7225 Loss_G: 9.6799, Wasserstein_dist:11.4303, vae_loss_seen:278.7769 GZSL: seen=0.8036, unseen=0.5469, h=0.6508 ZSL: unseen accuracy=0.5625
[246/300]  Loss_D: -10.3902 Loss_G: 9.8795, Wasserstein_dist:12.9477, vae_loss_seen:286.6353 GZSL: seen=0.7163, unseen=0.5260, h=0.6066 ZSL: unseen accuracy=0.5208
[247/300]  Loss_D: -8.0469 Loss_G: 9.3746, Wasserstein_dist:11.7445, vae_loss_seen:275.9231 GZSL: seen=0.7421, unseen=0.4635, h=0.5706 ZSL: unseen accuracy=0.4427
[248/300]  Loss_D: -7.2488 Loss_G: 10.4779, Wasserstein_dist:10.0423, vae_loss_seen:276.9152 GZSL: seen=0.7321, unseen=0.4635, h=0.5677 ZSL: unseen accuracy=0.4896
[249/300]  Loss_D: -9.5356 Loss_G: 10.1674, Wasserstein_dist:11.8430, vae_loss_seen:277.5321 GZSL: seen=0.8313, unseen=0.4948, h=0.6204 ZSL: unseen accuracy=0.5000
[250/300]  Loss_D: -8.0172 Loss_G: 9.7685, Wasserstein_dist:11.6671, vae_loss_seen:280.5483 GZSL: seen=0.7679, unseen=0.4375, h=0.5574 ZSL: unseen accuracy=0.5312
[251/300]  Loss_D: -9.0362 Loss_G: 10.0047, Wasserstein_dist:12.3423, vae_loss_seen:276.0071 GZSL: seen=0.7758, unseen=0.5417, h=0.6379 ZSL: unseen accuracy=0.5208
[252/300]  Loss_D: -8.8168 Loss_G: 9.7840, Wasserstein_dist:11.2042, vae_loss_seen:268.0695 GZSL: seen=0.7738, unseen=0.5156, h=0.6189 ZSL: unseen accuracy=0.5312
[253/300]  Loss_D: -8.5466 Loss_G: 9.8984, Wasserstein_dist:11.7166, vae_loss_seen:275.0645 GZSL: seen=0.6825, unseen=0.5677, h=0.6199 ZSL: unseen accuracy=0.5365
[254/300]  Loss_D: -7.6325 Loss_G: 10.4407, Wasserstein_dist:10.8784, vae_loss_seen:271.9393 GZSL: seen=0.7385, unseen=0.4479, h=0.5576 ZSL: unseen accuracy=0.5260
[255/300]  Loss_D: -9.4132 Loss_G: 10.3004, Wasserstein_dist:12.0160, vae_loss_seen:281.4405 GZSL: seen=0.7306, unseen=0.5312, h=0.6152 ZSL: unseen accuracy=0.5469
[256/300]  Loss_D: -8.3896 Loss_G: 9.8007, Wasserstein_dist:11.6389, vae_loss_seen:273.4055 GZSL: seen=0.8571, unseen=0.4688, h=0.6061 ZSL: unseen accuracy=0.5469
[257/300]  Loss_D: -10.7571 Loss_G: 9.3320, Wasserstein_dist:13.7102, vae_loss_seen:285.0512 GZSL: seen=0.8115, unseen=0.5208, h=0.6345 ZSL: unseen accuracy=0.5312
[258/300]  Loss_D: -8.2476 Loss_G: 10.2117, Wasserstein_dist:11.0210, vae_loss_seen:276.9956 GZSL: seen=0.8194, unseen=0.4896, h=0.6130 ZSL: unseen accuracy=0.5312
[259/300]  Loss_D: -7.4863 Loss_G: 9.3699, Wasserstein_dist:10.6129, vae_loss_seen:285.9970 GZSL: seen=0.7103, unseen=0.5312, h=0.6079 ZSL: unseen accuracy=0.5417
[260/300]  Loss_D: -9.0367 Loss_G: 10.2843, Wasserstein_dist:11.7859, vae_loss_seen:291.5384 GZSL: seen=0.7107, unseen=0.4948, h=0.5834 ZSL: unseen accuracy=0.5260
[261/300]  Loss_D: -7.0071 Loss_G: 9.2822, Wasserstein_dist:9.7971, vae_loss_seen:277.4515 GZSL: seen=0.7996, unseen=0.4740, h=0.5951 ZSL: unseen accuracy=0.5312
[262/300]  Loss_D: -9.0808 Loss_G: 10.0383, Wasserstein_dist:12.2385, vae_loss_seen:285.9953 GZSL: seen=0.8119, unseen=0.5052, h=0.6228 ZSL: unseen accuracy=0.5417
[263/300]  Loss_D: -8.3006 Loss_G: 10.0907, Wasserstein_dist:11.5699, vae_loss_seen:271.6158 GZSL: seen=0.8294, unseen=0.4635, h=0.5947 ZSL: unseen accuracy=0.5156
[264/300]  Loss_D: -8.0119 Loss_G: 9.3344, Wasserstein_dist:10.8668, vae_loss_seen:275.5359 GZSL: seen=0.7401, unseen=0.4844, h=0.5855 ZSL: unseen accuracy=0.5365
[265/300]  Loss_D: -9.2044 Loss_G: 8.6008, Wasserstein_dist:12.4610, vae_loss_seen:273.5683 GZSL: seen=0.7282, unseen=0.4844, h=0.5818 ZSL: unseen accuracy=0.4635
[266/300]  Loss_D: -9.2564 Loss_G: 9.4907, Wasserstein_dist:12.8807, vae_loss_seen:284.2042 GZSL: seen=0.7012, unseen=0.5573, h=0.6210 ZSL: unseen accuracy=0.5417
[267/300]  Loss_D: -8.4019 Loss_G: 11.3534, Wasserstein_dist:11.2981, vae_loss_seen:282.5018 GZSL: seen=0.7262, unseen=0.5312, h=0.6136 ZSL: unseen accuracy=0.5625
[268/300]  Loss_D: -8.6992 Loss_G: 9.8588, Wasserstein_dist:11.7873, vae_loss_seen:269.1512 GZSL: seen=0.7917, unseen=0.5052, h=0.6168 ZSL: unseen accuracy=0.5469
[269/300]  Loss_D: -9.9998 Loss_G: 8.6215, Wasserstein_dist:13.7005, vae_loss_seen:276.9181 GZSL: seen=0.8254, unseen=0.5156, h=0.6347 ZSL: unseen accuracy=0.5521
[270/300]  Loss_D: -8.5296 Loss_G: 10.5041, Wasserstein_dist:11.9180, vae_loss_seen:281.6847 GZSL: seen=0.6718, unseen=0.4531, h=0.5412 ZSL: unseen accuracy=0.5365
[271/300]  Loss_D: -9.4073 Loss_G: 10.1073, Wasserstein_dist:12.3626, vae_loss_seen:279.5801 GZSL: seen=0.8155, unseen=0.4688, h=0.5953 ZSL: unseen accuracy=0.5469
[272/300]  Loss_D: -9.2396 Loss_G: 9.0054, Wasserstein_dist:12.0622, vae_loss_seen:277.7799 GZSL: seen=0.6544, unseen=0.4792, h=0.5532 ZSL: unseen accuracy=0.5365
[273/300]  Loss_D: -8.7441 Loss_G: 10.2165, Wasserstein_dist:11.6219, vae_loss_seen:285.3260 GZSL: seen=0.7242, unseen=0.5208, h=0.6059 ZSL: unseen accuracy=0.5312
[274/300]  Loss_D: -9.4930 Loss_G: 9.9662, Wasserstein_dist:13.2906, vae_loss_seen:284.3723 GZSL: seen=0.7659, unseen=0.5052, h=0.6088 ZSL: unseen accuracy=0.5208
[275/300]  Loss_D: -9.1069 Loss_G: 9.3766, Wasserstein_dist:12.4909, vae_loss_seen:274.7505 GZSL: seen=0.7425, unseen=0.5417, h=0.6264 ZSL: unseen accuracy=0.5885
[276/300]  Loss_D: -8.3669 Loss_G: 9.6901, Wasserstein_dist:11.1610, vae_loss_seen:278.9680 GZSL: seen=0.7901, unseen=0.4531, h=0.5759 ZSL: unseen accuracy=0.5417
[277/300]  Loss_D: -7.9514 Loss_G: 10.0135, Wasserstein_dist:10.6602, vae_loss_seen:280.3457 GZSL: seen=0.7282, unseen=0.4896, h=0.5855 ZSL: unseen accuracy=0.5417
[278/300]  Loss_D: -8.1867 Loss_G: 10.0174, Wasserstein_dist:10.8578, vae_loss_seen:277.3482 GZSL: seen=0.7782, unseen=0.4740, h=0.5891 ZSL: unseen accuracy=0.5104
[279/300]  Loss_D: -8.6393 Loss_G: 10.0657, Wasserstein_dist:11.6777, vae_loss_seen:282.8599 GZSL: seen=0.7762, unseen=0.5208, h=0.6234 ZSL: unseen accuracy=0.5521
[280/300]  Loss_D: -9.2440 Loss_G: 10.5304, Wasserstein_dist:12.0189, vae_loss_seen:274.9074 GZSL: seen=0.7345, unseen=0.5104, h=0.6023 ZSL: unseen accuracy=0.5469
[281/300]  Loss_D: -7.2037 Loss_G: 10.2115, Wasserstein_dist:9.8733, vae_loss_seen:279.1737 GZSL: seen=0.7798, unseen=0.4896, h=0.6015 ZSL: unseen accuracy=0.5104
[282/300]  Loss_D: -7.8484 Loss_G: 10.2118, Wasserstein_dist:10.9797, vae_loss_seen:277.2994 GZSL: seen=0.7821, unseen=0.5156, h=0.6215 ZSL: unseen accuracy=0.5833
[283/300]  Loss_D: -8.9922 Loss_G: 10.3466, Wasserstein_dist:12.0826, vae_loss_seen:273.3879 GZSL: seen=0.8056, unseen=0.4688, h=0.5926 ZSL: unseen accuracy=0.5365
[284/300]  Loss_D: -8.5808 Loss_G: 10.2241, Wasserstein_dist:11.4667, vae_loss_seen:277.4197 GZSL: seen=0.8115, unseen=0.4792, h=0.6025 ZSL: unseen accuracy=0.5365
[285/300]  Loss_D: -8.7270 Loss_G: 10.2974, Wasserstein_dist:11.8757, vae_loss_seen:270.1575 GZSL: seen=0.7742, unseen=0.4583, h=0.5758 ZSL: unseen accuracy=0.5312
[286/300]  Loss_D: -8.7422 Loss_G: 10.2023, Wasserstein_dist:11.6778, vae_loss_seen:277.4436 GZSL: seen=0.7718, unseen=0.5365, h=0.6330 ZSL: unseen accuracy=0.5417
[287/300]  Loss_D: -8.4689 Loss_G: 9.5604, Wasserstein_dist:11.1702, vae_loss_seen:282.9357 GZSL: seen=0.8492, unseen=0.4948, h=0.6253 ZSL: unseen accuracy=0.5260
[288/300]  Loss_D: -7.7429 Loss_G: 10.4117, Wasserstein_dist:11.2766, vae_loss_seen:286.9689 GZSL: seen=0.8254, unseen=0.5052, h=0.6268 ZSL: unseen accuracy=0.5521
[289/300]  Loss_D: -7.4527 Loss_G: 9.8810, Wasserstein_dist:10.5086, vae_loss_seen:276.5318 GZSL: seen=0.7698, unseen=0.5104, h=0.6138 ZSL: unseen accuracy=0.5365
[290/300]  Loss_D: -8.0256 Loss_G: 9.7532, Wasserstein_dist:10.8406, vae_loss_seen:270.1799 GZSL: seen=0.7504, unseen=0.4688, h=0.5770 ZSL: unseen accuracy=0.5104
[291/300]  Loss_D: -8.8807 Loss_G: 10.5393, Wasserstein_dist:11.5366, vae_loss_seen:274.3469 GZSL: seen=0.6972, unseen=0.5104, h=0.5894 ZSL: unseen accuracy=0.5365
[292/300]  Loss_D: -7.6676 Loss_G: 10.4501, Wasserstein_dist:10.7206, vae_loss_seen:274.3347 GZSL: seen=0.7996, unseen=0.4896, h=0.6073 ZSL: unseen accuracy=0.5260
[293/300]  Loss_D: -8.1220 Loss_G: 10.1338, Wasserstein_dist:11.1323, vae_loss_seen:274.6129 GZSL: seen=0.7242, unseen=0.4740, h=0.5729 ZSL: unseen accuracy=0.5521
[294/300]  Loss_D: -10.8170 Loss_G: 10.3098, Wasserstein_dist:13.5560, vae_loss_seen:285.7629 GZSL: seen=0.7409, unseen=0.5156, h=0.6081 ZSL: unseen accuracy=0.4948
[295/300]  Loss_D: -9.5426 Loss_G: 10.6267, Wasserstein_dist:12.6571, vae_loss_seen:283.4095 GZSL: seen=0.7679, unseen=0.5104, h=0.6132 ZSL: unseen accuracy=0.5625
[296/300]  Loss_D: -8.6091 Loss_G: 9.7096, Wasserstein_dist:11.9062, vae_loss_seen:268.8886 GZSL: seen=0.7083, unseen=0.5000, h=0.5862 ZSL: unseen accuracy=0.5365
[297/300]  Loss_D: -10.8894 Loss_G: 10.0072, Wasserstein_dist:13.2054, vae_loss_seen:279.4602 GZSL: seen=0.8337, unseen=0.4948, h=0.6210 ZSL: unseen accuracy=0.5677
[298/300]  Loss_D: -8.2194 Loss_G: 10.4928, Wasserstein_dist:10.6329, vae_loss_seen:279.6473 GZSL: seen=0.7996, unseen=0.5104, h=0.6231 ZSL: unseen accuracy=0.5156
[299/300]  Loss_D: -6.7164 Loss_G: 10.2662, Wasserstein_dist:10.4938, vae_loss_seen:278.3599 GZSL: seen=0.7837, unseen=0.5208, h=0.6258 ZSL: unseen accuracy=0.5365
Dataset RADAR
the best ZSL unseen accuracy is 0.6927083333333334
Dataset RADAR
the best GZSL seen accuracy is 0.7916666666666666
the best GZSL unseen accuracy is 0.5729166666666666
the best GZSL H is 0.6647582697201018
