Random Seed:  3407
# of training samples:  538
Encoder(
  (fc1): Linear(in_features=1536, out_features=4096, bias=True)
  (fc3): Linear(in_features=4096, out_features=1024, bias=True)
  (lrelu): LeakyReLU(0.2, inplace)
  (linear_means): Linear(in_features=1024, out_features=512, bias=True)
  (linear_log_var): Linear(in_features=1024, out_features=512, bias=True)
)
Generator(
  (fc1): Linear(in_features=1024, out_features=4096, bias=True)
  (fc3): Linear(in_features=4096, out_features=1024, bias=True)
  (lrelu): LeakyReLU(0.2, inplace)
  (sigmoid): Sigmoid()
)
Discriminator_D1(
  (fc1): Linear(in_features=1536, out_features=4096, bias=True)
  (fc2): Linear(in_features=4096, out_features=1, bias=True)
  (lrelu): LeakyReLU(0.2, inplace)
)
Feedback(
  (fc1): Linear(in_features=4096, out_features=4096, bias=True)
  (fc2): Linear(in_features=4096, out_features=4096, bias=True)
  (lrelu): LeakyReLU(0.2, inplace)
)
AttDec(
  (fc1): Linear(in_features=1024, out_features=4096, bias=True)
  (fc3): Linear(in_features=4096, out_features=512, bias=True)
  (lrelu): LeakyReLU(0.2, inplace)
)
[0/300]  Loss_D: -11.0293 Loss_G: 1.2039, Wasserstein_dist:13.8469, vae_loss_seen:477.8787 GZSL: seen=0.8948, unseen=0.2917, h=0.4399 ZSL: unseen accuracy=0.6458
[1/300]  Loss_D: -7.9243 Loss_G: -2.0588, Wasserstein_dist:10.4370, vae_loss_seen:407.3612 GZSL: seen=0.9167, unseen=0.3125, h=0.4661 ZSL: unseen accuracy=0.7031
[2/300]  Loss_D: -4.7327 Loss_G: -4.9100, Wasserstein_dist:6.4389, vae_loss_seen:347.6927 GZSL: seen=0.8929, unseen=0.3229, h=0.4743 ZSL: unseen accuracy=0.7240
[3/300]  Loss_D: -3.2022 Loss_G: -7.0120, Wasserstein_dist:4.0657, vae_loss_seen:318.2693 GZSL: seen=0.8810, unseen=0.3073, h=0.4556 ZSL: unseen accuracy=0.7188
[4/300]  Loss_D: -2.3567 Loss_G: -7.2503, Wasserstein_dist:2.9095, vae_loss_seen:316.6453 GZSL: seen=0.8889, unseen=0.2812, h=0.4273 ZSL: unseen accuracy=0.7604
[5/300]  Loss_D: -1.9065 Loss_G: -6.3922, Wasserstein_dist:2.3421, vae_loss_seen:312.7605 GZSL: seen=0.8968, unseen=0.3229, h=0.4749 ZSL: unseen accuracy=0.6875
[6/300]  Loss_D: -1.9074 Loss_G: -6.9372, Wasserstein_dist:2.2861, vae_loss_seen:295.7276 GZSL: seen=0.8155, unseen=0.4844, h=0.6078 ZSL: unseen accuracy=0.6823
[7/300]  Loss_D: -2.0344 Loss_G: -5.8023, Wasserstein_dist:2.5375, vae_loss_seen:301.6908 GZSL: seen=0.7837, unseen=0.4010, h=0.5306 ZSL: unseen accuracy=0.7344
[8/300]  Loss_D: -1.7756 Loss_G: -2.5339, Wasserstein_dist:2.2019, vae_loss_seen:300.4551 GZSL: seen=0.9325, unseen=0.3281, h=0.4854 ZSL: unseen accuracy=0.8854
[9/300]  Loss_D: -2.1093 Loss_G: -1.5422, Wasserstein_dist:2.6916, vae_loss_seen:316.9803 GZSL: seen=0.7440, unseen=0.3125, h=0.4401 ZSL: unseen accuracy=0.8854
[10/300]  Loss_D: -2.1929 Loss_G: 0.1990, Wasserstein_dist:2.7079, vae_loss_seen:310.2343 GZSL: seen=0.8115, unseen=0.4844, h=0.6067 ZSL: unseen accuracy=0.7969
[11/300]  Loss_D: -2.3719 Loss_G: 1.6072, Wasserstein_dist:2.9311, vae_loss_seen:297.1707 GZSL: seen=0.9325, unseen=0.3177, h=0.4739 ZSL: unseen accuracy=0.8073
[12/300]  Loss_D: -2.0675 Loss_G: 4.7316, Wasserstein_dist:2.6447, vae_loss_seen:306.4433 GZSL: seen=0.7302, unseen=0.3333, h=0.4577 ZSL: unseen accuracy=0.7031
[13/300]  Loss_D: -2.1877 Loss_G: 4.4681, Wasserstein_dist:2.7876, vae_loss_seen:306.2104 GZSL: seen=0.7897, unseen=0.5208, h=0.6277 ZSL: unseen accuracy=0.8177
[14/300]  Loss_D: -2.2960 Loss_G: 4.9936, Wasserstein_dist:2.7991, vae_loss_seen:305.0344 GZSL: seen=0.8571, unseen=0.3698, h=0.5167 ZSL: unseen accuracy=0.6406
[15/300]  Loss_D: -2.0886 Loss_G: 6.2390, Wasserstein_dist:2.6288, vae_loss_seen:304.1635 GZSL: seen=0.7409, unseen=0.5990, h=0.6624 ZSL: unseen accuracy=0.7448
[16/300]  Loss_D: -1.9870 Loss_G: 8.3884, Wasserstein_dist:2.5380, vae_loss_seen:307.9895 GZSL: seen=0.7138, unseen=0.5885, h=0.6451 ZSL: unseen accuracy=0.8281
[17/300]  Loss_D: -1.9291 Loss_G: 7.0566, Wasserstein_dist:2.5023, vae_loss_seen:305.8545 GZSL: seen=0.8135, unseen=0.7240, h=0.7661 ZSL: unseen accuracy=0.8802
[18/300]  Loss_D: -1.9462 Loss_G: 7.3120, Wasserstein_dist:2.4634, vae_loss_seen:298.4354 GZSL: seen=0.7718, unseen=0.6875, h=0.7272 ZSL: unseen accuracy=0.6979
[19/300]  Loss_D: -1.8941 Loss_G: 8.6573, Wasserstein_dist:2.4494, vae_loss_seen:303.7802 GZSL: seen=0.7877, unseen=0.4844, h=0.5999 ZSL: unseen accuracy=0.7604
[20/300]  Loss_D: -2.1824 Loss_G: 7.8817, Wasserstein_dist:2.7200, vae_loss_seen:311.6425 GZSL: seen=0.8353, unseen=0.5000, h=0.6256 ZSL: unseen accuracy=0.7552
[21/300]  Loss_D: -2.0890 Loss_G: 9.2593, Wasserstein_dist:2.6238, vae_loss_seen:298.2245 GZSL: seen=0.7401, unseen=0.5312, h=0.6185 ZSL: unseen accuracy=0.8125
[22/300]  Loss_D: -1.8782 Loss_G: 9.2198, Wasserstein_dist:2.3943, vae_loss_seen:297.5230 GZSL: seen=0.8849, unseen=0.4427, h=0.5902 ZSL: unseen accuracy=0.7708
[23/300]  Loss_D: -1.9807 Loss_G: 11.5225, Wasserstein_dist:2.4401, vae_loss_seen:305.8692 GZSL: seen=0.8047, unseen=0.4010, h=0.5353 ZSL: unseen accuracy=0.6979
[24/300]  Loss_D: -1.8088 Loss_G: 11.1648, Wasserstein_dist:2.3261, vae_loss_seen:288.4426 GZSL: seen=0.8214, unseen=0.6562, h=0.7296 ZSL: unseen accuracy=0.7865
[25/300]  Loss_D: -1.7900 Loss_G: 11.0145, Wasserstein_dist:2.2141, vae_loss_seen:299.1151 GZSL: seen=0.8155, unseen=0.4740, h=0.5995 ZSL: unseen accuracy=0.8125
[26/300]  Loss_D: -1.7813 Loss_G: 11.2803, Wasserstein_dist:2.2880, vae_loss_seen:298.6297 GZSL: seen=0.7619, unseen=0.5469, h=0.6367 ZSL: unseen accuracy=0.7760
[27/300]  Loss_D: -1.7267 Loss_G: 11.3357, Wasserstein_dist:2.2065, vae_loss_seen:290.3217 GZSL: seen=0.7619, unseen=0.5885, h=0.6641 ZSL: unseen accuracy=0.8229
[28/300]  Loss_D: -1.4890 Loss_G: 13.0794, Wasserstein_dist:1.8653, vae_loss_seen:301.1046 GZSL: seen=0.7619, unseen=0.5312, h=0.6260 ZSL: unseen accuracy=0.7917
[29/300]  Loss_D: -1.6527 Loss_G: 13.9184, Wasserstein_dist:2.0736, vae_loss_seen:284.1835 GZSL: seen=0.8254, unseen=0.4792, h=0.6063 ZSL: unseen accuracy=0.8021
[30/300]  Loss_D: -1.5631 Loss_G: 12.6835, Wasserstein_dist:2.0086, vae_loss_seen:293.2661 GZSL: seen=0.7937, unseen=0.6458, h=0.7122 ZSL: unseen accuracy=0.7188
[31/300]  Loss_D: -1.8125 Loss_G: 12.5255, Wasserstein_dist:2.2825, vae_loss_seen:298.7612 GZSL: seen=0.8373, unseen=0.4792, h=0.6095 ZSL: unseen accuracy=0.7031
[32/300]  Loss_D: -1.4286 Loss_G: 14.3084, Wasserstein_dist:1.8558, vae_loss_seen:295.3124 GZSL: seen=0.7956, unseen=0.5781, h=0.6697 ZSL: unseen accuracy=0.8229
[33/300]  Loss_D: -1.4751 Loss_G: 13.9531, Wasserstein_dist:1.7861, vae_loss_seen:287.1089 GZSL: seen=0.8254, unseen=0.4948, h=0.6187 ZSL: unseen accuracy=0.8490
[34/300]  Loss_D: -1.4596 Loss_G: 16.7074, Wasserstein_dist:1.8939, vae_loss_seen:296.3929 GZSL: seen=0.7817, unseen=0.5208, h=0.6252 ZSL: unseen accuracy=0.6927
[35/300]  Loss_D: -1.3744 Loss_G: 14.4801, Wasserstein_dist:1.7556, vae_loss_seen:292.8694 GZSL: seen=0.7765, unseen=0.5677, h=0.6559 ZSL: unseen accuracy=0.7812
[36/300]  Loss_D: -1.3987 Loss_G: 15.3377, Wasserstein_dist:1.7915, vae_loss_seen:293.7121 GZSL: seen=0.8274, unseen=0.5417, h=0.6547 ZSL: unseen accuracy=0.6771
[37/300]  Loss_D: -1.2493 Loss_G: 15.3669, Wasserstein_dist:1.5886, vae_loss_seen:291.6141 GZSL: seen=0.8099, unseen=0.6198, h=0.7022 ZSL: unseen accuracy=0.7135
[38/300]  Loss_D: -1.3251 Loss_G: 17.7839, Wasserstein_dist:1.6602, vae_loss_seen:292.1877 GZSL: seen=0.8710, unseen=0.5260, h=0.6559 ZSL: unseen accuracy=0.7083
[39/300]  Loss_D: -1.1825 Loss_G: 16.5027, Wasserstein_dist:1.5641, vae_loss_seen:291.2134 GZSL: seen=0.8671, unseen=0.5052, h=0.6384 ZSL: unseen accuracy=0.7865
[40/300]  Loss_D: -1.4008 Loss_G: 15.4772, Wasserstein_dist:1.7944, vae_loss_seen:297.4404 GZSL: seen=0.8075, unseen=0.6719, h=0.7335 ZSL: unseen accuracy=0.7917
[41/300]  Loss_D: -1.4673 Loss_G: 15.6305, Wasserstein_dist:1.8042, vae_loss_seen:294.9154 GZSL: seen=0.7341, unseen=0.6667, h=0.6988 ZSL: unseen accuracy=0.6875
[42/300]  Loss_D: -1.0370 Loss_G: 18.5904, Wasserstein_dist:1.3734, vae_loss_seen:298.6958 GZSL: seen=0.9028, unseen=0.5000, h=0.6436 ZSL: unseen accuracy=0.7135
[43/300]  Loss_D: -1.1378 Loss_G: 15.9934, Wasserstein_dist:1.4519, vae_loss_seen:284.7779 GZSL: seen=0.8095, unseen=0.5833, h=0.6781 ZSL: unseen accuracy=0.8021
[44/300]  Loss_D: -1.0428 Loss_G: 18.6098, Wasserstein_dist:1.3908, vae_loss_seen:291.8892 GZSL: seen=0.8552, unseen=0.5260, h=0.6514 ZSL: unseen accuracy=0.8385
[45/300]  Loss_D: -1.0827 Loss_G: 19.3581, Wasserstein_dist:1.4122, vae_loss_seen:282.1939 GZSL: seen=0.7937, unseen=0.6406, h=0.7090 ZSL: unseen accuracy=0.8385
[46/300]  Loss_D: -1.1071 Loss_G: 19.1387, Wasserstein_dist:1.4299, vae_loss_seen:297.5434 GZSL: seen=0.7133, unseen=0.5729, h=0.6354 ZSL: unseen accuracy=0.7552
[47/300]  Loss_D: -1.1395 Loss_G: 19.7724, Wasserstein_dist:1.4484, vae_loss_seen:296.0055 GZSL: seen=0.7857, unseen=0.5365, h=0.6376 ZSL: unseen accuracy=0.8490
[48/300]  Loss_D: -1.1992 Loss_G: 20.1528, Wasserstein_dist:1.5376, vae_loss_seen:295.3328 GZSL: seen=0.8849, unseen=0.5260, h=0.6598 ZSL: unseen accuracy=0.8333
[49/300]  Loss_D: -1.3003 Loss_G: 20.2779, Wasserstein_dist:1.7000, vae_loss_seen:296.9787 GZSL: seen=0.7917, unseen=0.7344, h=0.7619 ZSL: unseen accuracy=0.7031
[50/300]  Loss_D: -0.9428 Loss_G: 18.1288, Wasserstein_dist:1.2648, vae_loss_seen:287.2195 GZSL: seen=0.7710, unseen=0.5104, h=0.6142 ZSL: unseen accuracy=0.8281
[51/300]  Loss_D: -1.2499 Loss_G: 19.8199, Wasserstein_dist:1.6045, vae_loss_seen:297.3205 GZSL: seen=0.7837, unseen=0.5729, h=0.6619 ZSL: unseen accuracy=0.6823
[52/300]  Loss_D: -1.1134 Loss_G: 19.8040, Wasserstein_dist:1.4378, vae_loss_seen:285.4677 GZSL: seen=0.7877, unseen=0.5208, h=0.6271 ZSL: unseen accuracy=0.8021
[53/300]  Loss_D: -1.0931 Loss_G: 20.1463, Wasserstein_dist:1.4032, vae_loss_seen:279.4840 GZSL: seen=0.7917, unseen=0.5938, h=0.6786 ZSL: unseen accuracy=0.7708
[54/300]  Loss_D: -1.1164 Loss_G: 20.0374, Wasserstein_dist:1.4213, vae_loss_seen:291.6919 GZSL: seen=0.7837, unseen=0.5521, h=0.6478 ZSL: unseen accuracy=0.8125
[55/300]  Loss_D: -1.1812 Loss_G: 21.5904, Wasserstein_dist:1.5107, vae_loss_seen:293.1270 GZSL: seen=0.7341, unseen=0.5625, h=0.6370 ZSL: unseen accuracy=0.7969
[56/300]  Loss_D: -1.1273 Loss_G: 22.3247, Wasserstein_dist:1.4365, vae_loss_seen:294.0580 GZSL: seen=0.7976, unseen=0.5104, h=0.6225 ZSL: unseen accuracy=0.8073
[57/300]  Loss_D: -1.0552 Loss_G: 21.4581, Wasserstein_dist:1.3307, vae_loss_seen:284.7143 GZSL: seen=0.8016, unseen=0.4948, h=0.6119 ZSL: unseen accuracy=0.7812
[58/300]  Loss_D: -1.1057 Loss_G: 22.3746, Wasserstein_dist:1.4911, vae_loss_seen:293.3551 GZSL: seen=0.8016, unseen=0.5781, h=0.6718 ZSL: unseen accuracy=0.7135
[59/300]  Loss_D: -1.1001 Loss_G: 21.4175, Wasserstein_dist:1.3828, vae_loss_seen:290.6283 GZSL: seen=0.7467, unseen=0.6146, h=0.6742 ZSL: unseen accuracy=0.7865
[60/300]  Loss_D: -1.0352 Loss_G: 22.7956, Wasserstein_dist:1.3538, vae_loss_seen:292.1449 GZSL: seen=0.7647, unseen=0.4948, h=0.6008 ZSL: unseen accuracy=0.7604
[61/300]  Loss_D: -0.9243 Loss_G: 22.5370, Wasserstein_dist:1.1856, vae_loss_seen:290.2066 GZSL: seen=0.8175, unseen=0.5938, h=0.6879 ZSL: unseen accuracy=0.7188
[62/300]  Loss_D: -0.9271 Loss_G: 22.5803, Wasserstein_dist:1.2255, vae_loss_seen:285.9308 GZSL: seen=0.7544, unseen=0.6354, h=0.6898 ZSL: unseen accuracy=0.7812
[63/300]  Loss_D: -0.9368 Loss_G: 23.3520, Wasserstein_dist:1.2242, vae_loss_seen:300.1570 GZSL: seen=0.8107, unseen=0.4375, h=0.5683 ZSL: unseen accuracy=0.7708
[64/300]  Loss_D: -1.0255 Loss_G: 22.8019, Wasserstein_dist:1.3292, vae_loss_seen:296.0923 GZSL: seen=0.7837, unseen=0.7188, h=0.7498 ZSL: unseen accuracy=0.8177
[65/300]  Loss_D: -1.0888 Loss_G: 22.7794, Wasserstein_dist:1.3781, vae_loss_seen:294.9923 GZSL: seen=0.7619, unseen=0.6198, h=0.6835 ZSL: unseen accuracy=0.7500
[66/300]  Loss_D: -0.9801 Loss_G: 22.5481, Wasserstein_dist:1.2524, vae_loss_seen:288.6607 GZSL: seen=0.8492, unseen=0.6927, h=0.7630 ZSL: unseen accuracy=0.7708
[67/300]  Loss_D: -0.9400 Loss_G: 23.5718, Wasserstein_dist:1.2404, vae_loss_seen:290.8727 GZSL: seen=0.8690, unseen=0.4531, h=0.5957 ZSL: unseen accuracy=0.8073
[68/300]  Loss_D: -1.1782 Loss_G: 23.8472, Wasserstein_dist:1.4581, vae_loss_seen:289.6756 GZSL: seen=0.8175, unseen=0.6094, h=0.6982 ZSL: unseen accuracy=0.7656
[69/300]  Loss_D: -1.0422 Loss_G: 24.0563, Wasserstein_dist:1.3303, vae_loss_seen:298.5559 GZSL: seen=0.7679, unseen=0.6302, h=0.6923 ZSL: unseen accuracy=0.8021
[70/300]  Loss_D: -0.9085 Loss_G: 24.8676, Wasserstein_dist:1.1684, vae_loss_seen:290.3083 GZSL: seen=0.8155, unseen=0.5990, h=0.6906 ZSL: unseen accuracy=0.8021
[71/300]  Loss_D: -0.9858 Loss_G: 24.4475, Wasserstein_dist:1.2583, vae_loss_seen:290.3224 GZSL: seen=0.7976, unseen=0.6615, h=0.7232 ZSL: unseen accuracy=0.7656
[72/300]  Loss_D: -1.3242 Loss_G: 24.1757, Wasserstein_dist:1.6669, vae_loss_seen:294.9937 GZSL: seen=0.7381, unseen=0.4583, h=0.5655 ZSL: unseen accuracy=0.7656
[73/300]  Loss_D: -0.8922 Loss_G: 24.2096, Wasserstein_dist:1.1861, vae_loss_seen:275.1309 GZSL: seen=0.7460, unseen=0.5990, h=0.6645 ZSL: unseen accuracy=0.7760
[74/300]  Loss_D: -0.9398 Loss_G: 24.5429, Wasserstein_dist:1.1844, vae_loss_seen:291.4131 GZSL: seen=0.7798, unseen=0.6615, h=0.7158 ZSL: unseen accuracy=0.7708
[75/300]  Loss_D: -1.1616 Loss_G: 24.8986, Wasserstein_dist:1.4949, vae_loss_seen:287.7477 GZSL: seen=0.8175, unseen=0.6042, h=0.6948 ZSL: unseen accuracy=0.7760
[76/300]  Loss_D: -0.8565 Loss_G: 25.2865, Wasserstein_dist:1.2032, vae_loss_seen:298.2976 GZSL: seen=0.7897, unseen=0.5781, h=0.6675 ZSL: unseen accuracy=0.7396
[77/300]  Loss_D: -1.0959 Loss_G: 24.9656, Wasserstein_dist:1.4382, vae_loss_seen:300.3033 GZSL: seen=0.8226, unseen=0.4583, h=0.5887 ZSL: unseen accuracy=0.7865
[78/300]  Loss_D: -0.8723 Loss_G: 24.8802, Wasserstein_dist:1.1597, vae_loss_seen:294.7346 GZSL: seen=0.7782, unseen=0.4688, h=0.5851 ZSL: unseen accuracy=0.7604
[79/300]  Loss_D: -0.9070 Loss_G: 24.3556, Wasserstein_dist:1.1666, vae_loss_seen:296.2286 GZSL: seen=0.8433, unseen=0.7031, h=0.7668 ZSL: unseen accuracy=0.8125
[80/300]  Loss_D: -0.9853 Loss_G: 24.3036, Wasserstein_dist:1.2989, vae_loss_seen:299.8032 GZSL: seen=0.8016, unseen=0.4688, h=0.5916 ZSL: unseen accuracy=0.7240
[81/300]  Loss_D: -0.8948 Loss_G: 25.9122, Wasserstein_dist:1.1366, vae_loss_seen:292.9140 GZSL: seen=0.8036, unseen=0.6042, h=0.6897 ZSL: unseen accuracy=0.7552
[82/300]  Loss_D: -0.8603 Loss_G: 25.6044, Wasserstein_dist:1.1373, vae_loss_seen:291.9946 GZSL: seen=0.8274, unseen=0.5781, h=0.6807 ZSL: unseen accuracy=0.8229
[83/300]  Loss_D: -0.9287 Loss_G: 23.9805, Wasserstein_dist:1.2004, vae_loss_seen:281.4721 GZSL: seen=0.8036, unseen=0.4010, h=0.5351 ZSL: unseen accuracy=0.7240
[84/300]  Loss_D: -0.8546 Loss_G: 25.4999, Wasserstein_dist:1.1278, vae_loss_seen:291.5245 GZSL: seen=0.8194, unseen=0.4271, h=0.5615 ZSL: unseen accuracy=0.7135
[85/300]  Loss_D: -1.0097 Loss_G: 24.3510, Wasserstein_dist:1.3078, vae_loss_seen:289.9787 GZSL: seen=0.8492, unseen=0.6354, h=0.7269 ZSL: unseen accuracy=0.7500
[86/300]  Loss_D: -0.8319 Loss_G: 26.6485, Wasserstein_dist:1.1190, vae_loss_seen:293.3647 GZSL: seen=0.7857, unseen=0.4115, h=0.5401 ZSL: unseen accuracy=0.7083
[87/300]  Loss_D: -0.9618 Loss_G: 24.5807, Wasserstein_dist:1.2471, vae_loss_seen:286.8459 GZSL: seen=0.8155, unseen=0.4167, h=0.5515 ZSL: unseen accuracy=0.7552
[88/300]  Loss_D: -1.0216 Loss_G: 25.5892, Wasserstein_dist:1.3639, vae_loss_seen:295.4853 GZSL: seen=0.7908, unseen=0.4688, h=0.5886 ZSL: unseen accuracy=0.7708
[89/300]  Loss_D: -0.8996 Loss_G: 26.7618, Wasserstein_dist:1.1415, vae_loss_seen:291.1685 GZSL: seen=0.7659, unseen=0.4271, h=0.5484 ZSL: unseen accuracy=0.8229
[90/300]  Loss_D: -0.9474 Loss_G: 25.1607, Wasserstein_dist:1.2214, vae_loss_seen:292.5123 GZSL: seen=0.8075, unseen=0.6250, h=0.7046 ZSL: unseen accuracy=0.7448
[91/300]  Loss_D: -0.8166 Loss_G: 24.6367, Wasserstein_dist:1.0640, vae_loss_seen:284.6493 GZSL: seen=0.7738, unseen=0.3802, h=0.5099 ZSL: unseen accuracy=0.8229
[92/300]  Loss_D: -0.8341 Loss_G: 25.9679, Wasserstein_dist:1.1002, vae_loss_seen:294.2209 GZSL: seen=0.8254, unseen=0.5312, h=0.6464 ZSL: unseen accuracy=0.8229
[93/300]  Loss_D: -0.9723 Loss_G: 25.7341, Wasserstein_dist:1.2419, vae_loss_seen:289.3930 GZSL: seen=0.7500, unseen=0.4479, h=0.5609 ZSL: unseen accuracy=0.7865
[94/300]  Loss_D: -0.8582 Loss_G: 26.1548, Wasserstein_dist:1.1591, vae_loss_seen:302.2178 GZSL: seen=0.8056, unseen=0.2812, h=0.4169 ZSL: unseen accuracy=0.7708
[95/300]  Loss_D: -0.8392 Loss_G: 24.8745, Wasserstein_dist:1.0956, vae_loss_seen:293.8400 GZSL: seen=0.7778, unseen=0.5417, h=0.6386 ZSL: unseen accuracy=0.7500
[96/300]  Loss_D: -0.9451 Loss_G: 23.3504, Wasserstein_dist:1.2722, vae_loss_seen:287.4746 GZSL: seen=0.8512, unseen=0.5833, h=0.6923 ZSL: unseen accuracy=0.7240
[97/300]  Loss_D: -0.8090 Loss_G: 25.3135, Wasserstein_dist:1.0968, vae_loss_seen:289.9760 GZSL: seen=0.8433, unseen=0.4323, h=0.5716 ZSL: unseen accuracy=0.7865
[98/300]  Loss_D: -0.7116 Loss_G: 25.4781, Wasserstein_dist:0.9811, vae_loss_seen:287.6827 GZSL: seen=0.8115, unseen=0.3854, h=0.5226 ZSL: unseen accuracy=0.8177
[99/300]  Loss_D: -0.8205 Loss_G: 25.2107, Wasserstein_dist:1.0257, vae_loss_seen:294.9172 GZSL: seen=0.7480, unseen=0.5573, h=0.6387 ZSL: unseen accuracy=0.8542
[100/300]  Loss_D: -0.9030 Loss_G: 24.2676, Wasserstein_dist:1.1498, vae_loss_seen:283.9530 GZSL: seen=0.8115, unseen=0.4219, h=0.5551 ZSL: unseen accuracy=0.7604
[101/300]  Loss_D: -0.9070 Loss_G: 25.1796, Wasserstein_dist:1.1583, vae_loss_seen:291.4352 GZSL: seen=0.8532, unseen=0.5365, h=0.6587 ZSL: unseen accuracy=0.7552
[102/300]  Loss_D: -0.8972 Loss_G: 24.8186, Wasserstein_dist:1.1325, vae_loss_seen:290.4912 GZSL: seen=0.7599, unseen=0.5781, h=0.6567 ZSL: unseen accuracy=0.7188
[103/300]  Loss_D: -0.8143 Loss_G: 26.1365, Wasserstein_dist:1.0648, vae_loss_seen:291.8793 GZSL: seen=0.8206, unseen=0.5573, h=0.6638 ZSL: unseen accuracy=0.7083
[104/300]  Loss_D: -1.0602 Loss_G: 24.6962, Wasserstein_dist:1.3361, vae_loss_seen:287.5968 GZSL: seen=0.8313, unseen=0.3802, h=0.5218 ZSL: unseen accuracy=0.7812
[105/300]  Loss_D: -0.9917 Loss_G: 24.9721, Wasserstein_dist:1.2410, vae_loss_seen:287.9434 GZSL: seen=0.7809, unseen=0.5156, h=0.6211 ZSL: unseen accuracy=0.7500
[106/300]  Loss_D: -0.8174 Loss_G: 24.8836, Wasserstein_dist:1.1206, vae_loss_seen:288.3813 GZSL: seen=0.8333, unseen=0.5833, h=0.6863 ZSL: unseen accuracy=0.7552
[107/300]  Loss_D: -0.9041 Loss_G: 25.0258, Wasserstein_dist:1.1729, vae_loss_seen:291.0754 GZSL: seen=0.8075, unseen=0.4167, h=0.5497 ZSL: unseen accuracy=0.7448
[108/300]  Loss_D: -0.9193 Loss_G: 24.8707, Wasserstein_dist:1.2035, vae_loss_seen:293.3360 GZSL: seen=0.8075, unseen=0.5729, h=0.6703 ZSL: unseen accuracy=0.7135
[109/300]  Loss_D: -0.7500 Loss_G: 24.4365, Wasserstein_dist:1.0386, vae_loss_seen:284.3861 GZSL: seen=0.8433, unseen=0.5938, h=0.6968 ZSL: unseen accuracy=0.7708
[110/300]  Loss_D: -0.8657 Loss_G: 24.0879, Wasserstein_dist:1.1709, vae_loss_seen:281.1629 GZSL: seen=0.7718, unseen=0.4427, h=0.5627 ZSL: unseen accuracy=0.7604
[111/300]  Loss_D: -0.8753 Loss_G: 24.6719, Wasserstein_dist:1.1378, vae_loss_seen:292.8574 GZSL: seen=0.7956, unseen=0.5469, h=0.6482 ZSL: unseen accuracy=0.8073
[112/300]  Loss_D: -0.7938 Loss_G: 24.1626, Wasserstein_dist:1.0568, vae_loss_seen:282.4363 GZSL: seen=0.7996, unseen=0.5365, h=0.6421 ZSL: unseen accuracy=0.7344
[113/300]  Loss_D: -0.7747 Loss_G: 24.3524, Wasserstein_dist:1.0239, vae_loss_seen:282.1755 GZSL: seen=0.8135, unseen=0.4219, h=0.5556 ZSL: unseen accuracy=0.7865
[114/300]  Loss_D: -0.8497 Loss_G: 23.6156, Wasserstein_dist:1.1388, vae_loss_seen:287.0867 GZSL: seen=0.8175, unseen=0.4115, h=0.5474 ZSL: unseen accuracy=0.8177
[115/300]  Loss_D: -0.8691 Loss_G: 23.6331, Wasserstein_dist:1.1353, vae_loss_seen:284.9084 GZSL: seen=0.8194, unseen=0.4115, h=0.5478 ZSL: unseen accuracy=0.7500
[116/300]  Loss_D: -0.7995 Loss_G: 23.5452, Wasserstein_dist:1.0426, vae_loss_seen:289.9687 GZSL: seen=0.7798, unseen=0.4271, h=0.5519 ZSL: unseen accuracy=0.7760
[117/300]  Loss_D: -1.0211 Loss_G: 24.0565, Wasserstein_dist:1.3225, vae_loss_seen:289.8972 GZSL: seen=0.8135, unseen=0.5625, h=0.6651 ZSL: unseen accuracy=0.7865
[118/300]  Loss_D: -0.8336 Loss_G: 24.7806, Wasserstein_dist:1.0873, vae_loss_seen:282.8073 GZSL: seen=0.7745, unseen=0.5521, h=0.6446 ZSL: unseen accuracy=0.7500
[119/300]  Loss_D: -0.9206 Loss_G: 24.1809, Wasserstein_dist:1.1759, vae_loss_seen:294.0058 GZSL: seen=0.8095, unseen=0.3698, h=0.5077 ZSL: unseen accuracy=0.7448
[120/300]  Loss_D: -0.7662 Loss_G: 24.8747, Wasserstein_dist:1.0673, vae_loss_seen:278.7301 GZSL: seen=0.8115, unseen=0.5781, h=0.6752 ZSL: unseen accuracy=0.7708
[121/300]  Loss_D: -0.9438 Loss_G: 23.1904, Wasserstein_dist:1.1687, vae_loss_seen:286.9139 GZSL: seen=0.8532, unseen=0.4427, h=0.5829 ZSL: unseen accuracy=0.7969
[122/300]  Loss_D: -0.8163 Loss_G: 23.2319, Wasserstein_dist:1.0623, vae_loss_seen:286.4183 GZSL: seen=0.8353, unseen=0.2760, h=0.4150 ZSL: unseen accuracy=0.8490
[123/300]  Loss_D: -0.8588 Loss_G: 22.7577, Wasserstein_dist:1.1191, vae_loss_seen:289.4869 GZSL: seen=0.8214, unseen=0.5208, h=0.6375 ZSL: unseen accuracy=0.7865
[124/300]  Loss_D: -0.7726 Loss_G: 22.5949, Wasserstein_dist:1.0246, vae_loss_seen:283.6577 GZSL: seen=0.8095, unseen=0.4062, h=0.5410 ZSL: unseen accuracy=0.7500
[125/300]  Loss_D: -0.7970 Loss_G: 24.0442, Wasserstein_dist:0.9908, vae_loss_seen:278.1858 GZSL: seen=0.8424, unseen=0.4531, h=0.5893 ZSL: unseen accuracy=0.7344
[126/300]  Loss_D: -0.6584 Loss_G: 23.0542, Wasserstein_dist:0.9386, vae_loss_seen:278.8683 GZSL: seen=0.7837, unseen=0.5417, h=0.6406 ZSL: unseen accuracy=0.7448
[127/300]  Loss_D: -0.7917 Loss_G: 22.9044, Wasserstein_dist:1.0502, vae_loss_seen:280.7025 GZSL: seen=0.8373, unseen=0.4844, h=0.6137 ZSL: unseen accuracy=0.7865
[128/300]  Loss_D: -0.8206 Loss_G: 22.8107, Wasserstein_dist:1.0638, vae_loss_seen:284.1916 GZSL: seen=0.7996, unseen=0.3333, h=0.4705 ZSL: unseen accuracy=0.7656
[129/300]  Loss_D: -0.9027 Loss_G: 21.7247, Wasserstein_dist:1.1461, vae_loss_seen:279.2012 GZSL: seen=0.8095, unseen=0.4010, h=0.5364 ZSL: unseen accuracy=0.7708
[130/300]  Loss_D: -0.9076 Loss_G: 23.1984, Wasserstein_dist:1.1842, vae_loss_seen:291.3525 GZSL: seen=0.7956, unseen=0.4479, h=0.5732 ZSL: unseen accuracy=0.7448
[131/300]  Loss_D: -1.0586 Loss_G: 24.1092, Wasserstein_dist:1.4854, vae_loss_seen:282.7657 GZSL: seen=0.7579, unseen=0.4062, h=0.5290 ZSL: unseen accuracy=0.7865
[132/300]  Loss_D: -0.7711 Loss_G: 23.5191, Wasserstein_dist:1.0892, vae_loss_seen:288.5550 GZSL: seen=0.7917, unseen=0.5521, h=0.6505 ZSL: unseen accuracy=0.7500
[133/300]  Loss_D: -0.8114 Loss_G: 24.6086, Wasserstein_dist:1.1148, vae_loss_seen:300.2439 GZSL: seen=0.8155, unseen=0.5000, h=0.6199 ZSL: unseen accuracy=0.7031
[134/300]  Loss_D: -0.8093 Loss_G: 23.3608, Wasserstein_dist:1.0465, vae_loss_seen:287.1311 GZSL: seen=0.8194, unseen=0.2917, h=0.4302 ZSL: unseen accuracy=0.7135
[135/300]  Loss_D: -0.7046 Loss_G: 22.7196, Wasserstein_dist:0.8937, vae_loss_seen:280.9931 GZSL: seen=0.8214, unseen=0.3802, h=0.5198 ZSL: unseen accuracy=0.7604
[136/300]  Loss_D: -0.7819 Loss_G: 22.0258, Wasserstein_dist:1.0456, vae_loss_seen:281.6571 GZSL: seen=0.8206, unseen=0.5312, h=0.6450 ZSL: unseen accuracy=0.7760
[137/300]  Loss_D: -0.7474 Loss_G: 21.2456, Wasserstein_dist:0.9656, vae_loss_seen:285.2930 GZSL: seen=0.7937, unseen=0.4375, h=0.5641 ZSL: unseen accuracy=0.7604
[138/300]  Loss_D: -0.8287 Loss_G: 21.1195, Wasserstein_dist:1.0823, vae_loss_seen:284.4676 GZSL: seen=0.7917, unseen=0.4323, h=0.5592 ZSL: unseen accuracy=0.7292
[139/300]  Loss_D: -0.8156 Loss_G: 21.4232, Wasserstein_dist:1.0320, vae_loss_seen:280.0622 GZSL: seen=0.7897, unseen=0.5677, h=0.6605 ZSL: unseen accuracy=0.8073
[140/300]  Loss_D: -0.7565 Loss_G: 20.8160, Wasserstein_dist:0.9788, vae_loss_seen:275.1715 GZSL: seen=0.8285, unseen=0.4167, h=0.5545 ZSL: unseen accuracy=0.7760
[141/300]  Loss_D: -0.8150 Loss_G: 21.2084, Wasserstein_dist:1.0427, vae_loss_seen:289.2440 GZSL: seen=0.8313, unseen=0.4115, h=0.5505 ZSL: unseen accuracy=0.7865
[142/300]  Loss_D: -0.7835 Loss_G: 21.9909, Wasserstein_dist:1.1190, vae_loss_seen:285.5093 GZSL: seen=0.8146, unseen=0.5625, h=0.6655 ZSL: unseen accuracy=0.7396
[143/300]  Loss_D: -0.8295 Loss_G: 21.8228, Wasserstein_dist:1.0750, vae_loss_seen:286.7721 GZSL: seen=0.8095, unseen=0.5156, h=0.6300 ZSL: unseen accuracy=0.7760
[144/300]  Loss_D: -0.7504 Loss_G: 20.6537, Wasserstein_dist:0.9525, vae_loss_seen:280.3656 GZSL: seen=0.8294, unseen=0.4219, h=0.5593 ZSL: unseen accuracy=0.7917
[145/300]  Loss_D: -0.7850 Loss_G: 21.2984, Wasserstein_dist:1.0224, vae_loss_seen:280.9935 GZSL: seen=0.8333, unseen=0.6094, h=0.7040 ZSL: unseen accuracy=0.7708
[146/300]  Loss_D: -0.7509 Loss_G: 21.8461, Wasserstein_dist:0.9917, vae_loss_seen:278.7139 GZSL: seen=0.8095, unseen=0.4010, h=0.5364 ZSL: unseen accuracy=0.7812
[147/300]  Loss_D: -0.8328 Loss_G: 20.1694, Wasserstein_dist:1.0885, vae_loss_seen:284.9808 GZSL: seen=0.8671, unseen=0.2344, h=0.3690 ZSL: unseen accuracy=0.7865
[148/300]  Loss_D: -0.7664 Loss_G: 20.7975, Wasserstein_dist:1.0592, vae_loss_seen:285.3570 GZSL: seen=0.8313, unseen=0.2760, h=0.4145 ZSL: unseen accuracy=0.6979
[149/300]  Loss_D: -0.6605 Loss_G: 20.8481, Wasserstein_dist:0.8697, vae_loss_seen:287.9537 GZSL: seen=0.7976, unseen=0.3698, h=0.5053 ZSL: unseen accuracy=0.7396
[150/300]  Loss_D: -0.5919 Loss_G: 20.8866, Wasserstein_dist:0.8363, vae_loss_seen:280.2039 GZSL: seen=0.8413, unseen=0.5938, h=0.6962 ZSL: unseen accuracy=0.7552
[151/300]  Loss_D: -0.7083 Loss_G: 20.2498, Wasserstein_dist:0.9381, vae_loss_seen:274.3268 GZSL: seen=0.8611, unseen=0.3854, h=0.5325 ZSL: unseen accuracy=0.7656
[152/300]  Loss_D: -0.6439 Loss_G: 19.4002, Wasserstein_dist:0.8695, vae_loss_seen:277.7922 GZSL: seen=0.8373, unseen=0.4010, h=0.5423 ZSL: unseen accuracy=0.7760
[153/300]  Loss_D: -0.8520 Loss_G: 21.2054, Wasserstein_dist:1.1163, vae_loss_seen:290.2740 GZSL: seen=0.8214, unseen=0.4167, h=0.5529 ZSL: unseen accuracy=0.8125
[154/300]  Loss_D: -0.8267 Loss_G: 21.1482, Wasserstein_dist:1.1068, vae_loss_seen:295.9891 GZSL: seen=0.8651, unseen=0.3802, h=0.5282 ZSL: unseen accuracy=0.7760
[155/300]  Loss_D: -0.7807 Loss_G: 21.4615, Wasserstein_dist:1.0189, vae_loss_seen:279.8761 GZSL: seen=0.8333, unseen=0.4010, h=0.5415 ZSL: unseen accuracy=0.7500
[156/300]  Loss_D: -0.8338 Loss_G: 20.0099, Wasserstein_dist:1.0704, vae_loss_seen:286.8914 GZSL: seen=0.8016, unseen=0.3073, h=0.4443 ZSL: unseen accuracy=0.8021
[157/300]  Loss_D: -0.8012 Loss_G: 19.8735, Wasserstein_dist:1.0585, vae_loss_seen:281.5053 GZSL: seen=0.7798, unseen=0.3854, h=0.5159 ZSL: unseen accuracy=0.7969
[158/300]  Loss_D: -0.8484 Loss_G: 19.6932, Wasserstein_dist:1.0867, vae_loss_seen:279.4725 GZSL: seen=0.7778, unseen=0.4271, h=0.5514 ZSL: unseen accuracy=0.7969
[159/300]  Loss_D: -0.8411 Loss_G: 21.0382, Wasserstein_dist:1.0722, vae_loss_seen:284.0372 GZSL: seen=0.8988, unseen=0.2448, h=0.3848 ZSL: unseen accuracy=0.7917
[160/300]  Loss_D: -0.8010 Loss_G: 19.1735, Wasserstein_dist:1.0371, vae_loss_seen:280.5075 GZSL: seen=0.8294, unseen=0.2448, h=0.3780 ZSL: unseen accuracy=0.7708
[161/300]  Loss_D: -0.8110 Loss_G: 19.5410, Wasserstein_dist:1.0923, vae_loss_seen:282.0920 GZSL: seen=0.8214, unseen=0.3750, h=0.5149 ZSL: unseen accuracy=0.8177
[162/300]  Loss_D: -0.6455 Loss_G: 20.0728, Wasserstein_dist:0.9191, vae_loss_seen:281.0038 GZSL: seen=0.8532, unseen=0.4062, h=0.5504 ZSL: unseen accuracy=0.7917
[163/300]  Loss_D: -0.8844 Loss_G: 19.2399, Wasserstein_dist:1.1888, vae_loss_seen:279.6224 GZSL: seen=0.8452, unseen=0.3854, h=0.5294 ZSL: unseen accuracy=0.8073
[164/300]  Loss_D: -0.7179 Loss_G: 19.4505, Wasserstein_dist:0.9365, vae_loss_seen:272.7430 GZSL: seen=0.8313, unseen=0.3958, h=0.5363 ZSL: unseen accuracy=0.7448
[165/300]  Loss_D: -0.7352 Loss_G: 19.7890, Wasserstein_dist:0.9422, vae_loss_seen:281.2946 GZSL: seen=0.7897, unseen=0.5729, h=0.6641 ZSL: unseen accuracy=0.7812
[166/300]  Loss_D: -0.6871 Loss_G: 18.8061, Wasserstein_dist:0.8989, vae_loss_seen:277.7755 GZSL: seen=0.8254, unseen=0.5990, h=0.6942 ZSL: unseen accuracy=0.7917
[167/300]  Loss_D: -0.7833 Loss_G: 18.3225, Wasserstein_dist:1.0795, vae_loss_seen:284.4239 GZSL: seen=0.8333, unseen=0.4531, h=0.5870 ZSL: unseen accuracy=0.7917
[168/300]  Loss_D: -0.7180 Loss_G: 19.2162, Wasserstein_dist:1.0352, vae_loss_seen:284.3107 GZSL: seen=0.7976, unseen=0.3698, h=0.5053 ZSL: unseen accuracy=0.7708
[169/300]  Loss_D: -0.8024 Loss_G: 17.4301, Wasserstein_dist:1.0370, vae_loss_seen:281.0460 GZSL: seen=0.8373, unseen=0.3698, h=0.5130 ZSL: unseen accuracy=0.7708
[170/300]  Loss_D: -0.7421 Loss_G: 17.3281, Wasserstein_dist:1.0190, vae_loss_seen:280.2832 GZSL: seen=0.8651, unseen=0.2396, h=0.3752 ZSL: unseen accuracy=0.7865
[171/300]  Loss_D: -0.6654 Loss_G: 18.2080, Wasserstein_dist:0.9005, vae_loss_seen:273.5477 GZSL: seen=0.8591, unseen=0.3750, h=0.5221 ZSL: unseen accuracy=0.7865
[172/300]  Loss_D: -0.5902 Loss_G: 18.4395, Wasserstein_dist:0.8755, vae_loss_seen:276.7830 GZSL: seen=0.8056, unseen=0.4219, h=0.5537 ZSL: unseen accuracy=0.7656
[173/300]  Loss_D: -0.6564 Loss_G: 19.0365, Wasserstein_dist:0.8928, vae_loss_seen:282.2852 GZSL: seen=0.8155, unseen=0.4115, h=0.5469 ZSL: unseen accuracy=0.8073
[174/300]  Loss_D: -0.5421 Loss_G: 18.6976, Wasserstein_dist:0.8169, vae_loss_seen:276.2762 GZSL: seen=0.8552, unseen=0.4219, h=0.5650 ZSL: unseen accuracy=0.8229
[175/300]  Loss_D: -0.5883 Loss_G: 18.8126, Wasserstein_dist:0.9257, vae_loss_seen:275.3279 GZSL: seen=0.8361, unseen=0.4115, h=0.5515 ZSL: unseen accuracy=0.7917
[176/300]  Loss_D: -0.7944 Loss_G: 17.9933, Wasserstein_dist:1.0184, vae_loss_seen:280.3447 GZSL: seen=0.8472, unseen=0.4219, h=0.5633 ZSL: unseen accuracy=0.8177
[177/300]  Loss_D: -0.7206 Loss_G: 17.2762, Wasserstein_dist:0.9307, vae_loss_seen:274.5008 GZSL: seen=0.8056, unseen=0.4688, h=0.5926 ZSL: unseen accuracy=0.8073
[178/300]  Loss_D: -0.5816 Loss_G: 16.7060, Wasserstein_dist:0.7766, vae_loss_seen:276.1208 GZSL: seen=0.8472, unseen=0.2812, h=0.4223 ZSL: unseen accuracy=0.7760
[179/300]  Loss_D: -0.6794 Loss_G: 18.1468, Wasserstein_dist:0.8893, vae_loss_seen:280.1992 GZSL: seen=0.8214, unseen=0.6250, h=0.7099 ZSL: unseen accuracy=0.8073
[180/300]  Loss_D: -0.7062 Loss_G: 17.5158, Wasserstein_dist:0.9228, vae_loss_seen:281.5616 GZSL: seen=0.8234, unseen=0.2865, h=0.4250 ZSL: unseen accuracy=0.8333
[181/300]  Loss_D: -0.7965 Loss_G: 17.6034, Wasserstein_dist:1.0472, vae_loss_seen:284.1583 GZSL: seen=0.8274, unseen=0.4531, h=0.5856 ZSL: unseen accuracy=0.8125
[182/300]  Loss_D: -0.5558 Loss_G: 17.3894, Wasserstein_dist:0.8504, vae_loss_seen:282.6439 GZSL: seen=0.7948, unseen=0.4062, h=0.5377 ZSL: unseen accuracy=0.7865
[183/300]  Loss_D: -0.7465 Loss_G: 16.1015, Wasserstein_dist:0.9834, vae_loss_seen:276.4816 GZSL: seen=0.8492, unseen=0.2969, h=0.4399 ZSL: unseen accuracy=0.8073
[184/300]  Loss_D: -0.7577 Loss_G: 16.7102, Wasserstein_dist:1.0028, vae_loss_seen:280.2072 GZSL: seen=0.7976, unseen=0.3906, h=0.5244 ZSL: unseen accuracy=0.8021
[185/300]  Loss_D: -0.6534 Loss_G: 17.0977, Wasserstein_dist:0.8667, vae_loss_seen:279.8377 GZSL: seen=0.8075, unseen=0.4740, h=0.5973 ZSL: unseen accuracy=0.8021
[186/300]  Loss_D: -0.9586 Loss_G: 15.2091, Wasserstein_dist:1.1863, vae_loss_seen:280.0803 GZSL: seen=0.9385, unseen=0.2240, h=0.3616 ZSL: unseen accuracy=0.7656
[187/300]  Loss_D: -0.6839 Loss_G: 15.7200, Wasserstein_dist:0.8750, vae_loss_seen:269.4995 GZSL: seen=0.7857, unseen=0.4167, h=0.5446 ZSL: unseen accuracy=0.7917
[188/300]  Loss_D: -0.6986 Loss_G: 15.8459, Wasserstein_dist:0.9011, vae_loss_seen:274.8126 GZSL: seen=0.8373, unseen=0.4635, h=0.5967 ZSL: unseen accuracy=0.8125
[189/300]  Loss_D: -0.8324 Loss_G: 16.2568, Wasserstein_dist:1.0535, vae_loss_seen:282.4573 GZSL: seen=0.8166, unseen=0.3958, h=0.5332 ZSL: unseen accuracy=0.8021
[190/300]  Loss_D: -0.6504 Loss_G: 15.2511, Wasserstein_dist:0.8784, vae_loss_seen:272.9138 GZSL: seen=0.8194, unseen=0.4271, h=0.5615 ZSL: unseen accuracy=0.7917
[191/300]  Loss_D: -0.7481 Loss_G: 16.4970, Wasserstein_dist:0.9707, vae_loss_seen:270.9651 GZSL: seen=0.8710, unseen=0.5104, h=0.6437 ZSL: unseen accuracy=0.8229
[192/300]  Loss_D: -0.6270 Loss_G: 15.9502, Wasserstein_dist:0.8380, vae_loss_seen:272.9852 GZSL: seen=0.8413, unseen=0.3021, h=0.4445 ZSL: unseen accuracy=0.7812
[193/300]  Loss_D: -0.7101 Loss_G: 14.7187, Wasserstein_dist:0.8940, vae_loss_seen:265.6792 GZSL: seen=0.8115, unseen=0.4479, h=0.5772 ZSL: unseen accuracy=0.7604
[194/300]  Loss_D: -0.7820 Loss_G: 16.0615, Wasserstein_dist:1.0084, vae_loss_seen:273.7773 GZSL: seen=0.8948, unseen=0.2396, h=0.3780 ZSL: unseen accuracy=0.8021
[195/300]  Loss_D: -0.6709 Loss_G: 16.5015, Wasserstein_dist:0.9097, vae_loss_seen:276.9614 GZSL: seen=0.8492, unseen=0.4375, h=0.5775 ZSL: unseen accuracy=0.8021
[196/300]  Loss_D: -0.7624 Loss_G: 15.5638, Wasserstein_dist:0.9693, vae_loss_seen:277.0838 GZSL: seen=0.8373, unseen=0.3854, h=0.5279 ZSL: unseen accuracy=0.7917
[197/300]  Loss_D: -0.6458 Loss_G: 15.9099, Wasserstein_dist:0.8609, vae_loss_seen:272.2941 GZSL: seen=0.8690, unseen=0.4427, h=0.5866 ZSL: unseen accuracy=0.8177
[198/300]  Loss_D: -0.7182 Loss_G: 16.1384, Wasserstein_dist:0.9357, vae_loss_seen:276.3867 GZSL: seen=0.8135, unseen=0.2656, h=0.4005 ZSL: unseen accuracy=0.8021
[199/300]  Loss_D: -0.6716 Loss_G: 15.7225, Wasserstein_dist:0.9228, vae_loss_seen:275.0147 GZSL: seen=0.8313, unseen=0.4375, h=0.5733 ZSL: unseen accuracy=0.7604
[200/300]  Loss_D: -0.7597 Loss_G: 15.4703, Wasserstein_dist:0.9734, vae_loss_seen:275.8442 GZSL: seen=0.8662, unseen=0.4010, h=0.5483 ZSL: unseen accuracy=0.8229
[201/300]  Loss_D: -0.7869 Loss_G: 15.2667, Wasserstein_dist:1.0065, vae_loss_seen:267.4562 GZSL: seen=0.7959, unseen=0.4635, h=0.5859 ZSL: unseen accuracy=0.8385
[202/300]  Loss_D: -0.8462 Loss_G: 14.6069, Wasserstein_dist:1.1411, vae_loss_seen:275.8706 GZSL: seen=0.8214, unseen=0.4010, h=0.5390 ZSL: unseen accuracy=0.7969
[203/300]  Loss_D: -0.7567 Loss_G: 16.8320, Wasserstein_dist:1.0506, vae_loss_seen:272.4925 GZSL: seen=0.8294, unseen=0.4271, h=0.5638 ZSL: unseen accuracy=0.7760
[204/300]  Loss_D: -0.6450 Loss_G: 15.7289, Wasserstein_dist:0.8554, vae_loss_seen:281.4888 GZSL: seen=0.8671, unseen=0.2396, h=0.3754 ZSL: unseen accuracy=0.8229
[205/300]  Loss_D: -0.6724 Loss_G: 16.2836, Wasserstein_dist:0.8947, vae_loss_seen:279.5413 GZSL: seen=0.8452, unseen=0.4115, h=0.5535 ZSL: unseen accuracy=0.8229
[206/300]  Loss_D: -0.7292 Loss_G: 14.9499, Wasserstein_dist:0.9630, vae_loss_seen:288.5415 GZSL: seen=0.8333, unseen=0.4479, h=0.5827 ZSL: unseen accuracy=0.7969
[207/300]  Loss_D: -0.4863 Loss_G: 14.0153, Wasserstein_dist:0.7065, vae_loss_seen:269.7521 GZSL: seen=0.8393, unseen=0.4219, h=0.5615 ZSL: unseen accuracy=0.8073
[208/300]  Loss_D: -0.7747 Loss_G: 13.9586, Wasserstein_dist:0.9591, vae_loss_seen:265.8015 GZSL: seen=0.8631, unseen=0.3958, h=0.5428 ZSL: unseen accuracy=0.8073
[209/300]  Loss_D: -0.7621 Loss_G: 15.3323, Wasserstein_dist:0.9945, vae_loss_seen:270.7786 GZSL: seen=0.8135, unseen=0.4271, h=0.5601 ZSL: unseen accuracy=0.8125
[210/300]  Loss_D: -0.6631 Loss_G: 14.6526, Wasserstein_dist:0.9167, vae_loss_seen:266.5916 GZSL: seen=0.8444, unseen=0.4323, h=0.5718 ZSL: unseen accuracy=0.8438
[211/300]  Loss_D: -0.7440 Loss_G: 13.0376, Wasserstein_dist:1.0311, vae_loss_seen:267.9785 GZSL: seen=0.8294, unseen=0.4271, h=0.5638 ZSL: unseen accuracy=0.8021
[212/300]  Loss_D: -0.6123 Loss_G: 18.3256, Wasserstein_dist:0.9091, vae_loss_seen:283.5055 GZSL: seen=0.8036, unseen=0.4792, h=0.6003 ZSL: unseen accuracy=0.8333
[213/300]  Loss_D: -0.5937 Loss_G: 14.4351, Wasserstein_dist:0.7396, vae_loss_seen:263.5978 GZSL: seen=0.8552, unseen=0.4323, h=0.5743 ZSL: unseen accuracy=0.7917
[214/300]  Loss_D: -0.7276 Loss_G: 14.5303, Wasserstein_dist:1.0008, vae_loss_seen:276.6691 GZSL: seen=0.8135, unseen=0.4844, h=0.6072 ZSL: unseen accuracy=0.8281
[215/300]  Loss_D: -0.6925 Loss_G: 14.6819, Wasserstein_dist:0.9152, vae_loss_seen:274.4180 GZSL: seen=0.8274, unseen=0.4219, h=0.5588 ZSL: unseen accuracy=0.8281
[216/300]  Loss_D: -0.7045 Loss_G: 14.7149, Wasserstein_dist:0.9102, vae_loss_seen:269.0898 GZSL: seen=0.8294, unseen=0.4323, h=0.5683 ZSL: unseen accuracy=0.8333
[217/300]  Loss_D: -0.5294 Loss_G: 15.1814, Wasserstein_dist:0.7246, vae_loss_seen:276.5629 GZSL: seen=0.8115, unseen=0.4115, h=0.5461 ZSL: unseen accuracy=0.7969
[218/300]  Loss_D: -0.6103 Loss_G: 15.9866, Wasserstein_dist:0.8469, vae_loss_seen:274.9820 GZSL: seen=0.8373, unseen=0.4427, h=0.5792 ZSL: unseen accuracy=0.7969
[219/300]  Loss_D: -0.6942 Loss_G: 16.7225, Wasserstein_dist:0.9584, vae_loss_seen:277.5061 GZSL: seen=0.8099, unseen=0.3854, h=0.5223 ZSL: unseen accuracy=0.8125
[220/300]  Loss_D: -0.6069 Loss_G: 16.0415, Wasserstein_dist:0.8320, vae_loss_seen:269.3504 GZSL: seen=0.8571, unseen=0.4323, h=0.5747 ZSL: unseen accuracy=0.8490
[221/300]  Loss_D: -0.5680 Loss_G: 13.2034, Wasserstein_dist:0.7377, vae_loss_seen:269.0191 GZSL: seen=0.8492, unseen=0.4010, h=0.5448 ZSL: unseen accuracy=0.8229
[222/300]  Loss_D: -0.6815 Loss_G: 14.0807, Wasserstein_dist:0.9216, vae_loss_seen:271.3311 GZSL: seen=0.8552, unseen=0.2552, h=0.3931 ZSL: unseen accuracy=0.8229
[223/300]  Loss_D: -0.6319 Loss_G: 14.6929, Wasserstein_dist:0.8321, vae_loss_seen:275.9376 GZSL: seen=0.8095, unseen=0.4219, h=0.5547 ZSL: unseen accuracy=0.8438
[224/300]  Loss_D: -0.4935 Loss_G: 13.3140, Wasserstein_dist:0.7135, vae_loss_seen:263.1079 GZSL: seen=0.8631, unseen=0.3750, h=0.5228 ZSL: unseen accuracy=0.8073
[225/300]  Loss_D: -0.6205 Loss_G: 14.1123, Wasserstein_dist:0.8133, vae_loss_seen:270.1494 GZSL: seen=0.8651, unseen=0.4375, h=0.5811 ZSL: unseen accuracy=0.8073
[226/300]  Loss_D: -0.6523 Loss_G: 13.5322, Wasserstein_dist:0.8562, vae_loss_seen:271.9623 GZSL: seen=0.8552, unseen=0.4115, h=0.5556 ZSL: unseen accuracy=0.8229
[227/300]  Loss_D: -0.5354 Loss_G: 13.8672, Wasserstein_dist:0.7541, vae_loss_seen:273.7809 GZSL: seen=0.8611, unseen=0.4271, h=0.5710 ZSL: unseen accuracy=0.8125
[228/300]  Loss_D: -0.8635 Loss_G: 16.2726, Wasserstein_dist:1.1127, vae_loss_seen:285.7135 GZSL: seen=0.8671, unseen=0.4167, h=0.5629 ZSL: unseen accuracy=0.8021
[229/300]  Loss_D: -0.8570 Loss_G: 13.7148, Wasserstein_dist:1.0815, vae_loss_seen:276.0381 GZSL: seen=0.8036, unseen=0.4010, h=0.5351 ZSL: unseen accuracy=0.8385
[230/300]  Loss_D: -0.6576 Loss_G: 13.2784, Wasserstein_dist:0.8324, vae_loss_seen:266.7707 GZSL: seen=0.8234, unseen=0.4271, h=0.5624 ZSL: unseen accuracy=0.8281
[231/300]  Loss_D: -0.5848 Loss_G: 14.2205, Wasserstein_dist:0.7534, vae_loss_seen:269.9060 GZSL: seen=0.8234, unseen=0.4740, h=0.6016 ZSL: unseen accuracy=0.8021
[232/300]  Loss_D: -0.5803 Loss_G: 14.6333, Wasserstein_dist:0.8148, vae_loss_seen:276.5145 GZSL: seen=0.7956, unseen=0.4062, h=0.5379 ZSL: unseen accuracy=0.8073
[233/300]  Loss_D: -0.7026 Loss_G: 15.6843, Wasserstein_dist:0.9534, vae_loss_seen:278.3233 GZSL: seen=0.8254, unseen=0.5000, h=0.6228 ZSL: unseen accuracy=0.8594
[234/300]  Loss_D: -0.7096 Loss_G: 13.9928, Wasserstein_dist:0.8937, vae_loss_seen:268.4133 GZSL: seen=0.8115, unseen=0.4271, h=0.5596 ZSL: unseen accuracy=0.8125
[235/300]  Loss_D: -0.7893 Loss_G: 12.4859, Wasserstein_dist:0.9763, vae_loss_seen:273.4879 GZSL: seen=0.8790, unseen=0.4271, h=0.5749 ZSL: unseen accuracy=0.8021
[236/300]  Loss_D: -0.6414 Loss_G: 13.7378, Wasserstein_dist:0.8973, vae_loss_seen:267.4709 GZSL: seen=0.7976, unseen=0.4271, h=0.5563 ZSL: unseen accuracy=0.8281
[237/300]  Loss_D: -0.6621 Loss_G: 12.0679, Wasserstein_dist:0.8174, vae_loss_seen:264.2153 GZSL: seen=0.8254, unseen=0.4323, h=0.5674 ZSL: unseen accuracy=0.8073
[238/300]  Loss_D: -0.6741 Loss_G: 12.1239, Wasserstein_dist:0.8963, vae_loss_seen:267.3282 GZSL: seen=0.7976, unseen=0.3542, h=0.4905 ZSL: unseen accuracy=0.7760
[239/300]  Loss_D: -0.6105 Loss_G: 13.4279, Wasserstein_dist:0.7893, vae_loss_seen:268.7318 GZSL: seen=0.8194, unseen=0.5365, h=0.6484 ZSL: unseen accuracy=0.8177
[240/300]  Loss_D: -0.6235 Loss_G: 11.8462, Wasserstein_dist:0.8293, vae_loss_seen:270.8201 GZSL: seen=0.8254, unseen=0.4115, h=0.5492 ZSL: unseen accuracy=0.8333
[241/300]  Loss_D: -0.7551 Loss_G: 11.9251, Wasserstein_dist:0.9582, vae_loss_seen:275.0994 GZSL: seen=0.8175, unseen=0.3958, h=0.5334 ZSL: unseen accuracy=0.8385
[242/300]  Loss_D: -0.6998 Loss_G: 11.9365, Wasserstein_dist:0.9159, vae_loss_seen:269.1698 GZSL: seen=0.8730, unseen=0.4479, h=0.5921 ZSL: unseen accuracy=0.8229
[243/300]  Loss_D: -0.7070 Loss_G: 13.3009, Wasserstein_dist:0.9138, vae_loss_seen:268.2437 GZSL: seen=0.8571, unseen=0.4062, h=0.5512 ZSL: unseen accuracy=0.8385
[244/300]  Loss_D: -0.6105 Loss_G: 12.8070, Wasserstein_dist:0.7783, vae_loss_seen:262.8362 GZSL: seen=0.8393, unseen=0.4115, h=0.5522 ZSL: unseen accuracy=0.8229
[245/300]  Loss_D: -0.6146 Loss_G: 16.8098, Wasserstein_dist:0.7859, vae_loss_seen:274.3310 GZSL: seen=0.8413, unseen=0.6146, h=0.7103 ZSL: unseen accuracy=0.8177
[246/300]  Loss_D: -0.7093 Loss_G: 12.4648, Wasserstein_dist:0.9181, vae_loss_seen:277.4617 GZSL: seen=0.8444, unseen=0.4167, h=0.5580 ZSL: unseen accuracy=0.8333
[247/300]  Loss_D: -0.6152 Loss_G: 13.3012, Wasserstein_dist:0.8110, vae_loss_seen:268.8052 GZSL: seen=0.8512, unseen=0.4792, h=0.6132 ZSL: unseen accuracy=0.8333
[248/300]  Loss_D: -0.5656 Loss_G: 12.2739, Wasserstein_dist:0.7453, vae_loss_seen:266.8439 GZSL: seen=0.8036, unseen=0.4479, h=0.5752 ZSL: unseen accuracy=0.8333
[249/300]  Loss_D: -0.6303 Loss_G: 12.6960, Wasserstein_dist:0.8318, vae_loss_seen:268.6040 GZSL: seen=0.8492, unseen=0.3958, h=0.5400 ZSL: unseen accuracy=0.7969
[250/300]  Loss_D: -0.6918 Loss_G: 12.0709, Wasserstein_dist:0.9024, vae_loss_seen:271.6217 GZSL: seen=0.8353, unseen=0.4115, h=0.5513 ZSL: unseen accuracy=0.8281
[251/300]  Loss_D: -0.6118 Loss_G: 13.1732, Wasserstein_dist:0.8190, vae_loss_seen:267.8899 GZSL: seen=0.8056, unseen=0.4323, h=0.5626 ZSL: unseen accuracy=0.8125
[252/300]  Loss_D: -0.5649 Loss_G: 11.7285, Wasserstein_dist:0.7449, vae_loss_seen:257.7180 GZSL: seen=0.8690, unseen=0.6146, h=0.7200 ZSL: unseen accuracy=0.8438
[253/300]  Loss_D: -0.5200 Loss_G: 12.0579, Wasserstein_dist:0.6708, vae_loss_seen:265.0664 GZSL: seen=0.7730, unseen=0.4271, h=0.5502 ZSL: unseen accuracy=0.8438
[254/300]  Loss_D: -0.5425 Loss_G: 12.7608, Wasserstein_dist:0.7560, vae_loss_seen:262.1043 GZSL: seen=0.8810, unseen=0.4115, h=0.5609 ZSL: unseen accuracy=0.7969
[255/300]  Loss_D: -0.6734 Loss_G: 14.2570, Wasserstein_dist:0.8567, vae_loss_seen:273.4235 GZSL: seen=0.8413, unseen=0.3646, h=0.5087 ZSL: unseen accuracy=0.8385
[256/300]  Loss_D: -0.5895 Loss_G: 13.5146, Wasserstein_dist:0.7851, vae_loss_seen:265.9229 GZSL: seen=0.7996, unseen=0.4479, h=0.5742 ZSL: unseen accuracy=0.8542
[257/300]  Loss_D: -0.7412 Loss_G: 13.1988, Wasserstein_dist:0.9525, vae_loss_seen:277.6126 GZSL: seen=0.8036, unseen=0.4583, h=0.5837 ZSL: unseen accuracy=0.8646
[258/300]  Loss_D: -0.5828 Loss_G: 10.8000, Wasserstein_dist:0.7915, vae_loss_seen:266.1142 GZSL: seen=0.8294, unseen=0.4115, h=0.5500 ZSL: unseen accuracy=0.8177
[259/300]  Loss_D: -0.6268 Loss_G: 11.8610, Wasserstein_dist:0.8424, vae_loss_seen:277.6165 GZSL: seen=0.8761, unseen=0.3542, h=0.5044 ZSL: unseen accuracy=0.8281
[260/300]  Loss_D: -0.6732 Loss_G: 10.5873, Wasserstein_dist:0.8925, vae_loss_seen:279.5346 GZSL: seen=0.7857, unseen=0.6875, h=0.7333 ZSL: unseen accuracy=0.8333
[261/300]  Loss_D: -0.7880 Loss_G: 9.5890, Wasserstein_dist:0.9891, vae_loss_seen:267.3903 GZSL: seen=0.8234, unseen=0.4062, h=0.5441 ZSL: unseen accuracy=0.8542
[262/300]  Loss_D: -0.5359 Loss_G: 12.7725, Wasserstein_dist:0.7789, vae_loss_seen:277.8650 GZSL: seen=0.8313, unseen=0.4271, h=0.5643 ZSL: unseen accuracy=0.8438
[263/300]  Loss_D: -0.6412 Loss_G: 9.5518, Wasserstein_dist:0.8280, vae_loss_seen:259.5506 GZSL: seen=0.8393, unseen=0.4375, h=0.5752 ZSL: unseen accuracy=0.7969
[264/300]  Loss_D: -0.5862 Loss_G: 11.1223, Wasserstein_dist:0.7948, vae_loss_seen:266.3471 GZSL: seen=0.8016, unseen=0.4427, h=0.5704 ZSL: unseen accuracy=0.8490
[265/300]  Loss_D: -0.5820 Loss_G: 10.5693, Wasserstein_dist:0.7458, vae_loss_seen:263.5803 GZSL: seen=0.8036, unseen=0.4271, h=0.5577 ZSL: unseen accuracy=0.8333
[266/300]  Loss_D: -0.6736 Loss_G: 10.2826, Wasserstein_dist:0.9374, vae_loss_seen:274.6130 GZSL: seen=0.7936, unseen=0.4583, h=0.5811 ZSL: unseen accuracy=0.8229
[267/300]  Loss_D: -0.7216 Loss_G: 11.9483, Wasserstein_dist:0.9510, vae_loss_seen:272.7277 GZSL: seen=0.8631, unseen=0.4427, h=0.5852 ZSL: unseen accuracy=0.8385
[268/300]  Loss_D: -0.5329 Loss_G: 10.5999, Wasserstein_dist:0.7215, vae_loss_seen:258.4790 GZSL: seen=0.8313, unseen=0.3958, h=0.5363 ZSL: unseen accuracy=0.8177
[269/300]  Loss_D: -0.6751 Loss_G: 12.4996, Wasserstein_dist:0.9179, vae_loss_seen:270.3124 GZSL: seen=0.8591, unseen=0.4479, h=0.5888 ZSL: unseen accuracy=0.8229
[270/300]  Loss_D: -0.6638 Loss_G: 12.2994, Wasserstein_dist:0.8743, vae_loss_seen:272.0120 GZSL: seen=0.8472, unseen=0.4010, h=0.5444 ZSL: unseen accuracy=0.8281
[271/300]  Loss_D: -0.4629 Loss_G: 11.4147, Wasserstein_dist:0.6516, vae_loss_seen:271.6368 GZSL: seen=0.8313, unseen=0.2865, h=0.4261 ZSL: unseen accuracy=0.8333
[272/300]  Loss_D: -0.7798 Loss_G: 10.1769, Wasserstein_dist:0.9831, vae_loss_seen:268.5635 GZSL: seen=0.8433, unseen=0.4479, h=0.5851 ZSL: unseen accuracy=0.8438
[273/300]  Loss_D: -0.6499 Loss_G: 11.7373, Wasserstein_dist:0.8649, vae_loss_seen:276.0943 GZSL: seen=0.8532, unseen=0.4635, h=0.6007 ZSL: unseen accuracy=0.8542
[274/300]  Loss_D: -0.6324 Loss_G: 10.9663, Wasserstein_dist:0.8073, vae_loss_seen:274.5832 GZSL: seen=0.8750, unseen=0.2552, h=0.3952 ZSL: unseen accuracy=0.8281
[275/300]  Loss_D: -0.5650 Loss_G: 10.2840, Wasserstein_dist:0.7742, vae_loss_seen:265.1163 GZSL: seen=0.8274, unseen=0.4427, h=0.5768 ZSL: unseen accuracy=0.7917
[276/300]  Loss_D: -0.6381 Loss_G: 13.9240, Wasserstein_dist:0.9145, vae_loss_seen:273.3444 GZSL: seen=0.7817, unseen=0.2604, h=0.3907 ZSL: unseen accuracy=0.8177
[277/300]  Loss_D: -0.7384 Loss_G: 11.1407, Wasserstein_dist:0.9578, vae_loss_seen:270.2942 GZSL: seen=0.7897, unseen=0.4167, h=0.5455 ZSL: unseen accuracy=0.8490
[278/300]  Loss_D: -0.6518 Loss_G: 12.6052, Wasserstein_dist:0.8200, vae_loss_seen:268.0538 GZSL: seen=0.8274, unseen=0.4271, h=0.5634 ZSL: unseen accuracy=0.8698
[279/300]  Loss_D: -0.5910 Loss_G: 11.6113, Wasserstein_dist:0.8075, vae_loss_seen:274.7894 GZSL: seen=0.8333, unseen=0.4427, h=0.5782 ZSL: unseen accuracy=0.8646
[280/300]  Loss_D: -0.6622 Loss_G: 9.0088, Wasserstein_dist:0.8695, vae_loss_seen:262.3062 GZSL: seen=0.8135, unseen=0.4115, h=0.5465 ZSL: unseen accuracy=0.8385
[281/300]  Loss_D: -0.4801 Loss_G: 11.4731, Wasserstein_dist:0.6572, vae_loss_seen:270.0078 GZSL: seen=0.8155, unseen=0.4583, h=0.5868 ZSL: unseen accuracy=0.8229
[282/300]  Loss_D: -0.5992 Loss_G: 9.9400, Wasserstein_dist:0.8088, vae_loss_seen:268.1363 GZSL: seen=0.8393, unseen=0.5365, h=0.6545 ZSL: unseen accuracy=0.8281
[283/300]  Loss_D: -0.4874 Loss_G: 9.2491, Wasserstein_dist:0.6517, vae_loss_seen:262.6486 GZSL: seen=0.8373, unseen=0.4271, h=0.5656 ZSL: unseen accuracy=0.8385
[284/300]  Loss_D: -0.6363 Loss_G: 9.7858, Wasserstein_dist:0.8299, vae_loss_seen:266.6380 GZSL: seen=0.8492, unseen=0.4323, h=0.5729 ZSL: unseen accuracy=0.8177
[285/300]  Loss_D: -0.5881 Loss_G: 9.0676, Wasserstein_dist:0.7777, vae_loss_seen:259.4373 GZSL: seen=0.8611, unseen=0.4635, h=0.6027 ZSL: unseen accuracy=0.8125
[286/300]  Loss_D: -0.6956 Loss_G: 9.5410, Wasserstein_dist:0.8975, vae_loss_seen:266.0561 GZSL: seen=0.8313, unseen=0.5365, h=0.6521 ZSL: unseen accuracy=0.8490
[287/300]  Loss_D: -0.6960 Loss_G: 11.4596, Wasserstein_dist:0.9858, vae_loss_seen:275.2780 GZSL: seen=0.8333, unseen=0.4219, h=0.5602 ZSL: unseen accuracy=0.8750
[288/300]  Loss_D: -0.6991 Loss_G: 12.6690, Wasserstein_dist:0.9638, vae_loss_seen:279.8663 GZSL: seen=0.8452, unseen=0.4323, h=0.5720 ZSL: unseen accuracy=0.8385
[289/300]  Loss_D: -0.6601 Loss_G: 9.9130, Wasserstein_dist:0.9032, vae_loss_seen:267.1049 GZSL: seen=0.8115, unseen=0.3906, h=0.5274 ZSL: unseen accuracy=0.8542
[290/300]  Loss_D: -0.5318 Loss_G: 10.2073, Wasserstein_dist:0.7017, vae_loss_seen:261.7211 GZSL: seen=0.8503, unseen=0.4427, h=0.5823 ZSL: unseen accuracy=0.8333
[291/300]  Loss_D: -0.6013 Loss_G: 10.1099, Wasserstein_dist:0.7852, vae_loss_seen:263.9841 GZSL: seen=0.8027, unseen=0.3750, h=0.5112 ZSL: unseen accuracy=0.8229
[292/300]  Loss_D: -0.6148 Loss_G: 9.6018, Wasserstein_dist:0.8512, vae_loss_seen:263.6394 GZSL: seen=0.8393, unseen=0.4688, h=0.6015 ZSL: unseen accuracy=0.8490
[293/300]  Loss_D: -0.6233 Loss_G: 9.2548, Wasserstein_dist:0.7579, vae_loss_seen:264.8140 GZSL: seen=0.8552, unseen=0.4479, h=0.5879 ZSL: unseen accuracy=0.8281
[294/300]  Loss_D: -0.7043 Loss_G: 9.0416, Wasserstein_dist:0.9003, vae_loss_seen:275.1972 GZSL: seen=0.8393, unseen=0.4375, h=0.5752 ZSL: unseen accuracy=0.7917
[295/300]  Loss_D: -0.7211 Loss_G: 11.3672, Wasserstein_dist:0.9371, vae_loss_seen:273.9564 GZSL: seen=0.8722, unseen=0.4479, h=0.5919 ZSL: unseen accuracy=0.8802
[296/300]  Loss_D: -0.5322 Loss_G: 10.6776, Wasserstein_dist:0.7344, vae_loss_seen:260.5891 GZSL: seen=0.7817, unseen=0.4583, h=0.5779 ZSL: unseen accuracy=0.8542
[297/300]  Loss_D: -0.5563 Loss_G: 10.4881, Wasserstein_dist:0.7341, vae_loss_seen:270.3601 GZSL: seen=0.7917, unseen=0.3854, h=0.5184 ZSL: unseen accuracy=0.8229
[298/300]  Loss_D: -0.6444 Loss_G: 7.5993, Wasserstein_dist:0.8393, vae_loss_seen:266.8966 GZSL: seen=0.8194, unseen=0.4219, h=0.5570 ZSL: unseen accuracy=0.8229
[299/300]  Loss_D: -0.7359 Loss_G: 8.2919, Wasserstein_dist:0.9751, vae_loss_seen:266.9080 GZSL: seen=0.8214, unseen=0.5104, h=0.6296 ZSL: unseen accuracy=0.8333
Dataset RADAR
the best ZSL unseen accuracy is 0.8854166666666666
Dataset RADAR
the best GZSL seen accuracy is 0.8432539682539681
the best GZSL unseen accuracy is 0.703125
the best GZSL H is 0.766840417000802
