Random Seed:  3407
# of training samples:  538
Encoder(
  (fc1): Linear(in_features=1536, out_features=4096, bias=True)
  (fc3): Linear(in_features=4096, out_features=1024, bias=True)
  (lrelu): LeakyReLU(0.2, inplace)
  (linear_means): Linear(in_features=1024, out_features=512, bias=True)
  (linear_log_var): Linear(in_features=1024, out_features=512, bias=True)
)
Generator(
  (fc1): Linear(in_features=1024, out_features=4096, bias=True)
  (fc3): Linear(in_features=4096, out_features=1024, bias=True)
  (lrelu): LeakyReLU(0.2, inplace)
  (sigmoid): Sigmoid()
)
Discriminator_D1(
  (fc1): Linear(in_features=1536, out_features=4096, bias=True)
  (fc2): Linear(in_features=4096, out_features=1, bias=True)
  (lrelu): LeakyReLU(0.2, inplace)
)
Feedback(
  (fc1): Linear(in_features=4096, out_features=4096, bias=True)
  (fc2): Linear(in_features=4096, out_features=4096, bias=True)
  (lrelu): LeakyReLU(0.2, inplace)
)
AttDec(
  (fc1): Linear(in_features=1024, out_features=4096, bias=True)
  (fc3): Linear(in_features=4096, out_features=512, bias=True)
  (lrelu): LeakyReLU(0.2, inplace)
)
[0/300]  Loss_D: -110.6595 Loss_G: 1.0540, Wasserstein_dist:138.6899, vae_loss_seen:488.9889 GZSL: seen=0.8948, unseen=0.2396, h=0.3780 ZSL: unseen accuracy=0.6771
[1/300]  Loss_D: -75.2152 Loss_G: -1.3420, Wasserstein_dist:98.7000, vae_loss_seen:402.3319 GZSL: seen=0.9008, unseen=0.3073, h=0.4583 ZSL: unseen accuracy=0.6094
[2/300]  Loss_D: -39.8468 Loss_G: -3.6645, Wasserstein_dist:52.6707, vae_loss_seen:320.8157 GZSL: seen=0.8929, unseen=0.3229, h=0.4743 ZSL: unseen accuracy=0.7969
[3/300]  Loss_D: -20.0384 Loss_G: -5.5049, Wasserstein_dist:24.7687, vae_loss_seen:271.8555 GZSL: seen=0.8810, unseen=0.2917, h=0.4382 ZSL: unseen accuracy=0.7135
[4/300]  Loss_D: -15.9740 Loss_G: -5.5399, Wasserstein_dist:19.5938, vae_loss_seen:272.6021 GZSL: seen=0.9246, unseen=0.2760, h=0.4252 ZSL: unseen accuracy=0.7344
[5/300]  Loss_D: -10.9145 Loss_G: -5.0207, Wasserstein_dist:13.2655, vae_loss_seen:273.7824 GZSL: seen=0.8968, unseen=0.3229, h=0.4749 ZSL: unseen accuracy=0.7344
[6/300]  Loss_D: -10.5419 Loss_G: -4.4461, Wasserstein_dist:12.3388, vae_loss_seen:265.3804 GZSL: seen=0.8274, unseen=0.3281, h=0.4699 ZSL: unseen accuracy=0.6927
[7/300]  Loss_D: -9.8575 Loss_G: -3.3678, Wasserstein_dist:12.1017, vae_loss_seen:279.2709 GZSL: seen=0.8730, unseen=0.3333, h=0.4825 ZSL: unseen accuracy=0.7135
[8/300]  Loss_D: -11.6757 Loss_G: -2.4975, Wasserstein_dist:13.3323, vae_loss_seen:284.1609 GZSL: seen=0.9206, unseen=0.3438, h=0.5006 ZSL: unseen accuracy=0.7552
[9/300]  Loss_D: -12.4845 Loss_G: -1.2778, Wasserstein_dist:14.7512, vae_loss_seen:312.4788 GZSL: seen=0.7460, unseen=0.3229, h=0.4507 ZSL: unseen accuracy=0.7448
[10/300]  Loss_D: -13.4788 Loss_G: 0.2323, Wasserstein_dist:15.7826, vae_loss_seen:318.7791 GZSL: seen=0.8115, unseen=0.4688, h=0.5942 ZSL: unseen accuracy=0.8073
[11/300]  Loss_D: -15.3437 Loss_G: 0.7202, Wasserstein_dist:18.4620, vae_loss_seen:309.5799 GZSL: seen=0.9206, unseen=0.3125, h=0.4666 ZSL: unseen accuracy=0.7448
[12/300]  Loss_D: -13.8408 Loss_G: 3.6980, Wasserstein_dist:19.1791, vae_loss_seen:345.2595 GZSL: seen=0.7361, unseen=0.3281, h=0.4539 ZSL: unseen accuracy=0.6719
[13/300]  Loss_D: -13.1548 Loss_G: 3.2763, Wasserstein_dist:18.3207, vae_loss_seen:342.4228 GZSL: seen=0.7897, unseen=0.5312, h=0.6352 ZSL: unseen accuracy=0.8646
[14/300]  Loss_D: -14.8466 Loss_G: 3.7105, Wasserstein_dist:19.9398, vae_loss_seen:343.8935 GZSL: seen=0.7560, unseen=0.3802, h=0.5059 ZSL: unseen accuracy=0.6979
[15/300]  Loss_D: -13.5868 Loss_G: 4.6275, Wasserstein_dist:19.5510, vae_loss_seen:351.4231 GZSL: seen=0.7409, unseen=0.5990, h=0.6624 ZSL: unseen accuracy=0.7500
[16/300]  Loss_D: -13.8182 Loss_G: 5.5197, Wasserstein_dist:19.0313, vae_loss_seen:361.5600 GZSL: seen=0.7698, unseen=0.5938, h=0.6704 ZSL: unseen accuracy=0.8698
[17/300]  Loss_D: -13.4773 Loss_G: 4.5668, Wasserstein_dist:19.1487, vae_loss_seen:350.9099 GZSL: seen=0.8135, unseen=0.5938, h=0.6865 ZSL: unseen accuracy=0.8750
[18/300]  Loss_D: -13.9818 Loss_G: 4.6508, Wasserstein_dist:19.1644, vae_loss_seen:344.7713 GZSL: seen=0.7798, unseen=0.5417, h=0.6393 ZSL: unseen accuracy=0.7396
[19/300]  Loss_D: -14.6259 Loss_G: 5.8934, Wasserstein_dist:19.9944, vae_loss_seen:361.2356 GZSL: seen=0.8135, unseen=0.4792, h=0.6031 ZSL: unseen accuracy=0.8125
[20/300]  Loss_D: -14.2738 Loss_G: 5.2029, Wasserstein_dist:19.3494, vae_loss_seen:361.1449 GZSL: seen=0.7758, unseen=0.5156, h=0.6195 ZSL: unseen accuracy=0.7344
[21/300]  Loss_D: -14.2508 Loss_G: 5.6267, Wasserstein_dist:19.6178, vae_loss_seen:352.0762 GZSL: seen=0.8472, unseen=0.4531, h=0.5905 ZSL: unseen accuracy=0.8073
[22/300]  Loss_D: -13.3838 Loss_G: 6.0362, Wasserstein_dist:18.3548, vae_loss_seen:355.6801 GZSL: seen=0.7897, unseen=0.4010, h=0.5319 ZSL: unseen accuracy=0.8177
[23/300]  Loss_D: -14.7130 Loss_G: 6.6394, Wasserstein_dist:20.1891, vae_loss_seen:366.3540 GZSL: seen=0.7242, unseen=0.3125, h=0.4366 ZSL: unseen accuracy=0.7917
[24/300]  Loss_D: -13.5936 Loss_G: 6.1932, Wasserstein_dist:17.9612, vae_loss_seen:345.3650 GZSL: seen=0.8016, unseen=0.7083, h=0.7521 ZSL: unseen accuracy=0.8490
[25/300]  Loss_D: -13.5065 Loss_G: 6.0647, Wasserstein_dist:17.4705, vae_loss_seen:355.2580 GZSL: seen=0.8155, unseen=0.3594, h=0.4989 ZSL: unseen accuracy=0.8385
[26/300]  Loss_D: -11.9069 Loss_G: 7.1867, Wasserstein_dist:16.2369, vae_loss_seen:366.3383 GZSL: seen=0.7738, unseen=0.4948, h=0.6036 ZSL: unseen accuracy=0.7656
[27/300]  Loss_D: -12.2162 Loss_G: 6.5228, Wasserstein_dist:16.7352, vae_loss_seen:351.8475 GZSL: seen=0.7996, unseen=0.4844, h=0.6033 ZSL: unseen accuracy=0.7708
[28/300]  Loss_D: -13.2180 Loss_G: 6.7685, Wasserstein_dist:16.8519, vae_loss_seen:363.2155 GZSL: seen=0.7619, unseen=0.4896, h=0.5961 ZSL: unseen accuracy=0.7917
[29/300]  Loss_D: -12.4966 Loss_G: 7.1166, Wasserstein_dist:16.0399, vae_loss_seen:348.7287 GZSL: seen=0.7698, unseen=0.3854, h=0.5137 ZSL: unseen accuracy=0.7969
[30/300]  Loss_D: -12.2219 Loss_G: 6.7567, Wasserstein_dist:16.4007, vae_loss_seen:355.1346 GZSL: seen=0.7857, unseen=0.5417, h=0.6413 ZSL: unseen accuracy=0.8125
[31/300]  Loss_D: -13.1280 Loss_G: 7.0122, Wasserstein_dist:17.6902, vae_loss_seen:362.4154 GZSL: seen=0.8254, unseen=0.5000, h=0.6228 ZSL: unseen accuracy=0.7500
[32/300]  Loss_D: -11.3223 Loss_G: 7.8281, Wasserstein_dist:14.5250, vae_loss_seen:366.8507 GZSL: seen=0.7778, unseen=0.5417, h=0.6386 ZSL: unseen accuracy=0.8594
[33/300]  Loss_D: -11.6348 Loss_G: 6.2247, Wasserstein_dist:14.5626, vae_loss_seen:342.1085 GZSL: seen=0.8393, unseen=0.5052, h=0.6307 ZSL: unseen accuracy=0.8594
[34/300]  Loss_D: -11.4806 Loss_G: 9.7637, Wasserstein_dist:15.4105, vae_loss_seen:383.0661 GZSL: seen=0.8373, unseen=0.4740, h=0.6053 ZSL: unseen accuracy=0.6875
[35/300]  Loss_D: -11.7515 Loss_G: 7.6215, Wasserstein_dist:15.2913, vae_loss_seen:360.5481 GZSL: seen=0.7877, unseen=0.5938, h=0.6771 ZSL: unseen accuracy=0.8073
[36/300]  Loss_D: -11.5553 Loss_G: 8.1684, Wasserstein_dist:15.1369, vae_loss_seen:366.4171 GZSL: seen=0.8194, unseen=0.5000, h=0.6211 ZSL: unseen accuracy=0.6615
[37/300]  Loss_D: -9.9246 Loss_G: 8.2960, Wasserstein_dist:12.9004, vae_loss_seen:364.5671 GZSL: seen=0.8004, unseen=0.6198, h=0.6986 ZSL: unseen accuracy=0.7812
[38/300]  Loss_D: -12.0257 Loss_G: 9.3893, Wasserstein_dist:14.9211, vae_loss_seen:375.1984 GZSL: seen=0.8710, unseen=0.5260, h=0.6559 ZSL: unseen accuracy=0.7240
[39/300]  Loss_D: -10.4230 Loss_G: 8.9411, Wasserstein_dist:13.6677, vae_loss_seen:371.6458 GZSL: seen=0.8869, unseen=0.4948, h=0.6352 ZSL: unseen accuracy=0.7396
[40/300]  Loss_D: -11.9374 Loss_G: 9.7344, Wasserstein_dist:15.7025, vae_loss_seen:385.8272 GZSL: seen=0.8333, unseen=0.6615, h=0.7375 ZSL: unseen accuracy=0.8073
[41/300]  Loss_D: -11.9679 Loss_G: 8.7683, Wasserstein_dist:14.9004, vae_loss_seen:373.0385 GZSL: seen=0.7639, unseen=0.6354, h=0.6938 ZSL: unseen accuracy=0.7135
[42/300]  Loss_D: -10.7144 Loss_G: 9.5749, Wasserstein_dist:13.2808, vae_loss_seen:381.9081 GZSL: seen=0.8988, unseen=0.5260, h=0.6637 ZSL: unseen accuracy=0.8125
[43/300]  Loss_D: -9.9492 Loss_G: 8.8198, Wasserstein_dist:12.4652, vae_loss_seen:363.2826 GZSL: seen=0.8948, unseen=0.5469, h=0.6789 ZSL: unseen accuracy=0.7917
[44/300]  Loss_D: -9.8033 Loss_G: 9.3697, Wasserstein_dist:12.8852, vae_loss_seen:372.2657 GZSL: seen=0.8433, unseen=0.5208, h=0.6439 ZSL: unseen accuracy=0.8333
[45/300]  Loss_D: -10.0262 Loss_G: 7.9850, Wasserstein_dist:12.8367, vae_loss_seen:347.6866 GZSL: seen=0.8571, unseen=0.5417, h=0.6638 ZSL: unseen accuracy=0.8073
[46/300]  Loss_D: -11.1952 Loss_G: 8.6657, Wasserstein_dist:14.6177, vae_loss_seen:370.3193 GZSL: seen=0.8036, unseen=0.5000, h=0.6164 ZSL: unseen accuracy=0.8125
[47/300]  Loss_D: -10.4883 Loss_G: 10.0268, Wasserstein_dist:13.2733, vae_loss_seen:381.6933 GZSL: seen=0.8770, unseen=0.4844, h=0.6241 ZSL: unseen accuracy=0.8229
[48/300]  Loss_D: -11.4889 Loss_G: 10.2265, Wasserstein_dist:14.0883, vae_loss_seen:383.6759 GZSL: seen=0.8730, unseen=0.5208, h=0.6524 ZSL: unseen accuracy=0.8385
[49/300]  Loss_D: -11.8801 Loss_G: 9.1273, Wasserstein_dist:15.9534, vae_loss_seen:373.9683 GZSL: seen=0.8075, unseen=0.7083, h=0.7547 ZSL: unseen accuracy=0.7031
[50/300]  Loss_D: -9.9131 Loss_G: 8.8941, Wasserstein_dist:12.5291, vae_loss_seen:363.3575 GZSL: seen=0.7710, unseen=0.5104, h=0.6142 ZSL: unseen accuracy=0.7135
[51/300]  Loss_D: -10.0479 Loss_G: 10.0568, Wasserstein_dist:12.9194, vae_loss_seen:383.3152 GZSL: seen=0.7881, unseen=0.6615, h=0.7192 ZSL: unseen accuracy=0.7031
[52/300]  Loss_D: -10.1011 Loss_G: 9.7110, Wasserstein_dist:12.7627, vae_loss_seen:368.6631 GZSL: seen=0.7861, unseen=0.6042, h=0.6832 ZSL: unseen accuracy=0.7865
[53/300]  Loss_D: -9.1186 Loss_G: 10.0587, Wasserstein_dist:12.4939, vae_loss_seen:365.8893 GZSL: seen=0.7758, unseen=0.6146, h=0.6858 ZSL: unseen accuracy=0.7760
[54/300]  Loss_D: -9.6497 Loss_G: 9.8750, Wasserstein_dist:12.1159, vae_loss_seen:375.7977 GZSL: seen=0.7956, unseen=0.5365, h=0.6408 ZSL: unseen accuracy=0.6615
[55/300]  Loss_D: -10.4775 Loss_G: 10.7964, Wasserstein_dist:13.4203, vae_loss_seen:384.4298 GZSL: seen=0.7246, unseen=0.7135, h=0.7190 ZSL: unseen accuracy=0.7552
[56/300]  Loss_D: -9.4887 Loss_G: 10.9729, Wasserstein_dist:12.3460, vae_loss_seen:386.9590 GZSL: seen=0.7976, unseen=0.5156, h=0.6263 ZSL: unseen accuracy=0.7552
[57/300]  Loss_D: -10.7826 Loss_G: 10.5482, Wasserstein_dist:13.2188, vae_loss_seen:374.9183 GZSL: seen=0.8552, unseen=0.5208, h=0.6474 ZSL: unseen accuracy=0.7500
[58/300]  Loss_D: -10.3638 Loss_G: 10.0800, Wasserstein_dist:14.1869, vae_loss_seen:377.0683 GZSL: seen=0.7956, unseen=0.5781, h=0.6697 ZSL: unseen accuracy=0.7188
[59/300]  Loss_D: -10.0728 Loss_G: 10.2852, Wasserstein_dist:13.4063, vae_loss_seen:378.0230 GZSL: seen=0.7526, unseen=0.5938, h=0.6638 ZSL: unseen accuracy=0.7760
[60/300]  Loss_D: -9.5880 Loss_G: 10.9315, Wasserstein_dist:12.3565, vae_loss_seen:383.4369 GZSL: seen=0.8552, unseen=0.4948, h=0.6269 ZSL: unseen accuracy=0.8073
[61/300]  Loss_D: -10.3848 Loss_G: 10.7049, Wasserstein_dist:13.2869, vae_loss_seen:380.4050 GZSL: seen=0.8234, unseen=0.5938, h=0.6900 ZSL: unseen accuracy=0.7292
[62/300]  Loss_D: -8.4778 Loss_G: 10.9769, Wasserstein_dist:11.4720, vae_loss_seen:378.4775 GZSL: seen=0.7401, unseen=0.6198, h=0.6746 ZSL: unseen accuracy=0.8177
[63/300]  Loss_D: -9.7920 Loss_G: 11.3106, Wasserstein_dist:12.5480, vae_loss_seen:394.8532 GZSL: seen=0.8552, unseen=0.4688, h=0.6056 ZSL: unseen accuracy=0.7708
[64/300]  Loss_D: -11.2622 Loss_G: 11.4043, Wasserstein_dist:14.1469, vae_loss_seen:392.6634 GZSL: seen=0.7599, unseen=0.7031, h=0.7304 ZSL: unseen accuracy=0.7135
[65/300]  Loss_D: -10.6820 Loss_G: 10.7092, Wasserstein_dist:13.4431, vae_loss_seen:384.5318 GZSL: seen=0.7444, unseen=0.6667, h=0.7034 ZSL: unseen accuracy=0.6458
[66/300]  Loss_D: -9.5260 Loss_G: 11.0835, Wasserstein_dist:12.5663, vae_loss_seen:381.9709 GZSL: seen=0.8492, unseen=0.6667, h=0.7469 ZSL: unseen accuracy=0.6562
[67/300]  Loss_D: -9.6096 Loss_G: 12.1400, Wasserstein_dist:12.7467, vae_loss_seen:394.8932 GZSL: seen=0.8869, unseen=0.4896, h=0.6309 ZSL: unseen accuracy=0.7917
[68/300]  Loss_D: -10.0160 Loss_G: 11.9243, Wasserstein_dist:12.7757, vae_loss_seen:390.7176 GZSL: seen=0.7937, unseen=0.6667, h=0.7246 ZSL: unseen accuracy=0.7604
[69/300]  Loss_D: -9.8425 Loss_G: 10.5974, Wasserstein_dist:12.9961, vae_loss_seen:386.5163 GZSL: seen=0.7679, unseen=0.5938, h=0.6697 ZSL: unseen accuracy=0.7396
[70/300]  Loss_D: -9.1298 Loss_G: 11.8815, Wasserstein_dist:11.7273, vae_loss_seen:389.6224 GZSL: seen=0.8075, unseen=0.6510, h=0.7209 ZSL: unseen accuracy=0.8333
[71/300]  Loss_D: -9.1357 Loss_G: 12.4580, Wasserstein_dist:11.9165, vae_loss_seen:395.8961 GZSL: seen=0.7976, unseen=0.6510, h=0.7169 ZSL: unseen accuracy=0.7656
[72/300]  Loss_D: -11.8959 Loss_G: 11.3271, Wasserstein_dist:15.0838, vae_loss_seen:389.3744 GZSL: seen=0.7460, unseen=0.4635, h=0.5718 ZSL: unseen accuracy=0.7188
[73/300]  Loss_D: -8.9297 Loss_G: 11.6575, Wasserstein_dist:11.8341, vae_loss_seen:373.4550 GZSL: seen=0.7222, unseen=0.6146, h=0.6641 ZSL: unseen accuracy=0.7552
[74/300]  Loss_D: -8.0162 Loss_G: 11.3995, Wasserstein_dist:10.7896, vae_loss_seen:386.2575 GZSL: seen=0.7798, unseen=0.6615, h=0.7158 ZSL: unseen accuracy=0.6875
[75/300]  Loss_D: -10.6674 Loss_G: 12.4685, Wasserstein_dist:13.6230, vae_loss_seen:392.8516 GZSL: seen=0.8056, unseen=0.6094, h=0.6939 ZSL: unseen accuracy=0.7708
[76/300]  Loss_D: -10.8413 Loss_G: 13.6245, Wasserstein_dist:15.0014, vae_loss_seen:414.8959 GZSL: seen=0.7817, unseen=0.5312, h=0.6326 ZSL: unseen accuracy=0.7552
[77/300]  Loss_D: -10.5629 Loss_G: 12.8878, Wasserstein_dist:14.1454, vae_loss_seen:410.9999 GZSL: seen=0.8226, unseen=0.5990, h=0.6932 ZSL: unseen accuracy=0.7448
[78/300]  Loss_D: -8.8815 Loss_G: 12.5709, Wasserstein_dist:11.5794, vae_loss_seen:400.8257 GZSL: seen=0.7425, unseen=0.6094, h=0.6694 ZSL: unseen accuracy=0.7760
[79/300]  Loss_D: -8.8416 Loss_G: 11.5819, Wasserstein_dist:11.8756, vae_loss_seen:393.4268 GZSL: seen=0.8313, unseen=0.7500, h=0.7886 ZSL: unseen accuracy=0.7656
[80/300]  Loss_D: -8.5823 Loss_G: 12.1358, Wasserstein_dist:11.4229, vae_loss_seen:401.9261 GZSL: seen=0.8730, unseen=0.4948, h=0.6316 ZSL: unseen accuracy=0.7604
[81/300]  Loss_D: -9.4127 Loss_G: 12.8270, Wasserstein_dist:12.1684, vae_loss_seen:400.6642 GZSL: seen=0.7738, unseen=0.6406, h=0.7009 ZSL: unseen accuracy=0.7708
[82/300]  Loss_D: -8.1873 Loss_G: 13.8574, Wasserstein_dist:11.2500, vae_loss_seen:410.6787 GZSL: seen=0.8254, unseen=0.6198, h=0.7080 ZSL: unseen accuracy=0.7344
[83/300]  Loss_D: -8.4840 Loss_G: 11.0442, Wasserstein_dist:10.9055, vae_loss_seen:373.5587 GZSL: seen=0.7956, unseen=0.4948, h=0.6101 ZSL: unseen accuracy=0.7656
[84/300]  Loss_D: -9.0825 Loss_G: 12.9746, Wasserstein_dist:11.9827, vae_loss_seen:401.8246 GZSL: seen=0.7897, unseen=0.4896, h=0.6044 ZSL: unseen accuracy=0.6615
[85/300]  Loss_D: -8.9140 Loss_G: 11.7421, Wasserstein_dist:11.7982, vae_loss_seen:387.5239 GZSL: seen=0.8492, unseen=0.6927, h=0.7630 ZSL: unseen accuracy=0.7240
[86/300]  Loss_D: -8.8662 Loss_G: 12.7369, Wasserstein_dist:11.3682, vae_loss_seen:400.0285 GZSL: seen=0.8294, unseen=0.4062, h=0.5454 ZSL: unseen accuracy=0.7083
[87/300]  Loss_D: -8.4111 Loss_G: 11.8759, Wasserstein_dist:11.1034, vae_loss_seen:386.6374 GZSL: seen=0.8095, unseen=0.4583, h=0.5853 ZSL: unseen accuracy=0.7344
[88/300]  Loss_D: -9.0906 Loss_G: 12.7128, Wasserstein_dist:12.8371, vae_loss_seen:402.5369 GZSL: seen=0.8790, unseen=0.4115, h=0.5605 ZSL: unseen accuracy=0.7292
[89/300]  Loss_D: -9.2959 Loss_G: 12.2126, Wasserstein_dist:11.8899, vae_loss_seen:392.7071 GZSL: seen=0.7540, unseen=0.4427, h=0.5579 ZSL: unseen accuracy=0.7812
[90/300]  Loss_D: -7.2768 Loss_G: 13.4335, Wasserstein_dist:9.6932, vae_loss_seen:406.7729 GZSL: seen=0.7996, unseen=0.6042, h=0.6883 ZSL: unseen accuracy=0.7135
[91/300]  Loss_D: -7.8435 Loss_G: 10.8477, Wasserstein_dist:10.4138, vae_loss_seen:373.7146 GZSL: seen=0.7659, unseen=0.4479, h=0.5652 ZSL: unseen accuracy=0.7552
[92/300]  Loss_D: -7.6031 Loss_G: 12.8743, Wasserstein_dist:10.0132, vae_loss_seen:402.2363 GZSL: seen=0.8175, unseen=0.5990, h=0.6914 ZSL: unseen accuracy=0.7969
[93/300]  Loss_D: -8.5307 Loss_G: 13.7928, Wasserstein_dist:10.9827, vae_loss_seen:406.7784 GZSL: seen=0.8452, unseen=0.4792, h=0.6116 ZSL: unseen accuracy=0.7865
[94/300]  Loss_D: -8.6023 Loss_G: 13.3626, Wasserstein_dist:11.0773, vae_loss_seen:414.2588 GZSL: seen=0.8095, unseen=0.5625, h=0.6638 ZSL: unseen accuracy=0.7500
[95/300]  Loss_D: -7.6758 Loss_G: 12.6681, Wasserstein_dist:10.1158, vae_loss_seen:401.5112 GZSL: seen=0.7718, unseen=0.4792, h=0.5913 ZSL: unseen accuracy=0.7760
[96/300]  Loss_D: -8.2257 Loss_G: 11.7965, Wasserstein_dist:11.1942, vae_loss_seen:387.8056 GZSL: seen=0.8313, unseen=0.6562, h=0.7335 ZSL: unseen accuracy=0.7344
[97/300]  Loss_D: -8.1960 Loss_G: 13.3060, Wasserstein_dist:10.6298, vae_loss_seen:402.9866 GZSL: seen=0.8492, unseen=0.5469, h=0.6653 ZSL: unseen accuracy=0.8229
[98/300]  Loss_D: -7.9967 Loss_G: 13.5647, Wasserstein_dist:10.7296, vae_loss_seen:403.4001 GZSL: seen=0.8373, unseen=0.4479, h=0.5836 ZSL: unseen accuracy=0.7969
[99/300]  Loss_D: -8.0987 Loss_G: 13.9520, Wasserstein_dist:10.3303, vae_loss_seen:414.3394 GZSL: seen=0.7480, unseen=0.6198, h=0.6779 ZSL: unseen accuracy=0.7917
[100/300]  Loss_D: -9.0199 Loss_G: 14.1604, Wasserstein_dist:12.2223, vae_loss_seen:406.9744 GZSL: seen=0.7619, unseen=0.6771, h=0.7170 ZSL: unseen accuracy=0.7083
[101/300]  Loss_D: -7.6027 Loss_G: 13.7483, Wasserstein_dist:10.3342, vae_loss_seen:408.5405 GZSL: seen=0.8353, unseen=0.5052, h=0.6296 ZSL: unseen accuracy=0.7969
[102/300]  Loss_D: -8.1612 Loss_G: 13.1874, Wasserstein_dist:10.2486, vae_loss_seen:402.2774 GZSL: seen=0.7599, unseen=0.6146, h=0.6796 ZSL: unseen accuracy=0.7656
[103/300]  Loss_D: -9.3129 Loss_G: 14.7363, Wasserstein_dist:11.7381, vae_loss_seen:419.1014 GZSL: seen=0.8027, unseen=0.6354, h=0.7093 ZSL: unseen accuracy=0.7031
[104/300]  Loss_D: -8.7480 Loss_G: 14.2098, Wasserstein_dist:11.0468, vae_loss_seen:410.3964 GZSL: seen=0.8194, unseen=0.4219, h=0.5570 ZSL: unseen accuracy=0.7760
[105/300]  Loss_D: -9.1190 Loss_G: 13.9108, Wasserstein_dist:11.3671, vae_loss_seen:407.2052 GZSL: seen=0.7571, unseen=0.5260, h=0.6208 ZSL: unseen accuracy=0.7240
[106/300]  Loss_D: -8.3079 Loss_G: 14.1843, Wasserstein_dist:11.3239, vae_loss_seen:411.0223 GZSL: seen=0.8214, unseen=0.6510, h=0.7264 ZSL: unseen accuracy=0.7917
[107/300]  Loss_D: -9.0971 Loss_G: 14.6715, Wasserstein_dist:11.5076, vae_loss_seen:417.6301 GZSL: seen=0.8056, unseen=0.5833, h=0.6767 ZSL: unseen accuracy=0.7292
[108/300]  Loss_D: -8.0243 Loss_G: 13.4992, Wasserstein_dist:10.7997, vae_loss_seen:408.2158 GZSL: seen=0.8056, unseen=0.6198, h=0.7006 ZSL: unseen accuracy=0.7604
[109/300]  Loss_D: -7.8847 Loss_G: 14.4127, Wasserstein_dist:11.0867, vae_loss_seen:410.1036 GZSL: seen=0.8413, unseen=0.6302, h=0.7206 ZSL: unseen accuracy=0.7500
[110/300]  Loss_D: -8.9049 Loss_G: 14.7911, Wasserstein_dist:11.4440, vae_loss_seen:410.2988 GZSL: seen=0.7659, unseen=0.5104, h=0.6126 ZSL: unseen accuracy=0.7656
[111/300]  Loss_D: -7.5027 Loss_G: 13.8565, Wasserstein_dist:9.8058, vae_loss_seen:411.9947 GZSL: seen=0.7956, unseen=0.6510, h=0.7161 ZSL: unseen accuracy=0.7188
[112/300]  Loss_D: -7.8174 Loss_G: 14.4364, Wasserstein_dist:10.3989, vae_loss_seen:409.0802 GZSL: seen=0.7857, unseen=0.6406, h=0.7058 ZSL: unseen accuracy=0.7448
[113/300]  Loss_D: -7.3230 Loss_G: 13.9492, Wasserstein_dist:10.3043, vae_loss_seen:402.9467 GZSL: seen=0.8075, unseen=0.5000, h=0.6176 ZSL: unseen accuracy=0.7708
[114/300]  Loss_D: -9.0528 Loss_G: 12.9295, Wasserstein_dist:11.7523, vae_loss_seen:397.6857 GZSL: seen=0.8234, unseen=0.4427, h=0.5758 ZSL: unseen accuracy=0.7917
[115/300]  Loss_D: -6.3692 Loss_G: 13.6645, Wasserstein_dist:8.9814, vae_loss_seen:401.7925 GZSL: seen=0.8929, unseen=0.3958, h=0.5485 ZSL: unseen accuracy=0.7240
[116/300]  Loss_D: -9.1605 Loss_G: 13.7730, Wasserstein_dist:11.6338, vae_loss_seen:409.2650 GZSL: seen=0.7897, unseen=0.5677, h=0.6605 ZSL: unseen accuracy=0.7396
[117/300]  Loss_D: -9.0295 Loss_G: 14.1401, Wasserstein_dist:11.7499, vae_loss_seen:411.5204 GZSL: seen=0.8016, unseen=0.5260, h=0.6352 ZSL: unseen accuracy=0.7865
[118/300]  Loss_D: -7.0297 Loss_G: 14.9989, Wasserstein_dist:9.3100, vae_loss_seen:413.2961 GZSL: seen=0.7798, unseen=0.6458, h=0.7065 ZSL: unseen accuracy=0.7760
[119/300]  Loss_D: -8.7735 Loss_G: 13.8247, Wasserstein_dist:10.9502, vae_loss_seen:412.9768 GZSL: seen=0.7956, unseen=0.4635, h=0.5858 ZSL: unseen accuracy=0.7917
[120/300]  Loss_D: -7.4059 Loss_G: 15.0905, Wasserstein_dist:10.1111, vae_loss_seen:409.8589 GZSL: seen=0.8115, unseen=0.6042, h=0.6927 ZSL: unseen accuracy=0.7917
[121/300]  Loss_D: -7.7233 Loss_G: 13.5927, Wasserstein_dist:9.9560, vae_loss_seen:404.8856 GZSL: seen=0.8452, unseen=0.5469, h=0.6641 ZSL: unseen accuracy=0.7917
[122/300]  Loss_D: -8.4346 Loss_G: 13.7867, Wasserstein_dist:10.6110, vae_loss_seen:406.3157 GZSL: seen=0.8353, unseen=0.4479, h=0.5831 ZSL: unseen accuracy=0.8333
[123/300]  Loss_D: -7.0926 Loss_G: 13.6139, Wasserstein_dist:9.7467, vae_loss_seen:407.8231 GZSL: seen=0.8214, unseen=0.6458, h=0.7231 ZSL: unseen accuracy=0.7292
[124/300]  Loss_D: -7.6660 Loss_G: 14.1813, Wasserstein_dist:10.0482, vae_loss_seen:407.2396 GZSL: seen=0.7976, unseen=0.4635, h=0.5863 ZSL: unseen accuracy=0.7812
[125/300]  Loss_D: -6.6854 Loss_G: 12.9735, Wasserstein_dist:8.8110, vae_loss_seen:388.2581 GZSL: seen=0.8404, unseen=0.6823, h=0.7531 ZSL: unseen accuracy=0.7500
[126/300]  Loss_D: -7.5739 Loss_G: 13.9362, Wasserstein_dist:9.9662, vae_loss_seen:400.4968 GZSL: seen=0.7679, unseen=0.6198, h=0.6859 ZSL: unseen accuracy=0.8125
[127/300]  Loss_D: -7.0577 Loss_G: 13.4979, Wasserstein_dist:9.4122, vae_loss_seen:397.1844 GZSL: seen=0.8373, unseen=0.6146, h=0.7089 ZSL: unseen accuracy=0.7760
[128/300]  Loss_D: -8.5034 Loss_G: 14.9003, Wasserstein_dist:11.2866, vae_loss_seen:415.4942 GZSL: seen=0.7996, unseen=0.4792, h=0.5992 ZSL: unseen accuracy=0.7969
[129/300]  Loss_D: -8.4007 Loss_G: 13.6138, Wasserstein_dist:11.0570, vae_loss_seen:399.2428 GZSL: seen=0.7897, unseen=0.6042, h=0.6846 ZSL: unseen accuracy=0.7604
[130/300]  Loss_D: -8.7079 Loss_G: 14.1882, Wasserstein_dist:11.3905, vae_loss_seen:414.7877 GZSL: seen=0.7888, unseen=0.5677, h=0.6602 ZSL: unseen accuracy=0.7188
[131/300]  Loss_D: -7.7401 Loss_G: 13.0773, Wasserstein_dist:10.0895, vae_loss_seen:393.1829 GZSL: seen=0.7798, unseen=0.4167, h=0.5431 ZSL: unseen accuracy=0.8021
[132/300]  Loss_D: -7.6643 Loss_G: 13.5895, Wasserstein_dist:10.2300, vae_loss_seen:405.2961 GZSL: seen=0.7917, unseen=0.4167, h=0.5460 ZSL: unseen accuracy=0.7448
[133/300]  Loss_D: -9.6732 Loss_G: 14.0319, Wasserstein_dist:11.9701, vae_loss_seen:420.7698 GZSL: seen=0.8274, unseen=0.5260, h=0.6432 ZSL: unseen accuracy=0.7760
[134/300]  Loss_D: -8.4658 Loss_G: 13.6039, Wasserstein_dist:10.4049, vae_loss_seen:404.4535 GZSL: seen=0.8056, unseen=0.4479, h=0.5757 ZSL: unseen accuracy=0.7448
[135/300]  Loss_D: -6.3613 Loss_G: 12.6627, Wasserstein_dist:8.4293, vae_loss_seen:388.3863 GZSL: seen=0.8095, unseen=0.4323, h=0.5636 ZSL: unseen accuracy=0.7812
[136/300]  Loss_D: -7.4457 Loss_G: 13.8337, Wasserstein_dist:9.7169, vae_loss_seen:401.9207 GZSL: seen=0.8206, unseen=0.5781, h=0.6783 ZSL: unseen accuracy=0.7865
[137/300]  Loss_D: -6.6655 Loss_G: 13.3230, Wasserstein_dist:8.5420, vae_loss_seen:402.1008 GZSL: seen=0.7956, unseen=0.4323, h=0.5602 ZSL: unseen accuracy=0.7604
[138/300]  Loss_D: -8.0681 Loss_G: 14.4468, Wasserstein_dist:10.2853, vae_loss_seen:412.1435 GZSL: seen=0.7917, unseen=0.5625, h=0.6577 ZSL: unseen accuracy=0.7708
[139/300]  Loss_D: -8.1097 Loss_G: 14.6757, Wasserstein_dist:11.0902, vae_loss_seen:410.3423 GZSL: seen=0.7897, unseen=0.4323, h=0.5587 ZSL: unseen accuracy=0.8073
[140/300]  Loss_D: -8.6194 Loss_G: 13.1975, Wasserstein_dist:10.6764, vae_loss_seen:391.4404 GZSL: seen=0.8285, unseen=0.4583, h=0.5902 ZSL: unseen accuracy=0.7500
[141/300]  Loss_D: -8.3760 Loss_G: 14.3865, Wasserstein_dist:10.4360, vae_loss_seen:416.3758 GZSL: seen=0.8313, unseen=0.5781, h=0.6820 ZSL: unseen accuracy=0.7969
[142/300]  Loss_D: -8.0995 Loss_G: 15.4599, Wasserstein_dist:10.7897, vae_loss_seen:422.7047 GZSL: seen=0.7789, unseen=0.5781, h=0.6637 ZSL: unseen accuracy=0.7188
[143/300]  Loss_D: -8.5849 Loss_G: 14.2768, Wasserstein_dist:11.0630, vae_loss_seen:412.2258 GZSL: seen=0.8095, unseen=0.6094, h=0.6953 ZSL: unseen accuracy=0.8073
[144/300]  Loss_D: -6.6080 Loss_G: 13.2117, Wasserstein_dist:8.8879, vae_loss_seen:397.0560 GZSL: seen=0.8294, unseen=0.6146, h=0.7060 ZSL: unseen accuracy=0.8177
[145/300]  Loss_D: -7.1238 Loss_G: 13.7522, Wasserstein_dist:9.9149, vae_loss_seen:401.0461 GZSL: seen=0.8333, unseen=0.4688, h=0.6000 ZSL: unseen accuracy=0.7812
[146/300]  Loss_D: -7.3467 Loss_G: 13.9005, Wasserstein_dist:9.2633, vae_loss_seen:400.6604 GZSL: seen=0.7976, unseen=0.5417, h=0.6452 ZSL: unseen accuracy=0.8125
[147/300]  Loss_D: -6.5818 Loss_G: 13.8601, Wasserstein_dist:8.7962, vae_loss_seen:407.7010 GZSL: seen=0.8036, unseen=0.3906, h=0.5257 ZSL: unseen accuracy=0.7760
[148/300]  Loss_D: -6.8420 Loss_G: 14.9506, Wasserstein_dist:9.9225, vae_loss_seen:418.7754 GZSL: seen=0.8313, unseen=0.4271, h=0.5643 ZSL: unseen accuracy=0.7240
[149/300]  Loss_D: -7.1103 Loss_G: 15.8283, Wasserstein_dist:9.5179, vae_loss_seen:429.5675 GZSL: seen=0.7917, unseen=0.4688, h=0.5888 ZSL: unseen accuracy=0.7656
[150/300]  Loss_D: -6.2654 Loss_G: 14.4806, Wasserstein_dist:8.2784, vae_loss_seen:408.2549 GZSL: seen=0.8274, unseen=0.6354, h=0.7188 ZSL: unseen accuracy=0.7188
[151/300]  Loss_D: -7.7569 Loss_G: 14.4893, Wasserstein_dist:10.0252, vae_loss_seen:402.5632 GZSL: seen=0.8413, unseen=0.5625, h=0.6742 ZSL: unseen accuracy=0.7552
[152/300]  Loss_D: -6.1932 Loss_G: 12.8157, Wasserstein_dist:8.1286, vae_loss_seen:390.6733 GZSL: seen=0.8294, unseen=0.5469, h=0.6591 ZSL: unseen accuracy=0.7865
[153/300]  Loss_D: -9.1772 Loss_G: 15.3814, Wasserstein_dist:11.4066, vae_loss_seen:427.7172 GZSL: seen=0.8333, unseen=0.5729, h=0.6790 ZSL: unseen accuracy=0.8229
[154/300]  Loss_D: -7.7702 Loss_G: 14.3171, Wasserstein_dist:10.0837, vae_loss_seen:422.0797 GZSL: seen=0.8651, unseen=0.4427, h=0.5857 ZSL: unseen accuracy=0.7865
[155/300]  Loss_D: -7.1857 Loss_G: 15.1444, Wasserstein_dist:9.7285, vae_loss_seen:413.7503 GZSL: seen=0.8333, unseen=0.5469, h=0.6604 ZSL: unseen accuracy=0.7656
[156/300]  Loss_D: -8.1098 Loss_G: 13.3689, Wasserstein_dist:10.1153, vae_loss_seen:404.0932 GZSL: seen=0.7937, unseen=0.3594, h=0.4947 ZSL: unseen accuracy=0.8073
[157/300]  Loss_D: -7.3235 Loss_G: 11.8875, Wasserstein_dist:9.7447, vae_loss_seen:384.8195 GZSL: seen=0.7956, unseen=0.2969, h=0.4324 ZSL: unseen accuracy=0.7760
[158/300]  Loss_D: -7.0584 Loss_G: 13.6224, Wasserstein_dist:9.5984, vae_loss_seen:399.2796 GZSL: seen=0.7778, unseen=0.4531, h=0.5726 ZSL: unseen accuracy=0.7969
[159/300]  Loss_D: -7.0597 Loss_G: 13.6925, Wasserstein_dist:9.3620, vae_loss_seen:403.1326 GZSL: seen=0.8849, unseen=0.2396, h=0.3771 ZSL: unseen accuracy=0.7760
[160/300]  Loss_D: -7.7071 Loss_G: 14.0357, Wasserstein_dist:10.9178, vae_loss_seen:406.9809 GZSL: seen=0.8571, unseen=0.2656, h=0.4056 ZSL: unseen accuracy=0.7552
[161/300]  Loss_D: -7.6919 Loss_G: 13.4573, Wasserstein_dist:10.2034, vae_loss_seen:400.4619 GZSL: seen=0.8214, unseen=0.6042, h=0.6962 ZSL: unseen accuracy=0.8594
[162/300]  Loss_D: -5.8477 Loss_G: 13.2892, Wasserstein_dist:7.7365, vae_loss_seen:398.0751 GZSL: seen=0.8532, unseen=0.4115, h=0.5552 ZSL: unseen accuracy=0.7969
[163/300]  Loss_D: -8.1419 Loss_G: 13.6371, Wasserstein_dist:10.2111, vae_loss_seen:399.9896 GZSL: seen=0.8333, unseen=0.4740, h=0.6042 ZSL: unseen accuracy=0.7969
[164/300]  Loss_D: -6.7896 Loss_G: 13.2352, Wasserstein_dist:8.8805, vae_loss_seen:389.1164 GZSL: seen=0.8313, unseen=0.5573, h=0.6673 ZSL: unseen accuracy=0.7812
[165/300]  Loss_D: -6.4531 Loss_G: 13.4964, Wasserstein_dist:8.3770, vae_loss_seen:401.1577 GZSL: seen=0.7718, unseen=0.6146, h=0.6843 ZSL: unseen accuracy=0.7552
[166/300]  Loss_D: -8.2385 Loss_G: 13.9329, Wasserstein_dist:10.4898, vae_loss_seen:402.8778 GZSL: seen=0.8254, unseen=0.6302, h=0.7147 ZSL: unseen accuracy=0.7917
[167/300]  Loss_D: -7.4248 Loss_G: 13.0117, Wasserstein_dist:9.5446, vae_loss_seen:399.8662 GZSL: seen=0.8047, unseen=0.6146, h=0.6969 ZSL: unseen accuracy=0.8073
[168/300]  Loss_D: -6.2899 Loss_G: 13.7480, Wasserstein_dist:8.6149, vae_loss_seen:406.9057 GZSL: seen=0.7857, unseen=0.4271, h=0.5534 ZSL: unseen accuracy=0.7396
[169/300]  Loss_D: -6.8826 Loss_G: 13.2780, Wasserstein_dist:9.2218, vae_loss_seen:399.9760 GZSL: seen=0.8194, unseen=0.4167, h=0.5524 ZSL: unseen accuracy=0.8177
[170/300]  Loss_D: -7.4605 Loss_G: 13.4387, Wasserstein_dist:9.5423, vae_loss_seen:400.9864 GZSL: seen=0.8413, unseen=0.2292, h=0.3602 ZSL: unseen accuracy=0.7604
[171/300]  Loss_D: -6.2287 Loss_G: 13.2532, Wasserstein_dist:8.2704, vae_loss_seen:391.5804 GZSL: seen=0.8313, unseen=0.3854, h=0.5267 ZSL: unseen accuracy=0.8229
[172/300]  Loss_D: -6.7882 Loss_G: 14.3281, Wasserstein_dist:9.4188, vae_loss_seen:405.4623 GZSL: seen=0.8056, unseen=0.3438, h=0.4819 ZSL: unseen accuracy=0.7812
[173/300]  Loss_D: -6.0374 Loss_G: 14.5472, Wasserstein_dist:8.3076, vae_loss_seen:412.7061 GZSL: seen=0.8095, unseen=0.5729, h=0.6710 ZSL: unseen accuracy=0.8125
[174/300]  Loss_D: -6.6512 Loss_G: 14.9178, Wasserstein_dist:9.0275, vae_loss_seen:410.2981 GZSL: seen=0.8373, unseen=0.2917, h=0.4326 ZSL: unseen accuracy=0.8438
[175/300]  Loss_D: -6.2794 Loss_G: 14.0341, Wasserstein_dist:9.0091, vae_loss_seen:400.2156 GZSL: seen=0.8710, unseen=0.4115, h=0.5589 ZSL: unseen accuracy=0.7760
[176/300]  Loss_D: -7.0397 Loss_G: 13.2452, Wasserstein_dist:8.7992, vae_loss_seen:397.8888 GZSL: seen=0.8532, unseen=0.5521, h=0.6704 ZSL: unseen accuracy=0.8021
[177/300]  Loss_D: -8.0783 Loss_G: 13.4582, Wasserstein_dist:10.0715, vae_loss_seen:395.3443 GZSL: seen=0.8056, unseen=0.4219, h=0.5537 ZSL: unseen accuracy=0.8021
[178/300]  Loss_D: -5.9838 Loss_G: 13.0224, Wasserstein_dist:7.8411, vae_loss_seen:393.5728 GZSL: seen=0.8333, unseen=0.4219, h=0.5602 ZSL: unseen accuracy=0.7812
[179/300]  Loss_D: -7.4202 Loss_G: 14.7191, Wasserstein_dist:9.4905, vae_loss_seen:412.1096 GZSL: seen=0.8214, unseen=0.6406, h=0.7198 ZSL: unseen accuracy=0.7812
[180/300]  Loss_D: -7.1213 Loss_G: 12.6202, Wasserstein_dist:8.9611, vae_loss_seen:393.9248 GZSL: seen=0.8175, unseen=0.3906, h=0.5286 ZSL: unseen accuracy=0.8333
[181/300]  Loss_D: -7.2899 Loss_G: 15.0548, Wasserstein_dist:9.7973, vae_loss_seen:420.7914 GZSL: seen=0.8155, unseen=0.5156, h=0.6318 ZSL: unseen accuracy=0.8021
[182/300]  Loss_D: -6.7570 Loss_G: 13.3558, Wasserstein_dist:8.9866, vae_loss_seen:402.2719 GZSL: seen=0.7948, unseen=0.4427, h=0.5687 ZSL: unseen accuracy=0.7812
[183/300]  Loss_D: -7.5380 Loss_G: 13.2160, Wasserstein_dist:9.8058, vae_loss_seen:396.7253 GZSL: seen=0.8313, unseen=0.3750, h=0.5169 ZSL: unseen accuracy=0.7812
[184/300]  Loss_D: -8.2552 Loss_G: 13.8776, Wasserstein_dist:10.3372, vae_loss_seen:406.2574 GZSL: seen=0.7917, unseen=0.3854, h=0.5184 ZSL: unseen accuracy=0.7812
[185/300]  Loss_D: -6.9312 Loss_G: 12.9333, Wasserstein_dist:8.6941, vae_loss_seen:395.8484 GZSL: seen=0.8016, unseen=0.5677, h=0.6647 ZSL: unseen accuracy=0.8073
[186/300]  Loss_D: -8.1541 Loss_G: 12.3515, Wasserstein_dist:10.3066, vae_loss_seen:391.8182 GZSL: seen=0.8115, unseen=0.2188, h=0.3446 ZSL: unseen accuracy=0.7656
[187/300]  Loss_D: -7.1719 Loss_G: 13.1350, Wasserstein_dist:8.9919, vae_loss_seen:388.1918 GZSL: seen=0.7937, unseen=0.3750, h=0.5093 ZSL: unseen accuracy=0.7812
[188/300]  Loss_D: -6.7776 Loss_G: 13.4497, Wasserstein_dist:8.6916, vae_loss_seen:396.7173 GZSL: seen=0.8373, unseen=0.5365, h=0.6539 ZSL: unseen accuracy=0.8177
[189/300]  Loss_D: -7.1408 Loss_G: 12.4594, Wasserstein_dist:8.9689, vae_loss_seen:394.2178 GZSL: seen=0.8226, unseen=0.3073, h=0.4474 ZSL: unseen accuracy=0.8125
[190/300]  Loss_D: -7.8148 Loss_G: 12.8377, Wasserstein_dist:9.9490, vae_loss_seen:389.5480 GZSL: seen=0.8194, unseen=0.5312, h=0.6446 ZSL: unseen accuracy=0.7917
[191/300]  Loss_D: -7.5408 Loss_G: 12.2000, Wasserstein_dist:9.3343, vae_loss_seen:379.2238 GZSL: seen=0.8829, unseen=0.4010, h=0.5516 ZSL: unseen accuracy=0.7969
[192/300]  Loss_D: -6.4502 Loss_G: 11.7428, Wasserstein_dist:8.4587, vae_loss_seen:376.9555 GZSL: seen=0.8294, unseen=0.4115, h=0.5500 ZSL: unseen accuracy=0.7604
[193/300]  Loss_D: -6.6814 Loss_G: 12.8601, Wasserstein_dist:8.6722, vae_loss_seen:382.9834 GZSL: seen=0.8056, unseen=0.5208, h=0.6326 ZSL: unseen accuracy=0.7656
[194/300]  Loss_D: -5.9868 Loss_G: 12.5592, Wasserstein_dist:7.9130, vae_loss_seen:386.1790 GZSL: seen=0.8889, unseen=0.2292, h=0.3644 ZSL: unseen accuracy=0.7812
[195/300]  Loss_D: -7.1242 Loss_G: 13.3176, Wasserstein_dist:9.2475, vae_loss_seen:397.1097 GZSL: seen=0.8611, unseen=0.4688, h=0.6070 ZSL: unseen accuracy=0.7760
[196/300]  Loss_D: -5.5925 Loss_G: 12.3892, Wasserstein_dist:7.6102, vae_loss_seen:388.1376 GZSL: seen=0.8254, unseen=0.3906, h=0.5303 ZSL: unseen accuracy=0.8021
[197/300]  Loss_D: -6.3290 Loss_G: 12.0499, Wasserstein_dist:8.3924, vae_loss_seen:380.1837 GZSL: seen=0.8512, unseen=0.5156, h=0.6422 ZSL: unseen accuracy=0.7865
[198/300]  Loss_D: -7.2251 Loss_G: 13.3580, Wasserstein_dist:9.3322, vae_loss_seen:396.8179 GZSL: seen=0.8135, unseen=0.3021, h=0.4406 ZSL: unseen accuracy=0.7812
[199/300]  Loss_D: -7.3471 Loss_G: 11.6068, Wasserstein_dist:9.7097, vae_loss_seen:378.8238 GZSL: seen=0.8313, unseen=0.4688, h=0.5995 ZSL: unseen accuracy=0.7760
[200/300]  Loss_D: -7.2016 Loss_G: 12.8435, Wasserstein_dist:9.1710, vae_loss_seen:391.5094 GZSL: seen=0.8543, unseen=0.4219, h=0.5648 ZSL: unseen accuracy=0.7708
[201/300]  Loss_D: -6.8476 Loss_G: 11.8332, Wasserstein_dist:8.7873, vae_loss_seen:373.3848 GZSL: seen=0.7959, unseen=0.5208, h=0.6296 ZSL: unseen accuracy=0.8021
[202/300]  Loss_D: -6.5416 Loss_G: 11.8975, Wasserstein_dist:8.5683, vae_loss_seen:382.8132 GZSL: seen=0.8155, unseen=0.5833, h=0.6801 ZSL: unseen accuracy=0.7604
[203/300]  Loss_D: -7.4442 Loss_G: 12.0001, Wasserstein_dist:9.6583, vae_loss_seen:378.3692 GZSL: seen=0.8294, unseen=0.4635, h=0.5947 ZSL: unseen accuracy=0.7448
[204/300]  Loss_D: -5.8180 Loss_G: 13.8542, Wasserstein_dist:7.8220, vae_loss_seen:408.2031 GZSL: seen=0.9286, unseen=0.2135, h=0.3472 ZSL: unseen accuracy=0.7865
[205/300]  Loss_D: -6.0084 Loss_G: 12.7973, Wasserstein_dist:8.2202, vae_loss_seen:393.7827 GZSL: seen=0.8452, unseen=0.4323, h=0.5720 ZSL: unseen accuracy=0.7812
[206/300]  Loss_D: -6.7230 Loss_G: 11.4158, Wasserstein_dist:8.6902, vae_loss_seen:390.3818 GZSL: seen=0.8452, unseen=0.4323, h=0.5720 ZSL: unseen accuracy=0.7917
[207/300]  Loss_D: -4.6377 Loss_G: 12.2180, Wasserstein_dist:6.2795, vae_loss_seen:381.2801 GZSL: seen=0.8393, unseen=0.4948, h=0.6226 ZSL: unseen accuracy=0.7917
[208/300]  Loss_D: -5.9744 Loss_G: 11.6702, Wasserstein_dist:7.7260, vae_loss_seen:371.4412 GZSL: seen=0.8512, unseen=0.3646, h=0.5105 ZSL: unseen accuracy=0.7604
[209/300]  Loss_D: -5.7996 Loss_G: 12.5156, Wasserstein_dist:7.9919, vae_loss_seen:382.7346 GZSL: seen=0.8075, unseen=0.4375, h=0.5675 ZSL: unseen accuracy=0.8125
[210/300]  Loss_D: -5.3963 Loss_G: 11.7838, Wasserstein_dist:7.2086, vae_loss_seen:372.7146 GZSL: seen=0.8265, unseen=0.4167, h=0.5540 ZSL: unseen accuracy=0.8021
[211/300]  Loss_D: -6.2368 Loss_G: 11.7929, Wasserstein_dist:8.6449, vae_loss_seen:375.1861 GZSL: seen=0.8294, unseen=0.4115, h=0.5500 ZSL: unseen accuracy=0.7812
[212/300]  Loss_D: -6.2586 Loss_G: 15.3823, Wasserstein_dist:9.4855, vae_loss_seen:422.6200 GZSL: seen=0.7917, unseen=0.5833, h=0.6717 ZSL: unseen accuracy=0.8021
[213/300]  Loss_D: -6.5231 Loss_G: 11.7820, Wasserstein_dist:8.2842, vae_loss_seen:369.6691 GZSL: seen=0.8492, unseen=0.3958, h=0.5400 ZSL: unseen accuracy=0.7812
[214/300]  Loss_D: -6.6450 Loss_G: 12.8680, Wasserstein_dist:8.5438, vae_loss_seen:394.0699 GZSL: seen=0.8135, unseen=0.4531, h=0.5820 ZSL: unseen accuracy=0.7865
[215/300]  Loss_D: -6.1013 Loss_G: 11.2785, Wasserstein_dist:8.3169, vae_loss_seen:375.9953 GZSL: seen=0.8214, unseen=0.4010, h=0.5390 ZSL: unseen accuracy=0.7865
[216/300]  Loss_D: -6.4570 Loss_G: 10.8908, Wasserstein_dist:7.9664, vae_loss_seen:365.6971 GZSL: seen=0.8294, unseen=0.3854, h=0.5263 ZSL: unseen accuracy=0.7917
[217/300]  Loss_D: -6.0388 Loss_G: 12.3639, Wasserstein_dist:8.0570, vae_loss_seen:387.8929 GZSL: seen=0.8115, unseen=0.4115, h=0.5461 ZSL: unseen accuracy=0.7865
[218/300]  Loss_D: -5.5566 Loss_G: 12.3759, Wasserstein_dist:7.5051, vae_loss_seen:385.4094 GZSL: seen=0.8254, unseen=0.4115, h=0.5492 ZSL: unseen accuracy=0.8021
[219/300]  Loss_D: -6.7208 Loss_G: 14.6858, Wasserstein_dist:9.6264, vae_loss_seen:410.2359 GZSL: seen=0.8274, unseen=0.3646, h=0.5061 ZSL: unseen accuracy=0.7865
[220/300]  Loss_D: -6.4663 Loss_G: 11.1997, Wasserstein_dist:8.7891, vae_loss_seen:367.4538 GZSL: seen=0.8571, unseen=0.3333, h=0.4800 ZSL: unseen accuracy=0.8229
[221/300]  Loss_D: -5.8058 Loss_G: 11.0476, Wasserstein_dist:7.3469, vae_loss_seen:368.4225 GZSL: seen=0.8512, unseen=0.3906, h=0.5355 ZSL: unseen accuracy=0.7917
[222/300]  Loss_D: -5.9044 Loss_G: 11.3824, Wasserstein_dist:8.0215, vae_loss_seen:373.4762 GZSL: seen=0.8492, unseen=0.2448, h=0.3800 ZSL: unseen accuracy=0.7812
[223/300]  Loss_D: -5.8269 Loss_G: 11.2423, Wasserstein_dist:7.9249, vae_loss_seen:375.9846 GZSL: seen=0.7917, unseen=0.4479, h=0.5721 ZSL: unseen accuracy=0.7917
[224/300]  Loss_D: -4.7913 Loss_G: 12.0331, Wasserstein_dist:6.4042, vae_loss_seen:372.0195 GZSL: seen=0.8631, unseen=0.3594, h=0.5075 ZSL: unseen accuracy=0.7708
[225/300]  Loss_D: -5.2280 Loss_G: 11.0688, Wasserstein_dist:7.0524, vae_loss_seen:369.3131 GZSL: seen=0.8710, unseen=0.4115, h=0.5589 ZSL: unseen accuracy=0.7812
[226/300]  Loss_D: -6.3682 Loss_G: 12.2168, Wasserstein_dist:8.2255, vae_loss_seen:383.4821 GZSL: seen=0.8433, unseen=0.4010, h=0.5436 ZSL: unseen accuracy=0.8021
[227/300]  Loss_D: -5.0421 Loss_G: 11.6133, Wasserstein_dist:6.5236, vae_loss_seen:378.8920 GZSL: seen=0.8790, unseen=0.4167, h=0.5653 ZSL: unseen accuracy=0.7656
[228/300]  Loss_D: -6.4230 Loss_G: 12.5626, Wasserstein_dist:8.3042, vae_loss_seen:398.1046 GZSL: seen=0.8671, unseen=0.4062, h=0.5533 ZSL: unseen accuracy=0.7865
[229/300]  Loss_D: -7.4248 Loss_G: 11.6218, Wasserstein_dist:9.3576, vae_loss_seen:380.7347 GZSL: seen=0.8115, unseen=0.3750, h=0.5130 ZSL: unseen accuracy=0.7917
[230/300]  Loss_D: -5.2214 Loss_G: 10.1752, Wasserstein_dist:6.8458, vae_loss_seen:357.2444 GZSL: seen=0.8155, unseen=0.4219, h=0.5561 ZSL: unseen accuracy=0.7865
[231/300]  Loss_D: -5.3216 Loss_G: 13.3057, Wasserstein_dist:7.9578, vae_loss_seen:391.1526 GZSL: seen=0.8175, unseen=0.4688, h=0.5958 ZSL: unseen accuracy=0.7656
[232/300]  Loss_D: -5.6720 Loss_G: 11.5856, Wasserstein_dist:7.2835, vae_loss_seen:380.9218 GZSL: seen=0.7837, unseen=0.4062, h=0.5351 ZSL: unseen accuracy=0.7500
[233/300]  Loss_D: -6.8347 Loss_G: 12.1431, Wasserstein_dist:9.1500, vae_loss_seen:386.0339 GZSL: seen=0.8254, unseen=0.2917, h=0.4310 ZSL: unseen accuracy=0.8021
[234/300]  Loss_D: -6.0280 Loss_G: 11.1520, Wasserstein_dist:7.7711, vae_loss_seen:368.1780 GZSL: seen=0.7937, unseen=0.4010, h=0.5328 ZSL: unseen accuracy=0.7812
[235/300]  Loss_D: -6.2902 Loss_G: 10.7729, Wasserstein_dist:7.8098, vae_loss_seen:371.3405 GZSL: seen=0.8671, unseen=0.4219, h=0.5676 ZSL: unseen accuracy=0.7760
[236/300]  Loss_D: -5.5417 Loss_G: 10.5442, Wasserstein_dist:7.3231, vae_loss_seen:361.3882 GZSL: seen=0.7908, unseen=0.3958, h=0.5276 ZSL: unseen accuracy=0.7865
[237/300]  Loss_D: -5.7935 Loss_G: 11.0048, Wasserstein_dist:7.2108, vae_loss_seen:364.8073 GZSL: seen=0.7917, unseen=0.4115, h=0.5415 ZSL: unseen accuracy=0.7917
[238/300]  Loss_D: -6.0079 Loss_G: 9.5519, Wasserstein_dist:7.9152, vae_loss_seen:352.8768 GZSL: seen=0.7917, unseen=0.3125, h=0.4481 ZSL: unseen accuracy=0.7812
[239/300]  Loss_D: -5.6322 Loss_G: 10.7967, Wasserstein_dist:7.0895, vae_loss_seen:365.3733 GZSL: seen=0.8115, unseen=0.5625, h=0.6644 ZSL: unseen accuracy=0.8021
[240/300]  Loss_D: -5.7717 Loss_G: 9.1006, Wasserstein_dist:7.8021, vae_loss_seen:352.5236 GZSL: seen=0.8889, unseen=0.2396, h=0.3774 ZSL: unseen accuracy=0.7969
[241/300]  Loss_D: -6.3471 Loss_G: 9.6056, Wasserstein_dist:8.5373, vae_loss_seen:361.8715 GZSL: seen=0.8254, unseen=0.3802, h=0.5206 ZSL: unseen accuracy=0.8021
[242/300]  Loss_D: -6.0363 Loss_G: 8.9312, Wasserstein_dist:7.7888, vae_loss_seen:348.4367 GZSL: seen=0.8730, unseen=0.4375, h=0.5829 ZSL: unseen accuracy=0.7865
[243/300]  Loss_D: -5.7682 Loss_G: 8.9962, Wasserstein_dist:7.5501, vae_loss_seen:347.3999 GZSL: seen=0.8571, unseen=0.2552, h=0.3933 ZSL: unseen accuracy=0.7969
[244/300]  Loss_D: -6.0811 Loss_G: 8.7092, Wasserstein_dist:7.7826, vae_loss_seen:339.0185 GZSL: seen=0.8393, unseen=0.3802, h=0.5233 ZSL: unseen accuracy=0.7812
[245/300]  Loss_D: -6.0676 Loss_G: 12.2297, Wasserstein_dist:8.1512, vae_loss_seen:381.3611 GZSL: seen=0.8353, unseen=0.6042, h=0.7012 ZSL: unseen accuracy=0.7760
[246/300]  Loss_D: -6.0974 Loss_G: 8.8751, Wasserstein_dist:8.5643, vae_loss_seen:356.4461 GZSL: seen=0.8325, unseen=0.2292, h=0.3594 ZSL: unseen accuracy=0.7917
[247/300]  Loss_D: -5.9076 Loss_G: 9.3160, Wasserstein_dist:7.5158, vae_loss_seen:350.6036 GZSL: seen=0.8274, unseen=0.4375, h=0.5724 ZSL: unseen accuracy=0.8177
[248/300]  Loss_D: -5.3246 Loss_G: 8.3949, Wasserstein_dist:7.0609, vae_loss_seen:340.8500 GZSL: seen=0.8988, unseen=0.2396, h=0.3783 ZSL: unseen accuracy=0.8125
[249/300]  Loss_D: -5.8388 Loss_G: 11.1339, Wasserstein_dist:7.7169, vae_loss_seen:369.2989 GZSL: seen=0.8552, unseen=0.3854, h=0.5314 ZSL: unseen accuracy=0.7552
[250/300]  Loss_D: -6.1631 Loss_G: 6.9716, Wasserstein_dist:7.9397, vae_loss_seen:331.2769 GZSL: seen=0.8234, unseen=0.3958, h=0.5346 ZSL: unseen accuracy=0.7917
[251/300]  Loss_D: -6.2673 Loss_G: 8.9149, Wasserstein_dist:8.0469, vae_loss_seen:346.4356 GZSL: seen=0.7758, unseen=0.4479, h=0.5679 ZSL: unseen accuracy=0.7760
[252/300]  Loss_D: -6.0779 Loss_G: 9.1628, Wasserstein_dist:7.6729, vae_loss_seen:340.4508 GZSL: seen=0.8393, unseen=0.5781, h=0.6846 ZSL: unseen accuracy=0.8021
[253/300]  Loss_D: -5.8846 Loss_G: 7.9032, Wasserstein_dist:7.6059, vae_loss_seen:333.9427 GZSL: seen=0.7730, unseen=0.3698, h=0.5003 ZSL: unseen accuracy=0.8229
[254/300]  Loss_D: -7.2346 Loss_G: 7.2880, Wasserstein_dist:9.2680, vae_loss_seen:324.0105 GZSL: seen=0.8730, unseen=0.3906, h=0.5397 ZSL: unseen accuracy=0.7604
[255/300]  Loss_D: -6.3814 Loss_G: 10.1668, Wasserstein_dist:7.9746, vae_loss_seen:363.0875 GZSL: seen=0.8413, unseen=0.3646, h=0.5087 ZSL: unseen accuracy=0.7917
[256/300]  Loss_D: -5.2116 Loss_G: 9.3232, Wasserstein_dist:6.7491, vae_loss_seen:348.7914 GZSL: seen=0.8750, unseen=0.2708, h=0.4136 ZSL: unseen accuracy=0.7969
[257/300]  Loss_D: -6.4450 Loss_G: 11.1781, Wasserstein_dist:8.8676, vae_loss_seen:378.0817 GZSL: seen=0.8115, unseen=0.4062, h=0.5414 ZSL: unseen accuracy=0.8021
[258/300]  Loss_D: -4.8129 Loss_G: 12.2357, Wasserstein_dist:7.1503, vae_loss_seen:379.6263 GZSL: seen=0.8294, unseen=0.4115, h=0.5500 ZSL: unseen accuracy=0.7760
[259/300]  Loss_D: -6.0082 Loss_G: 8.5530, Wasserstein_dist:7.6955, vae_loss_seen:353.3060 GZSL: seen=0.8642, unseen=0.2500, h=0.3878 ZSL: unseen accuracy=0.8021
[260/300]  Loss_D: -6.5457 Loss_G: 8.4115, Wasserstein_dist:8.5434, vae_loss_seen:355.6966 GZSL: seen=0.7857, unseen=0.6146, h=0.6897 ZSL: unseen accuracy=0.7969
[261/300]  Loss_D: -5.2350 Loss_G: 11.2298, Wasserstein_dist:7.1198, vae_loss_seen:372.2338 GZSL: seen=0.8254, unseen=0.3906, h=0.5303 ZSL: unseen accuracy=0.8177
[262/300]  Loss_D: -4.8521 Loss_G: 8.8222, Wasserstein_dist:7.1603, vae_loss_seen:355.7295 GZSL: seen=0.8512, unseen=0.3854, h=0.5306 ZSL: unseen accuracy=0.7812
[263/300]  Loss_D: -5.9885 Loss_G: 8.6897, Wasserstein_dist:7.4332, vae_loss_seen:339.0284 GZSL: seen=0.8393, unseen=0.4062, h=0.5475 ZSL: unseen accuracy=0.7604
[264/300]  Loss_D: -5.2263 Loss_G: 8.9015, Wasserstein_dist:7.2382, vae_loss_seen:346.5207 GZSL: seen=0.8175, unseen=0.2396, h=0.3706 ZSL: unseen accuracy=0.7760
[265/300]  Loss_D: -5.9457 Loss_G: 9.8454, Wasserstein_dist:7.4576, vae_loss_seen:354.5544 GZSL: seen=0.8750, unseen=0.2188, h=0.3500 ZSL: unseen accuracy=0.7917
[266/300]  Loss_D: -6.6810 Loss_G: 8.8184, Wasserstein_dist:8.8583, vae_loss_seen:355.7108 GZSL: seen=0.7995, unseen=0.3281, h=0.4653 ZSL: unseen accuracy=0.8073
[267/300]  Loss_D: -6.5856 Loss_G: 10.4591, Wasserstein_dist:8.8271, vae_loss_seen:367.5063 GZSL: seen=0.8631, unseen=0.3906, h=0.5378 ZSL: unseen accuracy=0.7917
[268/300]  Loss_D: -5.9277 Loss_G: 9.8659, Wasserstein_dist:7.7096, vae_loss_seen:349.2215 GZSL: seen=0.8313, unseen=0.3698, h=0.5119 ZSL: unseen accuracy=0.7500
[269/300]  Loss_D: -6.7519 Loss_G: 10.3326, Wasserstein_dist:8.5227, vae_loss_seen:363.4951 GZSL: seen=0.8591, unseen=0.2292, h=0.3618 ZSL: unseen accuracy=0.7760
[270/300]  Loss_D: -5.6557 Loss_G: 8.2845, Wasserstein_dist:7.2291, vae_loss_seen:344.0738 GZSL: seen=0.8353, unseen=0.3698, h=0.5126 ZSL: unseen accuracy=0.7812
[271/300]  Loss_D: -5.3758 Loss_G: 9.1053, Wasserstein_dist:7.2051, vae_loss_seen:353.4611 GZSL: seen=0.8393, unseen=0.2448, h=0.3790 ZSL: unseen accuracy=0.7917
[272/300]  Loss_D: -6.3255 Loss_G: 7.3302, Wasserstein_dist:8.5528, vae_loss_seen:333.8654 GZSL: seen=0.8313, unseen=0.3802, h=0.5218 ZSL: unseen accuracy=0.7969
[273/300]  Loss_D: -6.2824 Loss_G: 8.9565, Wasserstein_dist:7.9437, vae_loss_seen:356.1348 GZSL: seen=0.8413, unseen=0.2917, h=0.4332 ZSL: unseen accuracy=0.7760
[274/300]  Loss_D: -6.3220 Loss_G: 9.6358, Wasserstein_dist:8.4032, vae_loss_seen:361.7576 GZSL: seen=0.8682, unseen=0.2240, h=0.3561 ZSL: unseen accuracy=0.7708
[275/300]  Loss_D: -5.7054 Loss_G: 8.5582, Wasserstein_dist:7.4813, vae_loss_seen:342.0450 GZSL: seen=0.8155, unseen=0.2656, h=0.4007 ZSL: unseen accuracy=0.7552
[276/300]  Loss_D: -6.0961 Loss_G: 7.5730, Wasserstein_dist:7.8098, vae_loss_seen:337.0173 GZSL: seen=0.9187, unseen=0.2292, h=0.3668 ZSL: unseen accuracy=0.6823
[277/300]  Loss_D: -5.7425 Loss_G: 5.7290, Wasserstein_dist:7.6695, vae_loss_seen:318.3550 GZSL: seen=0.9048, unseen=0.2240, h=0.3590 ZSL: unseen accuracy=0.8125
[278/300]  Loss_D: -6.0703 Loss_G: 8.9545, Wasserstein_dist:7.8721, vae_loss_seen:346.9485 GZSL: seen=0.8274, unseen=0.4062, h=0.5449 ZSL: unseen accuracy=0.7656
[279/300]  Loss_D: -5.6185 Loss_G: 8.6842, Wasserstein_dist:7.1496, vae_loss_seen:352.2079 GZSL: seen=0.8274, unseen=0.4062, h=0.5449 ZSL: unseen accuracy=0.8229
[280/300]  Loss_D: -5.5215 Loss_G: 9.8121, Wasserstein_dist:7.1994, vae_loss_seen:353.4758 GZSL: seen=0.8810, unseen=0.2188, h=0.3505 ZSL: unseen accuracy=0.7812
[281/300]  Loss_D: -5.3403 Loss_G: 9.4034, Wasserstein_dist:6.9522, vae_loss_seen:355.0518 GZSL: seen=0.8155, unseen=0.4115, h=0.5469 ZSL: unseen accuracy=0.7812
[282/300]  Loss_D: -5.9464 Loss_G: 8.1046, Wasserstein_dist:7.9947, vae_loss_seen:341.6970 GZSL: seen=0.8393, unseen=0.2917, h=0.4329 ZSL: unseen accuracy=0.7812
[283/300]  Loss_D: -5.3516 Loss_G: 7.2121, Wasserstein_dist:6.9117, vae_loss_seen:327.8229 GZSL: seen=0.8512, unseen=0.3854, h=0.5306 ZSL: unseen accuracy=0.8073
[284/300]  Loss_D: -5.2606 Loss_G: 8.2823, Wasserstein_dist:6.6995, vae_loss_seen:341.9670 GZSL: seen=0.8492, unseen=0.4167, h=0.5590 ZSL: unseen accuracy=0.7552
[285/300]  Loss_D: -5.8812 Loss_G: 7.3804, Wasserstein_dist:7.3154, vae_loss_seen:326.3664 GZSL: seen=0.8611, unseen=0.4167, h=0.5616 ZSL: unseen accuracy=0.7604
[286/300]  Loss_D: -5.8977 Loss_G: 8.2286, Wasserstein_dist:7.5366, vae_loss_seen:341.0276 GZSL: seen=0.8313, unseen=0.4635, h=0.5952 ZSL: unseen accuracy=0.7865
[287/300]  Loss_D: -6.4593 Loss_G: 9.8328, Wasserstein_dist:8.7174, vae_loss_seen:364.1310 GZSL: seen=0.8333, unseen=0.3594, h=0.5022 ZSL: unseen accuracy=0.8021
[288/300]  Loss_D: -6.3323 Loss_G: 10.4520, Wasserstein_dist:8.3851, vae_loss_seen:374.0239 GZSL: seen=0.8333, unseen=0.3906, h=0.5319 ZSL: unseen accuracy=0.7865
[289/300]  Loss_D: -5.3423 Loss_G: 7.8525, Wasserstein_dist:7.2060, vae_loss_seen:337.1823 GZSL: seen=0.8115, unseen=0.3698, h=0.5081 ZSL: unseen accuracy=0.7917
[290/300]  Loss_D: -5.7811 Loss_G: 10.3808, Wasserstein_dist:7.7241, vae_loss_seen:357.4700 GZSL: seen=0.8770, unseen=0.2396, h=0.3764 ZSL: unseen accuracy=0.7292
[291/300]  Loss_D: -5.6152 Loss_G: 8.2163, Wasserstein_dist:7.1453, vae_loss_seen:337.8124 GZSL: seen=0.8107, unseen=0.3698, h=0.5079 ZSL: unseen accuracy=0.7917
[292/300]  Loss_D: -5.0974 Loss_G: 9.3995, Wasserstein_dist:7.1139, vae_loss_seen:349.5909 GZSL: seen=0.8413, unseen=0.3958, h=0.5384 ZSL: unseen accuracy=0.7656
[293/300]  Loss_D: -5.6937 Loss_G: 7.8466, Wasserstein_dist:7.1134, vae_loss_seen:336.2909 GZSL: seen=0.8433, unseen=0.4167, h=0.5577 ZSL: unseen accuracy=0.8125
[294/300]  Loss_D: -6.5970 Loss_G: 7.5630, Wasserstein_dist:8.4087, vae_loss_seen:343.8094 GZSL: seen=0.8325, unseen=0.2448, h=0.3783 ZSL: unseen accuracy=0.7656
[295/300]  Loss_D: -6.3448 Loss_G: 7.9266, Wasserstein_dist:8.2339, vae_loss_seen:343.4284 GZSL: seen=0.8722, unseen=0.4062, h=0.5543 ZSL: unseen accuracy=0.7917
[296/300]  Loss_D: -4.6682 Loss_G: 7.9701, Wasserstein_dist:6.2599, vae_loss_seen:331.3340 GZSL: seen=0.7817, unseen=0.3958, h=0.5256 ZSL: unseen accuracy=0.8177
[297/300]  Loss_D: -6.4514 Loss_G: 7.5920, Wasserstein_dist:8.2553, vae_loss_seen:337.7573 GZSL: seen=0.7917, unseen=0.3646, h=0.4992 ZSL: unseen accuracy=0.7500
[298/300]  Loss_D: -6.3402 Loss_G: 6.6973, Wasserstein_dist:8.6146, vae_loss_seen:329.4681 GZSL: seen=0.8274, unseen=0.2448, h=0.3778 ZSL: unseen accuracy=0.7396
[299/300]  Loss_D: -5.9879 Loss_G: 8.2249, Wasserstein_dist:8.1259, vae_loss_seen:343.9844 GZSL: seen=0.8214, unseen=0.4323, h=0.5665 ZSL: unseen accuracy=0.7865
Dataset RADAR
the best ZSL unseen accuracy is 0.875
Dataset RADAR
the best GZSL seen accuracy is 0.8313492063492063
the best GZSL unseen accuracy is 0.75
the best GZSL H is 0.788582183186951
