Random Seed:  3407
# of training samples:  538
Encoder(
  (fc1): Linear(in_features=1536, out_features=4096, bias=True)
  (fc3): Linear(in_features=4096, out_features=1024, bias=True)
  (lrelu): LeakyReLU(0.2, inplace)
  (linear_means): Linear(in_features=1024, out_features=512, bias=True)
  (linear_log_var): Linear(in_features=1024, out_features=512, bias=True)
)
Generator(
  (fc1): Linear(in_features=1024, out_features=4096, bias=True)
  (fc3): Linear(in_features=4096, out_features=1024, bias=True)
  (lrelu): LeakyReLU(0.2, inplace)
  (sigmoid): Sigmoid()
)
Discriminator_D1(
  (fc1): Linear(in_features=1536, out_features=4096, bias=True)
  (fc2): Linear(in_features=4096, out_features=1, bias=True)
  (lrelu): LeakyReLU(0.2, inplace)
)
Feedback(
  (fc1): Linear(in_features=4096, out_features=4096, bias=True)
  (fc2): Linear(in_features=4096, out_features=4096, bias=True)
  (lrelu): LeakyReLU(0.2, inplace)
)
AttDec(
  (fc1): Linear(in_features=1024, out_features=4096, bias=True)
  (fc3): Linear(in_features=4096, out_features=512, bias=True)
  (lrelu): LeakyReLU(0.2, inplace)
)
[0/300]  Loss_D: -67.9877 Loss_G: 11.6789, Wasserstein_dist:78.8306, vae_loss_seen:546.8784 GZSL: seen=0.5585, unseen=0.1667, h=0.2567 ZSL: unseen accuracy=0.3333
[1/300]  Loss_D: -66.6140 Loss_G: 5.0504, Wasserstein_dist:69.7235, vae_loss_seen:502.9241 GZSL: seen=0.8966, unseen=0.0052, h=0.0104 ZSL: unseen accuracy=0.5156
[2/300]  Loss_D: -118.4019 Loss_G: 2.9835, Wasserstein_dist:126.5917, vae_loss_seen:494.6515 GZSL: seen=0.4226, unseen=0.2812, h=0.3377 ZSL: unseen accuracy=0.5417
[3/300]  Loss_D: -140.3281 Loss_G: 1.8582, Wasserstein_dist:188.2645, vae_loss_seen:487.4662 GZSL: seen=0.8060, unseen=0.1562, h=0.2618 ZSL: unseen accuracy=0.4010
[4/300]  Loss_D: -93.2102 Loss_G: 1.6632, Wasserstein_dist:148.0763, vae_loss_seen:479.8358 GZSL: seen=0.9554, unseen=0.1406, h=0.2452 ZSL: unseen accuracy=0.4740
[5/300]  Loss_D: -109.2962 Loss_G: 0.7008, Wasserstein_dist:132.5460, vae_loss_seen:460.0720 GZSL: seen=0.4429, unseen=0.1094, h=0.1754 ZSL: unseen accuracy=0.5990
[6/300]  Loss_D: -84.2168 Loss_G: -0.3831, Wasserstein_dist:115.9219, vae_loss_seen:443.4484 GZSL: seen=0.5113, unseen=0.2396, h=0.3263 ZSL: unseen accuracy=0.5000
[7/300]  Loss_D: -80.8179 Loss_G: -1.7744, Wasserstein_dist:109.9118, vae_loss_seen:422.9120 GZSL: seen=0.9294, unseen=0.1667, h=0.2826 ZSL: unseen accuracy=0.5833
[8/300]  Loss_D: -71.1697 Loss_G: -2.7831, Wasserstein_dist:89.5358, vae_loss_seen:409.9426 GZSL: seen=0.5527, unseen=0.3333, h=0.4159 ZSL: unseen accuracy=0.4219
[9/300]  Loss_D: -60.0158 Loss_G: -3.8268, Wasserstein_dist:79.4083, vae_loss_seen:391.3696 GZSL: seen=0.9687, unseen=0.0938, h=0.1710 ZSL: unseen accuracy=0.6198
[10/300]  Loss_D: -46.4605 Loss_G: -4.7041, Wasserstein_dist:67.2181, vae_loss_seen:372.2342 GZSL: seen=0.8000, unseen=0.1771, h=0.2900 ZSL: unseen accuracy=0.4740
[11/300]  Loss_D: -44.7337 Loss_G: -5.3399, Wasserstein_dist:60.0532, vae_loss_seen:367.2328 GZSL: seen=0.6642, unseen=0.2656, h=0.3795 ZSL: unseen accuracy=0.3125
[12/300]  Loss_D: -36.3681 Loss_G: -5.4585, Wasserstein_dist:46.4592, vae_loss_seen:352.2880 GZSL: seen=0.2734, unseen=0.1667, h=0.2071 ZSL: unseen accuracy=0.4479
[13/300]  Loss_D: -34.6478 Loss_G: -6.8798, Wasserstein_dist:46.4906, vae_loss_seen:341.1822 GZSL: seen=0.8661, unseen=0.0573, h=0.1075 ZSL: unseen accuracy=0.3750
[14/300]  Loss_D: -35.2750 Loss_G: -7.0727, Wasserstein_dist:43.8021, vae_loss_seen:342.0224 GZSL: seen=0.5158, unseen=0.3333, h=0.4050 ZSL: unseen accuracy=0.4740
[15/300]  Loss_D: -25.9501 Loss_G: -7.1685, Wasserstein_dist:34.0303, vae_loss_seen:334.6106 GZSL: seen=0.3962, unseen=0.0469, h=0.0838 ZSL: unseen accuracy=0.3333
[16/300]  Loss_D: -21.2576 Loss_G: -7.2869, Wasserstein_dist:28.7170, vae_loss_seen:327.5002 GZSL: seen=0.4432, unseen=0.5417, h=0.4875 ZSL: unseen accuracy=0.4948
[17/300]  Loss_D: -22.3953 Loss_G: -7.5624, Wasserstein_dist:28.3672, vae_loss_seen:325.0991 GZSL: seen=0.5273, unseen=0.1458, h=0.2285 ZSL: unseen accuracy=0.4896
[18/300]  Loss_D: -16.4676 Loss_G: -7.5651, Wasserstein_dist:24.8081, vae_loss_seen:331.1384 GZSL: seen=0.3425, unseen=0.2865, h=0.3120 ZSL: unseen accuracy=0.4792
[19/300]  Loss_D: -17.4372 Loss_G: -8.0197, Wasserstein_dist:23.3857, vae_loss_seen:321.0470 GZSL: seen=0.4935, unseen=0.2917, h=0.3666 ZSL: unseen accuracy=0.4062
[20/300]  Loss_D: -16.5150 Loss_G: -7.9141, Wasserstein_dist:22.8295, vae_loss_seen:321.2864 GZSL: seen=0.4380, unseen=0.3333, h=0.3786 ZSL: unseen accuracy=0.3698
[21/300]  Loss_D: -16.7048 Loss_G: -7.6898, Wasserstein_dist:20.8742, vae_loss_seen:325.5542 GZSL: seen=0.2714, unseen=0.4896, h=0.3492 ZSL: unseen accuracy=0.4792
[22/300]  Loss_D: -13.3194 Loss_G: -7.7761, Wasserstein_dist:20.8468, vae_loss_seen:318.5791 GZSL: seen=0.4048, unseen=0.3125, h=0.3527 ZSL: unseen accuracy=0.4792
[23/300]  Loss_D: -15.4598 Loss_G: -7.1373, Wasserstein_dist:19.7361, vae_loss_seen:320.4955 GZSL: seen=0.8095, unseen=0.1927, h=0.3113 ZSL: unseen accuracy=0.4740
[24/300]  Loss_D: -16.9308 Loss_G: -6.5513, Wasserstein_dist:21.7289, vae_loss_seen:323.4687 GZSL: seen=0.4512, unseen=0.1667, h=0.2434 ZSL: unseen accuracy=0.4740
[25/300]  Loss_D: -14.4228 Loss_G: -6.2240, Wasserstein_dist:18.4876, vae_loss_seen:311.5587 GZSL: seen=0.5865, unseen=0.2917, h=0.3896 ZSL: unseen accuracy=0.6354
[26/300]  Loss_D: -19.0746 Loss_G: -6.1963, Wasserstein_dist:24.3168, vae_loss_seen:318.9678 GZSL: seen=0.8402, unseen=0.0781, h=0.1430 ZSL: unseen accuracy=0.4583
[27/300]  Loss_D: -17.3970 Loss_G: -4.9314, Wasserstein_dist:22.4065, vae_loss_seen:316.6978 GZSL: seen=0.5793, unseen=0.3385, h=0.4273 ZSL: unseen accuracy=0.4792
[28/300]  Loss_D: -17.3409 Loss_G: -3.7587, Wasserstein_dist:20.9068, vae_loss_seen:322.3553 GZSL: seen=0.6104, unseen=0.1302, h=0.2146 ZSL: unseen accuracy=0.4740
[29/300]  Loss_D: -18.5134 Loss_G: -2.9446, Wasserstein_dist:23.7044, vae_loss_seen:327.4118 GZSL: seen=0.8729, unseen=0.0677, h=0.1257 ZSL: unseen accuracy=0.3073
[30/300]  Loss_D: -18.3222 Loss_G: -2.1868, Wasserstein_dist:22.8967, vae_loss_seen:308.8353 GZSL: seen=0.5935, unseen=0.3073, h=0.4049 ZSL: unseen accuracy=0.4792
[31/300]  Loss_D: -18.5388 Loss_G: -1.2734, Wasserstein_dist:22.6001, vae_loss_seen:319.9355 GZSL: seen=0.5175, unseen=0.2500, h=0.3371 ZSL: unseen accuracy=0.3333
[32/300]  Loss_D: -18.6101 Loss_G: 0.3388, Wasserstein_dist:24.2973, vae_loss_seen:330.1132 GZSL: seen=0.4774, unseen=0.1458, h=0.2234 ZSL: unseen accuracy=0.4792
[33/300]  Loss_D: -22.0194 Loss_G: 1.1488, Wasserstein_dist:26.9674, vae_loss_seen:329.5595 GZSL: seen=0.5596, unseen=0.3229, h=0.4095 ZSL: unseen accuracy=0.4740
[34/300]  Loss_D: -19.3554 Loss_G: 2.3095, Wasserstein_dist:25.0542, vae_loss_seen:327.0263 GZSL: seen=0.5364, unseen=0.2760, h=0.3645 ZSL: unseen accuracy=0.4792
[35/300]  Loss_D: -21.9804 Loss_G: 3.0649, Wasserstein_dist:27.4463, vae_loss_seen:326.6045 GZSL: seen=0.4920, unseen=0.1406, h=0.2187 ZSL: unseen accuracy=0.4740
[36/300]  Loss_D: -20.8693 Loss_G: 3.7672, Wasserstein_dist:26.4226, vae_loss_seen:317.9369 GZSL: seen=0.8000, unseen=0.0833, h=0.1509 ZSL: unseen accuracy=0.4740
[37/300]  Loss_D: -19.6408 Loss_G: 4.7701, Wasserstein_dist:27.7331, vae_loss_seen:331.5755 GZSL: seen=0.5808, unseen=0.2188, h=0.3178 ZSL: unseen accuracy=0.3229
[38/300]  Loss_D: -20.9703 Loss_G: 5.2536, Wasserstein_dist:26.6221, vae_loss_seen:314.2943 GZSL: seen=0.5971, unseen=0.2969, h=0.3966 ZSL: unseen accuracy=0.4792
[39/300]  Loss_D: -19.9112 Loss_G: 5.5578, Wasserstein_dist:26.8285, vae_loss_seen:323.9669 GZSL: seen=0.4981, unseen=0.1094, h=0.1794 ZSL: unseen accuracy=0.4010
[40/300]  Loss_D: -18.0536 Loss_G: 5.8406, Wasserstein_dist:25.2027, vae_loss_seen:318.4377 GZSL: seen=0.5575, unseen=0.2917, h=0.3830 ZSL: unseen accuracy=0.5521
[41/300]  Loss_D: -21.9238 Loss_G: 6.5377, Wasserstein_dist:28.4833, vae_loss_seen:321.3527 GZSL: seen=0.5244, unseen=0.3073, h=0.3875 ZSL: unseen accuracy=0.4740
[42/300]  Loss_D: -20.6393 Loss_G: 6.9100, Wasserstein_dist:28.1189, vae_loss_seen:326.5161 GZSL: seen=0.8366, unseen=0.0833, h=0.1516 ZSL: unseen accuracy=0.4740
[43/300]  Loss_D: -20.1103 Loss_G: 7.3140, Wasserstein_dist:27.2678, vae_loss_seen:322.7783 GZSL: seen=0.6342, unseen=0.4740, h=0.5425 ZSL: unseen accuracy=0.3333
[44/300]  Loss_D: -22.0809 Loss_G: 7.6439, Wasserstein_dist:29.9085, vae_loss_seen:329.4764 GZSL: seen=0.6553, unseen=0.2708, h=0.3833 ZSL: unseen accuracy=0.6354
[45/300]  Loss_D: -21.0557 Loss_G: 7.6372, Wasserstein_dist:28.2041, vae_loss_seen:332.6822 GZSL: seen=0.5180, unseen=0.1667, h=0.2522 ZSL: unseen accuracy=0.4688
[46/300]  Loss_D: -18.4695 Loss_G: 8.0188, Wasserstein_dist:25.8542, vae_loss_seen:314.0715 GZSL: seen=0.6390, unseen=0.0885, h=0.1555 ZSL: unseen accuracy=0.3125
[47/300]  Loss_D: -19.9523 Loss_G: 8.3308, Wasserstein_dist:27.5262, vae_loss_seen:321.7747 GZSL: seen=0.5739, unseen=0.2760, h=0.3728 ZSL: unseen accuracy=0.4740
[48/300]  Loss_D: -21.1151 Loss_G: 8.6076, Wasserstein_dist:27.4938, vae_loss_seen:321.7574 GZSL: seen=0.5965, unseen=0.3021, h=0.4011 ZSL: unseen accuracy=0.4740
[49/300]  Loss_D: -21.2572 Loss_G: 8.5226, Wasserstein_dist:28.5332, vae_loss_seen:317.8817 GZSL: seen=0.7940, unseen=0.3021, h=0.4377 ZSL: unseen accuracy=0.3125
[50/300]  Loss_D: -20.4669 Loss_G: 8.4377, Wasserstein_dist:26.8562, vae_loss_seen:321.4737 GZSL: seen=0.3352, unseen=0.4792, h=0.3945 ZSL: unseen accuracy=0.4792
[51/300]  Loss_D: -21.2656 Loss_G: 7.8799, Wasserstein_dist:28.7887, vae_loss_seen:322.2273 GZSL: seen=0.6003, unseen=0.1406, h=0.2279 ZSL: unseen accuracy=0.4792
[52/300]  Loss_D: -19.8273 Loss_G: 8.5422, Wasserstein_dist:27.9801, vae_loss_seen:328.6941 GZSL: seen=0.5697, unseen=0.4479, h=0.5015 ZSL: unseen accuracy=0.4479
[53/300]  Loss_D: -22.9088 Loss_G: 8.7057, Wasserstein_dist:29.0421, vae_loss_seen:316.0145 GZSL: seen=0.8000, unseen=0.2448, h=0.3749 ZSL: unseen accuracy=0.4740
[54/300]  Loss_D: -17.4941 Loss_G: 8.5586, Wasserstein_dist:26.1151, vae_loss_seen:328.7260 GZSL: seen=0.5008, unseen=0.1562, h=0.2382 ZSL: unseen accuracy=0.4740
[55/300]  Loss_D: -20.8397 Loss_G: 8.7012, Wasserstein_dist:27.0125, vae_loss_seen:323.1364 GZSL: seen=0.5015, unseen=0.3229, h=0.3929 ZSL: unseen accuracy=0.3229
[56/300]  Loss_D: -18.5764 Loss_G: 8.9245, Wasserstein_dist:26.0850, vae_loss_seen:322.3120 GZSL: seen=0.6194, unseen=0.2292, h=0.3346 ZSL: unseen accuracy=0.4792
[57/300]  Loss_D: -20.5276 Loss_G: 9.1584, Wasserstein_dist:26.4943, vae_loss_seen:314.9609 GZSL: seen=0.8000, unseen=0.1302, h=0.2240 ZSL: unseen accuracy=0.6406
[58/300]  Loss_D: -19.9751 Loss_G: 8.9737, Wasserstein_dist:28.5942, vae_loss_seen:330.8406 GZSL: seen=0.5964, unseen=0.2917, h=0.3918 ZSL: unseen accuracy=0.4167
[59/300]  Loss_D: -24.3629 Loss_G: 8.9554, Wasserstein_dist:30.1993, vae_loss_seen:322.6854 GZSL: seen=0.6376, unseen=0.3750, h=0.4723 ZSL: unseen accuracy=0.3125
[60/300]  Loss_D: -19.9257 Loss_G: 8.8578, Wasserstein_dist:27.3163, vae_loss_seen:315.0887 GZSL: seen=0.5376, unseen=0.4375, h=0.4824 ZSL: unseen accuracy=0.5885
[61/300]  Loss_D: -20.4492 Loss_G: 8.7593, Wasserstein_dist:28.2142, vae_loss_seen:322.0766 GZSL: seen=0.4488, unseen=0.4479, h=0.4484 ZSL: unseen accuracy=0.3125
[62/300]  Loss_D: -21.3495 Loss_G: 9.2015, Wasserstein_dist:27.2063, vae_loss_seen:320.5969 GZSL: seen=0.5753, unseen=0.1667, h=0.2585 ZSL: unseen accuracy=0.4792
[63/300]  Loss_D: -16.8538 Loss_G: 9.3082, Wasserstein_dist:25.3562, vae_loss_seen:321.8984 GZSL: seen=0.4808, unseen=0.2656, h=0.3422 ZSL: unseen accuracy=0.4792
[64/300]  Loss_D: -20.6226 Loss_G: 9.4265, Wasserstein_dist:26.4919, vae_loss_seen:321.2212 GZSL: seen=0.8000, unseen=0.2604, h=0.3929 ZSL: unseen accuracy=0.3125
[65/300]  Loss_D: -17.7355 Loss_G: 9.1379, Wasserstein_dist:24.3203, vae_loss_seen:310.2392 GZSL: seen=0.5289, unseen=0.3125, h=0.3929 ZSL: unseen accuracy=0.4115
[66/300]  Loss_D: -18.4225 Loss_G: 8.6970, Wasserstein_dist:26.3459, vae_loss_seen:321.0844 GZSL: seen=0.5839, unseen=0.3073, h=0.4027 ZSL: unseen accuracy=0.3438
[67/300]  Loss_D: -20.2473 Loss_G: 9.0330, Wasserstein_dist:25.8797, vae_loss_seen:317.1326 GZSL: seen=0.4173, unseen=0.3073, h=0.3539 ZSL: unseen accuracy=0.3229
[68/300]  Loss_D: -18.6647 Loss_G: 9.0022, Wasserstein_dist:26.0334, vae_loss_seen:322.0389 GZSL: seen=0.7964, unseen=0.2604, h=0.3925 ZSL: unseen accuracy=0.3333
[69/300]  Loss_D: -17.9390 Loss_G: 9.6214, Wasserstein_dist:24.8776, vae_loss_seen:316.9324 GZSL: seen=0.5724, unseen=0.4740, h=0.5186 ZSL: unseen accuracy=0.4792
[70/300]  Loss_D: -19.0351 Loss_G: 9.5801, Wasserstein_dist:25.9350, vae_loss_seen:326.8617 GZSL: seen=0.4817, unseen=0.4167, h=0.4468 ZSL: unseen accuracy=0.4740
[71/300]  Loss_D: -17.4224 Loss_G: 10.1050, Wasserstein_dist:24.1839, vae_loss_seen:314.3852 GZSL: seen=0.4889, unseen=0.3125, h=0.3813 ZSL: unseen accuracy=0.4740
[72/300]  Loss_D: -19.2761 Loss_G: 9.9334, Wasserstein_dist:25.9385, vae_loss_seen:324.1315 GZSL: seen=0.4832, unseen=0.4740, h=0.4785 ZSL: unseen accuracy=0.4740
[73/300]  Loss_D: -18.8393 Loss_G: 9.1612, Wasserstein_dist:25.7004, vae_loss_seen:317.0597 GZSL: seen=0.5571, unseen=0.3125, h=0.4004 ZSL: unseen accuracy=0.3229
[74/300]  Loss_D: -19.0412 Loss_G: 9.5306, Wasserstein_dist:25.4749, vae_loss_seen:317.4568 GZSL: seen=0.5943, unseen=0.4427, h=0.5074 ZSL: unseen accuracy=0.4740
[75/300]  Loss_D: -18.9944 Loss_G: 9.3343, Wasserstein_dist:25.5647, vae_loss_seen:312.6859 GZSL: seen=0.5544, unseen=0.4427, h=0.4923 ZSL: unseen accuracy=0.5000
[76/300]  Loss_D: -17.1655 Loss_G: 9.5303, Wasserstein_dist:23.6772, vae_loss_seen:308.5779 GZSL: seen=0.6159, unseen=0.1458, h=0.2358 ZSL: unseen accuracy=0.3073
[77/300]  Loss_D: -17.4673 Loss_G: 9.8383, Wasserstein_dist:24.6770, vae_loss_seen:315.2306 GZSL: seen=0.5330, unseen=0.2812, h=0.3682 ZSL: unseen accuracy=0.4688
[78/300]  Loss_D: -18.4680 Loss_G: 9.5913, Wasserstein_dist:25.0368, vae_loss_seen:312.8040 GZSL: seen=0.6249, unseen=0.3021, h=0.4073 ZSL: unseen accuracy=0.4635
[79/300]  Loss_D: -16.8016 Loss_G: 9.5894, Wasserstein_dist:23.1055, vae_loss_seen:317.4952 GZSL: seen=0.5921, unseen=0.2448, h=0.3464 ZSL: unseen accuracy=0.4635
[80/300]  Loss_D: -17.3877 Loss_G: 9.5844, Wasserstein_dist:24.6663, vae_loss_seen:307.6959 GZSL: seen=0.4563, unseen=0.3073, h=0.3673 ZSL: unseen accuracy=0.4740
[81/300]  Loss_D: -17.7558 Loss_G: 9.8229, Wasserstein_dist:24.2915, vae_loss_seen:309.4999 GZSL: seen=0.4778, unseen=0.4792, h=0.4785 ZSL: unseen accuracy=0.4792
[82/300]  Loss_D: -19.4371 Loss_G: 9.4540, Wasserstein_dist:25.1867, vae_loss_seen:317.1976 GZSL: seen=0.4837, unseen=0.1458, h=0.2241 ZSL: unseen accuracy=0.4740
[83/300]  Loss_D: -19.0076 Loss_G: 9.9534, Wasserstein_dist:26.3551, vae_loss_seen:307.9755 GZSL: seen=0.4333, unseen=0.3490, h=0.3866 ZSL: unseen accuracy=0.4792
[84/300]  Loss_D: -17.4105 Loss_G: 9.4068, Wasserstein_dist:23.2570, vae_loss_seen:311.8430 GZSL: seen=0.5365, unseen=0.3125, h=0.3950 ZSL: unseen accuracy=0.4740
[85/300]  Loss_D: -18.9085 Loss_G: 9.5508, Wasserstein_dist:25.5120, vae_loss_seen:316.3581 GZSL: seen=0.5651, unseen=0.3385, h=0.4234 ZSL: unseen accuracy=0.4740
[86/300]  Loss_D: -18.0857 Loss_G: 10.0411, Wasserstein_dist:24.1854, vae_loss_seen:309.3614 GZSL: seen=0.5413, unseen=0.3125, h=0.3962 ZSL: unseen accuracy=0.4583
[87/300]  Loss_D: -18.3586 Loss_G: 9.0738, Wasserstein_dist:25.4611, vae_loss_seen:312.9538 GZSL: seen=0.5166, unseen=0.3073, h=0.3854 ZSL: unseen accuracy=0.3125
[88/300]  Loss_D: -17.6538 Loss_G: 9.1887, Wasserstein_dist:23.5826, vae_loss_seen:309.2329 GZSL: seen=0.4571, unseen=0.2969, h=0.3600 ZSL: unseen accuracy=0.4792
[89/300]  Loss_D: -16.1428 Loss_G: 9.4056, Wasserstein_dist:22.5275, vae_loss_seen:309.3552 GZSL: seen=0.5413, unseen=0.3125, h=0.3962 ZSL: unseen accuracy=0.4740
[90/300]  Loss_D: -17.0465 Loss_G: 9.3994, Wasserstein_dist:23.4213, vae_loss_seen:318.4472 GZSL: seen=0.5052, unseen=0.3073, h=0.3821 ZSL: unseen accuracy=0.4740
[91/300]  Loss_D: -16.3137 Loss_G: 9.1297, Wasserstein_dist:22.2901, vae_loss_seen:308.3575 GZSL: seen=0.4879, unseen=0.4375, h=0.4613 ZSL: unseen accuracy=0.4740
[92/300]  Loss_D: -15.2823 Loss_G: 9.6703, Wasserstein_dist:22.7523, vae_loss_seen:310.9800 GZSL: seen=0.6004, unseen=0.3073, h=0.4065 ZSL: unseen accuracy=0.4740
[93/300]  Loss_D: -19.1876 Loss_G: 9.3186, Wasserstein_dist:23.9163, vae_loss_seen:319.8877 GZSL: seen=0.4881, unseen=0.1458, h=0.2246 ZSL: unseen accuracy=0.4740
[94/300]  Loss_D: -13.9723 Loss_G: 9.3203, Wasserstein_dist:22.0823, vae_loss_seen:303.6720 GZSL: seen=0.4770, unseen=0.5781, h=0.5227 ZSL: unseen accuracy=0.4792
[95/300]  Loss_D: -15.4375 Loss_G: 9.4485, Wasserstein_dist:20.9724, vae_loss_seen:303.7236 GZSL: seen=0.4496, unseen=0.3125, h=0.3687 ZSL: unseen accuracy=0.4635
[96/300]  Loss_D: -17.1436 Loss_G: 9.0176, Wasserstein_dist:23.5269, vae_loss_seen:306.7300 GZSL: seen=0.5279, unseen=0.4688, h=0.4966 ZSL: unseen accuracy=0.4740
[97/300]  Loss_D: -16.7533 Loss_G: 10.4009, Wasserstein_dist:22.9105, vae_loss_seen:313.1987 GZSL: seen=0.5611, unseen=0.4792, h=0.5169 ZSL: unseen accuracy=0.4740
[98/300]  Loss_D: -18.3950 Loss_G: 9.2710, Wasserstein_dist:22.3297, vae_loss_seen:311.7496 GZSL: seen=0.8317, unseen=0.1250, h=0.2173 ZSL: unseen accuracy=0.4688
[99/300]  Loss_D: -13.4062 Loss_G: 9.5156, Wasserstein_dist:22.8512, vae_loss_seen:312.8276 GZSL: seen=0.4889, unseen=0.1406, h=0.2184 ZSL: unseen accuracy=0.4740
[100/300]  Loss_D: -17.0512 Loss_G: 9.9947, Wasserstein_dist:22.5066, vae_loss_seen:306.6006 GZSL: seen=0.8046, unseen=0.1354, h=0.2318 ZSL: unseen accuracy=0.4583
[101/300]  Loss_D: -17.9715 Loss_G: 9.5238, Wasserstein_dist:23.0873, vae_loss_seen:311.3364 GZSL: seen=0.5239, unseen=0.3333, h=0.4074 ZSL: unseen accuracy=0.4740
[102/300]  Loss_D: -15.3814 Loss_G: 9.2859, Wasserstein_dist:22.4936, vae_loss_seen:322.6685 GZSL: seen=0.5180, unseen=0.3177, h=0.3938 ZSL: unseen accuracy=0.3125
[103/300]  Loss_D: -17.1602 Loss_G: 9.6313, Wasserstein_dist:22.4510, vae_loss_seen:305.6558 GZSL: seen=0.5187, unseen=0.2656, h=0.3513 ZSL: unseen accuracy=0.3802
[104/300]  Loss_D: -15.0521 Loss_G: 9.2912, Wasserstein_dist:21.2989, vae_loss_seen:313.8487 GZSL: seen=0.5353, unseen=0.3073, h=0.3905 ZSL: unseen accuracy=0.4740
[105/300]  Loss_D: -16.6025 Loss_G: 9.1880, Wasserstein_dist:21.6613, vae_loss_seen:311.2680 GZSL: seen=0.4952, unseen=0.3125, h=0.3832 ZSL: unseen accuracy=0.4740
[106/300]  Loss_D: -14.5450 Loss_G: 9.5825, Wasserstein_dist:20.8501, vae_loss_seen:318.8584 GZSL: seen=0.7643, unseen=0.1458, h=0.2449 ZSL: unseen accuracy=0.3177
[107/300]  Loss_D: -14.1573 Loss_G: 8.9926, Wasserstein_dist:19.8205, vae_loss_seen:305.7589 GZSL: seen=0.5206, unseen=0.3073, h=0.3865 ZSL: unseen accuracy=0.5104
[108/300]  Loss_D: -14.7619 Loss_G: 9.3648, Wasserstein_dist:20.7889, vae_loss_seen:307.1189 GZSL: seen=0.4433, unseen=0.2917, h=0.3518 ZSL: unseen accuracy=0.4740
[109/300]  Loss_D: -13.1485 Loss_G: 8.9751, Wasserstein_dist:18.9286, vae_loss_seen:308.8975 GZSL: seen=0.5548, unseen=0.4844, h=0.5172 ZSL: unseen accuracy=0.4740
[110/300]  Loss_D: -16.4549 Loss_G: 9.1188, Wasserstein_dist:21.8048, vae_loss_seen:307.0553 GZSL: seen=0.4948, unseen=0.1458, h=0.2253 ZSL: unseen accuracy=0.3177
[111/300]  Loss_D: -13.5245 Loss_G: 9.3005, Wasserstein_dist:19.7178, vae_loss_seen:300.8849 GZSL: seen=0.5190, unseen=0.3021, h=0.3819 ZSL: unseen accuracy=0.4740
[112/300]  Loss_D: -15.2752 Loss_G: 9.4387, Wasserstein_dist:20.7056, vae_loss_seen:316.6050 GZSL: seen=0.4671, unseen=0.4792, h=0.4730 ZSL: unseen accuracy=0.5677
[113/300]  Loss_D: -17.2599 Loss_G: 8.8992, Wasserstein_dist:22.2738, vae_loss_seen:310.9398 GZSL: seen=0.5059, unseen=0.2917, h=0.3700 ZSL: unseen accuracy=0.4740
[114/300]  Loss_D: -15.0671 Loss_G: 9.1217, Wasserstein_dist:20.8483, vae_loss_seen:311.1308 GZSL: seen=0.4492, unseen=0.3385, h=0.3861 ZSL: unseen accuracy=0.4427
[115/300]  Loss_D: -13.9410 Loss_G: 9.1381, Wasserstein_dist:19.3950, vae_loss_seen:309.4602 GZSL: seen=0.5916, unseen=0.3125, h=0.4090 ZSL: unseen accuracy=0.4635
[116/300]  Loss_D: -14.4427 Loss_G: 9.0742, Wasserstein_dist:19.7406, vae_loss_seen:296.3871 GZSL: seen=0.5492, unseen=0.3177, h=0.4025 ZSL: unseen accuracy=0.3438
[117/300]  Loss_D: -12.1106 Loss_G: 8.8006, Wasserstein_dist:17.7703, vae_loss_seen:311.8633 GZSL: seen=0.8370, unseen=0.1250, h=0.2175 ZSL: unseen accuracy=0.4740
[118/300]  Loss_D: -14.6109 Loss_G: 8.9187, Wasserstein_dist:19.5446, vae_loss_seen:295.1822 GZSL: seen=0.4690, unseen=0.3073, h=0.3713 ZSL: unseen accuracy=0.3958
[119/300]  Loss_D: -14.2294 Loss_G: 8.9195, Wasserstein_dist:19.7017, vae_loss_seen:306.9179 GZSL: seen=0.4750, unseen=0.3125, h=0.3770 ZSL: unseen accuracy=0.4740
[120/300]  Loss_D: -12.0526 Loss_G: 8.9587, Wasserstein_dist:17.4952, vae_loss_seen:304.3577 GZSL: seen=0.5118, unseen=0.2135, h=0.3014 ZSL: unseen accuracy=0.3229
[121/300]  Loss_D: -15.7225 Loss_G: 8.8153, Wasserstein_dist:20.7486, vae_loss_seen:296.3975 GZSL: seen=0.8254, unseen=0.1302, h=0.2249 ZSL: unseen accuracy=0.4740
[122/300]  Loss_D: -13.9702 Loss_G: 8.7404, Wasserstein_dist:19.2629, vae_loss_seen:299.9864 GZSL: seen=0.5150, unseen=0.3021, h=0.3808 ZSL: unseen accuracy=0.4740
[123/300]  Loss_D: -13.9366 Loss_G: 8.9942, Wasserstein_dist:19.1611, vae_loss_seen:303.2168 GZSL: seen=0.7888, unseen=0.1302, h=0.2235 ZSL: unseen accuracy=0.4740
[124/300]  Loss_D: -13.9207 Loss_G: 8.5194, Wasserstein_dist:19.3179, vae_loss_seen:305.8194 GZSL: seen=0.4952, unseen=0.1667, h=0.2494 ZSL: unseen accuracy=0.4740
[125/300]  Loss_D: -14.0911 Loss_G: 8.4543, Wasserstein_dist:19.4004, vae_loss_seen:310.4976 GZSL: seen=0.4698, unseen=0.3073, h=0.3716 ZSL: unseen accuracy=0.4740
[126/300]  Loss_D: -16.1742 Loss_G: 8.2659, Wasserstein_dist:20.8236, vae_loss_seen:310.5747 GZSL: seen=0.4706, unseen=0.1667, h=0.2461 ZSL: unseen accuracy=0.4740
[127/300]  Loss_D: -13.7280 Loss_G: 7.9285, Wasserstein_dist:19.1422, vae_loss_seen:309.0916 GZSL: seen=0.4512, unseen=0.4792, h=0.4648 ZSL: unseen accuracy=0.4167
[128/300]  Loss_D: -12.6963 Loss_G: 8.6528, Wasserstein_dist:17.5883, vae_loss_seen:306.3245 GZSL: seen=0.5722, unseen=0.2969, h=0.3909 ZSL: unseen accuracy=0.4688
[129/300]  Loss_D: -12.6599 Loss_G: 8.5259, Wasserstein_dist:17.2338, vae_loss_seen:304.3436 GZSL: seen=0.3750, unseen=0.3125, h=0.3409 ZSL: unseen accuracy=0.4740
[130/300]  Loss_D: -12.0112 Loss_G: 9.0581, Wasserstein_dist:16.7819, vae_loss_seen:304.1195 GZSL: seen=0.4651, unseen=0.3073, h=0.3701 ZSL: unseen accuracy=0.4740
[131/300]  Loss_D: -13.3209 Loss_G: 8.4065, Wasserstein_dist:18.1993, vae_loss_seen:308.6604 GZSL: seen=0.7484, unseen=0.1406, h=0.2368 ZSL: unseen accuracy=0.3281
[132/300]  Loss_D: -12.5271 Loss_G: 8.7909, Wasserstein_dist:17.4514, vae_loss_seen:305.7167 GZSL: seen=0.4201, unseen=0.4583, h=0.4384 ZSL: unseen accuracy=0.4740
[133/300]  Loss_D: -13.1773 Loss_G: 8.5192, Wasserstein_dist:17.4463, vae_loss_seen:298.3478 GZSL: seen=0.4956, unseen=0.2969, h=0.3713 ZSL: unseen accuracy=0.4635
[134/300]  Loss_D: -13.2231 Loss_G: 8.5204, Wasserstein_dist:18.1707, vae_loss_seen:303.3210 GZSL: seen=0.7114, unseen=0.1406, h=0.2348 ZSL: unseen accuracy=0.4427
[135/300]  Loss_D: -11.3115 Loss_G: 8.3935, Wasserstein_dist:16.3061, vae_loss_seen:305.1241 GZSL: seen=0.8093, unseen=0.1302, h=0.2243 ZSL: unseen accuracy=0.5469
[136/300]  Loss_D: -12.6875 Loss_G: 8.2665, Wasserstein_dist:16.9143, vae_loss_seen:299.8994 GZSL: seen=0.3849, unseen=0.2344, h=0.2913 ZSL: unseen accuracy=0.5000
[137/300]  Loss_D: -12.3863 Loss_G: 8.3401, Wasserstein_dist:17.3552, vae_loss_seen:308.8911 GZSL: seen=0.5046, unseen=0.4740, h=0.4888 ZSL: unseen accuracy=0.4740
[138/300]  Loss_D: -13.3377 Loss_G: 8.6460, Wasserstein_dist:17.9545, vae_loss_seen:303.9332 GZSL: seen=0.5730, unseen=0.3125, h=0.4044 ZSL: unseen accuracy=0.4688
[139/300]  Loss_D: -12.3938 Loss_G: 8.5114, Wasserstein_dist:16.9618, vae_loss_seen:293.8332 GZSL: seen=0.5021, unseen=0.3125, h=0.3852 ZSL: unseen accuracy=0.4479
[140/300]  Loss_D: -11.5654 Loss_G: 8.1472, Wasserstein_dist:15.6796, vae_loss_seen:298.5163 GZSL: seen=0.4810, unseen=0.3073, h=0.3750 ZSL: unseen accuracy=0.4740
[141/300]  Loss_D: -12.6019 Loss_G: 8.5680, Wasserstein_dist:17.2179, vae_loss_seen:300.8752 GZSL: seen=0.5160, unseen=0.1458, h=0.2274 ZSL: unseen accuracy=0.4740
[142/300]  Loss_D: -12.4625 Loss_G: 7.6173, Wasserstein_dist:17.0032, vae_loss_seen:304.6958 GZSL: seen=0.5559, unseen=0.4740, h=0.5117 ZSL: unseen accuracy=0.4740
[143/300]  Loss_D: -11.7502 Loss_G: 7.7173, Wasserstein_dist:16.9615, vae_loss_seen:301.1826 GZSL: seen=0.7438, unseen=0.1406, h=0.2365 ZSL: unseen accuracy=0.4740
[144/300]  Loss_D: -12.7440 Loss_G: 7.3971, Wasserstein_dist:16.6299, vae_loss_seen:302.9218 GZSL: seen=0.5083, unseen=0.3073, h=0.3830 ZSL: unseen accuracy=0.4740
[145/300]  Loss_D: -10.7957 Loss_G: 8.3258, Wasserstein_dist:15.7176, vae_loss_seen:288.2348 GZSL: seen=0.4984, unseen=0.2969, h=0.3721 ZSL: unseen accuracy=0.3073
[146/300]  Loss_D: -12.1166 Loss_G: 7.9529, Wasserstein_dist:16.4453, vae_loss_seen:308.2267 GZSL: seen=0.5492, unseen=0.4635, h=0.5028 ZSL: unseen accuracy=0.4062
[147/300]  Loss_D: -13.0741 Loss_G: 8.2316, Wasserstein_dist:16.4750, vae_loss_seen:303.4950 GZSL: seen=0.7702, unseen=0.1354, h=0.2303 ZSL: unseen accuracy=0.3073
[148/300]  Loss_D: -11.4909 Loss_G: 7.6780, Wasserstein_dist:16.7223, vae_loss_seen:301.8571 GZSL: seen=0.4079, unseen=0.4740, h=0.4385 ZSL: unseen accuracy=0.4688
[149/300]  Loss_D: -10.8378 Loss_G: 8.0806, Wasserstein_dist:15.1971, vae_loss_seen:294.8643 GZSL: seen=0.4310, unseen=0.1667, h=0.2404 ZSL: unseen accuracy=0.4583
[150/300]  Loss_D: -13.4817 Loss_G: 7.6006, Wasserstein_dist:16.3810, vae_loss_seen:287.3271 GZSL: seen=0.4607, unseen=0.1927, h=0.2717 ZSL: unseen accuracy=0.3073
[151/300]  Loss_D: -10.5178 Loss_G: 8.3763, Wasserstein_dist:15.9969, vae_loss_seen:294.9751 GZSL: seen=0.5511, unseen=0.3073, h=0.3946 ZSL: unseen accuracy=0.4427
[152/300]  Loss_D: -10.8599 Loss_G: 8.4953, Wasserstein_dist:15.3024, vae_loss_seen:294.8693 GZSL: seen=0.7524, unseen=0.1406, h=0.2370 ZSL: unseen accuracy=0.4740
[153/300]  Loss_D: -13.0993 Loss_G: 7.7298, Wasserstein_dist:15.6333, vae_loss_seen:291.8638 GZSL: seen=0.4825, unseen=0.4635, h=0.4728 ZSL: unseen accuracy=0.4427
[154/300]  Loss_D: -9.8185 Loss_G: 7.3999, Wasserstein_dist:15.7279, vae_loss_seen:289.5500 GZSL: seen=0.4587, unseen=0.3073, h=0.3680 ZSL: unseen accuracy=0.1406
[155/300]  Loss_D: -9.7842 Loss_G: 9.1912, Wasserstein_dist:14.6571, vae_loss_seen:298.7572 GZSL: seen=0.4757, unseen=0.2292, h=0.3093 ZSL: unseen accuracy=0.4740
[156/300]  Loss_D: -11.4491 Loss_G: 7.4868, Wasserstein_dist:13.6162, vae_loss_seen:305.5561 GZSL: seen=0.5077, unseen=0.2656, h=0.3488 ZSL: unseen accuracy=0.4740
[157/300]  Loss_D: -12.0163 Loss_G: 7.0977, Wasserstein_dist:16.7930, vae_loss_seen:295.5622 GZSL: seen=0.4413, unseen=0.3073, h=0.3623 ZSL: unseen accuracy=0.4740
[158/300]  Loss_D: -9.1973 Loss_G: 8.1077, Wasserstein_dist:13.3905, vae_loss_seen:302.3036 GZSL: seen=0.6889, unseen=0.1406, h=0.2336 ZSL: unseen accuracy=0.4740
[159/300]  Loss_D: -12.1103 Loss_G: 7.1149, Wasserstein_dist:14.7666, vae_loss_seen:283.7654 GZSL: seen=0.4349, unseen=0.3750, h=0.4027 ZSL: unseen accuracy=0.4688
[160/300]  Loss_D: -9.9695 Loss_G: 7.7210, Wasserstein_dist:15.5648, vae_loss_seen:298.6693 GZSL: seen=0.7319, unseen=0.1354, h=0.2285 ZSL: unseen accuracy=0.4583
[161/300]  Loss_D: -10.1367 Loss_G: 8.3489, Wasserstein_dist:14.5350, vae_loss_seen:292.3192 GZSL: seen=0.7054, unseen=0.1406, h=0.2345 ZSL: unseen accuracy=0.5000
[162/300]  Loss_D: -11.7228 Loss_G: 8.1986, Wasserstein_dist:14.1077, vae_loss_seen:299.9955 GZSL: seen=0.5427, unseen=0.4062, h=0.4647 ZSL: unseen accuracy=0.3073
[163/300]  Loss_D: -8.6629 Loss_G: 7.3277, Wasserstein_dist:14.1079, vae_loss_seen:304.1441 GZSL: seen=0.4993, unseen=0.3021, h=0.3764 ZSL: unseen accuracy=0.3073
[164/300]  Loss_D: -9.8048 Loss_G: 8.2508, Wasserstein_dist:13.8932, vae_loss_seen:292.2548 GZSL: seen=0.4730, unseen=0.2865, h=0.3568 ZSL: unseen accuracy=0.4583
[165/300]  Loss_D: -12.7607 Loss_G: 7.9590, Wasserstein_dist:14.9826, vae_loss_seen:305.5246 GZSL: seen=0.4837, unseen=0.2917, h=0.3639 ZSL: unseen accuracy=0.4740
[166/300]  Loss_D: -10.0563 Loss_G: 6.9052, Wasserstein_dist:14.4164, vae_loss_seen:300.1098 GZSL: seen=0.7716, unseen=0.1354, h=0.2304 ZSL: unseen accuracy=0.2969
[167/300]  Loss_D: -9.1250 Loss_G: 8.4881, Wasserstein_dist:13.4114, vae_loss_seen:301.0386 GZSL: seen=0.5282, unseen=0.2812, h=0.3670 ZSL: unseen accuracy=0.3021
[168/300]  Loss_D: -10.2337 Loss_G: 6.7508, Wasserstein_dist:13.9737, vae_loss_seen:296.0938 GZSL: seen=0.4169, unseen=0.3073, h=0.3538 ZSL: unseen accuracy=0.4688
[169/300]  Loss_D: -10.4990 Loss_G: 7.9003, Wasserstein_dist:13.9255, vae_loss_seen:298.3887 GZSL: seen=0.5107, unseen=0.4740, h=0.4917 ZSL: unseen accuracy=0.4375
[170/300]  Loss_D: -9.1994 Loss_G: 8.4096, Wasserstein_dist:12.6809, vae_loss_seen:289.6248 GZSL: seen=0.5048, unseen=0.1510, h=0.2325 ZSL: unseen accuracy=0.3177
[171/300]  Loss_D: -10.9835 Loss_G: 8.2729, Wasserstein_dist:14.4432, vae_loss_seen:305.2271 GZSL: seen=0.4651, unseen=0.1823, h=0.2619 ZSL: unseen accuracy=0.3177
[172/300]  Loss_D: -11.5638 Loss_G: 7.5978, Wasserstein_dist:15.0676, vae_loss_seen:298.2889 GZSL: seen=0.4845, unseen=0.3021, h=0.3721 ZSL: unseen accuracy=0.4740
[173/300]  Loss_D: -9.7958 Loss_G: 8.1586, Wasserstein_dist:13.4129, vae_loss_seen:294.5039 GZSL: seen=0.4640, unseen=0.3073, h=0.3697 ZSL: unseen accuracy=0.3073
[174/300]  Loss_D: -10.2174 Loss_G: 7.9618, Wasserstein_dist:13.6848, vae_loss_seen:295.0296 GZSL: seen=0.4984, unseen=0.3073, h=0.3802 ZSL: unseen accuracy=0.4583
[175/300]  Loss_D: -10.0085 Loss_G: 7.3627, Wasserstein_dist:13.4850, vae_loss_seen:306.2083 GZSL: seen=0.3429, unseen=0.2969, h=0.3182 ZSL: unseen accuracy=0.3490
[176/300]  Loss_D: -9.6379 Loss_G: 7.3186, Wasserstein_dist:13.2631, vae_loss_seen:291.6524 GZSL: seen=0.7167, unseen=0.1406, h=0.2351 ZSL: unseen accuracy=0.4583
[177/300]  Loss_D: -8.9272 Loss_G: 7.4258, Wasserstein_dist:12.6306, vae_loss_seen:293.0468 GZSL: seen=0.4591, unseen=0.3073, h=0.3682 ZSL: unseen accuracy=0.3073
[178/300]  Loss_D: -8.9789 Loss_G: 7.9599, Wasserstein_dist:11.9166, vae_loss_seen:296.1099 GZSL: seen=0.7332, unseen=0.1406, h=0.2360 ZSL: unseen accuracy=0.4740
[179/300]  Loss_D: -9.7843 Loss_G: 7.5323, Wasserstein_dist:13.0907, vae_loss_seen:310.7540 GZSL: seen=0.7365, unseen=0.1406, h=0.2362 ZSL: unseen accuracy=0.2708
[180/300]  Loss_D: -8.8856 Loss_G: 7.5732, Wasserstein_dist:12.8068, vae_loss_seen:289.9853 GZSL: seen=0.4667, unseen=0.2969, h=0.3629 ZSL: unseen accuracy=0.4688
[181/300]  Loss_D: -9.1314 Loss_G: 7.5448, Wasserstein_dist:12.2680, vae_loss_seen:291.3528 GZSL: seen=0.4381, unseen=0.3333, h=0.3786 ZSL: unseen accuracy=0.4427
[182/300]  Loss_D: -9.0864 Loss_G: 7.1415, Wasserstein_dist:12.3116, vae_loss_seen:288.8555 GZSL: seen=0.7167, unseen=0.1510, h=0.2495 ZSL: unseen accuracy=0.4115
[183/300]  Loss_D: -9.7189 Loss_G: 7.6617, Wasserstein_dist:13.0551, vae_loss_seen:298.0106 GZSL: seen=0.5246, unseen=0.1615, h=0.2469 ZSL: unseen accuracy=0.4740
[184/300]  Loss_D: -9.6070 Loss_G: 7.8192, Wasserstein_dist:13.3500, vae_loss_seen:302.3340 GZSL: seen=0.7259, unseen=0.1354, h=0.2283 ZSL: unseen accuracy=0.4740
[185/300]  Loss_D: -9.8677 Loss_G: 7.9372, Wasserstein_dist:13.6944, vae_loss_seen:299.3024 GZSL: seen=0.4508, unseen=0.2865, h=0.3503 ZSL: unseen accuracy=0.5104
[186/300]  Loss_D: -9.3051 Loss_G: 7.8325, Wasserstein_dist:12.3146, vae_loss_seen:300.5237 GZSL: seen=0.6976, unseen=0.1302, h=0.2195 ZSL: unseen accuracy=0.3073
[187/300]  Loss_D: -8.5619 Loss_G: 8.0473, Wasserstein_dist:11.6907, vae_loss_seen:305.8591 GZSL: seen=0.5187, unseen=0.2292, h=0.3179 ZSL: unseen accuracy=0.3073
[188/300]  Loss_D: -9.5745 Loss_G: 7.2890, Wasserstein_dist:13.1216, vae_loss_seen:292.7284 GZSL: seen=0.7478, unseen=0.1250, h=0.2142 ZSL: unseen accuracy=0.3385
[189/300]  Loss_D: -6.7270 Loss_G: 8.2280, Wasserstein_dist:9.8796, vae_loss_seen:297.8914 GZSL: seen=0.4627, unseen=0.3073, h=0.3693 ZSL: unseen accuracy=0.6406
[190/300]  Loss_D: -10.9972 Loss_G: 7.5700, Wasserstein_dist:14.2346, vae_loss_seen:294.6985 GZSL: seen=0.5250, unseen=0.2500, h=0.3387 ZSL: unseen accuracy=0.2812
[191/300]  Loss_D: -10.1239 Loss_G: 6.7399, Wasserstein_dist:13.3640, vae_loss_seen:295.4339 GZSL: seen=0.4889, unseen=0.1719, h=0.2543 ZSL: unseen accuracy=0.2812
[192/300]  Loss_D: -9.3613 Loss_G: 7.9256, Wasserstein_dist:12.8165, vae_loss_seen:302.4083 GZSL: seen=0.7472, unseen=0.1302, h=0.2218 ZSL: unseen accuracy=0.3021
[193/300]  Loss_D: -9.3112 Loss_G: 8.1187, Wasserstein_dist:12.3429, vae_loss_seen:292.4182 GZSL: seen=0.4508, unseen=0.2917, h=0.3542 ZSL: unseen accuracy=0.3021
[194/300]  Loss_D: -10.0211 Loss_G: 8.6327, Wasserstein_dist:12.6876, vae_loss_seen:289.8600 GZSL: seen=0.4619, unseen=0.3073, h=0.3691 ZSL: unseen accuracy=0.2917
[195/300]  Loss_D: -9.4541 Loss_G: 7.9028, Wasserstein_dist:12.7128, vae_loss_seen:299.1011 GZSL: seen=0.4714, unseen=0.3073, h=0.3721 ZSL: unseen accuracy=0.4740
[196/300]  Loss_D: -9.3681 Loss_G: 7.2892, Wasserstein_dist:12.6832, vae_loss_seen:289.5697 GZSL: seen=0.7425, unseen=0.1406, h=0.2365 ZSL: unseen accuracy=0.4219
[197/300]  Loss_D: -7.9916 Loss_G: 8.3726, Wasserstein_dist:10.9686, vae_loss_seen:298.6864 GZSL: seen=0.5004, unseen=0.3646, h=0.4218 ZSL: unseen accuracy=0.3073
[198/300]  Loss_D: -9.7777 Loss_G: 7.4644, Wasserstein_dist:12.9884, vae_loss_seen:293.1309 GZSL: seen=0.4270, unseen=0.2865, h=0.3429 ZSL: unseen accuracy=0.3073
[199/300]  Loss_D: -7.8910 Loss_G: 9.0482, Wasserstein_dist:11.1168, vae_loss_seen:298.9671 GZSL: seen=0.5487, unseen=0.1354, h=0.2172 ZSL: unseen accuracy=0.3073
[200/300]  Loss_D: -8.0659 Loss_G: 8.7127, Wasserstein_dist:10.8498, vae_loss_seen:300.2218 GZSL: seen=0.4349, unseen=0.3073, h=0.3601 ZSL: unseen accuracy=0.3594
[201/300]  Loss_D: -9.2674 Loss_G: 7.3065, Wasserstein_dist:12.4917, vae_loss_seen:300.4926 GZSL: seen=0.4488, unseen=0.3385, h=0.3860 ZSL: unseen accuracy=0.4740
[202/300]  Loss_D: -9.4796 Loss_G: 7.7211, Wasserstein_dist:12.5125, vae_loss_seen:287.7525 GZSL: seen=0.5193, unseen=0.3021, h=0.3820 ZSL: unseen accuracy=0.3073
[203/300]  Loss_D: -8.4322 Loss_G: 6.8910, Wasserstein_dist:11.6514, vae_loss_seen:283.3901 GZSL: seen=0.4333, unseen=0.3177, h=0.3666 ZSL: unseen accuracy=0.2917
[204/300]  Loss_D: -8.7491 Loss_G: 8.2661, Wasserstein_dist:12.0642, vae_loss_seen:291.3012 GZSL: seen=0.4655, unseen=0.2969, h=0.3625 ZSL: unseen accuracy=0.4219
[205/300]  Loss_D: -7.8044 Loss_G: 7.9196, Wasserstein_dist:10.8690, vae_loss_seen:290.1388 GZSL: seen=0.7259, unseen=0.1406, h=0.2356 ZSL: unseen accuracy=0.2969
[206/300]  Loss_D: -7.3457 Loss_G: 8.8341, Wasserstein_dist:9.5927, vae_loss_seen:281.3967 GZSL: seen=0.4373, unseen=0.3073, h=0.3609 ZSL: unseen accuracy=0.2917
[207/300]  Loss_D: -8.1794 Loss_G: 7.2421, Wasserstein_dist:11.3239, vae_loss_seen:291.4962 GZSL: seen=0.5712, unseen=0.1510, h=0.2389 ZSL: unseen accuracy=0.3073
[208/300]  Loss_D: -8.7068 Loss_G: 7.9949, Wasserstein_dist:11.9350, vae_loss_seen:292.9927 GZSL: seen=0.7372, unseen=0.1354, h=0.2288 ZSL: unseen accuracy=0.3073
[209/300]  Loss_D: -9.1523 Loss_G: 7.5487, Wasserstein_dist:12.1801, vae_loss_seen:288.1005 GZSL: seen=0.7319, unseen=0.1406, h=0.2359 ZSL: unseen accuracy=0.3021
[210/300]  Loss_D: -9.0989 Loss_G: 7.5272, Wasserstein_dist:11.8781, vae_loss_seen:284.0691 GZSL: seen=0.7471, unseen=0.1250, h=0.2142 ZSL: unseen accuracy=0.4740
[211/300]  Loss_D: -8.0619 Loss_G: 8.6838, Wasserstein_dist:10.8843, vae_loss_seen:292.2809 GZSL: seen=0.4429, unseen=0.1406, h=0.2135 ZSL: unseen accuracy=0.3594
[212/300]  Loss_D: -8.6721 Loss_G: 8.1705, Wasserstein_dist:11.6001, vae_loss_seen:292.2378 GZSL: seen=0.5091, unseen=0.2917, h=0.3709 ZSL: unseen accuracy=0.3073
[213/300]  Loss_D: -8.5402 Loss_G: 7.8218, Wasserstein_dist:11.5040, vae_loss_seen:297.2203 GZSL: seen=0.6917, unseen=0.1406, h=0.2337 ZSL: unseen accuracy=0.2969
[214/300]  Loss_D: -7.7606 Loss_G: 7.6358, Wasserstein_dist:10.4511, vae_loss_seen:288.0371 GZSL: seen=0.4095, unseen=0.1771, h=0.2473 ZSL: unseen accuracy=0.6354
[215/300]  Loss_D: -9.0472 Loss_G: 7.5787, Wasserstein_dist:11.6523, vae_loss_seen:286.6578 GZSL: seen=0.5595, unseen=0.1771, h=0.2690 ZSL: unseen accuracy=0.2604
[216/300]  Loss_D: -8.0585 Loss_G: 7.8965, Wasserstein_dist:11.0408, vae_loss_seen:293.8232 GZSL: seen=0.8247, unseen=0.1250, h=0.2171 ZSL: unseen accuracy=0.2812
[217/300]  Loss_D: -7.6783 Loss_G: 8.0039, Wasserstein_dist:10.9237, vae_loss_seen:299.2539 GZSL: seen=0.4833, unseen=0.2292, h=0.3109 ZSL: unseen accuracy=0.3073
[218/300]  Loss_D: -9.1294 Loss_G: 7.2946, Wasserstein_dist:11.7899, vae_loss_seen:286.0185 GZSL: seen=0.4757, unseen=0.1406, h=0.2171 ZSL: unseen accuracy=0.3177
[219/300]  Loss_D: -8.3310 Loss_G: 7.2850, Wasserstein_dist:11.9357, vae_loss_seen:293.4017 GZSL: seen=0.6995, unseen=0.1406, h=0.2342 ZSL: unseen accuracy=0.2917
[220/300]  Loss_D: -7.8517 Loss_G: 7.8834, Wasserstein_dist:11.2129, vae_loss_seen:294.0099 GZSL: seen=0.8212, unseen=0.1406, h=0.2401 ZSL: unseen accuracy=0.2865
[221/300]  Loss_D: -9.4430 Loss_G: 8.3075, Wasserstein_dist:11.5684, vae_loss_seen:289.5666 GZSL: seen=0.4714, unseen=0.2969, h=0.3643 ZSL: unseen accuracy=0.4635
[222/300]  Loss_D: -6.1706 Loss_G: 7.0715, Wasserstein_dist:9.7352, vae_loss_seen:294.2545 GZSL: seen=0.5113, unseen=0.2812, h=0.3629 ZSL: unseen accuracy=0.4583
[223/300]  Loss_D: -6.1368 Loss_G: 8.1884, Wasserstein_dist:9.1327, vae_loss_seen:293.0117 GZSL: seen=0.4528, unseen=0.4635, h=0.4581 ZSL: unseen accuracy=0.2865
[224/300]  Loss_D: -8.4336 Loss_G: 9.3375, Wasserstein_dist:10.6717, vae_loss_seen:299.4690 GZSL: seen=0.5479, unseen=0.1615, h=0.2494 ZSL: unseen accuracy=0.2969
[225/300]  Loss_D: -7.7550 Loss_G: 8.9833, Wasserstein_dist:10.6164, vae_loss_seen:295.8150 GZSL: seen=0.7385, unseen=0.1406, h=0.2363 ZSL: unseen accuracy=0.3281
[226/300]  Loss_D: -8.2071 Loss_G: 8.0058, Wasserstein_dist:11.3031, vae_loss_seen:285.4368 GZSL: seen=0.5802, unseen=0.3073, h=0.4018 ZSL: unseen accuracy=0.4740
[227/300]  Loss_D: -6.6639 Loss_G: 8.7790, Wasserstein_dist:9.9295, vae_loss_seen:286.3848 GZSL: seen=0.5405, unseen=0.1875, h=0.2784 ZSL: unseen accuracy=0.4740
[228/300]  Loss_D: -7.2753 Loss_G: 8.6752, Wasserstein_dist:9.9535, vae_loss_seen:285.9793 GZSL: seen=0.4429, unseen=0.3021, h=0.3592 ZSL: unseen accuracy=0.3073
[229/300]  Loss_D: -8.0188 Loss_G: 7.8389, Wasserstein_dist:10.8030, vae_loss_seen:290.7801 GZSL: seen=0.7206, unseen=0.1250, h=0.2130 ZSL: unseen accuracy=0.2969
[230/300]  Loss_D: -7.3575 Loss_G: 8.3859, Wasserstein_dist:10.4200, vae_loss_seen:296.5088 GZSL: seen=0.3913, unseen=0.3073, h=0.3442 ZSL: unseen accuracy=0.3073
[231/300]  Loss_D: -8.2241 Loss_G: 7.8601, Wasserstein_dist:11.0398, vae_loss_seen:293.1300 GZSL: seen=0.7425, unseen=0.1250, h=0.2140 ZSL: unseen accuracy=0.2917
[232/300]  Loss_D: -7.7099 Loss_G: 8.6357, Wasserstein_dist:10.1173, vae_loss_seen:299.7143 GZSL: seen=0.7012, unseen=0.1250, h=0.2122 ZSL: unseen accuracy=0.4740
[233/300]  Loss_D: -10.8693 Loss_G: 7.9390, Wasserstein_dist:13.7428, vae_loss_seen:299.9352 GZSL: seen=0.7206, unseen=0.1354, h=0.2280 ZSL: unseen accuracy=0.3333
[234/300]  Loss_D: -7.2545 Loss_G: 8.5476, Wasserstein_dist:10.4585, vae_loss_seen:292.2519 GZSL: seen=0.4820, unseen=0.2865, h=0.3594 ZSL: unseen accuracy=0.3229
[235/300]  Loss_D: -8.4627 Loss_G: 8.4028, Wasserstein_dist:11.3036, vae_loss_seen:297.9453 GZSL: seen=0.7398, unseen=0.1250, h=0.2139 ZSL: unseen accuracy=0.2917
[236/300]  Loss_D: -7.2011 Loss_G: 7.5816, Wasserstein_dist:10.1561, vae_loss_seen:291.1688 GZSL: seen=0.6783, unseen=0.1198, h=0.2036 ZSL: unseen accuracy=0.3073
[237/300]  Loss_D: -7.7318 Loss_G: 8.6632, Wasserstein_dist:10.2812, vae_loss_seen:287.8437 GZSL: seen=0.5183, unseen=0.3073, h=0.3858 ZSL: unseen accuracy=0.4271
[238/300]  Loss_D: -8.6334 Loss_G: 8.2009, Wasserstein_dist:11.5419, vae_loss_seen:291.8612 GZSL: seen=0.4032, unseen=0.2760, h=0.3277 ZSL: unseen accuracy=0.2865
[239/300]  Loss_D: -7.7159 Loss_G: 8.5523, Wasserstein_dist:10.2496, vae_loss_seen:283.8435 GZSL: seen=0.5075, unseen=0.3073, h=0.3828 ZSL: unseen accuracy=0.3750
[240/300]  Loss_D: -8.4442 Loss_G: 8.4385, Wasserstein_dist:11.0195, vae_loss_seen:289.0616 GZSL: seen=0.4753, unseen=0.1406, h=0.2170 ZSL: unseen accuracy=0.4427
[241/300]  Loss_D: -8.8198 Loss_G: 8.5063, Wasserstein_dist:12.1878, vae_loss_seen:305.3660 GZSL: seen=0.4845, unseen=0.1927, h=0.2757 ZSL: unseen accuracy=0.2552
[242/300]  Loss_D: -7.0883 Loss_G: 8.2117, Wasserstein_dist:10.2297, vae_loss_seen:285.8116 GZSL: seen=0.7048, unseen=0.1198, h=0.2048 ZSL: unseen accuracy=0.2812
[243/300]  Loss_D: -8.4319 Loss_G: 8.4440, Wasserstein_dist:11.1801, vae_loss_seen:296.5093 GZSL: seen=0.5063, unseen=0.2917, h=0.3701 ZSL: unseen accuracy=0.3073
[244/300]  Loss_D: -9.3884 Loss_G: 8.5439, Wasserstein_dist:12.5234, vae_loss_seen:298.5391 GZSL: seen=0.4607, unseen=0.1406, h=0.2155 ZSL: unseen accuracy=0.3490
[245/300]  Loss_D: -8.0729 Loss_G: 8.7116, Wasserstein_dist:10.8293, vae_loss_seen:286.6319 GZSL: seen=0.4627, unseen=0.1562, h=0.2336 ZSL: unseen accuracy=0.2656
[246/300]  Loss_D: -8.3177 Loss_G: 8.1057, Wasserstein_dist:11.0912, vae_loss_seen:288.5158 GZSL: seen=0.7101, unseen=0.1250, h=0.2126 ZSL: unseen accuracy=0.3073
[247/300]  Loss_D: -8.8635 Loss_G: 8.7113, Wasserstein_dist:11.8552, vae_loss_seen:284.7879 GZSL: seen=0.5130, unseen=0.2031, h=0.2910 ZSL: unseen accuracy=0.2604
[248/300]  Loss_D: -7.9305 Loss_G: 8.2846, Wasserstein_dist:10.8203, vae_loss_seen:279.1626 GZSL: seen=0.8646, unseen=0.1198, h=0.2104 ZSL: unseen accuracy=0.3073
[249/300]  Loss_D: -7.7055 Loss_G: 8.0963, Wasserstein_dist:10.6072, vae_loss_seen:292.8688 GZSL: seen=0.4797, unseen=0.2240, h=0.3054 ZSL: unseen accuracy=0.3385
[250/300]  Loss_D: -8.8227 Loss_G: 7.8693, Wasserstein_dist:11.5122, vae_loss_seen:292.0326 GZSL: seen=0.5183, unseen=0.1354, h=0.2147 ZSL: unseen accuracy=0.2865
[251/300]  Loss_D: -6.8374 Loss_G: 8.1349, Wasserstein_dist:9.5207, vae_loss_seen:291.5428 GZSL: seen=0.4429, unseen=0.1406, h=0.2135 ZSL: unseen accuracy=0.2812
[252/300]  Loss_D: -7.4758 Loss_G: 8.0744, Wasserstein_dist:10.7047, vae_loss_seen:294.0578 GZSL: seen=0.4905, unseen=0.3021, h=0.3739 ZSL: unseen accuracy=0.3073
[253/300]  Loss_D: -7.3707 Loss_G: 7.9744, Wasserstein_dist:10.7470, vae_loss_seen:289.0790 GZSL: seen=0.8914, unseen=0.1198, h=0.2112 ZSL: unseen accuracy=0.1354
[254/300]  Loss_D: -8.4575 Loss_G: 8.7644, Wasserstein_dist:11.2430, vae_loss_seen:296.8464 GZSL: seen=0.5282, unseen=0.1406, h=0.2221 ZSL: unseen accuracy=0.4635
[255/300]  Loss_D: -8.6828 Loss_G: 8.4403, Wasserstein_dist:11.3264, vae_loss_seen:284.8743 GZSL: seen=0.7497, unseen=0.1250, h=0.2143 ZSL: unseen accuracy=0.4740
[256/300]  Loss_D: -8.3958 Loss_G: 7.7374, Wasserstein_dist:11.6883, vae_loss_seen:294.8347 GZSL: seen=0.7266, unseen=0.1250, h=0.2133 ZSL: unseen accuracy=0.1406
[257/300]  Loss_D: -7.7937 Loss_G: 8.0792, Wasserstein_dist:10.8138, vae_loss_seen:291.6219 GZSL: seen=0.5579, unseen=0.2396, h=0.3352 ZSL: unseen accuracy=0.1510
[258/300]  Loss_D: -7.6952 Loss_G: 8.2169, Wasserstein_dist:10.4544, vae_loss_seen:291.5562 GZSL: seen=0.8362, unseen=0.1198, h=0.2096 ZSL: unseen accuracy=0.3073
[259/300]  Loss_D: -8.5544 Loss_G: 8.0228, Wasserstein_dist:11.0937, vae_loss_seen:288.0997 GZSL: seen=0.8238, unseen=0.1198, h=0.2092 ZSL: unseen accuracy=0.1615
[260/300]  Loss_D: -8.1795 Loss_G: 8.4993, Wasserstein_dist:10.7867, vae_loss_seen:285.7208 GZSL: seen=0.7171, unseen=0.1250, h=0.2129 ZSL: unseen accuracy=0.3073
[261/300]  Loss_D: -6.8164 Loss_G: 8.6421, Wasserstein_dist:9.6574, vae_loss_seen:286.1832 GZSL: seen=0.7048, unseen=0.1250, h=0.2123 ZSL: unseen accuracy=0.4010
[262/300]  Loss_D: -8.7442 Loss_G: 8.5584, Wasserstein_dist:11.8393, vae_loss_seen:296.4957 GZSL: seen=0.4159, unseen=0.1510, h=0.2216 ZSL: unseen accuracy=0.2917
[263/300]  Loss_D: -7.6632 Loss_G: 8.1493, Wasserstein_dist:10.2182, vae_loss_seen:290.4766 GZSL: seen=0.6979, unseen=0.1198, h=0.2045 ZSL: unseen accuracy=0.1771
[264/300]  Loss_D: -7.3568 Loss_G: 8.2190, Wasserstein_dist:10.1443, vae_loss_seen:280.7710 GZSL: seen=0.8468, unseen=0.1198, h=0.2099 ZSL: unseen accuracy=0.1406
[265/300]  Loss_D: -6.9673 Loss_G: 8.5446, Wasserstein_dist:9.6771, vae_loss_seen:288.8471 GZSL: seen=0.8313, unseen=0.1198, h=0.2094 ZSL: unseen accuracy=0.3854
[266/300]  Loss_D: -8.2202 Loss_G: 8.0068, Wasserstein_dist:11.1941, vae_loss_seen:290.8819 GZSL: seen=0.7985, unseen=0.1198, h=0.2083 ZSL: unseen accuracy=0.1406
[267/300]  Loss_D: -7.1546 Loss_G: 8.3770, Wasserstein_dist:10.0902, vae_loss_seen:297.6844 GZSL: seen=0.4429, unseen=0.1354, h=0.2074 ZSL: unseen accuracy=0.4427
[268/300]  Loss_D: -8.9128 Loss_G: 8.4726, Wasserstein_dist:11.8277, vae_loss_seen:299.3500 GZSL: seen=0.7107, unseen=0.1250, h=0.2126 ZSL: unseen accuracy=0.5885
[269/300]  Loss_D: -9.7675 Loss_G: 8.0806, Wasserstein_dist:12.6936, vae_loss_seen:288.3048 GZSL: seen=0.4132, unseen=0.2917, h=0.3420 ZSL: unseen accuracy=0.2031
[270/300]  Loss_D: -8.0745 Loss_G: 8.1508, Wasserstein_dist:10.5656, vae_loss_seen:301.8828 GZSL: seen=0.5107, unseen=0.1458, h=0.2269 ZSL: unseen accuracy=0.4583
[271/300]  Loss_D: -9.0798 Loss_G: 8.2689, Wasserstein_dist:11.9530, vae_loss_seen:288.1792 GZSL: seen=0.8020, unseen=0.1198, h=0.2084 ZSL: unseen accuracy=0.3021
[272/300]  Loss_D: -7.8769 Loss_G: 8.4123, Wasserstein_dist:11.0702, vae_loss_seen:293.9747 GZSL: seen=0.5295, unseen=0.1458, h=0.2287 ZSL: unseen accuracy=0.3073
[273/300]  Loss_D: -6.2107 Loss_G: 8.2495, Wasserstein_dist:8.9767, vae_loss_seen:290.3408 GZSL: seen=0.8099, unseen=0.1198, h=0.2087 ZSL: unseen accuracy=0.3021
[274/300]  Loss_D: -8.2775 Loss_G: 8.1388, Wasserstein_dist:11.0443, vae_loss_seen:284.9154 GZSL: seen=0.8053, unseen=0.1198, h=0.2086 ZSL: unseen accuracy=0.2708
[275/300]  Loss_D: -6.9202 Loss_G: 8.0201, Wasserstein_dist:9.5664, vae_loss_seen:281.8917 GZSL: seen=0.7107, unseen=0.1198, h=0.2050 ZSL: unseen accuracy=0.1354
[276/300]  Loss_D: -9.9565 Loss_G: 7.3595, Wasserstein_dist:13.0087, vae_loss_seen:291.5733 GZSL: seen=0.4786, unseen=0.2604, h=0.3373 ZSL: unseen accuracy=0.3542
[277/300]  Loss_D: -8.6952 Loss_G: 8.2823, Wasserstein_dist:11.5055, vae_loss_seen:295.8845 GZSL: seen=0.7425, unseen=0.1250, h=0.2140 ZSL: unseen accuracy=0.2396
[278/300]  Loss_D: -8.8731 Loss_G: 8.9493, Wasserstein_dist:11.5106, vae_loss_seen:296.7150 GZSL: seen=0.5726, unseen=0.1250, h=0.2052 ZSL: unseen accuracy=0.1562
[279/300]  Loss_D: -8.2747 Loss_G: 8.3315, Wasserstein_dist:11.3387, vae_loss_seen:292.8684 GZSL: seen=0.4492, unseen=0.1406, h=0.2142 ZSL: unseen accuracy=0.3073
[280/300]  Loss_D: -8.9802 Loss_G: 8.1920, Wasserstein_dist:11.7563, vae_loss_seen:293.9896 GZSL: seen=0.7868, unseen=0.1198, h=0.2079 ZSL: unseen accuracy=0.2083
[281/300]  Loss_D: -8.3282 Loss_G: 8.5672, Wasserstein_dist:11.1108, vae_loss_seen:285.8032 GZSL: seen=0.7069, unseen=0.1198, h=0.2049 ZSL: unseen accuracy=0.2240
[282/300]  Loss_D: -8.3280 Loss_G: 8.7287, Wasserstein_dist:10.5283, vae_loss_seen:289.7977 GZSL: seen=0.7974, unseen=0.1198, h=0.2083 ZSL: unseen accuracy=0.3698
[283/300]  Loss_D: -7.6688 Loss_G: 8.2789, Wasserstein_dist:10.4065, vae_loss_seen:293.3056 GZSL: seen=0.5127, unseen=0.2604, h=0.3454 ZSL: unseen accuracy=0.2865
[284/300]  Loss_D: -7.9677 Loss_G: 8.1259, Wasserstein_dist:10.7908, vae_loss_seen:272.7401 GZSL: seen=0.5262, unseen=0.2240, h=0.3142 ZSL: unseen accuracy=0.1406
[285/300]  Loss_D: -8.8901 Loss_G: 8.6651, Wasserstein_dist:11.1665, vae_loss_seen:286.6483 GZSL: seen=0.9052, unseen=0.1146, h=0.2034 ZSL: unseen accuracy=0.2865
[286/300]  Loss_D: -8.0391 Loss_G: 7.8780, Wasserstein_dist:10.6744, vae_loss_seen:292.6619 GZSL: seen=0.5302, unseen=0.1250, h=0.2023 ZSL: unseen accuracy=0.1198
[287/300]  Loss_D: -7.9089 Loss_G: 8.2728, Wasserstein_dist:10.6820, vae_loss_seen:292.8245 GZSL: seen=0.5421, unseen=0.1250, h=0.2032 ZSL: unseen accuracy=0.1250
[288/300]  Loss_D: -6.3997 Loss_G: 8.5940, Wasserstein_dist:9.3230, vae_loss_seen:282.7807 GZSL: seen=0.8808, unseen=0.1146, h=0.2028 ZSL: unseen accuracy=0.2656
[289/300]  Loss_D: -8.7749 Loss_G: 8.3668, Wasserstein_dist:11.8184, vae_loss_seen:294.3941 GZSL: seen=0.6917, unseen=0.1198, h=0.2042 ZSL: unseen accuracy=0.1250
[290/300]  Loss_D: -8.4601 Loss_G: 8.0592, Wasserstein_dist:11.0999, vae_loss_seen:295.8201 GZSL: seen=0.5758, unseen=0.1823, h=0.2769 ZSL: unseen accuracy=0.3073
[291/300]  Loss_D: -8.3291 Loss_G: 8.1472, Wasserstein_dist:11.1487, vae_loss_seen:289.5187 GZSL: seen=0.5500, unseen=0.1354, h=0.2173 ZSL: unseen accuracy=0.2917
[292/300]  Loss_D: -7.7302 Loss_G: 7.7624, Wasserstein_dist:10.5376, vae_loss_seen:293.9926 GZSL: seen=0.8798, unseen=0.1198, h=0.2109 ZSL: unseen accuracy=0.1406
[293/300]  Loss_D: -7.4646 Loss_G: 7.2404, Wasserstein_dist:10.6448, vae_loss_seen:287.6843 GZSL: seen=0.7319, unseen=0.1198, h=0.2059 ZSL: unseen accuracy=0.3906
[294/300]  Loss_D: -7.9476 Loss_G: 7.9988, Wasserstein_dist:10.1898, vae_loss_seen:284.1440 GZSL: seen=0.8914, unseen=0.1146, h=0.2031 ZSL: unseen accuracy=0.4479
[295/300]  Loss_D: -7.5183 Loss_G: 7.8537, Wasserstein_dist:10.7598, vae_loss_seen:284.5619 GZSL: seen=0.5209, unseen=0.1250, h=0.2016 ZSL: unseen accuracy=0.1979
[296/300]  Loss_D: -8.1105 Loss_G: 8.0309, Wasserstein_dist:11.0162, vae_loss_seen:284.4089 GZSL: seen=0.5123, unseen=0.2917, h=0.3717 ZSL: unseen accuracy=0.1406
[297/300]  Loss_D: -8.2808 Loss_G: 8.0487, Wasserstein_dist:10.5821, vae_loss_seen:289.3314 GZSL: seen=0.8783, unseen=0.1198, h=0.2108 ZSL: unseen accuracy=0.1406
[298/300]  Loss_D: -6.6862 Loss_G: 7.9870, Wasserstein_dist:9.5304, vae_loss_seen:282.6599 GZSL: seen=0.4587, unseen=0.4479, h=0.4533 ZSL: unseen accuracy=0.1406
[299/300]  Loss_D: -6.7973 Loss_G: 8.1302, Wasserstein_dist:10.0716, vae_loss_seen:280.3986 GZSL: seen=0.5152, unseen=0.2240, h=0.3122 ZSL: unseen accuracy=0.1198
Dataset RADAR
the best ZSL unseen accuracy is 0.640625
Dataset RADAR
the best GZSL seen accuracy is 0.6342025699168556
the best GZSL unseen accuracy is 0.4739583333333333
the best GZSL H is 0.5424944918231728
