Random Seed:  3407
# of training samples:  538
Encoder(
  (fc1): Linear(in_features=1792, out_features=4096, bias=True)
  (fc3): Linear(in_features=4096, out_features=1536, bias=True)
  (lrelu): LeakyReLU(0.2, inplace)
  (linear_means): Linear(in_features=1536, out_features=768, bias=True)
  (linear_log_var): Linear(in_features=1536, out_features=768, bias=True)
)
Generator(
  (fc1): Linear(in_features=1536, out_features=4096, bias=True)
  (fc3): Linear(in_features=4096, out_features=1024, bias=True)
  (lrelu): LeakyReLU(0.2, inplace)
  (sigmoid): Sigmoid()
)
Discriminator_D1(
  (fc1): Linear(in_features=1792, out_features=4096, bias=True)
  (fc2): Linear(in_features=4096, out_features=1, bias=True)
  (lrelu): LeakyReLU(0.2, inplace)
)
Feedback(
  (fc1): Linear(in_features=4096, out_features=4096, bias=True)
  (fc2): Linear(in_features=4096, out_features=4096, bias=True)
  (lrelu): LeakyReLU(0.2, inplace)
)
AttDec(
  (fc1): Linear(in_features=1024, out_features=4096, bias=True)
  (fc3): Linear(in_features=4096, out_features=768, bias=True)
  (lrelu): LeakyReLU(0.2, inplace)
)
[0/300]  Loss_D: -10.6171 Loss_G: -1.0008, Wasserstein_dist:13.6768, vae_loss_seen:461.5421 GZSL: seen=0.9039, unseen=0.1927, h=0.3177 ZSL: unseen accuracy=0.5208
[1/300]  Loss_D: -4.1653 Loss_G: -6.9622, Wasserstein_dist:5.3440, vae_loss_seen:350.0308 GZSL: seen=0.9019, unseen=0.1667, h=0.2813 ZSL: unseen accuracy=0.4896
[2/300]  Loss_D: -2.7126 Loss_G: -8.6104, Wasserstein_dist:3.4810, vae_loss_seen:325.3475 GZSL: seen=0.8730, unseen=0.2969, h=0.4431 ZSL: unseen accuracy=0.6667
[3/300]  Loss_D: -2.1829 Loss_G: -8.3151, Wasserstein_dist:2.6134, vae_loss_seen:318.9552 GZSL: seen=0.9028, unseen=0.2812, h=0.4289 ZSL: unseen accuracy=0.5000
[4/300]  Loss_D: -1.9876 Loss_G: -8.7811, Wasserstein_dist:2.6553, vae_loss_seen:306.8498 GZSL: seen=0.8373, unseen=0.1719, h=0.2852 ZSL: unseen accuracy=0.3698
[5/300]  Loss_D: -1.6961 Loss_G: -9.8952, Wasserstein_dist:2.1386, vae_loss_seen:297.4076 GZSL: seen=0.8829, unseen=0.3073, h=0.4559 ZSL: unseen accuracy=0.5156
[6/300]  Loss_D: -2.1624 Loss_G: -10.9084, Wasserstein_dist:2.6182, vae_loss_seen:285.8018 GZSL: seen=0.9048, unseen=0.2708, h=0.4169 ZSL: unseen accuracy=0.4167
[7/300]  Loss_D: -1.7876 Loss_G: -9.4985, Wasserstein_dist:2.1389, vae_loss_seen:288.5457 GZSL: seen=0.8849, unseen=0.1927, h=0.3165 ZSL: unseen accuracy=0.3958
[8/300]  Loss_D: -1.9409 Loss_G: -8.6538, Wasserstein_dist:2.4827, vae_loss_seen:290.1740 GZSL: seen=0.7817, unseen=0.4844, h=0.5981 ZSL: unseen accuracy=0.5000
[9/300]  Loss_D: -1.9076 Loss_G: -8.1157, Wasserstein_dist:2.3428, vae_loss_seen:287.8424 GZSL: seen=0.8869, unseen=0.2917, h=0.4390 ZSL: unseen accuracy=0.4531
[10/300]  Loss_D: -2.1265 Loss_G: -8.9259, Wasserstein_dist:2.7006, vae_loss_seen:283.2363 GZSL: seen=0.9048, unseen=0.3177, h=0.4703 ZSL: unseen accuracy=0.4583
[11/300]  Loss_D: -2.0315 Loss_G: -8.7760, Wasserstein_dist:2.4860, vae_loss_seen:288.2051 GZSL: seen=0.8869, unseen=0.2812, h=0.4271 ZSL: unseen accuracy=0.4323
[12/300]  Loss_D: -2.1852 Loss_G: -8.3402, Wasserstein_dist:2.8083, vae_loss_seen:282.7261 GZSL: seen=0.9048, unseen=0.3073, h=0.4588 ZSL: unseen accuracy=0.4792
[13/300]  Loss_D: -1.6865 Loss_G: -8.2028, Wasserstein_dist:2.3151, vae_loss_seen:284.7042 GZSL: seen=0.7698, unseen=0.3385, h=0.4703 ZSL: unseen accuracy=0.4792
[14/300]  Loss_D: -2.0332 Loss_G: -9.5844, Wasserstein_dist:2.6277, vae_loss_seen:282.9153 GZSL: seen=0.8968, unseen=0.3177, h=0.4692 ZSL: unseen accuracy=0.4792
[15/300]  Loss_D: -2.1079 Loss_G: -10.0083, Wasserstein_dist:2.6598, vae_loss_seen:284.2603 GZSL: seen=0.8988, unseen=0.3125, h=0.4638 ZSL: unseen accuracy=0.4844
[16/300]  Loss_D: -1.7087 Loss_G: -6.5967, Wasserstein_dist:2.3021, vae_loss_seen:296.7616 GZSL: seen=0.9266, unseen=0.3021, h=0.4556 ZSL: unseen accuracy=0.4688
[17/300]  Loss_D: -2.0935 Loss_G: -9.5243, Wasserstein_dist:2.6092, vae_loss_seen:280.4028 GZSL: seen=0.8909, unseen=0.3073, h=0.4570 ZSL: unseen accuracy=0.4531
[18/300]  Loss_D: -1.9311 Loss_G: -8.9237, Wasserstein_dist:2.3525, vae_loss_seen:276.1771 GZSL: seen=0.9266, unseen=0.2812, h=0.4315 ZSL: unseen accuracy=0.4531
[19/300]  Loss_D: -1.6713 Loss_G: -8.6335, Wasserstein_dist:2.1691, vae_loss_seen:282.8951 GZSL: seen=0.9385, unseen=0.3125, h=0.4689 ZSL: unseen accuracy=0.4635
[20/300]  Loss_D: -1.6480 Loss_G: -7.4679, Wasserstein_dist:2.1196, vae_loss_seen:268.9294 GZSL: seen=0.9325, unseen=0.3073, h=0.4623 ZSL: unseen accuracy=0.4844
[21/300]  Loss_D: -1.7677 Loss_G: -8.9521, Wasserstein_dist:2.2703, vae_loss_seen:277.6169 GZSL: seen=0.9306, unseen=0.2969, h=0.4501 ZSL: unseen accuracy=0.4427
[22/300]  Loss_D: -1.7294 Loss_G: -6.3685, Wasserstein_dist:2.0448, vae_loss_seen:273.3833 GZSL: seen=0.9325, unseen=0.2865, h=0.4383 ZSL: unseen accuracy=0.4531
[23/300]  Loss_D: -1.7425 Loss_G: -6.4808, Wasserstein_dist:2.1211, vae_loss_seen:278.7164 GZSL: seen=0.9087, unseen=0.2812, h=0.4296 ZSL: unseen accuracy=0.4479
[24/300]  Loss_D: -1.3495 Loss_G: -3.8857, Wasserstein_dist:1.7310, vae_loss_seen:280.1934 GZSL: seen=0.9266, unseen=0.2552, h=0.4002 ZSL: unseen accuracy=0.4323
[25/300]  Loss_D: -1.3080 Loss_G: -2.2664, Wasserstein_dist:1.7178, vae_loss_seen:276.3987 GZSL: seen=0.8968, unseen=0.2500, h=0.3910 ZSL: unseen accuracy=0.4271
[26/300]  Loss_D: -1.6609 Loss_G: -8.8270, Wasserstein_dist:2.0352, vae_loss_seen:273.7221 GZSL: seen=0.7937, unseen=0.3333, h=0.4695 ZSL: unseen accuracy=0.4271
[27/300]  Loss_D: -1.6575 Loss_G: -6.1101, Wasserstein_dist:2.0088, vae_loss_seen:270.9427 GZSL: seen=0.7472, unseen=0.1562, h=0.2585 ZSL: unseen accuracy=0.4010
[28/300]  Loss_D: -1.3163 Loss_G: -6.3430, Wasserstein_dist:1.7343, vae_loss_seen:273.0625 GZSL: seen=0.8075, unseen=0.2083, h=0.3312 ZSL: unseen accuracy=0.3750
[29/300]  Loss_D: -1.3471 Loss_G: -5.6844, Wasserstein_dist:1.6888, vae_loss_seen:267.0264 GZSL: seen=0.9048, unseen=0.2396, h=0.3788 ZSL: unseen accuracy=0.4375
[30/300]  Loss_D: -1.3580 Loss_G: -7.2271, Wasserstein_dist:1.7038, vae_loss_seen:258.2137 GZSL: seen=0.8135, unseen=0.3490, h=0.4884 ZSL: unseen accuracy=0.4375
[31/300]  Loss_D: -1.2756 Loss_G: -3.7540, Wasserstein_dist:1.5916, vae_loss_seen:263.9884 GZSL: seen=0.8393, unseen=0.2188, h=0.3470 ZSL: unseen accuracy=0.4167
[32/300]  Loss_D: -1.3459 Loss_G: -3.6245, Wasserstein_dist:1.6111, vae_loss_seen:260.6088 GZSL: seen=0.7817, unseen=0.1667, h=0.2748 ZSL: unseen accuracy=0.3854
[33/300]  Loss_D: -1.1962 Loss_G: 0.3523, Wasserstein_dist:1.5867, vae_loss_seen:267.2942 GZSL: seen=0.8710, unseen=0.1979, h=0.3225 ZSL: unseen accuracy=0.4167
[34/300]  Loss_D: -1.3084 Loss_G: -1.2842, Wasserstein_dist:1.6190, vae_loss_seen:268.6515 GZSL: seen=0.8869, unseen=0.1146, h=0.2029 ZSL: unseen accuracy=0.4375
[35/300]  Loss_D: -1.3960 Loss_G: -3.8856, Wasserstein_dist:1.7214, vae_loss_seen:276.7916 GZSL: seen=0.8095, unseen=0.2344, h=0.3635 ZSL: unseen accuracy=0.3854
[36/300]  Loss_D: -1.4447 Loss_G: -2.3574, Wasserstein_dist:1.8326, vae_loss_seen:270.9119 GZSL: seen=0.8245, unseen=0.2917, h=0.4309 ZSL: unseen accuracy=0.4115
[37/300]  Loss_D: -1.1619 Loss_G: -2.9550, Wasserstein_dist:1.5008, vae_loss_seen:266.5445 GZSL: seen=0.7917, unseen=0.1979, h=0.3167 ZSL: unseen accuracy=0.3802
[38/300]  Loss_D: -1.2134 Loss_G: -2.0891, Wasserstein_dist:1.5342, vae_loss_seen:268.9333 GZSL: seen=0.7579, unseen=0.2240, h=0.3458 ZSL: unseen accuracy=0.3906
[39/300]  Loss_D: -1.2131 Loss_G: 0.3383, Wasserstein_dist:1.6399, vae_loss_seen:281.0208 GZSL: seen=0.8135, unseen=0.1562, h=0.2621 ZSL: unseen accuracy=0.4010
[40/300]  Loss_D: -1.3094 Loss_G: -1.9089, Wasserstein_dist:1.6717, vae_loss_seen:274.2574 GZSL: seen=0.8294, unseen=0.2344, h=0.3655 ZSL: unseen accuracy=0.4010
[41/300]  Loss_D: -1.1418 Loss_G: -0.9149, Wasserstein_dist:1.4604, vae_loss_seen:270.1120 GZSL: seen=0.8095, unseen=0.2396, h=0.3697 ZSL: unseen accuracy=0.2760
[42/300]  Loss_D: -1.3672 Loss_G: -0.8082, Wasserstein_dist:1.6615, vae_loss_seen:279.1354 GZSL: seen=0.8373, unseen=0.2292, h=0.3598 ZSL: unseen accuracy=0.3333
[43/300]  Loss_D: -1.1568 Loss_G: -1.5506, Wasserstein_dist:1.4492, vae_loss_seen:275.0392 GZSL: seen=0.8472, unseen=0.3542, h=0.4995 ZSL: unseen accuracy=0.3646
[44/300]  Loss_D: -1.1979 Loss_G: -0.7968, Wasserstein_dist:1.5482, vae_loss_seen:262.1092 GZSL: seen=0.8671, unseen=0.2188, h=0.3494 ZSL: unseen accuracy=0.2604
[45/300]  Loss_D: -0.9789 Loss_G: 0.6881, Wasserstein_dist:1.2914, vae_loss_seen:267.0692 GZSL: seen=0.8135, unseen=0.1406, h=0.2398 ZSL: unseen accuracy=0.2448
[46/300]  Loss_D: -1.2029 Loss_G: -1.1816, Wasserstein_dist:1.4972, vae_loss_seen:265.4742 GZSL: seen=0.7937, unseen=0.1771, h=0.2896 ZSL: unseen accuracy=0.3073
[47/300]  Loss_D: -1.0453 Loss_G: -1.4102, Wasserstein_dist:1.3975, vae_loss_seen:260.1776 GZSL: seen=0.8313, unseen=0.2240, h=0.3529 ZSL: unseen accuracy=0.2500
[48/300]  Loss_D: -1.2294 Loss_G: -0.6864, Wasserstein_dist:1.5085, vae_loss_seen:268.3993 GZSL: seen=0.8810, unseen=0.2552, h=0.3958 ZSL: unseen accuracy=0.2760
[49/300]  Loss_D: -0.9759 Loss_G: -0.4286, Wasserstein_dist:1.3114, vae_loss_seen:269.3022 GZSL: seen=0.8373, unseen=0.2031, h=0.3269 ZSL: unseen accuracy=0.2448
[50/300]  Loss_D: -1.1565 Loss_G: 0.1322, Wasserstein_dist:1.4748, vae_loss_seen:264.5630 GZSL: seen=0.8384, unseen=0.3333, h=0.4770 ZSL: unseen accuracy=0.3906
[51/300]  Loss_D: -1.2260 Loss_G: -0.9739, Wasserstein_dist:1.5030, vae_loss_seen:268.2039 GZSL: seen=0.8194, unseen=0.2135, h=0.3388 ZSL: unseen accuracy=0.2552
[52/300]  Loss_D: -0.9814 Loss_G: -1.4462, Wasserstein_dist:1.2722, vae_loss_seen:269.8690 GZSL: seen=0.8929, unseen=0.2396, h=0.3778 ZSL: unseen accuracy=0.2604
[53/300]  Loss_D: -1.0093 Loss_G: 1.8051, Wasserstein_dist:1.2736, vae_loss_seen:278.0932 GZSL: seen=0.8095, unseen=0.2448, h=0.3759 ZSL: unseen accuracy=0.2344
[54/300]  Loss_D: -1.5193 Loss_G: -1.3204, Wasserstein_dist:1.8930, vae_loss_seen:272.9811 GZSL: seen=0.9563, unseen=0.0729, h=0.1355 ZSL: unseen accuracy=0.2604
[55/300]  Loss_D: -1.0217 Loss_G: 1.1492, Wasserstein_dist:1.3099, vae_loss_seen:276.4244 GZSL: seen=0.8353, unseen=0.2448, h=0.3786 ZSL: unseen accuracy=0.2396
[56/300]  Loss_D: -0.9690 Loss_G: 0.2205, Wasserstein_dist:1.2526, vae_loss_seen:262.0872 GZSL: seen=0.8075, unseen=0.2188, h=0.3442 ZSL: unseen accuracy=0.2552
[57/300]  Loss_D: -0.9790 Loss_G: 1.7432, Wasserstein_dist:1.2006, vae_loss_seen:267.0799 GZSL: seen=0.7698, unseen=0.2344, h=0.3593 ZSL: unseen accuracy=0.2656
[58/300]  Loss_D: -0.9746 Loss_G: -1.7189, Wasserstein_dist:1.2517, vae_loss_seen:263.1290 GZSL: seen=0.8393, unseen=0.2344, h=0.3664 ZSL: unseen accuracy=0.2500
[59/300]  Loss_D: -0.8843 Loss_G: 0.0606, Wasserstein_dist:1.2095, vae_loss_seen:259.1602 GZSL: seen=0.8175, unseen=0.2083, h=0.3320 ZSL: unseen accuracy=0.2344
[60/300]  Loss_D: -1.0336 Loss_G: 2.4435, Wasserstein_dist:1.3525, vae_loss_seen:277.7148 GZSL: seen=0.8464, unseen=0.2552, h=0.3922 ZSL: unseen accuracy=0.2552
[61/300]  Loss_D: -1.0302 Loss_G: -1.9094, Wasserstein_dist:1.2571, vae_loss_seen:257.1213 GZSL: seen=0.8651, unseen=0.1250, h=0.2184 ZSL: unseen accuracy=0.2344
[62/300]  Loss_D: -1.0127 Loss_G: -0.1223, Wasserstein_dist:1.2904, vae_loss_seen:263.5944 GZSL: seen=0.8234, unseen=0.2396, h=0.3712 ZSL: unseen accuracy=0.2448
[63/300]  Loss_D: -1.0473 Loss_G: -0.4955, Wasserstein_dist:1.2844, vae_loss_seen:268.0428 GZSL: seen=0.9504, unseen=0.0781, h=0.1444 ZSL: unseen accuracy=0.2604
[64/300]  Loss_D: -0.9209 Loss_G: -0.1571, Wasserstein_dist:1.1913, vae_loss_seen:265.4857 GZSL: seen=0.8472, unseen=0.2240, h=0.3543 ZSL: unseen accuracy=0.3125
[65/300]  Loss_D: -0.9125 Loss_G: -1.8933, Wasserstein_dist:1.2979, vae_loss_seen:259.6715 GZSL: seen=0.8056, unseen=0.1979, h=0.3178 ZSL: unseen accuracy=0.2344
[66/300]  Loss_D: -1.0261 Loss_G: -2.5354, Wasserstein_dist:1.2792, vae_loss_seen:255.7472 GZSL: seen=0.8214, unseen=0.2240, h=0.3520 ZSL: unseen accuracy=0.2552
[67/300]  Loss_D: -1.0229 Loss_G: 0.4711, Wasserstein_dist:1.3940, vae_loss_seen:267.4234 GZSL: seen=0.9385, unseen=0.0833, h=0.1531 ZSL: unseen accuracy=0.2396
[68/300]  Loss_D: -0.8882 Loss_G: -0.7847, Wasserstein_dist:1.1697, vae_loss_seen:264.1397 GZSL: seen=0.9266, unseen=0.2292, h=0.3675 ZSL: unseen accuracy=0.2604
[69/300]  Loss_D: -0.7854 Loss_G: -1.3817, Wasserstein_dist:1.0938, vae_loss_seen:256.6356 GZSL: seen=0.8254, unseen=0.2448, h=0.3776 ZSL: unseen accuracy=0.2240
[70/300]  Loss_D: -1.0045 Loss_G: 0.3754, Wasserstein_dist:1.2547, vae_loss_seen:266.5106 GZSL: seen=0.8056, unseen=0.2135, h=0.3376 ZSL: unseen accuracy=0.2240
[71/300]  Loss_D: -0.9583 Loss_G: -0.6747, Wasserstein_dist:1.2174, vae_loss_seen:266.9356 GZSL: seen=0.9702, unseen=0.0781, h=0.1446 ZSL: unseen accuracy=0.2292
[72/300]  Loss_D: -0.8488 Loss_G: -1.5776, Wasserstein_dist:1.1728, vae_loss_seen:262.0149 GZSL: seen=0.8095, unseen=0.2396, h=0.3697 ZSL: unseen accuracy=0.2344
[73/300]  Loss_D: -0.9081 Loss_G: -0.1602, Wasserstein_dist:1.1744, vae_loss_seen:262.3584 GZSL: seen=0.8095, unseen=0.2396, h=0.3697 ZSL: unseen accuracy=0.2344
[74/300]  Loss_D: -0.9274 Loss_G: 1.0297, Wasserstein_dist:1.2293, vae_loss_seen:274.3589 GZSL: seen=0.8552, unseen=0.2344, h=0.3679 ZSL: unseen accuracy=0.2396
[75/300]  Loss_D: -0.6707 Loss_G: 0.7887, Wasserstein_dist:0.9292, vae_loss_seen:257.4946 GZSL: seen=0.7976, unseen=0.2135, h=0.3369 ZSL: unseen accuracy=0.2292
[76/300]  Loss_D: -0.7543 Loss_G: 2.1110, Wasserstein_dist:1.0518, vae_loss_seen:268.8394 GZSL: seen=0.9365, unseen=0.0885, h=0.1618 ZSL: unseen accuracy=0.2344
[77/300]  Loss_D: -0.9022 Loss_G: 0.6059, Wasserstein_dist:1.1646, vae_loss_seen:263.2110 GZSL: seen=0.8433, unseen=0.2135, h=0.3408 ZSL: unseen accuracy=0.2292
[78/300]  Loss_D: -0.8759 Loss_G: -0.5651, Wasserstein_dist:1.1696, vae_loss_seen:261.8986 GZSL: seen=0.8861, unseen=0.2396, h=0.3772 ZSL: unseen accuracy=0.2292
[79/300]  Loss_D: -0.7446 Loss_G: 0.0594, Wasserstein_dist:1.0191, vae_loss_seen:263.4096 GZSL: seen=0.8552, unseen=0.2240, h=0.3550 ZSL: unseen accuracy=0.2240
[80/300]  Loss_D: -1.0342 Loss_G: -1.0966, Wasserstein_dist:1.2735, vae_loss_seen:263.5092 GZSL: seen=0.9504, unseen=0.0573, h=0.1081 ZSL: unseen accuracy=0.2344
[81/300]  Loss_D: -0.9249 Loss_G: -0.1819, Wasserstein_dist:1.1332, vae_loss_seen:261.2529 GZSL: seen=0.8452, unseen=0.2500, h=0.3859 ZSL: unseen accuracy=0.2292
[82/300]  Loss_D: -0.8481 Loss_G: -0.0183, Wasserstein_dist:1.1425, vae_loss_seen:267.2023 GZSL: seen=0.8849, unseen=0.2448, h=0.3835 ZSL: unseen accuracy=0.2240
[83/300]  Loss_D: -1.0592 Loss_G: 2.7639, Wasserstein_dist:1.4883, vae_loss_seen:270.4256 GZSL: seen=0.7758, unseen=0.2188, h=0.3413 ZSL: unseen accuracy=0.2604
[84/300]  Loss_D: -0.7725 Loss_G: 0.4490, Wasserstein_dist:0.9937, vae_loss_seen:261.9703 GZSL: seen=0.9067, unseen=0.0833, h=0.1526 ZSL: unseen accuracy=0.2552
[85/300]  Loss_D: -0.8514 Loss_G: 0.2902, Wasserstein_dist:1.0471, vae_loss_seen:254.6286 GZSL: seen=0.8730, unseen=0.0625, h=0.1166 ZSL: unseen accuracy=0.2292
[86/300]  Loss_D: -0.6529 Loss_G: 1.3256, Wasserstein_dist:0.8716, vae_loss_seen:255.9912 GZSL: seen=0.8234, unseen=0.2500, h=0.3835 ZSL: unseen accuracy=0.2500
[87/300]  Loss_D: -0.9055 Loss_G: -0.8671, Wasserstein_dist:1.1890, vae_loss_seen:262.8071 GZSL: seen=0.8512, unseen=0.2344, h=0.3675 ZSL: unseen accuracy=0.2292
[88/300]  Loss_D: -0.7515 Loss_G: -0.6348, Wasserstein_dist:0.9664, vae_loss_seen:258.2167 GZSL: seen=0.8313, unseen=0.2500, h=0.3844 ZSL: unseen accuracy=0.2448
[89/300]  Loss_D: -0.8240 Loss_G: -2.3626, Wasserstein_dist:1.0707, vae_loss_seen:260.1610 GZSL: seen=0.8861, unseen=0.0625, h=0.1168 ZSL: unseen accuracy=0.2240
[90/300]  Loss_D: -0.8004 Loss_G: 0.5327, Wasserstein_dist:1.0570, vae_loss_seen:257.7572 GZSL: seen=0.8710, unseen=0.0885, h=0.1607 ZSL: unseen accuracy=0.2344
[91/300]  Loss_D: -0.8868 Loss_G: 0.1703, Wasserstein_dist:1.2471, vae_loss_seen:262.1615 GZSL: seen=0.8662, unseen=0.2344, h=0.3689 ZSL: unseen accuracy=0.2396
[92/300]  Loss_D: -0.7263 Loss_G: -2.1298, Wasserstein_dist:0.9608, vae_loss_seen:253.4392 GZSL: seen=0.8781, unseen=0.0885, h=0.1609 ZSL: unseen accuracy=0.2344
[93/300]  Loss_D: -0.9209 Loss_G: -2.2647, Wasserstein_dist:1.1887, vae_loss_seen:264.3663 GZSL: seen=0.8492, unseen=0.2240, h=0.3544 ZSL: unseen accuracy=0.2552
[94/300]  Loss_D: -0.7263 Loss_G: -0.4435, Wasserstein_dist:0.9593, vae_loss_seen:252.1631 GZSL: seen=0.8155, unseen=0.0729, h=0.1339 ZSL: unseen accuracy=0.2552
[95/300]  Loss_D: -0.7399 Loss_G: -1.1798, Wasserstein_dist:0.9535, vae_loss_seen:257.0374 GZSL: seen=0.8571, unseen=0.2240, h=0.3551 ZSL: unseen accuracy=0.2344
[96/300]  Loss_D: -0.8853 Loss_G: -1.3348, Wasserstein_dist:1.0934, vae_loss_seen:267.0958 GZSL: seen=0.8433, unseen=0.2396, h=0.3731 ZSL: unseen accuracy=0.2552
[97/300]  Loss_D: -0.7940 Loss_G: -0.6311, Wasserstein_dist:1.0752, vae_loss_seen:253.6285 GZSL: seen=0.8671, unseen=0.0833, h=0.1521 ZSL: unseen accuracy=0.2344
[98/300]  Loss_D: -0.7958 Loss_G: -0.2004, Wasserstein_dist:1.0140, vae_loss_seen:266.4386 GZSL: seen=0.8353, unseen=0.2292, h=0.3597 ZSL: unseen accuracy=0.2396
[99/300]  Loss_D: -0.8070 Loss_G: -2.6004, Wasserstein_dist:1.0467, vae_loss_seen:252.6914 GZSL: seen=0.8690, unseen=0.2292, h=0.3627 ZSL: unseen accuracy=0.2344
[100/300]  Loss_D: -0.7859 Loss_G: -1.7672, Wasserstein_dist:0.9806, vae_loss_seen:261.4242 GZSL: seen=0.8591, unseen=0.2188, h=0.3487 ZSL: unseen accuracy=0.2292
[101/300]  Loss_D: -0.8465 Loss_G: -0.0299, Wasserstein_dist:1.1110, vae_loss_seen:261.2246 GZSL: seen=0.8373, unseen=0.2604, h=0.3973 ZSL: unseen accuracy=0.2292
[102/300]  Loss_D: -0.7086 Loss_G: -1.6080, Wasserstein_dist:1.0085, vae_loss_seen:256.1945 GZSL: seen=0.8234, unseen=0.2240, h=0.3521 ZSL: unseen accuracy=0.2604
[103/300]  Loss_D: -0.8318 Loss_G: -2.2367, Wasserstein_dist:1.0534, vae_loss_seen:254.7735 GZSL: seen=0.8869, unseen=0.2344, h=0.3708 ZSL: unseen accuracy=0.2344
[104/300]  Loss_D: -0.8219 Loss_G: -0.1756, Wasserstein_dist:1.0937, vae_loss_seen:266.6657 GZSL: seen=0.8631, unseen=0.2240, h=0.3556 ZSL: unseen accuracy=0.2344
[105/300]  Loss_D: -0.7796 Loss_G: -1.1696, Wasserstein_dist:1.0206, vae_loss_seen:256.7087 GZSL: seen=0.8353, unseen=0.2292, h=0.3597 ZSL: unseen accuracy=0.2396
[106/300]  Loss_D: -0.7636 Loss_G: -0.2526, Wasserstein_dist:0.9693, vae_loss_seen:258.3078 GZSL: seen=0.8294, unseen=0.2448, h=0.3780 ZSL: unseen accuracy=0.2396
[107/300]  Loss_D: -1.0373 Loss_G: 0.1198, Wasserstein_dist:1.3170, vae_loss_seen:266.6649 GZSL: seen=0.8234, unseen=0.2292, h=0.3585 ZSL: unseen accuracy=0.2344
[108/300]  Loss_D: -0.8227 Loss_G: -1.0336, Wasserstein_dist:1.1030, vae_loss_seen:261.3346 GZSL: seen=0.8563, unseen=0.2396, h=0.3744 ZSL: unseen accuracy=0.2344
[109/300]  Loss_D: -0.7423 Loss_G: -1.0251, Wasserstein_dist:1.0716, vae_loss_seen:262.7577 GZSL: seen=0.7837, unseen=0.2344, h=0.3608 ZSL: unseen accuracy=0.2604
[110/300]  Loss_D: -0.7096 Loss_G: -1.5369, Wasserstein_dist:0.9218, vae_loss_seen:255.8866 GZSL: seen=0.8194, unseen=0.1250, h=0.2169 ZSL: unseen accuracy=0.2344
[111/300]  Loss_D: -0.8651 Loss_G: 0.7845, Wasserstein_dist:1.1072, vae_loss_seen:275.8815 GZSL: seen=0.8452, unseen=0.2292, h=0.3606 ZSL: unseen accuracy=0.2292
[112/300]  Loss_D: -0.8579 Loss_G: 1.0205, Wasserstein_dist:1.1190, vae_loss_seen:261.7190 GZSL: seen=0.8710, unseen=0.2344, h=0.3694 ZSL: unseen accuracy=0.2292
[113/300]  Loss_D: -0.7468 Loss_G: -0.4411, Wasserstein_dist:1.0061, vae_loss_seen:264.7908 GZSL: seen=0.8730, unseen=0.2500, h=0.3887 ZSL: unseen accuracy=0.2396
[114/300]  Loss_D: -0.8818 Loss_G: -3.0629, Wasserstein_dist:1.1637, vae_loss_seen:249.2057 GZSL: seen=0.8294, unseen=0.2188, h=0.3462 ZSL: unseen accuracy=0.2344
[115/300]  Loss_D: -0.7705 Loss_G: -1.8483, Wasserstein_dist:0.9702, vae_loss_seen:251.4335 GZSL: seen=0.8373, unseen=0.2344, h=0.3662 ZSL: unseen accuracy=0.2344
[116/300]  Loss_D: -0.8154 Loss_G: -0.8271, Wasserstein_dist:1.0355, vae_loss_seen:262.7801 GZSL: seen=0.8929, unseen=0.0833, h=0.1524 ZSL: unseen accuracy=0.2292
[117/300]  Loss_D: -0.6755 Loss_G: -1.2247, Wasserstein_dist:0.8537, vae_loss_seen:255.4964 GZSL: seen=0.7937, unseen=0.2188, h=0.3430 ZSL: unseen accuracy=0.2292
[118/300]  Loss_D: -0.7743 Loss_G: -1.0820, Wasserstein_dist:1.1020, vae_loss_seen:259.9359 GZSL: seen=0.8433, unseen=0.2500, h=0.3857 ZSL: unseen accuracy=0.2292
[119/300]  Loss_D: -0.6630 Loss_G: -1.4615, Wasserstein_dist:0.8881, vae_loss_seen:262.4645 GZSL: seen=0.9127, unseen=0.2292, h=0.3663 ZSL: unseen accuracy=0.2292
[120/300]  Loss_D: -0.6010 Loss_G: -2.2057, Wasserstein_dist:0.7992, vae_loss_seen:256.8054 GZSL: seen=0.8452, unseen=0.2083, h=0.3343 ZSL: unseen accuracy=0.2292
[121/300]  Loss_D: -0.7202 Loss_G: -0.9372, Wasserstein_dist:0.9221, vae_loss_seen:253.9261 GZSL: seen=0.8413, unseen=0.2344, h=0.3666 ZSL: unseen accuracy=0.2292
[122/300]  Loss_D: -0.7559 Loss_G: -1.7770, Wasserstein_dist:0.9568, vae_loss_seen:260.0680 GZSL: seen=0.8433, unseen=0.2396, h=0.3731 ZSL: unseen accuracy=0.2396
[123/300]  Loss_D: -0.7923 Loss_G: -2.0657, Wasserstein_dist:1.0535, vae_loss_seen:254.6453 GZSL: seen=0.8909, unseen=0.2188, h=0.3513 ZSL: unseen accuracy=0.2240
[124/300]  Loss_D: -0.5094 Loss_G: -2.2126, Wasserstein_dist:0.6761, vae_loss_seen:256.9909 GZSL: seen=0.9028, unseen=0.0833, h=0.1526 ZSL: unseen accuracy=0.2292
[125/300]  Loss_D: -0.6813 Loss_G: -1.4519, Wasserstein_dist:0.9193, vae_loss_seen:250.7072 GZSL: seen=0.8770, unseen=0.2188, h=0.3502 ZSL: unseen accuracy=0.2292
[126/300]  Loss_D: -0.6580 Loss_G: -0.7157, Wasserstein_dist:1.0101, vae_loss_seen:261.4518 GZSL: seen=0.8929, unseen=0.0781, h=0.1437 ZSL: unseen accuracy=0.2292
[127/300]  Loss_D: -0.6772 Loss_G: -1.3212, Wasserstein_dist:0.8846, vae_loss_seen:247.9198 GZSL: seen=0.8115, unseen=0.2552, h=0.3883 ZSL: unseen accuracy=0.2292
[128/300]  Loss_D: -0.7237 Loss_G: -1.0570, Wasserstein_dist:0.9591, vae_loss_seen:260.5920 GZSL: seen=0.8413, unseen=0.2396, h=0.3730 ZSL: unseen accuracy=0.2240
[129/300]  Loss_D: -0.6338 Loss_G: -2.6703, Wasserstein_dist:0.8343, vae_loss_seen:256.6094 GZSL: seen=0.8810, unseen=0.2552, h=0.3958 ZSL: unseen accuracy=0.2448
[130/300]  Loss_D: -0.7248 Loss_G: -2.9198, Wasserstein_dist:0.9201, vae_loss_seen:255.6442 GZSL: seen=0.8690, unseen=0.2500, h=0.3883 ZSL: unseen accuracy=0.2292
[131/300]  Loss_D: -0.6989 Loss_G: -1.3199, Wasserstein_dist:0.9351, vae_loss_seen:265.5121 GZSL: seen=0.8075, unseen=0.2396, h=0.3695 ZSL: unseen accuracy=0.2240
[132/300]  Loss_D: -0.5854 Loss_G: -2.7297, Wasserstein_dist:0.7951, vae_loss_seen:259.0244 GZSL: seen=0.8452, unseen=0.2500, h=0.3859 ZSL: unseen accuracy=0.2188
[133/300]  Loss_D: -0.7590 Loss_G: -2.8936, Wasserstein_dist:0.9798, vae_loss_seen:259.4778 GZSL: seen=0.9206, unseen=0.2448, h=0.3867 ZSL: unseen accuracy=0.2344
[134/300]  Loss_D: -1.0088 Loss_G: -3.8235, Wasserstein_dist:1.2389, vae_loss_seen:248.8240 GZSL: seen=0.8690, unseen=0.2188, h=0.3495 ZSL: unseen accuracy=0.2396
[135/300]  Loss_D: -0.7331 Loss_G: -2.8788, Wasserstein_dist:0.9447, vae_loss_seen:260.0695 GZSL: seen=0.8591, unseen=0.2292, h=0.3618 ZSL: unseen accuracy=0.2344
[136/300]  Loss_D: -0.7215 Loss_G: -2.3928, Wasserstein_dist:0.9551, vae_loss_seen:259.2133 GZSL: seen=0.8849, unseen=0.2448, h=0.3835 ZSL: unseen accuracy=0.2292
[137/300]  Loss_D: -0.7742 Loss_G: -1.6836, Wasserstein_dist:0.9892, vae_loss_seen:267.3781 GZSL: seen=0.9464, unseen=0.0625, h=0.1173 ZSL: unseen accuracy=0.2292
[138/300]  Loss_D: -0.7882 Loss_G: -4.3092, Wasserstein_dist:1.0414, vae_loss_seen:252.5059 GZSL: seen=0.9524, unseen=0.0781, h=0.1444 ZSL: unseen accuracy=0.2292
[139/300]  Loss_D: -0.6501 Loss_G: -0.5690, Wasserstein_dist:0.9287, vae_loss_seen:254.0828 GZSL: seen=0.8254, unseen=0.2188, h=0.3458 ZSL: unseen accuracy=0.2344
[140/300]  Loss_D: -0.7221 Loss_G: -2.4654, Wasserstein_dist:0.9820, vae_loss_seen:252.7013 GZSL: seen=0.8373, unseen=0.2396, h=0.3726 ZSL: unseen accuracy=0.2292
[141/300]  Loss_D: -0.7053 Loss_G: -3.3036, Wasserstein_dist:0.8961, vae_loss_seen:259.4276 GZSL: seen=0.8790, unseen=0.2292, h=0.3635 ZSL: unseen accuracy=0.2344
[142/300]  Loss_D: -0.5502 Loss_G: -3.8773, Wasserstein_dist:0.7778, vae_loss_seen:258.0922 GZSL: seen=0.8512, unseen=0.2448, h=0.3802 ZSL: unseen accuracy=0.2604
[143/300]  Loss_D: -0.6974 Loss_G: -2.1383, Wasserstein_dist:0.9043, vae_loss_seen:260.1148 GZSL: seen=0.8770, unseen=0.2500, h=0.3891 ZSL: unseen accuracy=0.2344
[144/300]  Loss_D: -0.6079 Loss_G: -1.6083, Wasserstein_dist:0.8659, vae_loss_seen:257.8606 GZSL: seen=0.8452, unseen=0.2344, h=0.3670 ZSL: unseen accuracy=0.2292
[145/300]  Loss_D: -0.6369 Loss_G: -0.2002, Wasserstein_dist:0.8629, vae_loss_seen:267.3502 GZSL: seen=0.8175, unseen=0.2240, h=0.3516 ZSL: unseen accuracy=0.2292
[146/300]  Loss_D: -0.7107 Loss_G: -2.3846, Wasserstein_dist:0.9237, vae_loss_seen:263.7638 GZSL: seen=0.8115, unseen=0.2448, h=0.3761 ZSL: unseen accuracy=0.2292
[147/300]  Loss_D: -0.7704 Loss_G: -1.7804, Wasserstein_dist:0.9973, vae_loss_seen:253.4396 GZSL: seen=0.8770, unseen=0.2344, h=0.3699 ZSL: unseen accuracy=0.2292
[148/300]  Loss_D: -0.5942 Loss_G: -2.7065, Wasserstein_dist:0.7806, vae_loss_seen:251.6954 GZSL: seen=0.8690, unseen=0.2292, h=0.3627 ZSL: unseen accuracy=0.2292
[149/300]  Loss_D: -0.7895 Loss_G: -3.0583, Wasserstein_dist:0.9924, vae_loss_seen:257.9713 GZSL: seen=0.9504, unseen=0.0781, h=0.1444 ZSL: unseen accuracy=0.2240
[150/300]  Loss_D: -0.6686 Loss_G: -4.7967, Wasserstein_dist:0.8469, vae_loss_seen:252.0369 GZSL: seen=0.8234, unseen=0.2135, h=0.3391 ZSL: unseen accuracy=0.2240
[151/300]  Loss_D: -0.6945 Loss_G: -2.4207, Wasserstein_dist:0.9603, vae_loss_seen:259.6986 GZSL: seen=0.8869, unseen=0.2344, h=0.3708 ZSL: unseen accuracy=0.2292
[152/300]  Loss_D: -0.6591 Loss_G: -3.9712, Wasserstein_dist:0.8452, vae_loss_seen:261.8738 GZSL: seen=0.8810, unseen=0.2292, h=0.3637 ZSL: unseen accuracy=0.2500
[153/300]  Loss_D: -0.6733 Loss_G: -3.5235, Wasserstein_dist:0.8630, vae_loss_seen:262.2673 GZSL: seen=0.8226, unseen=0.2344, h=0.3648 ZSL: unseen accuracy=0.2344
[154/300]  Loss_D: -0.6991 Loss_G: -4.8687, Wasserstein_dist:0.8659, vae_loss_seen:261.0932 GZSL: seen=0.8591, unseen=0.2344, h=0.3683 ZSL: unseen accuracy=0.2396
[155/300]  Loss_D: -0.5966 Loss_G: -0.7763, Wasserstein_dist:0.8602, vae_loss_seen:258.0397 GZSL: seen=0.8690, unseen=0.2292, h=0.3627 ZSL: unseen accuracy=0.2344
[156/300]  Loss_D: -0.7223 Loss_G: -4.0369, Wasserstein_dist:0.9709, vae_loss_seen:257.5083 GZSL: seen=0.8452, unseen=0.2396, h=0.3733 ZSL: unseen accuracy=0.2344
[157/300]  Loss_D: -0.6906 Loss_G: -3.0778, Wasserstein_dist:0.9105, vae_loss_seen:266.8175 GZSL: seen=0.8790, unseen=0.2396, h=0.3765 ZSL: unseen accuracy=0.2240
[158/300]  Loss_D: -0.6647 Loss_G: -0.8185, Wasserstein_dist:0.9309, vae_loss_seen:256.4503 GZSL: seen=0.8690, unseen=0.2396, h=0.3756 ZSL: unseen accuracy=0.2396
[159/300]  Loss_D: -0.6331 Loss_G: -3.0563, Wasserstein_dist:0.8242, vae_loss_seen:252.0712 GZSL: seen=0.8781, unseen=0.1354, h=0.2346 ZSL: unseen accuracy=0.2292
[160/300]  Loss_D: -0.6999 Loss_G: -0.7366, Wasserstein_dist:0.9136, vae_loss_seen:259.3479 GZSL: seen=0.8472, unseen=0.2135, h=0.3411 ZSL: unseen accuracy=0.2240
[161/300]  Loss_D: -0.7418 Loss_G: -1.4229, Wasserstein_dist:0.9984, vae_loss_seen:265.0851 GZSL: seen=0.8543, unseen=0.2188, h=0.3483 ZSL: unseen accuracy=0.2292
[162/300]  Loss_D: -0.5989 Loss_G: -0.0555, Wasserstein_dist:0.9096, vae_loss_seen:259.6155 GZSL: seen=0.8492, unseen=0.2500, h=0.3863 ZSL: unseen accuracy=0.2344
[163/300]  Loss_D: -0.6479 Loss_G: -2.5844, Wasserstein_dist:0.8296, vae_loss_seen:258.9875 GZSL: seen=0.8980, unseen=0.2344, h=0.3717 ZSL: unseen accuracy=0.2344
[164/300]  Loss_D: -0.6082 Loss_G: -3.4961, Wasserstein_dist:0.8149, vae_loss_seen:247.0898 GZSL: seen=0.8333, unseen=0.0833, h=0.1515 ZSL: unseen accuracy=0.2344
[165/300]  Loss_D: -0.5401 Loss_G: -1.8891, Wasserstein_dist:0.7128, vae_loss_seen:256.0587 GZSL: seen=0.8413, unseen=0.2500, h=0.3855 ZSL: unseen accuracy=0.2240
[166/300]  Loss_D: -0.6755 Loss_G: -3.6687, Wasserstein_dist:0.8426, vae_loss_seen:260.9900 GZSL: seen=0.9008, unseen=0.2240, h=0.3587 ZSL: unseen accuracy=0.2344
[167/300]  Loss_D: -0.6662 Loss_G: -0.6403, Wasserstein_dist:0.9337, vae_loss_seen:256.2883 GZSL: seen=0.8333, unseen=0.2396, h=0.3722 ZSL: unseen accuracy=0.2344
[168/300]  Loss_D: -0.7299 Loss_G: -2.4693, Wasserstein_dist:0.9592, vae_loss_seen:251.4861 GZSL: seen=0.8869, unseen=0.2344, h=0.3708 ZSL: unseen accuracy=0.2604
[169/300]  Loss_D: -0.5684 Loss_G: -2.9715, Wasserstein_dist:0.7435, vae_loss_seen:253.6279 GZSL: seen=0.8611, unseen=0.2240, h=0.3555 ZSL: unseen accuracy=0.2344
[170/300]  Loss_D: -0.6971 Loss_G: -2.8368, Wasserstein_dist:0.9231, vae_loss_seen:259.5533 GZSL: seen=0.8710, unseen=0.2188, h=0.3497 ZSL: unseen accuracy=0.2344
[171/300]  Loss_D: -0.5276 Loss_G: -1.1514, Wasserstein_dist:0.8319, vae_loss_seen:254.4311 GZSL: seen=0.9286, unseen=0.1979, h=0.3263 ZSL: unseen accuracy=0.2240
[172/300]  Loss_D: -0.7008 Loss_G: -3.7982, Wasserstein_dist:0.8831, vae_loss_seen:259.7118 GZSL: seen=0.8999, unseen=0.2396, h=0.3784 ZSL: unseen accuracy=0.2344
[173/300]  Loss_D: -0.7074 Loss_G: -1.1058, Wasserstein_dist:0.9732, vae_loss_seen:264.2918 GZSL: seen=0.8214, unseen=0.2292, h=0.3584 ZSL: unseen accuracy=0.2344
[174/300]  Loss_D: -0.6119 Loss_G: -1.7474, Wasserstein_dist:0.7972, vae_loss_seen:255.4765 GZSL: seen=0.8750, unseen=0.0729, h=0.1346 ZSL: unseen accuracy=0.2240
[175/300]  Loss_D: -0.6875 Loss_G: -4.1649, Wasserstein_dist:0.8856, vae_loss_seen:254.8472 GZSL: seen=0.8662, unseen=0.2240, h=0.3559 ZSL: unseen accuracy=0.2292
[176/300]  Loss_D: -0.7921 Loss_G: -4.0134, Wasserstein_dist:0.9784, vae_loss_seen:251.5599 GZSL: seen=0.9246, unseen=0.0625, h=0.1171 ZSL: unseen accuracy=0.2344
[177/300]  Loss_D: -0.7084 Loss_G: -1.6647, Wasserstein_dist:0.9466, vae_loss_seen:261.6787 GZSL: seen=0.8571, unseen=0.2240, h=0.3551 ZSL: unseen accuracy=0.2344
[178/300]  Loss_D: -0.6243 Loss_G: -2.3863, Wasserstein_dist:0.8348, vae_loss_seen:258.7375 GZSL: seen=0.7968, unseen=0.2396, h=0.3684 ZSL: unseen accuracy=0.2292
[179/300]  Loss_D: -0.6251 Loss_G: -0.5762, Wasserstein_dist:0.7940, vae_loss_seen:252.5182 GZSL: seen=0.8115, unseen=0.2500, h=0.3822 ZSL: unseen accuracy=0.2396
[180/300]  Loss_D: -0.5746 Loss_G: -1.8421, Wasserstein_dist:0.8370, vae_loss_seen:252.2942 GZSL: seen=0.9524, unseen=0.0469, h=0.0894 ZSL: unseen accuracy=0.2240
[181/300]  Loss_D: -0.6745 Loss_G: -3.1226, Wasserstein_dist:0.8653, vae_loss_seen:254.4991 GZSL: seen=0.8929, unseen=0.2396, h=0.3778 ZSL: unseen accuracy=0.2344
[182/300]  Loss_D: -0.6763 Loss_G: -2.3284, Wasserstein_dist:0.8760, vae_loss_seen:254.2887 GZSL: seen=0.8790, unseen=0.0781, h=0.1435 ZSL: unseen accuracy=0.2292
[183/300]  Loss_D: -0.7102 Loss_G: -3.2489, Wasserstein_dist:0.9726, vae_loss_seen:255.4804 GZSL: seen=0.8552, unseen=0.2240, h=0.3550 ZSL: unseen accuracy=0.2188
[184/300]  Loss_D: -0.5324 Loss_G: -2.7608, Wasserstein_dist:0.7381, vae_loss_seen:255.5045 GZSL: seen=0.8313, unseen=0.2240, h=0.3529 ZSL: unseen accuracy=0.2292
[185/300]  Loss_D: -0.6172 Loss_G: -4.8756, Wasserstein_dist:0.8195, vae_loss_seen:246.1900 GZSL: seen=0.8750, unseen=0.2292, h=0.3632 ZSL: unseen accuracy=0.2344
[186/300]  Loss_D: -0.7091 Loss_G: -5.3161, Wasserstein_dist:0.8986, vae_loss_seen:258.5184 GZSL: seen=0.8710, unseen=0.2292, h=0.3629 ZSL: unseen accuracy=0.2240
[187/300]  Loss_D: -0.7023 Loss_G: -5.6588, Wasserstein_dist:0.8751, vae_loss_seen:248.0973 GZSL: seen=0.8702, unseen=0.2240, h=0.3562 ZSL: unseen accuracy=0.2240
[188/300]  Loss_D: -0.6472 Loss_G: -4.1278, Wasserstein_dist:0.8183, vae_loss_seen:259.2950 GZSL: seen=0.9067, unseen=0.0625, h=0.1169 ZSL: unseen accuracy=0.2240
[189/300]  Loss_D: -0.5550 Loss_G: -4.3686, Wasserstein_dist:0.7853, vae_loss_seen:249.5613 GZSL: seen=0.8373, unseen=0.2344, h=0.3662 ZSL: unseen accuracy=0.2344
[190/300]  Loss_D: -0.6271 Loss_G: -6.7204, Wasserstein_dist:0.8327, vae_loss_seen:253.2630 GZSL: seen=0.8571, unseen=0.2240, h=0.3551 ZSL: unseen accuracy=0.2292
[191/300]  Loss_D: -0.5724 Loss_G: -3.9393, Wasserstein_dist:0.7680, vae_loss_seen:254.1012 GZSL: seen=0.8909, unseen=0.0833, h=0.1524 ZSL: unseen accuracy=0.2344
[192/300]  Loss_D: -0.7378 Loss_G: -5.6716, Wasserstein_dist:0.9431, vae_loss_seen:259.1121 GZSL: seen=0.8452, unseen=0.2292, h=0.3606 ZSL: unseen accuracy=0.2292
[193/300]  Loss_D: -0.5186 Loss_G: -4.3279, Wasserstein_dist:0.7136, vae_loss_seen:251.7748 GZSL: seen=0.8750, unseen=0.1979, h=0.3228 ZSL: unseen accuracy=0.2344
[194/300]  Loss_D: -0.5571 Loss_G: -3.7563, Wasserstein_dist:0.7287, vae_loss_seen:249.2573 GZSL: seen=0.8929, unseen=0.2344, h=0.3713 ZSL: unseen accuracy=0.2240
[195/300]  Loss_D: -0.5755 Loss_G: -4.4522, Wasserstein_dist:0.7552, vae_loss_seen:250.5257 GZSL: seen=0.8393, unseen=0.2240, h=0.3536 ZSL: unseen accuracy=0.2344
[196/300]  Loss_D: -0.7640 Loss_G: -2.1873, Wasserstein_dist:1.0271, vae_loss_seen:251.7307 GZSL: seen=0.8770, unseen=0.1094, h=0.1945 ZSL: unseen accuracy=0.2240
[197/300]  Loss_D: -0.5011 Loss_G: -3.5822, Wasserstein_dist:0.6763, vae_loss_seen:248.9543 GZSL: seen=0.8472, unseen=0.2344, h=0.3672 ZSL: unseen accuracy=0.2396
[198/300]  Loss_D: -0.7166 Loss_G: -3.3759, Wasserstein_dist:0.9550, vae_loss_seen:263.1251 GZSL: seen=0.8492, unseen=0.2135, h=0.3413 ZSL: unseen accuracy=0.2240
[199/300]  Loss_D: -0.4787 Loss_G: -5.1005, Wasserstein_dist:0.6514, vae_loss_seen:253.7508 GZSL: seen=0.8651, unseen=0.2292, h=0.3623 ZSL: unseen accuracy=0.2292
[200/300]  Loss_D: -0.6836 Loss_G: -2.3479, Wasserstein_dist:0.8846, vae_loss_seen:260.8840 GZSL: seen=0.8413, unseen=0.2500, h=0.3855 ZSL: unseen accuracy=0.2344
[201/300]  Loss_D: -0.7669 Loss_G: -2.6863, Wasserstein_dist:1.0109, vae_loss_seen:262.3398 GZSL: seen=0.9028, unseen=0.2240, h=0.3589 ZSL: unseen accuracy=0.2240
[202/300]  Loss_D: -0.5429 Loss_G: -3.3957, Wasserstein_dist:0.7758, vae_loss_seen:244.9166 GZSL: seen=0.8948, unseen=0.2292, h=0.3649 ZSL: unseen accuracy=0.2396
[203/300]  Loss_D: -0.6386 Loss_G: -3.4503, Wasserstein_dist:0.8337, vae_loss_seen:251.8958 GZSL: seen=0.8512, unseen=0.2292, h=0.3611 ZSL: unseen accuracy=0.2344
[204/300]  Loss_D: -0.6528 Loss_G: -6.1677, Wasserstein_dist:0.8636, vae_loss_seen:254.0535 GZSL: seen=0.8929, unseen=0.2500, h=0.3906 ZSL: unseen accuracy=0.2292
[205/300]  Loss_D: -0.5832 Loss_G: -6.1382, Wasserstein_dist:0.7734, vae_loss_seen:255.5495 GZSL: seen=0.8175, unseen=0.2240, h=0.3516 ZSL: unseen accuracy=0.2240
[206/300]  Loss_D: -0.6977 Loss_G: -3.0012, Wasserstein_dist:0.9036, vae_loss_seen:261.0528 GZSL: seen=0.9028, unseen=0.0677, h=0.1260 ZSL: unseen accuracy=0.2292
[207/300]  Loss_D: -0.6789 Loss_G: -4.2130, Wasserstein_dist:0.8955, vae_loss_seen:256.3056 GZSL: seen=0.8384, unseen=0.2292, h=0.3599 ZSL: unseen accuracy=0.2344
[208/300]  Loss_D: -0.7074 Loss_G: -2.4317, Wasserstein_dist:1.0810, vae_loss_seen:259.4683 GZSL: seen=0.8353, unseen=0.2448, h=0.3786 ZSL: unseen accuracy=0.2552
[209/300]  Loss_D: -0.5184 Loss_G: -2.5109, Wasserstein_dist:0.7330, vae_loss_seen:256.1165 GZSL: seen=0.8333, unseen=0.2448, h=0.3784 ZSL: unseen accuracy=0.2344
[210/300]  Loss_D: -0.5147 Loss_G: -2.0849, Wasserstein_dist:0.7081, vae_loss_seen:254.9224 GZSL: seen=0.8889, unseen=0.2292, h=0.3644 ZSL: unseen accuracy=0.2240
[211/300]  Loss_D: -0.6399 Loss_G: -4.8224, Wasserstein_dist:0.8637, vae_loss_seen:257.4912 GZSL: seen=0.7837, unseen=0.2135, h=0.3356 ZSL: unseen accuracy=0.2240
[212/300]  Loss_D: -0.5179 Loss_G: -2.0205, Wasserstein_dist:0.7397, vae_loss_seen:258.6748 GZSL: seen=0.8960, unseen=0.2135, h=0.3449 ZSL: unseen accuracy=0.2292
[213/300]  Loss_D: -0.6154 Loss_G: -3.3930, Wasserstein_dist:0.8514, vae_loss_seen:253.8001 GZSL: seen=0.9028, unseen=0.2292, h=0.3655 ZSL: unseen accuracy=0.2292
[214/300]  Loss_D: -0.5685 Loss_G: -5.0041, Wasserstein_dist:0.7339, vae_loss_seen:243.9734 GZSL: seen=0.8413, unseen=0.2396, h=0.3730 ZSL: unseen accuracy=0.2344
[215/300]  Loss_D: -0.6334 Loss_G: -4.5653, Wasserstein_dist:0.8424, vae_loss_seen:254.4054 GZSL: seen=0.8571, unseen=0.2344, h=0.3681 ZSL: unseen accuracy=0.2552
[216/300]  Loss_D: -0.6325 Loss_G: -1.6077, Wasserstein_dist:0.8191, vae_loss_seen:253.1541 GZSL: seen=0.8413, unseen=0.2292, h=0.3602 ZSL: unseen accuracy=0.2344
[217/300]  Loss_D: -0.4974 Loss_G: -2.4298, Wasserstein_dist:0.6541, vae_loss_seen:261.4612 GZSL: seen=0.8571, unseen=0.2188, h=0.3485 ZSL: unseen accuracy=0.2292
[218/300]  Loss_D: -0.7349 Loss_G: -2.8668, Wasserstein_dist:0.9725, vae_loss_seen:261.1828 GZSL: seen=0.8622, unseen=0.2188, h=0.3490 ZSL: unseen accuracy=0.2344
[219/300]  Loss_D: -0.7040 Loss_G: -5.8349, Wasserstein_dist:0.8834, vae_loss_seen:254.9799 GZSL: seen=0.8790, unseen=0.0833, h=0.1522 ZSL: unseen accuracy=0.2344
[220/300]  Loss_D: -0.6754 Loss_G: -7.3775, Wasserstein_dist:0.8693, vae_loss_seen:251.2440 GZSL: seen=0.8384, unseen=0.2083, h=0.3337 ZSL: unseen accuracy=0.2344
[221/300]  Loss_D: -0.4615 Loss_G: -4.7323, Wasserstein_dist:0.7106, vae_loss_seen:249.5731 GZSL: seen=0.8433, unseen=0.2240, h=0.3539 ZSL: unseen accuracy=0.2344
[222/300]  Loss_D: -0.5466 Loss_G: -3.7698, Wasserstein_dist:0.7265, vae_loss_seen:260.7239 GZSL: seen=0.8682, unseen=0.2292, h=0.3626 ZSL: unseen accuracy=0.2292
[223/300]  Loss_D: -0.6546 Loss_G: -3.1149, Wasserstein_dist:0.8600, vae_loss_seen:262.1390 GZSL: seen=0.8552, unseen=0.2292, h=0.3615 ZSL: unseen accuracy=0.2240
[224/300]  Loss_D: -0.5356 Loss_G: -4.4192, Wasserstein_dist:0.6808, vae_loss_seen:251.7427 GZSL: seen=0.8948, unseen=0.2292, h=0.3649 ZSL: unseen accuracy=0.2240
[225/300]  Loss_D: -0.6053 Loss_G: -4.2971, Wasserstein_dist:0.7506, vae_loss_seen:249.7473 GZSL: seen=0.9067, unseen=0.2344, h=0.3725 ZSL: unseen accuracy=0.2240
[226/300]  Loss_D: -0.5778 Loss_G: -5.3986, Wasserstein_dist:0.7812, vae_loss_seen:258.7181 GZSL: seen=0.8503, unseen=0.2500, h=0.3864 ZSL: unseen accuracy=0.2292
[227/300]  Loss_D: -0.6890 Loss_G: -4.2374, Wasserstein_dist:0.9693, vae_loss_seen:260.2664 GZSL: seen=0.8940, unseen=0.2188, h=0.3515 ZSL: unseen accuracy=0.2240
[228/300]  Loss_D: -0.5751 Loss_G: -4.4451, Wasserstein_dist:0.7171, vae_loss_seen:249.0597 GZSL: seen=0.8571, unseen=0.2240, h=0.3551 ZSL: unseen accuracy=0.2240
[229/300]  Loss_D: -0.5240 Loss_G: -5.5473, Wasserstein_dist:0.7151, vae_loss_seen:255.2664 GZSL: seen=0.8671, unseen=0.0781, h=0.1433 ZSL: unseen accuracy=0.2292
[230/300]  Loss_D: -0.5832 Loss_G: -3.5532, Wasserstein_dist:0.7576, vae_loss_seen:261.0336 GZSL: seen=0.8750, unseen=0.2240, h=0.3566 ZSL: unseen accuracy=0.2344
[231/300]  Loss_D: -0.6081 Loss_G: -4.7707, Wasserstein_dist:0.7894, vae_loss_seen:245.6888 GZSL: seen=0.8265, unseen=0.2396, h=0.3715 ZSL: unseen accuracy=0.2240
[232/300]  Loss_D: -0.5303 Loss_G: -5.7597, Wasserstein_dist:0.6696, vae_loss_seen:244.6349 GZSL: seen=0.8631, unseen=0.2240, h=0.3556 ZSL: unseen accuracy=0.2344
[233/300]  Loss_D: -0.5328 Loss_G: -2.3751, Wasserstein_dist:0.7227, vae_loss_seen:250.3753 GZSL: seen=0.8373, unseen=0.2188, h=0.3469 ZSL: unseen accuracy=0.2240
[234/300]  Loss_D: -0.7207 Loss_G: -7.1919, Wasserstein_dist:0.9539, vae_loss_seen:257.3268 GZSL: seen=0.8274, unseen=0.2500, h=0.3840 ZSL: unseen accuracy=0.2396
[235/300]  Loss_D: -0.6236 Loss_G: -2.6998, Wasserstein_dist:0.8253, vae_loss_seen:252.7477 GZSL: seen=0.8452, unseen=0.2240, h=0.3541 ZSL: unseen accuracy=0.2292
[236/300]  Loss_D: -0.5538 Loss_G: -5.2876, Wasserstein_dist:0.7384, vae_loss_seen:254.3498 GZSL: seen=0.8571, unseen=0.2188, h=0.3485 ZSL: unseen accuracy=0.2344
[237/300]  Loss_D: -0.5348 Loss_G: -4.8350, Wasserstein_dist:0.7580, vae_loss_seen:248.2994 GZSL: seen=0.8889, unseen=0.2083, h=0.3376 ZSL: unseen accuracy=0.2240
[238/300]  Loss_D: -0.5555 Loss_G: -6.8606, Wasserstein_dist:0.7233, vae_loss_seen:251.9418 GZSL: seen=0.9524, unseen=0.0677, h=0.1264 ZSL: unseen accuracy=0.2344
[239/300]  Loss_D: -0.7157 Loss_G: -7.2685, Wasserstein_dist:0.9362, vae_loss_seen:255.1853 GZSL: seen=0.8552, unseen=0.2448, h=0.3806 ZSL: unseen accuracy=0.2292
[240/300]  Loss_D: -0.5775 Loss_G: -5.1635, Wasserstein_dist:0.7376, vae_loss_seen:256.0316 GZSL: seen=0.8730, unseen=0.2396, h=0.3760 ZSL: unseen accuracy=0.2292
[241/300]  Loss_D: -0.6907 Loss_G: -3.5063, Wasserstein_dist:0.8823, vae_loss_seen:252.3629 GZSL: seen=0.8730, unseen=0.2292, h=0.3630 ZSL: unseen accuracy=0.2344
[242/300]  Loss_D: -0.6763 Loss_G: -5.1048, Wasserstein_dist:0.9048, vae_loss_seen:256.2352 GZSL: seen=0.8452, unseen=0.2292, h=0.3606 ZSL: unseen accuracy=0.2240
[243/300]  Loss_D: -0.8301 Loss_G: -3.2533, Wasserstein_dist:1.1008, vae_loss_seen:258.4169 GZSL: seen=0.8750, unseen=0.2188, h=0.3500 ZSL: unseen accuracy=0.2240
[244/300]  Loss_D: -0.6274 Loss_G: -7.5709, Wasserstein_dist:0.8754, vae_loss_seen:248.4928 GZSL: seen=0.8373, unseen=0.2552, h=0.3912 ZSL: unseen accuracy=0.2240
[245/300]  Loss_D: -0.6770 Loss_G: 0.2184, Wasserstein_dist:0.9139, vae_loss_seen:260.1928 GZSL: seen=0.8690, unseen=0.2135, h=0.3428 ZSL: unseen accuracy=0.2396
[246/300]  Loss_D: -0.5327 Loss_G: -3.1200, Wasserstein_dist:0.7360, vae_loss_seen:260.2360 GZSL: seen=0.8472, unseen=0.2292, h=0.3608 ZSL: unseen accuracy=0.2344
[247/300]  Loss_D: -0.5844 Loss_G: -4.0360, Wasserstein_dist:0.7726, vae_loss_seen:253.2217 GZSL: seen=0.8710, unseen=0.2396, h=0.3758 ZSL: unseen accuracy=0.2240
[248/300]  Loss_D: -0.6022 Loss_G: -3.9456, Wasserstein_dist:0.7410, vae_loss_seen:247.5572 GZSL: seen=0.8810, unseen=0.2396, h=0.3767 ZSL: unseen accuracy=0.2240
[249/300]  Loss_D: -0.7074 Loss_G: -4.4012, Wasserstein_dist:0.8668, vae_loss_seen:264.7022 GZSL: seen=0.8889, unseen=0.2135, h=0.3444 ZSL: unseen accuracy=0.2292
[250/300]  Loss_D: -0.5646 Loss_G: -4.1581, Wasserstein_dist:0.7685, vae_loss_seen:254.5075 GZSL: seen=0.8433, unseen=0.2240, h=0.3539 ZSL: unseen accuracy=0.2188
[251/300]  Loss_D: -0.5615 Loss_G: -3.4592, Wasserstein_dist:0.7352, vae_loss_seen:254.8752 GZSL: seen=0.8710, unseen=0.2240, h=0.3563 ZSL: unseen accuracy=0.2240
[252/300]  Loss_D: -0.6713 Loss_G: -3.7156, Wasserstein_dist:0.8161, vae_loss_seen:253.0006 GZSL: seen=0.8571, unseen=0.2344, h=0.3681 ZSL: unseen accuracy=0.2344
[253/300]  Loss_D: -0.5781 Loss_G: -5.7470, Wasserstein_dist:0.7626, vae_loss_seen:245.0206 GZSL: seen=0.8889, unseen=0.0625, h=0.1168 ZSL: unseen accuracy=0.2240
[254/300]  Loss_D: -0.5342 Loss_G: -6.9704, Wasserstein_dist:0.7178, vae_loss_seen:252.1661 GZSL: seen=0.8810, unseen=0.2188, h=0.3505 ZSL: unseen accuracy=0.2344
[255/300]  Loss_D: -0.5343 Loss_G: -7.6168, Wasserstein_dist:0.7271, vae_loss_seen:258.1241 GZSL: seen=0.8503, unseen=0.2396, h=0.3738 ZSL: unseen accuracy=0.2240
[256/300]  Loss_D: -0.6852 Loss_G: -4.4404, Wasserstein_dist:0.8824, vae_loss_seen:246.9570 GZSL: seen=0.9266, unseen=0.2292, h=0.3675 ZSL: unseen accuracy=0.2240
[257/300]  Loss_D: -0.8223 Loss_G: -3.1984, Wasserstein_dist:1.1038, vae_loss_seen:250.0414 GZSL: seen=0.8651, unseen=0.2292, h=0.3623 ZSL: unseen accuracy=0.2344
[258/300]  Loss_D: -0.5339 Loss_G: -5.6479, Wasserstein_dist:0.7093, vae_loss_seen:255.1170 GZSL: seen=0.9147, unseen=0.2188, h=0.3531 ZSL: unseen accuracy=0.2240
[259/300]  Loss_D: -0.6000 Loss_G: -4.8303, Wasserstein_dist:0.7546, vae_loss_seen:251.6258 GZSL: seen=0.9048, unseen=0.2292, h=0.3657 ZSL: unseen accuracy=0.2396
[260/300]  Loss_D: -0.5751 Loss_G: -5.0176, Wasserstein_dist:0.7547, vae_loss_seen:252.9852 GZSL: seen=0.8631, unseen=0.2344, h=0.3686 ZSL: unseen accuracy=0.2500
[261/300]  Loss_D: -0.5522 Loss_G: -4.0964, Wasserstein_dist:0.7466, vae_loss_seen:248.3806 GZSL: seen=0.8929, unseen=0.2031, h=0.3310 ZSL: unseen accuracy=0.2292
[262/300]  Loss_D: -0.5742 Loss_G: -5.6264, Wasserstein_dist:0.7292, vae_loss_seen:253.6298 GZSL: seen=0.8413, unseen=0.2240, h=0.3537 ZSL: unseen accuracy=0.2188
[263/300]  Loss_D: -0.5356 Loss_G: -4.4492, Wasserstein_dist:0.6956, vae_loss_seen:260.8294 GZSL: seen=0.8929, unseen=0.2188, h=0.3514 ZSL: unseen accuracy=0.2188
[264/300]  Loss_D: -0.5350 Loss_G: -3.1326, Wasserstein_dist:0.7379, vae_loss_seen:253.7144 GZSL: seen=0.8274, unseen=0.2292, h=0.3589 ZSL: unseen accuracy=0.2240
[265/300]  Loss_D: -0.6035 Loss_G: -4.8238, Wasserstein_dist:0.7809, vae_loss_seen:257.2864 GZSL: seen=0.8294, unseen=0.2396, h=0.3718 ZSL: unseen accuracy=0.2240
[266/300]  Loss_D: -0.5666 Loss_G: -4.2769, Wasserstein_dist:0.7372, vae_loss_seen:249.0124 GZSL: seen=0.8333, unseen=0.2344, h=0.3659 ZSL: unseen accuracy=0.2292
[267/300]  Loss_D: -0.5628 Loss_G: -4.8623, Wasserstein_dist:0.7386, vae_loss_seen:254.7724 GZSL: seen=0.8948, unseen=0.2188, h=0.3516 ZSL: unseen accuracy=0.2240
[268/300]  Loss_D: -0.5651 Loss_G: -3.8909, Wasserstein_dist:0.7652, vae_loss_seen:248.5024 GZSL: seen=0.8492, unseen=0.2135, h=0.3413 ZSL: unseen accuracy=0.2240
[269/300]  Loss_D: -0.5888 Loss_G: -7.2554, Wasserstein_dist:0.7639, vae_loss_seen:247.9631 GZSL: seen=0.8433, unseen=0.2396, h=0.3731 ZSL: unseen accuracy=0.2240
[270/300]  Loss_D: -0.6515 Loss_G: -3.6914, Wasserstein_dist:0.8179, vae_loss_seen:259.0714 GZSL: seen=0.8710, unseen=0.2188, h=0.3497 ZSL: unseen accuracy=0.2240
[271/300]  Loss_D: -0.6605 Loss_G: -3.7544, Wasserstein_dist:0.8702, vae_loss_seen:259.2729 GZSL: seen=0.8373, unseen=0.2396, h=0.3726 ZSL: unseen accuracy=0.2240
[272/300]  Loss_D: -0.7065 Loss_G: -6.8988, Wasserstein_dist:1.1548, vae_loss_seen:255.2839 GZSL: seen=0.8790, unseen=0.2396, h=0.3765 ZSL: unseen accuracy=0.2240
[273/300]  Loss_D: -0.5155 Loss_G: -3.8269, Wasserstein_dist:0.6642, vae_loss_seen:249.2634 GZSL: seen=0.8710, unseen=0.2344, h=0.3694 ZSL: unseen accuracy=0.2396
[274/300]  Loss_D: -0.4485 Loss_G: -3.2076, Wasserstein_dist:0.5681, vae_loss_seen:247.3344 GZSL: seen=0.9147, unseen=0.0625, h=0.1170 ZSL: unseen accuracy=0.2240
[275/300]  Loss_D: -0.5930 Loss_G: -3.5931, Wasserstein_dist:0.8316, vae_loss_seen:258.9854 GZSL: seen=0.8889, unseen=0.2448, h=0.3839 ZSL: unseen accuracy=0.2292
[276/300]  Loss_D: -0.6169 Loss_G: -4.6568, Wasserstein_dist:0.8363, vae_loss_seen:258.8571 GZSL: seen=0.8710, unseen=0.2240, h=0.3563 ZSL: unseen accuracy=0.2188
[277/300]  Loss_D: -0.5927 Loss_G: -4.5443, Wasserstein_dist:0.7535, vae_loss_seen:251.1840 GZSL: seen=0.8571, unseen=0.2135, h=0.3419 ZSL: unseen accuracy=0.2292
[278/300]  Loss_D: -0.6754 Loss_G: -3.5236, Wasserstein_dist:0.8595, vae_loss_seen:257.4519 GZSL: seen=0.8790, unseen=0.2344, h=0.3701 ZSL: unseen accuracy=0.2292
[279/300]  Loss_D: -0.8316 Loss_G: -2.8182, Wasserstein_dist:1.1120, vae_loss_seen:260.0329 GZSL: seen=0.8929, unseen=0.2292, h=0.3647 ZSL: unseen accuracy=0.2292
[280/300]  Loss_D: -0.4683 Loss_G: -3.6820, Wasserstein_dist:0.5993, vae_loss_seen:252.8789 GZSL: seen=0.8294, unseen=0.2083, h=0.3330 ZSL: unseen accuracy=0.2292
[281/300]  Loss_D: -0.5012 Loss_G: -4.1898, Wasserstein_dist:0.6607, vae_loss_seen:261.6266 GZSL: seen=0.8849, unseen=0.2292, h=0.3641 ZSL: unseen accuracy=0.2708
[282/300]  Loss_D: -0.6029 Loss_G: -2.3954, Wasserstein_dist:0.8394, vae_loss_seen:253.1810 GZSL: seen=0.8869, unseen=0.2396, h=0.3773 ZSL: unseen accuracy=0.2240
[283/300]  Loss_D: -0.6492 Loss_G: -4.7734, Wasserstein_dist:0.9100, vae_loss_seen:259.2504 GZSL: seen=0.9345, unseen=0.2188, h=0.3545 ZSL: unseen accuracy=0.2188
[284/300]  Loss_D: -0.6272 Loss_G: -6.4467, Wasserstein_dist:0.8394, vae_loss_seen:248.4941 GZSL: seen=0.9008, unseen=0.2344, h=0.3720 ZSL: unseen accuracy=0.2240
[285/300]  Loss_D: -0.6073 Loss_G: -4.8379, Wasserstein_dist:0.7605, vae_loss_seen:258.3666 GZSL: seen=0.8571, unseen=0.2344, h=0.3681 ZSL: unseen accuracy=0.2344
[286/300]  Loss_D: -0.7145 Loss_G: -4.8759, Wasserstein_dist:0.9071, vae_loss_seen:245.2111 GZSL: seen=0.8829, unseen=0.2292, h=0.3639 ZSL: unseen accuracy=0.2240
[287/300]  Loss_D: -0.5256 Loss_G: -4.3555, Wasserstein_dist:0.6952, vae_loss_seen:250.9257 GZSL: seen=0.9008, unseen=0.2188, h=0.3520 ZSL: unseen accuracy=0.2344
[288/300]  Loss_D: -0.5957 Loss_G: -4.7636, Wasserstein_dist:0.7701, vae_loss_seen:257.1935 GZSL: seen=0.8682, unseen=0.2292, h=0.3626 ZSL: unseen accuracy=0.2344
[289/300]  Loss_D: -0.5988 Loss_G: -5.0008, Wasserstein_dist:0.7840, vae_loss_seen:253.0584 GZSL: seen=0.8095, unseen=0.2552, h=0.3881 ZSL: unseen accuracy=0.2344
[290/300]  Loss_D: -0.5560 Loss_G: -3.9669, Wasserstein_dist:0.7482, vae_loss_seen:255.5556 GZSL: seen=0.8591, unseen=0.2448, h=0.3810 ZSL: unseen accuracy=0.2292
[291/300]  Loss_D: -0.7840 Loss_G: -3.4829, Wasserstein_dist:0.9419, vae_loss_seen:261.4386 GZSL: seen=0.8810, unseen=0.2135, h=0.3438 ZSL: unseen accuracy=0.2240
[292/300]  Loss_D: -0.7538 Loss_G: -1.9131, Wasserstein_dist:0.9478, vae_loss_seen:264.6187 GZSL: seen=0.8682, unseen=0.2344, h=0.3691 ZSL: unseen accuracy=0.2240
[293/300]  Loss_D: -0.5362 Loss_G: -4.3603, Wasserstein_dist:0.7512, vae_loss_seen:257.0349 GZSL: seen=0.8433, unseen=0.2344, h=0.3668 ZSL: unseen accuracy=0.2188
[294/300]  Loss_D: -0.5777 Loss_G: -6.3125, Wasserstein_dist:0.7666, vae_loss_seen:250.3109 GZSL: seen=0.8353, unseen=0.2188, h=0.3467 ZSL: unseen accuracy=0.2188
[295/300]  Loss_D: -0.6387 Loss_G: -4.5076, Wasserstein_dist:0.8002, vae_loss_seen:252.3150 GZSL: seen=0.8603, unseen=0.0625, h=0.1165 ZSL: unseen accuracy=0.2292
[296/300]  Loss_D: -0.6404 Loss_G: -3.9839, Wasserstein_dist:0.8340, vae_loss_seen:260.6014 GZSL: seen=0.8452, unseen=0.2344, h=0.3670 ZSL: unseen accuracy=0.2292
[297/300]  Loss_D: -0.5569 Loss_G: -2.5811, Wasserstein_dist:0.7192, vae_loss_seen:258.2109 GZSL: seen=0.8651, unseen=0.2396, h=0.3752 ZSL: unseen accuracy=0.2292
[298/300]  Loss_D: -0.6275 Loss_G: -5.8117, Wasserstein_dist:0.8026, vae_loss_seen:255.5110 GZSL: seen=0.9187, unseen=0.0521, h=0.0986 ZSL: unseen accuracy=0.2240
[299/300]  Loss_D: -0.6780 Loss_G: -5.7165, Wasserstein_dist:0.8505, vae_loss_seen:248.6697 GZSL: seen=0.8571, unseen=0.2500, h=0.3871 ZSL: unseen accuracy=0.2188
Dataset RADAR
the best ZSL unseen accuracy is 0.6666666666666666
Dataset RADAR
the best GZSL seen accuracy is 0.7817460317460316
the best GZSL unseen accuracy is 0.484375
the best GZSL H is 0.5981390793339862
