Random Seed:  3407
# of training samples:  538
Encoder(
  (fc1): Linear(in_features=1792, out_features=4096, bias=True)
  (fc3): Linear(in_features=4096, out_features=1536, bias=True)
  (lrelu): LeakyReLU(0.2, inplace)
  (linear_means): Linear(in_features=1536, out_features=768, bias=True)
  (linear_log_var): Linear(in_features=1536, out_features=768, bias=True)
)
Generator(
  (fc1): Linear(in_features=1536, out_features=4096, bias=True)
  (fc3): Linear(in_features=4096, out_features=1024, bias=True)
  (lrelu): LeakyReLU(0.2, inplace)
  (sigmoid): Sigmoid()
)
Discriminator_D1(
  (fc1): Linear(in_features=1792, out_features=4096, bias=True)
  (fc2): Linear(in_features=4096, out_features=1, bias=True)
  (lrelu): LeakyReLU(0.2, inplace)
)
Feedback(
  (fc1): Linear(in_features=4096, out_features=4096, bias=True)
  (fc2): Linear(in_features=4096, out_features=4096, bias=True)
  (lrelu): LeakyReLU(0.2, inplace)
)
AttDec(
  (fc1): Linear(in_features=1024, out_features=4096, bias=True)
  (fc3): Linear(in_features=4096, out_features=768, bias=True)
  (lrelu): LeakyReLU(0.2, inplace)
)
[0/300]  Loss_D: -11.0734 Loss_G: 0.3094, Wasserstein_dist:14.0397, vae_loss_seen:475.6833 GZSL: seen=0.9277, unseen=0.2240, h=0.3608 ZSL: unseen accuracy=0.3438
[1/300]  Loss_D: -6.7602 Loss_G: -3.4214, Wasserstein_dist:8.8812, vae_loss_seen:399.5461 GZSL: seen=0.9187, unseen=0.2240, h=0.3601 ZSL: unseen accuracy=0.3333
[2/300]  Loss_D: -3.4316 Loss_G: -6.6305, Wasserstein_dist:4.4924, vae_loss_seen:346.7548 GZSL: seen=0.8730, unseen=0.3021, h=0.4489 ZSL: unseen accuracy=0.6146
[3/300]  Loss_D: -2.6693 Loss_G: -6.8786, Wasserstein_dist:3.4494, vae_loss_seen:327.8689 GZSL: seen=0.9028, unseen=0.2760, h=0.4228 ZSL: unseen accuracy=0.4792
[4/300]  Loss_D: -2.2013 Loss_G: -6.9368, Wasserstein_dist:2.8710, vae_loss_seen:313.7929 GZSL: seen=0.8710, unseen=0.2188, h=0.3497 ZSL: unseen accuracy=0.3958
[5/300]  Loss_D: -2.1112 Loss_G: -7.6571, Wasserstein_dist:2.6694, vae_loss_seen:305.2615 GZSL: seen=0.8552, unseen=0.2865, h=0.4292 ZSL: unseen accuracy=0.5208
[6/300]  Loss_D: -2.5533 Loss_G: -7.5210, Wasserstein_dist:3.0340, vae_loss_seen:296.6774 GZSL: seen=0.8730, unseen=0.1562, h=0.2651 ZSL: unseen accuracy=0.4688
[7/300]  Loss_D: -2.3584 Loss_G: -5.1686, Wasserstein_dist:2.8136, vae_loss_seen:300.4904 GZSL: seen=0.7817, unseen=0.1562, h=0.2604 ZSL: unseen accuracy=0.3333
[8/300]  Loss_D: -2.4879 Loss_G: -3.5091, Wasserstein_dist:3.0456, vae_loss_seen:301.8358 GZSL: seen=0.7381, unseen=0.3906, h=0.5109 ZSL: unseen accuracy=0.5521
[9/300]  Loss_D: -2.3506 Loss_G: -0.6998, Wasserstein_dist:2.9339, vae_loss_seen:303.1887 GZSL: seen=0.8790, unseen=0.2396, h=0.3765 ZSL: unseen accuracy=0.3906
[10/300]  Loss_D: -2.5142 Loss_G: -0.3493, Wasserstein_dist:3.1131, vae_loss_seen:298.8128 GZSL: seen=0.9206, unseen=0.2552, h=0.3996 ZSL: unseen accuracy=0.4219
[11/300]  Loss_D: -2.3842 Loss_G: 1.9416, Wasserstein_dist:2.9902, vae_loss_seen:307.1702 GZSL: seen=0.8790, unseen=0.2448, h=0.3829 ZSL: unseen accuracy=0.4375
[12/300]  Loss_D: -2.5223 Loss_G: 1.6911, Wasserstein_dist:3.3026, vae_loss_seen:300.2304 GZSL: seen=0.9167, unseen=0.2969, h=0.4485 ZSL: unseen accuracy=0.4635
[13/300]  Loss_D: -2.2948 Loss_G: 3.1610, Wasserstein_dist:2.8982, vae_loss_seen:303.5870 GZSL: seen=0.9087, unseen=0.3125, h=0.4651 ZSL: unseen accuracy=0.4948
[14/300]  Loss_D: -2.3838 Loss_G: 3.4762, Wasserstein_dist:3.0380, vae_loss_seen:304.3940 GZSL: seen=0.8861, unseen=0.3281, h=0.4789 ZSL: unseen accuracy=0.4844
[15/300]  Loss_D: -2.5514 Loss_G: 3.2557, Wasserstein_dist:3.3147, vae_loss_seen:306.9520 GZSL: seen=0.8929, unseen=0.3021, h=0.4514 ZSL: unseen accuracy=0.4948
[16/300]  Loss_D: -2.3859 Loss_G: 4.2634, Wasserstein_dist:3.0443, vae_loss_seen:315.4021 GZSL: seen=0.9107, unseen=0.3021, h=0.4537 ZSL: unseen accuracy=0.4688
[17/300]  Loss_D: -2.5280 Loss_G: 4.3673, Wasserstein_dist:3.1624, vae_loss_seen:302.8018 GZSL: seen=0.9266, unseen=0.3073, h=0.4615 ZSL: unseen accuracy=0.4583
[18/300]  Loss_D: -2.3032 Loss_G: 5.0366, Wasserstein_dist:2.8428, vae_loss_seen:299.5175 GZSL: seen=0.9325, unseen=0.2917, h=0.4444 ZSL: unseen accuracy=0.4583
[19/300]  Loss_D: -2.2752 Loss_G: 5.6594, Wasserstein_dist:2.8688, vae_loss_seen:305.3384 GZSL: seen=0.8611, unseen=0.3281, h=0.4752 ZSL: unseen accuracy=0.4792
[20/300]  Loss_D: -2.2906 Loss_G: 5.2668, Wasserstein_dist:2.8123, vae_loss_seen:290.3200 GZSL: seen=0.9266, unseen=0.2917, h=0.4437 ZSL: unseen accuracy=0.4740
[21/300]  Loss_D: -2.4250 Loss_G: 5.6206, Wasserstein_dist:3.1487, vae_loss_seen:301.4632 GZSL: seen=0.9187, unseen=0.3177, h=0.4721 ZSL: unseen accuracy=0.4740
[22/300]  Loss_D: -2.0492 Loss_G: 7.3250, Wasserstein_dist:2.4595, vae_loss_seen:296.8015 GZSL: seen=0.8948, unseen=0.3073, h=0.4575 ZSL: unseen accuracy=0.4531
[23/300]  Loss_D: -2.0828 Loss_G: 7.1035, Wasserstein_dist:2.6448, vae_loss_seen:300.4366 GZSL: seen=0.7738, unseen=0.4375, h=0.5590 ZSL: unseen accuracy=0.4635
[24/300]  Loss_D: -1.9754 Loss_G: 8.7211, Wasserstein_dist:2.4799, vae_loss_seen:300.1912 GZSL: seen=0.9325, unseen=0.2604, h=0.4071 ZSL: unseen accuracy=0.4479
[25/300]  Loss_D: -1.8765 Loss_G: 8.6874, Wasserstein_dist:2.3772, vae_loss_seen:295.1710 GZSL: seen=0.9147, unseen=0.2812, h=0.4302 ZSL: unseen accuracy=0.4583
[26/300]  Loss_D: -1.8302 Loss_G: 7.7671, Wasserstein_dist:2.3282, vae_loss_seen:297.9236 GZSL: seen=0.9385, unseen=0.2708, h=0.4204 ZSL: unseen accuracy=0.4479
[27/300]  Loss_D: -2.0104 Loss_G: 8.8137, Wasserstein_dist:2.4843, vae_loss_seen:293.1649 GZSL: seen=0.9286, unseen=0.2812, h=0.4317 ZSL: unseen accuracy=0.4531
[28/300]  Loss_D: -1.7130 Loss_G: 9.1254, Wasserstein_dist:2.1531, vae_loss_seen:295.7321 GZSL: seen=0.8016, unseen=0.3750, h=0.5110 ZSL: unseen accuracy=0.4531
[29/300]  Loss_D: -1.7495 Loss_G: 9.8645, Wasserstein_dist:2.1891, vae_loss_seen:288.6060 GZSL: seen=0.9365, unseen=0.2865, h=0.4387 ZSL: unseen accuracy=0.4583
[30/300]  Loss_D: -1.7262 Loss_G: 8.1682, Wasserstein_dist:2.2169, vae_loss_seen:279.6175 GZSL: seen=0.9385, unseen=0.2969, h=0.4511 ZSL: unseen accuracy=0.4583
[31/300]  Loss_D: -1.7408 Loss_G: 10.5965, Wasserstein_dist:2.1661, vae_loss_seen:285.3815 GZSL: seen=0.9048, unseen=0.2760, h=0.4230 ZSL: unseen accuracy=0.4427
[32/300]  Loss_D: -1.6800 Loss_G: 10.2152, Wasserstein_dist:2.1355, vae_loss_seen:279.8829 GZSL: seen=0.9563, unseen=0.2760, h=0.4284 ZSL: unseen accuracy=0.4479
[33/300]  Loss_D: -1.3355 Loss_G: 12.9176, Wasserstein_dist:1.7380, vae_loss_seen:285.4669 GZSL: seen=0.9444, unseen=0.2656, h=0.4146 ZSL: unseen accuracy=0.4479
[34/300]  Loss_D: -1.7828 Loss_G: 11.2035, Wasserstein_dist:2.2328, vae_loss_seen:286.0837 GZSL: seen=0.9266, unseen=0.2865, h=0.4376 ZSL: unseen accuracy=0.4635
[35/300]  Loss_D: -1.5813 Loss_G: 10.6756, Wasserstein_dist:1.9641, vae_loss_seen:295.3427 GZSL: seen=0.9504, unseen=0.2812, h=0.4341 ZSL: unseen accuracy=0.4479
[36/300]  Loss_D: -1.4198 Loss_G: 12.1064, Wasserstein_dist:1.8117, vae_loss_seen:286.6214 GZSL: seen=0.8067, unseen=0.3490, h=0.4872 ZSL: unseen accuracy=0.4531
[37/300]  Loss_D: -1.3571 Loss_G: 12.6862, Wasserstein_dist:1.7457, vae_loss_seen:286.7862 GZSL: seen=0.9385, unseen=0.2760, h=0.4266 ZSL: unseen accuracy=0.4531
[38/300]  Loss_D: -1.3157 Loss_G: 11.7465, Wasserstein_dist:1.7418, vae_loss_seen:286.9991 GZSL: seen=0.9246, unseen=0.2812, h=0.4313 ZSL: unseen accuracy=0.4479
[39/300]  Loss_D: -1.4498 Loss_G: 13.6832, Wasserstein_dist:1.8070, vae_loss_seen:297.8485 GZSL: seen=0.9563, unseen=0.2865, h=0.4409 ZSL: unseen accuracy=0.4635
[40/300]  Loss_D: -1.2877 Loss_G: 11.6197, Wasserstein_dist:1.6367, vae_loss_seen:291.0969 GZSL: seen=0.9127, unseen=0.2812, h=0.4300 ZSL: unseen accuracy=0.4531
[41/300]  Loss_D: -1.1148 Loss_G: 12.6722, Wasserstein_dist:1.4218, vae_loss_seen:287.3842 GZSL: seen=0.9365, unseen=0.2500, h=0.3946 ZSL: unseen accuracy=0.4531
[42/300]  Loss_D: -1.2835 Loss_G: 13.2819, Wasserstein_dist:1.6494, vae_loss_seen:296.9779 GZSL: seen=0.8988, unseen=0.2656, h=0.4101 ZSL: unseen accuracy=0.4479
[43/300]  Loss_D: -1.2032 Loss_G: 14.4049, Wasserstein_dist:1.4990, vae_loss_seen:295.0623 GZSL: seen=0.7925, unseen=0.3281, h=0.4641 ZSL: unseen accuracy=0.4271
[44/300]  Loss_D: -1.2833 Loss_G: 14.5759, Wasserstein_dist:1.6535, vae_loss_seen:280.2709 GZSL: seen=0.9365, unseen=0.2656, h=0.4139 ZSL: unseen accuracy=0.4583
[45/300]  Loss_D: -1.1106 Loss_G: 15.6851, Wasserstein_dist:1.4500, vae_loss_seen:285.1187 GZSL: seen=0.9425, unseen=0.2396, h=0.3820 ZSL: unseen accuracy=0.4479
[46/300]  Loss_D: -1.2669 Loss_G: 13.9315, Wasserstein_dist:1.6164, vae_loss_seen:282.7170 GZSL: seen=0.8047, unseen=0.2760, h=0.4111 ZSL: unseen accuracy=0.4062
[47/300]  Loss_D: -1.2096 Loss_G: 14.2785, Wasserstein_dist:1.5285, vae_loss_seen:278.7884 GZSL: seen=0.7883, unseen=0.2917, h=0.4258 ZSL: unseen accuracy=0.4062
[48/300]  Loss_D: -1.3234 Loss_G: 13.8093, Wasserstein_dist:1.6594, vae_loss_seen:285.1406 GZSL: seen=0.7888, unseen=0.2552, h=0.3856 ZSL: unseen accuracy=0.3958
[49/300]  Loss_D: -1.1128 Loss_G: 14.7293, Wasserstein_dist:1.4146, vae_loss_seen:286.7071 GZSL: seen=0.8175, unseen=0.2135, h=0.3386 ZSL: unseen accuracy=0.4062
[50/300]  Loss_D: -1.1534 Loss_G: 15.2923, Wasserstein_dist:1.4689, vae_loss_seen:281.1203 GZSL: seen=0.8254, unseen=0.3542, h=0.4957 ZSL: unseen accuracy=0.4271
[51/300]  Loss_D: -1.2532 Loss_G: 16.2117, Wasserstein_dist:1.5497, vae_loss_seen:285.6158 GZSL: seen=0.7937, unseen=0.2344, h=0.3619 ZSL: unseen accuracy=0.3802
[52/300]  Loss_D: -1.1122 Loss_G: 16.1095, Wasserstein_dist:1.4239, vae_loss_seen:290.0053 GZSL: seen=0.7698, unseen=0.1719, h=0.2810 ZSL: unseen accuracy=0.4115
[53/300]  Loss_D: -1.1853 Loss_G: 16.0874, Wasserstein_dist:1.5156, vae_loss_seen:293.9036 GZSL: seen=0.8095, unseen=0.2500, h=0.3820 ZSL: unseen accuracy=0.3646
[54/300]  Loss_D: -1.4153 Loss_G: 15.9205, Wasserstein_dist:1.7781, vae_loss_seen:290.8423 GZSL: seen=0.8175, unseen=0.3542, h=0.4942 ZSL: unseen accuracy=0.3802
[55/300]  Loss_D: -1.0954 Loss_G: 16.9464, Wasserstein_dist:1.4474, vae_loss_seen:294.1590 GZSL: seen=0.8036, unseen=0.2292, h=0.3566 ZSL: unseen accuracy=0.4167
[56/300]  Loss_D: -0.9225 Loss_G: 17.7565, Wasserstein_dist:1.1771, vae_loss_seen:280.1093 GZSL: seen=0.7888, unseen=0.1771, h=0.2892 ZSL: unseen accuracy=0.3750
[57/300]  Loss_D: -1.1932 Loss_G: 17.5580, Wasserstein_dist:1.5168, vae_loss_seen:284.2256 GZSL: seen=0.7817, unseen=0.2031, h=0.3225 ZSL: unseen accuracy=0.3854
[58/300]  Loss_D: -1.0436 Loss_G: 17.3784, Wasserstein_dist:1.3641, vae_loss_seen:283.6297 GZSL: seen=0.9603, unseen=0.0677, h=0.1265 ZSL: unseen accuracy=0.3021
[59/300]  Loss_D: -0.9475 Loss_G: 17.8466, Wasserstein_dist:1.2537, vae_loss_seen:277.0562 GZSL: seen=0.8175, unseen=0.2083, h=0.3320 ZSL: unseen accuracy=0.3750
[60/300]  Loss_D: -1.0243 Loss_G: 17.6726, Wasserstein_dist:1.3397, vae_loss_seen:293.0599 GZSL: seen=0.8036, unseen=0.2396, h=0.3691 ZSL: unseen accuracy=0.2604
[61/300]  Loss_D: -1.0343 Loss_G: 16.6615, Wasserstein_dist:1.3632, vae_loss_seen:278.2299 GZSL: seen=0.8007, unseen=0.2135, h=0.3372 ZSL: unseen accuracy=0.3333
[62/300]  Loss_D: -1.1267 Loss_G: 17.6605, Wasserstein_dist:1.4242, vae_loss_seen:282.1945 GZSL: seen=0.8135, unseen=0.2708, h=0.4064 ZSL: unseen accuracy=0.2448
[63/300]  Loss_D: -1.1493 Loss_G: 17.5851, Wasserstein_dist:1.4472, vae_loss_seen:287.4919 GZSL: seen=0.9504, unseen=0.0938, h=0.1707 ZSL: unseen accuracy=0.2448
[64/300]  Loss_D: -1.1132 Loss_G: 17.7022, Wasserstein_dist:1.4439, vae_loss_seen:283.3020 GZSL: seen=0.8532, unseen=0.1979, h=0.3213 ZSL: unseen accuracy=0.3802
[65/300]  Loss_D: -0.9930 Loss_G: 16.2547, Wasserstein_dist:1.3007, vae_loss_seen:278.7089 GZSL: seen=0.8175, unseen=0.1771, h=0.2911 ZSL: unseen accuracy=0.2604
[66/300]  Loss_D: -1.1229 Loss_G: 16.8949, Wasserstein_dist:1.4371, vae_loss_seen:276.8374 GZSL: seen=0.7976, unseen=0.2552, h=0.3867 ZSL: unseen accuracy=0.2500
[67/300]  Loss_D: -1.0377 Loss_G: 17.6260, Wasserstein_dist:1.3490, vae_loss_seen:284.1627 GZSL: seen=0.8075, unseen=0.2083, h=0.3312 ZSL: unseen accuracy=0.2604
[68/300]  Loss_D: -0.9970 Loss_G: 17.8621, Wasserstein_dist:1.3220, vae_loss_seen:283.7122 GZSL: seen=0.8194, unseen=0.1979, h=0.3188 ZSL: unseen accuracy=0.2396
[69/300]  Loss_D: -0.9994 Loss_G: 17.4595, Wasserstein_dist:1.3034, vae_loss_seen:276.9321 GZSL: seen=0.7976, unseen=0.2135, h=0.3369 ZSL: unseen accuracy=0.2292
[70/300]  Loss_D: -1.1709 Loss_G: 17.8587, Wasserstein_dist:1.4539, vae_loss_seen:285.0641 GZSL: seen=0.8067, unseen=0.3177, h=0.4559 ZSL: unseen accuracy=0.2292
[71/300]  Loss_D: -1.0681 Loss_G: 18.0975, Wasserstein_dist:1.3322, vae_loss_seen:286.7173 GZSL: seen=0.8234, unseen=0.2240, h=0.3521 ZSL: unseen accuracy=0.2292
[72/300]  Loss_D: -1.0053 Loss_G: 17.9150, Wasserstein_dist:1.2855, vae_loss_seen:282.5689 GZSL: seen=0.8075, unseen=0.2188, h=0.3442 ZSL: unseen accuracy=0.3490
[73/300]  Loss_D: -0.9909 Loss_G: 17.9536, Wasserstein_dist:1.2929, vae_loss_seen:281.4834 GZSL: seen=0.7619, unseen=0.2083, h=0.3272 ZSL: unseen accuracy=0.2344
[74/300]  Loss_D: -1.0961 Loss_G: 17.4260, Wasserstein_dist:1.3844, vae_loss_seen:291.5509 GZSL: seen=0.8075, unseen=0.2396, h=0.3695 ZSL: unseen accuracy=0.2240
[75/300]  Loss_D: -1.2356 Loss_G: 19.7775, Wasserstein_dist:1.6511, vae_loss_seen:278.6260 GZSL: seen=0.8571, unseen=0.2344, h=0.3681 ZSL: unseen accuracy=0.3385
[76/300]  Loss_D: -1.0086 Loss_G: 19.2245, Wasserstein_dist:1.3432, vae_loss_seen:286.1924 GZSL: seen=0.8206, unseen=0.2969, h=0.4360 ZSL: unseen accuracy=0.2500
[77/300]  Loss_D: -1.0615 Loss_G: 18.9663, Wasserstein_dist:1.3604, vae_loss_seen:281.6205 GZSL: seen=0.7758, unseen=0.2188, h=0.3413 ZSL: unseen accuracy=0.2344
[78/300]  Loss_D: -1.0851 Loss_G: 18.1582, Wasserstein_dist:1.3666, vae_loss_seen:279.7425 GZSL: seen=0.7659, unseen=0.2135, h=0.3340 ZSL: unseen accuracy=0.2292
[79/300]  Loss_D: -0.9970 Loss_G: 19.0880, Wasserstein_dist:1.3350, vae_loss_seen:282.7034 GZSL: seen=0.7968, unseen=0.2135, h=0.3368 ZSL: unseen accuracy=0.2344
[80/300]  Loss_D: -1.0319 Loss_G: 19.0280, Wasserstein_dist:1.3247, vae_loss_seen:283.3169 GZSL: seen=0.7401, unseen=0.2344, h=0.3560 ZSL: unseen accuracy=0.2396
[81/300]  Loss_D: -1.1225 Loss_G: 18.3924, Wasserstein_dist:1.4180, vae_loss_seen:280.5068 GZSL: seen=0.8056, unseen=0.2240, h=0.3505 ZSL: unseen accuracy=0.2240
[82/300]  Loss_D: -0.9650 Loss_G: 19.0268, Wasserstein_dist:1.2782, vae_loss_seen:285.9413 GZSL: seen=0.8532, unseen=0.2188, h=0.3482 ZSL: unseen accuracy=0.2292
[83/300]  Loss_D: -0.9894 Loss_G: 18.0004, Wasserstein_dist:1.3124, vae_loss_seen:285.1351 GZSL: seen=0.7698, unseen=0.2083, h=0.3279 ZSL: unseen accuracy=0.2240
[84/300]  Loss_D: -0.9494 Loss_G: 18.2668, Wasserstein_dist:1.2293, vae_loss_seen:280.0238 GZSL: seen=0.8087, unseen=0.2500, h=0.3819 ZSL: unseen accuracy=0.2292
[85/300]  Loss_D: -0.9154 Loss_G: 18.5451, Wasserstein_dist:1.1862, vae_loss_seen:272.9129 GZSL: seen=0.8492, unseen=0.0729, h=0.1343 ZSL: unseen accuracy=0.2396
[86/300]  Loss_D: -0.8354 Loss_G: 18.1715, Wasserstein_dist:1.0884, vae_loss_seen:273.1045 GZSL: seen=0.8075, unseen=0.2396, h=0.3695 ZSL: unseen accuracy=0.2292
[87/300]  Loss_D: -1.0496 Loss_G: 17.7014, Wasserstein_dist:1.3457, vae_loss_seen:281.4787 GZSL: seen=0.8472, unseen=0.2552, h=0.3923 ZSL: unseen accuracy=0.2396
[88/300]  Loss_D: -0.7778 Loss_G: 17.5430, Wasserstein_dist:1.0628, vae_loss_seen:276.3184 GZSL: seen=0.8075, unseen=0.2604, h=0.3938 ZSL: unseen accuracy=0.2344
[89/300]  Loss_D: -0.9961 Loss_G: 16.7518, Wasserstein_dist:1.2744, vae_loss_seen:279.0760 GZSL: seen=0.7917, unseen=0.2031, h=0.3233 ZSL: unseen accuracy=0.2240
[90/300]  Loss_D: -0.9535 Loss_G: 17.7213, Wasserstein_dist:1.2570, vae_loss_seen:274.4754 GZSL: seen=0.8999, unseen=0.0781, h=0.1438 ZSL: unseen accuracy=0.2292
[91/300]  Loss_D: -0.9681 Loss_G: 16.8359, Wasserstein_dist:1.2490, vae_loss_seen:278.9151 GZSL: seen=0.8234, unseen=0.2240, h=0.3521 ZSL: unseen accuracy=0.2448
[92/300]  Loss_D: -0.9296 Loss_G: 17.3746, Wasserstein_dist:1.2128, vae_loss_seen:272.9562 GZSL: seen=0.8503, unseen=0.2396, h=0.3738 ZSL: unseen accuracy=0.2396
[93/300]  Loss_D: -1.0522 Loss_G: 17.2377, Wasserstein_dist:1.3374, vae_loss_seen:283.3139 GZSL: seen=0.8036, unseen=0.2292, h=0.3566 ZSL: unseen accuracy=0.2240
[94/300]  Loss_D: -0.9385 Loss_G: 17.4703, Wasserstein_dist:1.2563, vae_loss_seen:270.4100 GZSL: seen=0.7500, unseen=0.2344, h=0.3571 ZSL: unseen accuracy=0.2396
[95/300]  Loss_D: -0.8802 Loss_G: 18.3118, Wasserstein_dist:1.1600, vae_loss_seen:276.4972 GZSL: seen=0.8333, unseen=0.2135, h=0.3400 ZSL: unseen accuracy=0.2292
[96/300]  Loss_D: -1.0411 Loss_G: 17.7708, Wasserstein_dist:1.3102, vae_loss_seen:286.1410 GZSL: seen=0.8115, unseen=0.0833, h=0.1511 ZSL: unseen accuracy=0.2500
[97/300]  Loss_D: -1.0181 Loss_G: 17.2337, Wasserstein_dist:1.3014, vae_loss_seen:272.2687 GZSL: seen=0.8393, unseen=0.2500, h=0.3852 ZSL: unseen accuracy=0.2344
[98/300]  Loss_D: -0.9861 Loss_G: 17.8944, Wasserstein_dist:1.2614, vae_loss_seen:283.8761 GZSL: seen=0.8175, unseen=0.2344, h=0.3643 ZSL: unseen accuracy=0.2292
[99/300]  Loss_D: -0.8779 Loss_G: 16.7606, Wasserstein_dist:1.1566, vae_loss_seen:271.4353 GZSL: seen=0.8274, unseen=0.2292, h=0.3589 ZSL: unseen accuracy=0.2292
[100/300]  Loss_D: -1.1688 Loss_G: 17.0118, Wasserstein_dist:1.4125, vae_loss_seen:280.2980 GZSL: seen=0.8313, unseen=0.2188, h=0.3464 ZSL: unseen accuracy=0.2240
[101/300]  Loss_D: -0.9067 Loss_G: 17.6640, Wasserstein_dist:1.1789, vae_loss_seen:279.2284 GZSL: seen=0.7829, unseen=0.2344, h=0.3608 ZSL: unseen accuracy=0.2292
[102/300]  Loss_D: -0.9091 Loss_G: 16.5486, Wasserstein_dist:1.1543, vae_loss_seen:274.7667 GZSL: seen=0.8313, unseen=0.2344, h=0.3657 ZSL: unseen accuracy=0.2344
[103/300]  Loss_D: -0.9399 Loss_G: 16.4455, Wasserstein_dist:1.1752, vae_loss_seen:272.9792 GZSL: seen=0.8571, unseen=0.2292, h=0.3616 ZSL: unseen accuracy=0.2292
[104/300]  Loss_D: -0.9132 Loss_G: 17.9723, Wasserstein_dist:1.2421, vae_loss_seen:285.4300 GZSL: seen=0.8413, unseen=0.2240, h=0.3537 ZSL: unseen accuracy=0.2292
[105/300]  Loss_D: -0.8627 Loss_G: 16.5126, Wasserstein_dist:1.1575, vae_loss_seen:274.1988 GZSL: seen=0.7798, unseen=0.2292, h=0.3542 ZSL: unseen accuracy=0.2396
[106/300]  Loss_D: -0.8969 Loss_G: 16.9707, Wasserstein_dist:1.1596, vae_loss_seen:276.2416 GZSL: seen=0.8472, unseen=0.2240, h=0.3543 ZSL: unseen accuracy=0.2292
[107/300]  Loss_D: -1.0765 Loss_G: 16.2852, Wasserstein_dist:1.4034, vae_loss_seen:282.4283 GZSL: seen=0.7758, unseen=0.2240, h=0.3476 ZSL: unseen accuracy=0.2292
[108/300]  Loss_D: -1.1505 Loss_G: 15.8467, Wasserstein_dist:1.4377, vae_loss_seen:278.2132 GZSL: seen=0.8254, unseen=0.2604, h=0.3959 ZSL: unseen accuracy=0.2344
[109/300]  Loss_D: -0.8306 Loss_G: 16.8647, Wasserstein_dist:1.1032, vae_loss_seen:279.5731 GZSL: seen=0.8393, unseen=0.2292, h=0.3600 ZSL: unseen accuracy=0.2292
[110/300]  Loss_D: -0.8792 Loss_G: 15.8115, Wasserstein_dist:1.1278, vae_loss_seen:272.6424 GZSL: seen=0.8135, unseen=0.2396, h=0.3702 ZSL: unseen accuracy=0.2188
[111/300]  Loss_D: -1.1271 Loss_G: 16.0804, Wasserstein_dist:1.4006, vae_loss_seen:290.4165 GZSL: seen=0.8433, unseen=0.2500, h=0.3857 ZSL: unseen accuracy=0.2344
[112/300]  Loss_D: -0.9381 Loss_G: 15.8451, Wasserstein_dist:1.2090, vae_loss_seen:275.3613 GZSL: seen=0.8651, unseen=0.2292, h=0.3623 ZSL: unseen accuracy=0.2292
[113/300]  Loss_D: -1.0269 Loss_G: 16.2492, Wasserstein_dist:1.3041, vae_loss_seen:281.5623 GZSL: seen=0.8492, unseen=0.2396, h=0.3737 ZSL: unseen accuracy=0.2344
[114/300]  Loss_D: -0.9114 Loss_G: 14.8327, Wasserstein_dist:1.1894, vae_loss_seen:266.9591 GZSL: seen=0.8294, unseen=0.2240, h=0.3527 ZSL: unseen accuracy=0.2344
[115/300]  Loss_D: -1.0273 Loss_G: 15.5502, Wasserstein_dist:1.2698, vae_loss_seen:268.9305 GZSL: seen=0.8155, unseen=0.2240, h=0.3514 ZSL: unseen accuracy=0.2292
[116/300]  Loss_D: -0.8987 Loss_G: 15.7796, Wasserstein_dist:1.1748, vae_loss_seen:278.6822 GZSL: seen=0.8254, unseen=0.2500, h=0.3838 ZSL: unseen accuracy=0.2292
[117/300]  Loss_D: -0.9303 Loss_G: 14.4202, Wasserstein_dist:1.1645, vae_loss_seen:271.2353 GZSL: seen=0.7798, unseen=0.2292, h=0.3542 ZSL: unseen accuracy=0.2292
[118/300]  Loss_D: -0.9333 Loss_G: 15.1681, Wasserstein_dist:1.2084, vae_loss_seen:275.7767 GZSL: seen=0.8194, unseen=0.2396, h=0.3708 ZSL: unseen accuracy=0.2396
[119/300]  Loss_D: -0.7938 Loss_G: 16.0200, Wasserstein_dist:1.0512, vae_loss_seen:279.6613 GZSL: seen=0.8016, unseen=0.2188, h=0.3437 ZSL: unseen accuracy=0.2344
[120/300]  Loss_D: -0.8572 Loss_G: 15.6836, Wasserstein_dist:1.1470, vae_loss_seen:274.3010 GZSL: seen=0.8631, unseen=0.0677, h=0.1256 ZSL: unseen accuracy=0.2292
[121/300]  Loss_D: -1.0426 Loss_G: 15.2780, Wasserstein_dist:1.3176, vae_loss_seen:269.3894 GZSL: seen=0.8889, unseen=0.2240, h=0.3578 ZSL: unseen accuracy=0.2292
[122/300]  Loss_D: -1.0680 Loss_G: 14.5861, Wasserstein_dist:1.4284, vae_loss_seen:277.2526 GZSL: seen=0.7738, unseen=0.2552, h=0.3838 ZSL: unseen accuracy=0.2292
[123/300]  Loss_D: -0.9908 Loss_G: 14.4214, Wasserstein_dist:1.3000, vae_loss_seen:270.9959 GZSL: seen=0.7877, unseen=0.2188, h=0.3424 ZSL: unseen accuracy=0.2292
[124/300]  Loss_D: -0.8228 Loss_G: 14.7303, Wasserstein_dist:1.0491, vae_loss_seen:273.3433 GZSL: seen=0.9008, unseen=0.2135, h=0.3452 ZSL: unseen accuracy=0.2292
[125/300]  Loss_D: -0.8272 Loss_G: 15.6453, Wasserstein_dist:1.0848, vae_loss_seen:267.9808 GZSL: seen=0.8492, unseen=0.2188, h=0.3479 ZSL: unseen accuracy=0.2344
[126/300]  Loss_D: -0.9489 Loss_G: 14.7887, Wasserstein_dist:1.2524, vae_loss_seen:276.4140 GZSL: seen=0.8234, unseen=0.2344, h=0.3649 ZSL: unseen accuracy=0.2292
[127/300]  Loss_D: -0.7784 Loss_G: 15.6890, Wasserstein_dist:1.0222, vae_loss_seen:265.0898 GZSL: seen=0.8155, unseen=0.2240, h=0.3514 ZSL: unseen accuracy=0.2292
[128/300]  Loss_D: -0.8522 Loss_G: 14.8825, Wasserstein_dist:1.0991, vae_loss_seen:276.4202 GZSL: seen=0.8651, unseen=0.2240, h=0.3558 ZSL: unseen accuracy=0.2292
[129/300]  Loss_D: -0.8224 Loss_G: 14.0338, Wasserstein_dist:1.0807, vae_loss_seen:272.5288 GZSL: seen=0.8452, unseen=0.2448, h=0.3796 ZSL: unseen accuracy=0.2292
[130/300]  Loss_D: -0.8819 Loss_G: 14.0715, Wasserstein_dist:1.1420, vae_loss_seen:272.0586 GZSL: seen=0.8305, unseen=0.2292, h=0.3592 ZSL: unseen accuracy=0.2292
[131/300]  Loss_D: -0.8421 Loss_G: 14.1335, Wasserstein_dist:1.1024, vae_loss_seen:280.5694 GZSL: seen=0.7937, unseen=0.2344, h=0.3619 ZSL: unseen accuracy=0.2292
[132/300]  Loss_D: -0.8090 Loss_G: 14.5693, Wasserstein_dist:1.0819, vae_loss_seen:276.2030 GZSL: seen=0.8175, unseen=0.2448, h=0.3768 ZSL: unseen accuracy=0.2344
[133/300]  Loss_D: -0.9132 Loss_G: 13.9895, Wasserstein_dist:1.1753, vae_loss_seen:275.4043 GZSL: seen=0.8770, unseen=0.2292, h=0.3634 ZSL: unseen accuracy=0.2292
[134/300]  Loss_D: -1.1015 Loss_G: 13.7516, Wasserstein_dist:1.3737, vae_loss_seen:266.2884 GZSL: seen=0.8056, unseen=0.2344, h=0.3631 ZSL: unseen accuracy=0.2292
[135/300]  Loss_D: -0.8939 Loss_G: 13.1926, Wasserstein_dist:1.1253, vae_loss_seen:275.8186 GZSL: seen=0.8135, unseen=0.2292, h=0.3576 ZSL: unseen accuracy=0.2344
[136/300]  Loss_D: -0.9733 Loss_G: 13.8284, Wasserstein_dist:1.2637, vae_loss_seen:275.8634 GZSL: seen=0.8135, unseen=0.2292, h=0.3576 ZSL: unseen accuracy=0.2292
[137/300]  Loss_D: -0.8915 Loss_G: 13.8193, Wasserstein_dist:1.1573, vae_loss_seen:282.1294 GZSL: seen=0.8333, unseen=0.2656, h=0.4028 ZSL: unseen accuracy=0.2344
[138/300]  Loss_D: -0.8514 Loss_G: 12.7834, Wasserstein_dist:1.1474, vae_loss_seen:269.1352 GZSL: seen=0.7798, unseen=0.2344, h=0.3604 ZSL: unseen accuracy=0.2292
[139/300]  Loss_D: -0.6992 Loss_G: 13.6139, Wasserstein_dist:0.9398, vae_loss_seen:267.5390 GZSL: seen=0.8313, unseen=0.2396, h=0.3720 ZSL: unseen accuracy=0.2292
[140/300]  Loss_D: -0.7810 Loss_G: 13.2118, Wasserstein_dist:1.0336, vae_loss_seen:268.3102 GZSL: seen=0.8464, unseen=0.2344, h=0.3671 ZSL: unseen accuracy=0.2292
[141/300]  Loss_D: -0.9782 Loss_G: 11.4753, Wasserstein_dist:1.2204, vae_loss_seen:274.5409 GZSL: seen=0.8909, unseen=0.2188, h=0.3513 ZSL: unseen accuracy=0.2292
[142/300]  Loss_D: -0.7565 Loss_G: 12.7241, Wasserstein_dist:1.0349, vae_loss_seen:274.4821 GZSL: seen=0.8790, unseen=0.2344, h=0.3701 ZSL: unseen accuracy=0.2292
[143/300]  Loss_D: -0.8597 Loss_G: 12.9288, Wasserstein_dist:1.1114, vae_loss_seen:274.4518 GZSL: seen=0.7956, unseen=0.2344, h=0.3621 ZSL: unseen accuracy=0.2292
[144/300]  Loss_D: -0.7285 Loss_G: 13.3530, Wasserstein_dist:0.9974, vae_loss_seen:273.1096 GZSL: seen=0.8948, unseen=0.2396, h=0.3780 ZSL: unseen accuracy=0.2292
[145/300]  Loss_D: -0.8953 Loss_G: 13.8399, Wasserstein_dist:1.1556, vae_loss_seen:280.8102 GZSL: seen=0.8274, unseen=0.2240, h=0.3525 ZSL: unseen accuracy=0.2292
[146/300]  Loss_D: -0.9039 Loss_G: 13.3492, Wasserstein_dist:1.2608, vae_loss_seen:279.6287 GZSL: seen=0.7917, unseen=0.2240, h=0.3491 ZSL: unseen accuracy=0.2396
[147/300]  Loss_D: -0.9055 Loss_G: 14.0750, Wasserstein_dist:1.2132, vae_loss_seen:268.9658 GZSL: seen=0.9147, unseen=0.2240, h=0.3598 ZSL: unseen accuracy=0.2292
[148/300]  Loss_D: -0.7833 Loss_G: 13.6281, Wasserstein_dist:1.0143, vae_loss_seen:268.2292 GZSL: seen=0.8393, unseen=0.2188, h=0.3470 ZSL: unseen accuracy=0.2292
[149/300]  Loss_D: -0.9473 Loss_G: 13.5415, Wasserstein_dist:1.2546, vae_loss_seen:274.6314 GZSL: seen=0.8492, unseen=0.2240, h=0.3544 ZSL: unseen accuracy=0.2292
[150/300]  Loss_D: -0.8581 Loss_G: 11.8605, Wasserstein_dist:1.1088, vae_loss_seen:268.5630 GZSL: seen=0.8909, unseen=0.2188, h=0.3513 ZSL: unseen accuracy=0.2292
[151/300]  Loss_D: -0.7709 Loss_G: 11.9620, Wasserstein_dist:1.0693, vae_loss_seen:273.5887 GZSL: seen=0.8175, unseen=0.2292, h=0.3580 ZSL: unseen accuracy=0.2292
[152/300]  Loss_D: -0.8450 Loss_G: 12.1649, Wasserstein_dist:1.1124, vae_loss_seen:277.7701 GZSL: seen=0.8492, unseen=0.2240, h=0.3544 ZSL: unseen accuracy=0.2552
[153/300]  Loss_D: -0.9585 Loss_G: 12.4272, Wasserstein_dist:1.2122, vae_loss_seen:278.1891 GZSL: seen=0.8452, unseen=0.2240, h=0.3541 ZSL: unseen accuracy=0.2344
[154/300]  Loss_D: -1.0440 Loss_G: 11.8101, Wasserstein_dist:1.3131, vae_loss_seen:277.9316 GZSL: seen=0.7917, unseen=0.2292, h=0.3554 ZSL: unseen accuracy=0.2344
[155/300]  Loss_D: -0.7720 Loss_G: 11.9193, Wasserstein_dist:1.0839, vae_loss_seen:269.9661 GZSL: seen=0.8543, unseen=0.2135, h=0.3417 ZSL: unseen accuracy=0.2292
[156/300]  Loss_D: -0.8004 Loss_G: 11.4857, Wasserstein_dist:1.0823, vae_loss_seen:272.8923 GZSL: seen=0.8512, unseen=0.2396, h=0.3739 ZSL: unseen accuracy=0.2344
[157/300]  Loss_D: -0.9272 Loss_G: 11.7646, Wasserstein_dist:1.1813, vae_loss_seen:281.5836 GZSL: seen=0.8155, unseen=0.2240, h=0.3514 ZSL: unseen accuracy=0.2292
[158/300]  Loss_D: -0.8062 Loss_G: 11.9175, Wasserstein_dist:1.0368, vae_loss_seen:268.9769 GZSL: seen=0.8571, unseen=0.2344, h=0.3681 ZSL: unseen accuracy=0.2292
[159/300]  Loss_D: -0.8065 Loss_G: 11.2341, Wasserstein_dist:1.0361, vae_loss_seen:265.5769 GZSL: seen=0.8722, unseen=0.2448, h=0.3823 ZSL: unseen accuracy=0.2344
[160/300]  Loss_D: -0.8311 Loss_G: 12.1526, Wasserstein_dist:1.1095, vae_loss_seen:271.9782 GZSL: seen=0.8512, unseen=0.2135, h=0.3414 ZSL: unseen accuracy=0.2292
[161/300]  Loss_D: -0.9637 Loss_G: 10.9283, Wasserstein_dist:1.2018, vae_loss_seen:276.3228 GZSL: seen=0.8206, unseen=0.3177, h=0.4581 ZSL: unseen accuracy=0.2292
[162/300]  Loss_D: -0.7292 Loss_G: 10.5829, Wasserstein_dist:1.0236, vae_loss_seen:270.6092 GZSL: seen=0.8611, unseen=0.2344, h=0.3685 ZSL: unseen accuracy=0.2344
[163/300]  Loss_D: -0.8122 Loss_G: 11.6400, Wasserstein_dist:1.0494, vae_loss_seen:272.9680 GZSL: seen=0.8333, unseen=0.2344, h=0.3659 ZSL: unseen accuracy=0.2292
[164/300]  Loss_D: -0.7255 Loss_G: 10.4401, Wasserstein_dist:0.9554, vae_loss_seen:260.4855 GZSL: seen=0.8591, unseen=0.2396, h=0.3747 ZSL: unseen accuracy=0.2344
[165/300]  Loss_D: -0.8122 Loss_G: 11.8108, Wasserstein_dist:1.0591, vae_loss_seen:270.1392 GZSL: seen=0.7718, unseen=0.2500, h=0.3777 ZSL: unseen accuracy=0.2292
[166/300]  Loss_D: -0.8422 Loss_G: 10.7848, Wasserstein_dist:1.1000, vae_loss_seen:275.1346 GZSL: seen=0.8333, unseen=0.2240, h=0.3530 ZSL: unseen accuracy=0.2292
[167/300]  Loss_D: -0.8231 Loss_G: 11.1238, Wasserstein_dist:1.0420, vae_loss_seen:267.7590 GZSL: seen=0.8948, unseen=0.2344, h=0.3715 ZSL: unseen accuracy=0.2396
[168/300]  Loss_D: -0.8645 Loss_G: 11.3965, Wasserstein_dist:1.1057, vae_loss_seen:265.5460 GZSL: seen=0.9028, unseen=0.2292, h=0.3655 ZSL: unseen accuracy=0.2448
[169/300]  Loss_D: -0.8102 Loss_G: 11.2048, Wasserstein_dist:1.0498, vae_loss_seen:267.8258 GZSL: seen=0.8710, unseen=0.2344, h=0.3694 ZSL: unseen accuracy=0.2292
[170/300]  Loss_D: -0.8412 Loss_G: 9.8913, Wasserstein_dist:1.1181, vae_loss_seen:271.9011 GZSL: seen=0.8194, unseen=0.2188, h=0.3453 ZSL: unseen accuracy=0.2292
[171/300]  Loss_D: -0.6891 Loss_G: 9.8525, Wasserstein_dist:0.9369, vae_loss_seen:265.6750 GZSL: seen=0.8373, unseen=0.2344, h=0.3662 ZSL: unseen accuracy=0.2240
[172/300]  Loss_D: -0.8095 Loss_G: 10.5636, Wasserstein_dist:1.0696, vae_loss_seen:274.0649 GZSL: seen=0.8294, unseen=0.2292, h=0.3591 ZSL: unseen accuracy=0.2240
[173/300]  Loss_D: -0.8155 Loss_G: 9.9777, Wasserstein_dist:1.0519, vae_loss_seen:274.7428 GZSL: seen=0.8333, unseen=0.2448, h=0.3784 ZSL: unseen accuracy=0.2292
[174/300]  Loss_D: -0.7096 Loss_G: 12.1783, Wasserstein_dist:0.9091, vae_loss_seen:269.5500 GZSL: seen=0.8552, unseen=0.1562, h=0.2642 ZSL: unseen accuracy=0.2292
[175/300]  Loss_D: -0.7862 Loss_G: 11.2475, Wasserstein_dist:1.0494, vae_loss_seen:269.8994 GZSL: seen=0.8433, unseen=0.2396, h=0.3731 ZSL: unseen accuracy=0.2292
[176/300]  Loss_D: -0.9375 Loss_G: 10.3826, Wasserstein_dist:1.1801, vae_loss_seen:265.2468 GZSL: seen=0.9067, unseen=0.2188, h=0.3525 ZSL: unseen accuracy=0.2292
[177/300]  Loss_D: -0.9213 Loss_G: 11.9857, Wasserstein_dist:1.2002, vae_loss_seen:274.9360 GZSL: seen=0.7956, unseen=0.2292, h=0.3558 ZSL: unseen accuracy=0.2292
[178/300]  Loss_D: -0.8145 Loss_G: 10.1692, Wasserstein_dist:1.0467, vae_loss_seen:270.4258 GZSL: seen=0.8571, unseen=0.2344, h=0.3681 ZSL: unseen accuracy=0.2292
[179/300]  Loss_D: -0.7114 Loss_G: 10.2927, Wasserstein_dist:0.9382, vae_loss_seen:263.2073 GZSL: seen=0.8095, unseen=0.2500, h=0.3820 ZSL: unseen accuracy=0.2344
[180/300]  Loss_D: -0.6992 Loss_G: 9.5043, Wasserstein_dist:0.9272, vae_loss_seen:263.8458 GZSL: seen=0.8194, unseen=0.2188, h=0.3453 ZSL: unseen accuracy=0.2240
[181/300]  Loss_D: -0.7806 Loss_G: 10.5356, Wasserstein_dist:0.9915, vae_loss_seen:267.9384 GZSL: seen=0.8095, unseen=0.2292, h=0.3572 ZSL: unseen accuracy=0.2292
[182/300]  Loss_D: -0.8135 Loss_G: 10.4900, Wasserstein_dist:1.0657, vae_loss_seen:266.8360 GZSL: seen=0.8333, unseen=0.2396, h=0.3722 ZSL: unseen accuracy=0.2344
[183/300]  Loss_D: -0.9039 Loss_G: 9.7136, Wasserstein_dist:1.1503, vae_loss_seen:269.4864 GZSL: seen=0.8056, unseen=0.2292, h=0.3568 ZSL: unseen accuracy=0.2240
[184/300]  Loss_D: -0.7543 Loss_G: 10.2161, Wasserstein_dist:1.0415, vae_loss_seen:268.8682 GZSL: seen=0.8087, unseen=0.2292, h=0.3571 ZSL: unseen accuracy=0.2292
[185/300]  Loss_D: -0.7801 Loss_G: 9.2187, Wasserstein_dist:1.0265, vae_loss_seen:260.3686 GZSL: seen=0.7996, unseen=0.2292, h=0.3562 ZSL: unseen accuracy=0.2292
[186/300]  Loss_D: -0.8824 Loss_G: 9.8645, Wasserstein_dist:1.1483, vae_loss_seen:273.8813 GZSL: seen=0.9087, unseen=0.2188, h=0.3526 ZSL: unseen accuracy=0.2240
[187/300]  Loss_D: -0.8400 Loss_G: 8.8632, Wasserstein_dist:1.0688, vae_loss_seen:262.7048 GZSL: seen=0.8265, unseen=0.2240, h=0.3524 ZSL: unseen accuracy=0.2188
[188/300]  Loss_D: -0.8205 Loss_G: 9.4504, Wasserstein_dist:1.0571, vae_loss_seen:272.5070 GZSL: seen=0.7837, unseen=0.2292, h=0.3546 ZSL: unseen accuracy=0.2292
[189/300]  Loss_D: -0.6852 Loss_G: 8.9147, Wasserstein_dist:0.9470, vae_loss_seen:262.4001 GZSL: seen=0.7976, unseen=0.2292, h=0.3560 ZSL: unseen accuracy=0.2344
[190/300]  Loss_D: -0.8102 Loss_G: 7.9155, Wasserstein_dist:1.0541, vae_loss_seen:267.9213 GZSL: seen=0.8373, unseen=0.2188, h=0.3469 ZSL: unseen accuracy=0.2292
[191/300]  Loss_D: -0.6956 Loss_G: 8.2104, Wasserstein_dist:0.9467, vae_loss_seen:265.5050 GZSL: seen=0.8730, unseen=0.2083, h=0.3364 ZSL: unseen accuracy=0.2344
[192/300]  Loss_D: -0.8225 Loss_G: 8.6861, Wasserstein_dist:1.0569, vae_loss_seen:273.5443 GZSL: seen=0.8611, unseen=0.2240, h=0.3555 ZSL: unseen accuracy=0.2292
[193/300]  Loss_D: -0.6814 Loss_G: 9.7367, Wasserstein_dist:0.9342, vae_loss_seen:266.0964 GZSL: seen=0.8373, unseen=0.1406, h=0.2408 ZSL: unseen accuracy=0.2344
[194/300]  Loss_D: -0.7597 Loss_G: 8.6849, Wasserstein_dist:1.0029, vae_loss_seen:261.8615 GZSL: seen=0.8988, unseen=0.2344, h=0.3718 ZSL: unseen accuracy=0.2292
[195/300]  Loss_D: -0.7172 Loss_G: 8.7675, Wasserstein_dist:0.9147, vae_loss_seen:263.8336 GZSL: seen=0.9187, unseen=0.2240, h=0.3601 ZSL: unseen accuracy=0.2292
[196/300]  Loss_D: -0.8075 Loss_G: 9.6029, Wasserstein_dist:1.0741, vae_loss_seen:263.7262 GZSL: seen=0.7897, unseen=0.2240, h=0.3490 ZSL: unseen accuracy=0.2240
[197/300]  Loss_D: -0.6518 Loss_G: 9.3533, Wasserstein_dist:0.8504, vae_loss_seen:261.9140 GZSL: seen=0.8452, unseen=0.2448, h=0.3796 ZSL: unseen accuracy=0.2292
[198/300]  Loss_D: -0.8284 Loss_G: 9.4654, Wasserstein_dist:1.0826, vae_loss_seen:275.3080 GZSL: seen=0.8353, unseen=0.2240, h=0.3532 ZSL: unseen accuracy=0.2292
[199/300]  Loss_D: -0.7238 Loss_G: 8.3806, Wasserstein_dist:0.9528, vae_loss_seen:267.2257 GZSL: seen=0.8929, unseen=0.2292, h=0.3647 ZSL: unseen accuracy=0.2292
[200/300]  Loss_D: -0.7258 Loss_G: 7.8918, Wasserstein_dist:0.9513, vae_loss_seen:271.1564 GZSL: seen=0.8353, unseen=0.2396, h=0.3724 ZSL: unseen accuracy=0.2292
[201/300]  Loss_D: -0.9818 Loss_G: 9.0196, Wasserstein_dist:1.2421, vae_loss_seen:274.3644 GZSL: seen=0.8829, unseen=0.2344, h=0.3704 ZSL: unseen accuracy=0.2292
[202/300]  Loss_D: -0.7330 Loss_G: 8.2304, Wasserstein_dist:0.9807, vae_loss_seen:256.6400 GZSL: seen=0.8968, unseen=0.2344, h=0.3716 ZSL: unseen accuracy=0.2292
[203/300]  Loss_D: -0.7309 Loss_G: 9.1847, Wasserstein_dist:0.9710, vae_loss_seen:264.1635 GZSL: seen=0.8393, unseen=0.2188, h=0.3470 ZSL: unseen accuracy=0.2292
[204/300]  Loss_D: -0.8406 Loss_G: 8.2403, Wasserstein_dist:1.0767, vae_loss_seen:268.5793 GZSL: seen=0.7996, unseen=0.2396, h=0.3687 ZSL: unseen accuracy=0.2292
[205/300]  Loss_D: -0.7153 Loss_G: 7.4685, Wasserstein_dist:0.9426, vae_loss_seen:268.8239 GZSL: seen=0.8175, unseen=0.2188, h=0.3451 ZSL: unseen accuracy=0.2292
[206/300]  Loss_D: -0.8331 Loss_G: 6.8115, Wasserstein_dist:1.0588, vae_loss_seen:270.4912 GZSL: seen=0.8393, unseen=0.2292, h=0.3600 ZSL: unseen accuracy=0.2292
[207/300]  Loss_D: -0.7990 Loss_G: 7.7526, Wasserstein_dist:1.0166, vae_loss_seen:268.1583 GZSL: seen=0.9008, unseen=0.2344, h=0.3720 ZSL: unseen accuracy=0.2344
[208/300]  Loss_D: -0.8415 Loss_G: 8.0057, Wasserstein_dist:1.1056, vae_loss_seen:269.4676 GZSL: seen=0.7798, unseen=0.2240, h=0.3480 ZSL: unseen accuracy=0.2396
[209/300]  Loss_D: -0.7259 Loss_G: 12.2193, Wasserstein_dist:1.0149, vae_loss_seen:271.1255 GZSL: seen=0.8492, unseen=0.2344, h=0.3674 ZSL: unseen accuracy=0.2448
[210/300]  Loss_D: -0.7526 Loss_G: 9.2085, Wasserstein_dist:0.9372, vae_loss_seen:265.5793 GZSL: seen=0.8968, unseen=0.2292, h=0.3651 ZSL: unseen accuracy=0.2292
[211/300]  Loss_D: -0.7156 Loss_G: 9.1557, Wasserstein_dist:0.9768, vae_loss_seen:271.3896 GZSL: seen=0.9067, unseen=0.2135, h=0.3457 ZSL: unseen accuracy=0.2240
[212/300]  Loss_D: -0.7301 Loss_G: 9.4244, Wasserstein_dist:0.9958, vae_loss_seen:270.0029 GZSL: seen=0.8444, unseen=0.2240, h=0.3540 ZSL: unseen accuracy=0.2240
[213/300]  Loss_D: -0.7889 Loss_G: 8.1542, Wasserstein_dist:1.0768, vae_loss_seen:265.6762 GZSL: seen=0.8920, unseen=0.2396, h=0.3777 ZSL: unseen accuracy=0.2292
[214/300]  Loss_D: -0.7655 Loss_G: 8.8486, Wasserstein_dist:0.9753, vae_loss_seen:257.8499 GZSL: seen=0.8313, unseen=0.2240, h=0.3529 ZSL: unseen accuracy=0.2344
[215/300]  Loss_D: -0.6817 Loss_G: 8.3945, Wasserstein_dist:0.9516, vae_loss_seen:267.5297 GZSL: seen=0.8413, unseen=0.2344, h=0.3666 ZSL: unseen accuracy=0.2292
[216/300]  Loss_D: -0.7036 Loss_G: 9.6970, Wasserstein_dist:0.8886, vae_loss_seen:264.5884 GZSL: seen=0.8532, unseen=0.2240, h=0.3548 ZSL: unseen accuracy=0.2292
[217/300]  Loss_D: -0.6451 Loss_G: 7.6173, Wasserstein_dist:0.8635, vae_loss_seen:271.6116 GZSL: seen=0.8571, unseen=0.2188, h=0.3485 ZSL: unseen accuracy=0.2292
[218/300]  Loss_D: -0.8611 Loss_G: 8.3508, Wasserstein_dist:1.1315, vae_loss_seen:272.3634 GZSL: seen=0.8603, unseen=0.2188, h=0.3488 ZSL: unseen accuracy=0.2344
[219/300]  Loss_D: -0.9100 Loss_G: 7.9515, Wasserstein_dist:1.1003, vae_loss_seen:269.0722 GZSL: seen=0.8294, unseen=0.2500, h=0.3842 ZSL: unseen accuracy=0.2292
[220/300]  Loss_D: -0.8137 Loss_G: 7.3608, Wasserstein_dist:1.0606, vae_loss_seen:266.0222 GZSL: seen=0.8027, unseen=0.2135, h=0.3373 ZSL: unseen accuracy=0.2344
[221/300]  Loss_D: -0.7216 Loss_G: 6.4089, Wasserstein_dist:0.9722, vae_loss_seen:260.1297 GZSL: seen=0.8313, unseen=0.2240, h=0.3529 ZSL: unseen accuracy=0.2240
[222/300]  Loss_D: -0.7589 Loss_G: 6.9079, Wasserstein_dist:1.0617, vae_loss_seen:271.5728 GZSL: seen=0.7789, unseen=0.2396, h=0.3665 ZSL: unseen accuracy=0.2292
[223/300]  Loss_D: -0.7594 Loss_G: 6.7869, Wasserstein_dist:0.9894, vae_loss_seen:272.0061 GZSL: seen=0.8016, unseen=0.2344, h=0.3627 ZSL: unseen accuracy=0.2240
[224/300]  Loss_D: -0.7115 Loss_G: 7.9028, Wasserstein_dist:0.9114, vae_loss_seen:263.5042 GZSL: seen=0.8552, unseen=0.2344, h=0.3679 ZSL: unseen accuracy=0.2240
[225/300]  Loss_D: -0.6748 Loss_G: 7.7141, Wasserstein_dist:0.8818, vae_loss_seen:262.0081 GZSL: seen=0.8413, unseen=0.2344, h=0.3666 ZSL: unseen accuracy=0.2292
[226/300]  Loss_D: -0.7920 Loss_G: 7.5772, Wasserstein_dist:1.0253, vae_loss_seen:271.6609 GZSL: seen=0.8671, unseen=0.2344, h=0.3690 ZSL: unseen accuracy=0.2292
[227/300]  Loss_D: -0.8198 Loss_G: 7.7939, Wasserstein_dist:1.0722, vae_loss_seen:272.0229 GZSL: seen=0.8075, unseen=0.2240, h=0.3507 ZSL: unseen accuracy=0.2240
[228/300]  Loss_D: -0.6821 Loss_G: 7.0690, Wasserstein_dist:0.8848, vae_loss_seen:261.1665 GZSL: seen=0.8333, unseen=0.2240, h=0.3530 ZSL: unseen accuracy=0.2240
[229/300]  Loss_D: -0.7736 Loss_G: 6.4091, Wasserstein_dist:0.9734, vae_loss_seen:266.8980 GZSL: seen=0.7698, unseen=0.2188, h=0.3407 ZSL: unseen accuracy=0.2240
[230/300]  Loss_D: -0.8016 Loss_G: 6.9495, Wasserstein_dist:1.0671, vae_loss_seen:271.7771 GZSL: seen=0.8810, unseen=0.2396, h=0.3767 ZSL: unseen accuracy=0.2292
[231/300]  Loss_D: -0.6624 Loss_G: 6.8065, Wasserstein_dist:0.8991, vae_loss_seen:257.3577 GZSL: seen=0.8810, unseen=0.2292, h=0.3637 ZSL: unseen accuracy=0.2292
[232/300]  Loss_D: -0.6229 Loss_G: 6.7715, Wasserstein_dist:0.8149, vae_loss_seen:256.9427 GZSL: seen=0.8373, unseen=0.2188, h=0.3469 ZSL: unseen accuracy=0.2292
[233/300]  Loss_D: -0.6670 Loss_G: 7.0737, Wasserstein_dist:0.8750, vae_loss_seen:259.5994 GZSL: seen=0.8305, unseen=0.2188, h=0.3463 ZSL: unseen accuracy=0.2292
[234/300]  Loss_D: -0.8060 Loss_G: 6.5007, Wasserstein_dist:1.0426, vae_loss_seen:270.9774 GZSL: seen=0.8353, unseen=0.2344, h=0.3660 ZSL: unseen accuracy=0.2292
[235/300]  Loss_D: -0.6293 Loss_G: 6.7897, Wasserstein_dist:0.8217, vae_loss_seen:262.2369 GZSL: seen=0.8135, unseen=0.2240, h=0.3512 ZSL: unseen accuracy=0.2240
[236/300]  Loss_D: -0.6737 Loss_G: 6.5447, Wasserstein_dist:0.8908, vae_loss_seen:265.6608 GZSL: seen=0.8452, unseen=0.2188, h=0.3476 ZSL: unseen accuracy=0.2240
[237/300]  Loss_D: -0.7226 Loss_G: 6.1033, Wasserstein_dist:1.0136, vae_loss_seen:259.3696 GZSL: seen=0.9206, unseen=0.0573, h=0.1079 ZSL: unseen accuracy=0.2240
[238/300]  Loss_D: -0.6481 Loss_G: 5.7068, Wasserstein_dist:0.9025, vae_loss_seen:263.9950 GZSL: seen=0.8611, unseen=0.2344, h=0.3685 ZSL: unseen accuracy=0.2344
[239/300]  Loss_D: -0.8629 Loss_G: 5.1021, Wasserstein_dist:1.0891, vae_loss_seen:267.8057 GZSL: seen=0.8730, unseen=0.2292, h=0.3630 ZSL: unseen accuracy=0.2344
[240/300]  Loss_D: -0.7771 Loss_G: 5.6885, Wasserstein_dist:0.9776, vae_loss_seen:266.7457 GZSL: seen=0.8333, unseen=0.2240, h=0.3530 ZSL: unseen accuracy=0.2292
[241/300]  Loss_D: -0.7694 Loss_G: 6.9863, Wasserstein_dist:1.0067, vae_loss_seen:262.6226 GZSL: seen=0.8512, unseen=0.2396, h=0.3739 ZSL: unseen accuracy=0.2292
[242/300]  Loss_D: -0.7664 Loss_G: 6.7708, Wasserstein_dist:1.0101, vae_loss_seen:268.2896 GZSL: seen=0.8512, unseen=0.2083, h=0.3347 ZSL: unseen accuracy=0.2240
[243/300]  Loss_D: -0.8537 Loss_G: 6.8739, Wasserstein_dist:1.1723, vae_loss_seen:268.4084 GZSL: seen=0.8552, unseen=0.2396, h=0.3743 ZSL: unseen accuracy=0.2292
[244/300]  Loss_D: -0.7167 Loss_G: 4.4211, Wasserstein_dist:0.9361, vae_loss_seen:259.8198 GZSL: seen=0.8095, unseen=0.2292, h=0.3572 ZSL: unseen accuracy=0.2188
[245/300]  Loss_D: -0.7133 Loss_G: 8.2341, Wasserstein_dist:0.9955, vae_loss_seen:267.8551 GZSL: seen=0.8611, unseen=0.2344, h=0.3685 ZSL: unseen accuracy=0.2292
[246/300]  Loss_D: -0.7135 Loss_G: 5.9967, Wasserstein_dist:0.9126, vae_loss_seen:268.9181 GZSL: seen=0.8194, unseen=0.3073, h=0.4470 ZSL: unseen accuracy=0.2292
[247/300]  Loss_D: -0.7529 Loss_G: 6.1605, Wasserstein_dist:0.9865, vae_loss_seen:262.8553 GZSL: seen=0.7908, unseen=0.2396, h=0.3678 ZSL: unseen accuracy=0.2344
[248/300]  Loss_D: -0.7641 Loss_G: 5.9511, Wasserstein_dist:0.9696, vae_loss_seen:257.9720 GZSL: seen=0.8988, unseen=0.2396, h=0.3783 ZSL: unseen accuracy=0.2292
[249/300]  Loss_D: -0.7423 Loss_G: 5.8628, Wasserstein_dist:0.9630, vae_loss_seen:274.2553 GZSL: seen=0.8492, unseen=0.3021, h=0.4456 ZSL: unseen accuracy=0.2240
[250/300]  Loss_D: -0.7606 Loss_G: 5.0605, Wasserstein_dist:0.9871, vae_loss_seen:263.4343 GZSL: seen=0.8948, unseen=0.2344, h=0.3715 ZSL: unseen accuracy=0.2292
[251/300]  Loss_D: -0.7172 Loss_G: 5.1817, Wasserstein_dist:0.9450, vae_loss_seen:263.4243 GZSL: seen=0.8056, unseen=0.2292, h=0.3568 ZSL: unseen accuracy=0.2240
[252/300]  Loss_D: -0.7342 Loss_G: 5.2939, Wasserstein_dist:0.9384, vae_loss_seen:261.6998 GZSL: seen=0.8929, unseen=0.2396, h=0.3778 ZSL: unseen accuracy=0.2292
[253/300]  Loss_D: -0.7455 Loss_G: 5.8648, Wasserstein_dist:0.9715, vae_loss_seen:256.4222 GZSL: seen=0.8512, unseen=0.2396, h=0.3739 ZSL: unseen accuracy=0.2240
[254/300]  Loss_D: -0.6938 Loss_G: 4.9219, Wasserstein_dist:0.9362, vae_loss_seen:263.7538 GZSL: seen=0.8294, unseen=0.2240, h=0.3527 ZSL: unseen accuracy=0.2292
[255/300]  Loss_D: -0.6735 Loss_G: 4.3185, Wasserstein_dist:0.9185, vae_loss_seen:269.4276 GZSL: seen=0.8492, unseen=0.2344, h=0.3674 ZSL: unseen accuracy=0.2240
[256/300]  Loss_D: -0.6057 Loss_G: 4.4784, Wasserstein_dist:0.8311, vae_loss_seen:255.4715 GZSL: seen=0.7738, unseen=0.2188, h=0.3411 ZSL: unseen accuracy=0.2240
[257/300]  Loss_D: -0.8127 Loss_G: 5.8537, Wasserstein_dist:1.0603, vae_loss_seen:258.9066 GZSL: seen=0.8532, unseen=0.2292, h=0.3613 ZSL: unseen accuracy=0.2344
[258/300]  Loss_D: -0.6965 Loss_G: 4.8746, Wasserstein_dist:0.9241, vae_loss_seen:265.1597 GZSL: seen=0.9008, unseen=0.1042, h=0.1867 ZSL: unseen accuracy=0.2292
[259/300]  Loss_D: -0.7100 Loss_G: 4.9223, Wasserstein_dist:0.9373, vae_loss_seen:261.8230 GZSL: seen=0.8909, unseen=0.2188, h=0.3513 ZSL: unseen accuracy=0.2240
[260/300]  Loss_D: -0.7400 Loss_G: 5.4315, Wasserstein_dist:0.9355, vae_loss_seen:263.6199 GZSL: seen=0.8036, unseen=0.2396, h=0.3691 ZSL: unseen accuracy=0.2292
[261/300]  Loss_D: -0.7407 Loss_G: 5.7566, Wasserstein_dist:0.9776, vae_loss_seen:257.8304 GZSL: seen=0.8869, unseen=0.2188, h=0.3509 ZSL: unseen accuracy=0.2292
[262/300]  Loss_D: -0.7396 Loss_G: 4.5002, Wasserstein_dist:0.9705, vae_loss_seen:263.8771 GZSL: seen=0.8671, unseen=0.2240, h=0.3560 ZSL: unseen accuracy=0.2240
[263/300]  Loss_D: -0.8281 Loss_G: 5.2885, Wasserstein_dist:1.0538, vae_loss_seen:270.3581 GZSL: seen=0.8492, unseen=0.2188, h=0.3479 ZSL: unseen accuracy=0.2240
[264/300]  Loss_D: -0.7293 Loss_G: 6.5974, Wasserstein_dist:1.0092, vae_loss_seen:263.2074 GZSL: seen=0.8254, unseen=0.2188, h=0.3458 ZSL: unseen accuracy=0.2240
[265/300]  Loss_D: -0.7623 Loss_G: 4.7042, Wasserstein_dist:0.9294, vae_loss_seen:266.3310 GZSL: seen=0.8115, unseen=0.2240, h=0.3510 ZSL: unseen accuracy=0.2240
[266/300]  Loss_D: -0.7099 Loss_G: 5.8477, Wasserstein_dist:0.9406, vae_loss_seen:259.1194 GZSL: seen=0.8948, unseen=0.2240, h=0.3583 ZSL: unseen accuracy=0.2240
[267/300]  Loss_D: -0.7774 Loss_G: 5.6125, Wasserstein_dist:1.0033, vae_loss_seen:264.9870 GZSL: seen=0.8948, unseen=0.2344, h=0.3715 ZSL: unseen accuracy=0.2240
[268/300]  Loss_D: -0.7709 Loss_G: 7.0271, Wasserstein_dist:1.0526, vae_loss_seen:258.7996 GZSL: seen=0.9028, unseen=0.2344, h=0.3721 ZSL: unseen accuracy=0.2292
[269/300]  Loss_D: -0.6844 Loss_G: 4.1111, Wasserstein_dist:0.8834, vae_loss_seen:259.1001 GZSL: seen=0.8353, unseen=0.2292, h=0.3597 ZSL: unseen accuracy=0.2292
[270/300]  Loss_D: -0.7765 Loss_G: 5.5123, Wasserstein_dist:0.9961, vae_loss_seen:267.7781 GZSL: seen=0.8988, unseen=0.2240, h=0.3586 ZSL: unseen accuracy=0.2240
[271/300]  Loss_D: -0.7970 Loss_G: 5.3109, Wasserstein_dist:1.0889, vae_loss_seen:268.1628 GZSL: seen=0.9008, unseen=0.2292, h=0.3654 ZSL: unseen accuracy=0.2240
[272/300]  Loss_D: -0.6690 Loss_G: 3.8915, Wasserstein_dist:0.9384, vae_loss_seen:265.3770 GZSL: seen=0.8115, unseen=0.2188, h=0.3446 ZSL: unseen accuracy=0.2240
[273/300]  Loss_D: -0.6444 Loss_G: 6.2416, Wasserstein_dist:0.8867, vae_loss_seen:259.1454 GZSL: seen=0.8433, unseen=0.2292, h=0.3604 ZSL: unseen accuracy=0.2344
[274/300]  Loss_D: -0.6170 Loss_G: 5.8638, Wasserstein_dist:0.7993, vae_loss_seen:256.1665 GZSL: seen=0.8929, unseen=0.2292, h=0.3647 ZSL: unseen accuracy=0.2240
[275/300]  Loss_D: -0.7092 Loss_G: 5.7961, Wasserstein_dist:0.9850, vae_loss_seen:268.2825 GZSL: seen=0.8631, unseen=0.2344, h=0.3686 ZSL: unseen accuracy=0.2344
[276/300]  Loss_D: -0.7786 Loss_G: 7.0023, Wasserstein_dist:1.0881, vae_loss_seen:270.1821 GZSL: seen=0.8532, unseen=0.2344, h=0.3677 ZSL: unseen accuracy=0.2240
[277/300]  Loss_D: -0.7941 Loss_G: 4.8662, Wasserstein_dist:1.0005, vae_loss_seen:260.2860 GZSL: seen=0.9008, unseen=0.2292, h=0.3654 ZSL: unseen accuracy=0.2240
[278/300]  Loss_D: -0.6329 Loss_G: 5.6145, Wasserstein_dist:0.8666, vae_loss_seen:266.2418 GZSL: seen=0.8274, unseen=0.2292, h=0.3589 ZSL: unseen accuracy=0.2240
[279/300]  Loss_D: -0.8941 Loss_G: 6.8302, Wasserstein_dist:1.2043, vae_loss_seen:269.8831 GZSL: seen=0.8929, unseen=0.2396, h=0.3778 ZSL: unseen accuracy=0.2292
[280/300]  Loss_D: -0.6339 Loss_G: 6.4186, Wasserstein_dist:0.8094, vae_loss_seen:263.3069 GZSL: seen=0.8829, unseen=0.2240, h=0.3573 ZSL: unseen accuracy=0.2344
[281/300]  Loss_D: -0.6003 Loss_G: 4.7307, Wasserstein_dist:0.8033, vae_loss_seen:270.4797 GZSL: seen=0.8671, unseen=0.2240, h=0.3560 ZSL: unseen accuracy=0.2240
[282/300]  Loss_D: -0.7606 Loss_G: 6.3236, Wasserstein_dist:1.0404, vae_loss_seen:261.6788 GZSL: seen=0.8929, unseen=0.2396, h=0.3778 ZSL: unseen accuracy=0.2240
[283/300]  Loss_D: -0.6725 Loss_G: 4.0157, Wasserstein_dist:0.9083, vae_loss_seen:268.0494 GZSL: seen=0.8849, unseen=0.2292, h=0.3641 ZSL: unseen accuracy=0.2292
[284/300]  Loss_D: -0.8280 Loss_G: 3.1949, Wasserstein_dist:1.0597, vae_loss_seen:257.9237 GZSL: seen=0.8393, unseen=0.2396, h=0.3728 ZSL: unseen accuracy=0.2240
[285/300]  Loss_D: -0.6656 Loss_G: 5.4741, Wasserstein_dist:0.8975, vae_loss_seen:268.6902 GZSL: seen=0.8333, unseen=0.2292, h=0.3595 ZSL: unseen accuracy=0.2344
[286/300]  Loss_D: -0.7655 Loss_G: 4.9978, Wasserstein_dist:0.9885, vae_loss_seen:255.1937 GZSL: seen=0.8690, unseen=0.2135, h=0.3428 ZSL: unseen accuracy=0.2292
[287/300]  Loss_D: -0.6364 Loss_G: 5.1880, Wasserstein_dist:0.8339, vae_loss_seen:260.2256 GZSL: seen=0.8452, unseen=0.2135, h=0.3409 ZSL: unseen accuracy=0.2292
[288/300]  Loss_D: -0.7480 Loss_G: 4.3873, Wasserstein_dist:0.9982, vae_loss_seen:266.3452 GZSL: seen=0.8452, unseen=0.2292, h=0.3606 ZSL: unseen accuracy=0.2344
[289/300]  Loss_D: -0.6668 Loss_G: 4.0715, Wasserstein_dist:0.8727, vae_loss_seen:262.1196 GZSL: seen=0.7857, unseen=0.2500, h=0.3793 ZSL: unseen accuracy=0.2344
[290/300]  Loss_D: -0.8138 Loss_G: 5.9667, Wasserstein_dist:1.1215, vae_loss_seen:265.7360 GZSL: seen=0.8849, unseen=0.2344, h=0.3706 ZSL: unseen accuracy=0.2292
[291/300]  Loss_D: -0.8782 Loss_G: 5.0852, Wasserstein_dist:1.1335, vae_loss_seen:269.6956 GZSL: seen=0.8801, unseen=0.2188, h=0.3504 ZSL: unseen accuracy=0.2240
[292/300]  Loss_D: -0.7328 Loss_G: 5.9280, Wasserstein_dist:0.9532, vae_loss_seen:272.8003 GZSL: seen=0.7849, unseen=0.2292, h=0.3548 ZSL: unseen accuracy=0.2240
[293/300]  Loss_D: -0.6725 Loss_G: 5.4225, Wasserstein_dist:0.8968, vae_loss_seen:267.3885 GZSL: seen=0.8472, unseen=0.2292, h=0.3608 ZSL: unseen accuracy=0.2240
[294/300]  Loss_D: -0.6730 Loss_G: 4.7649, Wasserstein_dist:0.8562, vae_loss_seen:261.7906 GZSL: seen=0.8016, unseen=0.2188, h=0.3437 ZSL: unseen accuracy=0.2240
[295/300]  Loss_D: -0.7991 Loss_G: 5.5909, Wasserstein_dist:1.0435, vae_loss_seen:262.3104 GZSL: seen=0.8790, unseen=0.2292, h=0.3635 ZSL: unseen accuracy=0.2344
[296/300]  Loss_D: -0.7270 Loss_G: 5.1287, Wasserstein_dist:0.9687, vae_loss_seen:270.2678 GZSL: seen=0.8810, unseen=0.2396, h=0.3767 ZSL: unseen accuracy=0.2240
[297/300]  Loss_D: -0.7815 Loss_G: 6.7888, Wasserstein_dist:1.0293, vae_loss_seen:267.4922 GZSL: seen=0.8274, unseen=0.2344, h=0.3653 ZSL: unseen accuracy=0.2292
[298/300]  Loss_D: -0.6907 Loss_G: 4.2221, Wasserstein_dist:0.8799, vae_loss_seen:265.2137 GZSL: seen=0.8869, unseen=0.2188, h=0.3509 ZSL: unseen accuracy=0.2240
[299/300]  Loss_D: -0.8272 Loss_G: 4.5449, Wasserstein_dist:1.0749, vae_loss_seen:258.7939 GZSL: seen=0.8155, unseen=0.2344, h=0.3641 ZSL: unseen accuracy=0.2240
Dataset RADAR
the best ZSL unseen accuracy is 0.6145833333333334
Dataset RADAR
the best GZSL seen accuracy is 0.7738095238095238
the best GZSL unseen accuracy is 0.4375
the best GZSL H is 0.558968058968059
