Random Seed:  3407
# of training samples:  538
Encoder(
  (fc1): Linear(in_features=2048, out_features=4096, bias=True)
  (fc3): Linear(in_features=4096, out_features=2048, bias=True)
  (lrelu): LeakyReLU(0.2, inplace)
  (linear_means): Linear(in_features=2048, out_features=1024, bias=True)
  (linear_log_var): Linear(in_features=2048, out_features=1024, bias=True)
)
Generator(
  (fc1): Linear(in_features=2048, out_features=4096, bias=True)
  (fc3): Linear(in_features=4096, out_features=1024, bias=True)
  (lrelu): LeakyReLU(0.2, inplace)
  (sigmoid): Sigmoid()
)
Discriminator_D1(
  (fc1): Linear(in_features=2048, out_features=4096, bias=True)
  (fc2): Linear(in_features=4096, out_features=1, bias=True)
  (lrelu): LeakyReLU(0.2, inplace)
)
Feedback(
  (fc1): Linear(in_features=4096, out_features=4096, bias=True)
  (fc2): Linear(in_features=4096, out_features=4096, bias=True)
  (lrelu): LeakyReLU(0.2, inplace)
)
AttDec(
  (fc1): Linear(in_features=1024, out_features=4096, bias=True)
  (fc3): Linear(in_features=4096, out_features=1024, bias=True)
  (lrelu): LeakyReLU(0.2, inplace)
)
[0/300]  Loss_D: -10.0306 Loss_G: 0.2551, Wasserstein_dist:12.5823, vae_loss_seen:471.4720 GZSL: seen=0.9365, unseen=0.3281, h=0.4860 ZSL: unseen accuracy=0.7865
[1/300]  Loss_D: -5.5229 Loss_G: -4.7892, Wasserstein_dist:7.1881, vae_loss_seen:379.7624 GZSL: seen=0.9167, unseen=0.3490, h=0.5055 ZSL: unseen accuracy=0.7656
[2/300]  Loss_D: -3.6209 Loss_G: -7.8972, Wasserstein_dist:4.7085, vae_loss_seen:333.9776 GZSL: seen=0.8325, unseen=0.3750, h=0.5171 ZSL: unseen accuracy=0.9167
[3/300]  Loss_D: -2.4690 Loss_G: -8.3907, Wasserstein_dist:3.2688, vae_loss_seen:315.8214 GZSL: seen=0.8730, unseen=0.3542, h=0.5039 ZSL: unseen accuracy=0.7969
[4/300]  Loss_D: -2.1731 Loss_G: -8.2529, Wasserstein_dist:2.8634, vae_loss_seen:318.8098 GZSL: seen=0.9107, unseen=0.3125, h=0.4653 ZSL: unseen accuracy=0.9688
[5/300]  Loss_D: -2.5168 Loss_G: -7.8177, Wasserstein_dist:3.0571, vae_loss_seen:305.0630 GZSL: seen=0.8067, unseen=0.6146, h=0.6977 ZSL: unseen accuracy=0.9010
[6/300]  Loss_D: -2.7504 Loss_G: -6.4111, Wasserstein_dist:3.3391, vae_loss_seen:313.3145 GZSL: seen=0.8929, unseen=0.4375, h=0.5872 ZSL: unseen accuracy=0.9583
[7/300]  Loss_D: -2.5086 Loss_G: -7.2249, Wasserstein_dist:3.0273, vae_loss_seen:303.2141 GZSL: seen=0.9325, unseen=0.3281, h=0.4854 ZSL: unseen accuracy=0.9635
[8/300]  Loss_D: -2.5306 Loss_G: -3.8236, Wasserstein_dist:3.1486, vae_loss_seen:302.8604 GZSL: seen=0.9028, unseen=0.3281, h=0.4813 ZSL: unseen accuracy=0.9635
[9/300]  Loss_D: -2.4291 Loss_G: -0.7544, Wasserstein_dist:2.9762, vae_loss_seen:303.3308 GZSL: seen=0.8920, unseen=0.3542, h=0.5070 ZSL: unseen accuracy=0.9167
[10/300]  Loss_D: -2.5396 Loss_G: -0.2066, Wasserstein_dist:3.1866, vae_loss_seen:308.3002 GZSL: seen=0.7730, unseen=0.5573, h=0.6476 ZSL: unseen accuracy=0.9948
[11/300]  Loss_D: -2.6292 Loss_G: 2.5005, Wasserstein_dist:3.2806, vae_loss_seen:306.0806 GZSL: seen=0.8631, unseen=0.3854, h=0.5329 ZSL: unseen accuracy=0.8750
[12/300]  Loss_D: -2.5511 Loss_G: 1.8237, Wasserstein_dist:3.1859, vae_loss_seen:305.0462 GZSL: seen=0.8027, unseen=0.5938, h=0.6826 ZSL: unseen accuracy=0.9896
[13/300]  Loss_D: -2.3644 Loss_G: 3.1365, Wasserstein_dist:3.0704, vae_loss_seen:304.7813 GZSL: seen=0.9087, unseen=0.4583, h=0.6093 ZSL: unseen accuracy=0.9792
[14/300]  Loss_D: -2.4239 Loss_G: 2.8749, Wasserstein_dist:3.0479, vae_loss_seen:300.4491 GZSL: seen=0.8433, unseen=0.5104, h=0.6359 ZSL: unseen accuracy=0.9427
[15/300]  Loss_D: -2.4013 Loss_G: 4.5105, Wasserstein_dist:3.0115, vae_loss_seen:302.5819 GZSL: seen=0.8651, unseen=0.6354, h=0.7327 ZSL: unseen accuracy=0.9948
[16/300]  Loss_D: -2.5719 Loss_G: 4.2127, Wasserstein_dist:3.2075, vae_loss_seen:296.0644 GZSL: seen=0.8313, unseen=0.5365, h=0.6521 ZSL: unseen accuracy=0.9948
[17/300]  Loss_D: -2.3059 Loss_G: 5.7209, Wasserstein_dist:2.8823, vae_loss_seen:302.3084 GZSL: seen=0.8710, unseen=0.4948, h=0.6311 ZSL: unseen accuracy=0.9740
[18/300]  Loss_D: -2.1714 Loss_G: 7.0249, Wasserstein_dist:2.7829, vae_loss_seen:298.5617 GZSL: seen=0.8313, unseen=0.6302, h=0.7169 ZSL: unseen accuracy=0.9792
[19/300]  Loss_D: -2.3441 Loss_G: 4.4426, Wasserstein_dist:2.9502, vae_loss_seen:292.5378 GZSL: seen=0.8016, unseen=0.5521, h=0.6538 ZSL: unseen accuracy=0.9740
[20/300]  Loss_D: -2.0623 Loss_G: 5.9637, Wasserstein_dist:2.5525, vae_loss_seen:297.5004 GZSL: seen=0.7988, unseen=0.4792, h=0.5990 ZSL: unseen accuracy=0.9792
[21/300]  Loss_D: -1.9489 Loss_G: 6.6036, Wasserstein_dist:2.3873, vae_loss_seen:295.3276 GZSL: seen=0.8512, unseen=0.6354, h=0.7276 ZSL: unseen accuracy=0.9844
[22/300]  Loss_D: -1.5906 Loss_G: 8.3952, Wasserstein_dist:2.0623, vae_loss_seen:291.7431 GZSL: seen=0.8115, unseen=0.6458, h=0.7193 ZSL: unseen accuracy=0.9792
[23/300]  Loss_D: -1.8437 Loss_G: 6.0731, Wasserstein_dist:2.3182, vae_loss_seen:289.5783 GZSL: seen=0.8393, unseen=0.6250, h=0.7165 ZSL: unseen accuracy=0.9792
[24/300]  Loss_D: -1.7637 Loss_G: 8.5516, Wasserstein_dist:2.1991, vae_loss_seen:287.4960 GZSL: seen=0.8472, unseen=0.6250, h=0.7193 ZSL: unseen accuracy=1.0000
[25/300]  Loss_D: -1.5178 Loss_G: 8.3697, Wasserstein_dist:1.9877, vae_loss_seen:288.0486 GZSL: seen=0.9028, unseen=0.6458, h=0.7530 ZSL: unseen accuracy=1.0000
[26/300]  Loss_D: -1.5051 Loss_G: 10.5613, Wasserstein_dist:1.9553, vae_loss_seen:285.0609 GZSL: seen=0.8433, unseen=0.6354, h=0.7247 ZSL: unseen accuracy=0.9740
[27/300]  Loss_D: -1.5992 Loss_G: 8.8372, Wasserstein_dist:1.9887, vae_loss_seen:283.5360 GZSL: seen=0.7917, unseen=0.6354, h=0.7050 ZSL: unseen accuracy=0.9583
[28/300]  Loss_D: -1.4325 Loss_G: 9.0739, Wasserstein_dist:1.8814, vae_loss_seen:284.3540 GZSL: seen=0.7928, unseen=0.6354, h=0.7054 ZSL: unseen accuracy=0.9688
[29/300]  Loss_D: -1.5240 Loss_G: 8.4469, Wasserstein_dist:1.8766, vae_loss_seen:281.0739 GZSL: seen=0.9147, unseen=0.6562, h=0.7642 ZSL: unseen accuracy=0.9896
[30/300]  Loss_D: -1.5111 Loss_G: 9.9990, Wasserstein_dist:1.9209, vae_loss_seen:277.2642 GZSL: seen=0.9325, unseen=0.6354, h=0.7558 ZSL: unseen accuracy=0.9583
[31/300]  Loss_D: -1.4041 Loss_G: 8.8931, Wasserstein_dist:1.7871, vae_loss_seen:285.6284 GZSL: seen=0.8929, unseen=0.6302, h=0.7389 ZSL: unseen accuracy=0.9792
[32/300]  Loss_D: -1.2104 Loss_G: 9.7080, Wasserstein_dist:1.5550, vae_loss_seen:277.8125 GZSL: seen=0.9008, unseen=0.6250, h=0.7380 ZSL: unseen accuracy=0.9896
[33/300]  Loss_D: -1.2343 Loss_G: 10.0245, Wasserstein_dist:1.5700, vae_loss_seen:280.5903 GZSL: seen=0.9048, unseen=0.6146, h=0.7320 ZSL: unseen accuracy=0.9583
[34/300]  Loss_D: -1.3158 Loss_G: 11.4901, Wasserstein_dist:1.6413, vae_loss_seen:280.7076 GZSL: seen=0.8333, unseen=0.6354, h=0.7210 ZSL: unseen accuracy=0.9740
[35/300]  Loss_D: -1.1627 Loss_G: 11.0381, Wasserstein_dist:1.4874, vae_loss_seen:292.8696 GZSL: seen=0.8980, unseen=0.6302, h=0.7406 ZSL: unseen accuracy=0.9688
[36/300]  Loss_D: -1.2090 Loss_G: 10.2000, Wasserstein_dist:1.5356, vae_loss_seen:277.8034 GZSL: seen=0.9147, unseen=0.6302, h=0.7463 ZSL: unseen accuracy=0.9688
[37/300]  Loss_D: -1.1614 Loss_G: 10.9847, Wasserstein_dist:1.4724, vae_loss_seen:280.8199 GZSL: seen=0.9107, unseen=0.6094, h=0.7302 ZSL: unseen accuracy=0.9635
[38/300]  Loss_D: -1.1551 Loss_G: 10.8904, Wasserstein_dist:1.4151, vae_loss_seen:277.4791 GZSL: seen=0.7940, unseen=0.7552, h=0.7741 ZSL: unseen accuracy=0.9635
[39/300]  Loss_D: -0.8495 Loss_G: 13.8765, Wasserstein_dist:1.0713, vae_loss_seen:276.3919 GZSL: seen=0.9226, unseen=0.5781, h=0.7108 ZSL: unseen accuracy=0.9323
[40/300]  Loss_D: -1.1315 Loss_G: 12.4979, Wasserstein_dist:1.4256, vae_loss_seen:281.9395 GZSL: seen=0.9226, unseen=0.5781, h=0.7108 ZSL: unseen accuracy=0.9479
[41/300]  Loss_D: -0.9528 Loss_G: 13.6286, Wasserstein_dist:1.1799, vae_loss_seen:274.2642 GZSL: seen=0.9028, unseen=0.6094, h=0.7276 ZSL: unseen accuracy=0.9531
[42/300]  Loss_D: -1.0009 Loss_G: 12.5544, Wasserstein_dist:1.2975, vae_loss_seen:272.1387 GZSL: seen=0.9127, unseen=0.6146, h=0.7345 ZSL: unseen accuracy=0.9323
[43/300]  Loss_D: -1.2192 Loss_G: 13.2176, Wasserstein_dist:1.5307, vae_loss_seen:280.5660 GZSL: seen=0.8091, unseen=0.7396, h=0.7728 ZSL: unseen accuracy=0.9219
[44/300]  Loss_D: -0.8869 Loss_G: 13.8798, Wasserstein_dist:1.2305, vae_loss_seen:284.7994 GZSL: seen=0.8067, unseen=0.7552, h=0.7801 ZSL: unseen accuracy=0.9479
[45/300]  Loss_D: -1.1813 Loss_G: 12.7841, Wasserstein_dist:1.5119, vae_loss_seen:278.4113 GZSL: seen=0.9167, unseen=0.5885, h=0.7168 ZSL: unseen accuracy=0.9271
[46/300]  Loss_D: -0.9562 Loss_G: 14.0910, Wasserstein_dist:1.2381, vae_loss_seen:270.6092 GZSL: seen=0.8218, unseen=0.7969, h=0.8092 ZSL: unseen accuracy=0.9583
[47/300]  Loss_D: -1.0298 Loss_G: 14.3023, Wasserstein_dist:1.3055, vae_loss_seen:275.5685 GZSL: seen=0.8060, unseen=0.7344, h=0.7685 ZSL: unseen accuracy=0.9323
[48/300]  Loss_D: -1.0140 Loss_G: 14.4048, Wasserstein_dist:1.2644, vae_loss_seen:278.0530 GZSL: seen=0.8079, unseen=0.7344, h=0.7694 ZSL: unseen accuracy=0.9219
[49/300]  Loss_D: -1.0967 Loss_G: 14.2048, Wasserstein_dist:1.3422, vae_loss_seen:273.5716 GZSL: seen=0.9226, unseen=0.5938, h=0.7225 ZSL: unseen accuracy=0.9479
[50/300]  Loss_D: -1.0154 Loss_G: 14.4214, Wasserstein_dist:1.3433, vae_loss_seen:270.4535 GZSL: seen=0.8437, unseen=0.7500, h=0.7941 ZSL: unseen accuracy=0.9323
[51/300]  Loss_D: -0.9680 Loss_G: 15.0617, Wasserstein_dist:1.3143, vae_loss_seen:281.7990 GZSL: seen=0.8662, unseen=0.6094, h=0.7154 ZSL: unseen accuracy=0.9583
[52/300]  Loss_D: -0.9204 Loss_G: 14.5089, Wasserstein_dist:1.1877, vae_loss_seen:269.6924 GZSL: seen=0.8179, unseen=0.7448, h=0.7796 ZSL: unseen accuracy=0.9323
[53/300]  Loss_D: -0.8711 Loss_G: 15.5946, Wasserstein_dist:1.1752, vae_loss_seen:271.8633 GZSL: seen=0.7762, unseen=0.5677, h=0.6558 ZSL: unseen accuracy=0.9323
[54/300]  Loss_D: -0.9538 Loss_G: 15.1908, Wasserstein_dist:1.2791, vae_loss_seen:284.0589 GZSL: seen=0.7956, unseen=0.6615, h=0.7224 ZSL: unseen accuracy=0.9375
[55/300]  Loss_D: -1.0226 Loss_G: 14.5972, Wasserstein_dist:1.3002, vae_loss_seen:273.7517 GZSL: seen=0.8988, unseen=0.5833, h=0.7075 ZSL: unseen accuracy=0.9427
[56/300]  Loss_D: -1.0112 Loss_G: 15.3497, Wasserstein_dist:1.3267, vae_loss_seen:272.4081 GZSL: seen=0.8948, unseen=0.7500, h=0.8160 ZSL: unseen accuracy=0.9427
[57/300]  Loss_D: -0.8655 Loss_G: 15.1261, Wasserstein_dist:1.0987, vae_loss_seen:279.1595 GZSL: seen=0.8095, unseen=0.7344, h=0.7701 ZSL: unseen accuracy=0.9323
[58/300]  Loss_D: -0.7969 Loss_G: 16.0599, Wasserstein_dist:1.1057, vae_loss_seen:276.5275 GZSL: seen=0.8040, unseen=0.7448, h=0.7732 ZSL: unseen accuracy=0.9375
[59/300]  Loss_D: -1.0229 Loss_G: 14.6638, Wasserstein_dist:1.2783, vae_loss_seen:276.1725 GZSL: seen=0.7885, unseen=0.7552, h=0.7715 ZSL: unseen accuracy=0.9323
[60/300]  Loss_D: -0.8655 Loss_G: 15.4550, Wasserstein_dist:1.1572, vae_loss_seen:271.5615 GZSL: seen=0.9425, unseen=0.5833, h=0.7206 ZSL: unseen accuracy=0.9323
[61/300]  Loss_D: -0.8695 Loss_G: 15.1444, Wasserstein_dist:1.1783, vae_loss_seen:270.3397 GZSL: seen=0.8563, unseen=0.7656, h=0.8084 ZSL: unseen accuracy=0.9271
[62/300]  Loss_D: -1.1494 Loss_G: 14.0256, Wasserstein_dist:1.4696, vae_loss_seen:274.9317 GZSL: seen=0.9028, unseen=0.5990, h=0.7201 ZSL: unseen accuracy=0.9427
[63/300]  Loss_D: -1.1094 Loss_G: 14.9585, Wasserstein_dist:1.4352, vae_loss_seen:283.2538 GZSL: seen=0.8107, unseen=0.7448, h=0.7763 ZSL: unseen accuracy=0.9427
[64/300]  Loss_D: -0.7754 Loss_G: 15.3346, Wasserstein_dist:1.0638, vae_loss_seen:269.1935 GZSL: seen=0.8119, unseen=0.7708, h=0.7908 ZSL: unseen accuracy=0.9375
[65/300]  Loss_D: -1.0057 Loss_G: 15.4901, Wasserstein_dist:1.3306, vae_loss_seen:284.3895 GZSL: seen=0.8278, unseen=0.7552, h=0.7898 ZSL: unseen accuracy=0.9271
[66/300]  Loss_D: -0.9763 Loss_G: 14.6004, Wasserstein_dist:1.2260, vae_loss_seen:271.7713 GZSL: seen=0.9167, unseen=0.5885, h=0.7168 ZSL: unseen accuracy=0.9271
[67/300]  Loss_D: -0.9566 Loss_G: 15.0530, Wasserstein_dist:1.2098, vae_loss_seen:275.2533 GZSL: seen=0.9187, unseen=0.5833, h=0.7136 ZSL: unseen accuracy=0.9375
[68/300]  Loss_D: -0.9950 Loss_G: 14.7068, Wasserstein_dist:1.3077, vae_loss_seen:276.8167 GZSL: seen=0.9286, unseen=0.5885, h=0.7205 ZSL: unseen accuracy=0.9375
[69/300]  Loss_D: -0.9451 Loss_G: 15.0320, Wasserstein_dist:1.2012, vae_loss_seen:278.3157 GZSL: seen=0.9032, unseen=0.5885, h=0.7127 ZSL: unseen accuracy=0.9375
[70/300]  Loss_D: -0.9975 Loss_G: 14.9548, Wasserstein_dist:1.2534, vae_loss_seen:276.8668 GZSL: seen=0.9052, unseen=0.5885, h=0.7133 ZSL: unseen accuracy=0.9271
[71/300]  Loss_D: -1.1640 Loss_G: 15.4884, Wasserstein_dist:1.4900, vae_loss_seen:290.3897 GZSL: seen=0.8206, unseen=0.7708, h=0.7949 ZSL: unseen accuracy=0.9427
[72/300]  Loss_D: -0.9947 Loss_G: 14.4883, Wasserstein_dist:1.2971, vae_loss_seen:275.6608 GZSL: seen=0.8075, unseen=0.7604, h=0.7833 ZSL: unseen accuracy=0.9323
[73/300]  Loss_D: -0.9551 Loss_G: 14.5254, Wasserstein_dist:1.2180, vae_loss_seen:284.4303 GZSL: seen=0.8765, unseen=0.5885, h=0.7042 ZSL: unseen accuracy=0.9427
[74/300]  Loss_D: -0.8656 Loss_G: 14.5309, Wasserstein_dist:1.2842, vae_loss_seen:272.0249 GZSL: seen=0.8492, unseen=0.7604, h=0.8024 ZSL: unseen accuracy=0.9167
[75/300]  Loss_D: -0.9460 Loss_G: 15.0248, Wasserstein_dist:1.1705, vae_loss_seen:273.4061 GZSL: seen=0.8289, unseen=0.7448, h=0.7846 ZSL: unseen accuracy=0.9271
[76/300]  Loss_D: -1.0289 Loss_G: 14.9930, Wasserstein_dist:1.3271, vae_loss_seen:286.5446 GZSL: seen=0.9147, unseen=0.5833, h=0.7124 ZSL: unseen accuracy=0.9167
[77/300]  Loss_D: -0.8813 Loss_G: 14.0599, Wasserstein_dist:1.1409, vae_loss_seen:270.5936 GZSL: seen=0.9563, unseen=0.5677, h=0.7125 ZSL: unseen accuracy=0.9427
[78/300]  Loss_D: -0.8784 Loss_G: 14.6803, Wasserstein_dist:1.0850, vae_loss_seen:273.1632 GZSL: seen=0.7897, unseen=0.7656, h=0.7775 ZSL: unseen accuracy=0.9271
[79/300]  Loss_D: -1.0399 Loss_G: 14.3729, Wasserstein_dist:1.4194, vae_loss_seen:269.4242 GZSL: seen=0.9187, unseen=0.5885, h=0.7174 ZSL: unseen accuracy=0.9479
[80/300]  Loss_D: -0.9009 Loss_G: 14.5542, Wasserstein_dist:1.1774, vae_loss_seen:279.3403 GZSL: seen=0.8655, unseen=0.7708, h=0.8154 ZSL: unseen accuracy=0.9219
[81/300]  Loss_D: -0.8652 Loss_G: 13.7030, Wasserstein_dist:1.1139, vae_loss_seen:278.3424 GZSL: seen=0.9337, unseen=0.5885, h=0.7220 ZSL: unseen accuracy=0.9323
[82/300]  Loss_D: -0.9180 Loss_G: 14.0714, Wasserstein_dist:1.1700, vae_loss_seen:270.2399 GZSL: seen=0.8492, unseen=0.7708, h=0.8081 ZSL: unseen accuracy=0.9427
[83/300]  Loss_D: -0.9170 Loss_G: 14.2581, Wasserstein_dist:1.2225, vae_loss_seen:274.6054 GZSL: seen=0.9385, unseen=0.5677, h=0.7075 ZSL: unseen accuracy=0.9375
[84/300]  Loss_D: -1.1004 Loss_G: 14.0097, Wasserstein_dist:1.4575, vae_loss_seen:286.9557 GZSL: seen=0.9071, unseen=0.5781, h=0.7062 ZSL: unseen accuracy=0.9271
[85/300]  Loss_D: -0.9815 Loss_G: 14.0236, Wasserstein_dist:1.2690, vae_loss_seen:277.1659 GZSL: seen=0.8056, unseen=0.7500, h=0.7768 ZSL: unseen accuracy=0.9219
[86/300]  Loss_D: -0.8832 Loss_G: 14.2099, Wasserstein_dist:1.1414, vae_loss_seen:274.3756 GZSL: seen=0.8456, unseen=0.7448, h=0.7920 ZSL: unseen accuracy=0.9271
[87/300]  Loss_D: -0.9168 Loss_G: 13.9549, Wasserstein_dist:1.2122, vae_loss_seen:269.5396 GZSL: seen=0.8869, unseen=0.7448, h=0.8097 ZSL: unseen accuracy=0.9427
[88/300]  Loss_D: -0.9250 Loss_G: 14.3095, Wasserstein_dist:1.2499, vae_loss_seen:283.2188 GZSL: seen=0.9048, unseen=0.5885, h=0.7132 ZSL: unseen accuracy=0.9219
[89/300]  Loss_D: -0.8799 Loss_G: 14.0507, Wasserstein_dist:1.1907, vae_loss_seen:281.6942 GZSL: seen=0.8929, unseen=0.5938, h=0.7132 ZSL: unseen accuracy=0.9375
[90/300]  Loss_D: -0.8178 Loss_G: 14.7059, Wasserstein_dist:1.0867, vae_loss_seen:272.7654 GZSL: seen=0.9325, unseen=0.5938, h=0.7255 ZSL: unseen accuracy=0.9427
[91/300]  Loss_D: -0.8606 Loss_G: 13.3163, Wasserstein_dist:1.1280, vae_loss_seen:274.3412 GZSL: seen=0.8321, unseen=0.7552, h=0.7918 ZSL: unseen accuracy=0.9115
[92/300]  Loss_D: -0.9294 Loss_G: 14.9994, Wasserstein_dist:1.1720, vae_loss_seen:271.2148 GZSL: seen=0.8611, unseen=0.4531, h=0.5938 ZSL: unseen accuracy=0.9167
[93/300]  Loss_D: -0.8462 Loss_G: 13.7534, Wasserstein_dist:1.0829, vae_loss_seen:264.6537 GZSL: seen=0.8690, unseen=0.5729, h=0.6906 ZSL: unseen accuracy=0.9167
[94/300]  Loss_D: -0.8549 Loss_G: 13.4458, Wasserstein_dist:1.1241, vae_loss_seen:273.4903 GZSL: seen=0.9226, unseen=0.5938, h=0.7225 ZSL: unseen accuracy=0.9271
[95/300]  Loss_D: -0.8729 Loss_G: 15.3716, Wasserstein_dist:1.1609, vae_loss_seen:278.9465 GZSL: seen=0.8353, unseen=0.7344, h=0.7816 ZSL: unseen accuracy=0.9427
[96/300]  Loss_D: -0.9925 Loss_G: 14.6295, Wasserstein_dist:1.2855, vae_loss_seen:279.5894 GZSL: seen=0.8476, unseen=0.7552, h=0.7987 ZSL: unseen accuracy=0.9167
[97/300]  Loss_D: -1.0861 Loss_G: 14.5128, Wasserstein_dist:1.3863, vae_loss_seen:281.0691 GZSL: seen=0.8929, unseen=0.7344, h=0.8059 ZSL: unseen accuracy=0.9167
[98/300]  Loss_D: -0.8688 Loss_G: 14.2274, Wasserstein_dist:1.1421, vae_loss_seen:276.4054 GZSL: seen=0.8560, unseen=0.7760, h=0.8140 ZSL: unseen accuracy=0.9375
[99/300]  Loss_D: -0.8427 Loss_G: 13.4794, Wasserstein_dist:1.1195, vae_loss_seen:278.2856 GZSL: seen=0.8234, unseen=0.6458, h=0.7239 ZSL: unseen accuracy=0.9219
[100/300]  Loss_D: -0.9048 Loss_G: 13.1913, Wasserstein_dist:1.1747, vae_loss_seen:274.8048 GZSL: seen=0.8825, unseen=0.5885, h=0.7061 ZSL: unseen accuracy=0.9271
[101/300]  Loss_D: -0.9610 Loss_G: 13.9905, Wasserstein_dist:1.2091, vae_loss_seen:273.2094 GZSL: seen=0.9187, unseen=0.5990, h=0.7251 ZSL: unseen accuracy=0.9479
[102/300]  Loss_D: -0.8539 Loss_G: 14.0481, Wasserstein_dist:1.1155, vae_loss_seen:277.0036 GZSL: seen=0.8929, unseen=0.5990, h=0.7170 ZSL: unseen accuracy=0.9323
[103/300]  Loss_D: -0.8645 Loss_G: 13.1688, Wasserstein_dist:1.1569, vae_loss_seen:274.0792 GZSL: seen=0.8833, unseen=0.6250, h=0.7320 ZSL: unseen accuracy=0.9219
[104/300]  Loss_D: -0.9447 Loss_G: 11.3739, Wasserstein_dist:1.2017, vae_loss_seen:272.8942 GZSL: seen=0.8214, unseen=0.7604, h=0.7897 ZSL: unseen accuracy=0.9167
[105/300]  Loss_D: -0.8174 Loss_G: 13.4841, Wasserstein_dist:1.0754, vae_loss_seen:272.1898 GZSL: seen=0.9048, unseen=0.6562, h=0.7607 ZSL: unseen accuracy=0.9115
[106/300]  Loss_D: -0.9097 Loss_G: 13.1840, Wasserstein_dist:1.1749, vae_loss_seen:273.2661 GZSL: seen=0.8741, unseen=0.5885, h=0.7035 ZSL: unseen accuracy=0.9115
[107/300]  Loss_D: -0.8650 Loss_G: 13.0459, Wasserstein_dist:1.1355, vae_loss_seen:271.2897 GZSL: seen=0.9325, unseen=0.5885, h=0.7216 ZSL: unseen accuracy=0.9427
[108/300]  Loss_D: -0.8223 Loss_G: 12.7103, Wasserstein_dist:1.0876, vae_loss_seen:265.3171 GZSL: seen=0.8671, unseen=0.6198, h=0.7229 ZSL: unseen accuracy=0.9219
[109/300]  Loss_D: -1.0084 Loss_G: 13.7875, Wasserstein_dist:1.2905, vae_loss_seen:272.5081 GZSL: seen=0.8218, unseen=0.7448, h=0.7814 ZSL: unseen accuracy=0.9167
[110/300]  Loss_D: -0.7903 Loss_G: 11.8111, Wasserstein_dist:1.0054, vae_loss_seen:265.0476 GZSL: seen=0.9032, unseen=0.6042, h=0.7240 ZSL: unseen accuracy=0.9167
[111/300]  Loss_D: -0.8521 Loss_G: 11.8005, Wasserstein_dist:1.0951, vae_loss_seen:265.3787 GZSL: seen=0.8675, unseen=0.5729, h=0.6901 ZSL: unseen accuracy=0.9219
[112/300]  Loss_D: -0.8160 Loss_G: 11.8513, Wasserstein_dist:1.1216, vae_loss_seen:266.8821 GZSL: seen=0.8214, unseen=0.7708, h=0.7953 ZSL: unseen accuracy=0.9323
[113/300]  Loss_D: -0.8169 Loss_G: 12.6830, Wasserstein_dist:1.0666, vae_loss_seen:275.2394 GZSL: seen=0.8492, unseen=0.6875, h=0.7598 ZSL: unseen accuracy=0.9531
[114/300]  Loss_D: -0.9560 Loss_G: 13.0926, Wasserstein_dist:1.2743, vae_loss_seen:276.4729 GZSL: seen=0.8563, unseen=0.7656, h=0.8084 ZSL: unseen accuracy=0.9115
[115/300]  Loss_D: -0.7985 Loss_G: 12.3527, Wasserstein_dist:1.0720, vae_loss_seen:277.0551 GZSL: seen=0.8532, unseen=0.7708, h=0.8099 ZSL: unseen accuracy=0.9427
[116/300]  Loss_D: -0.7941 Loss_G: 13.2966, Wasserstein_dist:1.0583, vae_loss_seen:269.5188 GZSL: seen=0.8198, unseen=0.7448, h=0.7805 ZSL: unseen accuracy=0.9427
[117/300]  Loss_D: -0.9184 Loss_G: 12.6330, Wasserstein_dist:1.1771, vae_loss_seen:275.5564 GZSL: seen=0.9246, unseen=0.5833, h=0.7154 ZSL: unseen accuracy=0.9115
[118/300]  Loss_D: -0.9324 Loss_G: 12.3907, Wasserstein_dist:1.2048, vae_loss_seen:270.5566 GZSL: seen=0.8333, unseen=0.7552, h=0.7923 ZSL: unseen accuracy=0.9167
[119/300]  Loss_D: -0.9477 Loss_G: 11.7271, Wasserstein_dist:1.1731, vae_loss_seen:267.2309 GZSL: seen=0.8238, unseen=0.7292, h=0.7736 ZSL: unseen accuracy=0.9219
[120/300]  Loss_D: -0.8986 Loss_G: 12.2543, Wasserstein_dist:1.1707, vae_loss_seen:275.8651 GZSL: seen=0.8980, unseen=0.7448, h=0.8142 ZSL: unseen accuracy=0.9375
[121/300]  Loss_D: -0.8680 Loss_G: 11.8989, Wasserstein_dist:1.1329, vae_loss_seen:268.1118 GZSL: seen=0.9286, unseen=0.6042, h=0.7320 ZSL: unseen accuracy=0.9271
[122/300]  Loss_D: -0.8788 Loss_G: 11.7870, Wasserstein_dist:1.1435, vae_loss_seen:275.8400 GZSL: seen=0.9365, unseen=0.5885, h=0.7228 ZSL: unseen accuracy=0.9271
[123/300]  Loss_D: -0.8275 Loss_G: 12.9031, Wasserstein_dist:1.0757, vae_loss_seen:279.8025 GZSL: seen=0.9167, unseen=0.5990, h=0.7245 ZSL: unseen accuracy=0.8958
[124/300]  Loss_D: -0.8476 Loss_G: 11.1109, Wasserstein_dist:1.1307, vae_loss_seen:279.4070 GZSL: seen=0.8317, unseen=0.7344, h=0.7800 ZSL: unseen accuracy=0.9167
[125/300]  Loss_D: -0.8363 Loss_G: 11.6072, Wasserstein_dist:1.0891, vae_loss_seen:270.3025 GZSL: seen=0.9048, unseen=0.5938, h=0.7170 ZSL: unseen accuracy=0.9271
[126/300]  Loss_D: -0.7695 Loss_G: 12.5127, Wasserstein_dist:1.0119, vae_loss_seen:275.4543 GZSL: seen=0.9048, unseen=0.6042, h=0.7245 ZSL: unseen accuracy=0.9167
[127/300]  Loss_D: -0.9304 Loss_G: 11.8399, Wasserstein_dist:1.1803, vae_loss_seen:265.0846 GZSL: seen=0.9028, unseen=0.5885, h=0.7126 ZSL: unseen accuracy=0.9167
[128/300]  Loss_D: -0.8876 Loss_G: 12.0455, Wasserstein_dist:1.1806, vae_loss_seen:271.4811 GZSL: seen=0.8988, unseen=0.6094, h=0.7263 ZSL: unseen accuracy=0.9323
[129/300]  Loss_D: -0.7776 Loss_G: 11.5788, Wasserstein_dist:1.0239, vae_loss_seen:265.0347 GZSL: seen=0.8456, unseen=0.7760, h=0.8093 ZSL: unseen accuracy=0.9271
[130/300]  Loss_D: -0.8735 Loss_G: 11.2221, Wasserstein_dist:1.1141, vae_loss_seen:260.5302 GZSL: seen=0.8659, unseen=0.5781, h=0.6933 ZSL: unseen accuracy=0.9271
[131/300]  Loss_D: -0.9258 Loss_G: 11.4878, Wasserstein_dist:1.2105, vae_loss_seen:281.2698 GZSL: seen=0.9039, unseen=0.6042, h=0.7243 ZSL: unseen accuracy=0.9219
[132/300]  Loss_D: -0.6820 Loss_G: 10.0141, Wasserstein_dist:0.9379, vae_loss_seen:263.7110 GZSL: seen=0.9187, unseen=0.5885, h=0.7174 ZSL: unseen accuracy=0.9323
[133/300]  Loss_D: -0.8937 Loss_G: 11.1305, Wasserstein_dist:1.1644, vae_loss_seen:278.0614 GZSL: seen=0.9187, unseen=0.5990, h=0.7251 ZSL: unseen accuracy=0.9271
[134/300]  Loss_D: -0.9181 Loss_G: 12.0023, Wasserstein_dist:1.1856, vae_loss_seen:275.8443 GZSL: seen=0.8646, unseen=0.7135, h=0.7819 ZSL: unseen accuracy=0.9375
[135/300]  Loss_D: -0.8265 Loss_G: 11.3748, Wasserstein_dist:1.0601, vae_loss_seen:264.8782 GZSL: seen=0.8873, unseen=0.7656, h=0.8220 ZSL: unseen accuracy=0.8958
[136/300]  Loss_D: -0.7462 Loss_G: 11.2857, Wasserstein_dist:1.0097, vae_loss_seen:273.3162 GZSL: seen=0.8790, unseen=0.5990, h=0.7124 ZSL: unseen accuracy=0.9219
[137/300]  Loss_D: -0.8354 Loss_G: 11.2465, Wasserstein_dist:1.0916, vae_loss_seen:274.1699 GZSL: seen=0.8611, unseen=0.6823, h=0.7613 ZSL: unseen accuracy=0.9219
[138/300]  Loss_D: -0.8057 Loss_G: 11.1443, Wasserstein_dist:1.0794, vae_loss_seen:271.6468 GZSL: seen=0.9325, unseen=0.5885, h=0.7216 ZSL: unseen accuracy=0.9219
[139/300]  Loss_D: -0.8653 Loss_G: 10.1938, Wasserstein_dist:1.1359, vae_loss_seen:270.6409 GZSL: seen=0.8492, unseen=0.6354, h=0.7269 ZSL: unseen accuracy=0.9167
[140/300]  Loss_D: -0.7330 Loss_G: 11.8478, Wasserstein_dist:1.0079, vae_loss_seen:267.7884 GZSL: seen=0.8750, unseen=0.6250, h=0.7292 ZSL: unseen accuracy=0.9167
[141/300]  Loss_D: -0.9264 Loss_G: 10.8980, Wasserstein_dist:1.1883, vae_loss_seen:273.6058 GZSL: seen=0.8512, unseen=0.7604, h=0.8032 ZSL: unseen accuracy=0.9271
[142/300]  Loss_D: -0.7274 Loss_G: 9.9775, Wasserstein_dist:0.9758, vae_loss_seen:260.1765 GZSL: seen=0.8503, unseen=0.7448, h=0.7941 ZSL: unseen accuracy=0.9271
[143/300]  Loss_D: -0.8501 Loss_G: 11.4582, Wasserstein_dist:1.2099, vae_loss_seen:275.4878 GZSL: seen=0.8536, unseen=0.7552, h=0.8014 ZSL: unseen accuracy=0.9219
[144/300]  Loss_D: -0.8207 Loss_G: 10.4122, Wasserstein_dist:1.0921, vae_loss_seen:270.0956 GZSL: seen=0.8730, unseen=0.6406, h=0.7390 ZSL: unseen accuracy=0.9167
[145/300]  Loss_D: -0.7304 Loss_G: 11.8382, Wasserstein_dist:0.9753, vae_loss_seen:266.4650 GZSL: seen=0.8909, unseen=0.7396, h=0.8082 ZSL: unseen accuracy=0.9271
[146/300]  Loss_D: -0.7835 Loss_G: 12.1961, Wasserstein_dist:1.0492, vae_loss_seen:274.9469 GZSL: seen=0.9008, unseen=0.7604, h=0.8247 ZSL: unseen accuracy=0.9115
[147/300]  Loss_D: -0.7007 Loss_G: 10.5548, Wasserstein_dist:0.9404, vae_loss_seen:270.8965 GZSL: seen=0.9266, unseen=0.5990, h=0.7276 ZSL: unseen accuracy=0.9271
[148/300]  Loss_D: -1.0080 Loss_G: 9.9188, Wasserstein_dist:1.3289, vae_loss_seen:277.8104 GZSL: seen=0.8408, unseen=0.7604, h=0.7986 ZSL: unseen accuracy=0.9219
[149/300]  Loss_D: -0.8895 Loss_G: 10.5706, Wasserstein_dist:1.1417, vae_loss_seen:271.2906 GZSL: seen=0.9226, unseen=0.5885, h=0.7187 ZSL: unseen accuracy=0.9219
[150/300]  Loss_D: -0.8336 Loss_G: 11.6743, Wasserstein_dist:1.0655, vae_loss_seen:256.5683 GZSL: seen=0.8869, unseen=0.7500, h=0.8127 ZSL: unseen accuracy=0.9062
[151/300]  Loss_D: -0.8248 Loss_G: 11.2712, Wasserstein_dist:1.1381, vae_loss_seen:278.3189 GZSL: seen=0.9167, unseen=0.5990, h=0.7245 ZSL: unseen accuracy=0.9375
[152/300]  Loss_D: -0.9235 Loss_G: 12.0510, Wasserstein_dist:1.2251, vae_loss_seen:272.1284 GZSL: seen=0.8948, unseen=0.5938, h=0.7138 ZSL: unseen accuracy=0.9167
[153/300]  Loss_D: -0.6572 Loss_G: 11.7943, Wasserstein_dist:0.9265, vae_loss_seen:271.3563 GZSL: seen=0.8448, unseen=0.7135, h=0.7736 ZSL: unseen accuracy=0.9167
[154/300]  Loss_D: -0.6787 Loss_G: 9.9544, Wasserstein_dist:0.8963, vae_loss_seen:275.4611 GZSL: seen=0.8444, unseen=0.7760, h=0.8088 ZSL: unseen accuracy=0.9323
[155/300]  Loss_D: -0.8795 Loss_G: 10.9574, Wasserstein_dist:1.1805, vae_loss_seen:274.7466 GZSL: seen=0.8948, unseen=0.7604, h=0.8222 ZSL: unseen accuracy=0.9219
[156/300]  Loss_D: -0.9342 Loss_G: 10.1150, Wasserstein_dist:1.1744, vae_loss_seen:271.1242 GZSL: seen=0.8373, unseen=0.6354, h=0.7225 ZSL: unseen accuracy=0.8958
[157/300]  Loss_D: -0.7232 Loss_G: 10.5686, Wasserstein_dist:0.9755, vae_loss_seen:270.3186 GZSL: seen=0.9059, unseen=0.5781, h=0.7058 ZSL: unseen accuracy=0.9219
[158/300]  Loss_D: -0.7549 Loss_G: 10.9216, Wasserstein_dist:1.0098, vae_loss_seen:266.0096 GZSL: seen=0.8254, unseen=0.7604, h=0.7916 ZSL: unseen accuracy=0.9219
[159/300]  Loss_D: -0.7636 Loss_G: 12.0100, Wasserstein_dist:0.9946, vae_loss_seen:270.8300 GZSL: seen=0.8714, unseen=0.7448, h=0.8031 ZSL: unseen accuracy=0.8906
[160/300]  Loss_D: -0.7876 Loss_G: 10.5016, Wasserstein_dist:1.0313, vae_loss_seen:269.9743 GZSL: seen=0.8417, unseen=0.7760, h=0.8075 ZSL: unseen accuracy=0.9167
[161/300]  Loss_D: -0.6984 Loss_G: 9.9911, Wasserstein_dist:0.9048, vae_loss_seen:265.9777 GZSL: seen=0.8337, unseen=0.7656, h=0.7982 ZSL: unseen accuracy=0.9219
[162/300]  Loss_D: -0.8272 Loss_G: 10.0848, Wasserstein_dist:1.1325, vae_loss_seen:276.2647 GZSL: seen=0.9048, unseen=0.6042, h=0.7245 ZSL: unseen accuracy=0.9375
[163/300]  Loss_D: -0.8460 Loss_G: 10.4371, Wasserstein_dist:1.1094, vae_loss_seen:267.2367 GZSL: seen=0.8175, unseen=0.7604, h=0.7879 ZSL: unseen accuracy=0.9479
[164/300]  Loss_D: -0.8329 Loss_G: 9.1412, Wasserstein_dist:1.0718, vae_loss_seen:269.2064 GZSL: seen=0.8393, unseen=0.7604, h=0.7979 ZSL: unseen accuracy=0.9219
[165/300]  Loss_D: -0.7281 Loss_G: 8.6736, Wasserstein_dist:0.9739, vae_loss_seen:270.6213 GZSL: seen=0.8194, unseen=0.7708, h=0.7944 ZSL: unseen accuracy=0.9062
[166/300]  Loss_D: -0.8763 Loss_G: 9.0729, Wasserstein_dist:1.1291, vae_loss_seen:269.7299 GZSL: seen=0.8543, unseen=0.6458, h=0.7356 ZSL: unseen accuracy=0.9219
[167/300]  Loss_D: -0.8064 Loss_G: 9.4364, Wasserstein_dist:1.0636, vae_loss_seen:265.3199 GZSL: seen=0.9365, unseen=0.5833, h=0.7189 ZSL: unseen accuracy=0.9271
[168/300]  Loss_D: -0.6988 Loss_G: 9.5044, Wasserstein_dist:0.9444, vae_loss_seen:262.8837 GZSL: seen=0.9118, unseen=0.6042, h=0.7268 ZSL: unseen accuracy=0.9323
[169/300]  Loss_D: -0.8397 Loss_G: 8.7828, Wasserstein_dist:1.0883, vae_loss_seen:270.7302 GZSL: seen=0.9246, unseen=0.5729, h=0.7075 ZSL: unseen accuracy=0.9219
[170/300]  Loss_D: -0.7290 Loss_G: 9.5910, Wasserstein_dist:0.9937, vae_loss_seen:262.2553 GZSL: seen=0.8254, unseen=0.5781, h=0.6800 ZSL: unseen accuracy=0.9167
[171/300]  Loss_D: -0.8092 Loss_G: 9.0524, Wasserstein_dist:1.0326, vae_loss_seen:272.3661 GZSL: seen=0.9425, unseen=0.5990, h=0.7324 ZSL: unseen accuracy=0.9219
[172/300]  Loss_D: -0.7723 Loss_G: 8.1910, Wasserstein_dist:1.0005, vae_loss_seen:266.0216 GZSL: seen=0.8575, unseen=0.7656, h=0.8090 ZSL: unseen accuracy=0.9115
[173/300]  Loss_D: -0.7297 Loss_G: 8.8230, Wasserstein_dist:0.9714, vae_loss_seen:258.6835 GZSL: seen=0.8317, unseen=0.5625, h=0.6711 ZSL: unseen accuracy=0.9271
[174/300]  Loss_D: -0.8185 Loss_G: 7.9821, Wasserstein_dist:1.0561, vae_loss_seen:268.3458 GZSL: seen=0.8595, unseen=0.7604, h=0.8069 ZSL: unseen accuracy=0.9219
[175/300]  Loss_D: -0.9393 Loss_G: 9.8115, Wasserstein_dist:1.2517, vae_loss_seen:273.8080 GZSL: seen=0.9365, unseen=0.5833, h=0.7189 ZSL: unseen accuracy=0.9479
[176/300]  Loss_D: -0.5940 Loss_G: 10.5373, Wasserstein_dist:0.8082, vae_loss_seen:257.6306 GZSL: seen=0.9484, unseen=0.5990, h=0.7342 ZSL: unseen accuracy=0.8958
[177/300]  Loss_D: -0.7797 Loss_G: 11.0921, Wasserstein_dist:1.0689, vae_loss_seen:262.7495 GZSL: seen=0.8626, unseen=0.7656, h=0.8112 ZSL: unseen accuracy=0.9115
[178/300]  Loss_D: -0.9497 Loss_G: 9.4575, Wasserstein_dist:1.2447, vae_loss_seen:267.9757 GZSL: seen=0.9246, unseen=0.6042, h=0.7308 ZSL: unseen accuracy=0.9271
[179/300]  Loss_D: -0.7798 Loss_G: 8.7544, Wasserstein_dist:0.9722, vae_loss_seen:258.9081 GZSL: seen=0.8810, unseen=0.5781, h=0.6981 ZSL: unseen accuracy=0.9167
[180/300]  Loss_D: -0.6383 Loss_G: 8.9147, Wasserstein_dist:0.8521, vae_loss_seen:272.2704 GZSL: seen=0.8079, unseen=0.7708, h=0.7889 ZSL: unseen accuracy=0.9062
[181/300]  Loss_D: -0.8538 Loss_G: 8.5582, Wasserstein_dist:1.0898, vae_loss_seen:271.0580 GZSL: seen=0.9071, unseen=0.5938, h=0.7177 ZSL: unseen accuracy=0.9219
[182/300]  Loss_D: -0.6511 Loss_G: 9.3123, Wasserstein_dist:0.9063, vae_loss_seen:267.1942 GZSL: seen=0.8607, unseen=0.7656, h=0.8104 ZSL: unseen accuracy=0.9219
[183/300]  Loss_D: -0.8033 Loss_G: 8.4457, Wasserstein_dist:1.0445, vae_loss_seen:264.7633 GZSL: seen=0.8829, unseen=0.5625, h=0.6872 ZSL: unseen accuracy=0.9219
[184/300]  Loss_D: -0.7145 Loss_G: 9.6690, Wasserstein_dist:0.9583, vae_loss_seen:265.3664 GZSL: seen=0.8317, unseen=0.7552, h=0.7916 ZSL: unseen accuracy=0.9271
[185/300]  Loss_D: -0.7384 Loss_G: 8.2069, Wasserstein_dist:1.0064, vae_loss_seen:276.8957 GZSL: seen=0.9127, unseen=0.5938, h=0.7195 ZSL: unseen accuracy=0.9167
[186/300]  Loss_D: -0.7100 Loss_G: 8.7701, Wasserstein_dist:0.9847, vae_loss_seen:265.2570 GZSL: seen=0.8507, unseen=0.7344, h=0.7883 ZSL: unseen accuracy=0.9115
[187/300]  Loss_D: -0.7177 Loss_G: 8.2056, Wasserstein_dist:0.9174, vae_loss_seen:266.7430 GZSL: seen=0.8571, unseen=0.7500, h=0.8000 ZSL: unseen accuracy=0.9271
[188/300]  Loss_D: -0.6897 Loss_G: 7.9682, Wasserstein_dist:0.8841, vae_loss_seen:257.9977 GZSL: seen=0.9306, unseen=0.5833, h=0.7171 ZSL: unseen accuracy=0.9271
[189/300]  Loss_D: -0.8570 Loss_G: 9.0124, Wasserstein_dist:1.1272, vae_loss_seen:271.1164 GZSL: seen=0.8790, unseen=0.5833, h=0.7013 ZSL: unseen accuracy=0.9271
[190/300]  Loss_D: -0.6843 Loss_G: 8.7778, Wasserstein_dist:0.9030, vae_loss_seen:264.9993 GZSL: seen=0.9122, unseen=0.5885, h=0.7155 ZSL: unseen accuracy=0.9219
[191/300]  Loss_D: -0.6085 Loss_G: 9.9979, Wasserstein_dist:0.8506, vae_loss_seen:269.8041 GZSL: seen=0.8929, unseen=0.5677, h=0.6941 ZSL: unseen accuracy=0.9167
[192/300]  Loss_D: -0.7089 Loss_G: 9.7303, Wasserstein_dist:0.9362, vae_loss_seen:267.3858 GZSL: seen=0.9107, unseen=0.5677, h=0.6994 ZSL: unseen accuracy=0.9271
[193/300]  Loss_D: -0.6898 Loss_G: 8.8495, Wasserstein_dist:0.9587, vae_loss_seen:272.1885 GZSL: seen=0.8801, unseen=0.6094, h=0.7201 ZSL: unseen accuracy=0.9219
[194/300]  Loss_D: -0.8154 Loss_G: 8.7774, Wasserstein_dist:1.0126, vae_loss_seen:264.3768 GZSL: seen=0.8841, unseen=0.5781, h=0.6991 ZSL: unseen accuracy=0.9219
[195/300]  Loss_D: -0.7623 Loss_G: 8.3833, Wasserstein_dist:1.0005, vae_loss_seen:263.6623 GZSL: seen=0.9122, unseen=0.5833, h=0.7116 ZSL: unseen accuracy=0.9271
[196/300]  Loss_D: -0.8193 Loss_G: 7.7078, Wasserstein_dist:1.0591, vae_loss_seen:267.4182 GZSL: seen=0.9198, unseen=0.5833, h=0.7139 ZSL: unseen accuracy=0.9271
[197/300]  Loss_D: -0.6915 Loss_G: 8.7433, Wasserstein_dist:0.9663, vae_loss_seen:266.3592 GZSL: seen=0.8940, unseen=0.7708, h=0.8279 ZSL: unseen accuracy=0.8750
[198/300]  Loss_D: -0.9201 Loss_G: 7.9663, Wasserstein_dist:1.1928, vae_loss_seen:267.4973 GZSL: seen=0.8929, unseen=0.7604, h=0.8213 ZSL: unseen accuracy=0.9219
[199/300]  Loss_D: -0.9130 Loss_G: 7.1396, Wasserstein_dist:1.1495, vae_loss_seen:270.3794 GZSL: seen=0.8774, unseen=0.7604, h=0.8147 ZSL: unseen accuracy=0.9271
[200/300]  Loss_D: -0.6946 Loss_G: 6.9841, Wasserstein_dist:0.9242, vae_loss_seen:260.3791 GZSL: seen=0.8730, unseen=0.6979, h=0.7757 ZSL: unseen accuracy=0.9219
[201/300]  Loss_D: -0.8063 Loss_G: 8.3490, Wasserstein_dist:1.0722, vae_loss_seen:273.9635 GZSL: seen=0.8536, unseen=0.5990, h=0.7039 ZSL: unseen accuracy=0.9219
[202/300]  Loss_D: -0.7459 Loss_G: 7.3238, Wasserstein_dist:0.9770, vae_loss_seen:254.3247 GZSL: seen=0.8924, unseen=0.5990, h=0.7168 ZSL: unseen accuracy=0.9427
[203/300]  Loss_D: -0.6708 Loss_G: 7.1218, Wasserstein_dist:0.9022, vae_loss_seen:265.2155 GZSL: seen=0.8671, unseen=0.7448, h=0.8013 ZSL: unseen accuracy=0.9219
[204/300]  Loss_D: -0.7271 Loss_G: 8.2733, Wasserstein_dist:0.9192, vae_loss_seen:267.7701 GZSL: seen=0.8384, unseen=0.6510, h=0.7330 ZSL: unseen accuracy=0.9219
[205/300]  Loss_D: -0.7239 Loss_G: 7.6429, Wasserstein_dist:0.9373, vae_loss_seen:266.9987 GZSL: seen=0.8861, unseen=0.6198, h=0.7294 ZSL: unseen accuracy=0.9323
[206/300]  Loss_D: -0.9146 Loss_G: 8.7223, Wasserstein_dist:1.2207, vae_loss_seen:273.3325 GZSL: seen=0.8933, unseen=0.5729, h=0.6981 ZSL: unseen accuracy=0.9219
[207/300]  Loss_D: -0.8123 Loss_G: 6.8611, Wasserstein_dist:1.0365, vae_loss_seen:263.3412 GZSL: seen=0.8750, unseen=0.6094, h=0.7184 ZSL: unseen accuracy=0.9271
[208/300]  Loss_D: -0.7538 Loss_G: 8.0855, Wasserstein_dist:0.9555, vae_loss_seen:262.8018 GZSL: seen=0.8433, unseen=0.7552, h=0.7968 ZSL: unseen accuracy=0.9219
[209/300]  Loss_D: -0.7373 Loss_G: 8.3966, Wasserstein_dist:0.9720, vae_loss_seen:266.8283 GZSL: seen=0.8595, unseen=0.7031, h=0.7735 ZSL: unseen accuracy=0.9219
[210/300]  Loss_D: -0.7786 Loss_G: 6.9609, Wasserstein_dist:1.0273, vae_loss_seen:261.3658 GZSL: seen=0.8452, unseen=0.5885, h=0.6939 ZSL: unseen accuracy=0.9167
[211/300]  Loss_D: -0.7488 Loss_G: 6.2927, Wasserstein_dist:0.9667, vae_loss_seen:260.9843 GZSL: seen=0.8741, unseen=0.5938, h=0.7072 ZSL: unseen accuracy=0.9219
[212/300]  Loss_D: -0.7188 Loss_G: 8.5913, Wasserstein_dist:0.9782, vae_loss_seen:273.2270 GZSL: seen=0.9286, unseen=0.5781, h=0.7126 ZSL: unseen accuracy=0.9167
[213/300]  Loss_D: -0.6579 Loss_G: 7.5030, Wasserstein_dist:0.9055, vae_loss_seen:269.0863 GZSL: seen=0.8813, unseen=0.7344, h=0.8012 ZSL: unseen accuracy=0.9219
[214/300]  Loss_D: -0.7786 Loss_G: 7.4475, Wasserstein_dist:1.0334, vae_loss_seen:258.9453 GZSL: seen=0.8313, unseen=0.7500, h=0.7886 ZSL: unseen accuracy=0.9271
[215/300]  Loss_D: -0.7463 Loss_G: 7.2572, Wasserstein_dist:0.9801, vae_loss_seen:270.8077 GZSL: seen=0.8944, unseen=0.7500, h=0.8159 ZSL: unseen accuracy=0.9010
[216/300]  Loss_D: -0.6234 Loss_G: 7.0267, Wasserstein_dist:0.8181, vae_loss_seen:256.5696 GZSL: seen=0.8857, unseen=0.6042, h=0.7183 ZSL: unseen accuracy=0.9271
[217/300]  Loss_D: -0.6827 Loss_G: 6.5808, Wasserstein_dist:0.9029, vae_loss_seen:258.0549 GZSL: seen=0.8433, unseen=0.5885, h=0.6932 ZSL: unseen accuracy=0.9167
[218/300]  Loss_D: -0.7379 Loss_G: 6.2098, Wasserstein_dist:0.9402, vae_loss_seen:264.6584 GZSL: seen=0.8547, unseen=0.5260, h=0.6513 ZSL: unseen accuracy=0.9219
[219/300]  Loss_D: -0.6816 Loss_G: 6.9666, Wasserstein_dist:0.9423, vae_loss_seen:269.8804 GZSL: seen=0.8397, unseen=0.7604, h=0.7981 ZSL: unseen accuracy=0.9271
[220/300]  Loss_D: -0.5765 Loss_G: 6.2966, Wasserstein_dist:0.7950, vae_loss_seen:263.1126 GZSL: seen=0.8741, unseen=0.7552, h=0.8103 ZSL: unseen accuracy=0.9167
[221/300]  Loss_D: -0.6125 Loss_G: 7.9596, Wasserstein_dist:0.7928, vae_loss_seen:264.4250 GZSL: seen=0.8440, unseen=0.7188, h=0.7764 ZSL: unseen accuracy=0.9219
[222/300]  Loss_D: -0.6903 Loss_G: 6.7468, Wasserstein_dist:0.9432, vae_loss_seen:273.1731 GZSL: seen=0.8444, unseen=0.5729, h=0.6827 ZSL: unseen accuracy=0.9271
[223/300]  Loss_D: -0.7110 Loss_G: 6.7454, Wasserstein_dist:0.9441, vae_loss_seen:257.7721 GZSL: seen=0.8472, unseen=0.5417, h=0.6608 ZSL: unseen accuracy=0.9271
[224/300]  Loss_D: -0.8226 Loss_G: 7.6740, Wasserstein_dist:1.0813, vae_loss_seen:260.8223 GZSL: seen=0.8992, unseen=0.5781, h=0.7038 ZSL: unseen accuracy=0.9271
[225/300]  Loss_D: -0.7803 Loss_G: 7.5121, Wasserstein_dist:0.9917, vae_loss_seen:266.8790 GZSL: seen=0.8527, unseen=0.5990, h=0.7037 ZSL: unseen accuracy=0.9323
[226/300]  Loss_D: -0.7121 Loss_G: 7.4875, Wasserstein_dist:0.9641, vae_loss_seen:265.1865 GZSL: seen=0.8496, unseen=0.7448, h=0.7938 ZSL: unseen accuracy=0.9375
[227/300]  Loss_D: -0.7439 Loss_G: 7.5647, Wasserstein_dist:0.9484, vae_loss_seen:266.9686 GZSL: seen=0.9107, unseen=0.6042, h=0.7264 ZSL: unseen accuracy=0.9375
[228/300]  Loss_D: -0.7445 Loss_G: 7.2187, Wasserstein_dist:1.0350, vae_loss_seen:272.7783 GZSL: seen=0.8269, unseen=0.6042, h=0.6982 ZSL: unseen accuracy=0.9323
[229/300]  Loss_D: -0.9760 Loss_G: 6.1067, Wasserstein_dist:1.2108, vae_loss_seen:265.4094 GZSL: seen=0.9187, unseen=0.5781, h=0.7097 ZSL: unseen accuracy=0.9375
[230/300]  Loss_D: -0.7808 Loss_G: 4.9897, Wasserstein_dist:1.0244, vae_loss_seen:264.3036 GZSL: seen=0.8646, unseen=0.7552, h=0.8062 ZSL: unseen accuracy=0.9271
[231/300]  Loss_D: -0.7991 Loss_G: 7.0146, Wasserstein_dist:1.0525, vae_loss_seen:266.6760 GZSL: seen=0.9107, unseen=0.5833, h=0.7112 ZSL: unseen accuracy=0.9219
[232/300]  Loss_D: -0.7354 Loss_G: 5.3985, Wasserstein_dist:0.9439, vae_loss_seen:268.0200 GZSL: seen=0.8428, unseen=0.7760, h=0.8080 ZSL: unseen accuracy=0.9427
[233/300]  Loss_D: -0.6587 Loss_G: 6.8353, Wasserstein_dist:0.8458, vae_loss_seen:255.7689 GZSL: seen=0.8491, unseen=0.7396, h=0.7906 ZSL: unseen accuracy=0.9323
[234/300]  Loss_D: -0.7355 Loss_G: 6.4647, Wasserstein_dist:0.9653, vae_loss_seen:268.4313 GZSL: seen=0.8622, unseen=0.7396, h=0.7962 ZSL: unseen accuracy=0.9219
[235/300]  Loss_D: -0.7594 Loss_G: 7.8652, Wasserstein_dist:1.0009, vae_loss_seen:261.1717 GZSL: seen=0.8968, unseen=0.5000, h=0.6420 ZSL: unseen accuracy=0.9271
[236/300]  Loss_D: -0.8753 Loss_G: 6.1146, Wasserstein_dist:1.1640, vae_loss_seen:271.2386 GZSL: seen=0.8159, unseen=0.6406, h=0.7177 ZSL: unseen accuracy=0.9167
[237/300]  Loss_D: -0.6057 Loss_G: 6.3283, Wasserstein_dist:0.8113, vae_loss_seen:256.5261 GZSL: seen=0.8552, unseen=0.7552, h=0.8021 ZSL: unseen accuracy=0.9219
[238/300]  Loss_D: -0.6702 Loss_G: 6.7601, Wasserstein_dist:0.8605, vae_loss_seen:267.4750 GZSL: seen=0.9187, unseen=0.5677, h=0.7017 ZSL: unseen accuracy=0.9271
[239/300]  Loss_D: -0.6253 Loss_G: 6.8026, Wasserstein_dist:0.8302, vae_loss_seen:263.5096 GZSL: seen=0.8933, unseen=0.7604, h=0.8215 ZSL: unseen accuracy=0.9115
[240/300]  Loss_D: -0.6654 Loss_G: 7.6625, Wasserstein_dist:0.8848, vae_loss_seen:263.2747 GZSL: seen=0.8869, unseen=0.5885, h=0.7076 ZSL: unseen accuracy=0.9271
[241/300]  Loss_D: -0.6279 Loss_G: 6.4248, Wasserstein_dist:0.8015, vae_loss_seen:262.1391 GZSL: seen=0.8496, unseen=0.7448, h=0.7938 ZSL: unseen accuracy=0.9271
[242/300]  Loss_D: -0.6343 Loss_G: 6.7679, Wasserstein_dist:0.8966, vae_loss_seen:270.5579 GZSL: seen=0.8452, unseen=0.7448, h=0.7918 ZSL: unseen accuracy=0.9479
[243/300]  Loss_D: -0.6558 Loss_G: 6.3133, Wasserstein_dist:0.8584, vae_loss_seen:272.0620 GZSL: seen=0.8622, unseen=0.7604, h=0.8081 ZSL: unseen accuracy=0.9271
[244/300]  Loss_D: -0.8192 Loss_G: 6.2750, Wasserstein_dist:1.0736, vae_loss_seen:269.2729 GZSL: seen=0.8646, unseen=0.7448, h=0.8002 ZSL: unseen accuracy=0.9271
[245/300]  Loss_D: -0.7849 Loss_G: 6.2039, Wasserstein_dist:0.9980, vae_loss_seen:271.4570 GZSL: seen=0.8750, unseen=0.7812, h=0.8255 ZSL: unseen accuracy=0.9271
[246/300]  Loss_D: -0.6940 Loss_G: 4.5942, Wasserstein_dist:0.8924, vae_loss_seen:259.5604 GZSL: seen=0.8940, unseen=0.6979, h=0.7839 ZSL: unseen accuracy=0.9427
[247/300]  Loss_D: -0.5989 Loss_G: 6.4165, Wasserstein_dist:0.8340, vae_loss_seen:265.0829 GZSL: seen=0.8563, unseen=0.7708, h=0.8113 ZSL: unseen accuracy=0.9375
[248/300]  Loss_D: -0.9025 Loss_G: 6.6125, Wasserstein_dist:1.1525, vae_loss_seen:275.2071 GZSL: seen=0.8532, unseen=0.6823, h=0.7582 ZSL: unseen accuracy=0.9219
[249/300]  Loss_D: -0.7146 Loss_G: 6.5678, Wasserstein_dist:0.9614, vae_loss_seen:261.5066 GZSL: seen=0.9138, unseen=0.5938, h=0.7198 ZSL: unseen accuracy=0.9219
[250/300]  Loss_D: -0.7379 Loss_G: 5.4822, Wasserstein_dist:0.9605, vae_loss_seen:258.2064 GZSL: seen=0.8552, unseen=0.7708, h=0.8108 ZSL: unseen accuracy=0.9323
[251/300]  Loss_D: -0.5709 Loss_G: 6.7116, Wasserstein_dist:0.8039, vae_loss_seen:265.9821 GZSL: seen=0.8337, unseen=0.5938, h=0.6936 ZSL: unseen accuracy=0.9375
[252/300]  Loss_D: -0.5975 Loss_G: 6.5058, Wasserstein_dist:0.8573, vae_loss_seen:261.4210 GZSL: seen=0.8452, unseen=0.7552, h=0.7977 ZSL: unseen accuracy=0.9271
[253/300]  Loss_D: -0.7411 Loss_G: 4.9447, Wasserstein_dist:0.9511, vae_loss_seen:262.8319 GZSL: seen=0.9059, unseen=0.6042, h=0.7249 ZSL: unseen accuracy=0.9323
[254/300]  Loss_D: -0.6374 Loss_G: 5.3269, Wasserstein_dist:0.8762, vae_loss_seen:264.6610 GZSL: seen=0.8770, unseen=0.5990, h=0.7118 ZSL: unseen accuracy=0.9219
[255/300]  Loss_D: -0.7969 Loss_G: 5.5564, Wasserstein_dist:1.0166, vae_loss_seen:261.5195 GZSL: seen=0.8706, unseen=0.6250, h=0.7276 ZSL: unseen accuracy=0.9219
[256/300]  Loss_D: -0.8952 Loss_G: 5.6959, Wasserstein_dist:1.1386, vae_loss_seen:267.2029 GZSL: seen=0.8218, unseen=0.6667, h=0.7362 ZSL: unseen accuracy=0.9219
[257/300]  Loss_D: -0.6981 Loss_G: 5.6569, Wasserstein_dist:0.9156, vae_loss_seen:255.9640 GZSL: seen=0.8655, unseen=0.6823, h=0.7630 ZSL: unseen accuracy=0.9219
[258/300]  Loss_D: -0.7559 Loss_G: 5.7379, Wasserstein_dist:0.9831, vae_loss_seen:265.1684 GZSL: seen=0.8861, unseen=0.7500, h=0.8124 ZSL: unseen accuracy=0.9323
[259/300]  Loss_D: -0.5884 Loss_G: 5.5708, Wasserstein_dist:0.7873, vae_loss_seen:256.5495 GZSL: seen=0.9063, unseen=0.5260, h=0.6657 ZSL: unseen accuracy=0.9271
[260/300]  Loss_D: -0.7246 Loss_G: 5.0643, Wasserstein_dist:0.9713, vae_loss_seen:264.8619 GZSL: seen=0.8615, unseen=0.5938, h=0.7030 ZSL: unseen accuracy=0.9375
[261/300]  Loss_D: -0.7906 Loss_G: 6.2146, Wasserstein_dist:1.0060, vae_loss_seen:269.7213 GZSL: seen=0.9127, unseen=0.5990, h=0.7233 ZSL: unseen accuracy=0.9427
[262/300]  Loss_D: -0.6817 Loss_G: 5.2047, Wasserstein_dist:0.9026, vae_loss_seen:264.2952 GZSL: seen=0.9071, unseen=0.7396, h=0.8148 ZSL: unseen accuracy=0.9271
[263/300]  Loss_D: -0.6269 Loss_G: 6.7846, Wasserstein_dist:0.8531, vae_loss_seen:260.8756 GZSL: seen=0.8869, unseen=0.7552, h=0.8158 ZSL: unseen accuracy=0.9323
[264/300]  Loss_D: -0.9276 Loss_G: 6.6042, Wasserstein_dist:1.2899, vae_loss_seen:273.0263 GZSL: seen=0.8682, unseen=0.5885, h=0.7015 ZSL: unseen accuracy=0.9010
[265/300]  Loss_D: -0.6540 Loss_G: 6.8018, Wasserstein_dist:0.8553, vae_loss_seen:264.9370 GZSL: seen=0.8611, unseen=0.7396, h=0.7957 ZSL: unseen accuracy=0.9271
[266/300]  Loss_D: -0.7425 Loss_G: 4.9147, Wasserstein_dist:0.9435, vae_loss_seen:260.5072 GZSL: seen=0.9039, unseen=0.6094, h=0.7280 ZSL: unseen accuracy=0.9427
[267/300]  Loss_D: -0.8453 Loss_G: 5.7099, Wasserstein_dist:1.0643, vae_loss_seen:271.7887 GZSL: seen=0.8790, unseen=0.7708, h=0.8214 ZSL: unseen accuracy=0.9375
[268/300]  Loss_D: -0.6751 Loss_G: 5.5642, Wasserstein_dist:0.9009, vae_loss_seen:260.4798 GZSL: seen=0.9127, unseen=0.5885, h=0.7156 ZSL: unseen accuracy=0.9531
[269/300]  Loss_D: -0.6302 Loss_G: 7.5301, Wasserstein_dist:0.8382, vae_loss_seen:258.9748 GZSL: seen=0.8825, unseen=0.7344, h=0.8016 ZSL: unseen accuracy=0.9219
[270/300]  Loss_D: -0.7536 Loss_G: 6.0374, Wasserstein_dist:0.9527, vae_loss_seen:262.1585 GZSL: seen=0.8761, unseen=0.7396, h=0.8021 ZSL: unseen accuracy=0.9271
[271/300]  Loss_D: -0.7944 Loss_G: 5.5572, Wasserstein_dist:1.0365, vae_loss_seen:257.8082 GZSL: seen=0.8810, unseen=0.7708, h=0.8222 ZSL: unseen accuracy=0.9323
[272/300]  Loss_D: -0.6823 Loss_G: 4.8593, Wasserstein_dist:0.9038, vae_loss_seen:258.7755 GZSL: seen=0.8722, unseen=0.5885, h=0.7028 ZSL: unseen accuracy=0.9271
[273/300]  Loss_D: -0.6743 Loss_G: 3.3183, Wasserstein_dist:0.8965, vae_loss_seen:261.3091 GZSL: seen=0.8202, unseen=0.7604, h=0.7892 ZSL: unseen accuracy=0.8958
[274/300]  Loss_D: -0.7118 Loss_G: 5.2052, Wasserstein_dist:0.9183, vae_loss_seen:264.7154 GZSL: seen=0.8365, unseen=0.7448, h=0.7880 ZSL: unseen accuracy=0.9323
[275/300]  Loss_D: -0.7121 Loss_G: 5.4565, Wasserstein_dist:0.9851, vae_loss_seen:266.0332 GZSL: seen=0.8492, unseen=0.7656, h=0.8053 ZSL: unseen accuracy=0.9219
[276/300]  Loss_D: -0.6977 Loss_G: 5.4244, Wasserstein_dist:0.9127, vae_loss_seen:268.0805 GZSL: seen=0.9127, unseen=0.7656, h=0.8327 ZSL: unseen accuracy=0.9271
[277/300]  Loss_D: -0.7070 Loss_G: 4.9701, Wasserstein_dist:0.8842, vae_loss_seen:261.4060 GZSL: seen=0.8289, unseen=0.7552, h=0.7903 ZSL: unseen accuracy=0.9271
[278/300]  Loss_D: -0.6593 Loss_G: 4.6939, Wasserstein_dist:0.8983, vae_loss_seen:264.1644 GZSL: seen=0.8980, unseen=0.7448, h=0.8142 ZSL: unseen accuracy=0.9219
[279/300]  Loss_D: -0.6655 Loss_G: 5.2935, Wasserstein_dist:0.8657, vae_loss_seen:254.6140 GZSL: seen=0.8873, unseen=0.7500, h=0.8129 ZSL: unseen accuracy=0.9375
[280/300]  Loss_D: -0.7014 Loss_G: 4.8709, Wasserstein_dist:0.9358, vae_loss_seen:262.8320 GZSL: seen=0.8437, unseen=0.6042, h=0.7041 ZSL: unseen accuracy=0.9062
[281/300]  Loss_D: -0.5559 Loss_G: 6.5119, Wasserstein_dist:0.8090, vae_loss_seen:259.8248 GZSL: seen=0.8635, unseen=0.7656, h=0.8116 ZSL: unseen accuracy=0.9323
[282/300]  Loss_D: -0.7465 Loss_G: 5.7029, Wasserstein_dist:0.9789, vae_loss_seen:272.6866 GZSL: seen=0.8381, unseen=0.7396, h=0.7858 ZSL: unseen accuracy=0.9219
[283/300]  Loss_D: -0.6058 Loss_G: 5.4882, Wasserstein_dist:0.7747, vae_loss_seen:255.1724 GZSL: seen=0.8718, unseen=0.7031, h=0.7784 ZSL: unseen accuracy=0.9219
[284/300]  Loss_D: -0.6090 Loss_G: 4.8758, Wasserstein_dist:0.7947, vae_loss_seen:255.8100 GZSL: seen=0.8552, unseen=0.7656, h=0.8079 ZSL: unseen accuracy=0.9219
[285/300]  Loss_D: -0.6452 Loss_G: 3.3056, Wasserstein_dist:0.8865, vae_loss_seen:260.9902 GZSL: seen=0.8794, unseen=0.6771, h=0.7651 ZSL: unseen accuracy=0.9323
[286/300]  Loss_D: -0.7064 Loss_G: 3.7614, Wasserstein_dist:0.9105, vae_loss_seen:260.9662 GZSL: seen=0.8754, unseen=0.6979, h=0.7766 ZSL: unseen accuracy=0.9271
[287/300]  Loss_D: -0.8010 Loss_G: 4.4750, Wasserstein_dist:1.0286, vae_loss_seen:264.5853 GZSL: seen=0.8722, unseen=0.6458, h=0.7421 ZSL: unseen accuracy=0.9271
[288/300]  Loss_D: -0.7655 Loss_G: 4.7074, Wasserstein_dist:0.9507, vae_loss_seen:264.4356 GZSL: seen=0.8238, unseen=0.7448, h=0.7823 ZSL: unseen accuracy=0.8854
[289/300]  Loss_D: -0.6216 Loss_G: 4.4109, Wasserstein_dist:0.8332, vae_loss_seen:259.8952 GZSL: seen=0.8626, unseen=0.7812, h=0.8199 ZSL: unseen accuracy=0.9323
[290/300]  Loss_D: -0.6438 Loss_G: 3.1484, Wasserstein_dist:0.8501, vae_loss_seen:252.5413 GZSL: seen=0.9246, unseen=0.6042, h=0.7308 ZSL: unseen accuracy=0.9479
[291/300]  Loss_D: -0.7659 Loss_G: 5.8661, Wasserstein_dist:1.0528, vae_loss_seen:269.6444 GZSL: seen=0.8849, unseen=0.5833, h=0.7032 ZSL: unseen accuracy=0.9323
[292/300]  Loss_D: -0.7273 Loss_G: 3.5246, Wasserstein_dist:0.9221, vae_loss_seen:255.5538 GZSL: seen=0.9028, unseen=0.6667, h=0.7670 ZSL: unseen accuracy=0.9219
[293/300]  Loss_D: -0.6527 Loss_G: 3.9238, Wasserstein_dist:0.8865, vae_loss_seen:267.5829 GZSL: seen=0.8253, unseen=0.7448, h=0.7830 ZSL: unseen accuracy=0.9062
[294/300]  Loss_D: -0.6371 Loss_G: 2.4376, Wasserstein_dist:0.8166, vae_loss_seen:259.5889 GZSL: seen=0.8091, unseen=0.7552, h=0.7812 ZSL: unseen accuracy=0.9323
[295/300]  Loss_D: -0.7500 Loss_G: 3.3410, Wasserstein_dist:0.9785, vae_loss_seen:265.4055 GZSL: seen=0.8730, unseen=0.5833, h=0.6994 ZSL: unseen accuracy=0.8958
[296/300]  Loss_D: -0.6275 Loss_G: 4.1512, Wasserstein_dist:0.8386, vae_loss_seen:258.8425 GZSL: seen=0.8603, unseen=0.7448, h=0.7984 ZSL: unseen accuracy=0.9167
[297/300]  Loss_D: -0.7307 Loss_G: 4.9374, Wasserstein_dist:0.9385, vae_loss_seen:266.4076 GZSL: seen=0.8900, unseen=0.6250, h=0.7343 ZSL: unseen accuracy=0.9271
[298/300]  Loss_D: -0.6241 Loss_G: 3.3619, Wasserstein_dist:0.8348, vae_loss_seen:262.1411 GZSL: seen=0.8869, unseen=0.7031, h=0.7844 ZSL: unseen accuracy=0.9323
[299/300]  Loss_D: -0.6009 Loss_G: 3.6077, Wasserstein_dist:0.8008, vae_loss_seen:246.8608 GZSL: seen=0.8599, unseen=0.7708, h=0.8129 ZSL: unseen accuracy=0.9062
Dataset RADAR
the best ZSL unseen accuracy is 1.0
Dataset RADAR
the best GZSL seen accuracy is 0.9126984126984126
the best GZSL unseen accuracy is 0.765625
the best GZSL H is 0.8327176001182207
