Random Seed:  3407
# of training samples:  538
Encoder(
  (fc1): Linear(in_features=2048, out_features=4096, bias=True)
  (fc3): Linear(in_features=4096, out_features=2048, bias=True)
  (lrelu): LeakyReLU(0.2, inplace)
  (linear_means): Linear(in_features=2048, out_features=1024, bias=True)
  (linear_log_var): Linear(in_features=2048, out_features=1024, bias=True)
)
Generator(
  (fc1): Linear(in_features=2048, out_features=4096, bias=True)
  (fc3): Linear(in_features=4096, out_features=1024, bias=True)
  (lrelu): LeakyReLU(0.2, inplace)
  (sigmoid): Sigmoid()
)
Discriminator_D1(
  (fc1): Linear(in_features=2048, out_features=4096, bias=True)
  (fc2): Linear(in_features=4096, out_features=1, bias=True)
  (lrelu): LeakyReLU(0.2, inplace)
)
Feedback(
  (fc1): Linear(in_features=4096, out_features=4096, bias=True)
  (fc2): Linear(in_features=4096, out_features=4096, bias=True)
  (lrelu): LeakyReLU(0.2, inplace)
)
AttDec(
  (fc1): Linear(in_features=1024, out_features=4096, bias=True)
  (fc3): Linear(in_features=4096, out_features=1024, bias=True)
  (lrelu): LeakyReLU(0.2, inplace)
)
[0/300]  Loss_D: -10.2945 Loss_G: 0.3673, Wasserstein_dist:12.8926, vae_loss_seen:492.1152 GZSL: seen=0.7921, unseen=0.1667, h=0.2754 ZSL: unseen accuracy=0.3333
[1/300]  Loss_D: -4.8703 Loss_G: -5.3956, Wasserstein_dist:6.3429, vae_loss_seen:351.9823 GZSL: seen=0.8016, unseen=0.0208, h=0.0406 ZSL: unseen accuracy=0.3958
[2/300]  Loss_D: -1.6383 Loss_G: -5.1334, Wasserstein_dist:2.1649, vae_loss_seen:313.8365 GZSL: seen=0.7881, unseen=0.1667, h=0.2751 ZSL: unseen accuracy=0.4583
[3/300]  Loss_D: -0.9754 Loss_G: -3.8938, Wasserstein_dist:1.3597, vae_loss_seen:299.9027 GZSL: seen=0.8274, unseen=0.0260, h=0.0505 ZSL: unseen accuracy=0.3073
[4/300]  Loss_D: -1.1810 Loss_G: -4.8386, Wasserstein_dist:1.4722, vae_loss_seen:302.7870 GZSL: seen=0.8307, unseen=0.1667, h=0.2776 ZSL: unseen accuracy=0.5677
[5/300]  Loss_D: -1.2408 Loss_G: -3.6184, Wasserstein_dist:1.5310, vae_loss_seen:303.4079 GZSL: seen=0.8095, unseen=0.0521, h=0.0979 ZSL: unseen accuracy=0.5938
[6/300]  Loss_D: -1.3600 Loss_G: -1.4060, Wasserstein_dist:1.7422, vae_loss_seen:319.6719 GZSL: seen=0.7484, unseen=0.2969, h=0.4251 ZSL: unseen accuracy=0.3125
[7/300]  Loss_D: -1.6735 Loss_G: -0.2114, Wasserstein_dist:2.0161, vae_loss_seen:338.1073 GZSL: seen=0.7833, unseen=0.0833, h=0.1506 ZSL: unseen accuracy=0.3385
[8/300]  Loss_D: -1.9207 Loss_G: 1.5870, Wasserstein_dist:2.2974, vae_loss_seen:359.2601 GZSL: seen=0.8190, unseen=0.2448, h=0.3769 ZSL: unseen accuracy=0.4219
[9/300]  Loss_D: -1.7773 Loss_G: 3.6604, Wasserstein_dist:2.3244, vae_loss_seen:367.5799 GZSL: seen=0.8000, unseen=0.0885, h=0.1594 ZSL: unseen accuracy=0.5781
[10/300]  Loss_D: -1.8611 Loss_G: 4.7918, Wasserstein_dist:2.3566, vae_loss_seen:369.9216 GZSL: seen=0.7825, unseen=0.2031, h=0.3225 ZSL: unseen accuracy=0.2604
[11/300]  Loss_D: -1.7470 Loss_G: 5.6727, Wasserstein_dist:2.3684, vae_loss_seen:382.2341 GZSL: seen=0.8413, unseen=0.0729, h=0.1342 ZSL: unseen accuracy=0.3021
[12/300]  Loss_D: -1.8577 Loss_G: 5.5822, Wasserstein_dist:2.4512, vae_loss_seen:381.8567 GZSL: seen=0.8360, unseen=0.1615, h=0.2706 ZSL: unseen accuracy=0.2917
[13/300]  Loss_D: -1.6606 Loss_G: 5.7473, Wasserstein_dist:2.3188, vae_loss_seen:383.9405 GZSL: seen=0.8095, unseen=0.1719, h=0.2835 ZSL: unseen accuracy=0.3802
[14/300]  Loss_D: -1.7925 Loss_G: 6.3314, Wasserstein_dist:2.3284, vae_loss_seen:385.7915 GZSL: seen=0.7444, unseen=0.1302, h=0.2216 ZSL: unseen accuracy=0.3594
[15/300]  Loss_D: -1.7577 Loss_G: 7.4099, Wasserstein_dist:2.2851, vae_loss_seen:392.6116 GZSL: seen=0.8095, unseen=0.0990, h=0.1764 ZSL: unseen accuracy=0.3333
[16/300]  Loss_D: -1.8691 Loss_G: 6.7537, Wasserstein_dist:2.3864, vae_loss_seen:389.2305 GZSL: seen=0.7683, unseen=0.0885, h=0.1588 ZSL: unseen accuracy=0.2917
[17/300]  Loss_D: -1.5603 Loss_G: 6.1804, Wasserstein_dist:2.0937, vae_loss_seen:369.5291 GZSL: seen=0.8538, unseen=0.1875, h=0.3075 ZSL: unseen accuracy=0.4167
[18/300]  Loss_D: -1.7773 Loss_G: 6.8851, Wasserstein_dist:2.3143, vae_loss_seen:385.2148 GZSL: seen=0.6810, unseen=0.1719, h=0.2745 ZSL: unseen accuracy=0.3073
[19/300]  Loss_D: -1.8678 Loss_G: 6.0068, Wasserstein_dist:2.3697, vae_loss_seen:378.2564 GZSL: seen=0.9660, unseen=0.0990, h=0.1795 ZSL: unseen accuracy=0.4010
[20/300]  Loss_D: -1.5425 Loss_G: 7.8218, Wasserstein_dist:2.0986, vae_loss_seen:386.5635 GZSL: seen=0.6988, unseen=0.1302, h=0.2195 ZSL: unseen accuracy=0.3750
[21/300]  Loss_D: -1.4847 Loss_G: 6.4609, Wasserstein_dist:1.9771, vae_loss_seen:373.4359 GZSL: seen=0.8095, unseen=0.1927, h=0.3113 ZSL: unseen accuracy=0.4010
[22/300]  Loss_D: -1.4871 Loss_G: 7.3629, Wasserstein_dist:1.9375, vae_loss_seen:385.3663 GZSL: seen=0.6571, unseen=0.1406, h=0.2317 ZSL: unseen accuracy=0.4688
[23/300]  Loss_D: -1.5025 Loss_G: 7.4525, Wasserstein_dist:1.9826, vae_loss_seen:378.8159 GZSL: seen=0.6929, unseen=0.2812, h=0.4001 ZSL: unseen accuracy=0.4115
[24/300]  Loss_D: -1.4191 Loss_G: 8.1360, Wasserstein_dist:1.9262, vae_loss_seen:397.7129 GZSL: seen=0.6810, unseen=0.2708, h=0.3875 ZSL: unseen accuracy=0.2865
[25/300]  Loss_D: -1.4796 Loss_G: 7.7998, Wasserstein_dist:1.8801, vae_loss_seen:386.8256 GZSL: seen=0.6677, unseen=0.2344, h=0.3470 ZSL: unseen accuracy=0.2344
[26/300]  Loss_D: -1.2139 Loss_G: 8.1634, Wasserstein_dist:1.6546, vae_loss_seen:390.6712 GZSL: seen=0.6238, unseen=0.2917, h=0.3975 ZSL: unseen accuracy=0.2396
[27/300]  Loss_D: -1.4487 Loss_G: 9.8476, Wasserstein_dist:1.8454, vae_loss_seen:402.4059 GZSL: seen=0.7560, unseen=0.1823, h=0.2937 ZSL: unseen accuracy=0.3021
[28/300]  Loss_D: -1.3751 Loss_G: 8.0138, Wasserstein_dist:1.7973, vae_loss_seen:387.0901 GZSL: seen=0.7464, unseen=0.1510, h=0.2512 ZSL: unseen accuracy=0.2917
[29/300]  Loss_D: -1.3211 Loss_G: 7.6315, Wasserstein_dist:1.7107, vae_loss_seen:374.1514 GZSL: seen=0.7008, unseen=0.1406, h=0.2342 ZSL: unseen accuracy=0.3021
[30/300]  Loss_D: -1.2896 Loss_G: 10.5748, Wasserstein_dist:1.6900, vae_loss_seen:398.7190 GZSL: seen=0.6571, unseen=0.2969, h=0.4090 ZSL: unseen accuracy=0.3021
[31/300]  Loss_D: -1.1344 Loss_G: 7.6777, Wasserstein_dist:1.4805, vae_loss_seen:384.4136 GZSL: seen=0.5778, unseen=0.2812, h=0.3783 ZSL: unseen accuracy=0.4062
[32/300]  Loss_D: -1.0922 Loss_G: 8.1669, Wasserstein_dist:1.4540, vae_loss_seen:375.0410 GZSL: seen=0.6452, unseen=0.1406, h=0.2309 ZSL: unseen accuracy=0.2917
[33/300]  Loss_D: -1.1125 Loss_G: 9.2812, Wasserstein_dist:1.4477, vae_loss_seen:379.5613 GZSL: seen=0.6423, unseen=0.1302, h=0.2165 ZSL: unseen accuracy=0.4479
[34/300]  Loss_D: -1.1351 Loss_G: 10.2706, Wasserstein_dist:1.5064, vae_loss_seen:396.8764 GZSL: seen=0.7524, unseen=0.2031, h=0.3199 ZSL: unseen accuracy=0.3021
[35/300]  Loss_D: -1.2308 Loss_G: 9.0650, Wasserstein_dist:1.6024, vae_loss_seen:391.1103 GZSL: seen=0.6155, unseen=0.2552, h=0.3608 ZSL: unseen accuracy=0.4375
[36/300]  Loss_D: -1.1418 Loss_G: 8.3138, Wasserstein_dist:1.4904, vae_loss_seen:375.9901 GZSL: seen=0.6460, unseen=0.3125, h=0.4212 ZSL: unseen accuracy=0.2917
[37/300]  Loss_D: -1.1501 Loss_G: 11.4746, Wasserstein_dist:1.5217, vae_loss_seen:414.7234 GZSL: seen=0.5857, unseen=0.2812, h=0.3800 ZSL: unseen accuracy=0.3021
[38/300]  Loss_D: -1.0705 Loss_G: 10.5955, Wasserstein_dist:1.4402, vae_loss_seen:395.5017 GZSL: seen=0.5976, unseen=0.2969, h=0.3967 ZSL: unseen accuracy=0.3125
[39/300]  Loss_D: -1.2484 Loss_G: 10.6509, Wasserstein_dist:1.5684, vae_loss_seen:404.5214 GZSL: seen=0.6016, unseen=0.2344, h=0.3373 ZSL: unseen accuracy=0.3073
[40/300]  Loss_D: -1.2153 Loss_G: 10.9213, Wasserstein_dist:1.5570, vae_loss_seen:409.6928 GZSL: seen=0.7221, unseen=0.1354, h=0.2281 ZSL: unseen accuracy=0.4740
[41/300]  Loss_D: -1.2441 Loss_G: 10.1852, Wasserstein_dist:1.5771, vae_loss_seen:395.6003 GZSL: seen=0.6016, unseen=0.1406, h=0.2280 ZSL: unseen accuracy=0.4531
[42/300]  Loss_D: -1.2335 Loss_G: 10.1192, Wasserstein_dist:1.6050, vae_loss_seen:392.5900 GZSL: seen=0.6262, unseen=0.2865, h=0.3931 ZSL: unseen accuracy=0.3802
[43/300]  Loss_D: -1.2211 Loss_G: 10.3981, Wasserstein_dist:1.6104, vae_loss_seen:398.2903 GZSL: seen=0.5897, unseen=0.2292, h=0.3301 ZSL: unseen accuracy=0.3594
[44/300]  Loss_D: -1.1975 Loss_G: 12.2413, Wasserstein_dist:1.5496, vae_loss_seen:418.1897 GZSL: seen=0.6275, unseen=0.1406, h=0.2298 ZSL: unseen accuracy=0.4792
[45/300]  Loss_D: -1.3758 Loss_G: 12.8253, Wasserstein_dist:1.7818, vae_loss_seen:424.8140 GZSL: seen=0.5905, unseen=0.1979, h=0.2965 ZSL: unseen accuracy=0.4740
[46/300]  Loss_D: -1.2915 Loss_G: 11.1269, Wasserstein_dist:1.7058, vae_loss_seen:406.5959 GZSL: seen=0.5857, unseen=0.2240, h=0.3240 ZSL: unseen accuracy=0.4792
[47/300]  Loss_D: -1.1804 Loss_G: 11.6828, Wasserstein_dist:1.5225, vae_loss_seen:418.5734 GZSL: seen=0.5698, unseen=0.2448, h=0.3425 ZSL: unseen accuracy=0.4792
[48/300]  Loss_D: -1.1860 Loss_G: 10.9581, Wasserstein_dist:1.4892, vae_loss_seen:398.1346 GZSL: seen=0.7049, unseen=0.1406, h=0.2345 ZSL: unseen accuracy=0.5781
[49/300]  Loss_D: -1.3715 Loss_G: 11.4139, Wasserstein_dist:1.7396, vae_loss_seen:403.2956 GZSL: seen=0.5976, unseen=0.2917, h=0.3920 ZSL: unseen accuracy=0.4792
[50/300]  Loss_D: -1.3283 Loss_G: 10.9315, Wasserstein_dist:1.6854, vae_loss_seen:395.8858 GZSL: seen=0.5302, unseen=0.2396, h=0.3300 ZSL: unseen accuracy=0.4740
[51/300]  Loss_D: -1.2247 Loss_G: 10.0335, Wasserstein_dist:1.6329, vae_loss_seen:387.1698 GZSL: seen=0.7101, unseen=0.1406, h=0.2348 ZSL: unseen accuracy=0.4531
[52/300]  Loss_D: -1.1561 Loss_G: 12.2621, Wasserstein_dist:1.4882, vae_loss_seen:411.1503 GZSL: seen=0.5937, unseen=0.1667, h=0.2603 ZSL: unseen accuracy=0.4740
[53/300]  Loss_D: -1.1429 Loss_G: 11.3263, Wasserstein_dist:1.6028, vae_loss_seen:401.3043 GZSL: seen=0.6050, unseen=0.1458, h=0.2350 ZSL: unseen accuracy=0.4583
[54/300]  Loss_D: -1.2003 Loss_G: 11.4093, Wasserstein_dist:1.5783, vae_loss_seen:399.2297 GZSL: seen=0.6968, unseen=0.1458, h=0.2412 ZSL: unseen accuracy=0.4635
[55/300]  Loss_D: -1.1771 Loss_G: 12.1642, Wasserstein_dist:1.5439, vae_loss_seen:400.8305 GZSL: seen=0.7187, unseen=0.1458, h=0.2425 ZSL: unseen accuracy=0.4792
[56/300]  Loss_D: -1.0627 Loss_G: 11.1588, Wasserstein_dist:1.4522, vae_loss_seen:401.5500 GZSL: seen=0.7463, unseen=0.1406, h=0.2367 ZSL: unseen accuracy=0.4635
[57/300]  Loss_D: -1.2999 Loss_G: 11.4909, Wasserstein_dist:1.7084, vae_loss_seen:405.3976 GZSL: seen=0.7975, unseen=0.1406, h=0.2391 ZSL: unseen accuracy=0.5417
[58/300]  Loss_D: -1.4514 Loss_G: 12.2627, Wasserstein_dist:1.8724, vae_loss_seen:407.6547 GZSL: seen=0.6926, unseen=0.1406, h=0.2338 ZSL: unseen accuracy=0.4635
[59/300]  Loss_D: -1.1826 Loss_G: 11.6237, Wasserstein_dist:1.5551, vae_loss_seen:406.9680 GZSL: seen=0.7878, unseen=0.1406, h=0.2387 ZSL: unseen accuracy=0.4792
[60/300]  Loss_D: -1.1326 Loss_G: 12.0783, Wasserstein_dist:1.4301, vae_loss_seen:409.4774 GZSL: seen=0.8073, unseen=0.1458, h=0.2470 ZSL: unseen accuracy=0.4635
[61/300]  Loss_D: -1.4162 Loss_G: 11.6052, Wasserstein_dist:1.8235, vae_loss_seen:403.2855 GZSL: seen=0.7593, unseen=0.1406, h=0.2373 ZSL: unseen accuracy=0.5781
[62/300]  Loss_D: -1.3957 Loss_G: 11.6709, Wasserstein_dist:1.7648, vae_loss_seen:405.8223 GZSL: seen=0.7765, unseen=0.1406, h=0.2381 ZSL: unseen accuracy=0.4740
[63/300]  Loss_D: -1.4555 Loss_G: 12.3228, Wasserstein_dist:1.8810, vae_loss_seen:410.9356 GZSL: seen=0.7907, unseen=0.1406, h=0.2388 ZSL: unseen accuracy=0.4479
[64/300]  Loss_D: -1.1408 Loss_G: 11.6087, Wasserstein_dist:1.4686, vae_loss_seen:406.7504 GZSL: seen=0.5262, unseen=0.1771, h=0.2650 ZSL: unseen accuracy=0.4531
[65/300]  Loss_D: -1.3270 Loss_G: 12.8223, Wasserstein_dist:1.7787, vae_loss_seen:411.4080 GZSL: seen=0.7036, unseen=0.1458, h=0.2416 ZSL: unseen accuracy=0.4635
[66/300]  Loss_D: -1.2676 Loss_G: 11.4301, Wasserstein_dist:1.6906, vae_loss_seen:393.7066 GZSL: seen=0.7783, unseen=0.1406, h=0.2382 ZSL: unseen accuracy=0.3854
[67/300]  Loss_D: -1.3305 Loss_G: 12.2310, Wasserstein_dist:1.7328, vae_loss_seen:409.6835 GZSL: seen=0.8062, unseen=0.1458, h=0.2470 ZSL: unseen accuracy=0.5312
[68/300]  Loss_D: -1.2660 Loss_G: 10.3819, Wasserstein_dist:1.6556, vae_loss_seen:385.1982 GZSL: seen=0.7197, unseen=0.1458, h=0.2425 ZSL: unseen accuracy=0.3854
[69/300]  Loss_D: -1.2552 Loss_G: 11.0834, Wasserstein_dist:1.6177, vae_loss_seen:396.6399 GZSL: seen=0.7968, unseen=0.1406, h=0.2391 ZSL: unseen accuracy=0.4688
[70/300]  Loss_D: -1.1890 Loss_G: 10.9641, Wasserstein_dist:1.5426, vae_loss_seen:388.5193 GZSL: seen=0.7511, unseen=0.1458, h=0.2442 ZSL: unseen accuracy=0.4948
[71/300]  Loss_D: -1.2249 Loss_G: 12.0834, Wasserstein_dist:1.6097, vae_loss_seen:404.8826 GZSL: seen=0.5742, unseen=0.3125, h=0.4047 ZSL: unseen accuracy=0.5729
[72/300]  Loss_D: -1.1481 Loss_G: 11.5033, Wasserstein_dist:1.5186, vae_loss_seen:407.5014 GZSL: seen=0.8020, unseen=0.1458, h=0.2468 ZSL: unseen accuracy=0.4896
[73/300]  Loss_D: -1.1493 Loss_G: 9.8656, Wasserstein_dist:1.4696, vae_loss_seen:378.5851 GZSL: seen=0.7938, unseen=0.1458, h=0.2464 ZSL: unseen accuracy=0.4583
[74/300]  Loss_D: -1.2794 Loss_G: 11.5957, Wasserstein_dist:1.6517, vae_loss_seen:404.7310 GZSL: seen=0.8562, unseen=0.1458, h=0.2492 ZSL: unseen accuracy=0.5521
[75/300]  Loss_D: -1.1203 Loss_G: 10.9700, Wasserstein_dist:1.4435, vae_loss_seen:400.3231 GZSL: seen=0.7718, unseen=0.1458, h=0.2453 ZSL: unseen accuracy=0.4323
[76/300]  Loss_D: -1.1784 Loss_G: 11.0620, Wasserstein_dist:1.5407, vae_loss_seen:392.4550 GZSL: seen=0.8063, unseen=0.1406, h=0.2395 ZSL: unseen accuracy=0.5365
[77/300]  Loss_D: -1.1403 Loss_G: 10.5493, Wasserstein_dist:1.4602, vae_loss_seen:390.2899 GZSL: seen=0.8011, unseen=0.1458, h=0.2467 ZSL: unseen accuracy=0.4948
[78/300]  Loss_D: -1.1452 Loss_G: 11.1089, Wasserstein_dist:1.4691, vae_loss_seen:391.9604 GZSL: seen=0.8295, unseen=0.1458, h=0.2481 ZSL: unseen accuracy=0.4688
[79/300]  Loss_D: -1.1395 Loss_G: 11.4628, Wasserstein_dist:1.4381, vae_loss_seen:419.5055 GZSL: seen=0.7315, unseen=0.1458, h=0.2432 ZSL: unseen accuracy=0.5000
[80/300]  Loss_D: -1.3875 Loss_G: 11.8842, Wasserstein_dist:1.7493, vae_loss_seen:398.0757 GZSL: seen=0.5143, unseen=0.2031, h=0.2912 ZSL: unseen accuracy=0.5521
[81/300]  Loss_D: -1.1426 Loss_G: 12.1716, Wasserstein_dist:1.4906, vae_loss_seen:410.1530 GZSL: seen=0.8526, unseen=0.1406, h=0.2414 ZSL: unseen accuracy=0.4583
[82/300]  Loss_D: -1.1099 Loss_G: 12.4066, Wasserstein_dist:1.4717, vae_loss_seen:417.0812 GZSL: seen=0.6832, unseen=0.1458, h=0.2404 ZSL: unseen accuracy=0.5521
[83/300]  Loss_D: -0.9627 Loss_G: 10.0039, Wasserstein_dist:1.2734, vae_loss_seen:369.6003 GZSL: seen=0.8308, unseen=0.1458, h=0.2481 ZSL: unseen accuracy=0.6146
[84/300]  Loss_D: -1.2168 Loss_G: 10.3133, Wasserstein_dist:1.5720, vae_loss_seen:388.5982 GZSL: seen=0.5143, unseen=0.1875, h=0.2748 ZSL: unseen accuracy=0.5729
[85/300]  Loss_D: -0.9922 Loss_G: 9.8291, Wasserstein_dist:1.3373, vae_loss_seen:389.6382 GZSL: seen=0.8185, unseen=0.1458, h=0.2476 ZSL: unseen accuracy=0.6250
[86/300]  Loss_D: -1.0873 Loss_G: 10.0956, Wasserstein_dist:1.4244, vae_loss_seen:385.6109 GZSL: seen=0.8112, unseen=0.1458, h=0.2472 ZSL: unseen accuracy=0.5625
[87/300]  Loss_D: -1.0866 Loss_G: 10.6205, Wasserstein_dist:1.4127, vae_loss_seen:399.2856 GZSL: seen=0.7163, unseen=0.1875, h=0.2972 ZSL: unseen accuracy=0.5573
[88/300]  Loss_D: -1.1336 Loss_G: 10.2060, Wasserstein_dist:1.5101, vae_loss_seen:379.0380 GZSL: seen=0.7997, unseen=0.1406, h=0.2392 ZSL: unseen accuracy=0.5417
[89/300]  Loss_D: -1.1488 Loss_G: 10.2874, Wasserstein_dist:1.5567, vae_loss_seen:390.7311 GZSL: seen=0.7243, unseen=0.1458, h=0.2428 ZSL: unseen accuracy=0.6146
[90/300]  Loss_D: -1.2872 Loss_G: 9.8506, Wasserstein_dist:1.6203, vae_loss_seen:375.3641 GZSL: seen=0.7767, unseen=0.1458, h=0.2456 ZSL: unseen accuracy=0.4948
[91/300]  Loss_D: -1.0494 Loss_G: 10.6309, Wasserstein_dist:1.4439, vae_loss_seen:375.4266 GZSL: seen=0.7279, unseen=0.1406, h=0.2357 ZSL: unseen accuracy=0.4375
[92/300]  Loss_D: -1.2977 Loss_G: 9.9994, Wasserstein_dist:1.6724, vae_loss_seen:381.6078 GZSL: seen=0.7234, unseen=0.1510, h=0.2499 ZSL: unseen accuracy=0.5833
[93/300]  Loss_D: -1.0975 Loss_G: 10.2610, Wasserstein_dist:1.4279, vae_loss_seen:380.8716 GZSL: seen=0.8430, unseen=0.1979, h=0.3206 ZSL: unseen accuracy=0.5781
[94/300]  Loss_D: -1.0087 Loss_G: 10.1756, Wasserstein_dist:1.3567, vae_loss_seen:387.0011 GZSL: seen=0.8212, unseen=0.1458, h=0.2477 ZSL: unseen accuracy=0.6250
[95/300]  Loss_D: -1.1141 Loss_G: 9.6086, Wasserstein_dist:1.4413, vae_loss_seen:387.4906 GZSL: seen=0.6071, unseen=0.1823, h=0.2804 ZSL: unseen accuracy=0.5000
[96/300]  Loss_D: -1.1713 Loss_G: 9.3025, Wasserstein_dist:1.5699, vae_loss_seen:380.9465 GZSL: seen=0.8159, unseen=0.1458, h=0.2474 ZSL: unseen accuracy=0.4531
[97/300]  Loss_D: -1.1992 Loss_G: 8.9406, Wasserstein_dist:1.5709, vae_loss_seen:382.6280 GZSL: seen=0.7098, unseen=0.2240, h=0.3405 ZSL: unseen accuracy=0.5729
[98/300]  Loss_D: -1.2316 Loss_G: 9.7850, Wasserstein_dist:1.5958, vae_loss_seen:380.3705 GZSL: seen=0.8122, unseen=0.1458, h=0.2473 ZSL: unseen accuracy=0.5104
[99/300]  Loss_D: -1.2109 Loss_G: 9.4223, Wasserstein_dist:1.5970, vae_loss_seen:375.2472 GZSL: seen=0.7032, unseen=0.1562, h=0.2557 ZSL: unseen accuracy=0.5625
[100/300]  Loss_D: -1.2376 Loss_G: 10.0928, Wasserstein_dist:1.6175, vae_loss_seen:385.5711 GZSL: seen=0.9134, unseen=0.1406, h=0.2437 ZSL: unseen accuracy=0.5365
[101/300]  Loss_D: -1.1004 Loss_G: 8.3883, Wasserstein_dist:1.4460, vae_loss_seen:368.7952 GZSL: seen=0.7048, unseen=0.1458, h=0.2417 ZSL: unseen accuracy=0.5990
[102/300]  Loss_D: -1.1943 Loss_G: 9.9066, Wasserstein_dist:1.5246, vae_loss_seen:386.2845 GZSL: seen=0.7698, unseen=0.1458, h=0.2452 ZSL: unseen accuracy=0.5052
[103/300]  Loss_D: -1.0123 Loss_G: 9.5907, Wasserstein_dist:1.3413, vae_loss_seen:381.8468 GZSL: seen=0.7656, unseen=0.1458, h=0.2450 ZSL: unseen accuracy=0.5885
[104/300]  Loss_D: -1.0882 Loss_G: 9.6868, Wasserstein_dist:1.4504, vae_loss_seen:374.4372 GZSL: seen=0.7570, unseen=0.1458, h=0.2446 ZSL: unseen accuracy=0.5729
[105/300]  Loss_D: -0.9937 Loss_G: 7.5982, Wasserstein_dist:1.3272, vae_loss_seen:354.7398 GZSL: seen=0.8935, unseen=0.1406, h=0.2430 ZSL: unseen accuracy=0.5885
[106/300]  Loss_D: -1.0524 Loss_G: 8.2835, Wasserstein_dist:1.3849, vae_loss_seen:363.4703 GZSL: seen=0.7731, unseen=0.1458, h=0.2454 ZSL: unseen accuracy=0.5000
[107/300]  Loss_D: -1.0317 Loss_G: 6.8239, Wasserstein_dist:1.3080, vae_loss_seen:349.1694 GZSL: seen=0.5357, unseen=0.2396, h=0.3311 ZSL: unseen accuracy=0.4635
[108/300]  Loss_D: -1.1054 Loss_G: 7.5559, Wasserstein_dist:1.5003, vae_loss_seen:356.4645 GZSL: seen=0.7352, unseen=0.1458, h=0.2434 ZSL: unseen accuracy=0.5885
[109/300]  Loss_D: -0.9205 Loss_G: 7.4728, Wasserstein_dist:1.2259, vae_loss_seen:351.2890 GZSL: seen=0.8058, unseen=0.1406, h=0.2395 ZSL: unseen accuracy=0.5677
[110/300]  Loss_D: -1.1925 Loss_G: 7.7740, Wasserstein_dist:1.4764, vae_loss_seen:361.1269 GZSL: seen=0.8427, unseen=0.1406, h=0.2410 ZSL: unseen accuracy=0.5573
[111/300]  Loss_D: -0.9941 Loss_G: 7.8752, Wasserstein_dist:1.2643, vae_loss_seen:367.9636 GZSL: seen=0.7005, unseen=0.2031, h=0.3149 ZSL: unseen accuracy=0.5052
[112/300]  Loss_D: -0.9490 Loss_G: 8.0045, Wasserstein_dist:1.2765, vae_loss_seen:364.1499 GZSL: seen=0.7569, unseen=0.1510, h=0.2518 ZSL: unseen accuracy=0.4688
[113/300]  Loss_D: -1.0800 Loss_G: 7.0099, Wasserstein_dist:1.3923, vae_loss_seen:365.5585 GZSL: seen=0.8681, unseen=0.1302, h=0.2265 ZSL: unseen accuracy=0.4531
[114/300]  Loss_D: -1.0622 Loss_G: 6.7400, Wasserstein_dist:1.3702, vae_loss_seen:355.2267 GZSL: seen=0.7438, unseen=0.1458, h=0.2439 ZSL: unseen accuracy=0.5729
[115/300]  Loss_D: -1.0612 Loss_G: 6.8841, Wasserstein_dist:1.3576, vae_loss_seen:357.0967 GZSL: seen=0.7593, unseen=0.1406, h=0.2373 ZSL: unseen accuracy=0.4427
[116/300]  Loss_D: -1.0272 Loss_G: 7.2312, Wasserstein_dist:1.3515, vae_loss_seen:344.7615 GZSL: seen=0.7474, unseen=0.2135, h=0.3322 ZSL: unseen accuracy=0.5469
[117/300]  Loss_D: -1.1471 Loss_G: 8.0329, Wasserstein_dist:1.4791, vae_loss_seen:360.4764 GZSL: seen=0.7111, unseen=0.1458, h=0.2420 ZSL: unseen accuracy=0.4635
[118/300]  Loss_D: -1.0638 Loss_G: 6.5085, Wasserstein_dist:1.4024, vae_loss_seen:347.2498 GZSL: seen=0.5937, unseen=0.1354, h=0.2205 ZSL: unseen accuracy=0.5781
[119/300]  Loss_D: -0.9885 Loss_G: 7.4543, Wasserstein_dist:1.3021, vae_loss_seen:359.2505 GZSL: seen=0.8485, unseen=0.1406, h=0.2413 ZSL: unseen accuracy=0.5104
[120/300]  Loss_D: -1.0742 Loss_G: 6.6928, Wasserstein_dist:1.4079, vae_loss_seen:353.5673 GZSL: seen=0.8142, unseen=0.1667, h=0.2767 ZSL: unseen accuracy=0.4583
[121/300]  Loss_D: -1.1291 Loss_G: 7.5108, Wasserstein_dist:1.4725, vae_loss_seen:361.9614 GZSL: seen=0.7282, unseen=0.1667, h=0.2712 ZSL: unseen accuracy=0.5990
[122/300]  Loss_D: -1.1352 Loss_G: 6.8225, Wasserstein_dist:1.4936, vae_loss_seen:343.3569 GZSL: seen=0.7434, unseen=0.1354, h=0.2291 ZSL: unseen accuracy=0.4479
[123/300]  Loss_D: -1.1193 Loss_G: 6.7078, Wasserstein_dist:1.4890, vae_loss_seen:346.0745 GZSL: seen=0.6247, unseen=0.1354, h=0.2226 ZSL: unseen accuracy=0.4479
[124/300]  Loss_D: -0.9520 Loss_G: 6.2188, Wasserstein_dist:1.2842, vae_loss_seen:345.5787 GZSL: seen=0.7720, unseen=0.2552, h=0.3836 ZSL: unseen accuracy=0.6146
[125/300]  Loss_D: -1.0382 Loss_G: 5.1300, Wasserstein_dist:1.3766, vae_loss_seen:340.8116 GZSL: seen=0.7812, unseen=0.1875, h=0.3024 ZSL: unseen accuracy=0.5469
[126/300]  Loss_D: -1.0835 Loss_G: 6.2809, Wasserstein_dist:1.3660, vae_loss_seen:344.8574 GZSL: seen=0.7475, unseen=0.2604, h=0.3863 ZSL: unseen accuracy=0.5833
[127/300]  Loss_D: -0.9259 Loss_G: 6.0381, Wasserstein_dist:1.2468, vae_loss_seen:345.4518 GZSL: seen=0.5817, unseen=0.1667, h=0.2591 ZSL: unseen accuracy=0.5677
[128/300]  Loss_D: -0.9654 Loss_G: 5.0896, Wasserstein_dist:1.2929, vae_loss_seen:332.6268 GZSL: seen=0.7806, unseen=0.1250, h=0.2155 ZSL: unseen accuracy=0.6094
[129/300]  Loss_D: -1.0922 Loss_G: 5.9267, Wasserstein_dist:1.4631, vae_loss_seen:342.6584 GZSL: seen=0.7339, unseen=0.1979, h=0.3118 ZSL: unseen accuracy=0.4740
[130/300]  Loss_D: -1.0440 Loss_G: 4.0962, Wasserstein_dist:1.3044, vae_loss_seen:318.5131 GZSL: seen=0.6825, unseen=0.1302, h=0.2187 ZSL: unseen accuracy=0.4062
[131/300]  Loss_D: -1.0171 Loss_G: 4.2240, Wasserstein_dist:1.3934, vae_loss_seen:332.0269 GZSL: seen=0.5310, unseen=0.2135, h=0.3046 ZSL: unseen accuracy=0.4531
[132/300]  Loss_D: -1.0443 Loss_G: 5.7572, Wasserstein_dist:1.3975, vae_loss_seen:354.2412 GZSL: seen=0.7354, unseen=0.2135, h=0.3310 ZSL: unseen accuracy=0.5000
[133/300]  Loss_D: -1.2881 Loss_G: 6.2837, Wasserstein_dist:1.6378, vae_loss_seen:344.2154 GZSL: seen=0.7673, unseen=0.1250, h=0.2150 ZSL: unseen accuracy=0.4479
[134/300]  Loss_D: -0.9507 Loss_G: 4.9946, Wasserstein_dist:1.2919, vae_loss_seen:331.8026 GZSL: seen=0.7513, unseen=0.1354, h=0.2295 ZSL: unseen accuracy=0.4479
[135/300]  Loss_D: -1.0173 Loss_G: 5.0415, Wasserstein_dist:1.4263, vae_loss_seen:322.8625 GZSL: seen=0.7487, unseen=0.1250, h=0.2142 ZSL: unseen accuracy=0.4271
[136/300]  Loss_D: -1.2202 Loss_G: 5.1652, Wasserstein_dist:1.5892, vae_loss_seen:342.1132 GZSL: seen=0.5262, unseen=0.1406, h=0.2219 ZSL: unseen accuracy=0.4479
[137/300]  Loss_D: -0.9972 Loss_G: 4.6551, Wasserstein_dist:1.3160, vae_loss_seen:331.1957 GZSL: seen=0.6104, unseen=0.2188, h=0.3221 ZSL: unseen accuracy=0.4427
[138/300]  Loss_D: -1.0857 Loss_G: 4.2158, Wasserstein_dist:1.4052, vae_loss_seen:335.0115 GZSL: seen=0.7328, unseen=0.1250, h=0.2136 ZSL: unseen accuracy=0.4375
[139/300]  Loss_D: -1.1315 Loss_G: 4.6777, Wasserstein_dist:1.4511, vae_loss_seen:333.2737 GZSL: seen=0.5381, unseen=0.2500, h=0.3414 ZSL: unseen accuracy=0.5521
[140/300]  Loss_D: -1.2770 Loss_G: 5.4966, Wasserstein_dist:1.6237, vae_loss_seen:341.0197 GZSL: seen=0.7902, unseen=0.1354, h=0.2312 ZSL: unseen accuracy=0.4479
[141/300]  Loss_D: -1.1183 Loss_G: 5.0625, Wasserstein_dist:1.5122, vae_loss_seen:331.5275 GZSL: seen=0.7677, unseen=0.1198, h=0.2072 ZSL: unseen accuracy=0.4583
[142/300]  Loss_D: -1.0808 Loss_G: 4.4590, Wasserstein_dist:1.3957, vae_loss_seen:331.0990 GZSL: seen=0.8459, unseen=0.1719, h=0.2857 ZSL: unseen accuracy=0.4375
[143/300]  Loss_D: -1.2309 Loss_G: 3.9774, Wasserstein_dist:1.5505, vae_loss_seen:327.8368 GZSL: seen=0.7372, unseen=0.2188, h=0.3374 ZSL: unseen accuracy=0.4427
[144/300]  Loss_D: -1.1001 Loss_G: 4.6355, Wasserstein_dist:1.4148, vae_loss_seen:339.4483 GZSL: seen=0.5500, unseen=0.2188, h=0.3130 ZSL: unseen accuracy=0.5208
[145/300]  Loss_D: -1.0527 Loss_G: 4.4085, Wasserstein_dist:1.3756, vae_loss_seen:330.3185 GZSL: seen=0.5551, unseen=0.2083, h=0.3030 ZSL: unseen accuracy=0.4531
[146/300]  Loss_D: -0.9632 Loss_G: 3.7796, Wasserstein_dist:1.2464, vae_loss_seen:320.8351 GZSL: seen=0.5381, unseen=0.1927, h=0.2838 ZSL: unseen accuracy=0.4479
[147/300]  Loss_D: -0.9736 Loss_G: 4.5556, Wasserstein_dist:1.2637, vae_loss_seen:327.3038 GZSL: seen=0.7874, unseen=0.1146, h=0.2001 ZSL: unseen accuracy=0.5781
[148/300]  Loss_D: -1.0423 Loss_G: 4.6699, Wasserstein_dist:1.3567, vae_loss_seen:325.0989 GZSL: seen=0.5860, unseen=0.2031, h=0.3017 ZSL: unseen accuracy=0.5573
[149/300]  Loss_D: -0.8530 Loss_G: 3.4584, Wasserstein_dist:1.1428, vae_loss_seen:318.7531 GZSL: seen=0.7447, unseen=0.2500, h=0.3743 ZSL: unseen accuracy=0.4792
[150/300]  Loss_D: -1.0742 Loss_G: 2.7321, Wasserstein_dist:1.3484, vae_loss_seen:310.4664 GZSL: seen=0.7492, unseen=0.2344, h=0.3571 ZSL: unseen accuracy=0.4479
[151/300]  Loss_D: -1.0347 Loss_G: 3.4455, Wasserstein_dist:1.3460, vae_loss_seen:315.5105 GZSL: seen=0.7467, unseen=0.1354, h=0.2293 ZSL: unseen accuracy=0.4479
[152/300]  Loss_D: -0.9752 Loss_G: 3.1960, Wasserstein_dist:1.3010, vae_loss_seen:312.8948 GZSL: seen=0.8291, unseen=0.1875, h=0.3058 ZSL: unseen accuracy=0.4479
[153/300]  Loss_D: -0.9765 Loss_G: 3.6734, Wasserstein_dist:1.3094, vae_loss_seen:306.5912 GZSL: seen=0.5540, unseen=0.1406, h=0.2243 ZSL: unseen accuracy=0.4531
[154/300]  Loss_D: -1.0222 Loss_G: 2.3706, Wasserstein_dist:1.3474, vae_loss_seen:316.4075 GZSL: seen=0.6333, unseen=0.1250, h=0.2088 ZSL: unseen accuracy=0.4531
[155/300]  Loss_D: -1.0552 Loss_G: 1.7180, Wasserstein_dist:1.3913, vae_loss_seen:296.1914 GZSL: seen=0.5579, unseen=0.2708, h=0.3647 ZSL: unseen accuracy=0.4427
[156/300]  Loss_D: -0.9183 Loss_G: 2.5249, Wasserstein_dist:1.1981, vae_loss_seen:304.8743 GZSL: seen=0.5698, unseen=0.2604, h=0.3575 ZSL: unseen accuracy=0.4479
[157/300]  Loss_D: -1.0300 Loss_G: 2.5223, Wasserstein_dist:1.2737, vae_loss_seen:308.7890 GZSL: seen=0.7525, unseen=0.1250, h=0.2144 ZSL: unseen accuracy=0.4479
[158/300]  Loss_D: -0.9060 Loss_G: 1.8970, Wasserstein_dist:1.2003, vae_loss_seen:298.6462 GZSL: seen=0.5341, unseen=0.1823, h=0.2718 ZSL: unseen accuracy=0.5677
[159/300]  Loss_D: -0.9724 Loss_G: 2.9806, Wasserstein_dist:1.2572, vae_loss_seen:311.5089 GZSL: seen=0.7496, unseen=0.1302, h=0.2219 ZSL: unseen accuracy=0.4479
[160/300]  Loss_D: -0.9558 Loss_G: 1.7164, Wasserstein_dist:1.2484, vae_loss_seen:296.1089 GZSL: seen=0.7381, unseen=0.1198, h=0.2061 ZSL: unseen accuracy=0.4479
[161/300]  Loss_D: -1.0303 Loss_G: 2.7739, Wasserstein_dist:1.3374, vae_loss_seen:309.2585 GZSL: seen=0.6016, unseen=0.2135, h=0.3152 ZSL: unseen accuracy=0.4531
[162/300]  Loss_D: -1.0177 Loss_G: 2.4211, Wasserstein_dist:1.3241, vae_loss_seen:306.7902 GZSL: seen=0.7589, unseen=0.1354, h=0.2298 ZSL: unseen accuracy=0.4479
[163/300]  Loss_D: -1.1078 Loss_G: 2.1338, Wasserstein_dist:1.4425, vae_loss_seen:309.3815 GZSL: seen=0.7343, unseen=0.1094, h=0.1904 ZSL: unseen accuracy=0.4427
[164/300]  Loss_D: -0.9748 Loss_G: 1.9491, Wasserstein_dist:1.2639, vae_loss_seen:309.0514 GZSL: seen=0.5500, unseen=0.2240, h=0.3183 ZSL: unseen accuracy=0.4688
[165/300]  Loss_D: -1.0193 Loss_G: 3.3534, Wasserstein_dist:1.3707, vae_loss_seen:316.8913 GZSL: seen=0.7233, unseen=0.1198, h=0.2055 ZSL: unseen accuracy=0.4427
[166/300]  Loss_D: -1.0442 Loss_G: 2.4608, Wasserstein_dist:1.3145, vae_loss_seen:308.2615 GZSL: seen=0.5833, unseen=0.2604, h=0.3601 ZSL: unseen accuracy=0.4479
[167/300]  Loss_D: -1.1829 Loss_G: 1.2551, Wasserstein_dist:1.5033, vae_loss_seen:303.4359 GZSL: seen=0.5500, unseen=0.2031, h=0.2967 ZSL: unseen accuracy=0.4427
[168/300]  Loss_D: -1.1498 Loss_G: 2.1796, Wasserstein_dist:1.5397, vae_loss_seen:305.0657 GZSL: seen=0.4984, unseen=0.1562, h=0.2379 ZSL: unseen accuracy=0.4479
[169/300]  Loss_D: -0.9141 Loss_G: 1.8302, Wasserstein_dist:1.2252, vae_loss_seen:291.3375 GZSL: seen=0.5857, unseen=0.2708, h=0.3704 ZSL: unseen accuracy=0.4323
[170/300]  Loss_D: -0.9561 Loss_G: 2.2373, Wasserstein_dist:1.2399, vae_loss_seen:303.3894 GZSL: seen=0.6241, unseen=0.1198, h=0.2010 ZSL: unseen accuracy=0.4479
[171/300]  Loss_D: -0.9911 Loss_G: 0.9185, Wasserstein_dist:1.3141, vae_loss_seen:299.5993 GZSL: seen=0.6032, unseen=0.1198, h=0.1999 ZSL: unseen accuracy=0.4375
[172/300]  Loss_D: -0.9624 Loss_G: 0.8727, Wasserstein_dist:1.2744, vae_loss_seen:287.5955 GZSL: seen=0.5817, unseen=0.2708, h=0.3696 ZSL: unseen accuracy=0.5521
[173/300]  Loss_D: -1.0043 Loss_G: 1.3703, Wasserstein_dist:1.2771, vae_loss_seen:298.1465 GZSL: seen=0.5877, unseen=0.2865, h=0.3852 ZSL: unseen accuracy=0.4479
[174/300]  Loss_D: -1.0323 Loss_G: 2.0050, Wasserstein_dist:1.2946, vae_loss_seen:303.6265 GZSL: seen=0.7132, unseen=0.1250, h=0.2127 ZSL: unseen accuracy=0.4427
[175/300]  Loss_D: -0.9854 Loss_G: 1.8259, Wasserstein_dist:1.3344, vae_loss_seen:288.3557 GZSL: seen=0.5976, unseen=0.2396, h=0.3420 ZSL: unseen accuracy=0.4427
[176/300]  Loss_D: -0.9648 Loss_G: 0.1979, Wasserstein_dist:1.2746, vae_loss_seen:276.2786 GZSL: seen=0.6381, unseen=0.1510, h=0.2443 ZSL: unseen accuracy=0.4375
[177/300]  Loss_D: -0.9615 Loss_G: 1.6173, Wasserstein_dist:1.2732, vae_loss_seen:303.9855 GZSL: seen=0.7946, unseen=0.2552, h=0.3863 ZSL: unseen accuracy=0.4427
[178/300]  Loss_D: -1.0263 Loss_G: 0.4238, Wasserstein_dist:1.3312, vae_loss_seen:290.1171 GZSL: seen=0.7430, unseen=0.1302, h=0.2216 ZSL: unseen accuracy=0.4427
[179/300]  Loss_D: -1.0526 Loss_G: 1.6027, Wasserstein_dist:1.3711, vae_loss_seen:289.1333 GZSL: seen=0.5619, unseen=0.1823, h=0.2753 ZSL: unseen accuracy=0.4375
[180/300]  Loss_D: -1.0358 Loss_G: -0.0320, Wasserstein_dist:1.3749, vae_loss_seen:269.1073 GZSL: seen=0.6095, unseen=0.1198, h=0.2002 ZSL: unseen accuracy=0.4427
[181/300]  Loss_D: -0.8699 Loss_G: 0.8775, Wasserstein_dist:1.1691, vae_loss_seen:288.5742 GZSL: seen=0.5238, unseen=0.2656, h=0.3525 ZSL: unseen accuracy=0.4271
[182/300]  Loss_D: -1.0241 Loss_G: -1.1445, Wasserstein_dist:1.3141, vae_loss_seen:270.8399 GZSL: seen=0.7012, unseen=0.2448, h=0.3629 ZSL: unseen accuracy=0.4375
[183/300]  Loss_D: -0.9571 Loss_G: 1.3272, Wasserstein_dist:1.2974, vae_loss_seen:285.6399 GZSL: seen=0.8896, unseen=0.0990, h=0.1781 ZSL: unseen accuracy=0.4375
[184/300]  Loss_D: -0.8872 Loss_G: -0.2742, Wasserstein_dist:1.1556, vae_loss_seen:270.8092 GZSL: seen=0.6027, unseen=0.1354, h=0.2211 ZSL: unseen accuracy=0.4323
[185/300]  Loss_D: -1.0719 Loss_G: -0.1158, Wasserstein_dist:1.3295, vae_loss_seen:283.3043 GZSL: seen=0.5143, unseen=0.2760, h=0.3593 ZSL: unseen accuracy=0.4219
[186/300]  Loss_D: -0.8724 Loss_G: -0.5807, Wasserstein_dist:1.1928, vae_loss_seen:264.8575 GZSL: seen=0.5817, unseen=0.1198, h=0.1987 ZSL: unseen accuracy=0.4323
[187/300]  Loss_D: -0.9687 Loss_G: -0.2348, Wasserstein_dist:1.2929, vae_loss_seen:275.3871 GZSL: seen=0.6079, unseen=0.1198, h=0.2001 ZSL: unseen accuracy=0.4323
[188/300]  Loss_D: -0.9090 Loss_G: -0.2626, Wasserstein_dist:1.2237, vae_loss_seen:279.0874 GZSL: seen=0.5738, unseen=0.1250, h=0.2053 ZSL: unseen accuracy=0.4323
[189/300]  Loss_D: -1.0344 Loss_G: 0.1934, Wasserstein_dist:1.3573, vae_loss_seen:285.9622 GZSL: seen=0.5508, unseen=0.1198, h=0.1968 ZSL: unseen accuracy=0.4323
[190/300]  Loss_D: -1.0193 Loss_G: -0.1537, Wasserstein_dist:1.3412, vae_loss_seen:279.9694 GZSL: seen=0.5619, unseen=0.1198, h=0.1975 ZSL: unseen accuracy=0.4323
[191/300]  Loss_D: -0.8865 Loss_G: -0.9767, Wasserstein_dist:1.1548, vae_loss_seen:271.0357 GZSL: seen=0.7731, unseen=0.1042, h=0.1836 ZSL: unseen accuracy=0.4323
[192/300]  Loss_D: -1.0361 Loss_G: -0.0108, Wasserstein_dist:1.3966, vae_loss_seen:290.5858 GZSL: seen=0.5976, unseen=0.1302, h=0.2138 ZSL: unseen accuracy=0.3021
[193/300]  Loss_D: -1.1776 Loss_G: -0.3897, Wasserstein_dist:1.4477, vae_loss_seen:275.1431 GZSL: seen=0.6042, unseen=0.1146, h=0.1926 ZSL: unseen accuracy=0.4323
[194/300]  Loss_D: -0.9261 Loss_G: -0.7622, Wasserstein_dist:1.2165, vae_loss_seen:270.6850 GZSL: seen=0.7885, unseen=0.0990, h=0.1758 ZSL: unseen accuracy=0.4219
[195/300]  Loss_D: -1.0198 Loss_G: 0.0329, Wasserstein_dist:1.2681, vae_loss_seen:285.2203 GZSL: seen=0.5582, unseen=0.1146, h=0.1901 ZSL: unseen accuracy=0.4375
[196/300]  Loss_D: -0.9584 Loss_G: 1.0552, Wasserstein_dist:1.2543, vae_loss_seen:288.3915 GZSL: seen=0.7578, unseen=0.0990, h=0.1751 ZSL: unseen accuracy=0.4323
[197/300]  Loss_D: -1.0996 Loss_G: -1.2245, Wasserstein_dist:1.4762, vae_loss_seen:270.6134 GZSL: seen=0.7317, unseen=0.1458, h=0.2432 ZSL: unseen accuracy=0.4375
[198/300]  Loss_D: -1.0298 Loss_G: -1.2549, Wasserstein_dist:1.3410, vae_loss_seen:268.2682 GZSL: seen=0.6833, unseen=0.1198, h=0.2038 ZSL: unseen accuracy=0.4323
[199/300]  Loss_D: -1.0015 Loss_G: -1.1006, Wasserstein_dist:1.2579, vae_loss_seen:266.0661 GZSL: seen=0.7451, unseen=0.1042, h=0.1828 ZSL: unseen accuracy=0.4167
[200/300]  Loss_D: -0.9362 Loss_G: -1.1999, Wasserstein_dist:1.1926, vae_loss_seen:272.9416 GZSL: seen=0.5048, unseen=0.1354, h=0.2135 ZSL: unseen accuracy=0.4323
[201/300]  Loss_D: -0.9075 Loss_G: 0.6098, Wasserstein_dist:1.1742, vae_loss_seen:282.2719 GZSL: seen=0.6095, unseen=0.2552, h=0.3598 ZSL: unseen accuracy=0.4219
[202/300]  Loss_D: -0.9431 Loss_G: 0.3620, Wasserstein_dist:1.2748, vae_loss_seen:290.0580 GZSL: seen=0.7509, unseen=0.0990, h=0.1749 ZSL: unseen accuracy=0.4219
[203/300]  Loss_D: -0.9414 Loss_G: -0.7080, Wasserstein_dist:1.2129, vae_loss_seen:279.9584 GZSL: seen=0.5817, unseen=0.1406, h=0.2265 ZSL: unseen accuracy=0.4375
[204/300]  Loss_D: -0.9959 Loss_G: -1.0676, Wasserstein_dist:1.2644, vae_loss_seen:278.1290 GZSL: seen=0.5762, unseen=0.1198, h=0.1983 ZSL: unseen accuracy=0.4323
[205/300]  Loss_D: -0.9325 Loss_G: -1.4632, Wasserstein_dist:1.2364, vae_loss_seen:260.2840 GZSL: seen=0.5857, unseen=0.1146, h=0.1917 ZSL: unseen accuracy=0.3125
[206/300]  Loss_D: -0.9856 Loss_G: -2.2512, Wasserstein_dist:1.2449, vae_loss_seen:251.0465 GZSL: seen=0.5619, unseen=0.2292, h=0.3256 ZSL: unseen accuracy=0.4219
[207/300]  Loss_D: -1.0663 Loss_G: -1.2624, Wasserstein_dist:1.3876, vae_loss_seen:276.0001 GZSL: seen=0.5698, unseen=0.1354, h=0.2188 ZSL: unseen accuracy=0.4271
[208/300]  Loss_D: -0.9257 Loss_G: -1.7203, Wasserstein_dist:1.2245, vae_loss_seen:263.4160 GZSL: seen=0.8767, unseen=0.0990, h=0.1778 ZSL: unseen accuracy=0.4219
[209/300]  Loss_D: -0.9344 Loss_G: -1.9043, Wasserstein_dist:1.2062, vae_loss_seen:255.1039 GZSL: seen=0.7202, unseen=0.2240, h=0.3417 ZSL: unseen accuracy=0.5677
[210/300]  Loss_D: -0.8104 Loss_G: -1.4916, Wasserstein_dist:1.0840, vae_loss_seen:262.4078 GZSL: seen=0.5976, unseen=0.2031, h=0.3032 ZSL: unseen accuracy=0.4323
[211/300]  Loss_D: -0.9116 Loss_G: -0.9745, Wasserstein_dist:1.1639, vae_loss_seen:263.9439 GZSL: seen=0.5738, unseen=0.1094, h=0.1837 ZSL: unseen accuracy=0.4323
[212/300]  Loss_D: -0.9436 Loss_G: -1.5633, Wasserstein_dist:1.2305, vae_loss_seen:271.5336 GZSL: seen=0.5447, unseen=0.0990, h=0.1675 ZSL: unseen accuracy=0.4323
[213/300]  Loss_D: -0.8821 Loss_G: -1.9864, Wasserstein_dist:1.1840, vae_loss_seen:260.0793 GZSL: seen=0.5292, unseen=0.2344, h=0.3249 ZSL: unseen accuracy=0.4323
[214/300]  Loss_D: -0.8504 Loss_G: -1.4363, Wasserstein_dist:1.1236, vae_loss_seen:264.7991 GZSL: seen=0.7430, unseen=0.1094, h=0.1907 ZSL: unseen accuracy=0.4219
[215/300]  Loss_D: -1.0570 Loss_G: -3.3640, Wasserstein_dist:1.3384, vae_loss_seen:250.3771 GZSL: seen=0.5619, unseen=0.1146, h=0.1904 ZSL: unseen accuracy=0.4323
[216/300]  Loss_D: -0.9684 Loss_G: -1.4408, Wasserstein_dist:1.3016, vae_loss_seen:259.3194 GZSL: seen=0.5619, unseen=0.1094, h=0.1831 ZSL: unseen accuracy=0.4323
[217/300]  Loss_D: -0.9112 Loss_G: -2.6089, Wasserstein_dist:1.2204, vae_loss_seen:256.3681 GZSL: seen=0.5833, unseen=0.1094, h=0.1842 ZSL: unseen accuracy=0.4271
[218/300]  Loss_D: -0.9655 Loss_G: -1.4408, Wasserstein_dist:1.2962, vae_loss_seen:270.7587 GZSL: seen=0.5908, unseen=0.1198, h=0.1992 ZSL: unseen accuracy=0.4323
[219/300]  Loss_D: -0.9175 Loss_G: -1.4286, Wasserstein_dist:1.2094, vae_loss_seen:265.0638 GZSL: seen=0.6460, unseen=0.1094, h=0.1871 ZSL: unseen accuracy=0.4323
[220/300]  Loss_D: -0.9283 Loss_G: -4.2644, Wasserstein_dist:1.2067, vae_loss_seen:244.0920 GZSL: seen=0.6175, unseen=0.1042, h=0.1783 ZSL: unseen accuracy=0.4323
[221/300]  Loss_D: -1.0367 Loss_G: -2.2412, Wasserstein_dist:1.3144, vae_loss_seen:261.0425 GZSL: seen=0.7749, unseen=0.2448, h=0.3720 ZSL: unseen accuracy=0.4323
[222/300]  Loss_D: -0.8389 Loss_G: -2.7573, Wasserstein_dist:1.1351, vae_loss_seen:253.9807 GZSL: seen=0.6893, unseen=0.1146, h=0.1965 ZSL: unseen accuracy=0.4167
[223/300]  Loss_D: -0.9393 Loss_G: -2.8867, Wasserstein_dist:1.1934, vae_loss_seen:240.8188 GZSL: seen=0.7880, unseen=0.1406, h=0.2387 ZSL: unseen accuracy=0.4219
[224/300]  Loss_D: -0.9520 Loss_G: -3.4022, Wasserstein_dist:1.2775, vae_loss_seen:253.8994 GZSL: seen=0.5513, unseen=0.1094, h=0.1825 ZSL: unseen accuracy=0.4427
[225/300]  Loss_D: -0.9717 Loss_G: -1.5835, Wasserstein_dist:1.2621, vae_loss_seen:275.5057 GZSL: seen=0.6228, unseen=0.1094, h=0.1861 ZSL: unseen accuracy=0.4271
[226/300]  Loss_D: -0.9531 Loss_G: -3.2683, Wasserstein_dist:1.2304, vae_loss_seen:245.4039 GZSL: seen=0.5238, unseen=0.1719, h=0.2588 ZSL: unseen accuracy=0.4323
[227/300]  Loss_D: -0.8867 Loss_G: -2.1221, Wasserstein_dist:1.2215, vae_loss_seen:266.8756 GZSL: seen=0.7462, unseen=0.0990, h=0.1747 ZSL: unseen accuracy=0.4271
[228/300]  Loss_D: -0.9856 Loss_G: -2.5906, Wasserstein_dist:1.2630, vae_loss_seen:257.4038 GZSL: seen=0.5545, unseen=0.0990, h=0.1679 ZSL: unseen accuracy=0.4115
[229/300]  Loss_D: -0.8712 Loss_G: -2.5943, Wasserstein_dist:1.1309, vae_loss_seen:252.5097 GZSL: seen=0.7964, unseen=0.1042, h=0.1842 ZSL: unseen accuracy=0.4323
[230/300]  Loss_D: -1.0042 Loss_G: -3.4971, Wasserstein_dist:1.3095, vae_loss_seen:251.3501 GZSL: seen=0.6410, unseen=0.1823, h=0.2839 ZSL: unseen accuracy=0.4375
[231/300]  Loss_D: -0.7604 Loss_G: -2.7783, Wasserstein_dist:1.0613, vae_loss_seen:253.2725 GZSL: seen=0.5500, unseen=0.1146, h=0.1897 ZSL: unseen accuracy=0.4271
[232/300]  Loss_D: -0.8239 Loss_G: -2.5192, Wasserstein_dist:1.1661, vae_loss_seen:247.9724 GZSL: seen=0.6032, unseen=0.1823, h=0.2800 ZSL: unseen accuracy=0.4167
[233/300]  Loss_D: -1.0414 Loss_G: -2.2262, Wasserstein_dist:1.3667, vae_loss_seen:271.3937 GZSL: seen=0.5394, unseen=0.0990, h=0.1672 ZSL: unseen accuracy=0.4219
[234/300]  Loss_D: -0.8702 Loss_G: -3.4230, Wasserstein_dist:1.1116, vae_loss_seen:234.2798 GZSL: seen=0.8313, unseen=0.0990, h=0.1769 ZSL: unseen accuracy=0.4271
[235/300]  Loss_D: -0.8389 Loss_G: -3.4545, Wasserstein_dist:1.1128, vae_loss_seen:254.0031 GZSL: seen=0.6032, unseen=0.1406, h=0.2281 ZSL: unseen accuracy=0.4167
[236/300]  Loss_D: -1.0177 Loss_G: -3.4937, Wasserstein_dist:1.3247, vae_loss_seen:261.9310 GZSL: seen=0.8269, unseen=0.1198, h=0.2093 ZSL: unseen accuracy=0.4271
[237/300]  Loss_D: -0.8252 Loss_G: -1.5725, Wasserstein_dist:1.0986, vae_loss_seen:261.2102 GZSL: seen=0.5913, unseen=0.2500, h=0.3514 ZSL: unseen accuracy=0.4219
[238/300]  Loss_D: -0.8426 Loss_G: -2.3012, Wasserstein_dist:1.0927, vae_loss_seen:249.4682 GZSL: seen=0.5857, unseen=0.1615, h=0.2531 ZSL: unseen accuracy=0.4375
[239/300]  Loss_D: -0.9015 Loss_G: -2.2911, Wasserstein_dist:1.2099, vae_loss_seen:253.8162 GZSL: seen=0.6095, unseen=0.0990, h=0.1703 ZSL: unseen accuracy=0.4323
[240/300]  Loss_D: -0.8434 Loss_G: -2.8197, Wasserstein_dist:1.1252, vae_loss_seen:253.7966 GZSL: seen=0.7497, unseen=0.0990, h=0.1748 ZSL: unseen accuracy=0.4375
[241/300]  Loss_D: -1.0170 Loss_G: -3.5131, Wasserstein_dist:1.3127, vae_loss_seen:254.7809 GZSL: seen=0.6222, unseen=0.1302, h=0.2154 ZSL: unseen accuracy=0.4271
[242/300]  Loss_D: -0.9382 Loss_G: -3.3907, Wasserstein_dist:1.2329, vae_loss_seen:246.4249 GZSL: seen=0.6857, unseen=0.1771, h=0.2815 ZSL: unseen accuracy=0.4219
[243/300]  Loss_D: -1.0189 Loss_G: -2.7049, Wasserstein_dist:1.3004, vae_loss_seen:264.6195 GZSL: seen=0.5884, unseen=0.1406, h=0.2270 ZSL: unseen accuracy=0.4219
[244/300]  Loss_D: -0.9292 Loss_G: -2.0206, Wasserstein_dist:1.2533, vae_loss_seen:266.2689 GZSL: seen=0.6190, unseen=0.1042, h=0.1783 ZSL: unseen accuracy=0.2917
[245/300]  Loss_D: -0.9135 Loss_G: -3.0582, Wasserstein_dist:1.1612, vae_loss_seen:245.5454 GZSL: seen=0.6095, unseen=0.1198, h=0.2002 ZSL: unseen accuracy=0.4323
[246/300]  Loss_D: -0.9607 Loss_G: -3.9157, Wasserstein_dist:1.2463, vae_loss_seen:245.8943 GZSL: seen=0.5381, unseen=0.1146, h=0.1889 ZSL: unseen accuracy=0.4167
[247/300]  Loss_D: -0.9192 Loss_G: -3.1268, Wasserstein_dist:1.1638, vae_loss_seen:247.0931 GZSL: seen=0.5817, unseen=0.2396, h=0.3394 ZSL: unseen accuracy=0.4219
[248/300]  Loss_D: -0.8886 Loss_G: -2.6526, Wasserstein_dist:1.1940, vae_loss_seen:242.5049 GZSL: seen=0.5937, unseen=0.0990, h=0.1696 ZSL: unseen accuracy=0.4219
[249/300]  Loss_D: -0.8979 Loss_G: -4.0012, Wasserstein_dist:1.1766, vae_loss_seen:241.1821 GZSL: seen=0.7890, unseen=0.0990, h=0.1759 ZSL: unseen accuracy=0.4323
[250/300]  Loss_D: -0.8404 Loss_G: -1.2646, Wasserstein_dist:1.1514, vae_loss_seen:263.9793 GZSL: seen=0.5714, unseen=0.2292, h=0.3271 ZSL: unseen accuracy=0.4219
[251/300]  Loss_D: -0.8004 Loss_G: -2.3117, Wasserstein_dist:1.0851, vae_loss_seen:254.0059 GZSL: seen=0.7631, unseen=0.1094, h=0.1913 ZSL: unseen accuracy=0.4271
[252/300]  Loss_D: -0.8421 Loss_G: -4.6936, Wasserstein_dist:1.0978, vae_loss_seen:229.0949 GZSL: seen=0.6095, unseen=0.0990, h=0.1703 ZSL: unseen accuracy=0.4219
[253/300]  Loss_D: -0.9089 Loss_G: -5.0982, Wasserstein_dist:1.1834, vae_loss_seen:229.0012 GZSL: seen=0.8377, unseen=0.1042, h=0.1853 ZSL: unseen accuracy=0.4323
[254/300]  Loss_D: -0.8306 Loss_G: -3.5235, Wasserstein_dist:1.1568, vae_loss_seen:244.5051 GZSL: seen=0.5619, unseen=0.1354, h=0.2182 ZSL: unseen accuracy=0.4167
[255/300]  Loss_D: -0.8318 Loss_G: -2.8175, Wasserstein_dist:1.1829, vae_loss_seen:246.7376 GZSL: seen=0.5833, unseen=0.2500, h=0.3500 ZSL: unseen accuracy=0.4375
[256/300]  Loss_D: -0.9855 Loss_G: -3.8178, Wasserstein_dist:1.2683, vae_loss_seen:235.9597 GZSL: seen=0.8052, unseen=0.1146, h=0.2006 ZSL: unseen accuracy=0.4219
[257/300]  Loss_D: -0.8649 Loss_G: -2.6449, Wasserstein_dist:1.1412, vae_loss_seen:247.3168 GZSL: seen=0.5619, unseen=0.1823, h=0.2753 ZSL: unseen accuracy=0.4219
[258/300]  Loss_D: -0.8927 Loss_G: -3.8663, Wasserstein_dist:1.1664, vae_loss_seen:243.0783 GZSL: seen=0.4786, unseen=0.0990, h=0.1640 ZSL: unseen accuracy=0.4219
[259/300]  Loss_D: -0.8297 Loss_G: -3.0123, Wasserstein_dist:1.0932, vae_loss_seen:247.7567 GZSL: seen=0.5603, unseen=0.0885, h=0.1529 ZSL: unseen accuracy=0.4323
[260/300]  Loss_D: -1.0077 Loss_G: -3.7248, Wasserstein_dist:1.3186, vae_loss_seen:250.0052 GZSL: seen=0.8104, unseen=0.0938, h=0.1681 ZSL: unseen accuracy=0.4115
[261/300]  Loss_D: -0.8328 Loss_G: -5.6880, Wasserstein_dist:1.1387, vae_loss_seen:232.1505 GZSL: seen=0.7434, unseen=0.0990, h=0.1747 ZSL: unseen accuracy=0.4115
[262/300]  Loss_D: -0.8636 Loss_G: -3.6521, Wasserstein_dist:1.1941, vae_loss_seen:247.1077 GZSL: seen=0.5937, unseen=0.2500, h=0.3518 ZSL: unseen accuracy=0.4219
[263/300]  Loss_D: -0.8876 Loss_G: -4.0312, Wasserstein_dist:1.1553, vae_loss_seen:236.7651 GZSL: seen=0.6476, unseen=0.2604, h=0.3715 ZSL: unseen accuracy=0.4323
[264/300]  Loss_D: -0.8575 Loss_G: -4.1808, Wasserstein_dist:1.0747, vae_loss_seen:236.9126 GZSL: seen=0.7335, unseen=0.1250, h=0.2136 ZSL: unseen accuracy=0.4219
[265/300]  Loss_D: -0.9168 Loss_G: -4.1478, Wasserstein_dist:1.2166, vae_loss_seen:243.0835 GZSL: seen=0.7321, unseen=0.2292, h=0.3491 ZSL: unseen accuracy=0.4271
[266/300]  Loss_D: -0.8798 Loss_G: -3.4547, Wasserstein_dist:1.1366, vae_loss_seen:241.3472 GZSL: seen=0.6095, unseen=0.1042, h=0.1779 ZSL: unseen accuracy=0.4219
[267/300]  Loss_D: -0.8913 Loss_G: -3.8058, Wasserstein_dist:1.2221, vae_loss_seen:253.2406 GZSL: seen=0.7466, unseen=0.0990, h=0.1748 ZSL: unseen accuracy=0.4271
[268/300]  Loss_D: -0.7780 Loss_G: -3.9887, Wasserstein_dist:1.0429, vae_loss_seen:236.9342 GZSL: seen=0.5230, unseen=0.2604, h=0.3477 ZSL: unseen accuracy=0.4167
[269/300]  Loss_D: -0.8859 Loss_G: -4.4975, Wasserstein_dist:1.1363, vae_loss_seen:231.7745 GZSL: seen=0.8459, unseen=0.0990, h=0.1772 ZSL: unseen accuracy=0.4219
[270/300]  Loss_D: -0.8765 Loss_G: -5.0756, Wasserstein_dist:1.1720, vae_loss_seen:233.8055 GZSL: seen=0.5738, unseen=0.0990, h=0.1688 ZSL: unseen accuracy=0.4219
[271/300]  Loss_D: -0.8506 Loss_G: -4.7866, Wasserstein_dist:1.1400, vae_loss_seen:221.6113 GZSL: seen=0.6071, unseen=0.1823, h=0.2804 ZSL: unseen accuracy=0.4167
[272/300]  Loss_D: -0.8987 Loss_G: -4.6503, Wasserstein_dist:1.1713, vae_loss_seen:235.5782 GZSL: seen=0.7123, unseen=0.2240, h=0.3408 ZSL: unseen accuracy=0.4167
[273/300]  Loss_D: -0.7799 Loss_G: -3.7289, Wasserstein_dist:1.0486, vae_loss_seen:242.5403 GZSL: seen=0.6917, unseen=0.1615, h=0.2618 ZSL: unseen accuracy=0.4219
[274/300]  Loss_D: -0.8683 Loss_G: -5.2982, Wasserstein_dist:1.1477, vae_loss_seen:235.9303 GZSL: seen=0.5767, unseen=0.1094, h=0.1839 ZSL: unseen accuracy=0.4323
[275/300]  Loss_D: -0.8703 Loss_G: -4.3583, Wasserstein_dist:1.1053, vae_loss_seen:216.5711 GZSL: seen=0.7694, unseen=0.1302, h=0.2227 ZSL: unseen accuracy=0.4271
[276/300]  Loss_D: -0.8736 Loss_G: -4.3619, Wasserstein_dist:1.1231, vae_loss_seen:231.9797 GZSL: seen=0.8258, unseen=0.1458, h=0.2479 ZSL: unseen accuracy=0.4271
[277/300]  Loss_D: -0.8654 Loss_G: -5.3082, Wasserstein_dist:1.1647, vae_loss_seen:230.8338 GZSL: seen=0.5460, unseen=0.0990, h=0.1676 ZSL: unseen accuracy=0.4219
[278/300]  Loss_D: -0.7604 Loss_G: -4.7636, Wasserstein_dist:1.0211, vae_loss_seen:223.0980 GZSL: seen=0.7414, unseen=0.2396, h=0.3621 ZSL: unseen accuracy=0.4271
[279/300]  Loss_D: -1.0069 Loss_G: -3.9709, Wasserstein_dist:1.3511, vae_loss_seen:239.9353 GZSL: seen=0.7544, unseen=0.1458, h=0.2444 ZSL: unseen accuracy=0.4219
[280/300]  Loss_D: -0.8839 Loss_G: -2.8098, Wasserstein_dist:1.1746, vae_loss_seen:258.0356 GZSL: seen=0.5540, unseen=0.0990, h=0.1679 ZSL: unseen accuracy=0.4167
[281/300]  Loss_D: -0.8435 Loss_G: -3.6017, Wasserstein_dist:1.1389, vae_loss_seen:235.9459 GZSL: seen=0.8058, unseen=0.1094, h=0.1926 ZSL: unseen accuracy=0.4219
[282/300]  Loss_D: -0.8707 Loss_G: -3.5862, Wasserstein_dist:1.1709, vae_loss_seen:239.8037 GZSL: seen=0.5119, unseen=0.0938, h=0.1585 ZSL: unseen accuracy=0.4219
[283/300]  Loss_D: -0.8935 Loss_G: -3.2654, Wasserstein_dist:1.2245, vae_loss_seen:252.9998 GZSL: seen=0.5738, unseen=0.1094, h=0.1837 ZSL: unseen accuracy=0.4115
[284/300]  Loss_D: -1.0248 Loss_G: -3.8385, Wasserstein_dist:1.3737, vae_loss_seen:250.3673 GZSL: seen=0.7679, unseen=0.2344, h=0.3591 ZSL: unseen accuracy=0.4219
[285/300]  Loss_D: -0.7783 Loss_G: -5.3949, Wasserstein_dist:1.0147, vae_loss_seen:224.2957 GZSL: seen=0.5381, unseen=0.0938, h=0.1597 ZSL: unseen accuracy=0.4271
[286/300]  Loss_D: -0.8295 Loss_G: -5.5357, Wasserstein_dist:1.1515, vae_loss_seen:219.8289 GZSL: seen=0.7202, unseen=0.2396, h=0.3596 ZSL: unseen accuracy=0.4271
[287/300]  Loss_D: -0.9813 Loss_G: -5.2645, Wasserstein_dist:1.2380, vae_loss_seen:228.4949 GZSL: seen=0.8610, unseen=0.1198, h=0.2103 ZSL: unseen accuracy=0.4219
[288/300]  Loss_D: -0.8438 Loss_G: -5.7770, Wasserstein_dist:1.1045, vae_loss_seen:224.7177 GZSL: seen=0.7282, unseen=0.1094, h=0.1902 ZSL: unseen accuracy=0.4219
[289/300]  Loss_D: -0.8717 Loss_G: -4.3649, Wasserstein_dist:1.1494, vae_loss_seen:243.5865 GZSL: seen=0.5357, unseen=0.2552, h=0.3457 ZSL: unseen accuracy=0.4271
[290/300]  Loss_D: -0.7998 Loss_G: -5.5611, Wasserstein_dist:1.0755, vae_loss_seen:215.6379 GZSL: seen=0.5595, unseen=0.0990, h=0.1682 ZSL: unseen accuracy=0.4219
[291/300]  Loss_D: -0.8923 Loss_G: -4.0767, Wasserstein_dist:1.1872, vae_loss_seen:247.3670 GZSL: seen=0.7478, unseen=0.1146, h=0.1987 ZSL: unseen accuracy=0.4271
[292/300]  Loss_D: -0.8527 Loss_G: -6.0442, Wasserstein_dist:1.1416, vae_loss_seen:211.8278 GZSL: seen=0.7405, unseen=0.1198, h=0.2062 ZSL: unseen accuracy=0.4219
[293/300]  Loss_D: -0.8645 Loss_G: -5.3903, Wasserstein_dist:1.1610, vae_loss_seen:224.3463 GZSL: seen=0.5857, unseen=0.1042, h=0.1769 ZSL: unseen accuracy=0.4219
[294/300]  Loss_D: -0.8379 Loss_G: -4.5210, Wasserstein_dist:1.0910, vae_loss_seen:232.1727 GZSL: seen=0.7608, unseen=0.1302, h=0.2224 ZSL: unseen accuracy=0.4219
[295/300]  Loss_D: -0.9466 Loss_G: -5.1115, Wasserstein_dist:1.2730, vae_loss_seen:236.6195 GZSL: seen=0.5698, unseen=0.2604, h=0.3575 ZSL: unseen accuracy=0.4271
[296/300]  Loss_D: -0.9100 Loss_G: -6.3441, Wasserstein_dist:1.2060, vae_loss_seen:221.3702 GZSL: seen=0.5950, unseen=0.0990, h=0.1697 ZSL: unseen accuracy=0.4167
[297/300]  Loss_D: -0.8734 Loss_G: -5.4418, Wasserstein_dist:1.1489, vae_loss_seen:219.3440 GZSL: seen=0.5500, unseen=0.1354, h=0.2173 ZSL: unseen accuracy=0.4219
[298/300]  Loss_D: -0.9151 Loss_G: -5.2335, Wasserstein_dist:1.3012, vae_loss_seen:238.5573 GZSL: seen=0.5976, unseen=0.0990, h=0.1698 ZSL: unseen accuracy=0.4062
[299/300]  Loss_D: -0.8023 Loss_G: -4.8227, Wasserstein_dist:1.0877, vae_loss_seen:230.7855 GZSL: seen=0.5619, unseen=0.1562, h=0.2445 ZSL: unseen accuracy=0.4219
Dataset RADAR
the best ZSL unseen accuracy is 0.625
Dataset RADAR
the best GZSL seen accuracy is 0.7484126984126984
the best GZSL unseen accuracy is 0.296875
the best GZSL H is 0.42511744886822
