Random Seed:  3407
# of training samples:  538
Encoder(
  (fc1): Linear(in_features=2048, out_features=4096, bias=True)
  (fc3): Linear(in_features=4096, out_features=2048, bias=True)
  (lrelu): LeakyReLU(0.2, inplace)
  (linear_means): Linear(in_features=2048, out_features=1024, bias=True)
  (linear_log_var): Linear(in_features=2048, out_features=1024, bias=True)
)
Generator(
  (fc1): Linear(in_features=2048, out_features=4096, bias=True)
  (fc3): Linear(in_features=4096, out_features=1024, bias=True)
  (lrelu): LeakyReLU(0.2, inplace)
  (sigmoid): Sigmoid()
)
Discriminator_D1(
  (fc1): Linear(in_features=2048, out_features=4096, bias=True)
  (fc2): Linear(in_features=4096, out_features=1, bias=True)
  (lrelu): LeakyReLU(0.2, inplace)
)
Feedback(
  (fc1): Linear(in_features=4096, out_features=4096, bias=True)
  (fc2): Linear(in_features=4096, out_features=4096, bias=True)
  (lrelu): LeakyReLU(0.2, inplace)
)
AttDec(
  (fc1): Linear(in_features=1024, out_features=4096, bias=True)
  (fc3): Linear(in_features=4096, out_features=1024, bias=True)
  (lrelu): LeakyReLU(0.2, inplace)
)
[0/300]  Loss_D: -102.6437 Loss_G: 0.0937, Wasserstein_dist:128.6481, vae_loss_seen:485.3882 GZSL: seen=0.7921, unseen=0.1667, h=0.2754 ZSL: unseen accuracy=0.3333
[1/300]  Loss_D: -64.0092 Loss_G: -5.3901, Wasserstein_dist:83.1614, vae_loss_seen:396.3389 GZSL: seen=0.8016, unseen=0.0208, h=0.0406 ZSL: unseen accuracy=0.2969
[2/300]  Loss_D: -30.2115 Loss_G: -7.3861, Wasserstein_dist:40.6427, vae_loss_seen:355.4164 GZSL: seen=0.8000, unseen=0.2344, h=0.3625 ZSL: unseen accuracy=0.3490
[3/300]  Loss_D: -17.9605 Loss_G: -9.5823, Wasserstein_dist:26.4029, vae_loss_seen:324.6230 GZSL: seen=0.8274, unseen=0.0573, h=0.1072 ZSL: unseen accuracy=0.3021
[4/300]  Loss_D: -17.8907 Loss_G: -7.8238, Wasserstein_dist:23.3208, vae_loss_seen:339.7527 GZSL: seen=0.8307, unseen=0.1667, h=0.2776 ZSL: unseen accuracy=0.5260
[5/300]  Loss_D: -18.4769 Loss_G: -8.5637, Wasserstein_dist:24.4389, vae_loss_seen:325.6319 GZSL: seen=0.8095, unseen=0.0521, h=0.0979 ZSL: unseen accuracy=0.5000
[6/300]  Loss_D: -19.5016 Loss_G: -4.1022, Wasserstein_dist:25.5146, vae_loss_seen:324.8297 GZSL: seen=0.8360, unseen=0.2188, h=0.3468 ZSL: unseen accuracy=0.3125
[7/300]  Loss_D: -25.8803 Loss_G: -3.3292, Wasserstein_dist:33.3561, vae_loss_seen:333.7048 GZSL: seen=0.7619, unseen=0.0938, h=0.1670 ZSL: unseen accuracy=0.3177
[8/300]  Loss_D: -24.1722 Loss_G: -1.5123, Wasserstein_dist:31.9771, vae_loss_seen:337.4602 GZSL: seen=0.7524, unseen=0.1042, h=0.1830 ZSL: unseen accuracy=0.3281
[9/300]  Loss_D: -20.3502 Loss_G: 1.6874, Wasserstein_dist:28.2216, vae_loss_seen:326.8952 GZSL: seen=0.8604, unseen=0.0208, h=0.0407 ZSL: unseen accuracy=0.4167
[10/300]  Loss_D: -22.1732 Loss_G: 2.1410, Wasserstein_dist:28.4383, vae_loss_seen:318.8386 GZSL: seen=0.7290, unseen=0.3750, h=0.4952 ZSL: unseen accuracy=0.2969
[11/300]  Loss_D: -21.7678 Loss_G: 4.4415, Wasserstein_dist:28.6093, vae_loss_seen:324.8188 GZSL: seen=0.8413, unseen=0.0938, h=0.1687 ZSL: unseen accuracy=0.3073
[12/300]  Loss_D: -23.0571 Loss_G: 3.7356, Wasserstein_dist:29.5158, vae_loss_seen:324.1299 GZSL: seen=0.7286, unseen=0.1250, h=0.2134 ZSL: unseen accuracy=0.1615
[13/300]  Loss_D: -20.8420 Loss_G: 4.3695, Wasserstein_dist:27.6986, vae_loss_seen:325.3887 GZSL: seen=0.7074, unseen=0.1562, h=0.2560 ZSL: unseen accuracy=0.3177
[14/300]  Loss_D: -21.9885 Loss_G: 5.0933, Wasserstein_dist:28.2011, vae_loss_seen:322.6461 GZSL: seen=0.7056, unseen=0.1302, h=0.2198 ZSL: unseen accuracy=0.2969
[15/300]  Loss_D: -20.1481 Loss_G: 5.8104, Wasserstein_dist:26.6083, vae_loss_seen:318.4992 GZSL: seen=0.7028, unseen=0.1406, h=0.2344 ZSL: unseen accuracy=0.3073
[16/300]  Loss_D: -21.1337 Loss_G: 5.3570, Wasserstein_dist:28.5147, vae_loss_seen:322.7034 GZSL: seen=0.7028, unseen=0.1146, h=0.1970 ZSL: unseen accuracy=0.2969
[17/300]  Loss_D: -16.8489 Loss_G: 5.4274, Wasserstein_dist:24.7041, vae_loss_seen:307.0369 GZSL: seen=0.8124, unseen=0.1302, h=0.2244 ZSL: unseen accuracy=0.3438
[18/300]  Loss_D: -21.3894 Loss_G: 6.2655, Wasserstein_dist:29.0107, vae_loss_seen:317.7632 GZSL: seen=0.6333, unseen=0.1406, h=0.2301 ZSL: unseen accuracy=0.3385
[19/300]  Loss_D: -23.0949 Loss_G: 5.2105, Wasserstein_dist:28.7597, vae_loss_seen:318.5823 GZSL: seen=0.6798, unseen=0.0938, h=0.1648 ZSL: unseen accuracy=0.2969
[20/300]  Loss_D: -18.1526 Loss_G: 6.6301, Wasserstein_dist:24.5231, vae_loss_seen:308.3623 GZSL: seen=0.6810, unseen=0.1406, h=0.2331 ZSL: unseen accuracy=0.3073
[21/300]  Loss_D: -18.6987 Loss_G: 4.9780, Wasserstein_dist:25.2733, vae_loss_seen:307.5429 GZSL: seen=0.8000, unseen=0.1615, h=0.2687 ZSL: unseen accuracy=0.3229
[22/300]  Loss_D: -17.7760 Loss_G: 5.6554, Wasserstein_dist:24.1879, vae_loss_seen:310.9515 GZSL: seen=0.6373, unseen=0.1354, h=0.2234 ZSL: unseen accuracy=0.4635
[23/300]  Loss_D: -17.1125 Loss_G: 6.0690, Wasserstein_dist:22.9083, vae_loss_seen:304.2846 GZSL: seen=0.6333, unseen=0.2969, h=0.4043 ZSL: unseen accuracy=0.3021
[24/300]  Loss_D: -18.0511 Loss_G: 7.5308, Wasserstein_dist:24.3335, vae_loss_seen:318.4957 GZSL: seen=0.6810, unseen=0.1771, h=0.2811 ZSL: unseen accuracy=0.3438
[25/300]  Loss_D: -15.3136 Loss_G: 6.3345, Wasserstein_dist:21.3039, vae_loss_seen:309.9817 GZSL: seen=0.6132, unseen=0.1927, h=0.2933 ZSL: unseen accuracy=0.1406
[26/300]  Loss_D: -15.2319 Loss_G: 6.5640, Wasserstein_dist:20.8968, vae_loss_seen:310.6856 GZSL: seen=0.5865, unseen=0.2865, h=0.3849 ZSL: unseen accuracy=0.2604
[27/300]  Loss_D: -16.7339 Loss_G: 8.3515, Wasserstein_dist:21.9254, vae_loss_seen:307.3756 GZSL: seen=0.6500, unseen=0.1302, h=0.2170 ZSL: unseen accuracy=0.3021
[28/300]  Loss_D: -16.6887 Loss_G: 8.0812, Wasserstein_dist:21.7449, vae_loss_seen:309.5265 GZSL: seen=0.5786, unseen=0.1302, h=0.2126 ZSL: unseen accuracy=0.2917
[29/300]  Loss_D: -16.1996 Loss_G: 7.2244, Wasserstein_dist:21.1703, vae_loss_seen:300.1986 GZSL: seen=0.6560, unseen=0.1406, h=0.2316 ZSL: unseen accuracy=0.3021
[30/300]  Loss_D: -16.0623 Loss_G: 7.3515, Wasserstein_dist:20.2981, vae_loss_seen:294.7237 GZSL: seen=0.6103, unseen=0.2760, h=0.3801 ZSL: unseen accuracy=0.2969
[31/300]  Loss_D: -14.0501 Loss_G: 7.5119, Wasserstein_dist:19.0229, vae_loss_seen:310.6974 GZSL: seen=0.5778, unseen=0.2292, h=0.3282 ZSL: unseen accuracy=0.3177
[32/300]  Loss_D: -11.8502 Loss_G: 7.0983, Wasserstein_dist:17.4770, vae_loss_seen:294.5674 GZSL: seen=0.6143, unseen=0.1406, h=0.2289 ZSL: unseen accuracy=0.3073
[33/300]  Loss_D: -11.8297 Loss_G: 8.6570, Wasserstein_dist:16.9141, vae_loss_seen:290.0301 GZSL: seen=0.7405, unseen=0.1302, h=0.2215 ZSL: unseen accuracy=0.4688
[34/300]  Loss_D: -13.7704 Loss_G: 7.7728, Wasserstein_dist:18.3066, vae_loss_seen:296.4337 GZSL: seen=0.7484, unseen=0.1406, h=0.2368 ZSL: unseen accuracy=0.3021
[35/300]  Loss_D: -12.6995 Loss_G: 8.0606, Wasserstein_dist:17.8014, vae_loss_seen:302.9918 GZSL: seen=0.6913, unseen=0.1406, h=0.2337 ZSL: unseen accuracy=0.3125
[36/300]  Loss_D: -14.2343 Loss_G: 8.6297, Wasserstein_dist:18.3530, vae_loss_seen:296.1797 GZSL: seen=0.5579, unseen=0.2917, h=0.3831 ZSL: unseen accuracy=0.4479
[37/300]  Loss_D: -12.3353 Loss_G: 10.3712, Wasserstein_dist:17.5899, vae_loss_seen:305.0597 GZSL: seen=0.5738, unseen=0.1823, h=0.2767 ZSL: unseen accuracy=0.4583
[38/300]  Loss_D: -12.6324 Loss_G: 8.2743, Wasserstein_dist:17.5684, vae_loss_seen:292.6585 GZSL: seen=0.6095, unseen=0.2760, h=0.3800 ZSL: unseen accuracy=0.4583
[39/300]  Loss_D: -12.2257 Loss_G: 8.9152, Wasserstein_dist:16.5359, vae_loss_seen:301.4914 GZSL: seen=0.7108, unseen=0.1719, h=0.2768 ZSL: unseen accuracy=0.4375
[40/300]  Loss_D: -13.0626 Loss_G: 9.5323, Wasserstein_dist:17.1741, vae_loss_seen:304.3541 GZSL: seen=0.7340, unseen=0.1406, h=0.2360 ZSL: unseen accuracy=0.4688
[41/300]  Loss_D: -14.1802 Loss_G: 8.9230, Wasserstein_dist:18.5007, vae_loss_seen:297.9249 GZSL: seen=0.7399, unseen=0.1406, h=0.2363 ZSL: unseen accuracy=0.4688
[42/300]  Loss_D: -12.8025 Loss_G: 8.8759, Wasserstein_dist:17.1272, vae_loss_seen:295.0801 GZSL: seen=0.5857, unseen=0.2135, h=0.3130 ZSL: unseen accuracy=0.4635
[43/300]  Loss_D: -11.9138 Loss_G: 10.1095, Wasserstein_dist:16.2858, vae_loss_seen:299.5932 GZSL: seen=0.5897, unseen=0.1771, h=0.2724 ZSL: unseen accuracy=0.4271
[44/300]  Loss_D: -13.0060 Loss_G: 9.9622, Wasserstein_dist:17.2095, vae_loss_seen:300.3412 GZSL: seen=0.8116, unseen=0.1406, h=0.2397 ZSL: unseen accuracy=0.4583
[45/300]  Loss_D: -12.5656 Loss_G: 11.0884, Wasserstein_dist:16.3382, vae_loss_seen:301.8113 GZSL: seen=0.7339, unseen=0.1458, h=0.2433 ZSL: unseen accuracy=0.5208
[46/300]  Loss_D: -13.4295 Loss_G: 11.4782, Wasserstein_dist:17.3389, vae_loss_seen:302.6623 GZSL: seen=0.5857, unseen=0.1562, h=0.2467 ZSL: unseen accuracy=0.4635
[47/300]  Loss_D: -12.4386 Loss_G: 10.7671, Wasserstein_dist:16.6429, vae_loss_seen:306.8462 GZSL: seen=0.7032, unseen=0.1406, h=0.2344 ZSL: unseen accuracy=0.4583
[48/300]  Loss_D: -11.2629 Loss_G: 10.6004, Wasserstein_dist:15.0971, vae_loss_seen:293.5854 GZSL: seen=0.7049, unseen=0.1406, h=0.2345 ZSL: unseen accuracy=0.5677
[49/300]  Loss_D: -13.3601 Loss_G: 10.1993, Wasserstein_dist:17.0000, vae_loss_seen:294.9080 GZSL: seen=0.5976, unseen=0.2448, h=0.3473 ZSL: unseen accuracy=0.4583
[50/300]  Loss_D: -11.6555 Loss_G: 11.2776, Wasserstein_dist:15.4522, vae_loss_seen:292.6194 GZSL: seen=0.5143, unseen=0.1719, h=0.2576 ZSL: unseen accuracy=0.4635
[51/300]  Loss_D: -14.5884 Loss_G: 10.4866, Wasserstein_dist:18.1631, vae_loss_seen:292.3812 GZSL: seen=0.8097, unseen=0.1406, h=0.2396 ZSL: unseen accuracy=0.4167
[52/300]  Loss_D: -13.1364 Loss_G: 13.0716, Wasserstein_dist:16.6418, vae_loss_seen:296.5235 GZSL: seen=0.8013, unseen=0.1458, h=0.2468 ZSL: unseen accuracy=0.4375
[53/300]  Loss_D: -12.1008 Loss_G: 11.6834, Wasserstein_dist:16.6712, vae_loss_seen:294.8491 GZSL: seen=0.8808, unseen=0.1406, h=0.2425 ZSL: unseen accuracy=0.4635
[54/300]  Loss_D: -12.8293 Loss_G: 11.0070, Wasserstein_dist:17.0942, vae_loss_seen:291.2867 GZSL: seen=0.7238, unseen=0.1458, h=0.2428 ZSL: unseen accuracy=0.3490
[55/300]  Loss_D: -12.9096 Loss_G: 11.6935, Wasserstein_dist:17.0022, vae_loss_seen:287.0347 GZSL: seen=0.7127, unseen=0.1615, h=0.2633 ZSL: unseen accuracy=0.5156
[56/300]  Loss_D: -12.5797 Loss_G: 10.6093, Wasserstein_dist:16.5429, vae_loss_seen:295.3333 GZSL: seen=0.7558, unseen=0.1406, h=0.2371 ZSL: unseen accuracy=0.4531
[57/300]  Loss_D: -13.1688 Loss_G: 11.9209, Wasserstein_dist:16.8649, vae_loss_seen:297.5848 GZSL: seen=0.8070, unseen=0.1458, h=0.2470 ZSL: unseen accuracy=0.4583
[58/300]  Loss_D: -12.1188 Loss_G: 12.1610, Wasserstein_dist:16.2508, vae_loss_seen:292.2702 GZSL: seen=0.5817, unseen=0.1979, h=0.2954 ZSL: unseen accuracy=0.4688
[59/300]  Loss_D: -11.3554 Loss_G: 11.3736, Wasserstein_dist:15.2048, vae_loss_seen:297.5147 GZSL: seen=0.8172, unseen=0.1458, h=0.2475 ZSL: unseen accuracy=0.5625
[60/300]  Loss_D: -11.8757 Loss_G: 11.3717, Wasserstein_dist:15.2428, vae_loss_seen:295.2084 GZSL: seen=0.8205, unseen=0.1875, h=0.3052 ZSL: unseen accuracy=0.4479
[61/300]  Loss_D: -13.1903 Loss_G: 11.7471, Wasserstein_dist:17.6136, vae_loss_seen:294.4072 GZSL: seen=0.8803, unseen=0.2135, h=0.3437 ZSL: unseen accuracy=0.4583
[62/300]  Loss_D: -14.9331 Loss_G: 11.5569, Wasserstein_dist:18.6113, vae_loss_seen:296.3755 GZSL: seen=0.7896, unseen=0.1406, h=0.2387 ZSL: unseen accuracy=0.5521
[63/300]  Loss_D: -13.7082 Loss_G: 12.1010, Wasserstein_dist:17.4082, vae_loss_seen:294.8451 GZSL: seen=0.6803, unseen=0.2344, h=0.3486 ZSL: unseen accuracy=0.4583
[64/300]  Loss_D: -12.7536 Loss_G: 12.2985, Wasserstein_dist:16.9071, vae_loss_seen:299.8023 GZSL: seen=0.7243, unseen=0.2344, h=0.3542 ZSL: unseen accuracy=0.4635
[65/300]  Loss_D: -13.1731 Loss_G: 11.2847, Wasserstein_dist:17.2230, vae_loss_seen:289.6115 GZSL: seen=0.7210, unseen=0.2344, h=0.3538 ZSL: unseen accuracy=0.4583
[66/300]  Loss_D: -12.2388 Loss_G: 11.0069, Wasserstein_dist:16.2460, vae_loss_seen:286.0767 GZSL: seen=0.8275, unseen=0.1927, h=0.3126 ZSL: unseen accuracy=0.4635
[67/300]  Loss_D: -12.4542 Loss_G: 11.8016, Wasserstein_dist:16.4360, vae_loss_seen:295.1441 GZSL: seen=0.7401, unseen=0.2865, h=0.4130 ZSL: unseen accuracy=0.4583
[68/300]  Loss_D: -12.4831 Loss_G: 10.3486, Wasserstein_dist:17.1034, vae_loss_seen:287.0341 GZSL: seen=0.7197, unseen=0.2344, h=0.3536 ZSL: unseen accuracy=0.4583
[69/300]  Loss_D: -12.9434 Loss_G: 11.3129, Wasserstein_dist:16.2709, vae_loss_seen:293.6941 GZSL: seen=0.6071, unseen=0.2552, h=0.3594 ZSL: unseen accuracy=0.4688
[70/300]  Loss_D: -12.8038 Loss_G: 11.1630, Wasserstein_dist:16.9116, vae_loss_seen:286.6729 GZSL: seen=0.7939, unseen=0.2865, h=0.4210 ZSL: unseen accuracy=0.4635
[71/300]  Loss_D: -12.7023 Loss_G: 11.8360, Wasserstein_dist:17.0037, vae_loss_seen:293.0401 GZSL: seen=0.5635, unseen=0.3333, h=0.4189 ZSL: unseen accuracy=0.4635
[72/300]  Loss_D: -12.7262 Loss_G: 11.5156, Wasserstein_dist:15.9843, vae_loss_seen:300.2505 GZSL: seen=0.8433, unseen=0.2760, h=0.4159 ZSL: unseen accuracy=0.4531
[73/300]  Loss_D: -10.3439 Loss_G: 10.1418, Wasserstein_dist:14.5676, vae_loss_seen:286.6596 GZSL: seen=0.7524, unseen=0.2865, h=0.4149 ZSL: unseen accuracy=0.4583
[74/300]  Loss_D: -11.7467 Loss_G: 10.9287, Wasserstein_dist:16.2409, vae_loss_seen:295.9439 GZSL: seen=0.8538, unseen=0.2708, h=0.4112 ZSL: unseen accuracy=0.4635
[75/300]  Loss_D: -13.2169 Loss_G: 10.9539, Wasserstein_dist:16.9108, vae_loss_seen:298.0312 GZSL: seen=0.7382, unseen=0.2760, h=0.4018 ZSL: unseen accuracy=0.4635
[76/300]  Loss_D: -11.1232 Loss_G: 11.2788, Wasserstein_dist:15.8200, vae_loss_seen:289.2273 GZSL: seen=0.8800, unseen=0.2552, h=0.3957 ZSL: unseen accuracy=0.5729
[77/300]  Loss_D: -11.4174 Loss_G: 10.5574, Wasserstein_dist:15.1049, vae_loss_seen:292.2490 GZSL: seen=0.7372, unseen=0.2760, h=0.4017 ZSL: unseen accuracy=0.4583
[78/300]  Loss_D: -10.8829 Loss_G: 11.1334, Wasserstein_dist:14.8122, vae_loss_seen:288.5618 GZSL: seen=0.8688, unseen=0.2656, h=0.4069 ZSL: unseen accuracy=0.4583
[79/300]  Loss_D: -11.6876 Loss_G: 10.9804, Wasserstein_dist:15.7246, vae_loss_seen:312.0898 GZSL: seen=0.8516, unseen=0.2708, h=0.4110 ZSL: unseen accuracy=0.4635
[80/300]  Loss_D: -11.7074 Loss_G: 10.6830, Wasserstein_dist:15.4974, vae_loss_seen:287.0352 GZSL: seen=0.7631, unseen=0.2760, h=0.4054 ZSL: unseen accuracy=0.4583
[81/300]  Loss_D: -12.5066 Loss_G: 11.7750, Wasserstein_dist:16.1699, vae_loss_seen:295.7807 GZSL: seen=0.7012, unseen=0.2865, h=0.4067 ZSL: unseen accuracy=0.4479
[82/300]  Loss_D: -12.9431 Loss_G: 10.7980, Wasserstein_dist:17.0607, vae_loss_seen:300.9022 GZSL: seen=0.7146, unseen=0.2812, h=0.4036 ZSL: unseen accuracy=0.4896
[83/300]  Loss_D: -10.2590 Loss_G: 9.9384, Wasserstein_dist:13.1392, vae_loss_seen:276.0858 GZSL: seen=0.7984, unseen=0.2708, h=0.4045 ZSL: unseen accuracy=0.4479
[84/300]  Loss_D: -11.4147 Loss_G: 10.5243, Wasserstein_dist:15.5116, vae_loss_seen:292.8018 GZSL: seen=0.7329, unseen=0.2708, h=0.3955 ZSL: unseen accuracy=0.5833
[85/300]  Loss_D: -10.8986 Loss_G: 10.3123, Wasserstein_dist:14.7669, vae_loss_seen:298.8651 GZSL: seen=0.7962, unseen=0.2760, h=0.4099 ZSL: unseen accuracy=0.4479
[86/300]  Loss_D: -11.7922 Loss_G: 10.3755, Wasserstein_dist:15.7841, vae_loss_seen:291.9540 GZSL: seen=0.8604, unseen=0.2656, h=0.4059 ZSL: unseen accuracy=0.4531
[87/300]  Loss_D: -12.8518 Loss_G: 10.3431, Wasserstein_dist:16.6598, vae_loss_seen:300.5529 GZSL: seen=0.7500, unseen=0.2812, h=0.4091 ZSL: unseen accuracy=0.4479
[88/300]  Loss_D: -11.0361 Loss_G: 9.7174, Wasserstein_dist:14.9282, vae_loss_seen:283.2730 GZSL: seen=0.8589, unseen=0.2708, h=0.4118 ZSL: unseen accuracy=0.4583
[89/300]  Loss_D: -12.7042 Loss_G: 9.9204, Wasserstein_dist:17.5790, vae_loss_seen:293.8322 GZSL: seen=0.7418, unseen=0.2708, h=0.3968 ZSL: unseen accuracy=0.4740
[90/300]  Loss_D: -11.2705 Loss_G: 10.2994, Wasserstein_dist:14.6932, vae_loss_seen:282.8767 GZSL: seen=0.7317, unseen=0.2865, h=0.4117 ZSL: unseen accuracy=0.4531
[91/300]  Loss_D: -11.3139 Loss_G: 10.0964, Wasserstein_dist:15.4245, vae_loss_seen:274.8978 GZSL: seen=0.7497, unseen=0.2760, h=0.4035 ZSL: unseen accuracy=0.4479
[92/300]  Loss_D: -12.8467 Loss_G: 10.6069, Wasserstein_dist:16.2393, vae_loss_seen:288.1409 GZSL: seen=0.7488, unseen=0.2812, h=0.4089 ZSL: unseen accuracy=0.4479
[93/300]  Loss_D: -11.1639 Loss_G: 10.3819, Wasserstein_dist:14.8362, vae_loss_seen:286.0163 GZSL: seen=0.8985, unseen=0.2708, h=0.4162 ZSL: unseen accuracy=0.4531
[94/300]  Loss_D: -10.5796 Loss_G: 10.2656, Wasserstein_dist:14.3342, vae_loss_seen:291.8187 GZSL: seen=0.8331, unseen=0.2656, h=0.4028 ZSL: unseen accuracy=0.5469
[95/300]  Loss_D: -10.1574 Loss_G: 10.0618, Wasserstein_dist:13.8567, vae_loss_seen:297.7328 GZSL: seen=0.8284, unseen=0.2760, h=0.4141 ZSL: unseen accuracy=0.4479
[96/300]  Loss_D: -12.5649 Loss_G: 9.1112, Wasserstein_dist:16.6336, vae_loss_seen:293.9496 GZSL: seen=0.8694, unseen=0.2708, h=0.4130 ZSL: unseen accuracy=0.4479
[97/300]  Loss_D: -12.0942 Loss_G: 8.9651, Wasserstein_dist:16.0711, vae_loss_seen:298.8077 GZSL: seen=0.8061, unseen=0.2656, h=0.3996 ZSL: unseen accuracy=0.4479
[98/300]  Loss_D: -11.4634 Loss_G: 9.3328, Wasserstein_dist:15.1789, vae_loss_seen:288.1005 GZSL: seen=0.7937, unseen=0.2812, h=0.4153 ZSL: unseen accuracy=0.4479
[99/300]  Loss_D: -11.3179 Loss_G: 9.4363, Wasserstein_dist:15.3774, vae_loss_seen:286.8810 GZSL: seen=0.7171, unseen=0.2812, h=0.4040 ZSL: unseen accuracy=0.4896
[100/300]  Loss_D: -11.8853 Loss_G: 9.5887, Wasserstein_dist:16.1186, vae_loss_seen:291.7454 GZSL: seen=0.5698, unseen=0.1250, h=0.2050 ZSL: unseen accuracy=0.4531
[101/300]  Loss_D: -12.5173 Loss_G: 8.9089, Wasserstein_dist:15.9017, vae_loss_seen:290.7917 GZSL: seen=0.7255, unseen=0.2760, h=0.3999 ZSL: unseen accuracy=0.4427
[102/300]  Loss_D: -11.8742 Loss_G: 9.7501, Wasserstein_dist:15.5378, vae_loss_seen:294.0189 GZSL: seen=0.7966, unseen=0.2552, h=0.3866 ZSL: unseen accuracy=0.4479
[103/300]  Loss_D: -10.9130 Loss_G: 9.2928, Wasserstein_dist:15.2334, vae_loss_seen:292.3539 GZSL: seen=0.8331, unseen=0.2604, h=0.3968 ZSL: unseen accuracy=0.4531
[104/300]  Loss_D: -10.1653 Loss_G: 9.9054, Wasserstein_dist:14.0940, vae_loss_seen:284.6566 GZSL: seen=0.8972, unseen=0.2552, h=0.3974 ZSL: unseen accuracy=0.4531
[105/300]  Loss_D: -12.0982 Loss_G: 8.6171, Wasserstein_dist:15.7186, vae_loss_seen:284.3497 GZSL: seen=0.7642, unseen=0.2604, h=0.3885 ZSL: unseen accuracy=0.4427
[106/300]  Loss_D: -10.5287 Loss_G: 8.9070, Wasserstein_dist:14.1218, vae_loss_seen:286.5318 GZSL: seen=0.7996, unseen=0.2708, h=0.4046 ZSL: unseen accuracy=0.4479
[107/300]  Loss_D: -10.5594 Loss_G: 7.2094, Wasserstein_dist:13.1701, vae_loss_seen:285.0847 GZSL: seen=0.8496, unseen=0.2656, h=0.4047 ZSL: unseen accuracy=0.4479
[108/300]  Loss_D: -10.3862 Loss_G: 8.8095, Wasserstein_dist:13.7604, vae_loss_seen:286.7157 GZSL: seen=0.7626, unseen=0.2760, h=0.4054 ZSL: unseen accuracy=0.5833
[109/300]  Loss_D: -9.4070 Loss_G: 7.5013, Wasserstein_dist:12.9049, vae_loss_seen:280.5693 GZSL: seen=0.7791, unseen=0.2656, h=0.3962 ZSL: unseen accuracy=0.4479
[110/300]  Loss_D: -10.5631 Loss_G: 7.3980, Wasserstein_dist:14.1429, vae_loss_seen:287.3059 GZSL: seen=0.7671, unseen=0.2760, h=0.4060 ZSL: unseen accuracy=0.4427
[111/300]  Loss_D: -11.5369 Loss_G: 8.1500, Wasserstein_dist:15.2312, vae_loss_seen:294.8648 GZSL: seen=0.8413, unseen=0.2604, h=0.3977 ZSL: unseen accuracy=0.4375
[112/300]  Loss_D: -10.9366 Loss_G: 8.7696, Wasserstein_dist:14.2234, vae_loss_seen:290.2871 GZSL: seen=0.7628, unseen=0.2656, h=0.3940 ZSL: unseen accuracy=0.4427
[113/300]  Loss_D: -11.4197 Loss_G: 8.6786, Wasserstein_dist:15.2246, vae_loss_seen:301.9075 GZSL: seen=0.8688, unseen=0.2344, h=0.3692 ZSL: unseen accuracy=0.4427
[114/300]  Loss_D: -11.2876 Loss_G: 8.1043, Wasserstein_dist:14.5431, vae_loss_seen:293.1904 GZSL: seen=0.7454, unseen=0.2656, h=0.3917 ZSL: unseen accuracy=0.4844
[115/300]  Loss_D: -11.1567 Loss_G: 8.3040, Wasserstein_dist:14.8476, vae_loss_seen:293.9789 GZSL: seen=0.7688, unseen=0.2656, h=0.3948 ZSL: unseen accuracy=0.4323
[116/300]  Loss_D: -10.1271 Loss_G: 8.2590, Wasserstein_dist:14.0225, vae_loss_seen:278.0295 GZSL: seen=0.7731, unseen=0.2708, h=0.4011 ZSL: unseen accuracy=0.4427
[117/300]  Loss_D: -11.0948 Loss_G: 8.9987, Wasserstein_dist:14.3293, vae_loss_seen:287.2499 GZSL: seen=0.8037, unseen=0.2604, h=0.3934 ZSL: unseen accuracy=0.4323
[118/300]  Loss_D: -12.1304 Loss_G: 8.2057, Wasserstein_dist:15.4355, vae_loss_seen:287.4740 GZSL: seen=0.7279, unseen=0.2500, h=0.3722 ZSL: unseen accuracy=0.4427
[119/300]  Loss_D: -11.6020 Loss_G: 8.0186, Wasserstein_dist:15.7576, vae_loss_seen:289.8403 GZSL: seen=0.9041, unseen=0.2448, h=0.3853 ZSL: unseen accuracy=0.4427
[120/300]  Loss_D: -11.7452 Loss_G: 7.3854, Wasserstein_dist:15.8444, vae_loss_seen:291.0182 GZSL: seen=0.8519, unseen=0.2604, h=0.3989 ZSL: unseen accuracy=0.4427
[121/300]  Loss_D: -11.4320 Loss_G: 7.7330, Wasserstein_dist:14.7842, vae_loss_seen:292.5294 GZSL: seen=0.7341, unseen=0.2656, h=0.3901 ZSL: unseen accuracy=0.4427
[122/300]  Loss_D: -10.7612 Loss_G: 7.5461, Wasserstein_dist:14.9310, vae_loss_seen:279.3771 GZSL: seen=0.8312, unseen=0.2396, h=0.3720 ZSL: unseen accuracy=0.4375
[123/300]  Loss_D: -12.2800 Loss_G: 7.4880, Wasserstein_dist:16.2021, vae_loss_seen:284.2900 GZSL: seen=0.7372, unseen=0.2656, h=0.3905 ZSL: unseen accuracy=0.4323
[124/300]  Loss_D: -11.2870 Loss_G: 6.8617, Wasserstein_dist:14.7959, vae_loss_seen:287.0547 GZSL: seen=0.7927, unseen=0.2708, h=0.4037 ZSL: unseen accuracy=0.4427
[125/300]  Loss_D: -10.4140 Loss_G: 6.4758, Wasserstein_dist:14.5159, vae_loss_seen:293.6527 GZSL: seen=0.8205, unseen=0.2604, h=0.3954 ZSL: unseen accuracy=0.4375
[126/300]  Loss_D: -12.6294 Loss_G: 7.7248, Wasserstein_dist:16.5742, vae_loss_seen:287.4355 GZSL: seen=0.7673, unseen=0.2552, h=0.3830 ZSL: unseen accuracy=0.4427
[127/300]  Loss_D: -10.4007 Loss_G: 7.0570, Wasserstein_dist:13.8965, vae_loss_seen:289.9114 GZSL: seen=0.5817, unseen=0.2760, h=0.3744 ZSL: unseen accuracy=0.4375
[128/300]  Loss_D: -10.9857 Loss_G: 6.4488, Wasserstein_dist:14.5988, vae_loss_seen:285.9563 GZSL: seen=0.8163, unseen=0.2031, h=0.3253 ZSL: unseen accuracy=0.4531
[129/300]  Loss_D: -12.1968 Loss_G: 6.6411, Wasserstein_dist:16.7003, vae_loss_seen:287.9023 GZSL: seen=0.6667, unseen=0.2812, h=0.3956 ZSL: unseen accuracy=0.4323
[130/300]  Loss_D: -11.2140 Loss_G: 5.7620, Wasserstein_dist:14.3177, vae_loss_seen:280.6076 GZSL: seen=0.6980, unseen=0.2500, h=0.3681 ZSL: unseen accuracy=0.4323
[131/300]  Loss_D: -11.4051 Loss_G: 5.5558, Wasserstein_dist:15.4547, vae_loss_seen:292.5405 GZSL: seen=0.7761, unseen=0.2552, h=0.3841 ZSL: unseen accuracy=0.4427
[132/300]  Loss_D: -12.4201 Loss_G: 7.0655, Wasserstein_dist:16.5656, vae_loss_seen:300.5168 GZSL: seen=0.7651, unseen=0.2604, h=0.3886 ZSL: unseen accuracy=0.4375
[133/300]  Loss_D: -12.8341 Loss_G: 7.7614, Wasserstein_dist:16.6788, vae_loss_seen:286.2328 GZSL: seen=0.7792, unseen=0.1302, h=0.2231 ZSL: unseen accuracy=0.4323
[134/300]  Loss_D: -9.8425 Loss_G: 6.0180, Wasserstein_dist:13.6083, vae_loss_seen:285.1942 GZSL: seen=0.7910, unseen=0.2500, h=0.3799 ZSL: unseen accuracy=0.4323
[135/300]  Loss_D: -11.9014 Loss_G: 6.3632, Wasserstein_dist:15.8836, vae_loss_seen:276.1442 GZSL: seen=0.7642, unseen=0.2552, h=0.3826 ZSL: unseen accuracy=0.4323
[136/300]  Loss_D: -13.1985 Loss_G: 7.2894, Wasserstein_dist:17.2521, vae_loss_seen:295.6026 GZSL: seen=0.7724, unseen=0.2552, h=0.3836 ZSL: unseen accuracy=0.4323
[137/300]  Loss_D: -12.2455 Loss_G: 6.9998, Wasserstein_dist:15.9732, vae_loss_seen:289.0995 GZSL: seen=0.6104, unseen=0.2760, h=0.3802 ZSL: unseen accuracy=0.4271
[138/300]  Loss_D: -11.6625 Loss_G: 6.4309, Wasserstein_dist:15.8498, vae_loss_seen:296.7792 GZSL: seen=0.7642, unseen=0.2500, h=0.3767 ZSL: unseen accuracy=0.4427
[139/300]  Loss_D: -11.8911 Loss_G: 6.5078, Wasserstein_dist:15.2033, vae_loss_seen:290.4023 GZSL: seen=0.5619, unseen=0.2760, h=0.3702 ZSL: unseen accuracy=0.5052
[140/300]  Loss_D: -11.8045 Loss_G: 6.7158, Wasserstein_dist:15.3823, vae_loss_seen:290.5985 GZSL: seen=0.7882, unseen=0.2604, h=0.3915 ZSL: unseen accuracy=0.4375
[141/300]  Loss_D: -12.8407 Loss_G: 5.3186, Wasserstein_dist:16.8722, vae_loss_seen:283.4102 GZSL: seen=0.7772, unseen=0.2083, h=0.3286 ZSL: unseen accuracy=0.4219
[142/300]  Loss_D: -10.8192 Loss_G: 5.9363, Wasserstein_dist:14.5444, vae_loss_seen:289.5653 GZSL: seen=0.7671, unseen=0.2656, h=0.3946 ZSL: unseen accuracy=0.4323
[143/300]  Loss_D: -13.4754 Loss_G: 6.0025, Wasserstein_dist:17.5092, vae_loss_seen:291.7529 GZSL: seen=0.7630, unseen=0.2552, h=0.3825 ZSL: unseen accuracy=0.4323
[144/300]  Loss_D: -11.1518 Loss_G: 5.6976, Wasserstein_dist:14.8961, vae_loss_seen:296.2126 GZSL: seen=0.5619, unseen=0.2656, h=0.3607 ZSL: unseen accuracy=0.4271
[145/300]  Loss_D: -11.9727 Loss_G: 5.9749, Wasserstein_dist:15.1628, vae_loss_seen:290.2602 GZSL: seen=0.7774, unseen=0.2500, h=0.3783 ZSL: unseen accuracy=0.4427
[146/300]  Loss_D: -9.1674 Loss_G: 6.1661, Wasserstein_dist:12.5887, vae_loss_seen:286.8487 GZSL: seen=0.7127, unseen=0.2552, h=0.3758 ZSL: unseen accuracy=0.4323
[147/300]  Loss_D: -10.9742 Loss_G: 6.0202, Wasserstein_dist:14.2191, vae_loss_seen:284.6781 GZSL: seen=0.8022, unseen=0.2240, h=0.3502 ZSL: unseen accuracy=0.4219
[148/300]  Loss_D: -10.0405 Loss_G: 5.4978, Wasserstein_dist:13.3880, vae_loss_seen:281.5750 GZSL: seen=0.7684, unseen=0.2500, h=0.3773 ZSL: unseen accuracy=0.5781
[149/300]  Loss_D: -9.6461 Loss_G: 5.0772, Wasserstein_dist:13.5260, vae_loss_seen:286.6270 GZSL: seen=0.7721, unseen=0.2552, h=0.3836 ZSL: unseen accuracy=0.4219
[150/300]  Loss_D: -10.2738 Loss_G: 4.4725, Wasserstein_dist:13.5861, vae_loss_seen:285.0967 GZSL: seen=0.7794, unseen=0.2604, h=0.3904 ZSL: unseen accuracy=0.4323
[151/300]  Loss_D: -11.8325 Loss_G: 6.2135, Wasserstein_dist:15.5144, vae_loss_seen:285.3607 GZSL: seen=0.8737, unseen=0.2396, h=0.3760 ZSL: unseen accuracy=0.4219
[152/300]  Loss_D: -10.9508 Loss_G: 4.9948, Wasserstein_dist:14.5889, vae_loss_seen:283.3735 GZSL: seen=0.8628, unseen=0.2448, h=0.3814 ZSL: unseen accuracy=0.4323
[153/300]  Loss_D: -8.8919 Loss_G: 5.6949, Wasserstein_dist:11.9605, vae_loss_seen:273.0551 GZSL: seen=0.8172, unseen=0.2448, h=0.3767 ZSL: unseen accuracy=0.4271
[154/300]  Loss_D: -11.8058 Loss_G: 5.2387, Wasserstein_dist:15.5521, vae_loss_seen:294.7133 GZSL: seen=0.8864, unseen=0.1406, h=0.2427 ZSL: unseen accuracy=0.4167
[155/300]  Loss_D: -11.1449 Loss_G: 3.7564, Wasserstein_dist:15.1752, vae_loss_seen:280.0794 GZSL: seen=0.5579, unseen=0.2708, h=0.3647 ZSL: unseen accuracy=0.4219
[156/300]  Loss_D: -9.9864 Loss_G: 5.1216, Wasserstein_dist:13.0967, vae_loss_seen:282.2289 GZSL: seen=0.5698, unseen=0.1875, h=0.2822 ZSL: unseen accuracy=0.4219
[157/300]  Loss_D: -11.3916 Loss_G: 4.3995, Wasserstein_dist:14.3627, vae_loss_seen:285.4819 GZSL: seen=0.7839, unseen=0.2448, h=0.3731 ZSL: unseen accuracy=0.4323
[158/300]  Loss_D: -10.2249 Loss_G: 4.3651, Wasserstein_dist:13.7248, vae_loss_seen:281.8876 GZSL: seen=0.8512, unseen=0.2396, h=0.3739 ZSL: unseen accuracy=0.4219
[159/300]  Loss_D: -10.1268 Loss_G: 3.9048, Wasserstein_dist:13.3298, vae_loss_seen:282.4867 GZSL: seen=0.7704, unseen=0.2396, h=0.3655 ZSL: unseen accuracy=0.4271
[160/300]  Loss_D: -11.6498 Loss_G: 2.9335, Wasserstein_dist:15.2759, vae_loss_seen:279.0251 GZSL: seen=0.5619, unseen=0.1042, h=0.1758 ZSL: unseen accuracy=0.4219
[161/300]  Loss_D: -10.5437 Loss_G: 5.9812, Wasserstein_dist:13.8974, vae_loss_seen:284.8756 GZSL: seen=0.7471, unseen=0.2500, h=0.3746 ZSL: unseen accuracy=0.4323
[162/300]  Loss_D: -10.3937 Loss_G: 3.9267, Wasserstein_dist:14.2849, vae_loss_seen:284.8563 GZSL: seen=0.7780, unseen=0.2344, h=0.3602 ZSL: unseen accuracy=0.4271
[163/300]  Loss_D: -12.8213 Loss_G: 5.0046, Wasserstein_dist:17.2799, vae_loss_seen:290.9933 GZSL: seen=0.5262, unseen=0.1562, h=0.2410 ZSL: unseen accuracy=0.4219
[164/300]  Loss_D: -10.4565 Loss_G: 4.2124, Wasserstein_dist:13.7154, vae_loss_seen:291.1648 GZSL: seen=0.5500, unseen=0.2604, h=0.3535 ZSL: unseen accuracy=0.4219
[165/300]  Loss_D: -10.6414 Loss_G: 5.5735, Wasserstein_dist:14.2824, vae_loss_seen:286.7389 GZSL: seen=0.5937, unseen=0.2448, h=0.3466 ZSL: unseen accuracy=0.4219
[166/300]  Loss_D: -10.9381 Loss_G: 4.8092, Wasserstein_dist:14.0138, vae_loss_seen:285.5829 GZSL: seen=0.6310, unseen=0.2656, h=0.3739 ZSL: unseen accuracy=0.4219
[167/300]  Loss_D: -11.6363 Loss_G: 3.8147, Wasserstein_dist:14.8106, vae_loss_seen:292.0996 GZSL: seen=0.5817, unseen=0.2656, h=0.3647 ZSL: unseen accuracy=0.4271
[168/300]  Loss_D: -11.5784 Loss_G: 4.1878, Wasserstein_dist:15.7020, vae_loss_seen:285.0839 GZSL: seen=0.5341, unseen=0.2656, h=0.3548 ZSL: unseen accuracy=0.4271
[169/300]  Loss_D: -10.4022 Loss_G: 4.3945, Wasserstein_dist:14.1034, vae_loss_seen:275.2261 GZSL: seen=0.8745, unseen=0.2448, h=0.3825 ZSL: unseen accuracy=0.4219
[170/300]  Loss_D: -9.8010 Loss_G: 4.4756, Wasserstein_dist:12.9787, vae_loss_seen:282.6903 GZSL: seen=0.8017, unseen=0.1146, h=0.2005 ZSL: unseen accuracy=0.4323
[171/300]  Loss_D: -11.8289 Loss_G: 3.9745, Wasserstein_dist:15.8531, vae_loss_seen:292.2832 GZSL: seen=0.7470, unseen=0.1562, h=0.2584 ZSL: unseen accuracy=0.4219
[172/300]  Loss_D: -11.6861 Loss_G: 3.4554, Wasserstein_dist:15.2366, vae_loss_seen:280.6227 GZSL: seen=0.6056, unseen=0.2656, h=0.3693 ZSL: unseen accuracy=0.4323
[173/300]  Loss_D: -11.2951 Loss_G: 4.1797, Wasserstein_dist:14.4340, vae_loss_seen:286.1645 GZSL: seen=0.5937, unseen=0.1302, h=0.2136 ZSL: unseen accuracy=0.4219
[174/300]  Loss_D: -11.4622 Loss_G: 3.8706, Wasserstein_dist:14.6882, vae_loss_seen:284.9958 GZSL: seen=0.7245, unseen=0.2344, h=0.3542 ZSL: unseen accuracy=0.4271
[175/300]  Loss_D: -10.6775 Loss_G: 3.9764, Wasserstein_dist:14.4823, vae_loss_seen:271.4353 GZSL: seen=0.6095, unseen=0.2500, h=0.3546 ZSL: unseen accuracy=0.4115
[176/300]  Loss_D: -10.5708 Loss_G: 2.5568, Wasserstein_dist:14.3335, vae_loss_seen:274.6843 GZSL: seen=0.6381, unseen=0.2552, h=0.3646 ZSL: unseen accuracy=0.4271
[177/300]  Loss_D: -11.3788 Loss_G: 4.4172, Wasserstein_dist:14.9818, vae_loss_seen:289.6622 GZSL: seen=0.7946, unseen=0.2396, h=0.3682 ZSL: unseen accuracy=0.4219
[178/300]  Loss_D: -10.6342 Loss_G: 2.9042, Wasserstein_dist:14.4553, vae_loss_seen:286.3551 GZSL: seen=0.7525, unseen=0.2448, h=0.3694 ZSL: unseen accuracy=0.4323
[179/300]  Loss_D: -10.6800 Loss_G: 3.3439, Wasserstein_dist:14.3060, vae_loss_seen:273.9459 GZSL: seen=0.5619, unseen=0.2448, h=0.3410 ZSL: unseen accuracy=0.4271
[180/300]  Loss_D: -11.6999 Loss_G: 2.5637, Wasserstein_dist:15.5392, vae_loss_seen:269.6768 GZSL: seen=0.6201, unseen=0.1875, h=0.2879 ZSL: unseen accuracy=0.4219
[181/300]  Loss_D: -10.9675 Loss_G: 3.6574, Wasserstein_dist:14.2088, vae_loss_seen:280.8874 GZSL: seen=0.5476, unseen=0.2604, h=0.3530 ZSL: unseen accuracy=0.4115
[182/300]  Loss_D: -11.3178 Loss_G: 2.2839, Wasserstein_dist:14.8330, vae_loss_seen:282.6834 GZSL: seen=0.6280, unseen=0.2656, h=0.3733 ZSL: unseen accuracy=0.4219
[183/300]  Loss_D: -7.9735 Loss_G: 3.5933, Wasserstein_dist:11.2402, vae_loss_seen:273.1580 GZSL: seen=0.8298, unseen=0.2188, h=0.3462 ZSL: unseen accuracy=0.4115
[184/300]  Loss_D: -10.3523 Loss_G: 2.4655, Wasserstein_dist:13.6407, vae_loss_seen:273.4666 GZSL: seen=0.6095, unseen=0.2552, h=0.3598 ZSL: unseen accuracy=0.4271
[185/300]  Loss_D: -10.0314 Loss_G: 3.0100, Wasserstein_dist:13.4051, vae_loss_seen:285.3726 GZSL: seen=0.7546, unseen=0.2552, h=0.3814 ZSL: unseen accuracy=0.4167
[186/300]  Loss_D: -9.0942 Loss_G: 2.7104, Wasserstein_dist:12.9209, vae_loss_seen:270.7067 GZSL: seen=0.7664, unseen=0.0990, h=0.1753 ZSL: unseen accuracy=0.4219
[187/300]  Loss_D: -9.9056 Loss_G: 2.5740, Wasserstein_dist:13.8139, vae_loss_seen:277.9005 GZSL: seen=0.8829, unseen=0.1198, h=0.2110 ZSL: unseen accuracy=0.4219
[188/300]  Loss_D: -10.8953 Loss_G: 2.3575, Wasserstein_dist:14.3691, vae_loss_seen:281.5616 GZSL: seen=0.5778, unseen=0.2552, h=0.3540 ZSL: unseen accuracy=0.4219
[189/300]  Loss_D: -11.5935 Loss_G: 2.6256, Wasserstein_dist:15.1842, vae_loss_seen:284.1021 GZSL: seen=0.7520, unseen=0.2240, h=0.3451 ZSL: unseen accuracy=0.4115
[190/300]  Loss_D: -11.4049 Loss_G: 3.3275, Wasserstein_dist:14.7620, vae_loss_seen:282.6217 GZSL: seen=0.7679, unseen=0.1042, h=0.1834 ZSL: unseen accuracy=0.4219
[191/300]  Loss_D: -9.6867 Loss_G: 2.4119, Wasserstein_dist:12.8397, vae_loss_seen:280.7071 GZSL: seen=0.5857, unseen=0.1250, h=0.2060 ZSL: unseen accuracy=0.4271
[192/300]  Loss_D: -10.5646 Loss_G: 2.3459, Wasserstein_dist:15.6575, vae_loss_seen:290.7032 GZSL: seen=0.5976, unseen=0.2500, h=0.3525 ZSL: unseen accuracy=0.4115
[193/300]  Loss_D: -10.6637 Loss_G: 2.5588, Wasserstein_dist:13.7800, vae_loss_seen:279.7683 GZSL: seen=0.8209, unseen=0.0990, h=0.1766 ZSL: unseen accuracy=0.4219
[194/300]  Loss_D: -8.8679 Loss_G: 2.2543, Wasserstein_dist:12.0461, vae_loss_seen:277.7263 GZSL: seen=0.8008, unseen=0.2135, h=0.3372 ZSL: unseen accuracy=0.4167
[195/300]  Loss_D: -10.8577 Loss_G: 2.7360, Wasserstein_dist:13.8766, vae_loss_seen:286.4394 GZSL: seen=0.7642, unseen=0.1927, h=0.3078 ZSL: unseen accuracy=0.4271
[196/300]  Loss_D: -10.4648 Loss_G: 3.4111, Wasserstein_dist:13.2813, vae_loss_seen:278.8943 GZSL: seen=0.7642, unseen=0.0990, h=0.1752 ZSL: unseen accuracy=0.4167
[197/300]  Loss_D: -11.0330 Loss_G: 1.6565, Wasserstein_dist:14.5024, vae_loss_seen:281.1359 GZSL: seen=0.7466, unseen=0.2448, h=0.3687 ZSL: unseen accuracy=0.4219
[198/300]  Loss_D: -11.4369 Loss_G: 1.8284, Wasserstein_dist:14.6724, vae_loss_seen:280.3151 GZSL: seen=0.7091, unseen=0.2083, h=0.3221 ZSL: unseen accuracy=0.4167
[199/300]  Loss_D: -10.6070 Loss_G: 2.3833, Wasserstein_dist:13.3748, vae_loss_seen:277.2468 GZSL: seen=0.7570, unseen=0.0885, h=0.1585 ZSL: unseen accuracy=0.4219
[200/300]  Loss_D: -11.4523 Loss_G: 2.1843, Wasserstein_dist:14.7362, vae_loss_seen:285.4613 GZSL: seen=0.5206, unseen=0.2552, h=0.3425 ZSL: unseen accuracy=0.4219
[201/300]  Loss_D: -8.7232 Loss_G: 2.3987, Wasserstein_dist:11.7403, vae_loss_seen:276.5735 GZSL: seen=0.6095, unseen=0.2656, h=0.3700 ZSL: unseen accuracy=0.4219
[202/300]  Loss_D: -11.2560 Loss_G: 2.7765, Wasserstein_dist:15.0588, vae_loss_seen:287.0556 GZSL: seen=0.5000, unseen=0.1302, h=0.2066 ZSL: unseen accuracy=0.4167
[203/300]  Loss_D: -9.8734 Loss_G: 2.2370, Wasserstein_dist:13.5625, vae_loss_seen:286.6770 GZSL: seen=0.5778, unseen=0.2552, h=0.3540 ZSL: unseen accuracy=0.4271
[204/300]  Loss_D: -11.4475 Loss_G: 2.4927, Wasserstein_dist:14.7898, vae_loss_seen:288.4997 GZSL: seen=0.8528, unseen=0.1250, h=0.2180 ZSL: unseen accuracy=0.4219
[205/300]  Loss_D: -9.9075 Loss_G: 2.2194, Wasserstein_dist:13.4688, vae_loss_seen:275.0144 GZSL: seen=0.7747, unseen=0.1094, h=0.1917 ZSL: unseen accuracy=0.4167
[206/300]  Loss_D: -9.5024 Loss_G: 1.9875, Wasserstein_dist:13.0101, vae_loss_seen:273.2521 GZSL: seen=0.5937, unseen=0.1198, h=0.1994 ZSL: unseen accuracy=0.4167
[207/300]  Loss_D: -13.3173 Loss_G: 2.2179, Wasserstein_dist:17.2127, vae_loss_seen:289.8897 GZSL: seen=0.8337, unseen=0.2448, h=0.3785 ZSL: unseen accuracy=0.4115
[208/300]  Loss_D: -10.0258 Loss_G: 1.6048, Wasserstein_dist:13.4730, vae_loss_seen:279.9956 GZSL: seen=0.5698, unseen=0.1354, h=0.2188 ZSL: unseen accuracy=0.4219
[209/300]  Loss_D: -10.6196 Loss_G: 1.9126, Wasserstein_dist:13.8945, vae_loss_seen:274.2659 GZSL: seen=0.7456, unseen=0.2240, h=0.3445 ZSL: unseen accuracy=0.5521
[210/300]  Loss_D: -8.0453 Loss_G: 1.4525, Wasserstein_dist:11.7572, vae_loss_seen:277.3056 GZSL: seen=0.5897, unseen=0.2552, h=0.3562 ZSL: unseen accuracy=0.4219
[211/300]  Loss_D: -9.6910 Loss_G: 1.3607, Wasserstein_dist:12.2401, vae_loss_seen:272.3681 GZSL: seen=0.5937, unseen=0.0938, h=0.1619 ZSL: unseen accuracy=0.4219
[212/300]  Loss_D: -10.9627 Loss_G: 1.6826, Wasserstein_dist:14.3744, vae_loss_seen:286.0981 GZSL: seen=0.7425, unseen=0.1042, h=0.1827 ZSL: unseen accuracy=0.4271
[213/300]  Loss_D: -9.8578 Loss_G: 1.1176, Wasserstein_dist:12.5287, vae_loss_seen:279.1236 GZSL: seen=0.5507, unseen=0.2500, h=0.3439 ZSL: unseen accuracy=0.4219
[214/300]  Loss_D: -9.4884 Loss_G: 1.3712, Wasserstein_dist:12.3547, vae_loss_seen:279.2635 GZSL: seen=0.7620, unseen=0.2031, h=0.3208 ZSL: unseen accuracy=0.4115
[215/300]  Loss_D: -10.6314 Loss_G: 0.2938, Wasserstein_dist:13.8517, vae_loss_seen:282.0332 GZSL: seen=0.8496, unseen=0.1302, h=0.2258 ZSL: unseen accuracy=0.4219
[216/300]  Loss_D: -9.6283 Loss_G: 1.9228, Wasserstein_dist:12.6652, vae_loss_seen:273.2057 GZSL: seen=0.7493, unseen=0.1771, h=0.2865 ZSL: unseen accuracy=0.4271
[217/300]  Loss_D: -10.8817 Loss_G: 1.4047, Wasserstein_dist:14.8266, vae_loss_seen:281.8276 GZSL: seen=0.6032, unseen=0.0938, h=0.1623 ZSL: unseen accuracy=0.4062
[218/300]  Loss_D: -10.7550 Loss_G: 1.0203, Wasserstein_dist:14.2243, vae_loss_seen:284.1199 GZSL: seen=0.5976, unseen=0.1042, h=0.1774 ZSL: unseen accuracy=0.4167
[219/300]  Loss_D: -10.7120 Loss_G: 1.0555, Wasserstein_dist:13.8420, vae_loss_seen:278.0277 GZSL: seen=0.7701, unseen=0.1250, h=0.2151 ZSL: unseen accuracy=0.4167
[220/300]  Loss_D: -9.2558 Loss_G: -0.2541, Wasserstein_dist:12.4694, vae_loss_seen:284.3506 GZSL: seen=0.7786, unseen=0.0990, h=0.1756 ZSL: unseen accuracy=0.4167
[221/300]  Loss_D: -10.9208 Loss_G: 0.4101, Wasserstein_dist:14.1131, vae_loss_seen:280.6228 GZSL: seen=0.7888, unseen=0.2552, h=0.3856 ZSL: unseen accuracy=0.4219
[222/300]  Loss_D: -8.9889 Loss_G: 0.3586, Wasserstein_dist:12.3920, vae_loss_seen:279.9585 GZSL: seen=0.7187, unseen=0.2240, h=0.3415 ZSL: unseen accuracy=0.4062
[223/300]  Loss_D: -8.5024 Loss_G: 0.6590, Wasserstein_dist:11.7449, vae_loss_seen:268.5660 GZSL: seen=0.8034, unseen=0.2188, h=0.3439 ZSL: unseen accuracy=0.4062
[224/300]  Loss_D: -12.5837 Loss_G: 0.7932, Wasserstein_dist:16.4448, vae_loss_seen:286.8432 GZSL: seen=0.5989, unseen=0.0990, h=0.1699 ZSL: unseen accuracy=0.4323
[225/300]  Loss_D: -10.0967 Loss_G: 1.1822, Wasserstein_dist:13.6194, vae_loss_seen:290.7024 GZSL: seen=0.6439, unseen=0.0990, h=0.1716 ZSL: unseen accuracy=0.4167
[226/300]  Loss_D: -9.7590 Loss_G: 0.9839, Wasserstein_dist:13.1171, vae_loss_seen:277.3034 GZSL: seen=0.5548, unseen=0.2396, h=0.3346 ZSL: unseen accuracy=0.4271
[227/300]  Loss_D: -10.6516 Loss_G: 1.4601, Wasserstein_dist:14.5752, vae_loss_seen:287.7296 GZSL: seen=0.8877, unseen=0.0990, h=0.1781 ZSL: unseen accuracy=0.4167
[228/300]  Loss_D: -9.3920 Loss_G: 0.6610, Wasserstein_dist:13.1083, vae_loss_seen:281.8772 GZSL: seen=0.5437, unseen=0.1042, h=0.1748 ZSL: unseen accuracy=0.4115
[229/300]  Loss_D: -8.7195 Loss_G: 0.8602, Wasserstein_dist:11.7180, vae_loss_seen:277.1334 GZSL: seen=0.8048, unseen=0.2135, h=0.3375 ZSL: unseen accuracy=0.4219
[230/300]  Loss_D: -11.1184 Loss_G: 1.2119, Wasserstein_dist:14.4240, vae_loss_seen:284.7120 GZSL: seen=0.6368, unseen=0.2344, h=0.3426 ZSL: unseen accuracy=0.4323
[231/300]  Loss_D: -9.9953 Loss_G: 0.7975, Wasserstein_dist:13.1775, vae_loss_seen:280.1582 GZSL: seen=0.7999, unseen=0.0990, h=0.1761 ZSL: unseen accuracy=0.4062
[232/300]  Loss_D: -10.4633 Loss_G: 1.2548, Wasserstein_dist:14.1539, vae_loss_seen:272.1739 GZSL: seen=0.7462, unseen=0.1875, h=0.2997 ZSL: unseen accuracy=0.4115
[233/300]  Loss_D: -10.7623 Loss_G: 0.4256, Wasserstein_dist:14.5494, vae_loss_seen:291.3310 GZSL: seen=0.8745, unseen=0.0729, h=0.1346 ZSL: unseen accuracy=0.4115
[234/300]  Loss_D: -9.5382 Loss_G: 1.2090, Wasserstein_dist:12.3722, vae_loss_seen:268.0813 GZSL: seen=0.6214, unseen=0.0885, h=0.1550 ZSL: unseen accuracy=0.4062
[235/300]  Loss_D: -9.4112 Loss_G: 0.7314, Wasserstein_dist:13.4079, vae_loss_seen:286.9934 GZSL: seen=0.6333, unseen=0.2344, h=0.3421 ZSL: unseen accuracy=0.4115
[236/300]  Loss_D: -10.7134 Loss_G: -0.2036, Wasserstein_dist:14.8321, vae_loss_seen:294.1856 GZSL: seen=0.8392, unseen=0.1042, h=0.1853 ZSL: unseen accuracy=0.4167
[237/300]  Loss_D: -10.3567 Loss_G: 1.3691, Wasserstein_dist:13.3249, vae_loss_seen:276.6339 GZSL: seen=0.5937, unseen=0.2656, h=0.3670 ZSL: unseen accuracy=0.4062
[238/300]  Loss_D: -9.9200 Loss_G: 1.0820, Wasserstein_dist:13.1672, vae_loss_seen:271.3046 GZSL: seen=0.9045, unseen=0.0990, h=0.1784 ZSL: unseen accuracy=0.4271
[239/300]  Loss_D: -9.1701 Loss_G: -0.2696, Wasserstein_dist:12.2606, vae_loss_seen:274.2498 GZSL: seen=0.8844, unseen=0.1042, h=0.1864 ZSL: unseen accuracy=0.4219
[240/300]  Loss_D: -9.1816 Loss_G: 0.5683, Wasserstein_dist:12.8605, vae_loss_seen:280.7878 GZSL: seen=0.5405, unseen=0.1042, h=0.1747 ZSL: unseen accuracy=0.4271
[241/300]  Loss_D: -11.5682 Loss_G: 0.3143, Wasserstein_dist:15.2503, vae_loss_seen:287.4240 GZSL: seen=0.6381, unseen=0.1667, h=0.2643 ZSL: unseen accuracy=0.4167
[242/300]  Loss_D: -11.1373 Loss_G: 0.5013, Wasserstein_dist:14.4083, vae_loss_seen:278.5941 GZSL: seen=0.7075, unseen=0.2240, h=0.3402 ZSL: unseen accuracy=0.4167
[243/300]  Loss_D: -9.6880 Loss_G: 0.3000, Wasserstein_dist:13.0548, vae_loss_seen:289.4522 GZSL: seen=0.6333, unseen=0.2500, h=0.3585 ZSL: unseen accuracy=0.4115
[244/300]  Loss_D: -10.6035 Loss_G: 0.4365, Wasserstein_dist:13.9602, vae_loss_seen:284.1833 GZSL: seen=0.6333, unseen=0.2344, h=0.3421 ZSL: unseen accuracy=0.4010
[245/300]  Loss_D: -9.2239 Loss_G: 0.7134, Wasserstein_dist:12.2487, vae_loss_seen:274.8835 GZSL: seen=0.6333, unseen=0.0990, h=0.1712 ZSL: unseen accuracy=0.4167
[246/300]  Loss_D: -10.2802 Loss_G: 0.5075, Wasserstein_dist:13.4548, vae_loss_seen:283.3308 GZSL: seen=0.5738, unseen=0.0990, h=0.1688 ZSL: unseen accuracy=0.4115
[247/300]  Loss_D: -9.1263 Loss_G: -1.0196, Wasserstein_dist:12.0629, vae_loss_seen:275.9351 GZSL: seen=0.6095, unseen=0.2396, h=0.3440 ZSL: unseen accuracy=0.4062
[248/300]  Loss_D: -8.5803 Loss_G: 0.0054, Wasserstein_dist:11.8189, vae_loss_seen:267.0981 GZSL: seen=0.6016, unseen=0.0885, h=0.1544 ZSL: unseen accuracy=0.4219
[249/300]  Loss_D: -10.1705 Loss_G: 0.4018, Wasserstein_dist:13.7405, vae_loss_seen:279.4182 GZSL: seen=0.5500, unseen=0.0885, h=0.1525 ZSL: unseen accuracy=0.4271
[250/300]  Loss_D: -9.3544 Loss_G: 0.8436, Wasserstein_dist:12.5212, vae_loss_seen:275.1894 GZSL: seen=0.5952, unseen=0.2500, h=0.3521 ZSL: unseen accuracy=0.4167
[251/300]  Loss_D: -9.0736 Loss_G: 0.0819, Wasserstein_dist:11.6485, vae_loss_seen:275.0348 GZSL: seen=0.7708, unseen=0.1615, h=0.2670 ZSL: unseen accuracy=0.4115
[252/300]  Loss_D: -9.4457 Loss_G: -1.2656, Wasserstein_dist:12.8711, vae_loss_seen:272.7960 GZSL: seen=0.6095, unseen=0.0885, h=0.1546 ZSL: unseen accuracy=0.4115
[253/300]  Loss_D: -9.9303 Loss_G: -0.8216, Wasserstein_dist:12.8039, vae_loss_seen:277.6129 GZSL: seen=0.8056, unseen=0.1094, h=0.1926 ZSL: unseen accuracy=0.4219
[254/300]  Loss_D: -8.3337 Loss_G: 0.2160, Wasserstein_dist:11.9085, vae_loss_seen:277.5750 GZSL: seen=0.5500, unseen=0.2031, h=0.2967 ZSL: unseen accuracy=0.4062
[255/300]  Loss_D: -10.6091 Loss_G: 0.7820, Wasserstein_dist:14.0523, vae_loss_seen:273.6116 GZSL: seen=0.8409, unseen=0.2240, h=0.3537 ZSL: unseen accuracy=0.4062
[256/300]  Loss_D: -10.5194 Loss_G: 0.0507, Wasserstein_dist:13.3611, vae_loss_seen:271.5085 GZSL: seen=0.8052, unseen=0.1927, h=0.3110 ZSL: unseen accuracy=0.4115
[257/300]  Loss_D: -10.3059 Loss_G: 0.3065, Wasserstein_dist:13.2691, vae_loss_seen:272.3607 GZSL: seen=0.5672, unseen=0.2240, h=0.3211 ZSL: unseen accuracy=0.4062
[258/300]  Loss_D: -10.0695 Loss_G: -0.2444, Wasserstein_dist:13.5435, vae_loss_seen:279.4339 GZSL: seen=0.5130, unseen=0.0885, h=0.1510 ZSL: unseen accuracy=0.4167
[259/300]  Loss_D: -10.9611 Loss_G: 1.1939, Wasserstein_dist:13.8771, vae_loss_seen:277.2948 GZSL: seen=0.7627, unseen=0.0990, h=0.1752 ZSL: unseen accuracy=0.4219
[260/300]  Loss_D: -10.7444 Loss_G: -0.5204, Wasserstein_dist:13.7069, vae_loss_seen:284.3793 GZSL: seen=0.5460, unseen=0.0990, h=0.1676 ZSL: unseen accuracy=0.3958
[261/300]  Loss_D: -8.4571 Loss_G: -0.9111, Wasserstein_dist:11.5763, vae_loss_seen:285.9793 GZSL: seen=0.7493, unseen=0.0990, h=0.1748 ZSL: unseen accuracy=0.4062
[262/300]  Loss_D: -9.6284 Loss_G: -0.6089, Wasserstein_dist:13.4667, vae_loss_seen:280.8728 GZSL: seen=0.6190, unseen=0.2500, h=0.3562 ZSL: unseen accuracy=0.4115
[263/300]  Loss_D: -9.4860 Loss_G: -0.4825, Wasserstein_dist:12.6121, vae_loss_seen:274.3859 GZSL: seen=0.6714, unseen=0.2656, h=0.3807 ZSL: unseen accuracy=0.4167
[264/300]  Loss_D: -8.9440 Loss_G: -0.1974, Wasserstein_dist:11.6450, vae_loss_seen:276.2948 GZSL: seen=0.7513, unseen=0.1927, h=0.3067 ZSL: unseen accuracy=0.4062
[265/300]  Loss_D: -11.6297 Loss_G: -0.4441, Wasserstein_dist:14.8069, vae_loss_seen:282.2083 GZSL: seen=0.7536, unseen=0.2344, h=0.3575 ZSL: unseen accuracy=0.4062
[266/300]  Loss_D: -10.5954 Loss_G: -0.8261, Wasserstein_dist:13.3949, vae_loss_seen:273.2461 GZSL: seen=0.6095, unseen=0.0938, h=0.1625 ZSL: unseen accuracy=0.4062
[267/300]  Loss_D: -9.8155 Loss_G: -0.3348, Wasserstein_dist:13.7411, vae_loss_seen:289.5182 GZSL: seen=0.7466, unseen=0.1146, h=0.1987 ZSL: unseen accuracy=0.4062
[268/300]  Loss_D: -9.3700 Loss_G: -1.0287, Wasserstein_dist:12.5462, vae_loss_seen:274.2523 GZSL: seen=0.5392, unseen=0.2656, h=0.3559 ZSL: unseen accuracy=0.4167
[269/300]  Loss_D: -9.7177 Loss_G: -0.2707, Wasserstein_dist:12.4489, vae_loss_seen:274.8205 GZSL: seen=0.8459, unseen=0.1823, h=0.2999 ZSL: unseen accuracy=0.4115
[270/300]  Loss_D: -10.3954 Loss_G: -0.3281, Wasserstein_dist:13.5694, vae_loss_seen:282.8661 GZSL: seen=0.8316, unseen=0.1042, h=0.1851 ZSL: unseen accuracy=0.4115
[271/300]  Loss_D: -9.6654 Loss_G: -1.3678, Wasserstein_dist:13.3445, vae_loss_seen:266.4799 GZSL: seen=0.8403, unseen=0.2292, h=0.3601 ZSL: unseen accuracy=0.4062
[272/300]  Loss_D: -11.5256 Loss_G: -0.7691, Wasserstein_dist:15.3343, vae_loss_seen:279.6154 GZSL: seen=0.7242, unseen=0.2344, h=0.3541 ZSL: unseen accuracy=0.4062
[273/300]  Loss_D: -8.0500 Loss_G: -0.6492, Wasserstein_dist:11.3538, vae_loss_seen:277.0846 GZSL: seen=0.7194, unseen=0.2344, h=0.3536 ZSL: unseen accuracy=0.4062
[274/300]  Loss_D: -9.6709 Loss_G: -1.3178, Wasserstein_dist:12.5743, vae_loss_seen:285.1221 GZSL: seen=0.5712, unseen=0.0990, h=0.1687 ZSL: unseen accuracy=0.4271
[275/300]  Loss_D: -10.0702 Loss_G: -1.2544, Wasserstein_dist:13.0435, vae_loss_seen:256.9486 GZSL: seen=0.7702, unseen=0.1667, h=0.2740 ZSL: unseen accuracy=0.4062
[276/300]  Loss_D: -9.2985 Loss_G: -1.7507, Wasserstein_dist:12.5069, vae_loss_seen:272.1121 GZSL: seen=0.8063, unseen=0.2135, h=0.3377 ZSL: unseen accuracy=0.4115
[277/300]  Loss_D: -8.9687 Loss_G: -1.8628, Wasserstein_dist:12.8844, vae_loss_seen:279.5743 GZSL: seen=0.5460, unseen=0.0885, h=0.1524 ZSL: unseen accuracy=0.4115
[278/300]  Loss_D: -8.0807 Loss_G: -1.2185, Wasserstein_dist:10.8043, vae_loss_seen:267.5029 GZSL: seen=0.7553, unseen=0.2344, h=0.3577 ZSL: unseen accuracy=0.4115
[279/300]  Loss_D: -10.6354 Loss_G: -1.4117, Wasserstein_dist:13.7220, vae_loss_seen:275.6650 GZSL: seen=0.7647, unseen=0.2240, h=0.3464 ZSL: unseen accuracy=0.4115
[280/300]  Loss_D: -10.7347 Loss_G: -0.7528, Wasserstein_dist:14.0106, vae_loss_seen:283.6554 GZSL: seen=0.5619, unseen=0.0938, h=0.1607 ZSL: unseen accuracy=0.4062
[281/300]  Loss_D: -10.0207 Loss_G: -0.0351, Wasserstein_dist:12.7677, vae_loss_seen:269.1318 GZSL: seen=0.5937, unseen=0.0833, h=0.1462 ZSL: unseen accuracy=0.4115
[282/300]  Loss_D: -9.8820 Loss_G: -0.8204, Wasserstein_dist:12.8878, vae_loss_seen:272.9543 GZSL: seen=0.7714, unseen=0.0729, h=0.1332 ZSL: unseen accuracy=0.4219
[283/300]  Loss_D: -8.9807 Loss_G: -1.1596, Wasserstein_dist:11.9695, vae_loss_seen:282.4218 GZSL: seen=0.5937, unseen=0.0938, h=0.1619 ZSL: unseen accuracy=0.4062
[284/300]  Loss_D: -11.1403 Loss_G: -2.0390, Wasserstein_dist:14.7517, vae_loss_seen:284.3397 GZSL: seen=0.6262, unseen=0.2396, h=0.3466 ZSL: unseen accuracy=0.4115
[285/300]  Loss_D: -8.9336 Loss_G: -1.7013, Wasserstein_dist:11.6832, vae_loss_seen:274.3258 GZSL: seen=0.5500, unseen=0.0781, h=0.1368 ZSL: unseen accuracy=0.4115
[286/300]  Loss_D: -10.5287 Loss_G: -1.8838, Wasserstein_dist:14.4616, vae_loss_seen:271.7937 GZSL: seen=0.6024, unseen=0.2552, h=0.3585 ZSL: unseen accuracy=0.4062
[287/300]  Loss_D: -10.1421 Loss_G: -1.5036, Wasserstein_dist:12.8690, vae_loss_seen:277.6477 GZSL: seen=0.6190, unseen=0.0885, h=0.1549 ZSL: unseen accuracy=0.4062
[288/300]  Loss_D: -9.4237 Loss_G: -2.1141, Wasserstein_dist:12.4179, vae_loss_seen:278.3349 GZSL: seen=0.7377, unseen=0.0990, h=0.1745 ZSL: unseen accuracy=0.4062
[289/300]  Loss_D: -8.9243 Loss_G: -0.5241, Wasserstein_dist:12.5766, vae_loss_seen:284.6284 GZSL: seen=0.5738, unseen=0.2500, h=0.3483 ZSL: unseen accuracy=0.4062
[290/300]  Loss_D: -8.3345 Loss_G: -1.0694, Wasserstein_dist:11.5127, vae_loss_seen:268.1038 GZSL: seen=0.7858, unseen=0.0938, h=0.1675 ZSL: unseen accuracy=0.4062
[291/300]  Loss_D: -10.7255 Loss_G: -1.0456, Wasserstein_dist:13.8118, vae_loss_seen:284.6052 GZSL: seen=0.5937, unseen=0.0885, h=0.1541 ZSL: unseen accuracy=0.4062
[292/300]  Loss_D: -7.5231 Loss_G: -2.4935, Wasserstein_dist:10.5725, vae_loss_seen:267.0888 GZSL: seen=0.7524, unseen=0.0938, h=0.1667 ZSL: unseen accuracy=0.4062
[293/300]  Loss_D: -10.3590 Loss_G: -1.8395, Wasserstein_dist:13.3458, vae_loss_seen:274.2723 GZSL: seen=0.7550, unseen=0.2083, h=0.3266 ZSL: unseen accuracy=0.4115
[294/300]  Loss_D: -10.2382 Loss_G: -1.9732, Wasserstein_dist:13.6801, vae_loss_seen:273.7650 GZSL: seen=0.7533, unseen=0.1302, h=0.2220 ZSL: unseen accuracy=0.4167
[295/300]  Loss_D: -10.2450 Loss_G: -2.5357, Wasserstein_dist:13.9538, vae_loss_seen:284.1258 GZSL: seen=0.5937, unseen=0.2552, h=0.3570 ZSL: unseen accuracy=0.4167
[296/300]  Loss_D: -10.0208 Loss_G: -2.6509, Wasserstein_dist:13.3667, vae_loss_seen:279.7904 GZSL: seen=0.6135, unseen=0.0885, h=0.1547 ZSL: unseen accuracy=0.4062
[297/300]  Loss_D: -8.8043 Loss_G: -2.5278, Wasserstein_dist:12.2732, vae_loss_seen:269.6552 GZSL: seen=0.7497, unseen=0.0990, h=0.1748 ZSL: unseen accuracy=0.4062
[298/300]  Loss_D: -9.5437 Loss_G: -3.1964, Wasserstein_dist:13.5691, vae_loss_seen:285.5123 GZSL: seen=0.5976, unseen=0.0885, h=0.1542 ZSL: unseen accuracy=0.4062
[299/300]  Loss_D: -8.9193 Loss_G: -1.7843, Wasserstein_dist:12.1175, vae_loss_seen:276.1462 GZSL: seen=0.8230, unseen=0.1458, h=0.2478 ZSL: unseen accuracy=0.4062
Dataset RADAR
the best ZSL unseen accuracy is 0.5833333333333334
Dataset RADAR
the best GZSL seen accuracy is 0.728968253968254
the best GZSL unseen accuracy is 0.375
the best GZSL H is 0.4952372393961179
