Random Seed:  3407
# of training samples:  538
Encoder(
  (fc1): Linear(in_features=2048, out_features=4096, bias=True)
  (fc3): Linear(in_features=4096, out_features=2048, bias=True)
  (lrelu): LeakyReLU(0.2, inplace)
  (linear_means): Linear(in_features=2048, out_features=1024, bias=True)
  (linear_log_var): Linear(in_features=2048, out_features=1024, bias=True)
)
Generator(
  (fc1): Linear(in_features=2048, out_features=4096, bias=True)
  (fc3): Linear(in_features=4096, out_features=1024, bias=True)
  (lrelu): LeakyReLU(0.2, inplace)
  (sigmoid): Sigmoid()
)
Discriminator_D1(
  (fc1): Linear(in_features=2048, out_features=4096, bias=True)
  (fc2): Linear(in_features=4096, out_features=1, bias=True)
  (lrelu): LeakyReLU(0.2, inplace)
)
Feedback(
  (fc1): Linear(in_features=4096, out_features=4096, bias=True)
  (fc2): Linear(in_features=4096, out_features=4096, bias=True)
  (lrelu): LeakyReLU(0.2, inplace)
)
AttDec(
  (fc1): Linear(in_features=1024, out_features=4096, bias=True)
  (fc3): Linear(in_features=4096, out_features=1024, bias=True)
  (lrelu): LeakyReLU(0.2, inplace)
)
[0/300]  Loss_D: -10.2956 Loss_G: 0.3696, Wasserstein_dist:12.8940, vae_loss_seen:492.1324 GZSL: seen=0.7921, unseen=0.1667, h=0.2754 ZSL: unseen accuracy=0.3333
[1/300]  Loss_D: -4.8718 Loss_G: -5.4116, Wasserstein_dist:6.3418, vae_loss_seen:351.8217 GZSL: seen=0.8016, unseen=0.0208, h=0.0406 ZSL: unseen accuracy=0.3854
[2/300]  Loss_D: -1.6388 Loss_G: -5.1570, Wasserstein_dist:2.1648, vae_loss_seen:313.6092 GZSL: seen=0.7881, unseen=0.1667, h=0.2751 ZSL: unseen accuracy=0.4583
[3/300]  Loss_D: -0.9704 Loss_G: -3.9280, Wasserstein_dist:1.3518, vae_loss_seen:299.5732 GZSL: seen=0.8274, unseen=0.0260, h=0.0505 ZSL: unseen accuracy=0.3490
[4/300]  Loss_D: -1.1733 Loss_G: -4.8100, Wasserstein_dist:1.4684, vae_loss_seen:303.0795 GZSL: seen=0.8307, unseen=0.1667, h=0.2776 ZSL: unseen accuracy=0.5677
[5/300]  Loss_D: -1.2421 Loss_G: -3.6950, Wasserstein_dist:1.5353, vae_loss_seen:302.6663 GZSL: seen=0.8095, unseen=0.0521, h=0.0979 ZSL: unseen accuracy=0.5885
[6/300]  Loss_D: -1.3306 Loss_G: -1.5240, Wasserstein_dist:1.6931, vae_loss_seen:318.3905 GZSL: seen=0.7484, unseen=0.2969, h=0.4251 ZSL: unseen accuracy=0.3125
[7/300]  Loss_D: -1.6386 Loss_G: -0.4257, Wasserstein_dist:1.9683, vae_loss_seen:335.9726 GZSL: seen=0.7833, unseen=0.0833, h=0.1506 ZSL: unseen accuracy=0.3385
[8/300]  Loss_D: -1.9438 Loss_G: 1.3358, Wasserstein_dist:2.3275, vae_loss_seen:356.8549 GZSL: seen=0.8190, unseen=0.2448, h=0.3769 ZSL: unseen accuracy=0.4219
[9/300]  Loss_D: -1.8227 Loss_G: 3.6105, Wasserstein_dist:2.3360, vae_loss_seen:367.0421 GZSL: seen=0.8000, unseen=0.0573, h=0.1069 ZSL: unseen accuracy=0.5833
[10/300]  Loss_D: -1.8640 Loss_G: 4.5702, Wasserstein_dist:2.3511, vae_loss_seen:367.6147 GZSL: seen=0.7825, unseen=0.2083, h=0.3291 ZSL: unseen accuracy=0.2708
[11/300]  Loss_D: -1.6767 Loss_G: 5.2314, Wasserstein_dist:2.3610, vae_loss_seen:377.9638 GZSL: seen=0.8413, unseen=0.0729, h=0.1342 ZSL: unseen accuracy=0.3021
[12/300]  Loss_D: -1.8699 Loss_G: 4.9873, Wasserstein_dist:2.4453, vae_loss_seen:375.9109 GZSL: seen=0.8360, unseen=0.1615, h=0.2706 ZSL: unseen accuracy=0.2917
[13/300]  Loss_D: -1.6477 Loss_G: 5.2189, Wasserstein_dist:2.3032, vae_loss_seen:378.6382 GZSL: seen=0.8095, unseen=0.1771, h=0.2906 ZSL: unseen accuracy=0.3698
[14/300]  Loss_D: -1.7847 Loss_G: 5.7568, Wasserstein_dist:2.3004, vae_loss_seen:380.0034 GZSL: seen=0.7444, unseen=0.1302, h=0.2216 ZSL: unseen accuracy=0.3490
[15/300]  Loss_D: -1.7486 Loss_G: 6.7621, Wasserstein_dist:2.2745, vae_loss_seen:386.0651 GZSL: seen=0.8095, unseen=0.0990, h=0.1764 ZSL: unseen accuracy=0.3333
[16/300]  Loss_D: -1.8596 Loss_G: 6.2150, Wasserstein_dist:2.3880, vae_loss_seen:383.8439 GZSL: seen=0.7683, unseen=0.0885, h=0.1588 ZSL: unseen accuracy=0.2917
[17/300]  Loss_D: -1.5672 Loss_G: 5.7364, Wasserstein_dist:2.1140, vae_loss_seen:365.0239 GZSL: seen=0.8538, unseen=0.1875, h=0.3075 ZSL: unseen accuracy=0.4167
[18/300]  Loss_D: -1.7771 Loss_G: 6.3115, Wasserstein_dist:2.3049, vae_loss_seen:379.4174 GZSL: seen=0.6810, unseen=0.1719, h=0.2745 ZSL: unseen accuracy=0.3125
[19/300]  Loss_D: -1.9101 Loss_G: 5.5849, Wasserstein_dist:2.3955, vae_loss_seen:374.0135 GZSL: seen=0.9660, unseen=0.0885, h=0.1622 ZSL: unseen accuracy=0.4010
[20/300]  Loss_D: -1.5267 Loss_G: 7.3239, Wasserstein_dist:2.0912, vae_loss_seen:381.4823 GZSL: seen=0.6988, unseen=0.1302, h=0.2195 ZSL: unseen accuracy=0.3490
[21/300]  Loss_D: -1.4628 Loss_G: 6.0827, Wasserstein_dist:1.9719, vae_loss_seen:369.6176 GZSL: seen=0.8095, unseen=0.1927, h=0.3113 ZSL: unseen accuracy=0.4010
[22/300]  Loss_D: -1.4976 Loss_G: 6.9188, Wasserstein_dist:1.9462, vae_loss_seen:380.9212 GZSL: seen=0.6571, unseen=0.1406, h=0.2317 ZSL: unseen accuracy=0.4688
[23/300]  Loss_D: -1.5082 Loss_G: 6.9772, Wasserstein_dist:1.9918, vae_loss_seen:374.1095 GZSL: seen=0.6869, unseen=0.2812, h=0.3991 ZSL: unseen accuracy=0.4115
[24/300]  Loss_D: -1.4774 Loss_G: 7.6990, Wasserstein_dist:1.9696, vae_loss_seen:393.2387 GZSL: seen=0.6810, unseen=0.2708, h=0.3875 ZSL: unseen accuracy=0.2865
[25/300]  Loss_D: -1.4512 Loss_G: 7.3958, Wasserstein_dist:1.8518, vae_loss_seen:382.8448 GZSL: seen=0.6677, unseen=0.2396, h=0.3526 ZSL: unseen accuracy=0.2344
[26/300]  Loss_D: -1.2274 Loss_G: 7.6317, Wasserstein_dist:1.6560, vae_loss_seen:385.4276 GZSL: seen=0.6317, unseen=0.2917, h=0.3991 ZSL: unseen accuracy=0.2500
[27/300]  Loss_D: -1.4546 Loss_G: 9.2392, Wasserstein_dist:1.8506, vae_loss_seen:396.3688 GZSL: seen=0.7560, unseen=0.1823, h=0.2937 ZSL: unseen accuracy=0.3021
[28/300]  Loss_D: -1.3817 Loss_G: 7.5966, Wasserstein_dist:1.8033, vae_loss_seen:382.9158 GZSL: seen=0.5905, unseen=0.1562, h=0.2471 ZSL: unseen accuracy=0.2917
[29/300]  Loss_D: -1.3039 Loss_G: 7.3393, Wasserstein_dist:1.6969, vae_loss_seen:371.2675 GZSL: seen=0.6889, unseen=0.1302, h=0.2190 ZSL: unseen accuracy=0.3073
[30/300]  Loss_D: -1.3102 Loss_G: 10.0719, Wasserstein_dist:1.7095, vae_loss_seen:393.7482 GZSL: seen=0.6571, unseen=0.2969, h=0.4090 ZSL: unseen accuracy=0.3021
[31/300]  Loss_D: -1.0938 Loss_G: 7.2199, Wasserstein_dist:1.4740, vae_loss_seen:379.9062 GZSL: seen=0.5778, unseen=0.2812, h=0.3783 ZSL: unseen accuracy=0.4062
[32/300]  Loss_D: -1.0838 Loss_G: 7.5528, Wasserstein_dist:1.4430, vae_loss_seen:368.9313 GZSL: seen=0.6333, unseen=0.1406, h=0.2301 ZSL: unseen accuracy=0.2969
[33/300]  Loss_D: -1.0953 Loss_G: 8.8235, Wasserstein_dist:1.4315, vae_loss_seen:374.9669 GZSL: seen=0.6423, unseen=0.1302, h=0.2165 ZSL: unseen accuracy=0.4479
[34/300]  Loss_D: -1.1590 Loss_G: 9.7019, Wasserstein_dist:1.5143, vae_loss_seen:391.1476 GZSL: seen=0.7524, unseen=0.2135, h=0.3327 ZSL: unseen accuracy=0.3021
[35/300]  Loss_D: -1.2305 Loss_G: 8.5505, Wasserstein_dist:1.6123, vae_loss_seen:386.0555 GZSL: seen=0.6155, unseen=0.2448, h=0.3503 ZSL: unseen accuracy=0.4323
[36/300]  Loss_D: -1.1113 Loss_G: 7.8328, Wasserstein_dist:1.4672, vae_loss_seen:371.1259 GZSL: seen=0.6460, unseen=0.2760, h=0.3868 ZSL: unseen accuracy=0.2917
[37/300]  Loss_D: -1.1688 Loss_G: 10.8248, Wasserstein_dist:1.5654, vae_loss_seen:408.1947 GZSL: seen=0.5857, unseen=0.2812, h=0.3800 ZSL: unseen accuracy=0.3021
[38/300]  Loss_D: -1.0991 Loss_G: 9.9470, Wasserstein_dist:1.4486, vae_loss_seen:388.9701 GZSL: seen=0.5976, unseen=0.2969, h=0.3967 ZSL: unseen accuracy=0.3125
[39/300]  Loss_D: -1.2512 Loss_G: 9.9602, Wasserstein_dist:1.5730, vae_loss_seen:397.4479 GZSL: seen=0.6016, unseen=0.2188, h=0.3208 ZSL: unseen accuracy=0.3125
[40/300]  Loss_D: -1.1901 Loss_G: 10.4287, Wasserstein_dist:1.5515, vae_loss_seen:404.8376 GZSL: seen=0.7274, unseen=0.1354, h=0.2283 ZSL: unseen accuracy=0.5000
[41/300]  Loss_D: -1.2283 Loss_G: 9.6142, Wasserstein_dist:1.5538, vae_loss_seen:389.8408 GZSL: seen=0.6016, unseen=0.1406, h=0.2280 ZSL: unseen accuracy=0.4479
[42/300]  Loss_D: -1.2306 Loss_G: 9.9696, Wasserstein_dist:1.6085, vae_loss_seen:391.2501 GZSL: seen=0.6262, unseen=0.2865, h=0.3931 ZSL: unseen accuracy=0.3698
[43/300]  Loss_D: -1.2632 Loss_G: 10.0450, Wasserstein_dist:1.6227, vae_loss_seen:394.7894 GZSL: seen=0.5802, unseen=0.2292, h=0.3286 ZSL: unseen accuracy=0.3333
[44/300]  Loss_D: -1.2132 Loss_G: 11.7222, Wasserstein_dist:1.5609, vae_loss_seen:412.8617 GZSL: seen=0.6275, unseen=0.1406, h=0.2298 ZSL: unseen accuracy=0.4792
[45/300]  Loss_D: -1.3503 Loss_G: 11.6886, Wasserstein_dist:1.7580, vae_loss_seen:413.2285 GZSL: seen=0.5905, unseen=0.1979, h=0.2965 ZSL: unseen accuracy=0.4635
[46/300]  Loss_D: -1.2929 Loss_G: 10.8426, Wasserstein_dist:1.7041, vae_loss_seen:404.0556 GZSL: seen=0.5857, unseen=0.2188, h=0.3185 ZSL: unseen accuracy=0.4792
[47/300]  Loss_D: -1.1853 Loss_G: 10.9003, Wasserstein_dist:1.5269, vae_loss_seen:410.7289 GZSL: seen=0.5579, unseen=0.2396, h=0.3352 ZSL: unseen accuracy=0.4792
[48/300]  Loss_D: -1.2128 Loss_G: 10.3783, Wasserstein_dist:1.5058, vae_loss_seen:392.5050 GZSL: seen=0.7049, unseen=0.1406, h=0.2345 ZSL: unseen accuracy=0.5625
[49/300]  Loss_D: -1.3754 Loss_G: 10.8625, Wasserstein_dist:1.7415, vae_loss_seen:397.8177 GZSL: seen=0.5976, unseen=0.2917, h=0.3920 ZSL: unseen accuracy=0.4792
[50/300]  Loss_D: -1.2987 Loss_G: 10.2026, Wasserstein_dist:1.6751, vae_loss_seen:388.4313 GZSL: seen=0.5302, unseen=0.2448, h=0.3349 ZSL: unseen accuracy=0.4740
[51/300]  Loss_D: -1.2897 Loss_G: 9.2490, Wasserstein_dist:1.6760, vae_loss_seen:379.1826 GZSL: seen=0.7966, unseen=0.1406, h=0.2390 ZSL: unseen accuracy=0.4635
[52/300]  Loss_D: -1.1616 Loss_G: 11.8732, Wasserstein_dist:1.5019, vae_loss_seen:407.2607 GZSL: seen=0.5937, unseen=0.1771, h=0.2728 ZSL: unseen accuracy=0.4844
[53/300]  Loss_D: -1.1615 Loss_G: 10.9638, Wasserstein_dist:1.6476, vae_loss_seen:397.7674 GZSL: seen=0.6050, unseen=0.1458, h=0.2350 ZSL: unseen accuracy=0.4635
[54/300]  Loss_D: -1.1751 Loss_G: 11.1426, Wasserstein_dist:1.5483, vae_loss_seen:396.4612 GZSL: seen=0.6968, unseen=0.1458, h=0.2412 ZSL: unseen accuracy=0.4635
[55/300]  Loss_D: -1.1757 Loss_G: 11.7725, Wasserstein_dist:1.5425, vae_loss_seen:396.8416 GZSL: seen=0.7187, unseen=0.1458, h=0.2425 ZSL: unseen accuracy=0.4792
[56/300]  Loss_D: -1.0711 Loss_G: 10.6668, Wasserstein_dist:1.4807, vae_loss_seen:396.6567 GZSL: seen=0.7463, unseen=0.1406, h=0.2367 ZSL: unseen accuracy=0.4635
[57/300]  Loss_D: -1.2784 Loss_G: 11.1448, Wasserstein_dist:1.6803, vae_loss_seen:401.5933 GZSL: seen=0.7975, unseen=0.1406, h=0.2391 ZSL: unseen accuracy=0.5260
[58/300]  Loss_D: -1.3367 Loss_G: 11.4298, Wasserstein_dist:1.7571, vae_loss_seen:399.4067 GZSL: seen=0.7005, unseen=0.1406, h=0.2342 ZSL: unseen accuracy=0.4635
[59/300]  Loss_D: -1.2450 Loss_G: 11.0714, Wasserstein_dist:1.6028, vae_loss_seen:401.5762 GZSL: seen=0.7974, unseen=0.1406, h=0.2391 ZSL: unseen accuracy=0.4792
[60/300]  Loss_D: -1.1296 Loss_G: 11.4601, Wasserstein_dist:1.4545, vae_loss_seen:403.4541 GZSL: seen=0.8073, unseen=0.1458, h=0.2470 ZSL: unseen accuracy=0.4635
[61/300]  Loss_D: -1.5173 Loss_G: 10.9039, Wasserstein_dist:1.9205, vae_loss_seen:396.0656 GZSL: seen=0.7593, unseen=0.1458, h=0.2447 ZSL: unseen accuracy=0.5677
[62/300]  Loss_D: -1.3497 Loss_G: 11.3870, Wasserstein_dist:1.7309, vae_loss_seen:402.9627 GZSL: seen=0.7765, unseen=0.1406, h=0.2381 ZSL: unseen accuracy=0.4740
[63/300]  Loss_D: -1.3856 Loss_G: 11.5763, Wasserstein_dist:1.7999, vae_loss_seen:403.4123 GZSL: seen=0.7907, unseen=0.1406, h=0.2388 ZSL: unseen accuracy=0.4531
[64/300]  Loss_D: -1.1041 Loss_G: 10.6485, Wasserstein_dist:1.4180, vae_loss_seen:397.0482 GZSL: seen=0.5262, unseen=0.1823, h=0.2708 ZSL: unseen accuracy=0.4531
[65/300]  Loss_D: -1.3498 Loss_G: 12.2401, Wasserstein_dist:1.8040, vae_loss_seen:405.3788 GZSL: seen=0.7036, unseen=0.1458, h=0.2416 ZSL: unseen accuracy=0.4688
[66/300]  Loss_D: -1.2182 Loss_G: 10.6880, Wasserstein_dist:1.6202, vae_loss_seen:386.3113 GZSL: seen=0.7783, unseen=0.1406, h=0.2382 ZSL: unseen accuracy=0.3542
[67/300]  Loss_D: -1.3462 Loss_G: 11.6074, Wasserstein_dist:1.7471, vae_loss_seen:403.4406 GZSL: seen=0.8062, unseen=0.1458, h=0.2470 ZSL: unseen accuracy=0.5365
[68/300]  Loss_D: -1.2311 Loss_G: 9.5968, Wasserstein_dist:1.6079, vae_loss_seen:377.2229 GZSL: seen=0.7197, unseen=0.1458, h=0.2425 ZSL: unseen accuracy=0.4062
[69/300]  Loss_D: -1.2466 Loss_G: 10.2557, Wasserstein_dist:1.6023, vae_loss_seen:388.2914 GZSL: seen=0.7873, unseen=0.1406, h=0.2386 ZSL: unseen accuracy=0.4688
[70/300]  Loss_D: -1.1896 Loss_G: 10.4382, Wasserstein_dist:1.5520, vae_loss_seen:383.2615 GZSL: seen=0.7511, unseen=0.1458, h=0.2442 ZSL: unseen accuracy=0.4740
[71/300]  Loss_D: -1.1854 Loss_G: 11.5372, Wasserstein_dist:1.5728, vae_loss_seen:399.5263 GZSL: seen=0.5444, unseen=0.3125, h=0.3971 ZSL: unseen accuracy=0.5729
[72/300]  Loss_D: -1.1169 Loss_G: 10.3096, Wasserstein_dist:1.4972, vae_loss_seen:395.4877 GZSL: seen=0.8020, unseen=0.1458, h=0.2468 ZSL: unseen accuracy=0.4792
[73/300]  Loss_D: -1.1671 Loss_G: 9.0384, Wasserstein_dist:1.4658, vae_loss_seen:370.4001 GZSL: seen=0.7938, unseen=0.1458, h=0.2464 ZSL: unseen accuracy=0.4583
[74/300]  Loss_D: -1.3145 Loss_G: 11.0334, Wasserstein_dist:1.6706, vae_loss_seen:398.9622 GZSL: seen=0.7868, unseen=0.1458, h=0.2461 ZSL: unseen accuracy=0.5469
[75/300]  Loss_D: -1.1229 Loss_G: 10.5517, Wasserstein_dist:1.4564, vae_loss_seen:396.2907 GZSL: seen=0.7718, unseen=0.1458, h=0.2453 ZSL: unseen accuracy=0.4115
[76/300]  Loss_D: -1.1848 Loss_G: 10.2579, Wasserstein_dist:1.5488, vae_loss_seen:384.4256 GZSL: seen=0.8004, unseen=0.1406, h=0.2392 ZSL: unseen accuracy=0.5312
[77/300]  Loss_D: -1.1368 Loss_G: 10.0423, Wasserstein_dist:1.4832, vae_loss_seen:385.0796 GZSL: seen=0.8939, unseen=0.1406, h=0.2430 ZSL: unseen accuracy=0.4479
[78/300]  Loss_D: -1.1722 Loss_G: 10.1304, Wasserstein_dist:1.5060, vae_loss_seen:382.1912 GZSL: seen=0.8295, unseen=0.1458, h=0.2481 ZSL: unseen accuracy=0.4479
[79/300]  Loss_D: -1.0975 Loss_G: 10.4349, Wasserstein_dist:1.3973, vae_loss_seen:408.8202 GZSL: seen=0.7315, unseen=0.1458, h=0.2432 ZSL: unseen accuracy=0.4583
[80/300]  Loss_D: -1.3201 Loss_G: 10.7473, Wasserstein_dist:1.6661, vae_loss_seen:386.7104 GZSL: seen=0.5143, unseen=0.2344, h=0.3220 ZSL: unseen accuracy=0.5573
[81/300]  Loss_D: -1.1442 Loss_G: 11.8678, Wasserstein_dist:1.4758, vae_loss_seen:407.1673 GZSL: seen=0.8526, unseen=0.1406, h=0.2414 ZSL: unseen accuracy=0.4271
[82/300]  Loss_D: -1.1179 Loss_G: 11.3907, Wasserstein_dist:1.4875, vae_loss_seen:407.0324 GZSL: seen=0.6832, unseen=0.1458, h=0.2404 ZSL: unseen accuracy=0.5625
[83/300]  Loss_D: -0.9726 Loss_G: 9.4974, Wasserstein_dist:1.2796, vae_loss_seen:364.3494 GZSL: seen=0.8249, unseen=0.1458, h=0.2478 ZSL: unseen accuracy=0.6146
[84/300]  Loss_D: -1.2370 Loss_G: 10.0051, Wasserstein_dist:1.6116, vae_loss_seen:385.6924 GZSL: seen=0.5143, unseen=0.2344, h=0.3220 ZSL: unseen accuracy=0.5677
[85/300]  Loss_D: -1.0127 Loss_G: 9.1928, Wasserstein_dist:1.3619, vae_loss_seen:383.2855 GZSL: seen=0.8126, unseen=0.1458, h=0.2473 ZSL: unseen accuracy=0.6198
[86/300]  Loss_D: -1.1122 Loss_G: 9.0998, Wasserstein_dist:1.4433, vae_loss_seen:375.4175 GZSL: seen=0.8112, unseen=0.1458, h=0.2472 ZSL: unseen accuracy=0.5625
[87/300]  Loss_D: -1.0819 Loss_G: 10.0612, Wasserstein_dist:1.4261, vae_loss_seen:393.6187 GZSL: seen=0.7163, unseen=0.1823, h=0.2906 ZSL: unseen accuracy=0.5365
[88/300]  Loss_D: -1.0883 Loss_G: 10.2390, Wasserstein_dist:1.4540, vae_loss_seen:379.7318 GZSL: seen=0.8116, unseen=0.1406, h=0.2397 ZSL: unseen accuracy=0.4792
[89/300]  Loss_D: -1.1567 Loss_G: 9.5699, Wasserstein_dist:1.5712, vae_loss_seen:383.3639 GZSL: seen=0.7243, unseen=0.1458, h=0.2428 ZSL: unseen accuracy=0.6198
[90/300]  Loss_D: -1.2243 Loss_G: 9.1937, Wasserstein_dist:1.5427, vae_loss_seen:368.7110 GZSL: seen=0.7767, unseen=0.1458, h=0.2456 ZSL: unseen accuracy=0.4583
[91/300]  Loss_D: -1.0313 Loss_G: 9.9087, Wasserstein_dist:1.4032, vae_loss_seen:367.9212 GZSL: seen=0.7279, unseen=0.1406, h=0.2357 ZSL: unseen accuracy=0.4323
[92/300]  Loss_D: -1.2688 Loss_G: 9.4996, Wasserstein_dist:1.6045, vae_loss_seen:376.3794 GZSL: seen=0.8000, unseen=0.1458, h=0.2467 ZSL: unseen accuracy=0.5417
[93/300]  Loss_D: -1.1203 Loss_G: 9.8529, Wasserstein_dist:1.4454, vae_loss_seen:376.7293 GZSL: seen=0.8370, unseen=0.2083, h=0.3336 ZSL: unseen accuracy=0.5781
[94/300]  Loss_D: -1.0062 Loss_G: 9.6526, Wasserstein_dist:1.3342, vae_loss_seen:381.7969 GZSL: seen=0.8212, unseen=0.1458, h=0.2477 ZSL: unseen accuracy=0.6250
[95/300]  Loss_D: -1.0900 Loss_G: 9.2778, Wasserstein_dist:1.4223, vae_loss_seen:384.2475 GZSL: seen=0.6071, unseen=0.1667, h=0.2615 ZSL: unseen accuracy=0.5000
[96/300]  Loss_D: -1.2320 Loss_G: 8.9957, Wasserstein_dist:1.6383, vae_loss_seen:378.0097 GZSL: seen=0.8159, unseen=0.1458, h=0.2474 ZSL: unseen accuracy=0.4583
[97/300]  Loss_D: -1.1808 Loss_G: 8.4221, Wasserstein_dist:1.5408, vae_loss_seen:377.3183 GZSL: seen=0.7098, unseen=0.2031, h=0.3159 ZSL: unseen accuracy=0.5573
[98/300]  Loss_D: -1.2696 Loss_G: 10.1509, Wasserstein_dist:1.6014, vae_loss_seen:384.0690 GZSL: seen=0.7365, unseen=0.1458, h=0.2435 ZSL: unseen accuracy=0.4896
[99/300]  Loss_D: -1.2630 Loss_G: 9.4078, Wasserstein_dist:1.6525, vae_loss_seen:375.3811 GZSL: seen=0.7032, unseen=0.1510, h=0.2487 ZSL: unseen accuracy=0.5312
[100/300]  Loss_D: -1.2545 Loss_G: 9.6503, Wasserstein_dist:1.6289, vae_loss_seen:381.0214 GZSL: seen=0.9038, unseen=0.1406, h=0.2434 ZSL: unseen accuracy=0.5104
[101/300]  Loss_D: -1.0744 Loss_G: 8.5628, Wasserstein_dist:1.4124, vae_loss_seen:370.4839 GZSL: seen=0.7048, unseen=0.1458, h=0.2417 ZSL: unseen accuracy=0.5781
[102/300]  Loss_D: -1.1554 Loss_G: 10.2930, Wasserstein_dist:1.4894, vae_loss_seen:390.5669 GZSL: seen=0.8761, unseen=0.1406, h=0.2423 ZSL: unseen accuracy=0.4688
[103/300]  Loss_D: -1.0294 Loss_G: 9.0810, Wasserstein_dist:1.3549, vae_loss_seen:376.7730 GZSL: seen=0.8331, unseen=0.1458, h=0.2482 ZSL: unseen accuracy=0.5677
[104/300]  Loss_D: -1.0812 Loss_G: 10.0398, Wasserstein_dist:1.4376, vae_loss_seen:378.2320 GZSL: seen=0.7570, unseen=0.1458, h=0.2446 ZSL: unseen accuracy=0.5573
[105/300]  Loss_D: -1.0478 Loss_G: 7.5545, Wasserstein_dist:1.3637, vae_loss_seen:354.3801 GZSL: seen=0.8935, unseen=0.1406, h=0.2430 ZSL: unseen accuracy=0.5260
[106/300]  Loss_D: -1.1032 Loss_G: 8.5387, Wasserstein_dist:1.4608, vae_loss_seen:366.2050 GZSL: seen=0.7731, unseen=0.1458, h=0.2454 ZSL: unseen accuracy=0.4688
[107/300]  Loss_D: -1.0278 Loss_G: 6.5653, Wasserstein_dist:1.2962, vae_loss_seen:346.4848 GZSL: seen=0.5357, unseen=0.2344, h=0.3261 ZSL: unseen accuracy=0.4583
[108/300]  Loss_D: -1.0425 Loss_G: 8.0784, Wasserstein_dist:1.4199, vae_loss_seen:361.8566 GZSL: seen=0.7352, unseen=0.1458, h=0.2434 ZSL: unseen accuracy=0.5885
[109/300]  Loss_D: -0.9428 Loss_G: 7.7035, Wasserstein_dist:1.2459, vae_loss_seen:353.4650 GZSL: seen=0.8153, unseen=0.1406, h=0.2399 ZSL: unseen accuracy=0.5312
[110/300]  Loss_D: -1.2074 Loss_G: 7.9255, Wasserstein_dist:1.5122, vae_loss_seen:362.7648 GZSL: seen=0.7575, unseen=0.1458, h=0.2446 ZSL: unseen accuracy=0.5573
[111/300]  Loss_D: -0.9676 Loss_G: 7.9727, Wasserstein_dist:1.2631, vae_loss_seen:369.0866 GZSL: seen=0.7065, unseen=0.2031, h=0.3155 ZSL: unseen accuracy=0.4740
[112/300]  Loss_D: -1.0446 Loss_G: 8.0476, Wasserstein_dist:1.3714, vae_loss_seen:364.4977 GZSL: seen=0.7394, unseen=0.1510, h=0.2508 ZSL: unseen accuracy=0.4531
[113/300]  Loss_D: -1.1491 Loss_G: 7.2430, Wasserstein_dist:1.4615, vae_loss_seen:368.0012 GZSL: seen=0.8681, unseen=0.1302, h=0.2265 ZSL: unseen accuracy=0.4531
[114/300]  Loss_D: -1.0746 Loss_G: 6.7878, Wasserstein_dist:1.3756, vae_loss_seen:355.6482 GZSL: seen=0.7438, unseen=0.1458, h=0.2439 ZSL: unseen accuracy=0.5625
[115/300]  Loss_D: -1.0381 Loss_G: 7.0944, Wasserstein_dist:1.3393, vae_loss_seen:359.0948 GZSL: seen=0.7593, unseen=0.1406, h=0.2373 ZSL: unseen accuracy=0.4427
[116/300]  Loss_D: -1.0048 Loss_G: 7.5794, Wasserstein_dist:1.3329, vae_loss_seen:348.2574 GZSL: seen=0.7474, unseen=0.1979, h=0.3130 ZSL: unseen accuracy=0.4948
[117/300]  Loss_D: -1.1336 Loss_G: 8.1232, Wasserstein_dist:1.4642, vae_loss_seen:361.3185 GZSL: seen=0.7111, unseen=0.1458, h=0.2420 ZSL: unseen accuracy=0.4583
[118/300]  Loss_D: -1.0550 Loss_G: 6.4712, Wasserstein_dist:1.4041, vae_loss_seen:346.8278 GZSL: seen=0.5937, unseen=0.1354, h=0.2205 ZSL: unseen accuracy=0.5625
[119/300]  Loss_D: -0.9767 Loss_G: 7.6745, Wasserstein_dist:1.3118, vae_loss_seen:361.5641 GZSL: seen=0.8664, unseen=0.1406, h=0.2420 ZSL: unseen accuracy=0.4583
[120/300]  Loss_D: -1.0625 Loss_G: 6.8875, Wasserstein_dist:1.3760, vae_loss_seen:355.4423 GZSL: seen=0.8142, unseen=0.1615, h=0.2695 ZSL: unseen accuracy=0.4583
[121/300]  Loss_D: -1.0475 Loss_G: 8.0760, Wasserstein_dist:1.3742, vae_loss_seen:367.8994 GZSL: seen=0.7282, unseen=0.1615, h=0.2643 ZSL: unseen accuracy=0.5938
[122/300]  Loss_D: -1.1575 Loss_G: 7.2790, Wasserstein_dist:1.5182, vae_loss_seen:347.8273 GZSL: seen=0.7434, unseen=0.1354, h=0.2291 ZSL: unseen accuracy=0.4479
[123/300]  Loss_D: -1.1179 Loss_G: 7.1293, Wasserstein_dist:1.4801, vae_loss_seen:350.6456 GZSL: seen=0.6247, unseen=0.1406, h=0.2296 ZSL: unseen accuracy=0.4427
[124/300]  Loss_D: -0.9594 Loss_G: 6.6058, Wasserstein_dist:1.2827, vae_loss_seen:349.3723 GZSL: seen=0.7720, unseen=0.2552, h=0.3836 ZSL: unseen accuracy=0.6146
[125/300]  Loss_D: -1.0131 Loss_G: 5.5547, Wasserstein_dist:1.3558, vae_loss_seen:344.8907 GZSL: seen=0.7812, unseen=0.1562, h=0.2604 ZSL: unseen accuracy=0.5312
[126/300]  Loss_D: -1.0664 Loss_G: 6.4004, Wasserstein_dist:1.3558, vae_loss_seen:346.2374 GZSL: seen=0.7475, unseen=0.2604, h=0.3863 ZSL: unseen accuracy=0.5573
[127/300]  Loss_D: -0.9298 Loss_G: 6.8156, Wasserstein_dist:1.2791, vae_loss_seen:353.2097 GZSL: seen=0.5817, unseen=0.1615, h=0.2528 ZSL: unseen accuracy=0.5417
[128/300]  Loss_D: -0.9299 Loss_G: 5.4663, Wasserstein_dist:1.2662, vae_loss_seen:336.5227 GZSL: seen=0.7806, unseen=0.1250, h=0.2155 ZSL: unseen accuracy=0.6094
[129/300]  Loss_D: -1.1434 Loss_G: 6.4150, Wasserstein_dist:1.5319, vae_loss_seen:347.6283 GZSL: seen=0.6373, unseen=0.1667, h=0.2642 ZSL: unseen accuracy=0.4375
[130/300]  Loss_D: -1.0439 Loss_G: 4.2284, Wasserstein_dist:1.2934, vae_loss_seen:319.6989 GZSL: seen=0.8681, unseen=0.1250, h=0.2185 ZSL: unseen accuracy=0.3906
[131/300]  Loss_D: -0.9704 Loss_G: 4.7290, Wasserstein_dist:1.3240, vae_loss_seen:337.0888 GZSL: seen=0.5214, unseen=0.1615, h=0.2466 ZSL: unseen accuracy=0.4479
[132/300]  Loss_D: -1.0989 Loss_G: 6.0167, Wasserstein_dist:1.4114, vae_loss_seen:356.8170 GZSL: seen=0.7487, unseen=0.2135, h=0.3323 ZSL: unseen accuracy=0.5156
[133/300]  Loss_D: -1.2687 Loss_G: 6.6441, Wasserstein_dist:1.6094, vae_loss_seen:347.5746 GZSL: seen=0.7673, unseen=0.1250, h=0.2150 ZSL: unseen accuracy=0.4479
[134/300]  Loss_D: -0.9512 Loss_G: 5.6420, Wasserstein_dist:1.2963, vae_loss_seen:337.9192 GZSL: seen=0.7513, unseen=0.1250, h=0.2143 ZSL: unseen accuracy=0.4479
[135/300]  Loss_D: -1.0910 Loss_G: 5.6436, Wasserstein_dist:1.4696, vae_loss_seen:329.0928 GZSL: seen=0.7487, unseen=0.1250, h=0.2142 ZSL: unseen accuracy=0.4323
[136/300]  Loss_D: -1.2496 Loss_G: 6.0542, Wasserstein_dist:1.6053, vae_loss_seen:350.9915 GZSL: seen=0.5262, unseen=0.1406, h=0.2219 ZSL: unseen accuracy=0.4427
[137/300]  Loss_D: -1.0001 Loss_G: 5.2613, Wasserstein_dist:1.3121, vae_loss_seen:337.0471 GZSL: seen=0.6104, unseen=0.2135, h=0.3164 ZSL: unseen accuracy=0.4375
[138/300]  Loss_D: -1.0690 Loss_G: 4.6530, Wasserstein_dist:1.3725, vae_loss_seen:339.4247 GZSL: seen=0.7328, unseen=0.1250, h=0.2136 ZSL: unseen accuracy=0.4375
[139/300]  Loss_D: -1.0975 Loss_G: 5.0425, Wasserstein_dist:1.4124, vae_loss_seen:337.2323 GZSL: seen=0.5381, unseen=0.2552, h=0.3462 ZSL: unseen accuracy=0.4896
[140/300]  Loss_D: -1.2611 Loss_G: 6.0741, Wasserstein_dist:1.5985, vae_loss_seen:346.8609 GZSL: seen=0.7902, unseen=0.1302, h=0.2236 ZSL: unseen accuracy=0.4479
[141/300]  Loss_D: -1.1749 Loss_G: 5.3904, Wasserstein_dist:1.5869, vae_loss_seen:335.1235 GZSL: seen=0.7772, unseen=0.1198, h=0.2076 ZSL: unseen accuracy=0.4479
[142/300]  Loss_D: -1.0885 Loss_G: 4.9533, Wasserstein_dist:1.3694, vae_loss_seen:336.0431 GZSL: seen=0.8955, unseen=0.1510, h=0.2585 ZSL: unseen accuracy=0.4375
[143/300]  Loss_D: -1.2016 Loss_G: 4.1017, Wasserstein_dist:1.5445, vae_loss_seen:328.9178 GZSL: seen=0.7372, unseen=0.2083, h=0.3249 ZSL: unseen accuracy=0.4427
[144/300]  Loss_D: -1.0872 Loss_G: 4.6793, Wasserstein_dist:1.3973, vae_loss_seen:339.8394 GZSL: seen=0.5500, unseen=0.1823, h=0.2738 ZSL: unseen accuracy=0.4792
[145/300]  Loss_D: -0.9991 Loss_G: 5.2858, Wasserstein_dist:1.3173, vae_loss_seen:339.2183 GZSL: seen=0.5407, unseen=0.1771, h=0.2668 ZSL: unseen accuracy=0.4531
[146/300]  Loss_D: -0.9532 Loss_G: 4.3597, Wasserstein_dist:1.2554, vae_loss_seen:326.8246 GZSL: seen=0.5381, unseen=0.2135, h=0.3057 ZSL: unseen accuracy=0.4479
[147/300]  Loss_D: -0.9454 Loss_G: 4.4866, Wasserstein_dist:1.2140, vae_loss_seen:326.5121 GZSL: seen=0.7874, unseen=0.1146, h=0.2001 ZSL: unseen accuracy=0.5729
[148/300]  Loss_D: -1.0837 Loss_G: 4.9940, Wasserstein_dist:1.4054, vae_loss_seen:328.2836 GZSL: seen=0.5860, unseen=0.2031, h=0.3017 ZSL: unseen accuracy=0.5104
[149/300]  Loss_D: -0.8491 Loss_G: 3.8623, Wasserstein_dist:1.1282, vae_loss_seen:323.0365 GZSL: seen=0.7447, unseen=0.2500, h=0.3743 ZSL: unseen accuracy=0.4479
[150/300]  Loss_D: -1.0247 Loss_G: 3.6420, Wasserstein_dist:1.2921, vae_loss_seen:319.7198 GZSL: seen=0.7492, unseen=0.2448, h=0.3690 ZSL: unseen accuracy=0.4479
[151/300]  Loss_D: -1.0413 Loss_G: 3.9338, Wasserstein_dist:1.3348, vae_loss_seen:320.7836 GZSL: seen=0.7562, unseen=0.1302, h=0.2222 ZSL: unseen accuracy=0.4479
[152/300]  Loss_D: -0.9218 Loss_G: 3.7756, Wasserstein_dist:1.2284, vae_loss_seen:318.7529 GZSL: seen=0.8291, unseen=0.1510, h=0.2555 ZSL: unseen accuracy=0.4479
[153/300]  Loss_D: -0.9820 Loss_G: 4.1258, Wasserstein_dist:1.2974, vae_loss_seen:311.0741 GZSL: seen=0.5460, unseen=0.1406, h=0.2237 ZSL: unseen accuracy=0.4479
[154/300]  Loss_D: -1.0205 Loss_G: 3.0814, Wasserstein_dist:1.3736, vae_loss_seen:323.2111 GZSL: seen=0.6333, unseen=0.1250, h=0.2088 ZSL: unseen accuracy=0.4531
[155/300]  Loss_D: -1.0826 Loss_G: 2.1660, Wasserstein_dist:1.4183, vae_loss_seen:300.4337 GZSL: seen=0.5460, unseen=0.2708, h=0.3621 ZSL: unseen accuracy=0.4479
[156/300]  Loss_D: -0.8851 Loss_G: 3.2039, Wasserstein_dist:1.1541, vae_loss_seen:311.6753 GZSL: seen=0.5540, unseen=0.2500, h=0.3445 ZSL: unseen accuracy=0.4479
[157/300]  Loss_D: -1.0279 Loss_G: 3.2522, Wasserstein_dist:1.2722, vae_loss_seen:315.8926 GZSL: seen=0.7525, unseen=0.1250, h=0.2144 ZSL: unseen accuracy=0.4479
[158/300]  Loss_D: -0.9565 Loss_G: 2.2585, Wasserstein_dist:1.2090, vae_loss_seen:302.0369 GZSL: seen=0.5500, unseen=0.1771, h=0.2679 ZSL: unseen accuracy=0.4583
[159/300]  Loss_D: -0.9458 Loss_G: 3.1995, Wasserstein_dist:1.2364, vae_loss_seen:313.6155 GZSL: seen=0.7496, unseen=0.1250, h=0.2143 ZSL: unseen accuracy=0.4427
[160/300]  Loss_D: -0.9317 Loss_G: 1.9951, Wasserstein_dist:1.2336, vae_loss_seen:298.9926 GZSL: seen=0.7381, unseen=0.1198, h=0.2061 ZSL: unseen accuracy=0.4479
[161/300]  Loss_D: -1.0610 Loss_G: 3.4067, Wasserstein_dist:1.3635, vae_loss_seen:315.6021 GZSL: seen=0.6016, unseen=0.1354, h=0.2211 ZSL: unseen accuracy=0.4531
[162/300]  Loss_D: -1.0278 Loss_G: 2.5257, Wasserstein_dist:1.3260, vae_loss_seen:307.8542 GZSL: seen=0.7589, unseen=0.1302, h=0.2223 ZSL: unseen accuracy=0.4479
[163/300]  Loss_D: -1.0752 Loss_G: 2.3985, Wasserstein_dist:1.4074, vae_loss_seen:311.9261 GZSL: seen=0.7402, unseen=0.1094, h=0.1906 ZSL: unseen accuracy=0.4427
[164/300]  Loss_D: -0.9878 Loss_G: 3.2438, Wasserstein_dist:1.2614, vae_loss_seen:321.8802 GZSL: seen=0.5500, unseen=0.2135, h=0.3076 ZSL: unseen accuracy=0.4479
[165/300]  Loss_D: -1.1274 Loss_G: 3.7976, Wasserstein_dist:1.5005, vae_loss_seen:321.4968 GZSL: seen=0.7233, unseen=0.1198, h=0.2055 ZSL: unseen accuracy=0.4427
[166/300]  Loss_D: -1.0236 Loss_G: 2.9440, Wasserstein_dist:1.2911, vae_loss_seen:313.2514 GZSL: seen=0.5913, unseen=0.2500, h=0.3514 ZSL: unseen accuracy=0.4427
[167/300]  Loss_D: -1.2065 Loss_G: 1.8122, Wasserstein_dist:1.5410, vae_loss_seen:309.0335 GZSL: seen=0.5579, unseen=0.2031, h=0.2978 ZSL: unseen accuracy=0.4427
[168/300]  Loss_D: -1.1724 Loss_G: 2.8379, Wasserstein_dist:1.5432, vae_loss_seen:311.6302 GZSL: seen=0.4984, unseen=0.1667, h=0.2498 ZSL: unseen accuracy=0.4479
[169/300]  Loss_D: -0.9372 Loss_G: 2.1107, Wasserstein_dist:1.2523, vae_loss_seen:294.1686 GZSL: seen=0.5857, unseen=0.2708, h=0.3704 ZSL: unseen accuracy=0.4323
[170/300]  Loss_D: -0.9715 Loss_G: 2.6903, Wasserstein_dist:1.2477, vae_loss_seen:308.0209 GZSL: seen=0.6241, unseen=0.1198, h=0.2010 ZSL: unseen accuracy=0.4479
[171/300]  Loss_D: -0.9752 Loss_G: 1.5989, Wasserstein_dist:1.3086, vae_loss_seen:306.5279 GZSL: seen=0.6032, unseen=0.1198, h=0.1999 ZSL: unseen accuracy=0.4375
[172/300]  Loss_D: -1.0137 Loss_G: 1.5198, Wasserstein_dist:1.3247, vae_loss_seen:294.0641 GZSL: seen=0.5817, unseen=0.2760, h=0.3744 ZSL: unseen accuracy=0.5052
[173/300]  Loss_D: -0.9879 Loss_G: 2.0035, Wasserstein_dist:1.2691, vae_loss_seen:304.6775 GZSL: seen=0.5698, unseen=0.2812, h=0.3766 ZSL: unseen accuracy=0.4479
[174/300]  Loss_D: -1.0293 Loss_G: 2.4053, Wasserstein_dist:1.2970, vae_loss_seen:307.6470 GZSL: seen=0.7132, unseen=0.1250, h=0.2127 ZSL: unseen accuracy=0.4375
[175/300]  Loss_D: -0.9146 Loss_G: 2.2185, Wasserstein_dist:1.2371, vae_loss_seen:292.0856 GZSL: seen=0.5976, unseen=0.2396, h=0.3420 ZSL: unseen accuracy=0.4375
[176/300]  Loss_D: -0.9392 Loss_G: 1.0077, Wasserstein_dist:1.2589, vae_loss_seen:284.2655 GZSL: seen=0.6381, unseen=0.1771, h=0.2772 ZSL: unseen accuracy=0.4375
[177/300]  Loss_D: -0.9526 Loss_G: 2.3536, Wasserstein_dist:1.2802, vae_loss_seen:311.2448 GZSL: seen=0.7946, unseen=0.2552, h=0.3863 ZSL: unseen accuracy=0.4427
[178/300]  Loss_D: -1.0176 Loss_G: 0.7962, Wasserstein_dist:1.2999, vae_loss_seen:293.8637 GZSL: seen=0.7430, unseen=0.1302, h=0.2216 ZSL: unseen accuracy=0.4427
[179/300]  Loss_D: -1.0138 Loss_G: 2.1761, Wasserstein_dist:1.3271, vae_loss_seen:294.9552 GZSL: seen=0.5714, unseen=0.1771, h=0.2704 ZSL: unseen accuracy=0.4375
[180/300]  Loss_D: -1.0597 Loss_G: 0.5415, Wasserstein_dist:1.4281, vae_loss_seen:275.2064 GZSL: seen=0.6095, unseen=0.1198, h=0.2002 ZSL: unseen accuracy=0.4427
[181/300]  Loss_D: -0.9497 Loss_G: 2.0279, Wasserstein_dist:1.2261, vae_loss_seen:299.9323 GZSL: seen=0.5238, unseen=0.2708, h=0.3571 ZSL: unseen accuracy=0.4271
[182/300]  Loss_D: -1.0078 Loss_G: -0.4394, Wasserstein_dist:1.3250, vae_loss_seen:277.8180 GZSL: seen=0.7091, unseen=0.2552, h=0.3753 ZSL: unseen accuracy=0.4427
[183/300]  Loss_D: -0.9453 Loss_G: 1.6256, Wasserstein_dist:1.2595, vae_loss_seen:288.5441 GZSL: seen=0.8776, unseen=0.0990, h=0.1779 ZSL: unseen accuracy=0.4375
[184/300]  Loss_D: -0.8906 Loss_G: 0.7186, Wasserstein_dist:1.1739, vae_loss_seen:280.8680 GZSL: seen=0.6027, unseen=0.1406, h=0.2280 ZSL: unseen accuracy=0.4323
[185/300]  Loss_D: -1.0125 Loss_G: 0.3370, Wasserstein_dist:1.2649, vae_loss_seen:287.6494 GZSL: seen=0.5143, unseen=0.2865, h=0.3680 ZSL: unseen accuracy=0.4271
[186/300]  Loss_D: -0.8447 Loss_G: 0.0987, Wasserstein_dist:1.1940, vae_loss_seen:271.6518 GZSL: seen=0.5817, unseen=0.1198, h=0.1987 ZSL: unseen accuracy=0.4323
[187/300]  Loss_D: -0.9784 Loss_G: 0.3248, Wasserstein_dist:1.2932, vae_loss_seen:280.8097 GZSL: seen=0.6079, unseen=0.1198, h=0.2001 ZSL: unseen accuracy=0.4323
[188/300]  Loss_D: -0.9630 Loss_G: 0.7645, Wasserstein_dist:1.2841, vae_loss_seen:289.7726 GZSL: seen=0.5738, unseen=0.1250, h=0.2053 ZSL: unseen accuracy=0.4271
[189/300]  Loss_D: -1.0503 Loss_G: 1.1701, Wasserstein_dist:1.3926, vae_loss_seen:296.1153 GZSL: seen=0.7496, unseen=0.1146, h=0.1988 ZSL: unseen accuracy=0.4323
[190/300]  Loss_D: -0.9850 Loss_G: 0.3575, Wasserstein_dist:1.2973, vae_loss_seen:285.0132 GZSL: seen=0.5619, unseen=0.1198, h=0.1975 ZSL: unseen accuracy=0.4375
[191/300]  Loss_D: -0.9102 Loss_G: -0.4225, Wasserstein_dist:1.1936, vae_loss_seen:276.4637 GZSL: seen=0.5698, unseen=0.1094, h=0.1835 ZSL: unseen accuracy=0.4323
[192/300]  Loss_D: -1.0214 Loss_G: 0.0542, Wasserstein_dist:1.3745, vae_loss_seen:291.2311 GZSL: seen=0.5976, unseen=0.1302, h=0.2138 ZSL: unseen accuracy=0.3229
[193/300]  Loss_D: -1.2728 Loss_G: 0.2122, Wasserstein_dist:1.5566, vae_loss_seen:281.1739 GZSL: seen=0.6042, unseen=0.1146, h=0.1926 ZSL: unseen accuracy=0.4375
[194/300]  Loss_D: -0.8977 Loss_G: -0.1111, Wasserstein_dist:1.1804, vae_loss_seen:277.2314 GZSL: seen=0.7885, unseen=0.0990, h=0.1758 ZSL: unseen accuracy=0.4219
[195/300]  Loss_D: -0.9416 Loss_G: 0.0085, Wasserstein_dist:1.2113, vae_loss_seen:285.1252 GZSL: seen=0.7737, unseen=0.1094, h=0.1917 ZSL: unseen accuracy=0.4375
[196/300]  Loss_D: -0.9962 Loss_G: 1.5596, Wasserstein_dist:1.2873, vae_loss_seen:293.5988 GZSL: seen=0.5556, unseen=0.1094, h=0.1828 ZSL: unseen accuracy=0.4323
[197/300]  Loss_D: -1.0730 Loss_G: -1.2264, Wasserstein_dist:1.4273, vae_loss_seen:270.2993 GZSL: seen=0.7413, unseen=0.2448, h=0.3680 ZSL: unseen accuracy=0.4323
[198/300]  Loss_D: -1.0388 Loss_G: -0.9498, Wasserstein_dist:1.3603, vae_loss_seen:271.1111 GZSL: seen=0.6833, unseen=0.1615, h=0.2612 ZSL: unseen accuracy=0.4323
[199/300]  Loss_D: -1.0097 Loss_G: -0.2363, Wasserstein_dist:1.2786, vae_loss_seen:274.8316 GZSL: seen=0.7451, unseen=0.1042, h=0.1828 ZSL: unseen accuracy=0.4219
[200/300]  Loss_D: -0.9480 Loss_G: -0.6735, Wasserstein_dist:1.2240, vae_loss_seen:278.2026 GZSL: seen=0.5048, unseen=0.1458, h=0.2263 ZSL: unseen accuracy=0.4323
[201/300]  Loss_D: -0.9361 Loss_G: 0.2451, Wasserstein_dist:1.2340, vae_loss_seen:278.7943 GZSL: seen=0.6095, unseen=0.2552, h=0.3598 ZSL: unseen accuracy=0.4219
[202/300]  Loss_D: -0.9397 Loss_G: 0.6994, Wasserstein_dist:1.2378, vae_loss_seen:293.4555 GZSL: seen=0.7509, unseen=0.0990, h=0.1749 ZSL: unseen accuracy=0.4323
[203/300]  Loss_D: -1.0074 Loss_G: -0.3633, Wasserstein_dist:1.2841, vae_loss_seen:283.2794 GZSL: seen=0.5817, unseen=0.2083, h=0.3068 ZSL: unseen accuracy=0.4323
[204/300]  Loss_D: -1.0568 Loss_G: -0.6102, Wasserstein_dist:1.3707, vae_loss_seen:282.9662 GZSL: seen=0.5762, unseen=0.1198, h=0.1983 ZSL: unseen accuracy=0.4323
[205/300]  Loss_D: -0.9697 Loss_G: -0.1866, Wasserstein_dist:1.2757, vae_loss_seen:273.1580 GZSL: seen=0.5857, unseen=0.1146, h=0.1917 ZSL: unseen accuracy=0.4062
[206/300]  Loss_D: -0.9612 Loss_G: -1.8296, Wasserstein_dist:1.2336, vae_loss_seen:255.2636 GZSL: seen=0.5262, unseen=0.2448, h=0.3341 ZSL: unseen accuracy=0.4219
[207/300]  Loss_D: -1.1130 Loss_G: -0.7202, Wasserstein_dist:1.4376, vae_loss_seen:281.7527 GZSL: seen=0.5857, unseen=0.1406, h=0.2268 ZSL: unseen accuracy=0.4323
[208/300]  Loss_D: -0.9663 Loss_G: -1.1386, Wasserstein_dist:1.2455, vae_loss_seen:269.3978 GZSL: seen=0.8847, unseen=0.0990, h=0.1780 ZSL: unseen accuracy=0.4219
[209/300]  Loss_D: -0.8933 Loss_G: -1.0691, Wasserstein_dist:1.1847, vae_loss_seen:263.5643 GZSL: seen=0.7282, unseen=0.2344, h=0.3546 ZSL: unseen accuracy=0.5677
[210/300]  Loss_D: -0.7806 Loss_G: -0.3616, Wasserstein_dist:1.0734, vae_loss_seen:273.6348 GZSL: seen=0.5976, unseen=0.1875, h=0.2854 ZSL: unseen accuracy=0.4323
[211/300]  Loss_D: -0.8512 Loss_G: -0.8727, Wasserstein_dist:1.0993, vae_loss_seen:264.5803 GZSL: seen=0.5738, unseen=0.1094, h=0.1837 ZSL: unseen accuracy=0.4323
[212/300]  Loss_D: -0.9484 Loss_G: -0.8174, Wasserstein_dist:1.2427, vae_loss_seen:278.7939 GZSL: seen=0.5394, unseen=0.0990, h=0.1672 ZSL: unseen accuracy=0.4323
[213/300]  Loss_D: -0.9038 Loss_G: -1.8558, Wasserstein_dist:1.1634, vae_loss_seen:261.3322 GZSL: seen=0.5352, unseen=0.2344, h=0.3260 ZSL: unseen accuracy=0.4323
[214/300]  Loss_D: -0.8851 Loss_G: -0.5283, Wasserstein_dist:1.1426, vae_loss_seen:273.5522 GZSL: seen=0.7430, unseen=0.1198, h=0.2063 ZSL: unseen accuracy=0.4219
[215/300]  Loss_D: -1.0610 Loss_G: -2.5742, Wasserstein_dist:1.3590, vae_loss_seen:258.2597 GZSL: seen=0.8496, unseen=0.1094, h=0.1938 ZSL: unseen accuracy=0.4323
[216/300]  Loss_D: -0.9957 Loss_G: -0.8209, Wasserstein_dist:1.3281, vae_loss_seen:265.6758 GZSL: seen=0.5619, unseen=0.1094, h=0.1831 ZSL: unseen accuracy=0.4323
[217/300]  Loss_D: -0.8869 Loss_G: -2.2636, Wasserstein_dist:1.1810, vae_loss_seen:259.8474 GZSL: seen=0.5833, unseen=0.1094, h=0.1842 ZSL: unseen accuracy=0.4323
[218/300]  Loss_D: -0.9832 Loss_G: -1.0872, Wasserstein_dist:1.3308, vae_loss_seen:274.4662 GZSL: seen=0.5908, unseen=0.1198, h=0.1992 ZSL: unseen accuracy=0.4323
[219/300]  Loss_D: -0.9721 Loss_G: -1.1927, Wasserstein_dist:1.2431, vae_loss_seen:267.4478 GZSL: seen=0.7546, unseen=0.1094, h=0.1911 ZSL: unseen accuracy=0.4323
[220/300]  Loss_D: -0.9126 Loss_G: -3.4845, Wasserstein_dist:1.2308, vae_loss_seen:252.1954 GZSL: seen=0.6175, unseen=0.1042, h=0.1783 ZSL: unseen accuracy=0.4323
[221/300]  Loss_D: -0.9801 Loss_G: -1.6031, Wasserstein_dist:1.2887, vae_loss_seen:267.2470 GZSL: seen=0.7669, unseen=0.2500, h=0.3771 ZSL: unseen accuracy=0.4323
[222/300]  Loss_D: -0.8048 Loss_G: -2.4538, Wasserstein_dist:1.0893, vae_loss_seen:256.9724 GZSL: seen=0.6893, unseen=0.1250, h=0.2116 ZSL: unseen accuracy=0.4219
[223/300]  Loss_D: -0.9049 Loss_G: -2.1530, Wasserstein_dist:1.1733, vae_loss_seen:248.1493 GZSL: seen=0.7939, unseen=0.1875, h=0.3034 ZSL: unseen accuracy=0.4219
[224/300]  Loss_D: -0.9972 Loss_G: -3.2443, Wasserstein_dist:1.3262, vae_loss_seen:255.4602 GZSL: seen=0.5513, unseen=0.1146, h=0.1897 ZSL: unseen accuracy=0.4427
[225/300]  Loss_D: -1.0216 Loss_G: -1.1043, Wasserstein_dist:1.3056, vae_loss_seen:280.4243 GZSL: seen=0.6307, unseen=0.1094, h=0.1864 ZSL: unseen accuracy=0.4271
[226/300]  Loss_D: -0.9631 Loss_G: -3.0705, Wasserstein_dist:1.2310, vae_loss_seen:247.5089 GZSL: seen=0.5333, unseen=0.2240, h=0.3155 ZSL: unseen accuracy=0.4271
[227/300]  Loss_D: -0.8968 Loss_G: -1.7640, Wasserstein_dist:1.2343, vae_loss_seen:270.5565 GZSL: seen=0.7462, unseen=0.0990, h=0.1747 ZSL: unseen accuracy=0.4323
[228/300]  Loss_D: -0.9309 Loss_G: -2.6488, Wasserstein_dist:1.2201, vae_loss_seen:256.7458 GZSL: seen=0.5545, unseen=0.1094, h=0.1827 ZSL: unseen accuracy=0.4115
[229/300]  Loss_D: -0.9006 Loss_G: -2.0012, Wasserstein_dist:1.1581, vae_loss_seen:258.4721 GZSL: seen=0.7964, unseen=0.1198, h=0.2083 ZSL: unseen accuracy=0.4323
[230/300]  Loss_D: -1.0408 Loss_G: -2.7290, Wasserstein_dist:1.3220, vae_loss_seen:259.2124 GZSL: seen=0.6410, unseen=0.2240, h=0.3319 ZSL: unseen accuracy=0.4375
[231/300]  Loss_D: -0.7996 Loss_G: -2.2765, Wasserstein_dist:1.1111, vae_loss_seen:258.0638 GZSL: seen=0.5714, unseen=0.1146, h=0.1909 ZSL: unseen accuracy=0.4271
[232/300]  Loss_D: -0.8711 Loss_G: -2.2967, Wasserstein_dist:1.1744, vae_loss_seen:250.0012 GZSL: seen=0.5873, unseen=0.2240, h=0.3243 ZSL: unseen accuracy=0.4167
[233/300]  Loss_D: -1.0271 Loss_G: -2.2157, Wasserstein_dist:1.3494, vae_loss_seen:271.4762 GZSL: seen=0.5447, unseen=0.0990, h=0.1675 ZSL: unseen accuracy=0.4271
[234/300]  Loss_D: -0.8677 Loss_G: -3.2473, Wasserstein_dist:1.1011, vae_loss_seen:236.1482 GZSL: seen=0.8313, unseen=0.0990, h=0.1769 ZSL: unseen accuracy=0.4271
[235/300]  Loss_D: -0.8471 Loss_G: -2.6842, Wasserstein_dist:1.1345, vae_loss_seen:261.5499 GZSL: seen=0.6032, unseen=0.2396, h=0.3429 ZSL: unseen accuracy=0.4219
[236/300]  Loss_D: -1.0012 Loss_G: -3.0452, Wasserstein_dist:1.3340, vae_loss_seen:266.3906 GZSL: seen=0.8269, unseen=0.1146, h=0.2013 ZSL: unseen accuracy=0.4271
[237/300]  Loss_D: -0.8177 Loss_G: -0.8742, Wasserstein_dist:1.1076, vae_loss_seen:268.1018 GZSL: seen=0.5913, unseen=0.2500, h=0.3514 ZSL: unseen accuracy=0.4271
[238/300]  Loss_D: -0.8876 Loss_G: -2.2055, Wasserstein_dist:1.1345, vae_loss_seen:250.3921 GZSL: seen=0.5857, unseen=0.1719, h=0.2658 ZSL: unseen accuracy=0.4375
[239/300]  Loss_D: -0.8966 Loss_G: -2.5026, Wasserstein_dist:1.1731, vae_loss_seen:251.6547 GZSL: seen=0.8880, unseen=0.1042, h=0.1865 ZSL: unseen accuracy=0.4323
[240/300]  Loss_D: -0.8670 Loss_G: -2.8633, Wasserstein_dist:1.1469, vae_loss_seen:253.5908 GZSL: seen=0.7497, unseen=0.0990, h=0.1748 ZSL: unseen accuracy=0.4427
[241/300]  Loss_D: -1.0262 Loss_G: -3.5236, Wasserstein_dist:1.3252, vae_loss_seen:254.5804 GZSL: seen=0.6222, unseen=0.1979, h=0.3003 ZSL: unseen accuracy=0.4271
[242/300]  Loss_D: -0.9936 Loss_G: -3.0264, Wasserstein_dist:1.2699, vae_loss_seen:250.0074 GZSL: seen=0.6857, unseen=0.1979, h=0.3072 ZSL: unseen accuracy=0.4219
[243/300]  Loss_D: -0.9674 Loss_G: -2.4420, Wasserstein_dist:1.2310, vae_loss_seen:267.2775 GZSL: seen=0.5884, unseen=0.2135, h=0.3134 ZSL: unseen accuracy=0.4219
[244/300]  Loss_D: -0.9465 Loss_G: -1.8275, Wasserstein_dist:1.2782, vae_loss_seen:268.1934 GZSL: seen=0.6190, unseen=0.1198, h=0.2007 ZSL: unseen accuracy=0.3594
[245/300]  Loss_D: -0.9011 Loss_G: -2.9776, Wasserstein_dist:1.1846, vae_loss_seen:246.4443 GZSL: seen=0.6095, unseen=0.1146, h=0.1929 ZSL: unseen accuracy=0.4323
[246/300]  Loss_D: -0.9488 Loss_G: -3.1688, Wasserstein_dist:1.2563, vae_loss_seen:253.4283 GZSL: seen=0.5619, unseen=0.1250, h=0.2045 ZSL: unseen accuracy=0.4167
[247/300]  Loss_D: -0.9088 Loss_G: -3.2625, Wasserstein_dist:1.1799, vae_loss_seen:245.7957 GZSL: seen=0.5817, unseen=0.2604, h=0.3598 ZSL: unseen accuracy=0.4219
[248/300]  Loss_D: -0.8597 Loss_G: -2.3660, Wasserstein_dist:1.1717, vae_loss_seen:245.2970 GZSL: seen=0.5937, unseen=0.0990, h=0.1696 ZSL: unseen accuracy=0.4219
[249/300]  Loss_D: -0.8990 Loss_G: -3.3286, Wasserstein_dist:1.1771, vae_loss_seen:247.6473 GZSL: seen=0.7890, unseen=0.0990, h=0.1759 ZSL: unseen accuracy=0.4271
[250/300]  Loss_D: -0.8656 Loss_G: -1.4958, Wasserstein_dist:1.1774, vae_loss_seen:261.6706 GZSL: seen=0.5714, unseen=0.2448, h=0.3428 ZSL: unseen accuracy=0.4219
[251/300]  Loss_D: -0.8166 Loss_G: -1.9492, Wasserstein_dist:1.1018, vae_loss_seen:257.7939 GZSL: seen=0.7684, unseen=0.1198, h=0.2073 ZSL: unseen accuracy=0.4323
[252/300]  Loss_D: -0.8331 Loss_G: -4.5960, Wasserstein_dist:1.1023, vae_loss_seen:230.0896 GZSL: seen=0.6095, unseen=0.0990, h=0.1703 ZSL: unseen accuracy=0.4219
[253/300]  Loss_D: -0.9004 Loss_G: -4.8979, Wasserstein_dist:1.1640, vae_loss_seen:231.0608 GZSL: seen=0.8202, unseen=0.1198, h=0.2091 ZSL: unseen accuracy=0.4323
[254/300]  Loss_D: -0.8111 Loss_G: -3.4218, Wasserstein_dist:1.1287, vae_loss_seen:245.4863 GZSL: seen=0.5619, unseen=0.1719, h=0.2632 ZSL: unseen accuracy=0.4167
[255/300]  Loss_D: -0.7503 Loss_G: -3.4975, Wasserstein_dist:1.0892, vae_loss_seen:239.9648 GZSL: seen=0.5952, unseen=0.2656, h=0.3673 ZSL: unseen accuracy=0.4375
[256/300]  Loss_D: -0.9919 Loss_G: -4.0810, Wasserstein_dist:1.2908, vae_loss_seen:233.3849 GZSL: seen=0.5606, unseen=0.1927, h=0.2868 ZSL: unseen accuracy=0.4271
[257/300]  Loss_D: -0.8345 Loss_G: -2.1718, Wasserstein_dist:1.0999, vae_loss_seen:252.1761 GZSL: seen=0.5619, unseen=0.2292, h=0.3256 ZSL: unseen accuracy=0.4219
[258/300]  Loss_D: -0.9614 Loss_G: -3.7009, Wasserstein_dist:1.2232, vae_loss_seen:244.8096 GZSL: seen=0.4786, unseen=0.0990, h=0.1640 ZSL: unseen accuracy=0.4271
[259/300]  Loss_D: -0.7757 Loss_G: -3.2220, Wasserstein_dist:1.0341, vae_loss_seen:245.6362 GZSL: seen=0.5603, unseen=0.0885, h=0.1529 ZSL: unseen accuracy=0.4323
[260/300]  Loss_D: -1.0063 Loss_G: -3.6243, Wasserstein_dist:1.3101, vae_loss_seen:251.0707 GZSL: seen=0.8104, unseen=0.0990, h=0.1764 ZSL: unseen accuracy=0.4115
[261/300]  Loss_D: -0.8113 Loss_G: -5.7461, Wasserstein_dist:1.1223, vae_loss_seen:231.4622 GZSL: seen=0.7434, unseen=0.1146, h=0.1986 ZSL: unseen accuracy=0.4115
[262/300]  Loss_D: -0.8741 Loss_G: -3.8962, Wasserstein_dist:1.1953, vae_loss_seen:244.6633 GZSL: seen=0.5937, unseen=0.2604, h=0.3620 ZSL: unseen accuracy=0.4271
[263/300]  Loss_D: -0.8705 Loss_G: -4.9547, Wasserstein_dist:1.1492, vae_loss_seen:227.3664 GZSL: seen=0.6476, unseen=0.2604, h=0.3715 ZSL: unseen accuracy=0.4323
[264/300]  Loss_D: -0.8171 Loss_G: -4.6900, Wasserstein_dist:1.0268, vae_loss_seen:231.7522 GZSL: seen=0.7335, unseen=0.1302, h=0.2212 ZSL: unseen accuracy=0.4323
[265/300]  Loss_D: -0.9208 Loss_G: -4.8666, Wasserstein_dist:1.2494, vae_loss_seen:235.8042 GZSL: seen=0.7357, unseen=0.2448, h=0.3674 ZSL: unseen accuracy=0.4271
[266/300]  Loss_D: -0.9767 Loss_G: -3.5821, Wasserstein_dist:1.2539, vae_loss_seen:240.0596 GZSL: seen=0.6095, unseen=0.1042, h=0.1779 ZSL: unseen accuracy=0.4219
[267/300]  Loss_D: -0.9115 Loss_G: -3.8174, Wasserstein_dist:1.2751, vae_loss_seen:252.9564 GZSL: seen=0.7370, unseen=0.0990, h=0.1745 ZSL: unseen accuracy=0.4271
[268/300]  Loss_D: -0.8319 Loss_G: -4.1780, Wasserstein_dist:1.1207, vae_loss_seen:235.0605 GZSL: seen=0.5098, unseen=0.2760, h=0.3582 ZSL: unseen accuracy=0.4167
[269/300]  Loss_D: -0.9100 Loss_G: -4.3192, Wasserstein_dist:1.1609, vae_loss_seen:233.5467 GZSL: seen=0.8459, unseen=0.1146, h=0.2018 ZSL: unseen accuracy=0.4271
[270/300]  Loss_D: -0.9040 Loss_G: -5.2185, Wasserstein_dist:1.2193, vae_loss_seen:232.3497 GZSL: seen=0.5738, unseen=0.0990, h=0.1688 ZSL: unseen accuracy=0.4219
[271/300]  Loss_D: -0.8582 Loss_G: -5.1628, Wasserstein_dist:1.1503, vae_loss_seen:217.7061 GZSL: seen=0.6071, unseen=0.2083, h=0.3102 ZSL: unseen accuracy=0.4167
[272/300]  Loss_D: -0.9079 Loss_G: -5.2856, Wasserstein_dist:1.2337, vae_loss_seen:229.1766 GZSL: seen=0.7044, unseen=0.2344, h=0.3517 ZSL: unseen accuracy=0.4271
[273/300]  Loss_D: -0.8040 Loss_G: -3.9733, Wasserstein_dist:1.0840, vae_loss_seen:240.2248 GZSL: seen=0.6917, unseen=0.2292, h=0.3443 ZSL: unseen accuracy=0.4219
[274/300]  Loss_D: -0.9036 Loss_G: -5.3941, Wasserstein_dist:1.1648, vae_loss_seen:235.0506 GZSL: seen=0.5767, unseen=0.1094, h=0.1839 ZSL: unseen accuracy=0.4323
[275/300]  Loss_D: -0.8377 Loss_G: -4.3099, Wasserstein_dist:1.0735, vae_loss_seen:217.0304 GZSL: seen=0.7694, unseen=0.1719, h=0.2810 ZSL: unseen accuracy=0.4271
[276/300]  Loss_D: -0.8993 Loss_G: -4.6239, Wasserstein_dist:1.1667, vae_loss_seen:229.5952 GZSL: seen=0.8258, unseen=0.1667, h=0.2774 ZSL: unseen accuracy=0.4271
[277/300]  Loss_D: -0.8786 Loss_G: -6.3568, Wasserstein_dist:1.1662, vae_loss_seen:220.1152 GZSL: seen=0.5460, unseen=0.0990, h=0.1676 ZSL: unseen accuracy=0.4219
[278/300]  Loss_D: -0.7513 Loss_G: -5.2468, Wasserstein_dist:1.0185, vae_loss_seen:218.2465 GZSL: seen=0.7589, unseen=0.2500, h=0.3761 ZSL: unseen accuracy=0.4271
[279/300]  Loss_D: -0.9238 Loss_G: -4.5979, Wasserstein_dist:1.2489, vae_loss_seen:233.3758 GZSL: seen=0.7544, unseen=0.1979, h=0.3136 ZSL: unseen accuracy=0.4219
[280/300]  Loss_D: -0.8677 Loss_G: -3.5471, Wasserstein_dist:1.1704, vae_loss_seen:250.3109 GZSL: seen=0.5540, unseen=0.0990, h=0.1679 ZSL: unseen accuracy=0.4219
[281/300]  Loss_D: -0.8666 Loss_G: -3.4471, Wasserstein_dist:1.1739, vae_loss_seen:237.2866 GZSL: seen=0.8058, unseen=0.1302, h=0.2242 ZSL: unseen accuracy=0.4219
[282/300]  Loss_D: -0.8750 Loss_G: -3.9906, Wasserstein_dist:1.1547, vae_loss_seen:235.9970 GZSL: seen=0.8443, unseen=0.0885, h=0.1603 ZSL: unseen accuracy=0.4271
[283/300]  Loss_D: -0.9063 Loss_G: -3.4189, Wasserstein_dist:1.2377, vae_loss_seen:251.8062 GZSL: seen=0.5738, unseen=0.1198, h=0.1982 ZSL: unseen accuracy=0.4167
[284/300]  Loss_D: -0.9360 Loss_G: -4.2964, Wasserstein_dist:1.2574, vae_loss_seen:245.6769 GZSL: seen=0.7679, unseen=0.2396, h=0.3652 ZSL: unseen accuracy=0.4219
[285/300]  Loss_D: -0.7736 Loss_G: -5.0708, Wasserstein_dist:1.0034, vae_loss_seen:227.5080 GZSL: seen=0.5381, unseen=0.0938, h=0.1597 ZSL: unseen accuracy=0.4271
[286/300]  Loss_D: -0.8445 Loss_G: -6.4906, Wasserstein_dist:1.1745, vae_loss_seen:210.2236 GZSL: seen=0.5905, unseen=0.2604, h=0.3614 ZSL: unseen accuracy=0.4271
[287/300]  Loss_D: -0.9404 Loss_G: -5.5979, Wasserstein_dist:1.1865, vae_loss_seen:225.0777 GZSL: seen=0.8669, unseen=0.1406, h=0.2420 ZSL: unseen accuracy=0.4219
[288/300]  Loss_D: -0.8101 Loss_G: -6.1046, Wasserstein_dist:1.0611, vae_loss_seen:221.6634 GZSL: seen=0.7187, unseen=0.1458, h=0.2425 ZSL: unseen accuracy=0.4271
[289/300]  Loss_D: -0.8809 Loss_G: -4.8279, Wasserstein_dist:1.1709, vae_loss_seen:239.1666 GZSL: seen=0.5357, unseen=0.2552, h=0.3457 ZSL: unseen accuracy=0.4271
[290/300]  Loss_D: -0.8272 Loss_G: -5.8202, Wasserstein_dist:1.1316, vae_loss_seen:213.4799 GZSL: seen=0.5690, unseen=0.0990, h=0.1686 ZSL: unseen accuracy=0.4219
[291/300]  Loss_D: -0.9677 Loss_G: -4.5970, Wasserstein_dist:1.2538, vae_loss_seen:242.5404 GZSL: seen=0.7478, unseen=0.1094, h=0.1908 ZSL: unseen accuracy=0.4271
[292/300]  Loss_D: -0.8118 Loss_G: -6.4277, Wasserstein_dist:1.0925, vae_loss_seen:207.7575 GZSL: seen=0.7524, unseen=0.1198, h=0.2067 ZSL: unseen accuracy=0.4219
[293/300]  Loss_D: -0.9365 Loss_G: -5.3221, Wasserstein_dist:1.2308, vae_loss_seen:225.3083 GZSL: seen=0.7392, unseen=0.1094, h=0.1906 ZSL: unseen accuracy=0.4167
[294/300]  Loss_D: -0.8177 Loss_G: -5.0721, Wasserstein_dist:1.0810, vae_loss_seen:226.5864 GZSL: seen=0.7608, unseen=0.1927, h=0.3075 ZSL: unseen accuracy=0.4219
[295/300]  Loss_D: -0.9229 Loss_G: -6.0504, Wasserstein_dist:1.2394, vae_loss_seen:227.3886 GZSL: seen=0.7190, unseen=0.2448, h=0.3652 ZSL: unseen accuracy=0.4271
[296/300]  Loss_D: -0.8657 Loss_G: -6.7095, Wasserstein_dist:1.1424, vae_loss_seen:217.8047 GZSL: seen=0.7164, unseen=0.0990, h=0.1739 ZSL: unseen accuracy=0.4167
[297/300]  Loss_D: -0.8770 Loss_G: -6.0599, Wasserstein_dist:1.1784, vae_loss_seen:212.7795 GZSL: seen=0.7402, unseen=0.2188, h=0.3377 ZSL: unseen accuracy=0.4167
[298/300]  Loss_D: -0.9107 Loss_G: -6.1566, Wasserstein_dist:1.2914, vae_loss_seen:229.2074 GZSL: seen=0.5976, unseen=0.0990, h=0.1698 ZSL: unseen accuracy=0.4062
[299/300]  Loss_D: -0.7981 Loss_G: -5.1745, Wasserstein_dist:1.0967, vae_loss_seen:227.1930 GZSL: seen=0.5619, unseen=0.2396, h=0.3359 ZSL: unseen accuracy=0.4219
Dataset RADAR
the best ZSL unseen accuracy is 0.625
Dataset RADAR
the best GZSL seen accuracy is 0.7484126984126984
the best GZSL unseen accuracy is 0.296875
the best GZSL H is 0.42511744886822
