Random Seed:  3407
# of training samples:  538
Encoder(
  (fc1): Linear(in_features=1324, out_features=4096, bias=True)
  (fc3): Linear(in_features=4096, out_features=600, bias=True)
  (lrelu): LeakyReLU(0.2, inplace)
  (linear_means): Linear(in_features=600, out_features=300, bias=True)
  (linear_log_var): Linear(in_features=600, out_features=300, bias=True)
)
Generator(
  (fc1): Linear(in_features=600, out_features=4096, bias=True)
  (fc3): Linear(in_features=4096, out_features=1024, bias=True)
  (lrelu): LeakyReLU(0.2, inplace)
  (sigmoid): Sigmoid()
)
Discriminator_D1(
  (fc1): Linear(in_features=1324, out_features=4096, bias=True)
  (fc2): Linear(in_features=4096, out_features=1, bias=True)
  (lrelu): LeakyReLU(0.2, inplace)
)
Feedback(
  (fc1): Linear(in_features=4096, out_features=4096, bias=True)
  (fc2): Linear(in_features=4096, out_features=4096, bias=True)
  (lrelu): LeakyReLU(0.2, inplace)
)
AttDec(
  (fc1): Linear(in_features=1024, out_features=4096, bias=True)
  (fc3): Linear(in_features=4096, out_features=300, bias=True)
  (lrelu): LeakyReLU(0.2, inplace)
)
[0/300]  Loss_D: -10.6419 Loss_G: 1.2749, Wasserstein_dist:13.4248, vae_loss_seen:490.5557 GZSL: seen=0.9059, unseen=0.2448, h=0.3854 ZSL: unseen accuracy=0.4323
[1/300]  Loss_D: -10.6819 Loss_G: 0.3812, Wasserstein_dist:14.1805, vae_loss_seen:453.6086 GZSL: seen=0.8810, unseen=0.1771, h=0.2949 ZSL: unseen accuracy=0.5521
[2/300]  Loss_D: -6.2101 Loss_G: -2.1279, Wasserstein_dist:8.6449, vae_loss_seen:360.3995 GZSL: seen=0.8869, unseen=0.2708, h=0.4150 ZSL: unseen accuracy=0.5833
[3/300]  Loss_D: -2.8887 Loss_G: -3.4365, Wasserstein_dist:3.6614, vae_loss_seen:310.7768 GZSL: seen=0.9107, unseen=0.2969, h=0.4478 ZSL: unseen accuracy=0.5208
[4/300]  Loss_D: -1.3264 Loss_G: -3.7632, Wasserstein_dist:1.9015, vae_loss_seen:281.9531 GZSL: seen=0.8849, unseen=0.2969, h=0.4446 ZSL: unseen accuracy=0.4792
[5/300]  Loss_D: -0.9928 Loss_G: -4.2332, Wasserstein_dist:1.3162, vae_loss_seen:282.7879 GZSL: seen=0.7611, unseen=0.2604, h=0.3881 ZSL: unseen accuracy=0.5104
[6/300]  Loss_D: -0.9055 Loss_G: -2.9254, Wasserstein_dist:1.3190, vae_loss_seen:280.7901 GZSL: seen=0.8591, unseen=0.2969, h=0.4413 ZSL: unseen accuracy=0.4635
[7/300]  Loss_D: -1.1126 Loss_G: -6.2267, Wasserstein_dist:1.3289, vae_loss_seen:244.0823 GZSL: seen=0.8988, unseen=0.2917, h=0.4404 ZSL: unseen accuracy=0.6146
[8/300]  Loss_D: -0.8223 Loss_G: -2.1761, Wasserstein_dist:1.0242, vae_loss_seen:285.2034 GZSL: seen=0.8770, unseen=0.2656, h=0.4077 ZSL: unseen accuracy=0.4740
[9/300]  Loss_D: -0.7941 Loss_G: -1.0896, Wasserstein_dist:0.9489, vae_loss_seen:299.7175 GZSL: seen=0.7798, unseen=0.4115, h=0.5387 ZSL: unseen accuracy=0.5833
[10/300]  Loss_D: -1.0429 Loss_G: -1.5758, Wasserstein_dist:1.2022, vae_loss_seen:286.6088 GZSL: seen=0.9087, unseen=0.2708, h=0.4173 ZSL: unseen accuracy=0.6094
[11/300]  Loss_D: -1.0233 Loss_G: 0.7553, Wasserstein_dist:1.2037, vae_loss_seen:311.0107 GZSL: seen=0.8948, unseen=0.2604, h=0.4034 ZSL: unseen accuracy=0.5885
[12/300]  Loss_D: -1.0970 Loss_G: 0.7593, Wasserstein_dist:1.3233, vae_loss_seen:305.6979 GZSL: seen=0.8810, unseen=0.2969, h=0.4441 ZSL: unseen accuracy=0.5990
[13/300]  Loss_D: -1.2681 Loss_G: 2.9428, Wasserstein_dist:1.5008, vae_loss_seen:335.1756 GZSL: seen=0.9187, unseen=0.2500, h=0.3930 ZSL: unseen accuracy=0.5677
[14/300]  Loss_D: -1.3410 Loss_G: 3.4327, Wasserstein_dist:1.6249, vae_loss_seen:337.1958 GZSL: seen=0.8929, unseen=0.2760, h=0.4217 ZSL: unseen accuracy=0.5833
[15/300]  Loss_D: -1.3217 Loss_G: 3.2376, Wasserstein_dist:1.7442, vae_loss_seen:339.7698 GZSL: seen=0.8829, unseen=0.2760, h=0.4206 ZSL: unseen accuracy=0.6875
[16/300]  Loss_D: -1.4627 Loss_G: 4.6006, Wasserstein_dist:1.9312, vae_loss_seen:342.4333 GZSL: seen=0.7758, unseen=0.3906, h=0.5196 ZSL: unseen accuracy=0.5885
[17/300]  Loss_D: -1.3133 Loss_G: 4.8229, Wasserstein_dist:1.7590, vae_loss_seen:346.1580 GZSL: seen=0.9107, unseen=0.1979, h=0.3252 ZSL: unseen accuracy=0.5156
[18/300]  Loss_D: -1.3050 Loss_G: 3.1520, Wasserstein_dist:1.7511, vae_loss_seen:329.2730 GZSL: seen=0.7690, unseen=0.4271, h=0.5492 ZSL: unseen accuracy=0.5365
[19/300]  Loss_D: -1.3079 Loss_G: 5.0935, Wasserstein_dist:1.7152, vae_loss_seen:355.0329 GZSL: seen=0.7639, unseen=0.2865, h=0.4167 ZSL: unseen accuracy=0.5573
[20/300]  Loss_D: -1.3121 Loss_G: 3.8917, Wasserstein_dist:1.7956, vae_loss_seen:335.2386 GZSL: seen=0.8159, unseen=0.2448, h=0.3766 ZSL: unseen accuracy=0.5156
[21/300]  Loss_D: -1.1495 Loss_G: 4.6120, Wasserstein_dist:1.5913, vae_loss_seen:327.9578 GZSL: seen=0.8690, unseen=0.2135, h=0.3428 ZSL: unseen accuracy=0.5312
[22/300]  Loss_D: -1.2203 Loss_G: 4.0509, Wasserstein_dist:1.6860, vae_loss_seen:328.4634 GZSL: seen=0.8353, unseen=0.2135, h=0.3401 ZSL: unseen accuracy=0.5208
[23/300]  Loss_D: -1.2210 Loss_G: 5.0139, Wasserstein_dist:1.5541, vae_loss_seen:347.2968 GZSL: seen=0.7937, unseen=0.1979, h=0.3168 ZSL: unseen accuracy=0.5208
[24/300]  Loss_D: -0.9651 Loss_G: 4.6649, Wasserstein_dist:1.3978, vae_loss_seen:332.8839 GZSL: seen=0.7738, unseen=0.2135, h=0.3347 ZSL: unseen accuracy=0.5052
[25/300]  Loss_D: -1.0305 Loss_G: 4.4107, Wasserstein_dist:1.4665, vae_loss_seen:334.0773 GZSL: seen=0.7004, unseen=0.2292, h=0.3453 ZSL: unseen accuracy=0.5260
[26/300]  Loss_D: -1.0779 Loss_G: 3.2950, Wasserstein_dist:1.4450, vae_loss_seen:323.4321 GZSL: seen=0.8452, unseen=0.2240, h=0.3541 ZSL: unseen accuracy=0.5521
[27/300]  Loss_D: -1.1158 Loss_G: 3.3332, Wasserstein_dist:1.4598, vae_loss_seen:320.2044 GZSL: seen=0.7937, unseen=0.2188, h=0.3430 ZSL: unseen accuracy=0.5156
[28/300]  Loss_D: -1.0539 Loss_G: 3.6125, Wasserstein_dist:1.4192, vae_loss_seen:318.2197 GZSL: seen=0.8146, unseen=0.1979, h=0.3185 ZSL: unseen accuracy=0.5208
[29/300]  Loss_D: -1.0795 Loss_G: 4.6417, Wasserstein_dist:1.4070, vae_loss_seen:326.9831 GZSL: seen=0.7425, unseen=0.2188, h=0.3379 ZSL: unseen accuracy=0.4427
[30/300]  Loss_D: -1.0013 Loss_G: 3.5688, Wasserstein_dist:1.3158, vae_loss_seen:323.7994 GZSL: seen=0.8532, unseen=0.1875, h=0.3074 ZSL: unseen accuracy=0.5052
[31/300]  Loss_D: -1.1074 Loss_G: 2.8072, Wasserstein_dist:1.4103, vae_loss_seen:315.6942 GZSL: seen=0.8075, unseen=0.1875, h=0.3043 ZSL: unseen accuracy=0.5104
[32/300]  Loss_D: -0.8305 Loss_G: 4.1760, Wasserstein_dist:1.1227, vae_loss_seen:326.3682 GZSL: seen=0.7738, unseen=0.1979, h=0.3152 ZSL: unseen accuracy=0.5156
[33/300]  Loss_D: -0.9273 Loss_G: 3.3511, Wasserstein_dist:1.1740, vae_loss_seen:316.0951 GZSL: seen=0.8750, unseen=0.1927, h=0.3159 ZSL: unseen accuracy=0.4010
[34/300]  Loss_D: -0.8519 Loss_G: 5.3033, Wasserstein_dist:1.1241, vae_loss_seen:336.5359 GZSL: seen=0.7437, unseen=0.2031, h=0.3191 ZSL: unseen accuracy=0.5156
[35/300]  Loss_D: -0.9246 Loss_G: 5.3554, Wasserstein_dist:1.2086, vae_loss_seen:326.8301 GZSL: seen=0.7341, unseen=0.2031, h=0.3182 ZSL: unseen accuracy=0.4896
[36/300]  Loss_D: -0.9242 Loss_G: 3.3806, Wasserstein_dist:1.2106, vae_loss_seen:312.1995 GZSL: seen=0.8929, unseen=0.1875, h=0.3099 ZSL: unseen accuracy=0.5000
[37/300]  Loss_D: -0.8784 Loss_G: 4.0989, Wasserstein_dist:1.1211, vae_loss_seen:317.9097 GZSL: seen=0.7183, unseen=0.2031, h=0.3167 ZSL: unseen accuracy=0.5000
[38/300]  Loss_D: -0.9815 Loss_G: 3.5024, Wasserstein_dist:1.2301, vae_loss_seen:315.3583 GZSL: seen=0.8194, unseen=0.1927, h=0.3120 ZSL: unseen accuracy=0.5208
[39/300]  Loss_D: -0.7327 Loss_G: 4.4094, Wasserstein_dist:0.9791, vae_loss_seen:322.8198 GZSL: seen=0.7321, unseen=0.1927, h=0.3051 ZSL: unseen accuracy=0.5208
[40/300]  Loss_D: -0.7350 Loss_G: 5.6216, Wasserstein_dist:1.0149, vae_loss_seen:337.6972 GZSL: seen=0.7083, unseen=0.3906, h=0.5036 ZSL: unseen accuracy=0.5260
[41/300]  Loss_D: -0.8860 Loss_G: 3.9075, Wasserstein_dist:1.1238, vae_loss_seen:315.5966 GZSL: seen=0.8571, unseen=0.1875, h=0.3077 ZSL: unseen accuracy=0.5260
[42/300]  Loss_D: -0.8607 Loss_G: 4.6250, Wasserstein_dist:1.0820, vae_loss_seen:326.5373 GZSL: seen=0.7401, unseen=0.3594, h=0.4838 ZSL: unseen accuracy=0.5052
[43/300]  Loss_D: -0.7880 Loss_G: 5.7318, Wasserstein_dist:1.0203, vae_loss_seen:337.6640 GZSL: seen=0.8194, unseen=0.1927, h=0.3120 ZSL: unseen accuracy=0.5417
[44/300]  Loss_D: -0.9414 Loss_G: 4.0883, Wasserstein_dist:1.2232, vae_loss_seen:322.6750 GZSL: seen=0.9365, unseen=0.1823, h=0.3052 ZSL: unseen accuracy=0.5208
[45/300]  Loss_D: -0.7233 Loss_G: 6.4583, Wasserstein_dist:0.9513, vae_loss_seen:338.3752 GZSL: seen=0.8849, unseen=0.1719, h=0.2878 ZSL: unseen accuracy=0.4635
[46/300]  Loss_D: -0.7219 Loss_G: 3.9951, Wasserstein_dist:0.9242, vae_loss_seen:315.7447 GZSL: seen=0.8651, unseen=0.1875, h=0.3082 ZSL: unseen accuracy=0.4948
[47/300]  Loss_D: -0.6826 Loss_G: 2.7403, Wasserstein_dist:0.9401, vae_loss_seen:297.6962 GZSL: seen=0.8631, unseen=0.1823, h=0.3010 ZSL: unseen accuracy=0.5156
[48/300]  Loss_D: -0.8571 Loss_G: 3.4766, Wasserstein_dist:1.1113, vae_loss_seen:308.3367 GZSL: seen=0.7440, unseen=0.2188, h=0.3381 ZSL: unseen accuracy=0.5260
[49/300]  Loss_D: -0.6977 Loss_G: 5.5140, Wasserstein_dist:0.9340, vae_loss_seen:327.1602 GZSL: seen=0.7044, unseen=0.1927, h=0.3026 ZSL: unseen accuracy=0.4948
[50/300]  Loss_D: -0.7791 Loss_G: 4.3402, Wasserstein_dist:1.0204, vae_loss_seen:310.9875 GZSL: seen=0.8274, unseen=0.1719, h=0.2846 ZSL: unseen accuracy=0.5000
[51/300]  Loss_D: -0.6605 Loss_G: 4.6044, Wasserstein_dist:0.8971, vae_loss_seen:320.6707 GZSL: seen=0.7647, unseen=0.3750, h=0.5032 ZSL: unseen accuracy=0.4948
[52/300]  Loss_D: -0.7501 Loss_G: 6.2598, Wasserstein_dist:0.9976, vae_loss_seen:334.2709 GZSL: seen=0.7103, unseen=0.1979, h=0.3096 ZSL: unseen accuracy=0.5312
[53/300]  Loss_D: -0.8091 Loss_G: 5.2751, Wasserstein_dist:1.0422, vae_loss_seen:325.4427 GZSL: seen=0.8571, unseen=0.1719, h=0.2863 ZSL: unseen accuracy=0.4792
[54/300]  Loss_D: -0.6439 Loss_G: 4.5667, Wasserstein_dist:0.8815, vae_loss_seen:318.2249 GZSL: seen=0.7738, unseen=0.1771, h=0.2882 ZSL: unseen accuracy=0.4792
[55/300]  Loss_D: -0.7274 Loss_G: 5.7083, Wasserstein_dist:0.9474, vae_loss_seen:323.0806 GZSL: seen=0.6814, unseen=0.1615, h=0.2611 ZSL: unseen accuracy=0.5104
[56/300]  Loss_D: -0.7489 Loss_G: 2.9107, Wasserstein_dist:0.9697, vae_loss_seen:294.1899 GZSL: seen=0.7024, unseen=0.1823, h=0.2895 ZSL: unseen accuracy=0.5052
[57/300]  Loss_D: -0.8143 Loss_G: 6.1915, Wasserstein_dist:1.0673, vae_loss_seen:335.9760 GZSL: seen=0.8889, unseen=0.1667, h=0.2807 ZSL: unseen accuracy=0.5000
[58/300]  Loss_D: -0.6991 Loss_G: 5.4959, Wasserstein_dist:0.9043, vae_loss_seen:325.1212 GZSL: seen=0.7273, unseen=0.1823, h=0.2915 ZSL: unseen accuracy=0.4740
[59/300]  Loss_D: -0.6500 Loss_G: 6.4457, Wasserstein_dist:0.8654, vae_loss_seen:323.8888 GZSL: seen=0.8452, unseen=0.1615, h=0.2711 ZSL: unseen accuracy=0.4896
[60/300]  Loss_D: -0.6152 Loss_G: 5.6847, Wasserstein_dist:0.8809, vae_loss_seen:322.1260 GZSL: seen=0.7996, unseen=0.1771, h=0.2900 ZSL: unseen accuracy=0.4948
[61/300]  Loss_D: -0.9655 Loss_G: 5.1069, Wasserstein_dist:1.2013, vae_loss_seen:324.7197 GZSL: seen=0.7238, unseen=0.1823, h=0.2912 ZSL: unseen accuracy=0.3438
[62/300]  Loss_D: -0.8957 Loss_G: 7.0289, Wasserstein_dist:1.1434, vae_loss_seen:344.5170 GZSL: seen=0.6936, unseen=0.1823, h=0.2887 ZSL: unseen accuracy=0.5104
[63/300]  Loss_D: -0.7264 Loss_G: 7.9668, Wasserstein_dist:1.0364, vae_loss_seen:348.8761 GZSL: seen=0.7321, unseen=0.1979, h=0.3116 ZSL: unseen accuracy=0.4479
[64/300]  Loss_D: -0.8999 Loss_G: 7.7167, Wasserstein_dist:1.2074, vae_loss_seen:345.5319 GZSL: seen=0.7222, unseen=0.1927, h=0.3042 ZSL: unseen accuracy=0.4844
[65/300]  Loss_D: -0.9555 Loss_G: 4.1913, Wasserstein_dist:1.1730, vae_loss_seen:310.1506 GZSL: seen=0.7143, unseen=0.2812, h=0.4036 ZSL: unseen accuracy=0.4948
[66/300]  Loss_D: -0.8419 Loss_G: 4.1574, Wasserstein_dist:1.0779, vae_loss_seen:309.1544 GZSL: seen=0.8194, unseen=0.1771, h=0.2912 ZSL: unseen accuracy=0.4792
[67/300]  Loss_D: -0.7738 Loss_G: 6.4384, Wasserstein_dist:1.0622, vae_loss_seen:327.7267 GZSL: seen=0.9167, unseen=0.1771, h=0.2968 ZSL: unseen accuracy=0.5417
[68/300]  Loss_D: -0.8699 Loss_G: 6.7291, Wasserstein_dist:1.1225, vae_loss_seen:342.2219 GZSL: seen=0.8667, unseen=0.1667, h=0.2796 ZSL: unseen accuracy=0.4167
[69/300]  Loss_D: -0.6596 Loss_G: 4.5703, Wasserstein_dist:0.8919, vae_loss_seen:314.5297 GZSL: seen=0.9226, unseen=0.1667, h=0.2823 ZSL: unseen accuracy=0.5000
[70/300]  Loss_D: -0.8345 Loss_G: 5.7529, Wasserstein_dist:1.1029, vae_loss_seen:321.4445 GZSL: seen=0.8155, unseen=0.1667, h=0.2768 ZSL: unseen accuracy=0.5885
[71/300]  Loss_D: -0.7888 Loss_G: 5.2096, Wasserstein_dist:1.0112, vae_loss_seen:320.7237 GZSL: seen=0.6944, unseen=0.1771, h=0.2822 ZSL: unseen accuracy=0.5104
[72/300]  Loss_D: -0.8135 Loss_G: 4.7890, Wasserstein_dist:1.0306, vae_loss_seen:312.5623 GZSL: seen=0.8730, unseen=0.1510, h=0.2575 ZSL: unseen accuracy=0.5052
[73/300]  Loss_D: -0.7766 Loss_G: 6.4823, Wasserstein_dist:1.0279, vae_loss_seen:337.6630 GZSL: seen=0.7163, unseen=0.1875, h=0.2972 ZSL: unseen accuracy=0.4844
[74/300]  Loss_D: -0.9507 Loss_G: 4.5189, Wasserstein_dist:1.1910, vae_loss_seen:320.3891 GZSL: seen=0.7440, unseen=0.1719, h=0.2792 ZSL: unseen accuracy=0.5000
[75/300]  Loss_D: -0.7536 Loss_G: 4.8726, Wasserstein_dist:1.0195, vae_loss_seen:316.5852 GZSL: seen=0.8778, unseen=0.1615, h=0.2727 ZSL: unseen accuracy=0.4896
[76/300]  Loss_D: -0.7705 Loss_G: 5.2062, Wasserstein_dist:1.0602, vae_loss_seen:319.4308 GZSL: seen=0.7004, unseen=0.1667, h=0.2693 ZSL: unseen accuracy=0.5573
[77/300]  Loss_D: -0.7632 Loss_G: 4.3238, Wasserstein_dist:1.0016, vae_loss_seen:313.2001 GZSL: seen=0.6845, unseen=0.2760, h=0.3934 ZSL: unseen accuracy=0.5052
[78/300]  Loss_D: -0.7167 Loss_G: 4.1796, Wasserstein_dist:0.9644, vae_loss_seen:316.6000 GZSL: seen=0.8790, unseen=0.1510, h=0.2578 ZSL: unseen accuracy=0.4948
[79/300]  Loss_D: -0.7386 Loss_G: 5.4386, Wasserstein_dist:0.9499, vae_loss_seen:323.4699 GZSL: seen=0.7083, unseen=0.1823, h=0.2900 ZSL: unseen accuracy=0.4948
[80/300]  Loss_D: -0.7897 Loss_G: 4.7076, Wasserstein_dist:1.0278, vae_loss_seen:311.6773 GZSL: seen=0.7202, unseen=0.1354, h=0.2280 ZSL: unseen accuracy=0.5104
[81/300]  Loss_D: -0.7426 Loss_G: 5.0083, Wasserstein_dist:0.9979, vae_loss_seen:316.0640 GZSL: seen=0.6786, unseen=0.1667, h=0.2676 ZSL: unseen accuracy=0.5104
[82/300]  Loss_D: -0.8043 Loss_G: 5.4889, Wasserstein_dist:1.0621, vae_loss_seen:322.0233 GZSL: seen=0.6825, unseen=0.1458, h=0.2403 ZSL: unseen accuracy=0.4375
[83/300]  Loss_D: -0.7173 Loss_G: 7.0729, Wasserstein_dist:0.9415, vae_loss_seen:342.5466 GZSL: seen=0.9008, unseen=0.1771, h=0.2960 ZSL: unseen accuracy=0.4844
[84/300]  Loss_D: -0.7754 Loss_G: 4.9178, Wasserstein_dist:0.9900, vae_loss_seen:312.7168 GZSL: seen=0.8290, unseen=0.1562, h=0.2629 ZSL: unseen accuracy=0.4062
[85/300]  Loss_D: -0.6941 Loss_G: 4.1636, Wasserstein_dist:0.9001, vae_loss_seen:303.7139 GZSL: seen=0.7857, unseen=0.1719, h=0.2821 ZSL: unseen accuracy=0.4635
[86/300]  Loss_D: -0.6768 Loss_G: 7.1321, Wasserstein_dist:0.8940, vae_loss_seen:340.1153 GZSL: seen=0.9107, unseen=0.1719, h=0.2892 ZSL: unseen accuracy=0.4844
[87/300]  Loss_D: -0.7454 Loss_G: 6.0609, Wasserstein_dist:0.9292, vae_loss_seen:331.1402 GZSL: seen=0.8480, unseen=0.1615, h=0.2713 ZSL: unseen accuracy=0.4635
[88/300]  Loss_D: -0.8038 Loss_G: 5.2283, Wasserstein_dist:1.0368, vae_loss_seen:321.7040 GZSL: seen=0.8274, unseen=0.1615, h=0.2702 ZSL: unseen accuracy=0.4167
[89/300]  Loss_D: -0.8102 Loss_G: 6.0693, Wasserstein_dist:1.0346, vae_loss_seen:324.6636 GZSL: seen=0.9087, unseen=0.1458, h=0.2513 ZSL: unseen accuracy=0.5052
[90/300]  Loss_D: -0.7487 Loss_G: 7.7445, Wasserstein_dist:1.0305, vae_loss_seen:346.0144 GZSL: seen=0.6944, unseen=0.1667, h=0.2688 ZSL: unseen accuracy=0.5000
[91/300]  Loss_D: -0.6632 Loss_G: 6.3975, Wasserstein_dist:0.8446, vae_loss_seen:325.0501 GZSL: seen=0.8433, unseen=0.1615, h=0.2710 ZSL: unseen accuracy=0.4427
[92/300]  Loss_D: -0.7538 Loss_G: 4.8280, Wasserstein_dist:0.9578, vae_loss_seen:315.6980 GZSL: seen=0.8560, unseen=0.1510, h=0.2568 ZSL: unseen accuracy=0.4740
[93/300]  Loss_D: -0.6011 Loss_G: 4.9784, Wasserstein_dist:0.7786, vae_loss_seen:311.1973 GZSL: seen=0.7083, unseen=0.1667, h=0.2698 ZSL: unseen accuracy=0.5104
[94/300]  Loss_D: -0.6941 Loss_G: 5.9072, Wasserstein_dist:0.8906, vae_loss_seen:334.9199 GZSL: seen=0.7321, unseen=0.1562, h=0.2575 ZSL: unseen accuracy=0.4896
[95/300]  Loss_D: -0.7442 Loss_G: 5.1972, Wasserstein_dist:0.9558, vae_loss_seen:322.2795 GZSL: seen=0.7024, unseen=0.1719, h=0.2762 ZSL: unseen accuracy=0.5000
[96/300]  Loss_D: -0.7255 Loss_G: 4.8175, Wasserstein_dist:0.9527, vae_loss_seen:302.5734 GZSL: seen=0.6567, unseen=0.1771, h=0.2790 ZSL: unseen accuracy=0.5000
[97/300]  Loss_D: -0.7557 Loss_G: 5.9226, Wasserstein_dist:0.9834, vae_loss_seen:332.3638 GZSL: seen=0.7798, unseen=0.1771, h=0.2886 ZSL: unseen accuracy=0.5104
[98/300]  Loss_D: -0.7508 Loss_G: 5.2803, Wasserstein_dist:0.9294, vae_loss_seen:327.3529 GZSL: seen=0.7302, unseen=0.1771, h=0.2850 ZSL: unseen accuracy=0.5156
[99/300]  Loss_D: -0.7000 Loss_G: 4.7996, Wasserstein_dist:0.9533, vae_loss_seen:324.2882 GZSL: seen=0.8341, unseen=0.1771, h=0.2921 ZSL: unseen accuracy=0.5052
[100/300]  Loss_D: -0.6531 Loss_G: 5.4163, Wasserstein_dist:0.8803, vae_loss_seen:329.0148 GZSL: seen=0.7063, unseen=0.1719, h=0.2765 ZSL: unseen accuracy=0.4896
[101/300]  Loss_D: -0.6711 Loss_G: 5.3983, Wasserstein_dist:0.8705, vae_loss_seen:326.8997 GZSL: seen=0.7024, unseen=0.1458, h=0.2415 ZSL: unseen accuracy=0.5000
[102/300]  Loss_D: -0.6579 Loss_G: 5.2492, Wasserstein_dist:0.8527, vae_loss_seen:326.7477 GZSL: seen=0.8353, unseen=0.1667, h=0.2779 ZSL: unseen accuracy=0.5052
[103/300]  Loss_D: -0.5263 Loss_G: 5.7548, Wasserstein_dist:0.7249, vae_loss_seen:317.9881 GZSL: seen=0.8798, unseen=0.1510, h=0.2578 ZSL: unseen accuracy=0.4583
[104/300]  Loss_D: -0.6872 Loss_G: 6.9984, Wasserstein_dist:0.8750, vae_loss_seen:343.4158 GZSL: seen=0.7083, unseen=0.1719, h=0.2766 ZSL: unseen accuracy=0.4531
[105/300]  Loss_D: -0.7558 Loss_G: 4.5996, Wasserstein_dist:0.9602, vae_loss_seen:310.9603 GZSL: seen=0.6766, unseen=0.1771, h=0.2807 ZSL: unseen accuracy=0.5000
[106/300]  Loss_D: -0.6721 Loss_G: 5.3692, Wasserstein_dist:0.8585, vae_loss_seen:316.6489 GZSL: seen=0.8274, unseen=0.1719, h=0.2846 ZSL: unseen accuracy=0.5052
[107/300]  Loss_D: -0.5781 Loss_G: 5.9942, Wasserstein_dist:0.8229, vae_loss_seen:327.4966 GZSL: seen=0.9087, unseen=0.1615, h=0.2742 ZSL: unseen accuracy=0.5052
[108/300]  Loss_D: -0.7381 Loss_G: 3.9342, Wasserstein_dist:0.9501, vae_loss_seen:301.8554 GZSL: seen=0.7659, unseen=0.1146, h=0.1993 ZSL: unseen accuracy=0.4896
[109/300]  Loss_D: -0.8086 Loss_G: 5.4267, Wasserstein_dist:1.0384, vae_loss_seen:315.2976 GZSL: seen=0.7083, unseen=0.1719, h=0.2766 ZSL: unseen accuracy=0.4948
[110/300]  Loss_D: -0.6122 Loss_G: 5.5834, Wasserstein_dist:0.7944, vae_loss_seen:316.2267 GZSL: seen=0.7174, unseen=0.1719, h=0.2773 ZSL: unseen accuracy=0.5104
[111/300]  Loss_D: -0.6629 Loss_G: 4.9492, Wasserstein_dist:0.8661, vae_loss_seen:318.7784 GZSL: seen=0.7520, unseen=0.1562, h=0.2587 ZSL: unseen accuracy=0.5000
[112/300]  Loss_D: -0.6789 Loss_G: 4.6527, Wasserstein_dist:0.8994, vae_loss_seen:308.1307 GZSL: seen=0.7944, unseen=0.1562, h=0.2611 ZSL: unseen accuracy=0.4844
[113/300]  Loss_D: -0.6839 Loss_G: 6.0674, Wasserstein_dist:0.9017, vae_loss_seen:321.6446 GZSL: seen=0.8052, unseen=0.1667, h=0.2762 ZSL: unseen accuracy=0.4323
[114/300]  Loss_D: -0.6844 Loss_G: 4.9545, Wasserstein_dist:0.9115, vae_loss_seen:315.8628 GZSL: seen=0.7619, unseen=0.1354, h=0.2300 ZSL: unseen accuracy=0.4583
[115/300]  Loss_D: -0.7340 Loss_G: 5.7776, Wasserstein_dist:0.9773, vae_loss_seen:332.5850 GZSL: seen=0.6964, unseen=0.1406, h=0.2340 ZSL: unseen accuracy=0.4583
[116/300]  Loss_D: -0.6462 Loss_G: 5.3024, Wasserstein_dist:0.8454, vae_loss_seen:312.4934 GZSL: seen=0.8750, unseen=0.1510, h=0.2576 ZSL: unseen accuracy=0.4688
[117/300]  Loss_D: -0.6437 Loss_G: 5.7127, Wasserstein_dist:0.8700, vae_loss_seen:320.7605 GZSL: seen=0.6956, unseen=0.1823, h=0.2889 ZSL: unseen accuracy=0.4948
[118/300]  Loss_D: -0.5301 Loss_G: 6.4394, Wasserstein_dist:0.7087, vae_loss_seen:332.3773 GZSL: seen=0.6944, unseen=0.1875, h=0.2953 ZSL: unseen accuracy=0.5000
[119/300]  Loss_D: -0.6348 Loss_G: 4.7336, Wasserstein_dist:0.8622, vae_loss_seen:307.3832 GZSL: seen=0.8619, unseen=0.1198, h=0.2103 ZSL: unseen accuracy=0.5104
[120/300]  Loss_D: -0.7242 Loss_G: 6.4428, Wasserstein_dist:0.9217, vae_loss_seen:330.9579 GZSL: seen=0.8301, unseen=0.1510, h=0.2556 ZSL: unseen accuracy=0.5000
[121/300]  Loss_D: -0.6395 Loss_G: 7.2819, Wasserstein_dist:0.8388, vae_loss_seen:338.7921 GZSL: seen=0.8500, unseen=0.1771, h=0.2931 ZSL: unseen accuracy=0.5052
[122/300]  Loss_D: -0.6881 Loss_G: 6.1413, Wasserstein_dist:0.8730, vae_loss_seen:321.4733 GZSL: seen=0.7401, unseen=0.1979, h=0.3123 ZSL: unseen accuracy=0.5052
[123/300]  Loss_D: -0.7517 Loss_G: 6.3155, Wasserstein_dist:0.9722, vae_loss_seen:331.9779 GZSL: seen=0.7262, unseen=0.3281, h=0.4520 ZSL: unseen accuracy=0.4896
[124/300]  Loss_D: -0.7095 Loss_G: 5.8797, Wasserstein_dist:0.9177, vae_loss_seen:321.8062 GZSL: seen=0.6667, unseen=0.1406, h=0.2323 ZSL: unseen accuracy=0.5052
[125/300]  Loss_D: -0.7545 Loss_G: 6.0973, Wasserstein_dist:0.9412, vae_loss_seen:337.4101 GZSL: seen=0.7659, unseen=0.1719, h=0.2807 ZSL: unseen accuracy=0.5052
[126/300]  Loss_D: -0.6454 Loss_G: 5.4266, Wasserstein_dist:0.8355, vae_loss_seen:320.1072 GZSL: seen=0.7242, unseen=0.1615, h=0.2640 ZSL: unseen accuracy=0.4948
[127/300]  Loss_D: -0.7120 Loss_G: 5.5336, Wasserstein_dist:0.8824, vae_loss_seen:316.0822 GZSL: seen=0.6964, unseen=0.1719, h=0.2757 ZSL: unseen accuracy=0.5000
[128/300]  Loss_D: -0.5819 Loss_G: 6.4276, Wasserstein_dist:0.7691, vae_loss_seen:327.8260 GZSL: seen=0.7321, unseen=0.1719, h=0.2784 ZSL: unseen accuracy=0.5052
[129/300]  Loss_D: -0.6779 Loss_G: 6.2469, Wasserstein_dist:0.8636, vae_loss_seen:326.9815 GZSL: seen=0.7738, unseen=0.1823, h=0.2951 ZSL: unseen accuracy=0.4844
[130/300]  Loss_D: -0.6812 Loss_G: 7.5016, Wasserstein_dist:0.8894, vae_loss_seen:336.0222 GZSL: seen=0.7460, unseen=0.1719, h=0.2794 ZSL: unseen accuracy=0.5052
[131/300]  Loss_D: -0.6827 Loss_G: 4.2675, Wasserstein_dist:0.8740, vae_loss_seen:294.3144 GZSL: seen=0.7282, unseen=0.3333, h=0.4573 ZSL: unseen accuracy=0.4948
[132/300]  Loss_D: -0.7123 Loss_G: 6.2295, Wasserstein_dist:0.9043, vae_loss_seen:323.3463 GZSL: seen=0.6845, unseen=0.1667, h=0.2681 ZSL: unseen accuracy=0.5000
[133/300]  Loss_D: -0.7023 Loss_G: 6.3917, Wasserstein_dist:0.9134, vae_loss_seen:337.0531 GZSL: seen=0.7278, unseen=0.1198, h=0.2057 ZSL: unseen accuracy=0.5000
[134/300]  Loss_D: -0.6636 Loss_G: 5.5580, Wasserstein_dist:0.8967, vae_loss_seen:320.5581 GZSL: seen=0.7087, unseen=0.1615, h=0.2630 ZSL: unseen accuracy=0.4271
[135/300]  Loss_D: -0.6261 Loss_G: 4.5013, Wasserstein_dist:0.8112, vae_loss_seen:299.7912 GZSL: seen=0.7262, unseen=0.1823, h=0.2914 ZSL: unseen accuracy=0.4896
[136/300]  Loss_D: -0.6680 Loss_G: 6.8347, Wasserstein_dist:0.9129, vae_loss_seen:327.9154 GZSL: seen=0.6845, unseen=0.1823, h=0.2879 ZSL: unseen accuracy=0.5052
[137/300]  Loss_D: -0.6734 Loss_G: 6.3675, Wasserstein_dist:0.8492, vae_loss_seen:332.8403 GZSL: seen=0.7055, unseen=0.2292, h=0.3460 ZSL: unseen accuracy=0.5052
[138/300]  Loss_D: -0.6352 Loss_G: 6.3242, Wasserstein_dist:0.8244, vae_loss_seen:329.3048 GZSL: seen=0.7242, unseen=0.1615, h=0.2640 ZSL: unseen accuracy=0.5052
[139/300]  Loss_D: -0.5183 Loss_G: 7.6478, Wasserstein_dist:0.6860, vae_loss_seen:336.5359 GZSL: seen=0.7044, unseen=0.1719, h=0.2763 ZSL: unseen accuracy=0.4583
[140/300]  Loss_D: -0.6700 Loss_G: 5.2390, Wasserstein_dist:0.8819, vae_loss_seen:313.1941 GZSL: seen=0.7075, unseen=0.1562, h=0.2560 ZSL: unseen accuracy=0.5052
[141/300]  Loss_D: -0.6163 Loss_G: 6.1559, Wasserstein_dist:0.8213, vae_loss_seen:329.9074 GZSL: seen=0.8615, unseen=0.1094, h=0.1941 ZSL: unseen accuracy=0.4948
[142/300]  Loss_D: -0.5313 Loss_G: 7.2082, Wasserstein_dist:0.7493, vae_loss_seen:328.7064 GZSL: seen=0.7313, unseen=0.1771, h=0.2851 ZSL: unseen accuracy=0.5052
[143/300]  Loss_D: -0.7420 Loss_G: 8.8961, Wasserstein_dist:1.0376, vae_loss_seen:357.2925 GZSL: seen=0.6746, unseen=0.1615, h=0.2606 ZSL: unseen accuracy=0.4896
[144/300]  Loss_D: -0.5464 Loss_G: 7.1087, Wasserstein_dist:0.7511, vae_loss_seen:333.7165 GZSL: seen=0.7877, unseen=0.1719, h=0.2822 ZSL: unseen accuracy=0.5000
[145/300]  Loss_D: -0.6298 Loss_G: 6.7546, Wasserstein_dist:0.8168, vae_loss_seen:340.3185 GZSL: seen=0.7321, unseen=0.1615, h=0.2646 ZSL: unseen accuracy=0.4844
[146/300]  Loss_D: -0.7235 Loss_G: 6.1205, Wasserstein_dist:0.9700, vae_loss_seen:325.3003 GZSL: seen=0.6984, unseen=0.1771, h=0.2825 ZSL: unseen accuracy=0.4896
[147/300]  Loss_D: -0.7112 Loss_G: 5.5138, Wasserstein_dist:0.8954, vae_loss_seen:321.0697 GZSL: seen=0.7302, unseen=0.1719, h=0.2783 ZSL: unseen accuracy=0.4948
[148/300]  Loss_D: -0.5821 Loss_G: 6.0049, Wasserstein_dist:0.8104, vae_loss_seen:315.3843 GZSL: seen=0.7361, unseen=0.1927, h=0.3055 ZSL: unseen accuracy=0.4792
[149/300]  Loss_D: -0.6753 Loss_G: 5.1663, Wasserstein_dist:0.8704, vae_loss_seen:312.8061 GZSL: seen=0.8095, unseen=0.1771, h=0.2906 ZSL: unseen accuracy=0.4948
[150/300]  Loss_D: -0.5341 Loss_G: 6.1149, Wasserstein_dist:0.7310, vae_loss_seen:323.9320 GZSL: seen=0.7143, unseen=0.1823, h=0.2905 ZSL: unseen accuracy=0.5000
[151/300]  Loss_D: -0.6592 Loss_G: 6.8395, Wasserstein_dist:0.8827, vae_loss_seen:327.0041 GZSL: seen=0.7579, unseen=0.1823, h=0.2939 ZSL: unseen accuracy=0.5000
[152/300]  Loss_D: -0.6185 Loss_G: 4.8970, Wasserstein_dist:0.7756, vae_loss_seen:308.2267 GZSL: seen=0.8373, unseen=0.3333, h=0.4768 ZSL: unseen accuracy=0.4896
[153/300]  Loss_D: -0.5984 Loss_G: 5.8222, Wasserstein_dist:0.7838, vae_loss_seen:323.1879 GZSL: seen=0.7008, unseen=0.1875, h=0.2958 ZSL: unseen accuracy=0.5052
[154/300]  Loss_D: -0.6010 Loss_G: 6.8921, Wasserstein_dist:0.7847, vae_loss_seen:331.6126 GZSL: seen=0.7381, unseen=0.1979, h=0.3121 ZSL: unseen accuracy=0.5000
[155/300]  Loss_D: -0.6126 Loss_G: 6.0211, Wasserstein_dist:0.7918, vae_loss_seen:321.3860 GZSL: seen=0.6849, unseen=0.1667, h=0.2681 ZSL: unseen accuracy=0.4844
[156/300]  Loss_D: -0.6995 Loss_G: 8.2204, Wasserstein_dist:0.9878, vae_loss_seen:344.9235 GZSL: seen=0.7857, unseen=0.1875, h=0.3028 ZSL: unseen accuracy=0.5000
[157/300]  Loss_D: -0.6256 Loss_G: 7.5042, Wasserstein_dist:0.7928, vae_loss_seen:329.8500 GZSL: seen=0.7083, unseen=0.1615, h=0.2630 ZSL: unseen accuracy=0.5156
[158/300]  Loss_D: -0.7219 Loss_G: 6.6855, Wasserstein_dist:0.9248, vae_loss_seen:328.1855 GZSL: seen=0.7103, unseen=0.1771, h=0.2835 ZSL: unseen accuracy=0.4896
[159/300]  Loss_D: -0.5568 Loss_G: 6.2696, Wasserstein_dist:0.7316, vae_loss_seen:324.4849 GZSL: seen=0.7627, unseen=0.1719, h=0.2805 ZSL: unseen accuracy=0.5000
[160/300]  Loss_D: -0.5648 Loss_G: 6.2007, Wasserstein_dist:0.7271, vae_loss_seen:322.8701 GZSL: seen=0.6786, unseen=0.1823, h=0.2874 ZSL: unseen accuracy=0.4948
[161/300]  Loss_D: -0.6797 Loss_G: 6.4662, Wasserstein_dist:0.8471, vae_loss_seen:333.4709 GZSL: seen=0.7163, unseen=0.1771, h=0.2840 ZSL: unseen accuracy=0.5052
[162/300]  Loss_D: -0.5096 Loss_G: 6.0583, Wasserstein_dist:0.7039, vae_loss_seen:316.3101 GZSL: seen=0.7476, unseen=0.1667, h=0.2726 ZSL: unseen accuracy=0.5000
[163/300]  Loss_D: -0.5496 Loss_G: 6.0290, Wasserstein_dist:0.7321, vae_loss_seen:314.5707 GZSL: seen=0.7123, unseen=0.1667, h=0.2701 ZSL: unseen accuracy=0.5104
[164/300]  Loss_D: -0.6055 Loss_G: 6.8752, Wasserstein_dist:0.7819, vae_loss_seen:321.9823 GZSL: seen=0.7103, unseen=0.1771, h=0.2835 ZSL: unseen accuracy=0.5000
[165/300]  Loss_D: -0.5867 Loss_G: 6.3598, Wasserstein_dist:0.8392, vae_loss_seen:327.8557 GZSL: seen=0.8710, unseen=0.1615, h=0.2724 ZSL: unseen accuracy=0.5000
[166/300]  Loss_D: -0.5714 Loss_G: 7.5236, Wasserstein_dist:0.8093, vae_loss_seen:332.5085 GZSL: seen=0.6647, unseen=0.1823, h=0.2861 ZSL: unseen accuracy=0.5052
[167/300]  Loss_D: -0.5351 Loss_G: 5.4509, Wasserstein_dist:0.7045, vae_loss_seen:316.0135 GZSL: seen=0.6896, unseen=0.1823, h=0.2884 ZSL: unseen accuracy=0.5156
[168/300]  Loss_D: -0.6572 Loss_G: 5.3849, Wasserstein_dist:0.8270, vae_loss_seen:313.3389 GZSL: seen=0.7103, unseen=0.1719, h=0.2768 ZSL: unseen accuracy=0.5052
[169/300]  Loss_D: -0.6532 Loss_G: 5.6836, Wasserstein_dist:0.8178, vae_loss_seen:324.0548 GZSL: seen=0.7520, unseen=0.1615, h=0.2658 ZSL: unseen accuracy=0.5000
[170/300]  Loss_D: -0.6611 Loss_G: 5.1617, Wasserstein_dist:0.9379, vae_loss_seen:317.3797 GZSL: seen=0.7480, unseen=0.1823, h=0.2931 ZSL: unseen accuracy=0.5000
[171/300]  Loss_D: -0.6650 Loss_G: 5.5580, Wasserstein_dist:0.8527, vae_loss_seen:321.0832 GZSL: seen=0.6984, unseen=0.1771, h=0.2825 ZSL: unseen accuracy=0.5052
[172/300]  Loss_D: -0.5440 Loss_G: 6.4531, Wasserstein_dist:0.7757, vae_loss_seen:320.7051 GZSL: seen=0.7421, unseen=0.3490, h=0.4747 ZSL: unseen accuracy=0.5000
[173/300]  Loss_D: -0.6297 Loss_G: 4.4806, Wasserstein_dist:0.8134, vae_loss_seen:302.0970 GZSL: seen=0.7282, unseen=0.3385, h=0.4622 ZSL: unseen accuracy=0.5000
[174/300]  Loss_D: -0.5464 Loss_G: 5.4621, Wasserstein_dist:0.7238, vae_loss_seen:312.8831 GZSL: seen=0.7004, unseen=0.3542, h=0.4704 ZSL: unseen accuracy=0.5104
[175/300]  Loss_D: -0.5608 Loss_G: 5.8912, Wasserstein_dist:0.7449, vae_loss_seen:319.7062 GZSL: seen=0.6627, unseen=0.1823, h=0.2859 ZSL: unseen accuracy=0.4948
[176/300]  Loss_D: -0.5292 Loss_G: 5.4888, Wasserstein_dist:0.7005, vae_loss_seen:310.5507 GZSL: seen=0.7103, unseen=0.3490, h=0.4680 ZSL: unseen accuracy=0.5000
[177/300]  Loss_D: -0.5978 Loss_G: 5.7616, Wasserstein_dist:0.7703, vae_loss_seen:318.4060 GZSL: seen=0.7163, unseen=0.1771, h=0.2840 ZSL: unseen accuracy=0.5052
[178/300]  Loss_D: -0.5751 Loss_G: 7.2024, Wasserstein_dist:0.7403, vae_loss_seen:327.4694 GZSL: seen=0.8655, unseen=0.1771, h=0.2940 ZSL: unseen accuracy=0.4948
[179/300]  Loss_D: -0.5011 Loss_G: 5.4026, Wasserstein_dist:0.6960, vae_loss_seen:316.6599 GZSL: seen=0.7321, unseen=0.1719, h=0.2784 ZSL: unseen accuracy=0.5000
[180/300]  Loss_D: -0.5878 Loss_G: 8.2299, Wasserstein_dist:0.8388, vae_loss_seen:344.5943 GZSL: seen=0.7730, unseen=0.1823, h=0.2950 ZSL: unseen accuracy=0.5000
[181/300]  Loss_D: -0.6109 Loss_G: 5.9654, Wasserstein_dist:0.8052, vae_loss_seen:323.0700 GZSL: seen=0.7015, unseen=0.1406, h=0.2343 ZSL: unseen accuracy=0.5000
[182/300]  Loss_D: -0.5881 Loss_G: 5.9773, Wasserstein_dist:0.7883, vae_loss_seen:324.0406 GZSL: seen=0.7361, unseen=0.1719, h=0.2787 ZSL: unseen accuracy=0.4531
[183/300]  Loss_D: -0.6067 Loss_G: 6.5838, Wasserstein_dist:0.8167, vae_loss_seen:326.7994 GZSL: seen=0.7134, unseen=0.1667, h=0.2702 ZSL: unseen accuracy=0.4844
[184/300]  Loss_D: -0.6669 Loss_G: 6.0926, Wasserstein_dist:0.8178, vae_loss_seen:318.3474 GZSL: seen=0.7238, unseen=0.1719, h=0.2778 ZSL: unseen accuracy=0.5104
[185/300]  Loss_D: -0.6505 Loss_G: 7.9602, Wasserstein_dist:0.8847, vae_loss_seen:338.4649 GZSL: seen=0.7857, unseen=0.1771, h=0.2890 ZSL: unseen accuracy=0.4948
[186/300]  Loss_D: -0.5663 Loss_G: 5.1618, Wasserstein_dist:0.7816, vae_loss_seen:316.8165 GZSL: seen=0.7937, unseen=0.1771, h=0.2896 ZSL: unseen accuracy=0.4792
[187/300]  Loss_D: -0.6637 Loss_G: 8.5062, Wasserstein_dist:0.8942, vae_loss_seen:354.6254 GZSL: seen=0.7202, unseen=0.1667, h=0.2707 ZSL: unseen accuracy=0.4844
[188/300]  Loss_D: -0.5953 Loss_G: 5.3832, Wasserstein_dist:0.7628, vae_loss_seen:317.7296 GZSL: seen=0.7659, unseen=0.1667, h=0.2738 ZSL: unseen accuracy=0.4896
[189/300]  Loss_D: -0.4657 Loss_G: 4.0509, Wasserstein_dist:0.5902, vae_loss_seen:302.2971 GZSL: seen=0.7806, unseen=0.1667, h=0.2747 ZSL: unseen accuracy=0.5000
[190/300]  Loss_D: -0.6019 Loss_G: 7.7504, Wasserstein_dist:0.7963, vae_loss_seen:339.9239 GZSL: seen=0.7063, unseen=0.1667, h=0.2697 ZSL: unseen accuracy=0.5000
[191/300]  Loss_D: -0.4733 Loss_G: 6.0025, Wasserstein_dist:0.6253, vae_loss_seen:315.4919 GZSL: seen=0.8353, unseen=0.1667, h=0.2779 ZSL: unseen accuracy=0.5104
[192/300]  Loss_D: -0.5237 Loss_G: 7.1731, Wasserstein_dist:0.6988, vae_loss_seen:332.2552 GZSL: seen=0.7798, unseen=0.1875, h=0.3023 ZSL: unseen accuracy=0.5000
[193/300]  Loss_D: -0.6133 Loss_G: 7.0168, Wasserstein_dist:0.8009, vae_loss_seen:334.6160 GZSL: seen=0.7187, unseen=0.3385, h=0.4603 ZSL: unseen accuracy=0.5104
[194/300]  Loss_D: -0.5180 Loss_G: 6.0491, Wasserstein_dist:0.6929, vae_loss_seen:307.4228 GZSL: seen=0.7908, unseen=0.1875, h=0.3031 ZSL: unseen accuracy=0.5052
[195/300]  Loss_D: -0.5282 Loss_G: 6.0054, Wasserstein_dist:0.6853, vae_loss_seen:319.0947 GZSL: seen=0.8810, unseen=0.1667, h=0.2803 ZSL: unseen accuracy=0.4948
[196/300]  Loss_D: -0.6156 Loss_G: 7.4421, Wasserstein_dist:0.8303, vae_loss_seen:334.4641 GZSL: seen=0.7540, unseen=0.1823, h=0.2936 ZSL: unseen accuracy=0.5052
[197/300]  Loss_D: -0.6507 Loss_G: 6.9065, Wasserstein_dist:0.8448, vae_loss_seen:334.5865 GZSL: seen=0.7491, unseen=0.1302, h=0.2219 ZSL: unseen accuracy=0.3490
[198/300]  Loss_D: -0.5561 Loss_G: 6.2874, Wasserstein_dist:0.7293, vae_loss_seen:326.3813 GZSL: seen=0.6845, unseen=0.1771, h=0.2814 ZSL: unseen accuracy=0.5052
[199/300]  Loss_D: -0.5863 Loss_G: 6.9346, Wasserstein_dist:0.7827, vae_loss_seen:325.4813 GZSL: seen=0.7540, unseen=0.1615, h=0.2660 ZSL: unseen accuracy=0.4688
[200/300]  Loss_D: -0.5700 Loss_G: 5.6406, Wasserstein_dist:0.7521, vae_loss_seen:324.3057 GZSL: seen=0.8044, unseen=0.1823, h=0.2972 ZSL: unseen accuracy=0.4896
[201/300]  Loss_D: -0.6024 Loss_G: 6.7427, Wasserstein_dist:0.7982, vae_loss_seen:328.4441 GZSL: seen=0.7698, unseen=0.1823, h=0.2948 ZSL: unseen accuracy=0.5156
[202/300]  Loss_D: -0.6137 Loss_G: 6.7418, Wasserstein_dist:0.7634, vae_loss_seen:333.2938 GZSL: seen=0.6948, unseen=0.1927, h=0.3017 ZSL: unseen accuracy=0.5052
[203/300]  Loss_D: -0.4901 Loss_G: 6.5776, Wasserstein_dist:0.6693, vae_loss_seen:321.2366 GZSL: seen=0.7937, unseen=0.3281, h=0.4643 ZSL: unseen accuracy=0.4531
[204/300]  Loss_D: -0.5712 Loss_G: 7.5766, Wasserstein_dist:0.7488, vae_loss_seen:333.3540 GZSL: seen=0.7321, unseen=0.1875, h=0.2985 ZSL: unseen accuracy=0.4948
[205/300]  Loss_D: -0.6139 Loss_G: 5.0103, Wasserstein_dist:0.8040, vae_loss_seen:305.8806 GZSL: seen=0.7361, unseen=0.1719, h=0.2787 ZSL: unseen accuracy=0.5000
[206/300]  Loss_D: -0.5460 Loss_G: 6.5493, Wasserstein_dist:0.6935, vae_loss_seen:312.6551 GZSL: seen=0.7500, unseen=0.1823, h=0.2933 ZSL: unseen accuracy=0.5052
[207/300]  Loss_D: -0.6651 Loss_G: 4.5221, Wasserstein_dist:0.9327, vae_loss_seen:315.5502 GZSL: seen=0.7841, unseen=0.1615, h=0.2678 ZSL: unseen accuracy=0.4427
[208/300]  Loss_D: -0.6425 Loss_G: 8.8890, Wasserstein_dist:0.8459, vae_loss_seen:344.9574 GZSL: seen=0.7321, unseen=0.1875, h=0.2985 ZSL: unseen accuracy=0.4219
[209/300]  Loss_D: -0.5250 Loss_G: 7.8835, Wasserstein_dist:0.7098, vae_loss_seen:337.9617 GZSL: seen=0.6786, unseen=0.1771, h=0.2809 ZSL: unseen accuracy=0.5052
[210/300]  Loss_D: -0.4643 Loss_G: 8.9391, Wasserstein_dist:0.6707, vae_loss_seen:346.8805 GZSL: seen=0.8060, unseen=0.1823, h=0.2973 ZSL: unseen accuracy=0.4896
[211/300]  Loss_D: -0.6311 Loss_G: 8.1637, Wasserstein_dist:0.7848, vae_loss_seen:334.5031 GZSL: seen=0.7440, unseen=0.1719, h=0.2792 ZSL: unseen accuracy=0.5052
[212/300]  Loss_D: -0.4793 Loss_G: 6.1813, Wasserstein_dist:0.6241, vae_loss_seen:325.6357 GZSL: seen=0.7698, unseen=0.1719, h=0.2810 ZSL: unseen accuracy=0.5000
[213/300]  Loss_D: -0.5453 Loss_G: 6.3203, Wasserstein_dist:0.7149, vae_loss_seen:324.6399 GZSL: seen=0.8393, unseen=0.1719, h=0.2853 ZSL: unseen accuracy=0.5000
[214/300]  Loss_D: -0.4931 Loss_G: 6.3046, Wasserstein_dist:0.6724, vae_loss_seen:320.5728 GZSL: seen=0.7937, unseen=0.1510, h=0.2538 ZSL: unseen accuracy=0.5000
[215/300]  Loss_D: -0.4370 Loss_G: 7.4655, Wasserstein_dist:0.5768, vae_loss_seen:327.2218 GZSL: seen=0.8591, unseen=0.1667, h=0.2792 ZSL: unseen accuracy=0.4948
[216/300]  Loss_D: -0.5035 Loss_G: 5.6825, Wasserstein_dist:0.6563, vae_loss_seen:312.7298 GZSL: seen=0.7749, unseen=0.1615, h=0.2672 ZSL: unseen accuracy=0.5052
[217/300]  Loss_D: -0.5425 Loss_G: 5.0405, Wasserstein_dist:0.6956, vae_loss_seen:310.7756 GZSL: seen=0.7670, unseen=0.1875, h=0.3013 ZSL: unseen accuracy=0.4635
[218/300]  Loss_D: -0.4312 Loss_G: 5.7492, Wasserstein_dist:0.5983, vae_loss_seen:316.6461 GZSL: seen=0.7063, unseen=0.3438, h=0.4624 ZSL: unseen accuracy=0.4948
[219/300]  Loss_D: -0.5405 Loss_G: 6.0331, Wasserstein_dist:0.7164, vae_loss_seen:320.3863 GZSL: seen=0.7063, unseen=0.1719, h=0.2765 ZSL: unseen accuracy=0.4740
[220/300]  Loss_D: -0.5256 Loss_G: 6.3153, Wasserstein_dist:0.7081, vae_loss_seen:315.0811 GZSL: seen=0.8143, unseen=0.1615, h=0.2695 ZSL: unseen accuracy=0.4375
[221/300]  Loss_D: -0.5757 Loss_G: 5.9229, Wasserstein_dist:0.7637, vae_loss_seen:317.4067 GZSL: seen=0.6925, unseen=0.1771, h=0.2820 ZSL: unseen accuracy=0.5052
[222/300]  Loss_D: -0.5137 Loss_G: 4.1732, Wasserstein_dist:0.6750, vae_loss_seen:290.0970 GZSL: seen=0.6786, unseen=0.1875, h=0.2938 ZSL: unseen accuracy=0.5000
[223/300]  Loss_D: -0.5496 Loss_G: 5.3605, Wasserstein_dist:0.7009, vae_loss_seen:313.1728 GZSL: seen=0.6865, unseen=0.1979, h=0.3073 ZSL: unseen accuracy=0.5000
[224/300]  Loss_D: -0.5670 Loss_G: 5.5618, Wasserstein_dist:0.7381, vae_loss_seen:317.5542 GZSL: seen=0.7273, unseen=0.1719, h=0.2780 ZSL: unseen accuracy=0.5000
[225/300]  Loss_D: -0.6070 Loss_G: 6.4131, Wasserstein_dist:0.8133, vae_loss_seen:327.8597 GZSL: seen=0.7202, unseen=0.1979, h=0.3105 ZSL: unseen accuracy=0.5000
[226/300]  Loss_D: -0.5996 Loss_G: 6.0201, Wasserstein_dist:0.7746, vae_loss_seen:316.4572 GZSL: seen=0.6913, unseen=0.1615, h=0.2618 ZSL: unseen accuracy=0.4896
[227/300]  Loss_D: -0.5913 Loss_G: 4.2729, Wasserstein_dist:0.7577, vae_loss_seen:304.4026 GZSL: seen=0.7357, unseen=0.1771, h=0.2855 ZSL: unseen accuracy=0.5104
[228/300]  Loss_D: -0.5668 Loss_G: 3.8388, Wasserstein_dist:0.7025, vae_loss_seen:289.9139 GZSL: seen=0.8115, unseen=0.1771, h=0.2907 ZSL: unseen accuracy=0.5000
[229/300]  Loss_D: -0.5498 Loss_G: 4.5875, Wasserstein_dist:0.7260, vae_loss_seen:305.8832 GZSL: seen=0.6806, unseen=0.2292, h=0.3429 ZSL: unseen accuracy=0.5000
[230/300]  Loss_D: -0.6035 Loss_G: 7.0140, Wasserstein_dist:0.8218, vae_loss_seen:323.9607 GZSL: seen=0.7163, unseen=0.2448, h=0.3649 ZSL: unseen accuracy=0.5156
[231/300]  Loss_D: -0.4808 Loss_G: 6.9475, Wasserstein_dist:0.7031, vae_loss_seen:329.9806 GZSL: seen=0.7302, unseen=0.1823, h=0.2917 ZSL: unseen accuracy=0.5000
[232/300]  Loss_D: -0.6203 Loss_G: 6.2992, Wasserstein_dist:0.8066, vae_loss_seen:324.1107 GZSL: seen=0.7917, unseen=0.3438, h=0.4794 ZSL: unseen accuracy=0.4792
[233/300]  Loss_D: -0.5418 Loss_G: 4.1039, Wasserstein_dist:0.6971, vae_loss_seen:304.6097 GZSL: seen=0.7222, unseen=0.1927, h=0.3042 ZSL: unseen accuracy=0.5052
[234/300]  Loss_D: -0.5762 Loss_G: 5.8928, Wasserstein_dist:0.7146, vae_loss_seen:320.0583 GZSL: seen=0.7798, unseen=0.1823, h=0.2955 ZSL: unseen accuracy=0.4896
[235/300]  Loss_D: -0.5169 Loss_G: 6.7467, Wasserstein_dist:0.6864, vae_loss_seen:328.3224 GZSL: seen=0.7341, unseen=0.1823, h=0.2921 ZSL: unseen accuracy=0.4844
[236/300]  Loss_D: -0.6341 Loss_G: 6.0128, Wasserstein_dist:0.8079, vae_loss_seen:318.2853 GZSL: seen=0.6615, unseen=0.1823, h=0.2858 ZSL: unseen accuracy=0.4635
[237/300]  Loss_D: -0.5292 Loss_G: 7.9593, Wasserstein_dist:0.7687, vae_loss_seen:335.6378 GZSL: seen=0.7381, unseen=0.3542, h=0.4787 ZSL: unseen accuracy=0.4427
[238/300]  Loss_D: -0.5751 Loss_G: 7.3065, Wasserstein_dist:0.7812, vae_loss_seen:328.4247 GZSL: seen=0.7440, unseen=0.1823, h=0.2928 ZSL: unseen accuracy=0.5052
[239/300]  Loss_D: -0.5760 Loss_G: 4.8352, Wasserstein_dist:0.7095, vae_loss_seen:310.3718 GZSL: seen=0.8294, unseen=0.0677, h=0.1252 ZSL: unseen accuracy=0.4896
[240/300]  Loss_D: -0.5491 Loss_G: 6.2640, Wasserstein_dist:0.6904, vae_loss_seen:319.1275 GZSL: seen=0.6774, unseen=0.1823, h=0.2873 ZSL: unseen accuracy=0.5052
[241/300]  Loss_D: -0.5713 Loss_G: 7.0397, Wasserstein_dist:0.7808, vae_loss_seen:330.9806 GZSL: seen=0.7143, unseen=0.1719, h=0.2771 ZSL: unseen accuracy=0.5000
[242/300]  Loss_D: -0.5585 Loss_G: 6.8744, Wasserstein_dist:0.7492, vae_loss_seen:326.1947 GZSL: seen=0.7718, unseen=0.1823, h=0.2949 ZSL: unseen accuracy=0.4688
[243/300]  Loss_D: -0.5362 Loss_G: 6.2921, Wasserstein_dist:0.6972, vae_loss_seen:330.0032 GZSL: seen=0.7222, unseen=0.3385, h=0.4610 ZSL: unseen accuracy=0.4583
[244/300]  Loss_D: -0.5955 Loss_G: 7.7024, Wasserstein_dist:0.7762, vae_loss_seen:327.1879 GZSL: seen=0.7563, unseen=0.2552, h=0.3816 ZSL: unseen accuracy=0.4635
[245/300]  Loss_D: -0.5553 Loss_G: 6.1014, Wasserstein_dist:0.7054, vae_loss_seen:319.6342 GZSL: seen=0.7063, unseen=0.2865, h=0.4076 ZSL: unseen accuracy=0.5104
[246/300]  Loss_D: -0.6489 Loss_G: 6.4301, Wasserstein_dist:0.8244, vae_loss_seen:321.3414 GZSL: seen=0.8095, unseen=0.1823, h=0.2976 ZSL: unseen accuracy=0.4948
[247/300]  Loss_D: -0.6536 Loss_G: 4.3888, Wasserstein_dist:0.8127, vae_loss_seen:304.7366 GZSL: seen=0.8016, unseen=0.1823, h=0.2970 ZSL: unseen accuracy=0.4115
[248/300]  Loss_D: -0.6397 Loss_G: 6.3128, Wasserstein_dist:0.7876, vae_loss_seen:331.5155 GZSL: seen=0.7226, unseen=0.1875, h=0.2977 ZSL: unseen accuracy=0.4792
[249/300]  Loss_D: -0.5434 Loss_G: 5.3927, Wasserstein_dist:0.7060, vae_loss_seen:319.1375 GZSL: seen=0.7798, unseen=0.1771, h=0.2886 ZSL: unseen accuracy=0.5104
[250/300]  Loss_D: -0.5824 Loss_G: 5.4514, Wasserstein_dist:0.7280, vae_loss_seen:312.1226 GZSL: seen=0.7460, unseen=0.3490, h=0.4755 ZSL: unseen accuracy=0.4583
[251/300]  Loss_D: -0.6374 Loss_G: 5.6037, Wasserstein_dist:0.8384, vae_loss_seen:316.7253 GZSL: seen=0.6925, unseen=0.1927, h=0.3015 ZSL: unseen accuracy=0.3906
[252/300]  Loss_D: -0.4981 Loss_G: 3.8964, Wasserstein_dist:0.6381, vae_loss_seen:298.8718 GZSL: seen=0.7143, unseen=0.3490, h=0.4689 ZSL: unseen accuracy=0.4323
[253/300]  Loss_D: -0.6276 Loss_G: 4.0015, Wasserstein_dist:0.7905, vae_loss_seen:291.4067 GZSL: seen=0.6667, unseen=0.1875, h=0.2927 ZSL: unseen accuracy=0.4792
[254/300]  Loss_D: -0.6111 Loss_G: 3.3069, Wasserstein_dist:0.7903, vae_loss_seen:294.3571 GZSL: seen=0.7560, unseen=0.3438, h=0.4726 ZSL: unseen accuracy=0.4115
[255/300]  Loss_D: -0.6156 Loss_G: 3.9737, Wasserstein_dist:0.8070, vae_loss_seen:304.9218 GZSL: seen=0.8548, unseen=0.1771, h=0.2934 ZSL: unseen accuracy=0.5156
[256/300]  Loss_D: -0.6249 Loss_G: 4.7806, Wasserstein_dist:0.7575, vae_loss_seen:315.2302 GZSL: seen=0.7996, unseen=0.1823, h=0.2969 ZSL: unseen accuracy=0.5000
[257/300]  Loss_D: -0.5445 Loss_G: 6.6526, Wasserstein_dist:0.6812, vae_loss_seen:323.2330 GZSL: seen=0.8484, unseen=0.1719, h=0.2858 ZSL: unseen accuracy=0.4896
[258/300]  Loss_D: -0.4525 Loss_G: 5.1151, Wasserstein_dist:0.5633, vae_loss_seen:299.5715 GZSL: seen=0.8929, unseen=0.1719, h=0.2883 ZSL: unseen accuracy=0.4948
[259/300]  Loss_D: -0.5205 Loss_G: 3.1083, Wasserstein_dist:0.6821, vae_loss_seen:287.3304 GZSL: seen=0.7460, unseen=0.1927, h=0.3063 ZSL: unseen accuracy=0.4740
[260/300]  Loss_D: -0.4630 Loss_G: 3.5257, Wasserstein_dist:0.6118, vae_loss_seen:293.4202 GZSL: seen=0.6825, unseen=0.1875, h=0.2942 ZSL: unseen accuracy=0.5052
[261/300]  Loss_D: -0.6715 Loss_G: 6.8257, Wasserstein_dist:0.8306, vae_loss_seen:339.0198 GZSL: seen=0.6925, unseen=0.1979, h=0.3078 ZSL: unseen accuracy=0.4948
[262/300]  Loss_D: -0.5088 Loss_G: 5.3468, Wasserstein_dist:0.6755, vae_loss_seen:305.8195 GZSL: seen=0.7976, unseen=0.1771, h=0.2898 ZSL: unseen accuracy=0.4688
[263/300]  Loss_D: -0.5112 Loss_G: 4.3413, Wasserstein_dist:0.6699, vae_loss_seen:305.0912 GZSL: seen=0.7202, unseen=0.1875, h=0.2975 ZSL: unseen accuracy=0.4792
[264/300]  Loss_D: -0.5245 Loss_G: 3.8513, Wasserstein_dist:0.6667, vae_loss_seen:298.9831 GZSL: seen=0.7869, unseen=0.1823, h=0.2960 ZSL: unseen accuracy=0.3958
[265/300]  Loss_D: -0.5542 Loss_G: 6.8349, Wasserstein_dist:0.7353, vae_loss_seen:321.4030 GZSL: seen=0.8353, unseen=0.1667, h=0.2779 ZSL: unseen accuracy=0.4792
[266/300]  Loss_D: -0.5416 Loss_G: 7.1382, Wasserstein_dist:0.7442, vae_loss_seen:330.1761 GZSL: seen=0.7619, unseen=0.1927, h=0.3076 ZSL: unseen accuracy=0.4115
[267/300]  Loss_D: -0.5054 Loss_G: 6.0053, Wasserstein_dist:0.6535, vae_loss_seen:309.7314 GZSL: seen=0.7798, unseen=0.1979, h=0.3157 ZSL: unseen accuracy=0.4010
[268/300]  Loss_D: -0.4221 Loss_G: 4.2631, Wasserstein_dist:0.5505, vae_loss_seen:295.7565 GZSL: seen=0.7226, unseen=0.1719, h=0.2777 ZSL: unseen accuracy=0.5104
[269/300]  Loss_D: -0.5403 Loss_G: 6.6186, Wasserstein_dist:0.7244, vae_loss_seen:328.9000 GZSL: seen=0.7798, unseen=0.2031, h=0.3223 ZSL: unseen accuracy=0.5000
[270/300]  Loss_D: -0.5863 Loss_G: 7.5154, Wasserstein_dist:0.8125, vae_loss_seen:330.1440 GZSL: seen=0.7183, unseen=0.1771, h=0.2841 ZSL: unseen accuracy=0.3594
[271/300]  Loss_D: -0.4919 Loss_G: 4.4711, Wasserstein_dist:0.6372, vae_loss_seen:304.5136 GZSL: seen=0.7500, unseen=0.1823, h=0.2933 ZSL: unseen accuracy=0.5104
[272/300]  Loss_D: -0.5126 Loss_G: 5.4631, Wasserstein_dist:0.6735, vae_loss_seen:311.8084 GZSL: seen=0.7321, unseen=0.1927, h=0.3051 ZSL: unseen accuracy=0.4792
[273/300]  Loss_D: -0.4665 Loss_G: 4.7994, Wasserstein_dist:0.6218, vae_loss_seen:305.9959 GZSL: seen=0.7718, unseen=0.1875, h=0.3017 ZSL: unseen accuracy=0.4427
[274/300]  Loss_D: -0.6459 Loss_G: 4.1869, Wasserstein_dist:0.8335, vae_loss_seen:315.0525 GZSL: seen=0.6925, unseen=0.2344, h=0.3502 ZSL: unseen accuracy=0.5052
[275/300]  Loss_D: -0.5196 Loss_G: 5.3396, Wasserstein_dist:0.6928, vae_loss_seen:315.5339 GZSL: seen=0.7163, unseen=0.2083, h=0.3228 ZSL: unseen accuracy=0.3542
[276/300]  Loss_D: -0.5580 Loss_G: 6.0854, Wasserstein_dist:0.7024, vae_loss_seen:319.9758 GZSL: seen=0.7877, unseen=0.1771, h=0.2892 ZSL: unseen accuracy=0.5000
[277/300]  Loss_D: -0.5366 Loss_G: 5.4908, Wasserstein_dist:0.6880, vae_loss_seen:317.9745 GZSL: seen=0.7282, unseen=0.2240, h=0.3426 ZSL: unseen accuracy=0.4948
[278/300]  Loss_D: -0.4426 Loss_G: 5.7424, Wasserstein_dist:0.5949, vae_loss_seen:316.1561 GZSL: seen=0.7440, unseen=0.3490, h=0.4751 ZSL: unseen accuracy=0.4948
[279/300]  Loss_D: -0.5897 Loss_G: 7.2935, Wasserstein_dist:0.7495, vae_loss_seen:328.3957 GZSL: seen=0.7321, unseen=0.1875, h=0.2985 ZSL: unseen accuracy=0.3542
[280/300]  Loss_D: -0.5434 Loss_G: 4.8535, Wasserstein_dist:0.6954, vae_loss_seen:306.8804 GZSL: seen=0.7877, unseen=0.1875, h=0.3029 ZSL: unseen accuracy=0.4792
[281/300]  Loss_D: -0.5173 Loss_G: 5.8029, Wasserstein_dist:0.6964, vae_loss_seen:316.8008 GZSL: seen=0.6766, unseen=0.1771, h=0.2807 ZSL: unseen accuracy=0.3854
[282/300]  Loss_D: -0.4272 Loss_G: 4.6984, Wasserstein_dist:0.5921, vae_loss_seen:301.1267 GZSL: seen=0.7202, unseen=0.1927, h=0.3041 ZSL: unseen accuracy=0.5052
[283/300]  Loss_D: -0.5315 Loss_G: 5.3697, Wasserstein_dist:0.6917, vae_loss_seen:319.5420 GZSL: seen=0.7440, unseen=0.1771, h=0.2861 ZSL: unseen accuracy=0.5052
[284/300]  Loss_D: -0.5633 Loss_G: 4.5103, Wasserstein_dist:0.6781, vae_loss_seen:307.4059 GZSL: seen=0.8298, unseen=0.1927, h=0.3128 ZSL: unseen accuracy=0.5156
[285/300]  Loss_D: -0.5377 Loss_G: 4.4502, Wasserstein_dist:0.6896, vae_loss_seen:306.9420 GZSL: seen=0.7437, unseen=0.1927, h=0.3061 ZSL: unseen accuracy=0.5052
[286/300]  Loss_D: -0.5067 Loss_G: 4.8641, Wasserstein_dist:0.6780, vae_loss_seen:310.5776 GZSL: seen=0.6802, unseen=0.1771, h=0.2810 ZSL: unseen accuracy=0.4792
[287/300]  Loss_D: -0.5193 Loss_G: 5.5138, Wasserstein_dist:0.6881, vae_loss_seen:322.2218 GZSL: seen=0.8194, unseen=0.3438, h=0.4843 ZSL: unseen accuracy=0.4167
[288/300]  Loss_D: -0.5068 Loss_G: 7.3002, Wasserstein_dist:0.7365, vae_loss_seen:328.9568 GZSL: seen=0.6905, unseen=0.1823, h=0.2884 ZSL: unseen accuracy=0.5052
[289/300]  Loss_D: -0.4895 Loss_G: 5.6224, Wasserstein_dist:0.6759, vae_loss_seen:316.1006 GZSL: seen=0.8571, unseen=0.1771, h=0.2935 ZSL: unseen accuracy=0.5156
[290/300]  Loss_D: -0.5669 Loss_G: 5.4584, Wasserstein_dist:0.7659, vae_loss_seen:307.6159 GZSL: seen=0.7619, unseen=0.1927, h=0.3076 ZSL: unseen accuracy=0.4479
[291/300]  Loss_D: -0.5230 Loss_G: 3.0483, Wasserstein_dist:0.6606, vae_loss_seen:284.7459 GZSL: seen=0.7619, unseen=0.1823, h=0.2942 ZSL: unseen accuracy=0.3646
[292/300]  Loss_D: -0.5543 Loss_G: 6.0191, Wasserstein_dist:0.7518, vae_loss_seen:315.3858 GZSL: seen=0.7310, unseen=0.3542, h=0.4771 ZSL: unseen accuracy=0.4427
[293/300]  Loss_D: -0.5760 Loss_G: 3.5137, Wasserstein_dist:0.7037, vae_loss_seen:293.4116 GZSL: seen=0.7937, unseen=0.3021, h=0.4376 ZSL: unseen accuracy=0.3958
[294/300]  Loss_D: -0.4967 Loss_G: 5.0612, Wasserstein_dist:0.6980, vae_loss_seen:303.2642 GZSL: seen=0.7679, unseen=0.3542, h=0.4847 ZSL: unseen accuracy=0.4844
[295/300]  Loss_D: -0.4205 Loss_G: 4.7431, Wasserstein_dist:0.5286, vae_loss_seen:301.3683 GZSL: seen=0.7631, unseen=0.1354, h=0.2300 ZSL: unseen accuracy=0.5104
[296/300]  Loss_D: -0.5991 Loss_G: 6.1677, Wasserstein_dist:0.7752, vae_loss_seen:322.1728 GZSL: seen=0.7500, unseen=0.1927, h=0.3066 ZSL: unseen accuracy=0.5052
[297/300]  Loss_D: -0.4402 Loss_G: 4.2398, Wasserstein_dist:0.5887, vae_loss_seen:305.0907 GZSL: seen=0.8774, unseen=0.1823, h=0.3019 ZSL: unseen accuracy=0.4792
[298/300]  Loss_D: -0.5778 Loss_G: 3.8305, Wasserstein_dist:0.7132, vae_loss_seen:303.2931 GZSL: seen=0.7579, unseen=0.1927, h=0.3073 ZSL: unseen accuracy=0.5104
[299/300]  Loss_D: -0.5331 Loss_G: 3.4123, Wasserstein_dist:0.6700, vae_loss_seen:293.2330 GZSL: seen=0.7222, unseen=0.3490, h=0.4706 ZSL: unseen accuracy=0.4583
Dataset RADAR
the best ZSL unseen accuracy is 0.6875
Dataset RADAR
the best GZSL seen accuracy is 0.7689909297052155
the best GZSL unseen accuracy is 0.4270833333333333
the best GZSL H is 0.5491685921361851
