Random Seed:  3407
# of training samples:  538
Encoder(
  (fc1): Linear(in_features=1324, out_features=4096, bias=True)
  (fc3): Linear(in_features=4096, out_features=600, bias=True)
  (lrelu): LeakyReLU(0.2, inplace)
  (linear_means): Linear(in_features=600, out_features=300, bias=True)
  (linear_log_var): Linear(in_features=600, out_features=300, bias=True)
)
Generator(
  (fc1): Linear(in_features=600, out_features=4096, bias=True)
  (fc3): Linear(in_features=4096, out_features=1024, bias=True)
  (lrelu): LeakyReLU(0.2, inplace)
  (sigmoid): Sigmoid()
)
Discriminator_D1(
  (fc1): Linear(in_features=1324, out_features=4096, bias=True)
  (fc2): Linear(in_features=4096, out_features=1, bias=True)
  (lrelu): LeakyReLU(0.2, inplace)
)
Feedback(
  (fc1): Linear(in_features=4096, out_features=4096, bias=True)
  (fc2): Linear(in_features=4096, out_features=4096, bias=True)
  (lrelu): LeakyReLU(0.2, inplace)
)
AttDec(
  (fc1): Linear(in_features=1024, out_features=4096, bias=True)
  (fc3): Linear(in_features=4096, out_features=300, bias=True)
  (lrelu): LeakyReLU(0.2, inplace)
)
[0/300]  Loss_D: -10.6484 Loss_G: 0.3660, Wasserstein_dist:13.8545, vae_loss_seen:471.1915 GZSL: seen=0.9187, unseen=0.2708, h=0.4183 ZSL: unseen accuracy=0.5469
[1/300]  Loss_D: -6.9528 Loss_G: -4.2293, Wasserstein_dist:9.3659, vae_loss_seen:377.6871 GZSL: seen=0.9206, unseen=0.2083, h=0.3398 ZSL: unseen accuracy=0.5312
[2/300]  Loss_D: -3.2409 Loss_G: -7.1582, Wasserstein_dist:4.2946, vae_loss_seen:315.7816 GZSL: seen=0.8452, unseen=0.2917, h=0.4337 ZSL: unseen accuracy=0.5417
[3/300]  Loss_D: -2.3789 Loss_G: -6.9713, Wasserstein_dist:3.1007, vae_loss_seen:308.2051 GZSL: seen=0.8234, unseen=0.2917, h=0.4308 ZSL: unseen accuracy=0.5573
[4/300]  Loss_D: -1.7810 Loss_G: -8.3026, Wasserstein_dist:2.2360, vae_loss_seen:290.7662 GZSL: seen=0.8869, unseen=0.2448, h=0.3837 ZSL: unseen accuracy=0.5729
[5/300]  Loss_D: -1.9342 Loss_G: -8.9615, Wasserstein_dist:2.3256, vae_loss_seen:302.3196 GZSL: seen=0.8869, unseen=0.2760, h=0.4210 ZSL: unseen accuracy=0.5885
[6/300]  Loss_D: -1.4218 Loss_G: -7.2133, Wasserstein_dist:1.7404, vae_loss_seen:288.8920 GZSL: seen=0.8611, unseen=0.2708, h=0.4121 ZSL: unseen accuracy=0.5208
[7/300]  Loss_D: -1.6980 Loss_G: -7.4187, Wasserstein_dist:1.9692, vae_loss_seen:286.9781 GZSL: seen=0.8571, unseen=0.2604, h=0.3995 ZSL: unseen accuracy=0.5677
[8/300]  Loss_D: -1.6174 Loss_G: -9.3284, Wasserstein_dist:1.8763, vae_loss_seen:286.2646 GZSL: seen=0.7627, unseen=0.2552, h=0.3824 ZSL: unseen accuracy=0.5469
[9/300]  Loss_D: -1.4672 Loss_G: -8.9443, Wasserstein_dist:1.7097, vae_loss_seen:288.6300 GZSL: seen=0.8333, unseen=0.2969, h=0.4378 ZSL: unseen accuracy=0.5260
[10/300]  Loss_D: -1.4031 Loss_G: -7.5720, Wasserstein_dist:1.6278, vae_loss_seen:281.0573 GZSL: seen=0.8353, unseen=0.2135, h=0.3401 ZSL: unseen accuracy=0.5885
[11/300]  Loss_D: -1.0227 Loss_G: -6.7908, Wasserstein_dist:1.2996, vae_loss_seen:279.8821 GZSL: seen=0.7849, unseen=0.2240, h=0.3485 ZSL: unseen accuracy=0.5260
[12/300]  Loss_D: -1.1738 Loss_G: -6.9571, Wasserstein_dist:1.4061, vae_loss_seen:272.8330 GZSL: seen=0.8234, unseen=0.2344, h=0.3649 ZSL: unseen accuracy=0.5260
[13/300]  Loss_D: -1.2318 Loss_G: -7.6827, Wasserstein_dist:1.4422, vae_loss_seen:280.8234 GZSL: seen=0.7917, unseen=0.2240, h=0.3491 ZSL: unseen accuracy=0.5156
[14/300]  Loss_D: -1.3387 Loss_G: -6.5920, Wasserstein_dist:1.5651, vae_loss_seen:276.7423 GZSL: seen=0.8135, unseen=0.1979, h=0.3184 ZSL: unseen accuracy=0.4635
[15/300]  Loss_D: -1.1716 Loss_G: -6.9867, Wasserstein_dist:1.4527, vae_loss_seen:282.4457 GZSL: seen=0.7298, unseen=0.2292, h=0.3488 ZSL: unseen accuracy=0.4792
[16/300]  Loss_D: -1.3605 Loss_G: -9.1046, Wasserstein_dist:1.6004, vae_loss_seen:267.5175 GZSL: seen=0.7758, unseen=0.2135, h=0.3349 ZSL: unseen accuracy=0.4948
[17/300]  Loss_D: -0.9575 Loss_G: -5.7769, Wasserstein_dist:1.1610, vae_loss_seen:272.0013 GZSL: seen=0.7579, unseen=0.1875, h=0.3006 ZSL: unseen accuracy=0.4583
[18/300]  Loss_D: -1.1907 Loss_G: -7.7665, Wasserstein_dist:1.4291, vae_loss_seen:271.7671 GZSL: seen=0.8274, unseen=0.1823, h=0.2988 ZSL: unseen accuracy=0.3594
[19/300]  Loss_D: -0.9577 Loss_G: -5.8639, Wasserstein_dist:1.2399, vae_loss_seen:278.6948 GZSL: seen=0.7222, unseen=0.1615, h=0.2639 ZSL: unseen accuracy=0.4062
[20/300]  Loss_D: -0.8183 Loss_G: -0.7351, Wasserstein_dist:1.0688, vae_loss_seen:276.3678 GZSL: seen=0.7222, unseen=0.1875, h=0.2977 ZSL: unseen accuracy=0.3646
[21/300]  Loss_D: -0.9928 Loss_G: -5.6839, Wasserstein_dist:1.1953, vae_loss_seen:255.8209 GZSL: seen=0.8333, unseen=0.1615, h=0.2705 ZSL: unseen accuracy=0.4948
[22/300]  Loss_D: -0.9809 Loss_G: -3.6902, Wasserstein_dist:1.1810, vae_loss_seen:264.8312 GZSL: seen=0.7837, unseen=0.1458, h=0.2459 ZSL: unseen accuracy=0.4115
[23/300]  Loss_D: -0.8565 Loss_G: -3.0829, Wasserstein_dist:1.0383, vae_loss_seen:277.2892 GZSL: seen=0.8433, unseen=0.1719, h=0.2855 ZSL: unseen accuracy=0.3490
[24/300]  Loss_D: -0.9249 Loss_G: -1.3784, Wasserstein_dist:1.1015, vae_loss_seen:265.1263 GZSL: seen=0.8472, unseen=0.1562, h=0.2638 ZSL: unseen accuracy=0.4688
[25/300]  Loss_D: -0.7599 Loss_G: -2.1458, Wasserstein_dist:0.9695, vae_loss_seen:269.0602 GZSL: seen=0.9218, unseen=0.1615, h=0.2748 ZSL: unseen accuracy=0.4427
[26/300]  Loss_D: -0.8097 Loss_G: -1.4820, Wasserstein_dist:1.0172, vae_loss_seen:273.8549 GZSL: seen=0.8869, unseen=0.1510, h=0.2581 ZSL: unseen accuracy=0.4583
[27/300]  Loss_D: -0.8628 Loss_G: -1.9274, Wasserstein_dist:1.1040, vae_loss_seen:269.3234 GZSL: seen=0.8622, unseen=0.1458, h=0.2495 ZSL: unseen accuracy=0.4948
[28/300]  Loss_D: -0.6773 Loss_G: -0.9136, Wasserstein_dist:0.8746, vae_loss_seen:263.9860 GZSL: seen=0.8690, unseen=0.1510, h=0.2574 ZSL: unseen accuracy=0.3698
[29/300]  Loss_D: -0.9966 Loss_G: -3.2260, Wasserstein_dist:1.1554, vae_loss_seen:261.8030 GZSL: seen=0.7063, unseen=0.1562, h=0.2559 ZSL: unseen accuracy=0.3281
[30/300]  Loss_D: -0.7967 Loss_G: 1.3238, Wasserstein_dist:1.0591, vae_loss_seen:275.2700 GZSL: seen=0.8512, unseen=0.1562, h=0.2640 ZSL: unseen accuracy=0.2917
[31/300]  Loss_D: -1.0061 Loss_G: -5.7259, Wasserstein_dist:1.1678, vae_loss_seen:266.0381 GZSL: seen=0.8909, unseen=0.1458, h=0.2506 ZSL: unseen accuracy=0.3854
[32/300]  Loss_D: -0.7672 Loss_G: -3.3801, Wasserstein_dist:0.9768, vae_loss_seen:267.5623 GZSL: seen=0.8810, unseen=0.1458, h=0.2502 ZSL: unseen accuracy=0.3438
[33/300]  Loss_D: -0.7005 Loss_G: -1.2365, Wasserstein_dist:0.8527, vae_loss_seen:267.4674 GZSL: seen=0.7560, unseen=0.1615, h=0.2661 ZSL: unseen accuracy=0.3385
[34/300]  Loss_D: -0.5747 Loss_G: -2.0642, Wasserstein_dist:0.7098, vae_loss_seen:265.3168 GZSL: seen=0.8877, unseen=0.1562, h=0.2657 ZSL: unseen accuracy=0.3385
[35/300]  Loss_D: -0.6928 Loss_G: 0.9274, Wasserstein_dist:0.9830, vae_loss_seen:260.9162 GZSL: seen=0.9048, unseen=0.1510, h=0.2589 ZSL: unseen accuracy=0.2760
[36/300]  Loss_D: -0.7106 Loss_G: -4.3619, Wasserstein_dist:0.8892, vae_loss_seen:260.9912 GZSL: seen=0.8520, unseen=0.1146, h=0.2020 ZSL: unseen accuracy=0.3333
[37/300]  Loss_D: -0.7655 Loss_G: -1.9887, Wasserstein_dist:0.9423, vae_loss_seen:262.9564 GZSL: seen=0.8234, unseen=0.1562, h=0.2627 ZSL: unseen accuracy=0.3229
[38/300]  Loss_D: -0.8245 Loss_G: -1.0521, Wasserstein_dist:1.0717, vae_loss_seen:267.9981 GZSL: seen=0.6984, unseen=0.1406, h=0.2341 ZSL: unseen accuracy=0.4115
[39/300]  Loss_D: -0.7587 Loss_G: 0.2652, Wasserstein_dist:1.0018, vae_loss_seen:267.7572 GZSL: seen=0.7897, unseen=0.1562, h=0.2609 ZSL: unseen accuracy=0.4115
[40/300]  Loss_D: -0.7289 Loss_G: -5.2350, Wasserstein_dist:0.9108, vae_loss_seen:264.6320 GZSL: seen=0.8393, unseen=0.1615, h=0.2708 ZSL: unseen accuracy=0.4323
[41/300]  Loss_D: -0.7101 Loss_G: 2.5816, Wasserstein_dist:0.9827, vae_loss_seen:269.0293 GZSL: seen=0.9067, unseen=0.0573, h=0.1078 ZSL: unseen accuracy=0.4635
[42/300]  Loss_D: -0.8822 Loss_G: -2.9512, Wasserstein_dist:1.0469, vae_loss_seen:266.8107 GZSL: seen=0.8810, unseen=0.0312, h=0.0604 ZSL: unseen accuracy=0.2448
[43/300]  Loss_D: -0.6661 Loss_G: -1.6339, Wasserstein_dist:0.8811, vae_loss_seen:268.4457 GZSL: seen=0.8480, unseen=0.1667, h=0.2786 ZSL: unseen accuracy=0.3594
[44/300]  Loss_D: -0.8956 Loss_G: -4.5791, Wasserstein_dist:1.1237, vae_loss_seen:267.8279 GZSL: seen=0.8988, unseen=0.1510, h=0.2586 ZSL: unseen accuracy=0.3646
[45/300]  Loss_D: -0.6897 Loss_G: -0.7190, Wasserstein_dist:0.8464, vae_loss_seen:261.4670 GZSL: seen=0.8095, unseen=0.1562, h=0.2619 ZSL: unseen accuracy=0.3646
[46/300]  Loss_D: -0.6402 Loss_G: -2.6022, Wasserstein_dist:0.8061, vae_loss_seen:264.7396 GZSL: seen=0.7650, unseen=0.1771, h=0.2876 ZSL: unseen accuracy=0.4948
[47/300]  Loss_D: -0.8616 Loss_G: -2.8981, Wasserstein_dist:1.0364, vae_loss_seen:257.2030 GZSL: seen=0.7857, unseen=0.1719, h=0.2821 ZSL: unseen accuracy=0.4167
[48/300]  Loss_D: -0.9313 Loss_G: -5.2197, Wasserstein_dist:1.2066, vae_loss_seen:258.6989 GZSL: seen=0.8552, unseen=0.1458, h=0.2492 ZSL: unseen accuracy=0.4479
[49/300]  Loss_D: -0.6438 Loss_G: -2.5743, Wasserstein_dist:0.8285, vae_loss_seen:259.5446 GZSL: seen=0.7516, unseen=0.1302, h=0.2220 ZSL: unseen accuracy=0.3438
[50/300]  Loss_D: -0.7072 Loss_G: 0.0956, Wasserstein_dist:0.9671, vae_loss_seen:259.3024 GZSL: seen=0.7599, unseen=0.1823, h=0.2940 ZSL: unseen accuracy=0.4062
[51/300]  Loss_D: -0.7525 Loss_G: 2.2894, Wasserstein_dist:1.0923, vae_loss_seen:268.9273 GZSL: seen=0.7937, unseen=0.0677, h=0.1248 ZSL: unseen accuracy=0.4844
[52/300]  Loss_D: -0.7860 Loss_G: -1.8140, Wasserstein_dist:1.0100, vae_loss_seen:262.3374 GZSL: seen=0.8126, unseen=0.1719, h=0.2837 ZSL: unseen accuracy=0.4167
[53/300]  Loss_D: -0.8293 Loss_G: -1.7333, Wasserstein_dist:1.0192, vae_loss_seen:262.5948 GZSL: seen=0.8313, unseen=0.1667, h=0.2777 ZSL: unseen accuracy=0.4010
[54/300]  Loss_D: -0.6309 Loss_G: 0.5153, Wasserstein_dist:0.8599, vae_loss_seen:266.5744 GZSL: seen=0.7749, unseen=0.1615, h=0.2672 ZSL: unseen accuracy=0.4271
[55/300]  Loss_D: -0.5085 Loss_G: -4.3238, Wasserstein_dist:0.6353, vae_loss_seen:253.5220 GZSL: seen=0.7630, unseen=0.1719, h=0.2806 ZSL: unseen accuracy=0.4167
[56/300]  Loss_D: -0.8403 Loss_G: -9.1545, Wasserstein_dist:1.0376, vae_loss_seen:248.0346 GZSL: seen=0.7778, unseen=0.1771, h=0.2885 ZSL: unseen accuracy=0.4167
[57/300]  Loss_D: -0.8867 Loss_G: -0.0676, Wasserstein_dist:1.1317, vae_loss_seen:265.4667 GZSL: seen=0.9107, unseen=0.1719, h=0.2892 ZSL: unseen accuracy=0.4844
[58/300]  Loss_D: -0.8372 Loss_G: -0.8552, Wasserstein_dist:1.0444, vae_loss_seen:262.0445 GZSL: seen=0.8603, unseen=0.1042, h=0.1858 ZSL: unseen accuracy=0.4115
[59/300]  Loss_D: -0.5592 Loss_G: -3.1609, Wasserstein_dist:0.7516, vae_loss_seen:247.9972 GZSL: seen=0.7738, unseen=0.1354, h=0.2305 ZSL: unseen accuracy=0.4271
[60/300]  Loss_D: -0.6962 Loss_G: 0.7349, Wasserstein_dist:0.9224, vae_loss_seen:259.5393 GZSL: seen=0.8810, unseen=0.1458, h=0.2502 ZSL: unseen accuracy=0.4844
[61/300]  Loss_D: -0.7303 Loss_G: -1.1072, Wasserstein_dist:0.9170, vae_loss_seen:264.6788 GZSL: seen=0.8619, unseen=0.1458, h=0.2495 ZSL: unseen accuracy=0.3021
[62/300]  Loss_D: -0.7558 Loss_G: 1.6643, Wasserstein_dist:0.9397, vae_loss_seen:268.9823 GZSL: seen=0.8571, unseen=0.1667, h=0.2791 ZSL: unseen accuracy=0.5052
[63/300]  Loss_D: -0.6557 Loss_G: 0.8328, Wasserstein_dist:0.9985, vae_loss_seen:262.8575 GZSL: seen=0.8750, unseen=0.1562, h=0.2652 ZSL: unseen accuracy=0.3958
[64/300]  Loss_D: -0.7613 Loss_G: -0.0684, Wasserstein_dist:1.0798, vae_loss_seen:261.9607 GZSL: seen=0.9187, unseen=0.1667, h=0.2821 ZSL: unseen accuracy=0.5000
[65/300]  Loss_D: -0.8075 Loss_G: -2.8017, Wasserstein_dist:0.9856, vae_loss_seen:258.4729 GZSL: seen=0.7321, unseen=0.1823, h=0.2919 ZSL: unseen accuracy=0.5000
[66/300]  Loss_D: -0.6700 Loss_G: -1.5691, Wasserstein_dist:0.8960, vae_loss_seen:258.9020 GZSL: seen=0.9107, unseen=0.1719, h=0.2892 ZSL: unseen accuracy=0.4531
[67/300]  Loss_D: -0.5507 Loss_G: -2.1494, Wasserstein_dist:0.7096, vae_loss_seen:254.6654 GZSL: seen=0.8433, unseen=0.1771, h=0.2927 ZSL: unseen accuracy=0.4792
[68/300]  Loss_D: -0.8965 Loss_G: 0.3931, Wasserstein_dist:1.1393, vae_loss_seen:268.5450 GZSL: seen=0.7837, unseen=0.1667, h=0.2749 ZSL: unseen accuracy=0.3958
[69/300]  Loss_D: -0.5748 Loss_G: -3.9791, Wasserstein_dist:0.7064, vae_loss_seen:257.2903 GZSL: seen=0.7579, unseen=0.1615, h=0.2662 ZSL: unseen accuracy=0.4948
[70/300]  Loss_D: -0.7417 Loss_G: -4.9485, Wasserstein_dist:0.9430, vae_loss_seen:253.1745 GZSL: seen=0.8294, unseen=0.1615, h=0.2703 ZSL: unseen accuracy=0.3594
[71/300]  Loss_D: -0.6954 Loss_G: 1.2406, Wasserstein_dist:0.8880, vae_loss_seen:263.8075 GZSL: seen=0.8294, unseen=0.1615, h=0.2703 ZSL: unseen accuracy=0.4844
[72/300]  Loss_D: -0.4959 Loss_G: -0.3899, Wasserstein_dist:0.6145, vae_loss_seen:256.6464 GZSL: seen=0.9206, unseen=0.0938, h=0.1702 ZSL: unseen accuracy=0.5000
[73/300]  Loss_D: -0.5306 Loss_G: 0.6061, Wasserstein_dist:0.7104, vae_loss_seen:267.6233 GZSL: seen=0.7917, unseen=0.1667, h=0.2754 ZSL: unseen accuracy=0.4323
[74/300]  Loss_D: -0.6875 Loss_G: -4.1555, Wasserstein_dist:0.8387, vae_loss_seen:265.9604 GZSL: seen=0.7789, unseen=0.1667, h=0.2746 ZSL: unseen accuracy=0.4896
[75/300]  Loss_D: -0.5716 Loss_G: -4.3057, Wasserstein_dist:0.7387, vae_loss_seen:257.2407 GZSL: seen=0.8909, unseen=0.0625, h=0.1168 ZSL: unseen accuracy=0.4219
[76/300]  Loss_D: -0.6738 Loss_G: -2.4340, Wasserstein_dist:1.0072, vae_loss_seen:260.5487 GZSL: seen=0.7857, unseen=0.1823, h=0.2959 ZSL: unseen accuracy=0.4531
[77/300]  Loss_D: -0.6130 Loss_G: -3.8643, Wasserstein_dist:0.7662, vae_loss_seen:260.5400 GZSL: seen=0.7798, unseen=0.1562, h=0.2603 ZSL: unseen accuracy=0.4479
[78/300]  Loss_D: -0.6163 Loss_G: -2.9479, Wasserstein_dist:0.7861, vae_loss_seen:265.9086 GZSL: seen=0.7738, unseen=0.1771, h=0.2882 ZSL: unseen accuracy=0.4479
[79/300]  Loss_D: -0.6943 Loss_G: -3.6927, Wasserstein_dist:0.8825, vae_loss_seen:259.7501 GZSL: seen=0.8155, unseen=0.1771, h=0.2910 ZSL: unseen accuracy=0.4896
[80/300]  Loss_D: -0.6134 Loss_G: -1.8711, Wasserstein_dist:0.7512, vae_loss_seen:256.9558 GZSL: seen=0.8095, unseen=0.1823, h=0.2976 ZSL: unseen accuracy=0.5052
[81/300]  Loss_D: -0.6619 Loss_G: -5.0384, Wasserstein_dist:0.9272, vae_loss_seen:255.1325 GZSL: seen=0.8163, unseen=0.1667, h=0.2768 ZSL: unseen accuracy=0.5052
[82/300]  Loss_D: -0.6777 Loss_G: -5.1054, Wasserstein_dist:0.8401, vae_loss_seen:257.8152 GZSL: seen=0.7968, unseen=0.1667, h=0.2757 ZSL: unseen accuracy=0.4740
[83/300]  Loss_D: -0.6291 Loss_G: -3.8103, Wasserstein_dist:0.8003, vae_loss_seen:262.1721 GZSL: seen=0.7730, unseen=0.1719, h=0.2812 ZSL: unseen accuracy=0.4531
[84/300]  Loss_D: -0.6167 Loss_G: -5.1872, Wasserstein_dist:0.7279, vae_loss_seen:253.0272 GZSL: seen=0.7917, unseen=0.1771, h=0.2894 ZSL: unseen accuracy=0.4219
[85/300]  Loss_D: -0.6899 Loss_G: -5.5120, Wasserstein_dist:0.8764, vae_loss_seen:251.3497 GZSL: seen=0.8186, unseen=0.1615, h=0.2697 ZSL: unseen accuracy=0.4427
[86/300]  Loss_D: -0.6686 Loss_G: -0.9052, Wasserstein_dist:0.8952, vae_loss_seen:263.0526 GZSL: seen=0.7837, unseen=0.1615, h=0.2678 ZSL: unseen accuracy=0.4844
[87/300]  Loss_D: -0.5423 Loss_G: -2.1091, Wasserstein_dist:0.7032, vae_loss_seen:263.1652 GZSL: seen=0.8690, unseen=0.1719, h=0.2870 ZSL: unseen accuracy=0.4688
[88/300]  Loss_D: -0.6118 Loss_G: -5.1706, Wasserstein_dist:0.7947, vae_loss_seen:259.1099 GZSL: seen=0.8353, unseen=0.1615, h=0.2706 ZSL: unseen accuracy=0.4323
[89/300]  Loss_D: -0.5883 Loss_G: -1.3274, Wasserstein_dist:0.7342, vae_loss_seen:256.5709 GZSL: seen=0.8194, unseen=0.1719, h=0.2842 ZSL: unseen accuracy=0.5104
[90/300]  Loss_D: -0.6231 Loss_G: 0.8096, Wasserstein_dist:0.7883, vae_loss_seen:263.2878 GZSL: seen=0.7679, unseen=0.1667, h=0.2739 ZSL: unseen accuracy=0.5052
[91/300]  Loss_D: -0.4662 Loss_G: -2.8723, Wasserstein_dist:0.6165, vae_loss_seen:252.5395 GZSL: seen=0.8563, unseen=0.1719, h=0.2863 ZSL: unseen accuracy=0.4219
[92/300]  Loss_D: -0.5627 Loss_G: -1.5628, Wasserstein_dist:0.7722, vae_loss_seen:260.5549 GZSL: seen=0.7440, unseen=0.3438, h=0.4702 ZSL: unseen accuracy=0.4531
[93/300]  Loss_D: -0.4777 Loss_G: -3.5800, Wasserstein_dist:0.6788, vae_loss_seen:252.7002 GZSL: seen=0.7798, unseen=0.1823, h=0.2955 ZSL: unseen accuracy=0.5156
[94/300]  Loss_D: -0.7062 Loss_G: -3.4198, Wasserstein_dist:0.8455, vae_loss_seen:268.0452 GZSL: seen=0.8710, unseen=0.1667, h=0.2798 ZSL: unseen accuracy=0.5000
[95/300]  Loss_D: -0.5376 Loss_G: -5.0223, Wasserstein_dist:0.6902, vae_loss_seen:260.4648 GZSL: seen=0.7103, unseen=0.1875, h=0.2967 ZSL: unseen accuracy=0.4896
[96/300]  Loss_D: -0.6968 Loss_G: 0.9661, Wasserstein_dist:1.0355, vae_loss_seen:251.8621 GZSL: seen=0.8651, unseen=0.1823, h=0.3011 ZSL: unseen accuracy=0.5000
[97/300]  Loss_D: -0.6700 Loss_G: -5.5557, Wasserstein_dist:0.9384, vae_loss_seen:263.0560 GZSL: seen=0.8492, unseen=0.1771, h=0.2931 ZSL: unseen accuracy=0.5052
[98/300]  Loss_D: -0.7686 Loss_G: -4.1217, Wasserstein_dist:0.9639, vae_loss_seen:266.2834 GZSL: seen=0.9127, unseen=0.1823, h=0.3039 ZSL: unseen accuracy=0.5052
[99/300]  Loss_D: -0.6102 Loss_G: -3.2778, Wasserstein_dist:0.7838, vae_loss_seen:268.7153 GZSL: seen=0.7639, unseen=0.1771, h=0.2875 ZSL: unseen accuracy=0.5052
[100/300]  Loss_D: -0.5828 Loss_G: -4.8520, Wasserstein_dist:0.7647, vae_loss_seen:265.7183 GZSL: seen=0.8472, unseen=0.0833, h=0.1517 ZSL: unseen accuracy=0.4115
[101/300]  Loss_D: -0.5795 Loss_G: -3.8251, Wasserstein_dist:0.7585, vae_loss_seen:265.1183 GZSL: seen=0.7560, unseen=0.1823, h=0.2937 ZSL: unseen accuracy=0.5052
[102/300]  Loss_D: -0.5784 Loss_G: -0.8907, Wasserstein_dist:0.8027, vae_loss_seen:269.0127 GZSL: seen=0.7881, unseen=0.1823, h=0.2961 ZSL: unseen accuracy=0.5052
[103/300]  Loss_D: -0.5421 Loss_G: -2.9470, Wasserstein_dist:0.7247, vae_loss_seen:253.9850 GZSL: seen=0.7222, unseen=0.1771, h=0.2844 ZSL: unseen accuracy=0.4896
[104/300]  Loss_D: -0.7232 Loss_G: -1.0962, Wasserstein_dist:0.8814, vae_loss_seen:268.3700 GZSL: seen=0.8254, unseen=0.1771, h=0.2916 ZSL: unseen accuracy=0.4688
[105/300]  Loss_D: -0.7085 Loss_G: -5.5390, Wasserstein_dist:0.9879, vae_loss_seen:255.5715 GZSL: seen=0.7956, unseen=0.1875, h=0.3035 ZSL: unseen accuracy=0.5052
[106/300]  Loss_D: -0.6932 Loss_G: -2.6382, Wasserstein_dist:0.8850, vae_loss_seen:256.4047 GZSL: seen=0.8135, unseen=0.1771, h=0.2909 ZSL: unseen accuracy=0.5000
[107/300]  Loss_D: -0.5754 Loss_G: -1.5376, Wasserstein_dist:0.9224, vae_loss_seen:260.5919 GZSL: seen=0.8591, unseen=0.1667, h=0.2792 ZSL: unseen accuracy=0.5104
[108/300]  Loss_D: -0.5589 Loss_G: -3.4059, Wasserstein_dist:0.7272, vae_loss_seen:255.5193 GZSL: seen=0.7778, unseen=0.1823, h=0.2954 ZSL: unseen accuracy=0.4583
[109/300]  Loss_D: -0.5653 Loss_G: -3.9082, Wasserstein_dist:0.6917, vae_loss_seen:254.5623 GZSL: seen=0.7738, unseen=0.2031, h=0.3218 ZSL: unseen accuracy=0.4792
[110/300]  Loss_D: -0.6715 Loss_G: -3.3452, Wasserstein_dist:0.8408, vae_loss_seen:252.7263 GZSL: seen=0.8611, unseen=0.1719, h=0.2866 ZSL: unseen accuracy=0.5260
[111/300]  Loss_D: -0.6272 Loss_G: -3.6169, Wasserstein_dist:0.7809, vae_loss_seen:262.6373 GZSL: seen=0.8016, unseen=0.1875, h=0.3039 ZSL: unseen accuracy=0.5104
[112/300]  Loss_D: -0.5481 Loss_G: -3.2692, Wasserstein_dist:0.7432, vae_loss_seen:254.6246 GZSL: seen=0.8452, unseen=0.1719, h=0.2857 ZSL: unseen accuracy=0.5000
[113/300]  Loss_D: -0.7184 Loss_G: -2.2798, Wasserstein_dist:0.9116, vae_loss_seen:254.7786 GZSL: seen=0.7615, unseen=0.1771, h=0.2873 ZSL: unseen accuracy=0.4479
[114/300]  Loss_D: -0.5863 Loss_G: -5.9916, Wasserstein_dist:0.7757, vae_loss_seen:256.5175 GZSL: seen=0.7460, unseen=0.1927, h=0.3063 ZSL: unseen accuracy=0.4792
[115/300]  Loss_D: -0.6667 Loss_G: -3.5638, Wasserstein_dist:0.8618, vae_loss_seen:266.2120 GZSL: seen=0.8175, unseen=0.1823, h=0.2981 ZSL: unseen accuracy=0.4948
[116/300]  Loss_D: -0.5762 Loss_G: -2.7731, Wasserstein_dist:0.7815, vae_loss_seen:252.5590 GZSL: seen=0.8413, unseen=0.1823, h=0.2997 ZSL: unseen accuracy=0.4896
[117/300]  Loss_D: -0.5913 Loss_G: -3.4677, Wasserstein_dist:0.8074, vae_loss_seen:256.2695 GZSL: seen=0.7698, unseen=0.1719, h=0.2810 ZSL: unseen accuracy=0.5000
[118/300]  Loss_D: -0.6130 Loss_G: -3.3901, Wasserstein_dist:0.7670, vae_loss_seen:261.8394 GZSL: seen=0.8210, unseen=0.1875, h=0.3053 ZSL: unseen accuracy=0.4948
[119/300]  Loss_D: -0.4992 Loss_G: -7.1756, Wasserstein_dist:0.6983, vae_loss_seen:249.3556 GZSL: seen=0.8571, unseen=0.1719, h=0.2863 ZSL: unseen accuracy=0.5052
[120/300]  Loss_D: -0.6189 Loss_G: -2.4580, Wasserstein_dist:0.8197, vae_loss_seen:260.3411 GZSL: seen=0.8115, unseen=0.1771, h=0.2907 ZSL: unseen accuracy=0.5052
[121/300]  Loss_D: -0.5827 Loss_G: -2.7776, Wasserstein_dist:0.7993, vae_loss_seen:259.2870 GZSL: seen=0.9147, unseen=0.1719, h=0.2894 ZSL: unseen accuracy=0.4896
[122/300]  Loss_D: -0.5634 Loss_G: -1.4190, Wasserstein_dist:0.7341, vae_loss_seen:254.8475 GZSL: seen=0.7908, unseen=0.1823, h=0.2963 ZSL: unseen accuracy=0.5104
[123/300]  Loss_D: -0.6899 Loss_G: -1.2170, Wasserstein_dist:0.9423, vae_loss_seen:264.0737 GZSL: seen=0.8512, unseen=0.1823, h=0.3003 ZSL: unseen accuracy=0.5000
[124/300]  Loss_D: -0.6280 Loss_G: -2.2754, Wasserstein_dist:0.8198, vae_loss_seen:256.5418 GZSL: seen=0.8532, unseen=0.1771, h=0.2933 ZSL: unseen accuracy=0.5104
[125/300]  Loss_D: -0.6238 Loss_G: -3.2338, Wasserstein_dist:0.8607, vae_loss_seen:270.3440 GZSL: seen=0.9008, unseen=0.1823, h=0.3032 ZSL: unseen accuracy=0.5104
[126/300]  Loss_D: -0.5297 Loss_G: -4.5486, Wasserstein_dist:0.7104, vae_loss_seen:258.3476 GZSL: seen=0.9028, unseen=0.1667, h=0.2814 ZSL: unseen accuracy=0.5000
[127/300]  Loss_D: -0.5815 Loss_G: -2.4118, Wasserstein_dist:0.7307, vae_loss_seen:255.1575 GZSL: seen=0.8671, unseen=0.1823, h=0.3012 ZSL: unseen accuracy=0.5052
[128/300]  Loss_D: -0.6843 Loss_G: -0.1700, Wasserstein_dist:0.9505, vae_loss_seen:260.3452 GZSL: seen=0.9059, unseen=0.1719, h=0.2889 ZSL: unseen accuracy=0.5000
[129/300]  Loss_D: -0.4829 Loss_G: -1.5508, Wasserstein_dist:0.6563, vae_loss_seen:260.3155 GZSL: seen=0.8036, unseen=0.1719, h=0.2832 ZSL: unseen accuracy=0.5000
[130/300]  Loss_D: -0.5756 Loss_G: -1.8203, Wasserstein_dist:0.7912, vae_loss_seen:255.5856 GZSL: seen=0.8214, unseen=0.1771, h=0.2914 ZSL: unseen accuracy=0.5260
[131/300]  Loss_D: -0.4630 Loss_G: -5.1345, Wasserstein_dist:0.5889, vae_loss_seen:242.6664 GZSL: seen=0.8194, unseen=0.1771, h=0.2912 ZSL: unseen accuracy=0.4740
[132/300]  Loss_D: -0.6758 Loss_G: -5.4610, Wasserstein_dist:0.9127, vae_loss_seen:253.0271 GZSL: seen=0.7937, unseen=0.1823, h=0.2965 ZSL: unseen accuracy=0.5104
[133/300]  Loss_D: -0.7267 Loss_G: -1.8925, Wasserstein_dist:0.9633, vae_loss_seen:267.8519 GZSL: seen=0.8254, unseen=0.1667, h=0.2773 ZSL: unseen accuracy=0.5104
[134/300]  Loss_D: -0.5814 Loss_G: -4.3418, Wasserstein_dist:0.7442, vae_loss_seen:257.3284 GZSL: seen=0.7401, unseen=0.1875, h=0.2992 ZSL: unseen accuracy=0.4531
[135/300]  Loss_D: -0.6257 Loss_G: -2.2974, Wasserstein_dist:0.8037, vae_loss_seen:250.1817 GZSL: seen=0.8056, unseen=0.1875, h=0.3042 ZSL: unseen accuracy=0.5104
[136/300]  Loss_D: -0.4910 Loss_G: -4.7723, Wasserstein_dist:0.6791, vae_loss_seen:251.3940 GZSL: seen=0.8016, unseen=0.1927, h=0.3107 ZSL: unseen accuracy=0.5104
[137/300]  Loss_D: -0.5464 Loss_G: -3.7159, Wasserstein_dist:0.7594, vae_loss_seen:262.9281 GZSL: seen=0.8929, unseen=0.1823, h=0.3028 ZSL: unseen accuracy=0.5000
[138/300]  Loss_D: -0.5341 Loss_G: -4.7308, Wasserstein_dist:0.7046, vae_loss_seen:257.4657 GZSL: seen=0.8214, unseen=0.1823, h=0.2984 ZSL: unseen accuracy=0.5052
[139/300]  Loss_D: -0.4973 Loss_G: -3.6226, Wasserstein_dist:0.6749, vae_loss_seen:253.6227 GZSL: seen=0.7996, unseen=0.1354, h=0.2316 ZSL: unseen accuracy=0.3906
[140/300]  Loss_D: -0.5794 Loss_G: -5.6459, Wasserstein_dist:0.7249, vae_loss_seen:251.4993 GZSL: seen=0.9107, unseen=0.1562, h=0.2667 ZSL: unseen accuracy=0.4896
[141/300]  Loss_D: -0.5135 Loss_G: -5.7982, Wasserstein_dist:0.7078, vae_loss_seen:259.2131 GZSL: seen=0.9067, unseen=0.1510, h=0.2589 ZSL: unseen accuracy=0.5052
[142/300]  Loss_D: -0.4702 Loss_G: 0.3103, Wasserstein_dist:0.7719, vae_loss_seen:254.0806 GZSL: seen=0.8988, unseen=0.1823, h=0.3031 ZSL: unseen accuracy=0.5104
[143/300]  Loss_D: -0.7747 Loss_G: 0.6461, Wasserstein_dist:1.1318, vae_loss_seen:266.5158 GZSL: seen=0.7996, unseen=0.1875, h=0.3038 ZSL: unseen accuracy=0.4948
[144/300]  Loss_D: -0.4873 Loss_G: -3.5869, Wasserstein_dist:0.6320, vae_loss_seen:255.2710 GZSL: seen=0.7520, unseen=0.1823, h=0.2934 ZSL: unseen accuracy=0.5052
[145/300]  Loss_D: -0.5855 Loss_G: -1.3684, Wasserstein_dist:0.7762, vae_loss_seen:268.3989 GZSL: seen=0.8512, unseen=0.1562, h=0.2640 ZSL: unseen accuracy=0.4323
[146/300]  Loss_D: -0.6480 Loss_G: -2.1357, Wasserstein_dist:0.9198, vae_loss_seen:259.6672 GZSL: seen=0.7679, unseen=0.1875, h=0.3014 ZSL: unseen accuracy=0.4427
[147/300]  Loss_D: -0.5221 Loss_G: -4.4950, Wasserstein_dist:0.6512, vae_loss_seen:258.7166 GZSL: seen=0.8869, unseen=0.1823, h=0.3024 ZSL: unseen accuracy=0.5156
[148/300]  Loss_D: -0.4696 Loss_G: -5.3527, Wasserstein_dist:0.6002, vae_loss_seen:247.0983 GZSL: seen=0.8016, unseen=0.1875, h=0.3039 ZSL: unseen accuracy=0.4531
[149/300]  Loss_D: -0.5853 Loss_G: -4.4447, Wasserstein_dist:0.7152, vae_loss_seen:253.2159 GZSL: seen=0.8552, unseen=0.1771, h=0.2934 ZSL: unseen accuracy=0.5104
[150/300]  Loss_D: -1.0840 Loss_G: -10.6124, Wasserstein_dist:1.6581, vae_loss_seen:250.2190 GZSL: seen=0.7817, unseen=0.1875, h=0.3025 ZSL: unseen accuracy=0.4375
[151/300]  Loss_D: -0.6052 Loss_G: -2.9378, Wasserstein_dist:0.7899, vae_loss_seen:251.6667 GZSL: seen=0.7868, unseen=0.3490, h=0.4835 ZSL: unseen accuracy=0.5104
[152/300]  Loss_D: -0.5565 Loss_G: -4.7815, Wasserstein_dist:0.7164, vae_loss_seen:251.3214 GZSL: seen=0.7659, unseen=0.2188, h=0.3403 ZSL: unseen accuracy=0.4010
[153/300]  Loss_D: -0.6565 Loss_G: -3.7272, Wasserstein_dist:0.7869, vae_loss_seen:258.8159 GZSL: seen=0.8750, unseen=0.1823, h=0.3017 ZSL: unseen accuracy=0.5104
[154/300]  Loss_D: -0.5785 Loss_G: -4.8233, Wasserstein_dist:0.8666, vae_loss_seen:254.5541 GZSL: seen=0.8123, unseen=0.1875, h=0.3047 ZSL: unseen accuracy=0.5000
[155/300]  Loss_D: -0.6858 Loss_G: -5.7986, Wasserstein_dist:0.8549, vae_loss_seen:253.3030 GZSL: seen=0.7401, unseen=0.1979, h=0.3123 ZSL: unseen accuracy=0.4792
[156/300]  Loss_D: -0.4271 Loss_G: -0.1213, Wasserstein_dist:0.6287, vae_loss_seen:258.3586 GZSL: seen=0.8135, unseen=0.1771, h=0.2909 ZSL: unseen accuracy=0.5052
[157/300]  Loss_D: -0.6251 Loss_G: -2.4754, Wasserstein_dist:0.8055, vae_loss_seen:250.0274 GZSL: seen=0.8194, unseen=0.1771, h=0.2912 ZSL: unseen accuracy=0.5156
[158/300]  Loss_D: -0.6280 Loss_G: -7.1702, Wasserstein_dist:0.8893, vae_loss_seen:251.8376 GZSL: seen=0.7817, unseen=0.1875, h=0.3025 ZSL: unseen accuracy=0.4896
[159/300]  Loss_D: -0.5311 Loss_G: -4.2207, Wasserstein_dist:0.6872, vae_loss_seen:255.3796 GZSL: seen=0.7579, unseen=0.1823, h=0.2939 ZSL: unseen accuracy=0.5000
[160/300]  Loss_D: -0.5140 Loss_G: -3.1845, Wasserstein_dist:0.6791, vae_loss_seen:254.7254 GZSL: seen=0.7083, unseen=0.1927, h=0.3030 ZSL: unseen accuracy=0.5000
[161/300]  Loss_D: -0.4840 Loss_G: -0.6568, Wasserstein_dist:0.6650, vae_loss_seen:265.5084 GZSL: seen=0.8452, unseen=0.1927, h=0.3139 ZSL: unseen accuracy=0.5000
[162/300]  Loss_D: -0.5491 Loss_G: -5.4238, Wasserstein_dist:0.7156, vae_loss_seen:247.9579 GZSL: seen=0.8472, unseen=0.3229, h=0.4676 ZSL: unseen accuracy=0.4948
[163/300]  Loss_D: -0.5737 Loss_G: -0.3158, Wasserstein_dist:0.7718, vae_loss_seen:251.3419 GZSL: seen=0.8968, unseen=0.1719, h=0.2885 ZSL: unseen accuracy=0.5208
[164/300]  Loss_D: -0.5566 Loss_G: -0.3807, Wasserstein_dist:0.8478, vae_loss_seen:250.8935 GZSL: seen=0.8948, unseen=0.1667, h=0.2810 ZSL: unseen accuracy=0.5052
[165/300]  Loss_D: -0.5432 Loss_G: -3.4816, Wasserstein_dist:0.6827, vae_loss_seen:257.2323 GZSL: seen=0.8829, unseen=0.0938, h=0.1695 ZSL: unseen accuracy=0.4896
[166/300]  Loss_D: -0.5385 Loss_G: 1.2245, Wasserstein_dist:0.7257, vae_loss_seen:255.9952 GZSL: seen=0.7861, unseen=0.1667, h=0.2750 ZSL: unseen accuracy=0.5052
[167/300]  Loss_D: -0.4317 Loss_G: -3.6467, Wasserstein_dist:0.5993, vae_loss_seen:254.2106 GZSL: seen=0.8373, unseen=0.1667, h=0.2780 ZSL: unseen accuracy=0.5156
[168/300]  Loss_D: -0.6311 Loss_G: -5.4448, Wasserstein_dist:0.7738, vae_loss_seen:251.3287 GZSL: seen=0.7679, unseen=0.1771, h=0.2878 ZSL: unseen accuracy=0.5052
[169/300]  Loss_D: -0.6100 Loss_G: -4.2183, Wasserstein_dist:0.7607, vae_loss_seen:260.1487 GZSL: seen=0.9059, unseen=0.1771, h=0.2963 ZSL: unseen accuracy=0.5052
[170/300]  Loss_D: -0.6921 Loss_G: -3.9234, Wasserstein_dist:0.8417, vae_loss_seen:258.3671 GZSL: seen=0.7599, unseen=0.1927, h=0.3075 ZSL: unseen accuracy=0.5104
[171/300]  Loss_D: -0.5143 Loss_G: -1.7548, Wasserstein_dist:0.7156, vae_loss_seen:261.3148 GZSL: seen=0.8948, unseen=0.1823, h=0.3029 ZSL: unseen accuracy=0.4844
[172/300]  Loss_D: -0.5341 Loss_G: -5.5028, Wasserstein_dist:0.6932, vae_loss_seen:247.2197 GZSL: seen=0.7937, unseen=0.1823, h=0.2965 ZSL: unseen accuracy=0.4740
[173/300]  Loss_D: -0.5545 Loss_G: -4.8406, Wasserstein_dist:0.7831, vae_loss_seen:250.5487 GZSL: seen=0.6944, unseen=0.1927, h=0.3017 ZSL: unseen accuracy=0.5052
[174/300]  Loss_D: -0.4218 Loss_G: -3.7699, Wasserstein_dist:0.5454, vae_loss_seen:251.4352 GZSL: seen=0.7798, unseen=0.1927, h=0.3090 ZSL: unseen accuracy=0.5052
[175/300]  Loss_D: -0.6367 Loss_G: -2.8510, Wasserstein_dist:0.8566, vae_loss_seen:255.9513 GZSL: seen=0.7302, unseen=0.2031, h=0.3178 ZSL: unseen accuracy=0.4115
[176/300]  Loss_D: -0.5422 Loss_G: -2.9160, Wasserstein_dist:0.7607, vae_loss_seen:249.9836 GZSL: seen=0.8222, unseen=0.3281, h=0.4691 ZSL: unseen accuracy=0.5000
[177/300]  Loss_D: -0.3852 Loss_G: -2.5615, Wasserstein_dist:0.6351, vae_loss_seen:255.6747 GZSL: seen=0.8254, unseen=0.1823, h=0.2986 ZSL: unseen accuracy=0.5104
[178/300]  Loss_D: -0.4994 Loss_G: -3.1166, Wasserstein_dist:0.6654, vae_loss_seen:249.1119 GZSL: seen=0.8968, unseen=0.1823, h=0.3030 ZSL: unseen accuracy=0.5000
[179/300]  Loss_D: -0.4799 Loss_G: -2.1451, Wasserstein_dist:0.6438, vae_loss_seen:257.9039 GZSL: seen=0.8274, unseen=0.1771, h=0.2917 ZSL: unseen accuracy=0.5052
[180/300]  Loss_D: -0.5268 Loss_G: -0.9572, Wasserstein_dist:0.8608, vae_loss_seen:258.9607 GZSL: seen=0.7372, unseen=0.1823, h=0.2923 ZSL: unseen accuracy=0.4219
[181/300]  Loss_D: -0.5177 Loss_G: -5.0207, Wasserstein_dist:0.6581, vae_loss_seen:256.1341 GZSL: seen=0.7937, unseen=0.1719, h=0.2826 ZSL: unseen accuracy=0.5052
[182/300]  Loss_D: -0.5296 Loss_G: -1.0286, Wasserstein_dist:0.6765, vae_loss_seen:260.8682 GZSL: seen=0.7778, unseen=0.3385, h=0.4717 ZSL: unseen accuracy=0.4115
[183/300]  Loss_D: -0.5984 Loss_G: -0.7135, Wasserstein_dist:0.9115, vae_loss_seen:257.1179 GZSL: seen=0.8333, unseen=0.1719, h=0.2850 ZSL: unseen accuracy=0.4792
[184/300]  Loss_D: -0.5118 Loss_G: -2.2573, Wasserstein_dist:0.6700, vae_loss_seen:252.3654 GZSL: seen=0.8790, unseen=0.1771, h=0.2948 ZSL: unseen accuracy=0.5052
[185/300]  Loss_D: -0.4979 Loss_G: -1.5422, Wasserstein_dist:0.6191, vae_loss_seen:255.0138 GZSL: seen=0.8651, unseen=0.1771, h=0.2940 ZSL: unseen accuracy=0.4948
[186/300]  Loss_D: -0.5326 Loss_G: -3.3236, Wasserstein_dist:0.6865, vae_loss_seen:259.0966 GZSL: seen=0.7857, unseen=0.1719, h=0.2821 ZSL: unseen accuracy=0.4531
[187/300]  Loss_D: -0.5811 Loss_G: 1.7706, Wasserstein_dist:0.8245, vae_loss_seen:268.6309 GZSL: seen=0.8313, unseen=0.1771, h=0.2920 ZSL: unseen accuracy=0.4427
[188/300]  Loss_D: -0.3795 Loss_G: -1.6441, Wasserstein_dist:0.5415, vae_loss_seen:258.8137 GZSL: seen=0.7976, unseen=0.1771, h=0.2898 ZSL: unseen accuracy=0.4948
[189/300]  Loss_D: -0.4907 Loss_G: -1.4369, Wasserstein_dist:0.6987, vae_loss_seen:257.4192 GZSL: seen=0.8810, unseen=0.1875, h=0.3092 ZSL: unseen accuracy=0.5000
[190/300]  Loss_D: -0.5166 Loss_G: -1.2070, Wasserstein_dist:0.6821, vae_loss_seen:258.0442 GZSL: seen=0.7579, unseen=0.1823, h=0.2939 ZSL: unseen accuracy=0.5104
[191/300]  Loss_D: -0.4209 Loss_G: -4.6996, Wasserstein_dist:0.5884, vae_loss_seen:248.7099 GZSL: seen=0.8790, unseen=0.1771, h=0.2948 ZSL: unseen accuracy=0.5000
[192/300]  Loss_D: -0.4392 Loss_G: -2.7610, Wasserstein_dist:0.6131, vae_loss_seen:254.5363 GZSL: seen=0.8056, unseen=0.1771, h=0.2903 ZSL: unseen accuracy=0.4948
[193/300]  Loss_D: -0.4817 Loss_G: -1.4190, Wasserstein_dist:0.6728, vae_loss_seen:260.0782 GZSL: seen=0.8551, unseen=0.3438, h=0.4904 ZSL: unseen accuracy=0.4948
[194/300]  Loss_D: -0.4630 Loss_G: -1.3948, Wasserstein_dist:0.5843, vae_loss_seen:243.2674 GZSL: seen=0.8690, unseen=0.1875, h=0.3085 ZSL: unseen accuracy=0.5104
[195/300]  Loss_D: -0.5383 Loss_G: -4.5411, Wasserstein_dist:0.6952, vae_loss_seen:251.7925 GZSL: seen=0.9048, unseen=0.1771, h=0.2962 ZSL: unseen accuracy=0.5156
[196/300]  Loss_D: -0.4899 Loss_G: -1.3670, Wasserstein_dist:0.6592, vae_loss_seen:256.4432 GZSL: seen=0.7956, unseen=0.1823, h=0.2966 ZSL: unseen accuracy=0.5052
[197/300]  Loss_D: -0.4861 Loss_G: -2.2759, Wasserstein_dist:0.6435, vae_loss_seen:260.6418 GZSL: seen=0.8325, unseen=0.1875, h=0.3061 ZSL: unseen accuracy=0.4479
[198/300]  Loss_D: -0.5463 Loss_G: -3.6646, Wasserstein_dist:0.7389, vae_loss_seen:257.0226 GZSL: seen=0.7619, unseen=0.3594, h=0.4884 ZSL: unseen accuracy=0.4844
[199/300]  Loss_D: -0.5387 Loss_G: -2.2935, Wasserstein_dist:0.7295, vae_loss_seen:251.1599 GZSL: seen=0.8095, unseen=0.3490, h=0.4877 ZSL: unseen accuracy=0.5000
[200/300]  Loss_D: -0.5542 Loss_G: -4.2148, Wasserstein_dist:0.6963, vae_loss_seen:261.1336 GZSL: seen=0.8631, unseen=0.1875, h=0.3081 ZSL: unseen accuracy=0.5156
[201/300]  Loss_D: -0.5441 Loss_G: 1.1895, Wasserstein_dist:0.7693, vae_loss_seen:260.5430 GZSL: seen=0.9067, unseen=0.2188, h=0.3525 ZSL: unseen accuracy=0.5208
[202/300]  Loss_D: -0.6354 Loss_G: -4.3009, Wasserstein_dist:0.8562, vae_loss_seen:259.3607 GZSL: seen=0.8452, unseen=0.1927, h=0.3139 ZSL: unseen accuracy=0.5104
[203/300]  Loss_D: -0.5805 Loss_G: -0.6164, Wasserstein_dist:0.7224, vae_loss_seen:252.4061 GZSL: seen=0.8611, unseen=0.3281, h=0.4752 ZSL: unseen accuracy=0.4948
[204/300]  Loss_D: -0.6087 Loss_G: -1.7971, Wasserstein_dist:0.7778, vae_loss_seen:252.4458 GZSL: seen=0.8194, unseen=0.1615, h=0.2698 ZSL: unseen accuracy=0.5052
[205/300]  Loss_D: -0.5950 Loss_G: -4.4680, Wasserstein_dist:0.7612, vae_loss_seen:248.8476 GZSL: seen=0.8413, unseen=0.1667, h=0.2782 ZSL: unseen accuracy=0.5156
[206/300]  Loss_D: -0.5153 Loss_G: -5.5519, Wasserstein_dist:0.6722, vae_loss_seen:238.6546 GZSL: seen=0.8274, unseen=0.3385, h=0.4805 ZSL: unseen accuracy=0.5208
[207/300]  Loss_D: -0.4914 Loss_G: -4.3702, Wasserstein_dist:0.6708, vae_loss_seen:262.9607 GZSL: seen=0.8512, unseen=0.1823, h=0.3003 ZSL: unseen accuracy=0.4688
[208/300]  Loss_D: -0.5676 Loss_G: 0.9933, Wasserstein_dist:0.7830, vae_loss_seen:254.0079 GZSL: seen=0.8421, unseen=0.3490, h=0.4934 ZSL: unseen accuracy=0.4219
[209/300]  Loss_D: -0.5191 Loss_G: -5.5373, Wasserstein_dist:0.6939, vae_loss_seen:250.8671 GZSL: seen=0.7421, unseen=0.3854, h=0.5073 ZSL: unseen accuracy=0.5156
[210/300]  Loss_D: -0.4268 Loss_G: -4.1398, Wasserstein_dist:0.5910, vae_loss_seen:250.7804 GZSL: seen=0.8313, unseen=0.3542, h=0.4967 ZSL: unseen accuracy=0.4844
[211/300]  Loss_D: -0.4664 Loss_G: -1.2637, Wasserstein_dist:0.6196, vae_loss_seen:249.6401 GZSL: seen=0.8750, unseen=0.1771, h=0.2946 ZSL: unseen accuracy=0.5156
[212/300]  Loss_D: -0.5940 Loss_G: -3.3113, Wasserstein_dist:0.8438, vae_loss_seen:258.6230 GZSL: seen=0.7925, unseen=0.1719, h=0.2825 ZSL: unseen accuracy=0.5000
[213/300]  Loss_D: -0.4435 Loss_G: -4.2142, Wasserstein_dist:0.6027, vae_loss_seen:254.7387 GZSL: seen=0.7718, unseen=0.1771, h=0.2881 ZSL: unseen accuracy=0.5208
[214/300]  Loss_D: -0.5155 Loss_G: -2.1275, Wasserstein_dist:0.6559, vae_loss_seen:252.4810 GZSL: seen=0.8929, unseen=0.1458, h=0.2507 ZSL: unseen accuracy=0.5104
[215/300]  Loss_D: -0.4724 Loss_G: -0.2822, Wasserstein_dist:0.6655, vae_loss_seen:249.8294 GZSL: seen=0.8829, unseen=0.1719, h=0.2877 ZSL: unseen accuracy=0.5000
[216/300]  Loss_D: -0.4482 Loss_G: -5.7877, Wasserstein_dist:0.6162, vae_loss_seen:247.5756 GZSL: seen=0.7591, unseen=0.1875, h=0.3007 ZSL: unseen accuracy=0.5000
[217/300]  Loss_D: -0.7066 Loss_G: -10.1597, Wasserstein_dist:1.0514, vae_loss_seen:247.7706 GZSL: seen=0.8079, unseen=0.2031, h=0.3246 ZSL: unseen accuracy=0.4896
[218/300]  Loss_D: -0.3659 Loss_G: -1.8204, Wasserstein_dist:0.4820, vae_loss_seen:254.6387 GZSL: seen=0.7976, unseen=0.3438, h=0.4804 ZSL: unseen accuracy=0.4948
[219/300]  Loss_D: -0.5495 Loss_G: -3.6298, Wasserstein_dist:0.6551, vae_loss_seen:253.1216 GZSL: seen=0.8194, unseen=0.1771, h=0.2912 ZSL: unseen accuracy=0.5052
[220/300]  Loss_D: -0.3943 Loss_G: -5.0018, Wasserstein_dist:0.5128, vae_loss_seen:244.4802 GZSL: seen=0.8948, unseen=0.1510, h=0.2585 ZSL: unseen accuracy=0.4167
[221/300]  Loss_D: -0.5190 Loss_G: -5.8594, Wasserstein_dist:0.6832, vae_loss_seen:250.0626 GZSL: seen=0.7361, unseen=0.1927, h=0.3055 ZSL: unseen accuracy=0.4896
[222/300]  Loss_D: -0.5219 Loss_G: -2.3763, Wasserstein_dist:0.6929, vae_loss_seen:243.7549 GZSL: seen=0.9246, unseen=0.1771, h=0.2972 ZSL: unseen accuracy=0.5208
[223/300]  Loss_D: -0.4669 Loss_G: -4.0900, Wasserstein_dist:0.6048, vae_loss_seen:252.7309 GZSL: seen=0.8413, unseen=0.1875, h=0.3067 ZSL: unseen accuracy=0.5156
[224/300]  Loss_D: -0.4573 Loss_G: -2.4202, Wasserstein_dist:0.6210, vae_loss_seen:256.1527 GZSL: seen=0.7936, unseen=0.1771, h=0.2896 ZSL: unseen accuracy=0.5104
[225/300]  Loss_D: -0.5499 Loss_G: -1.3384, Wasserstein_dist:0.7315, vae_loss_seen:259.5798 GZSL: seen=0.7302, unseen=0.3594, h=0.4817 ZSL: unseen accuracy=0.5156
[226/300]  Loss_D: -0.4990 Loss_G: -4.3678, Wasserstein_dist:0.6632, vae_loss_seen:249.2482 GZSL: seen=0.8710, unseen=0.3385, h=0.4876 ZSL: unseen accuracy=0.5000
[227/300]  Loss_D: -0.4733 Loss_G: -2.5805, Wasserstein_dist:0.6488, vae_loss_seen:256.6893 GZSL: seen=0.8750, unseen=0.1719, h=0.2873 ZSL: unseen accuracy=0.5052
[228/300]  Loss_D: -0.5387 Loss_G: -2.0073, Wasserstein_dist:0.6675, vae_loss_seen:247.4361 GZSL: seen=0.8214, unseen=0.1875, h=0.3053 ZSL: unseen accuracy=0.5104
[229/300]  Loss_D: -0.4733 Loss_G: -3.5591, Wasserstein_dist:0.6437, vae_loss_seen:254.0444 GZSL: seen=0.9167, unseen=0.1771, h=0.2968 ZSL: unseen accuracy=0.5104
[230/300]  Loss_D: -0.7201 Loss_G: 4.3884, Wasserstein_dist:1.0088, vae_loss_seen:255.8890 GZSL: seen=0.8146, unseen=0.1875, h=0.3048 ZSL: unseen accuracy=0.5260
[231/300]  Loss_D: -0.4792 Loss_G: -0.1157, Wasserstein_dist:0.7349, vae_loss_seen:257.5392 GZSL: seen=0.7778, unseen=0.1927, h=0.3089 ZSL: unseen accuracy=0.5104
[232/300]  Loss_D: -0.5691 Loss_G: -3.5656, Wasserstein_dist:0.7296, vae_loss_seen:254.4059 GZSL: seen=0.7262, unseen=0.1979, h=0.3111 ZSL: unseen accuracy=0.5156
[233/300]  Loss_D: -0.5445 Loss_G: -3.9269, Wasserstein_dist:0.7004, vae_loss_seen:257.4446 GZSL: seen=0.7123, unseen=0.3542, h=0.4731 ZSL: unseen accuracy=0.5104
[234/300]  Loss_D: -0.4717 Loss_G: -2.3617, Wasserstein_dist:0.6011, vae_loss_seen:256.2254 GZSL: seen=0.7381, unseen=0.3594, h=0.4834 ZSL: unseen accuracy=0.5104
[235/300]  Loss_D: -0.5013 Loss_G: -3.9474, Wasserstein_dist:0.6362, vae_loss_seen:254.7605 GZSL: seen=0.8175, unseen=0.1771, h=0.2911 ZSL: unseen accuracy=0.4740
[236/300]  Loss_D: -0.5747 Loss_G: -4.3517, Wasserstein_dist:0.7036, vae_loss_seen:252.4625 GZSL: seen=0.8115, unseen=0.1823, h=0.2977 ZSL: unseen accuracy=0.5104
[237/300]  Loss_D: -0.5396 Loss_G: 1.3336, Wasserstein_dist:0.8064, vae_loss_seen:254.0381 GZSL: seen=0.7282, unseen=0.1875, h=0.2982 ZSL: unseen accuracy=0.5104
[238/300]  Loss_D: -0.5090 Loss_G: -1.9831, Wasserstein_dist:0.6622, vae_loss_seen:250.4437 GZSL: seen=0.8007, unseen=0.3438, h=0.4810 ZSL: unseen accuracy=0.5208
[239/300]  Loss_D: -0.4719 Loss_G: -4.6800, Wasserstein_dist:0.6309, vae_loss_seen:254.5017 GZSL: seen=0.7639, unseen=0.3438, h=0.4741 ZSL: unseen accuracy=0.5104
[240/300]  Loss_D: -0.5131 Loss_G: -5.9222, Wasserstein_dist:0.7057, vae_loss_seen:247.6355 GZSL: seen=0.7440, unseen=0.1979, h=0.3127 ZSL: unseen accuracy=0.5104
[241/300]  Loss_D: -0.3601 Loss_G: -4.2218, Wasserstein_dist:0.5118, vae_loss_seen:253.9981 GZSL: seen=0.8889, unseen=0.1979, h=0.3237 ZSL: unseen accuracy=0.5104
[242/300]  Loss_D: -0.4845 Loss_G: -2.0142, Wasserstein_dist:0.6066, vae_loss_seen:252.6825 GZSL: seen=0.7183, unseen=0.3594, h=0.4791 ZSL: unseen accuracy=0.5104
[243/300]  Loss_D: -0.5031 Loss_G: -5.3823, Wasserstein_dist:0.6670, vae_loss_seen:258.6053 GZSL: seen=0.7321, unseen=0.1719, h=0.2784 ZSL: unseen accuracy=0.4740
[244/300]  Loss_D: -0.4287 Loss_G: -0.8759, Wasserstein_dist:0.5944, vae_loss_seen:246.6286 GZSL: seen=0.8194, unseen=0.1823, h=0.2982 ZSL: unseen accuracy=0.5000
[245/300]  Loss_D: -0.4015 Loss_G: -5.1516, Wasserstein_dist:0.5382, vae_loss_seen:250.3906 GZSL: seen=0.8004, unseen=0.1927, h=0.3106 ZSL: unseen accuracy=0.5104
[246/300]  Loss_D: -0.4335 Loss_G: 1.1230, Wasserstein_dist:0.5851, vae_loss_seen:255.1966 GZSL: seen=0.8948, unseen=0.1667, h=0.2810 ZSL: unseen accuracy=0.5104
[247/300]  Loss_D: -0.5711 Loss_G: -2.0128, Wasserstein_dist:0.7549, vae_loss_seen:256.1431 GZSL: seen=0.8512, unseen=0.1615, h=0.2714 ZSL: unseen accuracy=0.4583
[248/300]  Loss_D: -0.4725 Loss_G: -7.8009, Wasserstein_dist:0.6166, vae_loss_seen:257.7873 GZSL: seen=0.7460, unseen=0.2031, h=0.3193 ZSL: unseen accuracy=0.4740
[249/300]  Loss_D: -0.4706 Loss_G: 1.3439, Wasserstein_dist:0.7072, vae_loss_seen:263.0002 GZSL: seen=0.8155, unseen=0.1823, h=0.2980 ZSL: unseen accuracy=0.5104
[250/300]  Loss_D: -0.4842 Loss_G: -2.9559, Wasserstein_dist:0.6389, vae_loss_seen:252.0930 GZSL: seen=0.8036, unseen=0.1927, h=0.3109 ZSL: unseen accuracy=0.5052
[251/300]  Loss_D: -0.4753 Loss_G: -3.9121, Wasserstein_dist:0.6278, vae_loss_seen:253.9416 GZSL: seen=0.7798, unseen=0.3542, h=0.4871 ZSL: unseen accuracy=0.4740
[252/300]  Loss_D: -0.4830 Loss_G: -4.6677, Wasserstein_dist:0.6172, vae_loss_seen:252.6957 GZSL: seen=0.8175, unseen=0.1979, h=0.3187 ZSL: unseen accuracy=0.4896
[253/300]  Loss_D: -0.4840 Loss_G: -3.7092, Wasserstein_dist:0.6785, vae_loss_seen:244.4362 GZSL: seen=0.8829, unseen=0.2708, h=0.4145 ZSL: unseen accuracy=0.5000
[254/300]  Loss_D: -0.5319 Loss_G: -2.3242, Wasserstein_dist:0.6776, vae_loss_seen:256.4701 GZSL: seen=0.8333, unseen=0.1875, h=0.3061 ZSL: unseen accuracy=0.4531
[255/300]  Loss_D: -0.5943 Loss_G: -5.1815, Wasserstein_dist:0.7725, vae_loss_seen:257.2918 GZSL: seen=0.8143, unseen=0.3542, h=0.4936 ZSL: unseen accuracy=0.5312
[256/300]  Loss_D: -0.5330 Loss_G: -6.8112, Wasserstein_dist:0.6736, vae_loss_seen:257.1805 GZSL: seen=0.8036, unseen=0.1979, h=0.3176 ZSL: unseen accuracy=0.5000
[257/300]  Loss_D: -0.5171 Loss_G: -4.6278, Wasserstein_dist:0.7199, vae_loss_seen:249.3990 GZSL: seen=0.8016, unseen=0.1771, h=0.2901 ZSL: unseen accuracy=0.5312
[258/300]  Loss_D: -0.2587 Loss_G: -3.6356, Wasserstein_dist:0.3715, vae_loss_seen:242.0995 GZSL: seen=0.7778, unseen=0.1927, h=0.3089 ZSL: unseen accuracy=0.5052
[259/300]  Loss_D: -0.5566 Loss_G: -6.2263, Wasserstein_dist:0.6894, vae_loss_seen:247.5503 GZSL: seen=0.7222, unseen=0.3646, h=0.4846 ZSL: unseen accuracy=0.4740
[260/300]  Loss_D: -0.4505 Loss_G: -4.4508, Wasserstein_dist:0.5795, vae_loss_seen:251.3827 GZSL: seen=0.8571, unseen=0.1823, h=0.3006 ZSL: unseen accuracy=0.5156
[261/300]  Loss_D: -0.5537 Loss_G: -4.8844, Wasserstein_dist:0.7051, vae_loss_seen:262.9268 GZSL: seen=0.8373, unseen=0.3073, h=0.4496 ZSL: unseen accuracy=0.5052
[262/300]  Loss_D: -0.4745 Loss_G: -2.4925, Wasserstein_dist:0.5780, vae_loss_seen:247.2763 GZSL: seen=0.9385, unseen=0.2500, h=0.3948 ZSL: unseen accuracy=0.5156
[263/300]  Loss_D: -0.4035 Loss_G: -5.0963, Wasserstein_dist:0.5388, vae_loss_seen:254.9597 GZSL: seen=0.7798, unseen=0.1927, h=0.3090 ZSL: unseen accuracy=0.5052
[264/300]  Loss_D: -0.4396 Loss_G: -5.3450, Wasserstein_dist:0.5643, vae_loss_seen:252.7698 GZSL: seen=0.8036, unseen=0.1823, h=0.2972 ZSL: unseen accuracy=0.5104
[265/300]  Loss_D: -0.5441 Loss_G: -0.6238, Wasserstein_dist:0.7372, vae_loss_seen:250.2253 GZSL: seen=0.6976, unseen=0.3438, h=0.4605 ZSL: unseen accuracy=0.4948
[266/300]  Loss_D: -0.3933 Loss_G: -4.3917, Wasserstein_dist:0.5399, vae_loss_seen:251.2362 GZSL: seen=0.7349, unseen=0.3594, h=0.4827 ZSL: unseen accuracy=0.4948
[267/300]  Loss_D: -0.4422 Loss_G: -0.1491, Wasserstein_dist:0.6384, vae_loss_seen:247.3279 GZSL: seen=0.9087, unseen=0.1927, h=0.3180 ZSL: unseen accuracy=0.5000
[268/300]  Loss_D: -0.4155 Loss_G: 0.0851, Wasserstein_dist:0.5775, vae_loss_seen:251.2833 GZSL: seen=0.8294, unseen=0.1875, h=0.3059 ZSL: unseen accuracy=0.5208
[269/300]  Loss_D: -0.4615 Loss_G: 0.0459, Wasserstein_dist:0.6147, vae_loss_seen:260.4546 GZSL: seen=0.9008, unseen=0.1823, h=0.3032 ZSL: unseen accuracy=0.5104
[270/300]  Loss_D: -0.4962 Loss_G: -2.5188, Wasserstein_dist:0.6844, vae_loss_seen:249.8348 GZSL: seen=0.7599, unseen=0.1927, h=0.3075 ZSL: unseen accuracy=0.5104
[271/300]  Loss_D: -0.4690 Loss_G: -2.6018, Wasserstein_dist:0.6120, vae_loss_seen:255.4949 GZSL: seen=0.7996, unseen=0.1719, h=0.2829 ZSL: unseen accuracy=0.5156
[272/300]  Loss_D: -0.5469 Loss_G: -3.0950, Wasserstein_dist:0.7227, vae_loss_seen:250.9475 GZSL: seen=0.9107, unseen=0.1771, h=0.2965 ZSL: unseen accuracy=0.5156
[273/300]  Loss_D: -0.4890 Loss_G: -1.9828, Wasserstein_dist:0.6599, vae_loss_seen:252.9753 GZSL: seen=0.9127, unseen=0.3229, h=0.4771 ZSL: unseen accuracy=0.5052
[274/300]  Loss_D: -0.6399 Loss_G: -2.8495, Wasserstein_dist:0.9637, vae_loss_seen:267.9089 GZSL: seen=0.7361, unseen=0.2708, h=0.3960 ZSL: unseen accuracy=0.5104
[275/300]  Loss_D: -0.4010 Loss_G: -3.4978, Wasserstein_dist:0.5790, vae_loss_seen:256.3033 GZSL: seen=0.7675, unseen=0.1927, h=0.3081 ZSL: unseen accuracy=0.5260
[276/300]  Loss_D: -0.5093 Loss_G: -6.5727, Wasserstein_dist:0.6388, vae_loss_seen:250.1443 GZSL: seen=0.7413, unseen=0.1823, h=0.2926 ZSL: unseen accuracy=0.4844
[277/300]  Loss_D: -0.5403 Loss_G: -5.4628, Wasserstein_dist:0.7001, vae_loss_seen:254.6598 GZSL: seen=0.7778, unseen=0.1927, h=0.3089 ZSL: unseen accuracy=0.5104
[278/300]  Loss_D: -0.4346 Loss_G: -4.3531, Wasserstein_dist:0.5729, vae_loss_seen:252.6401 GZSL: seen=0.8929, unseen=0.1979, h=0.3240 ZSL: unseen accuracy=0.5052
[279/300]  Loss_D: -0.3592 Loss_G: -3.5332, Wasserstein_dist:0.4779, vae_loss_seen:248.7904 GZSL: seen=0.8115, unseen=0.1927, h=0.3115 ZSL: unseen accuracy=0.5052
[280/300]  Loss_D: -0.4346 Loss_G: -4.2045, Wasserstein_dist:0.5732, vae_loss_seen:251.1181 GZSL: seen=0.7579, unseen=0.1927, h=0.3073 ZSL: unseen accuracy=0.4792
[281/300]  Loss_D: -0.5271 Loss_G: -5.0925, Wasserstein_dist:0.6713, vae_loss_seen:250.7736 GZSL: seen=0.7302, unseen=0.1927, h=0.3049 ZSL: unseen accuracy=0.5052
[282/300]  Loss_D: -0.3914 Loss_G: -4.7131, Wasserstein_dist:0.5015, vae_loss_seen:246.5004 GZSL: seen=0.8274, unseen=0.3594, h=0.5011 ZSL: unseen accuracy=0.5208
[283/300]  Loss_D: -0.4806 Loss_G: -5.9296, Wasserstein_dist:0.6699, vae_loss_seen:257.8429 GZSL: seen=0.7599, unseen=0.1979, h=0.3140 ZSL: unseen accuracy=0.5156
[284/300]  Loss_D: -0.3877 Loss_G: -3.7856, Wasserstein_dist:0.5458, vae_loss_seen:256.5739 GZSL: seen=0.7798, unseen=0.3542, h=0.4871 ZSL: unseen accuracy=0.5000
[285/300]  Loss_D: -0.4023 Loss_G: -4.8239, Wasserstein_dist:0.5276, vae_loss_seen:255.0914 GZSL: seen=0.9087, unseen=0.2917, h=0.4416 ZSL: unseen accuracy=0.5104
[286/300]  Loss_D: -0.3795 Loss_G: -2.9614, Wasserstein_dist:0.5307, vae_loss_seen:256.1953 GZSL: seen=0.7560, unseen=0.1927, h=0.3071 ZSL: unseen accuracy=0.5104
[287/300]  Loss_D: -0.5329 Loss_G: 0.7582, Wasserstein_dist:0.7153, vae_loss_seen:265.5153 GZSL: seen=0.8452, unseen=0.1875, h=0.3069 ZSL: unseen accuracy=0.5000
[288/300]  Loss_D: -0.4672 Loss_G: -1.4486, Wasserstein_dist:0.6253, vae_loss_seen:252.3077 GZSL: seen=0.8869, unseen=0.3438, h=0.4955 ZSL: unseen accuracy=0.5156
[289/300]  Loss_D: -0.4982 Loss_G: -3.7561, Wasserstein_dist:0.6400, vae_loss_seen:253.4774 GZSL: seen=0.8730, unseen=0.1771, h=0.2944 ZSL: unseen accuracy=0.5104
[290/300]  Loss_D: -0.3575 Loss_G: -3.3433, Wasserstein_dist:0.5063, vae_loss_seen:247.2229 GZSL: seen=0.8313, unseen=0.1771, h=0.2920 ZSL: unseen accuracy=0.4635
[291/300]  Loss_D: -0.4279 Loss_G: -4.5052, Wasserstein_dist:0.5376, vae_loss_seen:247.4586 GZSL: seen=0.8571, unseen=0.1771, h=0.2935 ZSL: unseen accuracy=0.5052
[292/300]  Loss_D: -0.5304 Loss_G: 0.3546, Wasserstein_dist:0.6792, vae_loss_seen:253.6022 GZSL: seen=0.7520, unseen=0.1875, h=0.3002 ZSL: unseen accuracy=0.5000
[293/300]  Loss_D: -0.4333 Loss_G: -2.4593, Wasserstein_dist:0.5926, vae_loss_seen:253.7893 GZSL: seen=0.8095, unseen=0.1979, h=0.3181 ZSL: unseen accuracy=0.5104
[294/300]  Loss_D: -0.4841 Loss_G: -1.4645, Wasserstein_dist:0.6016, vae_loss_seen:248.8953 GZSL: seen=0.8821, unseen=0.3333, h=0.4838 ZSL: unseen accuracy=0.5052
[295/300]  Loss_D: -0.4724 Loss_G: -2.2401, Wasserstein_dist:0.6547, vae_loss_seen:249.1263 GZSL: seen=0.9032, unseen=0.1823, h=0.3034 ZSL: unseen accuracy=0.5260
[296/300]  Loss_D: -0.4733 Loss_G: -0.6977, Wasserstein_dist:0.7089, vae_loss_seen:256.8589 GZSL: seen=0.7976, unseen=0.3594, h=0.4955 ZSL: unseen accuracy=0.5104
[297/300]  Loss_D: -0.4193 Loss_G: -6.6893, Wasserstein_dist:0.5759, vae_loss_seen:253.3470 GZSL: seen=0.7103, unseen=0.1875, h=0.2967 ZSL: unseen accuracy=0.5104
[298/300]  Loss_D: -0.5246 Loss_G: -2.7152, Wasserstein_dist:0.7335, vae_loss_seen:259.6545 GZSL: seen=0.9127, unseen=0.1979, h=0.3253 ZSL: unseen accuracy=0.5208
[299/300]  Loss_D: -0.4922 Loss_G: -6.3245, Wasserstein_dist:0.7048, vae_loss_seen:250.1725 GZSL: seen=0.7520, unseen=0.3438, h=0.4718 ZSL: unseen accuracy=0.5260
Dataset RADAR
the best ZSL unseen accuracy is 0.5885416666666666
Dataset RADAR
the best GZSL seen accuracy is 0.7420634920634921
the best GZSL unseen accuracy is 0.3854166666666667
the best GZSL H is 0.5073324534389207
