Random Seed:  3407
# of training samples:  538
Encoder(
  (fc1): Linear(in_features=1324, out_features=4096, bias=True)
  (fc3): Linear(in_features=4096, out_features=600, bias=True)
  (lrelu): LeakyReLU(0.2, inplace)
  (linear_means): Linear(in_features=600, out_features=300, bias=True)
  (linear_log_var): Linear(in_features=600, out_features=300, bias=True)
)
Generator(
  (fc1): Linear(in_features=600, out_features=4096, bias=True)
  (fc3): Linear(in_features=4096, out_features=1024, bias=True)
  (lrelu): LeakyReLU(0.2, inplace)
  (sigmoid): Sigmoid()
)
Discriminator_D1(
  (fc1): Linear(in_features=1324, out_features=4096, bias=True)
  (fc2): Linear(in_features=4096, out_features=1, bias=True)
  (lrelu): LeakyReLU(0.2, inplace)
)
Feedback(
  (fc1): Linear(in_features=4096, out_features=4096, bias=True)
  (fc2): Linear(in_features=4096, out_features=4096, bias=True)
  (lrelu): LeakyReLU(0.2, inplace)
)
AttDec(
  (fc1): Linear(in_features=1024, out_features=4096, bias=True)
  (fc3): Linear(in_features=4096, out_features=300, bias=True)
  (lrelu): LeakyReLU(0.2, inplace)
)
[0/300]  Loss_D: -106.3958 Loss_G: 1.0856, Wasserstein_dist:134.5168, vae_loss_seen:477.4794 GZSL: seen=0.9059, unseen=0.2500, h=0.3919 ZSL: unseen accuracy=0.4375
[1/300]  Loss_D: -100.4975 Loss_G: -0.0452, Wasserstein_dist:131.6913, vae_loss_seen:441.7228 GZSL: seen=0.8810, unseen=0.1771, h=0.2949 ZSL: unseen accuracy=0.5365
[2/300]  Loss_D: -58.9739 Loss_G: -3.0109, Wasserstein_dist:76.9417, vae_loss_seen:367.4945 GZSL: seen=0.8622, unseen=0.2865, h=0.4300 ZSL: unseen accuracy=0.5677
[3/300]  Loss_D: -34.9279 Loss_G: -4.6713, Wasserstein_dist:45.2016, vae_loss_seen:332.3129 GZSL: seen=0.9107, unseen=0.2760, h=0.4237 ZSL: unseen accuracy=0.5625
[4/300]  Loss_D: -20.7024 Loss_G: -5.6990, Wasserstein_dist:28.2788, vae_loss_seen:306.2884 GZSL: seen=0.8849, unseen=0.2969, h=0.4446 ZSL: unseen accuracy=0.5156
[5/300]  Loss_D: -15.5252 Loss_G: -6.1604, Wasserstein_dist:20.2906, vae_loss_seen:313.1121 GZSL: seen=0.7500, unseen=0.2448, h=0.3691 ZSL: unseen accuracy=0.5365
[6/300]  Loss_D: -14.8615 Loss_G: -6.0961, Wasserstein_dist:20.3403, vae_loss_seen:299.5003 GZSL: seen=0.8472, unseen=0.2969, h=0.4397 ZSL: unseen accuracy=0.5625
[7/300]  Loss_D: -13.7985 Loss_G: -5.5542, Wasserstein_dist:17.6976, vae_loss_seen:294.9230 GZSL: seen=0.9048, unseen=0.2969, h=0.4471 ZSL: unseen accuracy=0.5833
[8/300]  Loss_D: -14.8525 Loss_G: -4.5833, Wasserstein_dist:19.2122, vae_loss_seen:297.5241 GZSL: seen=0.8651, unseen=0.2656, h=0.4064 ZSL: unseen accuracy=0.4531
[9/300]  Loss_D: -13.3231 Loss_G: -4.3205, Wasserstein_dist:17.6952, vae_loss_seen:301.3075 GZSL: seen=0.7798, unseen=0.3906, h=0.5205 ZSL: unseen accuracy=0.5833
[10/300]  Loss_D: -16.5166 Loss_G: -2.7563, Wasserstein_dist:20.6172, vae_loss_seen:294.9674 GZSL: seen=0.9087, unseen=0.2604, h=0.4048 ZSL: unseen accuracy=0.5833
[11/300]  Loss_D: -13.6646 Loss_G: -0.5624, Wasserstein_dist:17.4098, vae_loss_seen:295.3130 GZSL: seen=0.8948, unseen=0.2708, h=0.4158 ZSL: unseen accuracy=0.5990
[12/300]  Loss_D: -14.8055 Loss_G: 1.3555, Wasserstein_dist:19.4762, vae_loss_seen:291.7588 GZSL: seen=0.8968, unseen=0.2552, h=0.3973 ZSL: unseen accuracy=0.5729
[13/300]  Loss_D: -16.2750 Loss_G: 2.0673, Wasserstein_dist:21.5054, vae_loss_seen:300.8705 GZSL: seen=0.9127, unseen=0.2344, h=0.3730 ZSL: unseen accuracy=0.5521
[14/300]  Loss_D: -17.9885 Loss_G: 3.4857, Wasserstein_dist:21.8153, vae_loss_seen:298.3475 GZSL: seen=0.8393, unseen=0.2500, h=0.3852 ZSL: unseen accuracy=0.5573
[15/300]  Loss_D: -17.2964 Loss_G: 3.0983, Wasserstein_dist:22.3810, vae_loss_seen:303.5652 GZSL: seen=0.7877, unseen=0.2708, h=0.4031 ZSL: unseen accuracy=0.5729
[16/300]  Loss_D: -16.6292 Loss_G: 4.5642, Wasserstein_dist:21.4905, vae_loss_seen:291.7383 GZSL: seen=0.8234, unseen=0.2500, h=0.3835 ZSL: unseen accuracy=0.5625
[17/300]  Loss_D: -15.0032 Loss_G: 5.3965, Wasserstein_dist:19.8290, vae_loss_seen:294.5548 GZSL: seen=0.9107, unseen=0.1927, h=0.3181 ZSL: unseen accuracy=0.5156
[18/300]  Loss_D: -19.0812 Loss_G: 3.5220, Wasserstein_dist:24.5312, vae_loss_seen:293.9697 GZSL: seen=0.6933, unseen=0.4375, h=0.5365 ZSL: unseen accuracy=0.5365
[19/300]  Loss_D: -15.9016 Loss_G: 6.4840, Wasserstein_dist:20.1696, vae_loss_seen:302.5147 GZSL: seen=0.7639, unseen=0.2656, h=0.3942 ZSL: unseen accuracy=0.5365
[20/300]  Loss_D: -16.0257 Loss_G: 6.2226, Wasserstein_dist:20.5694, vae_loss_seen:294.8312 GZSL: seen=0.7885, unseen=0.2292, h=0.3551 ZSL: unseen accuracy=0.5156
[21/300]  Loss_D: -15.3256 Loss_G: 7.1877, Wasserstein_dist:20.2073, vae_loss_seen:281.0823 GZSL: seen=0.9206, unseen=0.1927, h=0.3187 ZSL: unseen accuracy=0.5260
[22/300]  Loss_D: -16.4572 Loss_G: 7.1866, Wasserstein_dist:21.6535, vae_loss_seen:288.0726 GZSL: seen=0.8135, unseen=0.1927, h=0.3116 ZSL: unseen accuracy=0.5156
[23/300]  Loss_D: -14.3548 Loss_G: 8.6527, Wasserstein_dist:18.3819, vae_loss_seen:299.6393 GZSL: seen=0.7857, unseen=0.1927, h=0.3095 ZSL: unseen accuracy=0.4844
[24/300]  Loss_D: -15.5518 Loss_G: 9.2107, Wasserstein_dist:19.5569, vae_loss_seen:286.9884 GZSL: seen=0.7679, unseen=0.2031, h=0.3213 ZSL: unseen accuracy=0.4948
[25/300]  Loss_D: -13.2298 Loss_G: 8.2023, Wasserstein_dist:17.3826, vae_loss_seen:290.1306 GZSL: seen=0.6984, unseen=0.2292, h=0.3451 ZSL: unseen accuracy=0.5104
[26/300]  Loss_D: -14.8812 Loss_G: 7.8485, Wasserstein_dist:19.0559, vae_loss_seen:291.9351 GZSL: seen=0.7524, unseen=0.2083, h=0.3263 ZSL: unseen accuracy=0.5260
[27/300]  Loss_D: -14.7990 Loss_G: 9.2445, Wasserstein_dist:18.7122, vae_loss_seen:289.7533 GZSL: seen=0.8313, unseen=0.1979, h=0.3197 ZSL: unseen accuracy=0.5052
[28/300]  Loss_D: -13.0850 Loss_G: 9.2595, Wasserstein_dist:16.8694, vae_loss_seen:283.8774 GZSL: seen=0.7758, unseen=0.1927, h=0.3087 ZSL: unseen accuracy=0.4948
[29/300]  Loss_D: -15.1532 Loss_G: 9.2602, Wasserstein_dist:18.3856, vae_loss_seen:283.0842 GZSL: seen=0.7103, unseen=0.1979, h=0.3096 ZSL: unseen accuracy=0.4479
[30/300]  Loss_D: -12.0737 Loss_G: 9.7457, Wasserstein_dist:15.7302, vae_loss_seen:290.6537 GZSL: seen=0.8373, unseen=0.1823, h=0.2994 ZSL: unseen accuracy=0.4583
[31/300]  Loss_D: -14.2910 Loss_G: 7.4835, Wasserstein_dist:17.7978, vae_loss_seen:287.7988 GZSL: seen=0.8135, unseen=0.1875, h=0.3048 ZSL: unseen accuracy=0.5000
[32/300]  Loss_D: -11.4072 Loss_G: 11.0989, Wasserstein_dist:14.8467, vae_loss_seen:288.5748 GZSL: seen=0.7111, unseen=0.1875, h=0.2968 ZSL: unseen accuracy=0.5052
[33/300]  Loss_D: -10.4186 Loss_G: 10.2978, Wasserstein_dist:13.4794, vae_loss_seen:285.6902 GZSL: seen=0.8472, unseen=0.1875, h=0.3070 ZSL: unseen accuracy=0.3594
[34/300]  Loss_D: -9.0830 Loss_G: 11.3993, Wasserstein_dist:12.1331, vae_loss_seen:286.6112 GZSL: seen=0.8690, unseen=0.1823, h=0.3014 ZSL: unseen accuracy=0.4740
[35/300]  Loss_D: -11.5349 Loss_G: 11.4980, Wasserstein_dist:14.7426, vae_loss_seen:278.1710 GZSL: seen=0.8135, unseen=0.1823, h=0.2978 ZSL: unseen accuracy=0.4167
[36/300]  Loss_D: -9.7580 Loss_G: 11.1614, Wasserstein_dist:12.5800, vae_loss_seen:282.6921 GZSL: seen=0.8988, unseen=0.1771, h=0.2959 ZSL: unseen accuracy=0.3802
[37/300]  Loss_D: -9.9583 Loss_G: 11.8994, Wasserstein_dist:12.6508, vae_loss_seen:282.7261 GZSL: seen=0.6647, unseen=0.1927, h=0.2988 ZSL: unseen accuracy=0.3802
[38/300]  Loss_D: -11.4839 Loss_G: 11.2766, Wasserstein_dist:14.9209, vae_loss_seen:285.6338 GZSL: seen=0.8433, unseen=0.1771, h=0.2927 ZSL: unseen accuracy=0.4740
[39/300]  Loss_D: -8.5985 Loss_G: 12.7321, Wasserstein_dist:11.6447, vae_loss_seen:285.0281 GZSL: seen=0.7361, unseen=0.1771, h=0.2855 ZSL: unseen accuracy=0.3542
[40/300]  Loss_D: -7.9264 Loss_G: 12.6606, Wasserstein_dist:10.2630, vae_loss_seen:287.8441 GZSL: seen=0.8611, unseen=0.1719, h=0.2866 ZSL: unseen accuracy=0.5000
[41/300]  Loss_D: -9.6295 Loss_G: 13.3276, Wasserstein_dist:12.0011, vae_loss_seen:283.9727 GZSL: seen=0.8159, unseen=0.1719, h=0.2839 ZSL: unseen accuracy=0.4062
[42/300]  Loss_D: -9.3556 Loss_G: 11.9244, Wasserstein_dist:12.1799, vae_loss_seen:285.7038 GZSL: seen=0.6925, unseen=0.3333, h=0.4500 ZSL: unseen accuracy=0.3438
[43/300]  Loss_D: -8.5301 Loss_G: 14.8622, Wasserstein_dist:11.6800, vae_loss_seen:289.0958 GZSL: seen=0.8690, unseen=0.1719, h=0.2870 ZSL: unseen accuracy=0.5104
[44/300]  Loss_D: -11.8934 Loss_G: 13.1250, Wasserstein_dist:14.7898, vae_loss_seen:289.8332 GZSL: seen=0.8429, unseen=0.1771, h=0.2927 ZSL: unseen accuracy=0.3281
[45/300]  Loss_D: -8.3217 Loss_G: 15.4450, Wasserstein_dist:11.1288, vae_loss_seen:282.6287 GZSL: seen=0.8710, unseen=0.1562, h=0.2650 ZSL: unseen accuracy=0.4948
[46/300]  Loss_D: -8.8122 Loss_G: 12.9833, Wasserstein_dist:11.4886, vae_loss_seen:283.7549 GZSL: seen=0.8770, unseen=0.1562, h=0.2652 ZSL: unseen accuracy=0.4948
[47/300]  Loss_D: -9.0291 Loss_G: 14.8270, Wasserstein_dist:11.6278, vae_loss_seen:279.0278 GZSL: seen=0.8750, unseen=0.1615, h=0.2726 ZSL: unseen accuracy=0.4896
[48/300]  Loss_D: -10.8987 Loss_G: 14.3830, Wasserstein_dist:13.5130, vae_loss_seen:282.7122 GZSL: seen=0.8024, unseen=0.1615, h=0.2688 ZSL: unseen accuracy=0.4792
[49/300]  Loss_D: -8.5132 Loss_G: 14.0829, Wasserstein_dist:11.1523, vae_loss_seen:279.7535 GZSL: seen=0.8131, unseen=0.1771, h=0.2908 ZSL: unseen accuracy=0.3906
[50/300]  Loss_D: -9.0414 Loss_G: 16.0004, Wasserstein_dist:11.8052, vae_loss_seen:278.1766 GZSL: seen=0.8631, unseen=0.1562, h=0.2646 ZSL: unseen accuracy=0.4688
[51/300]  Loss_D: -9.1864 Loss_G: 14.9143, Wasserstein_dist:11.8734, vae_loss_seen:284.1390 GZSL: seen=0.6964, unseen=0.2135, h=0.3269 ZSL: unseen accuracy=0.4948
[52/300]  Loss_D: -9.4656 Loss_G: 16.1432, Wasserstein_dist:12.4989, vae_loss_seen:283.2683 GZSL: seen=0.7103, unseen=0.1719, h=0.2768 ZSL: unseen accuracy=0.4271
[53/300]  Loss_D: -10.1385 Loss_G: 17.3541, Wasserstein_dist:13.0605, vae_loss_seen:284.7735 GZSL: seen=0.8242, unseen=0.1562, h=0.2627 ZSL: unseen accuracy=0.4010
[54/300]  Loss_D: -6.2353 Loss_G: 17.4933, Wasserstein_dist:8.7027, vae_loss_seen:285.2317 GZSL: seen=0.7643, unseen=0.1458, h=0.2449 ZSL: unseen accuracy=0.4427
[55/300]  Loss_D: -7.1486 Loss_G: 17.4120, Wasserstein_dist:9.1184, vae_loss_seen:277.8476 GZSL: seen=0.6913, unseen=0.0573, h=0.1058 ZSL: unseen accuracy=0.4948
[56/300]  Loss_D: -8.2562 Loss_G: 15.8806, Wasserstein_dist:10.7196, vae_loss_seen:275.3027 GZSL: seen=0.7004, unseen=0.1510, h=0.2485 ZSL: unseen accuracy=0.4844
[57/300]  Loss_D: -9.2974 Loss_G: 19.4313, Wasserstein_dist:11.9961, vae_loss_seen:288.2257 GZSL: seen=0.8472, unseen=0.1615, h=0.2712 ZSL: unseen accuracy=0.5000
[58/300]  Loss_D: -8.2959 Loss_G: 18.5684, Wasserstein_dist:10.8534, vae_loss_seen:283.5900 GZSL: seen=0.7035, unseen=0.1458, h=0.2416 ZSL: unseen accuracy=0.4531
[59/300]  Loss_D: -6.5076 Loss_G: 18.6253, Wasserstein_dist:8.7966, vae_loss_seen:272.1971 GZSL: seen=0.8262, unseen=0.1458, h=0.2479 ZSL: unseen accuracy=0.4792
[60/300]  Loss_D: -8.6145 Loss_G: 17.9220, Wasserstein_dist:11.0199, vae_loss_seen:278.0520 GZSL: seen=0.8202, unseen=0.1667, h=0.2770 ZSL: unseen accuracy=0.5000
[61/300]  Loss_D: -9.5099 Loss_G: 18.3603, Wasserstein_dist:11.8503, vae_loss_seen:286.4027 GZSL: seen=0.8730, unseen=0.1615, h=0.2725 ZSL: unseen accuracy=0.4375
[62/300]  Loss_D: -8.6876 Loss_G: 21.0292, Wasserstein_dist:11.2257, vae_loss_seen:290.7734 GZSL: seen=0.8591, unseen=0.1615, h=0.2718 ZSL: unseen accuracy=0.5052
[63/300]  Loss_D: -9.4657 Loss_G: 23.3010, Wasserstein_dist:14.8013, vae_loss_seen:287.6154 GZSL: seen=0.6687, unseen=0.2656, h=0.3802 ZSL: unseen accuracy=0.4062
[64/300]  Loss_D: -8.0720 Loss_G: 20.5489, Wasserstein_dist:11.0623, vae_loss_seen:284.0054 GZSL: seen=0.6825, unseen=0.1719, h=0.2746 ZSL: unseen accuracy=0.4948
[65/300]  Loss_D: -10.1941 Loss_G: 19.3512, Wasserstein_dist:12.6090, vae_loss_seen:282.8900 GZSL: seen=0.6825, unseen=0.1719, h=0.2746 ZSL: unseen accuracy=0.4740
[66/300]  Loss_D: -8.5291 Loss_G: 19.6004, Wasserstein_dist:11.5957, vae_loss_seen:281.7955 GZSL: seen=0.8512, unseen=0.1667, h=0.2788 ZSL: unseen accuracy=0.4479
[67/300]  Loss_D: -8.0561 Loss_G: 20.0692, Wasserstein_dist:10.3160, vae_loss_seen:278.6387 GZSL: seen=0.7659, unseen=0.1719, h=0.2807 ZSL: unseen accuracy=0.4427
[68/300]  Loss_D: -8.5592 Loss_G: 20.3936, Wasserstein_dist:11.3654, vae_loss_seen:289.8200 GZSL: seen=0.8135, unseen=0.1250, h=0.2167 ZSL: unseen accuracy=0.4219
[69/300]  Loss_D: -7.9637 Loss_G: 19.4967, Wasserstein_dist:10.3834, vae_loss_seen:282.9496 GZSL: seen=0.8353, unseen=0.1615, h=0.2706 ZSL: unseen accuracy=0.5052
[70/300]  Loss_D: -9.3730 Loss_G: 19.8582, Wasserstein_dist:11.8820, vae_loss_seen:278.9002 GZSL: seen=0.7528, unseen=0.1510, h=0.2516 ZSL: unseen accuracy=0.4167
[71/300]  Loss_D: -6.8771 Loss_G: 20.3936, Wasserstein_dist:8.8511, vae_loss_seen:284.2029 GZSL: seen=0.6944, unseen=0.1823, h=0.2888 ZSL: unseen accuracy=0.4896
[72/300]  Loss_D: -8.2443 Loss_G: 19.9159, Wasserstein_dist:10.1617, vae_loss_seen:279.1875 GZSL: seen=0.8635, unseen=0.1458, h=0.2495 ZSL: unseen accuracy=0.5052
[73/300]  Loss_D: -7.6560 Loss_G: 21.7172, Wasserstein_dist:9.6446, vae_loss_seen:290.0281 GZSL: seen=0.7321, unseen=0.1823, h=0.2919 ZSL: unseen accuracy=0.4896
[74/300]  Loss_D: -9.9932 Loss_G: 20.5861, Wasserstein_dist:12.9421, vae_loss_seen:291.5666 GZSL: seen=0.7679, unseen=0.1771, h=0.2878 ZSL: unseen accuracy=0.5000
[75/300]  Loss_D: -7.6061 Loss_G: 21.0535, Wasserstein_dist:10.0785, vae_loss_seen:283.4707 GZSL: seen=0.7833, unseen=0.1198, h=0.2078 ZSL: unseen accuracy=0.4948
[76/300]  Loss_D: -7.4137 Loss_G: 21.9130, Wasserstein_dist:10.2047, vae_loss_seen:285.6431 GZSL: seen=0.7004, unseen=0.1667, h=0.2693 ZSL: unseen accuracy=0.4635
[77/300]  Loss_D: -8.9310 Loss_G: 21.4414, Wasserstein_dist:10.9428, vae_loss_seen:287.0515 GZSL: seen=0.6845, unseen=0.3385, h=0.4530 ZSL: unseen accuracy=0.4479
[78/300]  Loss_D: -8.6239 Loss_G: 21.5758, Wasserstein_dist:11.1720, vae_loss_seen:291.8960 GZSL: seen=0.8948, unseen=0.0729, h=0.1348 ZSL: unseen accuracy=0.4896
[79/300]  Loss_D: -8.4613 Loss_G: 22.1767, Wasserstein_dist:10.8438, vae_loss_seen:286.9452 GZSL: seen=0.7083, unseen=0.1823, h=0.2900 ZSL: unseen accuracy=0.4948
[80/300]  Loss_D: -7.9891 Loss_G: 22.3462, Wasserstein_dist:10.1487, vae_loss_seen:283.0664 GZSL: seen=0.7341, unseen=0.1562, h=0.2577 ZSL: unseen accuracy=0.5052
[81/300]  Loss_D: -8.5164 Loss_G: 21.1191, Wasserstein_dist:11.5679, vae_loss_seen:282.7574 GZSL: seen=0.6806, unseen=0.1719, h=0.2744 ZSL: unseen accuracy=0.5156
[82/300]  Loss_D: -9.3411 Loss_G: 21.5044, Wasserstein_dist:11.7630, vae_loss_seen:284.8363 GZSL: seen=0.7103, unseen=0.1354, h=0.2275 ZSL: unseen accuracy=0.4688
[83/300]  Loss_D: -8.0352 Loss_G: 23.0672, Wasserstein_dist:10.3964, vae_loss_seen:290.0944 GZSL: seen=0.8234, unseen=0.1823, h=0.2985 ZSL: unseen accuracy=0.4948
[84/300]  Loss_D: -9.1122 Loss_G: 21.4668, Wasserstein_dist:11.4575, vae_loss_seen:281.1265 GZSL: seen=0.6706, unseen=0.1667, h=0.2670 ZSL: unseen accuracy=0.4219
[85/300]  Loss_D: -8.0985 Loss_G: 20.5046, Wasserstein_dist:10.6979, vae_loss_seen:278.7458 GZSL: seen=0.7798, unseen=0.1719, h=0.2817 ZSL: unseen accuracy=0.4688
[86/300]  Loss_D: -6.6689 Loss_G: 22.9662, Wasserstein_dist:8.6004, vae_loss_seen:287.4488 GZSL: seen=0.9008, unseen=0.1667, h=0.2813 ZSL: unseen accuracy=0.5000
[87/300]  Loss_D: -6.7604 Loss_G: 22.3448, Wasserstein_dist:9.0972, vae_loss_seen:288.6158 GZSL: seen=0.7976, unseen=0.1562, h=0.2613 ZSL: unseen accuracy=0.4948
[88/300]  Loss_D: -7.1560 Loss_G: 21.4847, Wasserstein_dist:9.5801, vae_loss_seen:286.7295 GZSL: seen=0.8647, unseen=0.1667, h=0.2795 ZSL: unseen accuracy=0.4740
[89/300]  Loss_D: -6.7575 Loss_G: 23.1302, Wasserstein_dist:9.1908, vae_loss_seen:282.2660 GZSL: seen=0.9028, unseen=0.1510, h=0.2588 ZSL: unseen accuracy=0.5104
[90/300]  Loss_D: -7.4648 Loss_G: 23.6892, Wasserstein_dist:10.3952, vae_loss_seen:287.7357 GZSL: seen=0.6944, unseen=0.1719, h=0.2756 ZSL: unseen accuracy=0.5104
[91/300]  Loss_D: -6.8291 Loss_G: 22.4796, Wasserstein_dist:9.4427, vae_loss_seen:279.3315 GZSL: seen=0.8492, unseen=0.1667, h=0.2786 ZSL: unseen accuracy=0.4375
[92/300]  Loss_D: -8.4550 Loss_G: 21.6823, Wasserstein_dist:11.0940, vae_loss_seen:284.9875 GZSL: seen=0.8655, unseen=0.1562, h=0.2647 ZSL: unseen accuracy=0.5000
[93/300]  Loss_D: -6.2358 Loss_G: 21.4310, Wasserstein_dist:8.9249, vae_loss_seen:279.1327 GZSL: seen=0.7063, unseen=0.1667, h=0.2697 ZSL: unseen accuracy=0.5104
[94/300]  Loss_D: -8.1802 Loss_G: 22.8947, Wasserstein_dist:10.9749, vae_loss_seen:295.5923 GZSL: seen=0.7679, unseen=0.1667, h=0.2739 ZSL: unseen accuracy=0.5000
[95/300]  Loss_D: -6.9298 Loss_G: 21.0253, Wasserstein_dist:9.3553, vae_loss_seen:287.1945 GZSL: seen=0.6845, unseen=0.1771, h=0.2814 ZSL: unseen accuracy=0.5052
[96/300]  Loss_D: -6.8723 Loss_G: 21.7278, Wasserstein_dist:9.3315, vae_loss_seen:273.2196 GZSL: seen=0.6806, unseen=0.1875, h=0.2940 ZSL: unseen accuracy=0.5052
[97/300]  Loss_D: -7.3545 Loss_G: 24.6915, Wasserstein_dist:10.2001, vae_loss_seen:294.1477 GZSL: seen=0.7758, unseen=0.1719, h=0.2814 ZSL: unseen accuracy=0.5104
[98/300]  Loss_D: -8.5318 Loss_G: 21.7395, Wasserstein_dist:10.6849, vae_loss_seen:293.5287 GZSL: seen=0.7183, unseen=0.1875, h=0.2974 ZSL: unseen accuracy=0.5156
[99/300]  Loss_D: -8.0233 Loss_G: 22.0666, Wasserstein_dist:10.2256, vae_loss_seen:294.2661 GZSL: seen=0.7087, unseen=0.1771, h=0.2834 ZSL: unseen accuracy=0.5104
[100/300]  Loss_D: -7.7554 Loss_G: 21.1397, Wasserstein_dist:10.4732, vae_loss_seen:293.0438 GZSL: seen=0.7321, unseen=0.1823, h=0.2919 ZSL: unseen accuracy=0.4740
[101/300]  Loss_D: -10.1668 Loss_G: 19.3424, Wasserstein_dist:13.7137, vae_loss_seen:289.0196 GZSL: seen=0.7202, unseen=0.1615, h=0.2638 ZSL: unseen accuracy=0.5052
[102/300]  Loss_D: -6.5214 Loss_G: 22.5290, Wasserstein_dist:9.0812, vae_loss_seen:293.4253 GZSL: seen=0.8389, unseen=0.1719, h=0.2853 ZSL: unseen accuracy=0.5052
[103/300]  Loss_D: -6.1830 Loss_G: 21.5104, Wasserstein_dist:8.6590, vae_loss_seen:278.2383 GZSL: seen=0.6667, unseen=0.1667, h=0.2667 ZSL: unseen accuracy=0.4740
[104/300]  Loss_D: -8.1803 Loss_G: 22.4186, Wasserstein_dist:10.4969, vae_loss_seen:292.4965 GZSL: seen=0.7083, unseen=0.1719, h=0.2766 ZSL: unseen accuracy=0.4844
[105/300]  Loss_D: -8.7924 Loss_G: 20.7722, Wasserstein_dist:11.5263, vae_loss_seen:282.5897 GZSL: seen=0.6766, unseen=0.1823, h=0.2872 ZSL: unseen accuracy=0.5052
[106/300]  Loss_D: -7.8241 Loss_G: 21.7593, Wasserstein_dist:10.1804, vae_loss_seen:281.1637 GZSL: seen=0.7381, unseen=0.1667, h=0.2719 ZSL: unseen accuracy=0.5052
[107/300]  Loss_D: -7.6818 Loss_G: 21.3032, Wasserstein_dist:11.0297, vae_loss_seen:284.8274 GZSL: seen=0.9147, unseen=0.1719, h=0.2894 ZSL: unseen accuracy=0.5104
[108/300]  Loss_D: -8.0171 Loss_G: 21.7023, Wasserstein_dist:10.6151, vae_loss_seen:281.4725 GZSL: seen=0.7817, unseen=0.1302, h=0.2232 ZSL: unseen accuracy=0.5000
[109/300]  Loss_D: -7.9959 Loss_G: 21.3949, Wasserstein_dist:9.8511, vae_loss_seen:278.7537 GZSL: seen=0.6925, unseen=0.1823, h=0.2886 ZSL: unseen accuracy=0.5052
[110/300]  Loss_D: -7.3903 Loss_G: 21.9448, Wasserstein_dist:9.3852, vae_loss_seen:278.2594 GZSL: seen=0.8710, unseen=0.1667, h=0.2798 ZSL: unseen accuracy=0.5208
[111/300]  Loss_D: -9.0291 Loss_G: 21.4025, Wasserstein_dist:12.0169, vae_loss_seen:287.9733 GZSL: seen=0.7063, unseen=0.1771, h=0.2832 ZSL: unseen accuracy=0.5156
[112/300]  Loss_D: -6.6737 Loss_G: 20.5348, Wasserstein_dist:8.9565, vae_loss_seen:278.7320 GZSL: seen=0.8135, unseen=0.1823, h=0.2978 ZSL: unseen accuracy=0.5000
[113/300]  Loss_D: -7.9655 Loss_G: 23.1570, Wasserstein_dist:10.5539, vae_loss_seen:280.9321 GZSL: seen=0.7107, unseen=0.1719, h=0.2768 ZSL: unseen accuracy=0.4479
[114/300]  Loss_D: -7.0718 Loss_G: 20.4253, Wasserstein_dist:9.7047, vae_loss_seen:283.4704 GZSL: seen=0.8036, unseen=0.1615, h=0.2689 ZSL: unseen accuracy=0.5000
[115/300]  Loss_D: -8.0982 Loss_G: 21.4629, Wasserstein_dist:10.7059, vae_loss_seen:292.2221 GZSL: seen=0.7044, unseen=0.1719, h=0.2763 ZSL: unseen accuracy=0.4844
[116/300]  Loss_D: -7.3554 Loss_G: 20.6418, Wasserstein_dist:9.6642, vae_loss_seen:276.5955 GZSL: seen=0.7210, unseen=0.1771, h=0.2843 ZSL: unseen accuracy=0.5000
[117/300]  Loss_D: -6.8815 Loss_G: 20.0894, Wasserstein_dist:9.4698, vae_loss_seen:280.4929 GZSL: seen=0.6718, unseen=0.1875, h=0.2932 ZSL: unseen accuracy=0.5052
[118/300]  Loss_D: -7.2912 Loss_G: 21.0798, Wasserstein_dist:9.7610, vae_loss_seen:286.4286 GZSL: seen=0.6944, unseen=0.1927, h=0.3017 ZSL: unseen accuracy=0.5104
[119/300]  Loss_D: -6.8228 Loss_G: 20.3156, Wasserstein_dist:9.6354, vae_loss_seen:277.6648 GZSL: seen=0.8817, unseen=0.1354, h=0.2348 ZSL: unseen accuracy=0.5208
[120/300]  Loss_D: -8.6913 Loss_G: 20.6678, Wasserstein_dist:11.2312, vae_loss_seen:284.4171 GZSL: seen=0.6726, unseen=0.1823, h=0.2868 ZSL: unseen accuracy=0.5052
[121/300]  Loss_D: -7.3358 Loss_G: 20.7095, Wasserstein_dist:9.5807, vae_loss_seen:283.1840 GZSL: seen=0.8690, unseen=0.1823, h=0.3014 ZSL: unseen accuracy=0.5104
[122/300]  Loss_D: -7.2365 Loss_G: 20.5484, Wasserstein_dist:9.5925, vae_loss_seen:277.5053 GZSL: seen=0.7520, unseen=0.1979, h=0.3134 ZSL: unseen accuracy=0.5156
[123/300]  Loss_D: -8.2984 Loss_G: 21.4319, Wasserstein_dist:10.9188, vae_loss_seen:287.6054 GZSL: seen=0.7282, unseen=0.3385, h=0.4622 ZSL: unseen accuracy=0.5052
[124/300]  Loss_D: -8.0820 Loss_G: 20.8344, Wasserstein_dist:10.7684, vae_loss_seen:281.0083 GZSL: seen=0.7262, unseen=0.1302, h=0.2208 ZSL: unseen accuracy=0.5156
[125/300]  Loss_D: -8.9715 Loss_G: 20.7095, Wasserstein_dist:11.4524, vae_loss_seen:294.1064 GZSL: seen=0.7361, unseen=0.1875, h=0.2989 ZSL: unseen accuracy=0.5104
[126/300]  Loss_D: -7.8770 Loss_G: 18.0412, Wasserstein_dist:10.0024, vae_loss_seen:281.1311 GZSL: seen=0.7440, unseen=0.1771, h=0.2861 ZSL: unseen accuracy=0.5104
[127/300]  Loss_D: -7.2967 Loss_G: 20.0407, Wasserstein_dist:9.6073, vae_loss_seen:278.0630 GZSL: seen=0.8175, unseen=0.1719, h=0.2840 ZSL: unseen accuracy=0.5104
[128/300]  Loss_D: -6.8816 Loss_G: 20.5274, Wasserstein_dist:9.0061, vae_loss_seen:281.2895 GZSL: seen=0.7321, unseen=0.1823, h=0.2919 ZSL: unseen accuracy=0.5052
[129/300]  Loss_D: -7.1982 Loss_G: 19.9681, Wasserstein_dist:9.6957, vae_loss_seen:281.8136 GZSL: seen=0.7976, unseen=0.1875, h=0.3036 ZSL: unseen accuracy=0.4844
[130/300]  Loss_D: -7.7565 Loss_G: 20.2377, Wasserstein_dist:9.8469, vae_loss_seen:278.1993 GZSL: seen=0.7460, unseen=0.1823, h=0.2930 ZSL: unseen accuracy=0.5208
[131/300]  Loss_D: -7.6857 Loss_G: 17.4979, Wasserstein_dist:9.7993, vae_loss_seen:265.8897 GZSL: seen=0.7500, unseen=0.3385, h=0.4665 ZSL: unseen accuracy=0.5104
[132/300]  Loss_D: -7.4938 Loss_G: 19.8492, Wasserstein_dist:10.1011, vae_loss_seen:278.4981 GZSL: seen=0.7123, unseen=0.1771, h=0.2836 ZSL: unseen accuracy=0.5104
[133/300]  Loss_D: -8.3322 Loss_G: 19.3041, Wasserstein_dist:11.2266, vae_loss_seen:289.6786 GZSL: seen=0.7806, unseen=0.1719, h=0.2817 ZSL: unseen accuracy=0.5104
[134/300]  Loss_D: -7.2854 Loss_G: 19.7453, Wasserstein_dist:9.9642, vae_loss_seen:281.9931 GZSL: seen=0.7087, unseen=0.1667, h=0.2699 ZSL: unseen accuracy=0.4948
[135/300]  Loss_D: -6.9167 Loss_G: 17.8206, Wasserstein_dist:8.9669, vae_loss_seen:270.4530 GZSL: seen=0.7341, unseen=0.1875, h=0.2987 ZSL: unseen accuracy=0.5000
[136/300]  Loss_D: -6.8646 Loss_G: 19.5726, Wasserstein_dist:8.9993, vae_loss_seen:275.9251 GZSL: seen=0.6964, unseen=0.1875, h=0.2955 ZSL: unseen accuracy=0.5208
[137/300]  Loss_D: -6.8633 Loss_G: 18.7304, Wasserstein_dist:9.3896, vae_loss_seen:285.6577 GZSL: seen=0.7134, unseen=0.3229, h=0.4446 ZSL: unseen accuracy=0.5104
[138/300]  Loss_D: -6.9846 Loss_G: 18.1029, Wasserstein_dist:9.4296, vae_loss_seen:280.7131 GZSL: seen=0.8452, unseen=0.1771, h=0.2928 ZSL: unseen accuracy=0.5156
[139/300]  Loss_D: -5.2752 Loss_G: 19.9344, Wasserstein_dist:8.0957, vae_loss_seen:277.6540 GZSL: seen=0.7044, unseen=0.1771, h=0.2830 ZSL: unseen accuracy=0.4635
[140/300]  Loss_D: -8.3236 Loss_G: 16.5508, Wasserstein_dist:11.0893, vae_loss_seen:273.9715 GZSL: seen=0.7372, unseen=0.1719, h=0.2788 ZSL: unseen accuracy=0.5104
[141/300]  Loss_D: -6.3682 Loss_G: 18.3498, Wasserstein_dist:8.8895, vae_loss_seen:284.2021 GZSL: seen=0.7024, unseen=0.1615, h=0.2626 ZSL: unseen accuracy=0.5156
[142/300]  Loss_D: -6.4549 Loss_G: 19.6238, Wasserstein_dist:9.0334, vae_loss_seen:273.0365 GZSL: seen=0.7432, unseen=0.1875, h=0.2995 ZSL: unseen accuracy=0.5104
[143/300]  Loss_D: -8.7133 Loss_G: 20.8974, Wasserstein_dist:12.4484, vae_loss_seen:286.6462 GZSL: seen=0.6984, unseen=0.1667, h=0.2691 ZSL: unseen accuracy=0.5000
[144/300]  Loss_D: -5.8962 Loss_G: 18.1810, Wasserstein_dist:8.2602, vae_loss_seen:277.6120 GZSL: seen=0.8036, unseen=0.1823, h=0.2972 ZSL: unseen accuracy=0.5104
[145/300]  Loss_D: -7.1633 Loss_G: 18.7743, Wasserstein_dist:9.9034, vae_loss_seen:288.1972 GZSL: seen=0.7659, unseen=0.1823, h=0.2945 ZSL: unseen accuracy=0.4792
[146/300]  Loss_D: -8.8033 Loss_G: 18.2274, Wasserstein_dist:11.6180, vae_loss_seen:280.2829 GZSL: seen=0.7044, unseen=0.1875, h=0.2962 ZSL: unseen accuracy=0.4792
[147/300]  Loss_D: -7.2255 Loss_G: 17.7290, Wasserstein_dist:9.4153, vae_loss_seen:281.2177 GZSL: seen=0.8476, unseen=0.1771, h=0.2930 ZSL: unseen accuracy=0.5104
[148/300]  Loss_D: -6.4784 Loss_G: 17.7380, Wasserstein_dist:8.6098, vae_loss_seen:270.5420 GZSL: seen=0.7282, unseen=0.1927, h=0.3048 ZSL: unseen accuracy=0.5052
[149/300]  Loss_D: -7.0238 Loss_G: 17.2525, Wasserstein_dist:9.5747, vae_loss_seen:275.3660 GZSL: seen=0.8333, unseen=0.1823, h=0.2991 ZSL: unseen accuracy=0.5104
[150/300]  Loss_D: -7.4079 Loss_G: 16.1298, Wasserstein_dist:9.2657, vae_loss_seen:276.2236 GZSL: seen=0.7202, unseen=0.1875, h=0.2975 ZSL: unseen accuracy=0.5104
[151/300]  Loss_D: -6.9940 Loss_G: 18.2624, Wasserstein_dist:9.5586, vae_loss_seen:273.9278 GZSL: seen=0.7282, unseen=0.1875, h=0.2982 ZSL: unseen accuracy=0.5104
[152/300]  Loss_D: -7.4640 Loss_G: 15.4734, Wasserstein_dist:9.8069, vae_loss_seen:271.8173 GZSL: seen=0.8690, unseen=0.3490, h=0.4980 ZSL: unseen accuracy=0.5000
[153/300]  Loss_D: -7.4571 Loss_G: 17.1227, Wasserstein_dist:9.7565, vae_loss_seen:280.1398 GZSL: seen=0.7321, unseen=0.1927, h=0.3051 ZSL: unseen accuracy=0.5156
[154/300]  Loss_D: -6.4544 Loss_G: 18.3212, Wasserstein_dist:9.1043, vae_loss_seen:278.1674 GZSL: seen=0.7381, unseen=0.2083, h=0.3249 ZSL: unseen accuracy=0.5104
[155/300]  Loss_D: -7.5942 Loss_G: 17.0702, Wasserstein_dist:9.8688, vae_loss_seen:276.1944 GZSL: seen=0.7103, unseen=0.1979, h=0.3096 ZSL: unseen accuracy=0.5104
[156/300]  Loss_D: -6.0743 Loss_G: 20.0287, Wasserstein_dist:8.7230, vae_loss_seen:279.6950 GZSL: seen=0.7996, unseen=0.1823, h=0.2969 ZSL: unseen accuracy=0.5104
[157/300]  Loss_D: -7.6853 Loss_G: 16.8825, Wasserstein_dist:9.8989, vae_loss_seen:269.4697 GZSL: seen=0.7313, unseen=0.1719, h=0.2783 ZSL: unseen accuracy=0.5260
[158/300]  Loss_D: -7.0920 Loss_G: 16.6823, Wasserstein_dist:9.9782, vae_loss_seen:275.6205 GZSL: seen=0.7421, unseen=0.1875, h=0.2994 ZSL: unseen accuracy=0.5104
[159/300]  Loss_D: -5.4897 Loss_G: 17.8373, Wasserstein_dist:8.2733, vae_loss_seen:277.9182 GZSL: seen=0.7698, unseen=0.1823, h=0.2948 ZSL: unseen accuracy=0.5156
[160/300]  Loss_D: -6.8465 Loss_G: 16.9932, Wasserstein_dist:8.8290, vae_loss_seen:275.3690 GZSL: seen=0.7381, unseen=0.1875, h=0.2990 ZSL: unseen accuracy=0.5104
[161/300]  Loss_D: -6.2731 Loss_G: 19.8365, Wasserstein_dist:8.8063, vae_loss_seen:286.5522 GZSL: seen=0.7154, unseen=0.1823, h=0.2906 ZSL: unseen accuracy=0.5260
[162/300]  Loss_D: -6.6261 Loss_G: 17.0211, Wasserstein_dist:8.6759, vae_loss_seen:270.9846 GZSL: seen=0.7845, unseen=0.1771, h=0.2889 ZSL: unseen accuracy=0.5104
[163/300]  Loss_D: -6.1056 Loss_G: 18.1808, Wasserstein_dist:8.3714, vae_loss_seen:272.2693 GZSL: seen=0.7321, unseen=0.1823, h=0.2919 ZSL: unseen accuracy=0.5208
[164/300]  Loss_D: -6.1673 Loss_G: 18.9962, Wasserstein_dist:9.2735, vae_loss_seen:270.2238 GZSL: seen=0.7154, unseen=0.1875, h=0.2971 ZSL: unseen accuracy=0.5104
[165/300]  Loss_D: -7.1283 Loss_G: 18.2961, Wasserstein_dist:9.6599, vae_loss_seen:279.9216 GZSL: seen=0.7790, unseen=0.1510, h=0.2530 ZSL: unseen accuracy=0.5104
[166/300]  Loss_D: -6.7314 Loss_G: 18.0027, Wasserstein_dist:9.3753, vae_loss_seen:272.6277 GZSL: seen=0.6726, unseen=0.1927, h=0.2996 ZSL: unseen accuracy=0.5156
[167/300]  Loss_D: -5.2185 Loss_G: 16.1977, Wasserstein_dist:7.0735, vae_loss_seen:274.7517 GZSL: seen=0.6658, unseen=0.1979, h=0.3051 ZSL: unseen accuracy=0.5260
[168/300]  Loss_D: -6.9217 Loss_G: 16.2621, Wasserstein_dist:8.8464, vae_loss_seen:273.4080 GZSL: seen=0.7222, unseen=0.1875, h=0.2977 ZSL: unseen accuracy=0.5208
[169/300]  Loss_D: -7.8308 Loss_G: 15.2846, Wasserstein_dist:10.1565, vae_loss_seen:280.0486 GZSL: seen=0.7877, unseen=0.1823, h=0.2961 ZSL: unseen accuracy=0.5104
[170/300]  Loss_D: -7.8178 Loss_G: 16.2421, Wasserstein_dist:10.1934, vae_loss_seen:279.0889 GZSL: seen=0.7302, unseen=0.1875, h=0.2984 ZSL: unseen accuracy=0.5156
[171/300]  Loss_D: -7.4916 Loss_G: 16.7027, Wasserstein_dist:9.8476, vae_loss_seen:279.8725 GZSL: seen=0.8810, unseen=0.1875, h=0.3092 ZSL: unseen accuracy=0.5156
[172/300]  Loss_D: -6.6494 Loss_G: 15.2611, Wasserstein_dist:8.9983, vae_loss_seen:268.8562 GZSL: seen=0.7619, unseen=0.3594, h=0.4884 ZSL: unseen accuracy=0.5104
[173/300]  Loss_D: -7.0476 Loss_G: 13.1966, Wasserstein_dist:10.1385, vae_loss_seen:269.0872 GZSL: seen=0.7500, unseen=0.2969, h=0.4254 ZSL: unseen accuracy=0.5156
[174/300]  Loss_D: -5.7519 Loss_G: 16.4542, Wasserstein_dist:7.7550, vae_loss_seen:272.9165 GZSL: seen=0.7099, unseen=0.3542, h=0.4726 ZSL: unseen accuracy=0.5156
[175/300]  Loss_D: -5.7536 Loss_G: 15.0146, Wasserstein_dist:8.0338, vae_loss_seen:273.7628 GZSL: seen=0.6786, unseen=0.1875, h=0.2938 ZSL: unseen accuracy=0.5104
[176/300]  Loss_D: -7.1766 Loss_G: 15.9433, Wasserstein_dist:9.2791, vae_loss_seen:269.2091 GZSL: seen=0.7262, unseen=0.3490, h=0.4714 ZSL: unseen accuracy=0.5104
[177/300]  Loss_D: -5.8917 Loss_G: 16.5198, Wasserstein_dist:8.3768, vae_loss_seen:275.1629 GZSL: seen=0.7163, unseen=0.1927, h=0.3037 ZSL: unseen accuracy=0.5104
[178/300]  Loss_D: -5.0301 Loss_G: 14.7213, Wasserstein_dist:7.7677, vae_loss_seen:267.8324 GZSL: seen=0.8869, unseen=0.1875, h=0.3096 ZSL: unseen accuracy=0.5156
[179/300]  Loss_D: -5.7553 Loss_G: 14.2916, Wasserstein_dist:7.8844, vae_loss_seen:274.9403 GZSL: seen=0.8417, unseen=0.1823, h=0.2997 ZSL: unseen accuracy=0.5156
[180/300]  Loss_D: -6.2059 Loss_G: 16.4881, Wasserstein_dist:8.9911, vae_loss_seen:276.6886 GZSL: seen=0.7849, unseen=0.1771, h=0.2890 ZSL: unseen accuracy=0.5104
[181/300]  Loss_D: -6.3695 Loss_G: 13.4295, Wasserstein_dist:8.2583, vae_loss_seen:275.1656 GZSL: seen=0.7222, unseen=0.1562, h=0.2569 ZSL: unseen accuracy=0.5104
[182/300]  Loss_D: -7.2447 Loss_G: 13.8183, Wasserstein_dist:9.0607, vae_loss_seen:275.7751 GZSL: seen=0.7520, unseen=0.1823, h=0.2934 ZSL: unseen accuracy=0.4844
[183/300]  Loss_D: -6.4750 Loss_G: 15.3009, Wasserstein_dist:9.1890, vae_loss_seen:274.8729 GZSL: seen=0.8631, unseen=0.1771, h=0.2939 ZSL: unseen accuracy=0.5156
[184/300]  Loss_D: -6.5871 Loss_G: 15.0101, Wasserstein_dist:9.0311, vae_loss_seen:270.0094 GZSL: seen=0.7337, unseen=0.1875, h=0.2987 ZSL: unseen accuracy=0.5156
[185/300]  Loss_D: -6.6135 Loss_G: 15.8331, Wasserstein_dist:8.6266, vae_loss_seen:272.6064 GZSL: seen=0.7432, unseen=0.1823, h=0.2928 ZSL: unseen accuracy=0.5104
[186/300]  Loss_D: -7.8373 Loss_G: 13.3982, Wasserstein_dist:10.4214, vae_loss_seen:276.4730 GZSL: seen=0.8056, unseen=0.1823, h=0.2973 ZSL: unseen accuracy=0.4948
[187/300]  Loss_D: -7.0905 Loss_G: 17.4587, Wasserstein_dist:9.7245, vae_loss_seen:284.9527 GZSL: seen=0.7520, unseen=0.1875, h=0.3002 ZSL: unseen accuracy=0.5104
[188/300]  Loss_D: -5.9237 Loss_G: 15.0516, Wasserstein_dist:8.6527, vae_loss_seen:276.9355 GZSL: seen=0.7440, unseen=0.1719, h=0.2792 ZSL: unseen accuracy=0.5052
[189/300]  Loss_D: -6.9276 Loss_G: 15.6624, Wasserstein_dist:9.2002, vae_loss_seen:275.1313 GZSL: seen=0.7758, unseen=0.1719, h=0.2814 ZSL: unseen accuracy=0.5104
[190/300]  Loss_D: -6.2311 Loss_G: 16.2268, Wasserstein_dist:8.1982, vae_loss_seen:276.2584 GZSL: seen=0.7143, unseen=0.1719, h=0.2771 ZSL: unseen accuracy=0.5104
[191/300]  Loss_D: -4.9226 Loss_G: 14.5773, Wasserstein_dist:7.0289, vae_loss_seen:268.0436 GZSL: seen=0.7817, unseen=0.1823, h=0.2956 ZSL: unseen accuracy=0.5260
[192/300]  Loss_D: -5.9095 Loss_G: 16.5405, Wasserstein_dist:8.6566, vae_loss_seen:274.5733 GZSL: seen=0.7798, unseen=0.1927, h=0.3090 ZSL: unseen accuracy=0.5052
[193/300]  Loss_D: -6.6400 Loss_G: 13.5968, Wasserstein_dist:8.4744, vae_loss_seen:276.0148 GZSL: seen=0.7567, unseen=0.1927, h=0.3072 ZSL: unseen accuracy=0.5208
[194/300]  Loss_D: -5.0616 Loss_G: 15.3629, Wasserstein_dist:6.7374, vae_loss_seen:260.4296 GZSL: seen=0.7611, unseen=0.1927, h=0.3075 ZSL: unseen accuracy=0.5208
[195/300]  Loss_D: -6.6177 Loss_G: 13.3782, Wasserstein_dist:8.2461, vae_loss_seen:271.1616 GZSL: seen=0.8929, unseen=0.1823, h=0.3028 ZSL: unseen accuracy=0.5156
[196/300]  Loss_D: -6.3333 Loss_G: 14.1734, Wasserstein_dist:8.9448, vae_loss_seen:272.8349 GZSL: seen=0.7579, unseen=0.1875, h=0.3006 ZSL: unseen accuracy=0.5208
[197/300]  Loss_D: -6.4045 Loss_G: 14.4673, Wasserstein_dist:8.5342, vae_loss_seen:277.9239 GZSL: seen=0.7491, unseen=0.1667, h=0.2727 ZSL: unseen accuracy=0.4948
[198/300]  Loss_D: -6.2607 Loss_G: 14.2524, Wasserstein_dist:7.8823, vae_loss_seen:275.2757 GZSL: seen=0.6984, unseen=0.1875, h=0.2956 ZSL: unseen accuracy=0.5260
[199/300]  Loss_D: -7.9710 Loss_G: 15.1725, Wasserstein_dist:10.1638, vae_loss_seen:270.2932 GZSL: seen=0.7738, unseen=0.1875, h=0.3019 ZSL: unseen accuracy=0.4948
[200/300]  Loss_D: -6.0653 Loss_G: 13.3935, Wasserstein_dist:8.0973, vae_loss_seen:279.0642 GZSL: seen=0.8829, unseen=0.1823, h=0.3022 ZSL: unseen accuracy=0.5156
[201/300]  Loss_D: -6.8248 Loss_G: 16.5157, Wasserstein_dist:9.4275, vae_loss_seen:275.5656 GZSL: seen=0.8754, unseen=0.1823, h=0.3017 ZSL: unseen accuracy=0.5260
[202/300]  Loss_D: -7.0253 Loss_G: 13.1460, Wasserstein_dist:9.0219, vae_loss_seen:277.0555 GZSL: seen=0.7242, unseen=0.1927, h=0.3044 ZSL: unseen accuracy=0.5104
[203/300]  Loss_D: -6.4965 Loss_G: 14.1691, Wasserstein_dist:8.1985, vae_loss_seen:267.5560 GZSL: seen=0.8095, unseen=0.3438, h=0.4826 ZSL: unseen accuracy=0.5052
[204/300]  Loss_D: -6.3076 Loss_G: 13.5559, Wasserstein_dist:8.3763, vae_loss_seen:268.4683 GZSL: seen=0.7183, unseen=0.1927, h=0.3039 ZSL: unseen accuracy=0.5104
[205/300]  Loss_D: -7.2261 Loss_G: 11.7275, Wasserstein_dist:9.3595, vae_loss_seen:265.2866 GZSL: seen=0.7321, unseen=0.1823, h=0.2919 ZSL: unseen accuracy=0.5156
[206/300]  Loss_D: -5.7330 Loss_G: 14.1376, Wasserstein_dist:7.4343, vae_loss_seen:258.8149 GZSL: seen=0.8492, unseen=0.1823, h=0.3002 ZSL: unseen accuracy=0.5260
[207/300]  Loss_D: -7.7959 Loss_G: 10.5532, Wasserstein_dist:10.4035, vae_loss_seen:277.8418 GZSL: seen=0.9008, unseen=0.1823, h=0.3032 ZSL: unseen accuracy=0.5000
[208/300]  Loss_D: -6.1990 Loss_G: 16.2053, Wasserstein_dist:8.8021, vae_loss_seen:269.7664 GZSL: seen=0.7282, unseen=0.1979, h=0.3112 ZSL: unseen accuracy=0.4896
[209/300]  Loss_D: -6.0491 Loss_G: 13.0409, Wasserstein_dist:7.9526, vae_loss_seen:270.1270 GZSL: seen=0.6944, unseen=0.1875, h=0.2953 ZSL: unseen accuracy=0.5156
[210/300]  Loss_D: -5.5709 Loss_G: 12.7710, Wasserstein_dist:7.9362, vae_loss_seen:268.0880 GZSL: seen=0.8234, unseen=0.1927, h=0.3123 ZSL: unseen accuracy=0.5104
[211/300]  Loss_D: -5.1212 Loss_G: 13.3781, Wasserstein_dist:7.3080, vae_loss_seen:264.6473 GZSL: seen=0.7421, unseen=0.1823, h=0.2927 ZSL: unseen accuracy=0.5208
[212/300]  Loss_D: -6.1887 Loss_G: 16.0831, Wasserstein_dist:9.3187, vae_loss_seen:277.8252 GZSL: seen=0.7520, unseen=0.1875, h=0.3002 ZSL: unseen accuracy=0.5156
[213/300]  Loss_D: -6.0167 Loss_G: 11.7246, Wasserstein_dist:7.8903, vae_loss_seen:271.2463 GZSL: seen=0.6964, unseen=0.1823, h=0.2890 ZSL: unseen accuracy=0.5156
[214/300]  Loss_D: -7.3994 Loss_G: 13.8692, Wasserstein_dist:9.7254, vae_loss_seen:269.8839 GZSL: seen=0.8095, unseen=0.1823, h=0.2976 ZSL: unseen accuracy=0.5208
[215/300]  Loss_D: -5.2805 Loss_G: 12.1018, Wasserstein_dist:7.4376, vae_loss_seen:262.9564 GZSL: seen=0.8687, unseen=0.1719, h=0.2870 ZSL: unseen accuracy=0.5104
[216/300]  Loss_D: -5.8046 Loss_G: 11.4322, Wasserstein_dist:7.7923, vae_loss_seen:265.4798 GZSL: seen=0.7968, unseen=0.1875, h=0.3036 ZSL: unseen accuracy=0.5156
[217/300]  Loss_D: -6.0832 Loss_G: 13.8370, Wasserstein_dist:8.2471, vae_loss_seen:272.5208 GZSL: seen=0.7817, unseen=0.1927, h=0.3092 ZSL: unseen accuracy=0.5208
[218/300]  Loss_D: -3.9123 Loss_G: 11.4251, Wasserstein_dist:5.9981, vae_loss_seen:268.6948 GZSL: seen=0.7143, unseen=0.1875, h=0.2970 ZSL: unseen accuracy=0.5156
[219/300]  Loss_D: -6.7710 Loss_G: 12.1371, Wasserstein_dist:8.5608, vae_loss_seen:270.1862 GZSL: seen=0.8758, unseen=0.1719, h=0.2874 ZSL: unseen accuracy=0.5000
[220/300]  Loss_D: -5.8396 Loss_G: 11.2173, Wasserstein_dist:7.4608, vae_loss_seen:261.2522 GZSL: seen=0.8143, unseen=0.1615, h=0.2695 ZSL: unseen accuracy=0.5052
[221/300]  Loss_D: -6.7802 Loss_G: 12.2643, Wasserstein_dist:8.9008, vae_loss_seen:268.3564 GZSL: seen=0.6885, unseen=0.1823, h=0.2883 ZSL: unseen accuracy=0.5104
[222/300]  Loss_D: -5.7967 Loss_G: 12.8464, Wasserstein_dist:7.7567, vae_loss_seen:259.2852 GZSL: seen=0.6881, unseen=0.1927, h=0.3011 ZSL: unseen accuracy=0.5104
[223/300]  Loss_D: -4.9458 Loss_G: 13.8015, Wasserstein_dist:6.8964, vae_loss_seen:271.5065 GZSL: seen=0.9087, unseen=0.1771, h=0.2964 ZSL: unseen accuracy=0.5208
[224/300]  Loss_D: -5.8779 Loss_G: 13.4813, Wasserstein_dist:8.0088, vae_loss_seen:273.4083 GZSL: seen=0.7273, unseen=0.1771, h=0.2848 ZSL: unseen accuracy=0.5156
[225/300]  Loss_D: -7.2558 Loss_G: 11.4995, Wasserstein_dist:9.0231, vae_loss_seen:273.3549 GZSL: seen=0.7063, unseen=0.1927, h=0.3028 ZSL: unseen accuracy=0.5104
[226/300]  Loss_D: -5.1320 Loss_G: 12.2185, Wasserstein_dist:7.2066, vae_loss_seen:266.3530 GZSL: seen=0.7008, unseen=0.1667, h=0.2693 ZSL: unseen accuracy=0.5156
[227/300]  Loss_D: -6.0049 Loss_G: 12.9041, Wasserstein_dist:8.3410, vae_loss_seen:272.1544 GZSL: seen=0.7865, unseen=0.1875, h=0.3028 ZSL: unseen accuracy=0.5208
[228/300]  Loss_D: -6.7244 Loss_G: 12.2992, Wasserstein_dist:8.7454, vae_loss_seen:261.9864 GZSL: seen=0.8056, unseen=0.1875, h=0.3042 ZSL: unseen accuracy=0.5156
[229/300]  Loss_D: -5.8253 Loss_G: 11.4284, Wasserstein_dist:7.5264, vae_loss_seen:269.2453 GZSL: seen=0.6964, unseen=0.1979, h=0.3082 ZSL: unseen accuracy=0.5104
[230/300]  Loss_D: -7.1291 Loss_G: 13.7779, Wasserstein_dist:9.3910, vae_loss_seen:265.7007 GZSL: seen=0.7222, unseen=0.1979, h=0.3107 ZSL: unseen accuracy=0.5260
[231/300]  Loss_D: -5.5722 Loss_G: 14.2347, Wasserstein_dist:7.9389, vae_loss_seen:273.0904 GZSL: seen=0.7480, unseen=0.1875, h=0.2998 ZSL: unseen accuracy=0.5156
[232/300]  Loss_D: -5.6065 Loss_G: 12.2229, Wasserstein_dist:7.4464, vae_loss_seen:270.8465 GZSL: seen=0.7937, unseen=0.2969, h=0.4321 ZSL: unseen accuracy=0.5156
[233/300]  Loss_D: -7.2414 Loss_G: 11.2135, Wasserstein_dist:9.1904, vae_loss_seen:273.0457 GZSL: seen=0.9187, unseen=0.1823, h=0.3042 ZSL: unseen accuracy=0.5156
[234/300]  Loss_D: -6.1114 Loss_G: 9.1242, Wasserstein_dist:8.4228, vae_loss_seen:268.2733 GZSL: seen=0.7798, unseen=0.1823, h=0.2955 ZSL: unseen accuracy=0.5104
[235/300]  Loss_D: -7.8084 Loss_G: 9.6684, Wasserstein_dist:10.2119, vae_loss_seen:269.2482 GZSL: seen=0.7044, unseen=0.1823, h=0.2896 ZSL: unseen accuracy=0.4948
[236/300]  Loss_D: -7.7241 Loss_G: 10.7083, Wasserstein_dist:10.5551, vae_loss_seen:267.4409 GZSL: seen=0.6710, unseen=0.1927, h=0.2994 ZSL: unseen accuracy=0.5104
[237/300]  Loss_D: -5.8451 Loss_G: 14.3277, Wasserstein_dist:8.4024, vae_loss_seen:268.3027 GZSL: seen=0.7183, unseen=0.2031, h=0.3167 ZSL: unseen accuracy=0.5000
[238/300]  Loss_D: -5.1595 Loss_G: 12.0738, Wasserstein_dist:6.8875, vae_loss_seen:264.9283 GZSL: seen=0.7440, unseen=0.1875, h=0.2995 ZSL: unseen accuracy=0.5156
[239/300]  Loss_D: -6.6978 Loss_G: 10.5532, Wasserstein_dist:8.6270, vae_loss_seen:270.3753 GZSL: seen=0.8294, unseen=0.0677, h=0.1252 ZSL: unseen accuracy=0.5104
[240/300]  Loss_D: -6.2547 Loss_G: 9.0812, Wasserstein_dist:8.0165, vae_loss_seen:263.9337 GZSL: seen=0.7008, unseen=0.1875, h=0.2958 ZSL: unseen accuracy=0.5260
[241/300]  Loss_D: -5.4760 Loss_G: 10.8844, Wasserstein_dist:7.4835, vae_loss_seen:269.5202 GZSL: seen=0.7440, unseen=0.1875, h=0.2995 ZSL: unseen accuracy=0.5104
[242/300]  Loss_D: -5.9065 Loss_G: 13.2965, Wasserstein_dist:7.6636, vae_loss_seen:268.9787 GZSL: seen=0.8798, unseen=0.1823, h=0.3020 ZSL: unseen accuracy=0.5000
[243/300]  Loss_D: -6.1066 Loss_G: 10.3737, Wasserstein_dist:8.0684, vae_loss_seen:276.7256 GZSL: seen=0.7222, unseen=0.2604, h=0.3828 ZSL: unseen accuracy=0.5104
[244/300]  Loss_D: -4.5036 Loss_G: 11.1887, Wasserstein_dist:6.5107, vae_loss_seen:259.0869 GZSL: seen=0.7837, unseen=0.1719, h=0.2819 ZSL: unseen accuracy=0.5052
[245/300]  Loss_D: -5.3368 Loss_G: 12.3808, Wasserstein_dist:7.1323, vae_loss_seen:268.8380 GZSL: seen=0.6944, unseen=0.1927, h=0.3017 ZSL: unseen accuracy=0.5104
[246/300]  Loss_D: -5.4315 Loss_G: 11.4455, Wasserstein_dist:7.1893, vae_loss_seen:266.6084 GZSL: seen=0.8175, unseen=0.1875, h=0.3050 ZSL: unseen accuracy=0.5104
[247/300]  Loss_D: -7.4791 Loss_G: 11.7802, Wasserstein_dist:10.1132, vae_loss_seen:270.9851 GZSL: seen=0.8115, unseen=0.1615, h=0.2693 ZSL: unseen accuracy=0.4896
[248/300]  Loss_D: -5.6198 Loss_G: 10.3350, Wasserstein_dist:7.6878, vae_loss_seen:276.4991 GZSL: seen=0.7496, unseen=0.1979, h=0.3132 ZSL: unseen accuracy=0.5104
[249/300]  Loss_D: -5.2824 Loss_G: 11.0974, Wasserstein_dist:6.9608, vae_loss_seen:274.4614 GZSL: seen=0.7659, unseen=0.1875, h=0.3012 ZSL: unseen accuracy=0.5260
[250/300]  Loss_D: -5.2041 Loss_G: 12.4855, Wasserstein_dist:7.7759, vae_loss_seen:269.0424 GZSL: seen=0.7202, unseen=0.3594, h=0.4795 ZSL: unseen accuracy=0.5104
[251/300]  Loss_D: -6.4397 Loss_G: 10.4352, Wasserstein_dist:8.5103, vae_loss_seen:269.5743 GZSL: seen=0.7163, unseen=0.1771, h=0.2840 ZSL: unseen accuracy=0.5104
[252/300]  Loss_D: -6.0267 Loss_G: 13.2505, Wasserstein_dist:8.0854, vae_loss_seen:271.7588 GZSL: seen=0.7063, unseen=0.1927, h=0.3028 ZSL: unseen accuracy=0.5104
[253/300]  Loss_D: -5.8788 Loss_G: 12.2536, Wasserstein_dist:8.0252, vae_loss_seen:261.0690 GZSL: seen=0.6726, unseen=0.1875, h=0.2933 ZSL: unseen accuracy=0.5104
[254/300]  Loss_D: -6.6368 Loss_G: 11.6585, Wasserstein_dist:8.4270, vae_loss_seen:271.0030 GZSL: seen=0.7361, unseen=0.3542, h=0.4782 ZSL: unseen accuracy=0.5000
[255/300]  Loss_D: -5.6581 Loss_G: 11.1796, Wasserstein_dist:7.6506, vae_loss_seen:274.1464 GZSL: seen=0.8738, unseen=0.1719, h=0.2872 ZSL: unseen accuracy=0.5156
[256/300]  Loss_D: -6.0635 Loss_G: 11.1639, Wasserstein_dist:8.0630, vae_loss_seen:276.4516 GZSL: seen=0.7619, unseen=0.1927, h=0.3076 ZSL: unseen accuracy=0.5260
[257/300]  Loss_D: -7.5285 Loss_G: 11.4354, Wasserstein_dist:9.8952, vae_loss_seen:266.7153 GZSL: seen=0.8639, unseen=0.1823, h=0.3011 ZSL: unseen accuracy=0.5208
[258/300]  Loss_D: -4.5015 Loss_G: 10.5463, Wasserstein_dist:6.0260, vae_loss_seen:256.9948 GZSL: seen=0.8909, unseen=0.1823, h=0.3027 ZSL: unseen accuracy=0.5156
[259/300]  Loss_D: -5.6691 Loss_G: 10.9602, Wasserstein_dist:7.6249, vae_loss_seen:265.3145 GZSL: seen=0.7540, unseen=0.1927, h=0.3070 ZSL: unseen accuracy=0.5104
[260/300]  Loss_D: -4.1822 Loss_G: 10.2190, Wasserstein_dist:5.5676, vae_loss_seen:267.4207 GZSL: seen=0.6925, unseen=0.1927, h=0.3015 ZSL: unseen accuracy=0.5156
[261/300]  Loss_D: -6.6410 Loss_G: 9.4524, Wasserstein_dist:8.5316, vae_loss_seen:278.1434 GZSL: seen=0.8810, unseen=0.1771, h=0.2949 ZSL: unseen accuracy=0.5156
[262/300]  Loss_D: -5.2533 Loss_G: 10.9928, Wasserstein_dist:6.9036, vae_loss_seen:261.3451 GZSL: seen=0.7917, unseen=0.1927, h=0.3100 ZSL: unseen accuracy=0.5208
[263/300]  Loss_D: -5.0214 Loss_G: 8.7557, Wasserstein_dist:7.1377, vae_loss_seen:269.0934 GZSL: seen=0.7000, unseen=0.1927, h=0.3022 ZSL: unseen accuracy=0.5156
[264/300]  Loss_D: -5.6294 Loss_G: 10.4228, Wasserstein_dist:7.2034, vae_loss_seen:268.6901 GZSL: seen=0.7964, unseen=0.1875, h=0.3035 ZSL: unseen accuracy=0.5052
[265/300]  Loss_D: -5.7379 Loss_G: 12.3523, Wasserstein_dist:7.7125, vae_loss_seen:263.9865 GZSL: seen=0.7917, unseen=0.1875, h=0.3032 ZSL: unseen accuracy=0.5052
[266/300]  Loss_D: -5.3181 Loss_G: 11.7772, Wasserstein_dist:7.3447, vae_loss_seen:268.2982 GZSL: seen=0.7560, unseen=0.2031, h=0.3202 ZSL: unseen accuracy=0.5104
[267/300]  Loss_D: -4.5516 Loss_G: 12.2560, Wasserstein_dist:6.5609, vae_loss_seen:260.2657 GZSL: seen=0.7798, unseen=0.1875, h=0.3023 ZSL: unseen accuracy=0.5052
[268/300]  Loss_D: -5.8322 Loss_G: 15.2944, Wasserstein_dist:7.9967, vae_loss_seen:266.9259 GZSL: seen=0.7321, unseen=0.1719, h=0.2784 ZSL: unseen accuracy=0.5312
[269/300]  Loss_D: -6.3684 Loss_G: 12.4337, Wasserstein_dist:8.2966, vae_loss_seen:273.4270 GZSL: seen=0.8075, unseen=0.2031, h=0.3246 ZSL: unseen accuracy=0.5156
[270/300]  Loss_D: -6.0243 Loss_G: 11.4391, Wasserstein_dist:8.0209, vae_loss_seen:264.5238 GZSL: seen=0.7381, unseen=0.1823, h=0.2924 ZSL: unseen accuracy=0.5000
[271/300]  Loss_D: -5.3335 Loss_G: 10.4651, Wasserstein_dist:7.1961, vae_loss_seen:268.6268 GZSL: seen=0.7321, unseen=0.1927, h=0.3051 ZSL: unseen accuracy=0.5156
[272/300]  Loss_D: -6.2091 Loss_G: 9.9048, Wasserstein_dist:8.1700, vae_loss_seen:264.7973 GZSL: seen=0.9048, unseen=0.1823, h=0.3034 ZSL: unseen accuracy=0.5260
[273/300]  Loss_D: -5.6609 Loss_G: 11.0131, Wasserstein_dist:7.4879, vae_loss_seen:266.7957 GZSL: seen=0.7540, unseen=0.1875, h=0.3003 ZSL: unseen accuracy=0.5156
[274/300]  Loss_D: -8.1583 Loss_G: 10.9255, Wasserstein_dist:11.0903, vae_loss_seen:283.0493 GZSL: seen=0.9127, unseen=0.1875, h=0.3111 ZSL: unseen accuracy=0.5156
[275/300]  Loss_D: -5.1831 Loss_G: 10.9990, Wasserstein_dist:7.2820, vae_loss_seen:271.2553 GZSL: seen=0.7083, unseen=0.1979, h=0.3094 ZSL: unseen accuracy=0.5156
[276/300]  Loss_D: -6.1496 Loss_G: 9.2711, Wasserstein_dist:7.8632, vae_loss_seen:266.6727 GZSL: seen=0.7877, unseen=0.1771, h=0.2892 ZSL: unseen accuracy=0.5156
[277/300]  Loss_D: -6.4545 Loss_G: 9.5969, Wasserstein_dist:7.9767, vae_loss_seen:270.5900 GZSL: seen=0.7024, unseen=0.2031, h=0.3151 ZSL: unseen accuracy=0.5156
[278/300]  Loss_D: -5.2817 Loss_G: 8.7036, Wasserstein_dist:7.2195, vae_loss_seen:266.2832 GZSL: seen=0.7361, unseen=0.3542, h=0.4782 ZSL: unseen accuracy=0.5156
[279/300]  Loss_D: -4.8982 Loss_G: 10.3634, Wasserstein_dist:6.4486, vae_loss_seen:263.3792 GZSL: seen=0.7361, unseen=0.1875, h=0.2989 ZSL: unseen accuracy=0.5208
[280/300]  Loss_D: -4.4677 Loss_G: 8.9188, Wasserstein_dist:6.0313, vae_loss_seen:265.0973 GZSL: seen=0.8929, unseen=0.1875, h=0.3099 ZSL: unseen accuracy=0.5052
[281/300]  Loss_D: -5.2725 Loss_G: 8.4100, Wasserstein_dist:6.7496, vae_loss_seen:264.6040 GZSL: seen=0.8929, unseen=0.1771, h=0.2955 ZSL: unseen accuracy=0.5104
[282/300]  Loss_D: -4.4137 Loss_G: 9.5258, Wasserstein_dist:6.2260, vae_loss_seen:261.4438 GZSL: seen=0.7143, unseen=0.1823, h=0.2905 ZSL: unseen accuracy=0.5260
[283/300]  Loss_D: -5.7461 Loss_G: 10.4930, Wasserstein_dist:7.2306, vae_loss_seen:274.6156 GZSL: seen=0.7440, unseen=0.1927, h=0.3061 ZSL: unseen accuracy=0.5156
[284/300]  Loss_D: -5.5376 Loss_G: 7.6146, Wasserstein_dist:7.4963, vae_loss_seen:268.4686 GZSL: seen=0.8552, unseen=0.1927, h=0.3145 ZSL: unseen accuracy=0.5156
[285/300]  Loss_D: -4.9760 Loss_G: 8.2897, Wasserstein_dist:7.0994, vae_loss_seen:268.9089 GZSL: seen=0.8730, unseen=0.1875, h=0.3087 ZSL: unseen accuracy=0.5208
[286/300]  Loss_D: -6.0107 Loss_G: 10.0131, Wasserstein_dist:7.9281, vae_loss_seen:270.2148 GZSL: seen=0.6952, unseen=0.1875, h=0.2953 ZSL: unseen accuracy=0.5156
[287/300]  Loss_D: -6.8011 Loss_G: 12.3280, Wasserstein_dist:8.9097, vae_loss_seen:277.2762 GZSL: seen=0.8254, unseen=0.1875, h=0.3056 ZSL: unseen accuracy=0.5156
[288/300]  Loss_D: -5.7369 Loss_G: 11.1469, Wasserstein_dist:7.6037, vae_loss_seen:265.2524 GZSL: seen=0.8801, unseen=0.1927, h=0.3162 ZSL: unseen accuracy=0.5312
[289/300]  Loss_D: -5.4878 Loss_G: 9.7113, Wasserstein_dist:7.7374, vae_loss_seen:267.8864 GZSL: seen=0.8512, unseen=0.1771, h=0.2932 ZSL: unseen accuracy=0.5208
[290/300]  Loss_D: -5.7129 Loss_G: 9.4587, Wasserstein_dist:7.4179, vae_loss_seen:260.3127 GZSL: seen=0.7619, unseen=0.1927, h=0.3076 ZSL: unseen accuracy=0.5104
[291/300]  Loss_D: -5.2963 Loss_G: 9.5121, Wasserstein_dist:6.8443, vae_loss_seen:262.2032 GZSL: seen=0.7817, unseen=0.1875, h=0.3025 ZSL: unseen accuracy=0.5156
[292/300]  Loss_D: -5.6414 Loss_G: 11.1397, Wasserstein_dist:7.3370, vae_loss_seen:265.0765 GZSL: seen=0.7405, unseen=0.3229, h=0.4497 ZSL: unseen accuracy=0.5052
[293/300]  Loss_D: -5.3959 Loss_G: 10.3377, Wasserstein_dist:7.0527, vae_loss_seen:267.0297 GZSL: seen=0.8575, unseen=0.1979, h=0.3216 ZSL: unseen accuracy=0.5312
[294/300]  Loss_D: -5.1052 Loss_G: 10.4997, Wasserstein_dist:7.0660, vae_loss_seen:261.3373 GZSL: seen=0.7798, unseen=0.3542, h=0.4871 ZSL: unseen accuracy=0.5104
[295/300]  Loss_D: -5.5410 Loss_G: 13.6053, Wasserstein_dist:7.8530, vae_loss_seen:265.6206 GZSL: seen=0.7702, unseen=0.1823, h=0.2948 ZSL: unseen accuracy=0.5156
[296/300]  Loss_D: -6.0732 Loss_G: 8.0152, Wasserstein_dist:8.8357, vae_loss_seen:266.3720 GZSL: seen=0.7381, unseen=0.1927, h=0.3056 ZSL: unseen accuracy=0.5104
[297/300]  Loss_D: -4.5555 Loss_G: 9.2516, Wasserstein_dist:6.4111, vae_loss_seen:269.9845 GZSL: seen=0.7512, unseen=0.1875, h=0.3001 ZSL: unseen accuracy=0.5104
[298/300]  Loss_D: -6.7935 Loss_G: 8.5252, Wasserstein_dist:8.9321, vae_loss_seen:272.1646 GZSL: seen=0.7460, unseen=0.1875, h=0.2997 ZSL: unseen accuracy=0.5156
[299/300]  Loss_D: -5.5381 Loss_G: 8.6332, Wasserstein_dist:7.3809, vae_loss_seen:265.7867 GZSL: seen=0.7063, unseen=0.1927, h=0.3028 ZSL: unseen accuracy=0.5260
Dataset RADAR
the best ZSL unseen accuracy is 0.5989583333333334
Dataset RADAR
the best GZSL seen accuracy is 0.6933106575963719
the best GZSL unseen accuracy is 0.4375
the best GZSL H is 0.536470735681163
