CUDA_VISIBLE_DEVICES=0 OMP_NUM_THREADS=4 python train_images.py --gammaD 10 --gammaG 10                 --manualSeed 3407 --encoded_noise --preprocessing --cuda --image_embedding SqueezeNet_512_T --class_embedding Video_1024_gzsl                 --nepoch 300 --ngh 4096 --ndh 4096 --lr 0.0001 --classifier_lr 0.001 --lambda1 10 --critic_iter 5 --dataroot datasets --dataset RADAR                 --nclass_all 27 --batch_size 128 --nz 1024 --latent_size 1024 --attSize 1024 --resSize 512 --syn_num 320                 --gzsl --recons_weight 0.05 --a1 0 --a2 0 --feed_lr 0.00001 --dec_lr 0.0001 --feedback_loop 2
Random Seed:  3407
# of training samples:  538
Encoder(
  (fc1): Linear(in_features=1536, out_features=4096, bias=True)
  (fc3): Linear(in_features=4096, out_features=2048, bias=True)
  (lrelu): LeakyReLU(0.2, inplace)
  (linear_means): Linear(in_features=2048, out_features=1024, bias=True)
  (linear_log_var): Linear(in_features=2048, out_features=1024, bias=True)
)
Generator(
  (fc1): Linear(in_features=2048, out_features=4096, bias=True)
  (fc3): Linear(in_features=4096, out_features=512, bias=True)
  (lrelu): LeakyReLU(0.2, inplace)
  (sigmoid): Sigmoid()
)
Discriminator_D1(
  (fc1): Linear(in_features=1536, out_features=4096, bias=True)
  (fc2): Linear(in_features=4096, out_features=1, bias=True)
  (lrelu): LeakyReLU(0.2, inplace)
)
Feedback(
  (fc1): Linear(in_features=4096, out_features=4096, bias=True)
  (fc2): Linear(in_features=4096, out_features=4096, bias=True)
  (lrelu): LeakyReLU(0.2, inplace)
)
AttDec(
  (fc1): Linear(in_features=512, out_features=4096, bias=True)
  (fc3): Linear(in_features=4096, out_features=1024, bias=True)
  (lrelu): LeakyReLU(0.2, inplace)
)
[0/300]  Loss_D: -15.9526 Loss_G: 5.6726, Wasserstein_dist:16.8052, vae_loss_seen:395.1118 GZSL: seen=0.8873, unseen=0.1510, h=0.2581 ZSL: unseen accuracy=0.3073
[1/300]  Loss_D: -19.1441 Loss_G: 1.5264, Wasserstein_dist:19.5818, vae_loss_seen:344.7345 GZSL: seen=0.9349, unseen=0.2344, h=0.3748 ZSL: unseen accuracy=0.3750
[2/300]  Loss_D: -12.5771 Loss_G: -1.0258, Wasserstein_dist:13.1693, vae_loss_seen:317.4389 GZSL: seen=0.8172, unseen=0.3073, h=0.4466 ZSL: unseen accuracy=0.3646
[3/300]  Loss_D: -26.6007 Loss_G: -1.1823, Wasserstein_dist:27.3426, vae_loss_seen:310.0382 GZSL: seen=0.7484, unseen=0.2865, h=0.4143 ZSL: unseen accuracy=0.4167
[4/300]  Loss_D: -32.7812 Loss_G: -2.3230, Wasserstein_dist:40.0266, vae_loss_seen:292.2327 GZSL: seen=0.8933, unseen=0.2969, h=0.4456 ZSL: unseen accuracy=0.3958
[5/300]  Loss_D: -14.4342 Loss_G: -3.9898, Wasserstein_dist:25.4060, vae_loss_seen:289.1949 GZSL: seen=0.8999, unseen=0.3229, h=0.4753 ZSL: unseen accuracy=0.4271
[6/300]  Loss_D: -18.1963 Loss_G: -3.7894, Wasserstein_dist:23.1215, vae_loss_seen:279.2372 GZSL: seen=0.7532, unseen=0.3125, h=0.4417 ZSL: unseen accuracy=0.3646
[7/300]  Loss_D: -18.0722 Loss_G: -3.0965, Wasserstein_dist:20.0028, vae_loss_seen:284.9681 GZSL: seen=0.7136, unseen=0.2604, h=0.3816 ZSL: unseen accuracy=0.3594
[8/300]  Loss_D: -15.8156 Loss_G: -2.9602, Wasserstein_dist:22.7638, vae_loss_seen:279.5742 GZSL: seen=0.8635, unseen=0.2604, h=0.4002 ZSL: unseen accuracy=0.4167
[9/300]  Loss_D: -12.1357 Loss_G: -2.3789, Wasserstein_dist:15.6293, vae_loss_seen:292.1399 GZSL: seen=0.8228, unseen=0.3229, h=0.4638 ZSL: unseen accuracy=0.5208
[10/300]  Loss_D: -24.0092 Loss_G: -2.8605, Wasserstein_dist:26.6886, vae_loss_seen:285.3213 GZSL: seen=0.8794, unseen=0.3333, h=0.4834 ZSL: unseen accuracy=0.4792
[11/300]  Loss_D: -19.5010 Loss_G: -4.1718, Wasserstein_dist:25.8770, vae_loss_seen:270.7158 GZSL: seen=0.8139, unseen=0.2760, h=0.4123 ZSL: unseen accuracy=0.3438
[12/300]  Loss_D: -13.5310 Loss_G: -3.8728, Wasserstein_dist:16.1396, vae_loss_seen:269.3083 GZSL: seen=0.7254, unseen=0.3073, h=0.4317 ZSL: unseen accuracy=0.4531
[13/300]  Loss_D: -12.5298 Loss_G: -3.5942, Wasserstein_dist:13.8553, vae_loss_seen:276.4785 GZSL: seen=0.8289, unseen=0.3177, h=0.4594 ZSL: unseen accuracy=0.5781
[14/300]  Loss_D: -14.7275 Loss_G: -3.6366, Wasserstein_dist:18.8687, vae_loss_seen:269.2391 GZSL: seen=0.7767, unseen=0.2708, h=0.4016 ZSL: unseen accuracy=0.4271
[15/300]  Loss_D: -13.5995 Loss_G: -3.1332, Wasserstein_dist:21.7450, vae_loss_seen:276.3854 GZSL: seen=0.8114, unseen=0.3854, h=0.5226 ZSL: unseen accuracy=0.4167
[16/300]  Loss_D: -12.1938 Loss_G: -3.3884, Wasserstein_dist:14.4990, vae_loss_seen:272.6323 GZSL: seen=0.7466, unseen=0.3438, h=0.4707 ZSL: unseen accuracy=0.4115
[17/300]  Loss_D: -11.1812 Loss_G: -3.6552, Wasserstein_dist:12.4090, vae_loss_seen:270.1311 GZSL: seen=0.7468, unseen=0.2917, h=0.4195 ZSL: unseen accuracy=0.4740
[18/300]  Loss_D: -10.9285 Loss_G: -3.4855, Wasserstein_dist:13.9379, vae_loss_seen:272.0110 GZSL: seen=0.8352, unseen=0.2865, h=0.4266 ZSL: unseen accuracy=0.4219
[19/300]  Loss_D: -10.6489 Loss_G: -3.3079, Wasserstein_dist:12.5476, vae_loss_seen:271.1539 GZSL: seen=0.5550, unseen=0.3542, h=0.4324 ZSL: unseen accuracy=0.4688
[20/300]  Loss_D: -12.2223 Loss_G: -3.8078, Wasserstein_dist:13.0266, vae_loss_seen:268.0163 GZSL: seen=0.7639, unseen=0.3177, h=0.4488 ZSL: unseen accuracy=0.4531
[21/300]  Loss_D: -12.7529 Loss_G: -3.5408, Wasserstein_dist:15.5772, vae_loss_seen:270.6242 GZSL: seen=0.8427, unseen=0.3385, h=0.4830 ZSL: unseen accuracy=0.5990
[22/300]  Loss_D: -13.6369 Loss_G: -3.6469, Wasserstein_dist:15.2191, vae_loss_seen:269.6981 GZSL: seen=0.7823, unseen=0.3229, h=0.4571 ZSL: unseen accuracy=0.4896
[23/300]  Loss_D: -15.9475 Loss_G: -4.1390, Wasserstein_dist:17.9282, vae_loss_seen:263.8207 GZSL: seen=0.8255, unseen=0.3281, h=0.4696 ZSL: unseen accuracy=0.5000
[24/300]  Loss_D: -11.9001 Loss_G: -4.4132, Wasserstein_dist:15.5260, vae_loss_seen:257.5211 GZSL: seen=0.6890, unseen=0.3385, h=0.4540 ZSL: unseen accuracy=0.4427
[25/300]  Loss_D: -12.6573 Loss_G: -3.7534, Wasserstein_dist:14.2431, vae_loss_seen:267.5893 GZSL: seen=0.7710, unseen=0.3802, h=0.5093 ZSL: unseen accuracy=0.5000
[26/300]  Loss_D: -12.3217 Loss_G: -2.8860, Wasserstein_dist:15.0688, vae_loss_seen:275.4697 GZSL: seen=0.7376, unseen=0.3490, h=0.4738 ZSL: unseen accuracy=0.5677
[27/300]  Loss_D: -10.9087 Loss_G: -3.5876, Wasserstein_dist:12.9749, vae_loss_seen:267.1528 GZSL: seen=0.8258, unseen=0.3229, h=0.4643 ZSL: unseen accuracy=0.5208
[28/300]  Loss_D: -11.4178 Loss_G: -4.6043, Wasserstein_dist:13.9287, vae_loss_seen:256.3575 GZSL: seen=0.7918, unseen=0.3854, h=0.5185 ZSL: unseen accuracy=0.5156
[29/300]  Loss_D: -10.3855 Loss_G: -3.2524, Wasserstein_dist:12.3665, vae_loss_seen:270.5799 GZSL: seen=0.8368, unseen=0.3281, h=0.4714 ZSL: unseen accuracy=0.4896
[30/300]  Loss_D: -11.2448 Loss_G: -3.5310, Wasserstein_dist:13.2171, vae_loss_seen:268.7729 GZSL: seen=0.7360, unseen=0.2917, h=0.4178 ZSL: unseen accuracy=0.3802
[31/300]  Loss_D: -10.4358 Loss_G: -3.5877, Wasserstein_dist:12.7574, vae_loss_seen:265.8813 GZSL: seen=0.8103, unseen=0.3750, h=0.5127 ZSL: unseen accuracy=0.4531
[32/300]  Loss_D: -11.2139 Loss_G: -3.7100, Wasserstein_dist:12.4304, vae_loss_seen:263.5852 GZSL: seen=0.7373, unseen=0.4219, h=0.5367 ZSL: unseen accuracy=0.4792
[33/300]  Loss_D: -11.8405 Loss_G: -4.0761, Wasserstein_dist:14.6425, vae_loss_seen:261.2036 GZSL: seen=0.7700, unseen=0.3802, h=0.5091 ZSL: unseen accuracy=0.4271
[34/300]  Loss_D: -9.9777 Loss_G: -3.9286, Wasserstein_dist:11.8631, vae_loss_seen:261.6346 GZSL: seen=0.7938, unseen=0.3281, h=0.4643 ZSL: unseen accuracy=0.4896
[35/300]  Loss_D: -11.7921 Loss_G: -4.0901, Wasserstein_dist:13.8774, vae_loss_seen:259.5469 GZSL: seen=0.7733, unseen=0.3385, h=0.4709 ZSL: unseen accuracy=0.4844
[36/300]  Loss_D: -12.1386 Loss_G: -4.1853, Wasserstein_dist:14.1706, vae_loss_seen:256.9694 GZSL: seen=0.7135, unseen=0.3698, h=0.4871 ZSL: unseen accuracy=0.4531
[37/300]  Loss_D: -10.3660 Loss_G: -4.3524, Wasserstein_dist:12.6976, vae_loss_seen:255.6763 GZSL: seen=0.8226, unseen=0.4062, h=0.5439 ZSL: unseen accuracy=0.5000
[38/300]  Loss_D: -11.6479 Loss_G: -4.0064, Wasserstein_dist:13.7317, vae_loss_seen:259.4028 GZSL: seen=0.8159, unseen=0.3646, h=0.5040 ZSL: unseen accuracy=0.5104
[39/300]  Loss_D: -9.5268 Loss_G: -3.7096, Wasserstein_dist:11.9974, vae_loss_seen:264.1609 GZSL: seen=0.7598, unseen=0.3542, h=0.4831 ZSL: unseen accuracy=0.4479
[40/300]  Loss_D: -11.8189 Loss_G: -3.8203, Wasserstein_dist:14.1618, vae_loss_seen:263.9587 GZSL: seen=0.7053, unseen=0.4115, h=0.5197 ZSL: unseen accuracy=0.5156
[41/300]  Loss_D: -11.2402 Loss_G: -3.8325, Wasserstein_dist:13.6908, vae_loss_seen:261.2989 GZSL: seen=0.8183, unseen=0.4167, h=0.5522 ZSL: unseen accuracy=0.4948
[42/300]  Loss_D: -10.4799 Loss_G: -3.4365, Wasserstein_dist:13.2297, vae_loss_seen:263.4785 GZSL: seen=0.8337, unseen=0.4375, h=0.5739 ZSL: unseen accuracy=0.5365
[43/300]  Loss_D: -9.8130 Loss_G: -3.4349, Wasserstein_dist:12.2275, vae_loss_seen:264.7087 GZSL: seen=0.7938, unseen=0.3646, h=0.4997 ZSL: unseen accuracy=0.4896
[44/300]  Loss_D: -12.1814 Loss_G: -3.3690, Wasserstein_dist:14.8125, vae_loss_seen:265.0870 GZSL: seen=0.7671, unseen=0.4635, h=0.5779 ZSL: unseen accuracy=0.5208
[45/300]  Loss_D: -10.5480 Loss_G: -3.4548, Wasserstein_dist:13.0337, vae_loss_seen:265.5475 GZSL: seen=0.8255, unseen=0.3646, h=0.5058 ZSL: unseen accuracy=0.4479
[46/300]  Loss_D: -10.5692 Loss_G: -3.8587, Wasserstein_dist:13.7188, vae_loss_seen:259.7262 GZSL: seen=0.7802, unseen=0.4375, h=0.5606 ZSL: unseen accuracy=0.4635
[47/300]  Loss_D: -12.1071 Loss_G: -3.7820, Wasserstein_dist:14.1324, vae_loss_seen:259.8320 GZSL: seen=0.8099, unseen=0.4115, h=0.5457 ZSL: unseen accuracy=0.5052
[48/300]  Loss_D: -10.6192 Loss_G: -3.4155, Wasserstein_dist:13.4509, vae_loss_seen:263.5396 GZSL: seen=0.6763, unseen=0.4271, h=0.5236 ZSL: unseen accuracy=0.5417
[49/300]  Loss_D: -11.8328 Loss_G: -3.6027, Wasserstein_dist:13.8779, vae_loss_seen:262.2363 GZSL: seen=0.7558, unseen=0.3854, h=0.5105 ZSL: unseen accuracy=0.5104
[50/300]  Loss_D: -8.9329 Loss_G: -3.2588, Wasserstein_dist:12.3941, vae_loss_seen:266.5753 GZSL: seen=0.7224, unseen=0.4323, h=0.5409 ZSL: unseen accuracy=0.5000
[51/300]  Loss_D: -10.6898 Loss_G: -3.5393, Wasserstein_dist:13.5873, vae_loss_seen:262.7907 GZSL: seen=0.7819, unseen=0.4167, h=0.5436 ZSL: unseen accuracy=0.5156
[52/300]  Loss_D: -10.5123 Loss_G: -2.8364, Wasserstein_dist:13.2936, vae_loss_seen:267.6609 GZSL: seen=0.7217, unseen=0.3906, h=0.5069 ZSL: unseen accuracy=0.5260
[53/300]  Loss_D: -11.4837 Loss_G: -3.5631, Wasserstein_dist:13.2200, vae_loss_seen:263.0579 GZSL: seen=0.7172, unseen=0.3906, h=0.5058 ZSL: unseen accuracy=0.4792
[54/300]  Loss_D: -9.1504 Loss_G: -3.2533, Wasserstein_dist:12.1692, vae_loss_seen:266.6961 GZSL: seen=0.7591, unseen=0.4427, h=0.5593 ZSL: unseen accuracy=0.5156
[55/300]  Loss_D: -11.0692 Loss_G: -3.4065, Wasserstein_dist:13.2177, vae_loss_seen:258.1787 GZSL: seen=0.7337, unseen=0.4062, h=0.5230 ZSL: unseen accuracy=0.5260
[56/300]  Loss_D: -10.2886 Loss_G: -3.6810, Wasserstein_dist:13.4101, vae_loss_seen:261.0322 GZSL: seen=0.6606, unseen=0.4688, h=0.5484 ZSL: unseen accuracy=0.5312
[57/300]  Loss_D: -9.7075 Loss_G: -3.0609, Wasserstein_dist:11.3088, vae_loss_seen:265.8217 GZSL: seen=0.6866, unseen=0.3958, h=0.5022 ZSL: unseen accuracy=0.4792
[58/300]  Loss_D: -9.7383 Loss_G: -2.7795, Wasserstein_dist:12.5273, vae_loss_seen:270.1926 GZSL: seen=0.8087, unseen=0.4635, h=0.5893 ZSL: unseen accuracy=0.4844
[59/300]  Loss_D: -10.1658 Loss_G: -3.3402, Wasserstein_dist:12.1435, vae_loss_seen:261.5202 GZSL: seen=0.6811, unseen=0.4323, h=0.5289 ZSL: unseen accuracy=0.4896
[60/300]  Loss_D: -10.6180 Loss_G: -3.1655, Wasserstein_dist:12.9150, vae_loss_seen:265.1119 GZSL: seen=0.6950, unseen=0.4323, h=0.5330 ZSL: unseen accuracy=0.5104
[61/300]  Loss_D: -10.4193 Loss_G: -3.7632, Wasserstein_dist:12.3081, vae_loss_seen:258.6148 GZSL: seen=0.7046, unseen=0.4219, h=0.5278 ZSL: unseen accuracy=0.4792
[62/300]  Loss_D: -11.2242 Loss_G: -2.5346, Wasserstein_dist:13.6530, vae_loss_seen:271.4329 GZSL: seen=0.7347, unseen=0.3854, h=0.5056 ZSL: unseen accuracy=0.4792
[63/300]  Loss_D: -10.8921 Loss_G: -2.5772, Wasserstein_dist:12.9601, vae_loss_seen:270.0250 GZSL: seen=0.6989, unseen=0.4479, h=0.5460 ZSL: unseen accuracy=0.5208
[64/300]  Loss_D: -10.5110 Loss_G: -3.1399, Wasserstein_dist:13.0386, vae_loss_seen:262.7873 GZSL: seen=0.6974, unseen=0.4375, h=0.5377 ZSL: unseen accuracy=0.5365
[65/300]  Loss_D: -10.6271 Loss_G: -3.3085, Wasserstein_dist:13.0891, vae_loss_seen:262.5098 GZSL: seen=0.6712, unseen=0.4115, h=0.5102 ZSL: unseen accuracy=0.5417
[66/300]  Loss_D: -12.3977 Loss_G: -2.4127, Wasserstein_dist:14.4181, vae_loss_seen:272.1746 GZSL: seen=0.6213, unseen=0.4375, h=0.5134 ZSL: unseen accuracy=0.5000
[67/300]  Loss_D: -11.0635 Loss_G: -2.6880, Wasserstein_dist:13.0617, vae_loss_seen:268.3712 GZSL: seen=0.6358, unseen=0.4479, h=0.5256 ZSL: unseen accuracy=0.5260
[68/300]  Loss_D: -10.9570 Loss_G: -2.5822, Wasserstein_dist:13.6541, vae_loss_seen:265.0776 GZSL: seen=0.6544, unseen=0.4219, h=0.5130 ZSL: unseen accuracy=0.5625
[69/300]  Loss_D: -12.2773 Loss_G: -2.6271, Wasserstein_dist:14.0203, vae_loss_seen:269.2234 GZSL: seen=0.6094, unseen=0.4531, h=0.5198 ZSL: unseen accuracy=0.5052
[70/300]  Loss_D: -10.9403 Loss_G: -2.5834, Wasserstein_dist:13.6877, vae_loss_seen:267.1598 GZSL: seen=0.6249, unseen=0.4635, h=0.5322 ZSL: unseen accuracy=0.5052
[71/300]  Loss_D: -11.2519 Loss_G: -2.2802, Wasserstein_dist:14.0668, vae_loss_seen:271.0512 GZSL: seen=0.7022, unseen=0.4219, h=0.5271 ZSL: unseen accuracy=0.4792
[72/300]  Loss_D: -11.4532 Loss_G: -2.8326, Wasserstein_dist:13.9912, vae_loss_seen:264.1707 GZSL: seen=0.6096, unseen=0.4635, h=0.5266 ZSL: unseen accuracy=0.5260
[73/300]  Loss_D: -11.5063 Loss_G: -2.0931, Wasserstein_dist:13.7969, vae_loss_seen:271.7698 GZSL: seen=0.6198, unseen=0.4062, h=0.4908 ZSL: unseen accuracy=0.5104
[74/300]  Loss_D: -11.1960 Loss_G: -2.2967, Wasserstein_dist:14.5509, vae_loss_seen:269.2586 GZSL: seen=0.6028, unseen=0.4479, h=0.5139 ZSL: unseen accuracy=0.4896
[75/300]  Loss_D: -12.2757 Loss_G: -2.5421, Wasserstein_dist:14.5452, vae_loss_seen:266.8448 GZSL: seen=0.5684, unseen=0.4688, h=0.5138 ZSL: unseen accuracy=0.4948
[76/300]  Loss_D: -11.6206 Loss_G: -2.1433, Wasserstein_dist:14.8459, vae_loss_seen:270.7742 GZSL: seen=0.5925, unseen=0.4323, h=0.4999 ZSL: unseen accuracy=0.5104
[77/300]  Loss_D: -11.7219 Loss_G: -2.3958, Wasserstein_dist:14.5074, vae_loss_seen:269.7155 GZSL: seen=0.6173, unseen=0.4427, h=0.5156 ZSL: unseen accuracy=0.5104
[78/300]  Loss_D: -11.6003 Loss_G: -2.0730, Wasserstein_dist:14.3041, vae_loss_seen:272.0761 GZSL: seen=0.5694, unseen=0.4323, h=0.4915 ZSL: unseen accuracy=0.4688
[79/300]  Loss_D: -12.8721 Loss_G: -2.3008, Wasserstein_dist:15.9538, vae_loss_seen:271.3128 GZSL: seen=0.5585, unseen=0.4479, h=0.4971 ZSL: unseen accuracy=0.5156
[80/300]  Loss_D: -13.2654 Loss_G: -1.6453, Wasserstein_dist:15.9367, vae_loss_seen:274.8817 GZSL: seen=0.6249, unseen=0.4479, h=0.5218 ZSL: unseen accuracy=0.4792
[81/300]  Loss_D: -12.5156 Loss_G: -1.7853, Wasserstein_dist:15.9608, vae_loss_seen:275.1549 GZSL: seen=0.6123, unseen=0.4531, h=0.5208 ZSL: unseen accuracy=0.5000
[82/300]  Loss_D: -12.2179 Loss_G: -2.0562, Wasserstein_dist:15.1038, vae_loss_seen:268.4543 GZSL: seen=0.6079, unseen=0.4896, h=0.5424 ZSL: unseen accuracy=0.5365
[83/300]  Loss_D: -12.8997 Loss_G: -1.7501, Wasserstein_dist:15.7442, vae_loss_seen:273.0425 GZSL: seen=0.5533, unseen=0.4635, h=0.5044 ZSL: unseen accuracy=0.4635
[84/300]  Loss_D: -13.3028 Loss_G: -1.6157, Wasserstein_dist:16.6285, vae_loss_seen:272.9776 GZSL: seen=0.5600, unseen=0.4688, h=0.5103 ZSL: unseen accuracy=0.5104
[85/300]  Loss_D: -13.7795 Loss_G: -1.3575, Wasserstein_dist:16.6548, vae_loss_seen:278.1519 GZSL: seen=0.5432, unseen=0.4427, h=0.4878 ZSL: unseen accuracy=0.4844
[86/300]  Loss_D: -12.4849 Loss_G: -1.7609, Wasserstein_dist:16.4234, vae_loss_seen:273.0926 GZSL: seen=0.5786, unseen=0.4792, h=0.5242 ZSL: unseen accuracy=0.5260
[87/300]  Loss_D: -12.6108 Loss_G: -1.9237, Wasserstein_dist:15.1086, vae_loss_seen:269.9954 GZSL: seen=0.4803, unseen=0.4583, h=0.4690 ZSL: unseen accuracy=0.4896
[88/300]  Loss_D: -13.5768 Loss_G: -1.7940, Wasserstein_dist:16.0658, vae_loss_seen:272.9808 GZSL: seen=0.5805, unseen=0.4427, h=0.5023 ZSL: unseen accuracy=0.4792
[89/300]  Loss_D: -12.5227 Loss_G: -1.8905, Wasserstein_dist:16.6559, vae_loss_seen:272.5456 GZSL: seen=0.5475, unseen=0.4635, h=0.5020 ZSL: unseen accuracy=0.5104
[90/300]  Loss_D: -11.8397 Loss_G: -1.6118, Wasserstein_dist:15.3786, vae_loss_seen:274.6479 GZSL: seen=0.6011, unseen=0.4740, h=0.5300 ZSL: unseen accuracy=0.5000
[91/300]  Loss_D: -13.4966 Loss_G: -1.6543, Wasserstein_dist:16.8479, vae_loss_seen:272.7881 GZSL: seen=0.5581, unseen=0.4479, h=0.4970 ZSL: unseen accuracy=0.4844
[92/300]  Loss_D: -12.1587 Loss_G: -2.0663, Wasserstein_dist:15.6087, vae_loss_seen:269.9218 GZSL: seen=0.5327, unseen=0.4688, h=0.4987 ZSL: unseen accuracy=0.5156
[93/300]  Loss_D: -13.6368 Loss_G: -1.2221, Wasserstein_dist:17.4894, vae_loss_seen:278.7518 GZSL: seen=0.5312, unseen=0.4479, h=0.4860 ZSL: unseen accuracy=0.4896
[94/300]  Loss_D: -15.2564 Loss_G: -2.0316, Wasserstein_dist:18.4256, vae_loss_seen:270.2012 GZSL: seen=0.5313, unseen=0.4792, h=0.5039 ZSL: unseen accuracy=0.5156
[95/300]  Loss_D: -13.3392 Loss_G: -1.6952, Wasserstein_dist:16.6187, vae_loss_seen:272.0728 GZSL: seen=0.5552, unseen=0.4427, h=0.4926 ZSL: unseen accuracy=0.5000
[96/300]  Loss_D: -13.2674 Loss_G: -1.1737, Wasserstein_dist:16.7332, vae_loss_seen:277.2413 GZSL: seen=0.5528, unseen=0.4635, h=0.5042 ZSL: unseen accuracy=0.4948
[97/300]  Loss_D: -12.7346 Loss_G: -1.6899, Wasserstein_dist:17.3318, vae_loss_seen:274.4713 GZSL: seen=0.5119, unseen=0.4531, h=0.4807 ZSL: unseen accuracy=0.4896
[98/300]  Loss_D: -14.0600 Loss_G: -1.8257, Wasserstein_dist:17.7228, vae_loss_seen:270.5838 GZSL: seen=0.5206, unseen=0.4583, h=0.4875 ZSL: unseen accuracy=0.4948
[99/300]  Loss_D: -12.8707 Loss_G: -1.0865, Wasserstein_dist:17.1071, vae_loss_seen:279.2317 GZSL: seen=0.5690, unseen=0.5000, h=0.5323 ZSL: unseen accuracy=0.5052
[100/300]  Loss_D: -12.8466 Loss_G: -1.1269, Wasserstein_dist:16.7801, vae_loss_seen:279.0787 GZSL: seen=0.5646, unseen=0.4844, h=0.5214 ZSL: unseen accuracy=0.5260
[101/300]  Loss_D: -14.1304 Loss_G: -1.2467, Wasserstein_dist:18.4191, vae_loss_seen:279.3849 GZSL: seen=0.6051, unseen=0.4531, h=0.5182 ZSL: unseen accuracy=0.5052
[102/300]  Loss_D: -14.1328 Loss_G: -1.6361, Wasserstein_dist:17.3407, vae_loss_seen:272.8393 GZSL: seen=0.5541, unseen=0.4844, h=0.5169 ZSL: unseen accuracy=0.5104
[103/300]  Loss_D: -13.6288 Loss_G: -1.1941, Wasserstein_dist:17.7399, vae_loss_seen:276.0983 GZSL: seen=0.5395, unseen=0.4948, h=0.5162 ZSL: unseen accuracy=0.4844
[104/300]  Loss_D: -13.9293 Loss_G: -0.3998, Wasserstein_dist:18.4525, vae_loss_seen:284.8376 GZSL: seen=0.5532, unseen=0.4427, h=0.4918 ZSL: unseen accuracy=0.5260
[105/300]  Loss_D: -14.6136 Loss_G: -0.9366, Wasserstein_dist:18.7901, vae_loss_seen:281.6685 GZSL: seen=0.4813, unseen=0.4844, h=0.4828 ZSL: unseen accuracy=0.4948
[106/300]  Loss_D: -14.0906 Loss_G: -0.9531, Wasserstein_dist:18.4311, vae_loss_seen:277.8843 GZSL: seen=0.4762, unseen=0.4792, h=0.4777 ZSL: unseen accuracy=0.5104
[107/300]  Loss_D: -13.7317 Loss_G: -1.0541, Wasserstein_dist:18.7010, vae_loss_seen:280.9709 GZSL: seen=0.5242, unseen=0.4688, h=0.4949 ZSL: unseen accuracy=0.4844
[108/300]  Loss_D: -13.7981 Loss_G: -0.0224, Wasserstein_dist:17.5817, vae_loss_seen:288.8625 GZSL: seen=0.5430, unseen=0.4635, h=0.5001 ZSL: unseen accuracy=0.5052
[109/300]  Loss_D: -15.6056 Loss_G: -1.3609, Wasserstein_dist:18.6361, vae_loss_seen:275.7957 GZSL: seen=0.5158, unseen=0.4792, h=0.4968 ZSL: unseen accuracy=0.4948
[110/300]  Loss_D: -14.2074 Loss_G: -0.3599, Wasserstein_dist:19.2371, vae_loss_seen:286.9240 GZSL: seen=0.5619, unseen=0.4531, h=0.5017 ZSL: unseen accuracy=0.5312
[111/300]  Loss_D: -14.4986 Loss_G: -0.6083, Wasserstein_dist:19.3453, vae_loss_seen:284.4000 GZSL: seen=0.5057, unseen=0.4323, h=0.4661 ZSL: unseen accuracy=0.4635
[112/300]  Loss_D: -14.0722 Loss_G: -1.0695, Wasserstein_dist:18.8697, vae_loss_seen:276.7410 GZSL: seen=0.5266, unseen=0.4740, h=0.4989 ZSL: unseen accuracy=0.4740
[113/300]  Loss_D: -14.0775 Loss_G: -0.4875, Wasserstein_dist:17.9905, vae_loss_seen:282.4688 GZSL: seen=0.5517, unseen=0.4427, h=0.4912 ZSL: unseen accuracy=0.4948
[114/300]  Loss_D: -14.0981 Loss_G: -1.7217, Wasserstein_dist:18.8157, vae_loss_seen:271.0201 GZSL: seen=0.4561, unseen=0.4792, h=0.4674 ZSL: unseen accuracy=0.5208
[115/300]  Loss_D: -13.4916 Loss_G: -0.6517, Wasserstein_dist:18.2150, vae_loss_seen:282.5810 GZSL: seen=0.4978, unseen=0.4844, h=0.4910 ZSL: unseen accuracy=0.4948
[116/300]  Loss_D: -15.0952 Loss_G: -1.0469, Wasserstein_dist:18.1493, vae_loss_seen:276.2651 GZSL: seen=0.4650, unseen=0.4844, h=0.4745 ZSL: unseen accuracy=0.5104
[117/300]  Loss_D: -14.5924 Loss_G: -0.7038, Wasserstein_dist:19.6741, vae_loss_seen:281.1505 GZSL: seen=0.4855, unseen=0.4635, h=0.4743 ZSL: unseen accuracy=0.4844
[118/300]  Loss_D: -14.2892 Loss_G: -0.0360, Wasserstein_dist:18.8491, vae_loss_seen:287.7328 GZSL: seen=0.5324, unseen=0.5000, h=0.5157 ZSL: unseen accuracy=0.5000
[119/300]  Loss_D: -14.3025 Loss_G: -0.4662, Wasserstein_dist:18.7108, vae_loss_seen:282.5553 GZSL: seen=0.4915, unseen=0.4427, h=0.4658 ZSL: unseen accuracy=0.4948
[120/300]  Loss_D: -13.6135 Loss_G: -0.3957, Wasserstein_dist:18.3503, vae_loss_seen:282.5190 GZSL: seen=0.4842, unseen=0.4583, h=0.4709 ZSL: unseen accuracy=0.4688
[121/300]  Loss_D: -15.8025 Loss_G: -0.6164, Wasserstein_dist:19.2709, vae_loss_seen:283.8498 GZSL: seen=0.5217, unseen=0.4792, h=0.4995 ZSL: unseen accuracy=0.5052
[122/300]  Loss_D: -13.1291 Loss_G: -0.7576, Wasserstein_dist:18.5012, vae_loss_seen:279.5195 GZSL: seen=0.5023, unseen=0.4740, h=0.4877 ZSL: unseen accuracy=0.4896
[123/300]  Loss_D: -15.4187 Loss_G: -0.8259, Wasserstein_dist:20.3948, vae_loss_seen:279.3406 GZSL: seen=0.4649, unseen=0.4948, h=0.4794 ZSL: unseen accuracy=0.5104
[124/300]  Loss_D: -14.6066 Loss_G: -0.8085, Wasserstein_dist:18.1958, vae_loss_seen:277.7737 GZSL: seen=0.4539, unseen=0.4427, h=0.4482 ZSL: unseen accuracy=0.4948
[125/300]  Loss_D: -14.1702 Loss_G: -0.0959, Wasserstein_dist:18.7049, vae_loss_seen:285.6288 GZSL: seen=0.4482, unseen=0.4688, h=0.4582 ZSL: unseen accuracy=0.5156
[126/300]  Loss_D: -14.3252 Loss_G: -0.4197, Wasserstein_dist:19.5388, vae_loss_seen:287.8369 GZSL: seen=0.5334, unseen=0.4531, h=0.4900 ZSL: unseen accuracy=0.5052
[127/300]  Loss_D: -14.4104 Loss_G: -0.5697, Wasserstein_dist:18.8523, vae_loss_seen:281.5110 GZSL: seen=0.5033, unseen=0.4688, h=0.4854 ZSL: unseen accuracy=0.5104
[128/300]  Loss_D: -14.0373 Loss_G: 0.2927, Wasserstein_dist:19.1397, vae_loss_seen:293.5719 GZSL: seen=0.5581, unseen=0.4792, h=0.5156 ZSL: unseen accuracy=0.5260
[129/300]  Loss_D: -15.4159 Loss_G: -0.1089, Wasserstein_dist:19.2566, vae_loss_seen:287.9399 GZSL: seen=0.5224, unseen=0.4844, h=0.5027 ZSL: unseen accuracy=0.5000
[130/300]  Loss_D: -13.8473 Loss_G: 0.0825, Wasserstein_dist:18.9494, vae_loss_seen:287.5983 GZSL: seen=0.4227, unseen=0.4688, h=0.4445 ZSL: unseen accuracy=0.5052
[131/300]  Loss_D: -15.7187 Loss_G: -0.3419, Wasserstein_dist:20.3444, vae_loss_seen:288.0197 GZSL: seen=0.4930, unseen=0.4896, h=0.4913 ZSL: unseen accuracy=0.5156
[132/300]  Loss_D: -14.9689 Loss_G: -0.5539, Wasserstein_dist:19.2484, vae_loss_seen:282.6493 GZSL: seen=0.5285, unseen=0.4635, h=0.4939 ZSL: unseen accuracy=0.4948
[133/300]  Loss_D: -15.7682 Loss_G: -0.6887, Wasserstein_dist:20.4990, vae_loss_seen:281.2107 GZSL: seen=0.4265, unseen=0.4792, h=0.4513 ZSL: unseen accuracy=0.4896
[134/300]  Loss_D: -14.2158 Loss_G: -0.5060, Wasserstein_dist:19.9180, vae_loss_seen:283.5257 GZSL: seen=0.4564, unseen=0.4635, h=0.4600 ZSL: unseen accuracy=0.5208
[135/300]  Loss_D: -15.6730 Loss_G: -0.0937, Wasserstein_dist:19.7296, vae_loss_seen:287.9585 GZSL: seen=0.4112, unseen=0.4948, h=0.4492 ZSL: unseen accuracy=0.4844
[136/300]  Loss_D: -15.0238 Loss_G: -0.3115, Wasserstein_dist:19.8952, vae_loss_seen:284.1164 GZSL: seen=0.4391, unseen=0.4948, h=0.4653 ZSL: unseen accuracy=0.4896
[137/300]  Loss_D: -15.3159 Loss_G: -0.1893, Wasserstein_dist:19.8882, vae_loss_seen:286.4124 GZSL: seen=0.4220, unseen=0.4896, h=0.4533 ZSL: unseen accuracy=0.4740
[138/300]  Loss_D: -13.6484 Loss_G: 0.2571, Wasserstein_dist:18.9145, vae_loss_seen:291.4308 GZSL: seen=0.4406, unseen=0.4792, h=0.4591 ZSL: unseen accuracy=0.5521
[139/300]  Loss_D: -14.7090 Loss_G: -0.0509, Wasserstein_dist:19.4696, vae_loss_seen:288.1242 GZSL: seen=0.4097, unseen=0.4531, h=0.4303 ZSL: unseen accuracy=0.5052
[140/300]  Loss_D: -15.8891 Loss_G: -0.2589, Wasserstein_dist:19.7754, vae_loss_seen:285.5206 GZSL: seen=0.5211, unseen=0.4688, h=0.4936 ZSL: unseen accuracy=0.5052
[141/300]  Loss_D: -14.7340 Loss_G: -0.5248, Wasserstein_dist:19.9689, vae_loss_seen:285.4977 GZSL: seen=0.5087, unseen=0.4531, h=0.4793 ZSL: unseen accuracy=0.5104
[142/300]  Loss_D: -14.7918 Loss_G: 0.2805, Wasserstein_dist:19.9105, vae_loss_seen:291.0943 GZSL: seen=0.4979, unseen=0.4844, h=0.4911 ZSL: unseen accuracy=0.4896
[143/300]  Loss_D: -17.2400 Loss_G: -0.0009, Wasserstein_dist:21.1669, vae_loss_seen:287.2842 GZSL: seen=0.4719, unseen=0.4896, h=0.4806 ZSL: unseen accuracy=0.4948
[144/300]  Loss_D: -15.1845 Loss_G: -0.4543, Wasserstein_dist:20.2422, vae_loss_seen:284.3399 GZSL: seen=0.4754, unseen=0.4635, h=0.4694 ZSL: unseen accuracy=0.5052
[145/300]  Loss_D: -15.7972 Loss_G: -0.0692, Wasserstein_dist:20.3585, vae_loss_seen:288.3924 GZSL: seen=0.4153, unseen=0.4688, h=0.4404 ZSL: unseen accuracy=0.5365
[146/300]  Loss_D: -14.9610 Loss_G: 0.1433, Wasserstein_dist:20.6853, vae_loss_seen:288.1910 GZSL: seen=0.4592, unseen=0.4740, h=0.4665 ZSL: unseen accuracy=0.4792
[147/300]  Loss_D: -15.4799 Loss_G: -0.2091, Wasserstein_dist:20.3957, vae_loss_seen:282.8547 GZSL: seen=0.4845, unseen=0.4740, h=0.4792 ZSL: unseen accuracy=0.5000
[148/300]  Loss_D: -14.0387 Loss_G: 0.2304, Wasserstein_dist:18.8369, vae_loss_seen:288.8428 GZSL: seen=0.4889, unseen=0.4479, h=0.4675 ZSL: unseen accuracy=0.5000
[149/300]  Loss_D: -14.3702 Loss_G: 0.2781, Wasserstein_dist:19.9155, vae_loss_seen:290.4914 GZSL: seen=0.4442, unseen=0.4583, h=0.4512 ZSL: unseen accuracy=0.5052
[150/300]  Loss_D: -15.2034 Loss_G: 0.2444, Wasserstein_dist:19.3171, vae_loss_seen:288.7605 GZSL: seen=0.4454, unseen=0.4740, h=0.4592 ZSL: unseen accuracy=0.5104
[151/300]  Loss_D: -14.9693 Loss_G: 0.3030, Wasserstein_dist:19.7552, vae_loss_seen:290.2693 GZSL: seen=0.4714, unseen=0.4792, h=0.4752 ZSL: unseen accuracy=0.4896
[152/300]  Loss_D: -13.6715 Loss_G: -0.0755, Wasserstein_dist:19.7464, vae_loss_seen:286.5631 GZSL: seen=0.4150, unseen=0.4896, h=0.4492 ZSL: unseen accuracy=0.5000
[153/300]  Loss_D: -14.9843 Loss_G: 0.0885, Wasserstein_dist:19.7428, vae_loss_seen:289.5261 GZSL: seen=0.4364, unseen=0.4583, h=0.4471 ZSL: unseen accuracy=0.4948
[154/300]  Loss_D: -16.2849 Loss_G: 0.2625, Wasserstein_dist:20.7224, vae_loss_seen:289.8485 GZSL: seen=0.4703, unseen=0.4688, h=0.4695 ZSL: unseen accuracy=0.4896
[155/300]  Loss_D: -14.6410 Loss_G: 0.3912, Wasserstein_dist:18.9398, vae_loss_seen:289.6999 GZSL: seen=0.4506, unseen=0.4740, h=0.4620 ZSL: unseen accuracy=0.5052
[156/300]  Loss_D: -16.5899 Loss_G: -0.0412, Wasserstein_dist:20.1447, vae_loss_seen:283.4526 GZSL: seen=0.4564, unseen=0.4531, h=0.4548 ZSL: unseen accuracy=0.5000
[157/300]  Loss_D: -13.6676 Loss_G: 0.2099, Wasserstein_dist:20.3866, vae_loss_seen:287.5028 GZSL: seen=0.4151, unseen=0.4792, h=0.4448 ZSL: unseen accuracy=0.5052
[158/300]  Loss_D: -14.9761 Loss_G: 0.1925, Wasserstein_dist:19.3924, vae_loss_seen:286.7082 GZSL: seen=0.4842, unseen=0.4792, h=0.4817 ZSL: unseen accuracy=0.5052
[159/300]  Loss_D: -17.2077 Loss_G: 0.1066, Wasserstein_dist:21.1892, vae_loss_seen:291.2603 GZSL: seen=0.4086, unseen=0.4635, h=0.4343 ZSL: unseen accuracy=0.4948
[160/300]  Loss_D: -14.7759 Loss_G: 0.0747, Wasserstein_dist:19.4251, vae_loss_seen:287.5544 GZSL: seen=0.3967, unseen=0.4583, h=0.4253 ZSL: unseen accuracy=0.4844
[161/300]  Loss_D: -15.0115 Loss_G: 0.5355, Wasserstein_dist:20.4034, vae_loss_seen:292.6028 GZSL: seen=0.4328, unseen=0.4635, h=0.4476 ZSL: unseen accuracy=0.4844
[162/300]  Loss_D: -17.3412 Loss_G: 0.5508, Wasserstein_dist:21.5570, vae_loss_seen:295.7711 GZSL: seen=0.4216, unseen=0.4792, h=0.4485 ZSL: unseen accuracy=0.5000
[163/300]  Loss_D: -13.9865 Loss_G: 0.4600, Wasserstein_dist:20.3675, vae_loss_seen:290.0728 GZSL: seen=0.4495, unseen=0.4948, h=0.4710 ZSL: unseen accuracy=0.4948
[164/300]  Loss_D: -16.0750 Loss_G: 0.5249, Wasserstein_dist:20.2887, vae_loss_seen:288.4692 GZSL: seen=0.3721, unseen=0.4635, h=0.4128 ZSL: unseen accuracy=0.4844
[165/300]  Loss_D: -15.8698 Loss_G: 0.2728, Wasserstein_dist:20.8984, vae_loss_seen:289.5284 GZSL: seen=0.5136, unseen=0.4792, h=0.4958 ZSL: unseen accuracy=0.5104
[166/300]  Loss_D: -15.7531 Loss_G: 0.2860, Wasserstein_dist:20.2552, vae_loss_seen:291.0068 GZSL: seen=0.4436, unseen=0.4583, h=0.4509 ZSL: unseen accuracy=0.5156
[167/300]  Loss_D: -16.2087 Loss_G: 1.0486, Wasserstein_dist:20.7578, vae_loss_seen:298.3243 GZSL: seen=0.4078, unseen=0.4479, h=0.4269 ZSL: unseen accuracy=0.4688
[168/300]  Loss_D: -14.9275 Loss_G: 0.4058, Wasserstein_dist:20.3833, vae_loss_seen:291.2528 GZSL: seen=0.4352, unseen=0.4688, h=0.4513 ZSL: unseen accuracy=0.4948
[169/300]  Loss_D: -14.9017 Loss_G: 1.0509, Wasserstein_dist:20.1071, vae_loss_seen:299.7028 GZSL: seen=0.4102, unseen=0.4740, h=0.4398 ZSL: unseen accuracy=0.5000
[170/300]  Loss_D: -15.8866 Loss_G: 0.1667, Wasserstein_dist:20.4200, vae_loss_seen:287.2439 GZSL: seen=0.4283, unseen=0.4479, h=0.4379 ZSL: unseen accuracy=0.4792
[171/300]  Loss_D: -15.9912 Loss_G: 0.7237, Wasserstein_dist:20.9338, vae_loss_seen:292.6903 GZSL: seen=0.4489, unseen=0.4792, h=0.4636 ZSL: unseen accuracy=0.4844
[172/300]  Loss_D: -15.9949 Loss_G: 0.5160, Wasserstein_dist:20.8247, vae_loss_seen:292.2421 GZSL: seen=0.4533, unseen=0.4688, h=0.4609 ZSL: unseen accuracy=0.4740
[173/300]  Loss_D: -16.1193 Loss_G: 0.4279, Wasserstein_dist:21.0144, vae_loss_seen:289.0890 GZSL: seen=0.3902, unseen=0.4635, h=0.4237 ZSL: unseen accuracy=0.4688
[174/300]  Loss_D: -15.3792 Loss_G: 0.8371, Wasserstein_dist:21.1925, vae_loss_seen:297.2698 GZSL: seen=0.4377, unseen=0.4531, h=0.4453 ZSL: unseen accuracy=0.4740
[175/300]  Loss_D: -15.7337 Loss_G: 0.2093, Wasserstein_dist:20.6048, vae_loss_seen:291.4128 GZSL: seen=0.5047, unseen=0.4635, h=0.4833 ZSL: unseen accuracy=0.4896
[176/300]  Loss_D: -15.2302 Loss_G: 1.1580, Wasserstein_dist:19.9003, vae_loss_seen:296.5875 GZSL: seen=0.4846, unseen=0.4740, h=0.4792 ZSL: unseen accuracy=0.4844
[177/300]  Loss_D: -15.1639 Loss_G: 0.8499, Wasserstein_dist:20.7743, vae_loss_seen:294.7755 GZSL: seen=0.4392, unseen=0.4740, h=0.4559 ZSL: unseen accuracy=0.4844
[178/300]  Loss_D: -14.2284 Loss_G: 1.0662, Wasserstein_dist:19.7372, vae_loss_seen:296.8311 GZSL: seen=0.4460, unseen=0.4740, h=0.4596 ZSL: unseen accuracy=0.5104
[179/300]  Loss_D: -15.7711 Loss_G: 0.6339, Wasserstein_dist:20.6798, vae_loss_seen:292.5160 GZSL: seen=0.4861, unseen=0.4688, h=0.4773 ZSL: unseen accuracy=0.5000
[180/300]  Loss_D: -15.0766 Loss_G: 0.7879, Wasserstein_dist:20.6072, vae_loss_seen:295.1543 GZSL: seen=0.4952, unseen=0.4792, h=0.4871 ZSL: unseen accuracy=0.5000
[181/300]  Loss_D: -14.1707 Loss_G: 0.4110, Wasserstein_dist:19.9970, vae_loss_seen:290.4607 GZSL: seen=0.4492, unseen=0.4531, h=0.4512 ZSL: unseen accuracy=0.5156
[182/300]  Loss_D: -16.5963 Loss_G: 0.4904, Wasserstein_dist:20.9207, vae_loss_seen:290.0579 GZSL: seen=0.4207, unseen=0.4427, h=0.4314 ZSL: unseen accuracy=0.4844
[183/300]  Loss_D: -15.9522 Loss_G: 1.5379, Wasserstein_dist:21.5429, vae_loss_seen:301.7014 GZSL: seen=0.4936, unseen=0.4635, h=0.4781 ZSL: unseen accuracy=0.4896
[184/300]  Loss_D: -16.0716 Loss_G: 1.1610, Wasserstein_dist:20.3449, vae_loss_seen:298.9102 GZSL: seen=0.4377, unseen=0.4531, h=0.4453 ZSL: unseen accuracy=0.4948
[185/300]  Loss_D: -15.7488 Loss_G: 1.5146, Wasserstein_dist:21.5902, vae_loss_seen:302.1609 GZSL: seen=0.4793, unseen=0.4635, h=0.4713 ZSL: unseen accuracy=0.5208
[186/300]  Loss_D: -16.5862 Loss_G: 0.9177, Wasserstein_dist:20.7905, vae_loss_seen:295.0858 GZSL: seen=0.4547, unseen=0.4479, h=0.4513 ZSL: unseen accuracy=0.4948
[187/300]  Loss_D: -16.1067 Loss_G: 0.8605, Wasserstein_dist:21.7293, vae_loss_seen:295.8606 GZSL: seen=0.3792, unseen=0.4792, h=0.4234 ZSL: unseen accuracy=0.4792
[188/300]  Loss_D: -16.9690 Loss_G: 0.2683, Wasserstein_dist:22.0588, vae_loss_seen:291.7812 GZSL: seen=0.4525, unseen=0.4479, h=0.4502 ZSL: unseen accuracy=0.4688
[189/300]  Loss_D: -14.3951 Loss_G: 1.4362, Wasserstein_dist:20.6187, vae_loss_seen:299.3059 GZSL: seen=0.3779, unseen=0.4479, h=0.4099 ZSL: unseen accuracy=0.5052
[190/300]  Loss_D: -16.4907 Loss_G: 1.4683, Wasserstein_dist:20.6453, vae_loss_seen:303.0938 GZSL: seen=0.4244, unseen=0.4531, h=0.4383 ZSL: unseen accuracy=0.4740
[191/300]  Loss_D: -16.9959 Loss_G: 0.8912, Wasserstein_dist:21.3832, vae_loss_seen:296.5191 GZSL: seen=0.4531, unseen=0.4635, h=0.4583 ZSL: unseen accuracy=0.4688
[192/300]  Loss_D: -15.2718 Loss_G: 1.0018, Wasserstein_dist:21.2672, vae_loss_seen:295.7480 GZSL: seen=0.4541, unseen=0.4479, h=0.4510 ZSL: unseen accuracy=0.4792
[193/300]  Loss_D: -16.2065 Loss_G: 0.7869, Wasserstein_dist:20.5692, vae_loss_seen:292.7400 GZSL: seen=0.4537, unseen=0.4740, h=0.4636 ZSL: unseen accuracy=0.4948
[194/300]  Loss_D: -16.6053 Loss_G: 1.1157, Wasserstein_dist:20.8811, vae_loss_seen:296.2501 GZSL: seen=0.4424, unseen=0.4583, h=0.4502 ZSL: unseen accuracy=0.4792
[195/300]  Loss_D: -14.4787 Loss_G: 1.0349, Wasserstein_dist:21.1138, vae_loss_seen:299.5309 GZSL: seen=0.4978, unseen=0.4792, h=0.4883 ZSL: unseen accuracy=0.5104
[196/300]  Loss_D: -16.7096 Loss_G: 0.6111, Wasserstein_dist:20.6414, vae_loss_seen:294.4356 GZSL: seen=0.4796, unseen=0.4740, h=0.4768 ZSL: unseen accuracy=0.5208
[197/300]  Loss_D: -15.4400 Loss_G: 1.4163, Wasserstein_dist:20.7801, vae_loss_seen:303.2820 GZSL: seen=0.4085, unseen=0.4635, h=0.4343 ZSL: unseen accuracy=0.4740
[198/300]  Loss_D: -15.9131 Loss_G: 0.9369, Wasserstein_dist:20.5036, vae_loss_seen:294.6885 GZSL: seen=0.4370, unseen=0.4427, h=0.4399 ZSL: unseen accuracy=0.5000
[199/300]  Loss_D: -15.1198 Loss_G: 1.6954, Wasserstein_dist:20.7523, vae_loss_seen:304.4709 GZSL: seen=0.4823, unseen=0.4688, h=0.4754 ZSL: unseen accuracy=0.4635
[200/300]  Loss_D: -16.4031 Loss_G: 0.8671, Wasserstein_dist:21.1203, vae_loss_seen:294.7386 GZSL: seen=0.4729, unseen=0.4635, h=0.4682 ZSL: unseen accuracy=0.4896
[201/300]  Loss_D: -16.2543 Loss_G: 1.2021, Wasserstein_dist:20.7869, vae_loss_seen:300.3024 GZSL: seen=0.3988, unseen=0.4531, h=0.4242 ZSL: unseen accuracy=0.5052
[202/300]  Loss_D: -14.3106 Loss_G: 1.0939, Wasserstein_dist:20.6412, vae_loss_seen:295.8585 GZSL: seen=0.4148, unseen=0.4427, h=0.4283 ZSL: unseen accuracy=0.4792
[203/300]  Loss_D: -16.6470 Loss_G: 0.3266, Wasserstein_dist:21.5799, vae_loss_seen:289.4859 GZSL: seen=0.4190, unseen=0.4688, h=0.4425 ZSL: unseen accuracy=0.4948
[204/300]  Loss_D: -16.8633 Loss_G: 1.2726, Wasserstein_dist:20.5819, vae_loss_seen:298.9877 GZSL: seen=0.4395, unseen=0.4688, h=0.4537 ZSL: unseen accuracy=0.4948
[205/300]  Loss_D: -15.3619 Loss_G: 1.2431, Wasserstein_dist:22.2381, vae_loss_seen:299.3378 GZSL: seen=0.4207, unseen=0.4427, h=0.4314 ZSL: unseen accuracy=0.4844
[206/300]  Loss_D: -17.4592 Loss_G: 1.4598, Wasserstein_dist:22.1601, vae_loss_seen:301.1423 GZSL: seen=0.3989, unseen=0.4531, h=0.4243 ZSL: unseen accuracy=0.4740
[207/300]  Loss_D: -16.3424 Loss_G: 1.4542, Wasserstein_dist:21.6243, vae_loss_seen:301.8117 GZSL: seen=0.4104, unseen=0.4792, h=0.4422 ZSL: unseen accuracy=0.5000
[208/300]  Loss_D: -14.5395 Loss_G: 1.0225, Wasserstein_dist:21.0031, vae_loss_seen:297.4438 GZSL: seen=0.4723, unseen=0.4792, h=0.4757 ZSL: unseen accuracy=0.4948
[209/300]  Loss_D: -16.5786 Loss_G: 1.1519, Wasserstein_dist:21.1645, vae_loss_seen:297.3440 GZSL: seen=0.4755, unseen=0.4896, h=0.4824 ZSL: unseen accuracy=0.4896
[210/300]  Loss_D: -15.1574 Loss_G: 0.7864, Wasserstein_dist:21.0632, vae_loss_seen:293.9093 GZSL: seen=0.4287, unseen=0.4792, h=0.4525 ZSL: unseen accuracy=0.4844
[211/300]  Loss_D: -16.3526 Loss_G: 1.3249, Wasserstein_dist:21.1733, vae_loss_seen:299.3001 GZSL: seen=0.4869, unseen=0.4688, h=0.4776 ZSL: unseen accuracy=0.5000
[212/300]  Loss_D: -15.6585 Loss_G: 1.4821, Wasserstein_dist:21.0471, vae_loss_seen:300.5062 GZSL: seen=0.4379, unseen=0.4688, h=0.4528 ZSL: unseen accuracy=0.5260
[213/300]  Loss_D: -16.4361 Loss_G: 1.5383, Wasserstein_dist:21.1116, vae_loss_seen:302.8446 GZSL: seen=0.4173, unseen=0.4688, h=0.4415 ZSL: unseen accuracy=0.4688
[214/300]  Loss_D: -16.2773 Loss_G: 1.0514, Wasserstein_dist:21.0950, vae_loss_seen:297.5551 GZSL: seen=0.3957, unseen=0.4844, h=0.4356 ZSL: unseen accuracy=0.5104
[215/300]  Loss_D: -16.0394 Loss_G: 0.9119, Wasserstein_dist:21.4543, vae_loss_seen:294.7780 GZSL: seen=0.4517, unseen=0.4896, h=0.4699 ZSL: unseen accuracy=0.5000
[216/300]  Loss_D: -16.4892 Loss_G: 2.1119, Wasserstein_dist:21.2857, vae_loss_seen:308.3712 GZSL: seen=0.4886, unseen=0.4844, h=0.4865 ZSL: unseen accuracy=0.5052
[217/300]  Loss_D: -14.6305 Loss_G: 1.8037, Wasserstein_dist:20.4503, vae_loss_seen:305.2787 GZSL: seen=0.4130, unseen=0.4479, h=0.4297 ZSL: unseen accuracy=0.5000
[218/300]  Loss_D: -16.3226 Loss_G: 1.8610, Wasserstein_dist:21.0758, vae_loss_seen:306.4163 GZSL: seen=0.4426, unseen=0.4844, h=0.4626 ZSL: unseen accuracy=0.4740
[219/300]  Loss_D: -17.0135 Loss_G: 1.3533, Wasserstein_dist:20.7357, vae_loss_seen:297.8067 GZSL: seen=0.4676, unseen=0.4635, h=0.4656 ZSL: unseen accuracy=0.4844
[220/300]  Loss_D: -14.3968 Loss_G: 1.7686, Wasserstein_dist:21.1090, vae_loss_seen:305.8861 GZSL: seen=0.4328, unseen=0.4635, h=0.4476 ZSL: unseen accuracy=0.5000
[221/300]  Loss_D: -15.7739 Loss_G: 1.6347, Wasserstein_dist:20.3164, vae_loss_seen:303.0190 GZSL: seen=0.4458, unseen=0.4792, h=0.4619 ZSL: unseen accuracy=0.4635
[222/300]  Loss_D: -17.4798 Loss_G: 1.4177, Wasserstein_dist:21.7931, vae_loss_seen:302.1997 GZSL: seen=0.4085, unseen=0.4740, h=0.4388 ZSL: unseen accuracy=0.4740
[223/300]  Loss_D: -14.8955 Loss_G: 1.9693, Wasserstein_dist:21.5397, vae_loss_seen:307.7889 GZSL: seen=0.4440, unseen=0.4427, h=0.4434 ZSL: unseen accuracy=0.4844
[224/300]  Loss_D: -17.2106 Loss_G: 1.7996, Wasserstein_dist:21.8217, vae_loss_seen:304.7682 GZSL: seen=0.4232, unseen=0.4740, h=0.4471 ZSL: unseen accuracy=0.4948
[225/300]  Loss_D: -15.7169 Loss_G: 1.5755, Wasserstein_dist:20.6894, vae_loss_seen:300.1719 GZSL: seen=0.3962, unseen=0.4688, h=0.4294 ZSL: unseen accuracy=0.4688
[226/300]  Loss_D: -14.7189 Loss_G: 1.8758, Wasserstein_dist:20.7217, vae_loss_seen:305.9834 GZSL: seen=0.4454, unseen=0.4427, h=0.4440 ZSL: unseen accuracy=0.4740
[227/300]  Loss_D: -17.5564 Loss_G: 1.5385, Wasserstein_dist:21.7236, vae_loss_seen:301.6341 GZSL: seen=0.4652, unseen=0.4479, h=0.4564 ZSL: unseen accuracy=0.4792
[228/300]  Loss_D: -16.0248 Loss_G: 1.1894, Wasserstein_dist:20.9151, vae_loss_seen:296.6906 GZSL: seen=0.4582, unseen=0.4531, h=0.4556 ZSL: unseen accuracy=0.5000
[229/300]  Loss_D: -13.8072 Loss_G: 1.9012, Wasserstein_dist:21.2716, vae_loss_seen:307.0362 GZSL: seen=0.4700, unseen=0.4635, h=0.4668 ZSL: unseen accuracy=0.5104
[230/300]  Loss_D: -17.2994 Loss_G: 2.2800, Wasserstein_dist:20.9064, vae_loss_seen:308.4750 GZSL: seen=0.4913, unseen=0.4635, h=0.4770 ZSL: unseen accuracy=0.4948
[231/300]  Loss_D: -17.0505 Loss_G: 2.1270, Wasserstein_dist:22.0534, vae_loss_seen:306.1645 GZSL: seen=0.4497, unseen=0.4635, h=0.4565 ZSL: unseen accuracy=0.5312
[232/300]  Loss_D: -16.0444 Loss_G: 1.8488, Wasserstein_dist:21.5827, vae_loss_seen:304.8343 GZSL: seen=0.4223, unseen=0.4635, h=0.4420 ZSL: unseen accuracy=0.4792
[233/300]  Loss_D: -16.0313 Loss_G: 1.9947, Wasserstein_dist:21.2754, vae_loss_seen:306.9018 GZSL: seen=0.3901, unseen=0.4688, h=0.4258 ZSL: unseen accuracy=0.5052
[234/300]  Loss_D: -15.2887 Loss_G: 1.8443, Wasserstein_dist:20.9023, vae_loss_seen:305.1208 GZSL: seen=0.4729, unseen=0.4844, h=0.4786 ZSL: unseen accuracy=0.5000
[235/300]  Loss_D: -16.6493 Loss_G: 1.9433, Wasserstein_dist:21.6034, vae_loss_seen:305.5933 GZSL: seen=0.4180, unseen=0.4583, h=0.4372 ZSL: unseen accuracy=0.4531
[236/300]  Loss_D: -15.6783 Loss_G: 2.1185, Wasserstein_dist:21.0827, vae_loss_seen:308.8533 GZSL: seen=0.4407, unseen=0.4531, h=0.4468 ZSL: unseen accuracy=0.4948
[237/300]  Loss_D: -16.2985 Loss_G: 1.6823, Wasserstein_dist:21.1839, vae_loss_seen:300.5631 GZSL: seen=0.4719, unseen=0.4635, h=0.4677 ZSL: unseen accuracy=0.5000
[238/300]  Loss_D: -15.4877 Loss_G: 1.7276, Wasserstein_dist:21.3963, vae_loss_seen:302.7904 GZSL: seen=0.4204, unseen=0.4167, h=0.4185 ZSL: unseen accuracy=0.4531
[239/300]  Loss_D: -16.8193 Loss_G: 2.0992, Wasserstein_dist:21.4932, vae_loss_seen:308.5645 GZSL: seen=0.4434, unseen=0.4531, h=0.4482 ZSL: unseen accuracy=0.4635
[240/300]  Loss_D: -15.7627 Loss_G: 1.9202, Wasserstein_dist:21.7936, vae_loss_seen:303.2151 GZSL: seen=0.4422, unseen=0.4375, h=0.4398 ZSL: unseen accuracy=0.4635
[241/300]  Loss_D: -16.0476 Loss_G: 2.0030, Wasserstein_dist:21.2992, vae_loss_seen:307.1762 GZSL: seen=0.4402, unseen=0.4635, h=0.4516 ZSL: unseen accuracy=0.4896
[242/300]  Loss_D: -17.6230 Loss_G: 2.1727, Wasserstein_dist:21.7381, vae_loss_seen:307.8477 GZSL: seen=0.5029, unseen=0.4583, h=0.4796 ZSL: unseen accuracy=0.4792
[243/300]  Loss_D: -15.3409 Loss_G: 2.1172, Wasserstein_dist:21.8130, vae_loss_seen:309.7119 GZSL: seen=0.4590, unseen=0.4583, h=0.4587 ZSL: unseen accuracy=0.4688
[244/300]  Loss_D: -15.7689 Loss_G: 2.3617, Wasserstein_dist:21.5367, vae_loss_seen:311.0546 GZSL: seen=0.4275, unseen=0.4740, h=0.4495 ZSL: unseen accuracy=0.4740
[245/300]  Loss_D: -16.5446 Loss_G: 2.3528, Wasserstein_dist:21.9386, vae_loss_seen:306.3711 GZSL: seen=0.4226, unseen=0.4427, h=0.4324 ZSL: unseen accuracy=0.4792
[246/300]  Loss_D: -15.9909 Loss_G: 2.1517, Wasserstein_dist:21.0794, vae_loss_seen:308.0555 GZSL: seen=0.4426, unseen=0.4427, h=0.4426 ZSL: unseen accuracy=0.4688
[247/300]  Loss_D: -16.0136 Loss_G: 2.6832, Wasserstein_dist:21.2490, vae_loss_seen:312.5033 GZSL: seen=0.4596, unseen=0.4531, h=0.4564 ZSL: unseen accuracy=0.4479
[248/300]  Loss_D: -16.4823 Loss_G: 2.2411, Wasserstein_dist:20.9882, vae_loss_seen:307.5862 GZSL: seen=0.4586, unseen=0.4688, h=0.4636 ZSL: unseen accuracy=0.4688
[249/300]  Loss_D: -16.1002 Loss_G: 2.1017, Wasserstein_dist:21.8504, vae_loss_seen:309.4453 GZSL: seen=0.4067, unseen=0.4635, h=0.4333 ZSL: unseen accuracy=0.4688
[250/300]  Loss_D: -15.2832 Loss_G: 1.9184, Wasserstein_dist:20.7381, vae_loss_seen:302.8772 GZSL: seen=0.4392, unseen=0.4583, h=0.4485 ZSL: unseen accuracy=0.4792
[251/300]  Loss_D: -17.0308 Loss_G: 2.1620, Wasserstein_dist:21.7004, vae_loss_seen:312.5337 GZSL: seen=0.4597, unseen=0.4583, h=0.4590 ZSL: unseen accuracy=0.4792
[252/300]  Loss_D: -15.2614 Loss_G: 2.5787, Wasserstein_dist:21.7243, vae_loss_seen:311.2433 GZSL: seen=0.4152, unseen=0.4635, h=0.4380 ZSL: unseen accuracy=0.4635
[253/300]  Loss_D: -16.8766 Loss_G: 2.5720, Wasserstein_dist:21.1720, vae_loss_seen:309.6033 GZSL: seen=0.3811, unseen=0.4531, h=0.4140 ZSL: unseen accuracy=0.4531
[254/300]  Loss_D: -15.7062 Loss_G: 2.1909, Wasserstein_dist:21.0068, vae_loss_seen:309.0715 GZSL: seen=0.3860, unseen=0.4583, h=0.4191 ZSL: unseen accuracy=0.4740
[255/300]  Loss_D: -14.8354 Loss_G: 2.2409, Wasserstein_dist:20.7145, vae_loss_seen:306.9698 GZSL: seen=0.4235, unseen=0.4688, h=0.4450 ZSL: unseen accuracy=0.4896
[256/300]  Loss_D: -17.3204 Loss_G: 2.6448, Wasserstein_dist:21.8885, vae_loss_seen:313.9456 GZSL: seen=0.4493, unseen=0.4531, h=0.4512 ZSL: unseen accuracy=0.4427
[257/300]  Loss_D: -16.8889 Loss_G: 2.6726, Wasserstein_dist:21.8342, vae_loss_seen:316.1462 GZSL: seen=0.4616, unseen=0.4792, h=0.4702 ZSL: unseen accuracy=0.4844
[258/300]  Loss_D: -16.4138 Loss_G: 2.7831, Wasserstein_dist:21.6167, vae_loss_seen:313.6537 GZSL: seen=0.4053, unseen=0.4583, h=0.4302 ZSL: unseen accuracy=0.4740
[259/300]  Loss_D: -15.4549 Loss_G: 2.1710, Wasserstein_dist:20.8150, vae_loss_seen:304.2658 GZSL: seen=0.4229, unseen=0.4531, h=0.4375 ZSL: unseen accuracy=0.5052
[260/300]  Loss_D: -16.1997 Loss_G: 2.6576, Wasserstein_dist:21.4557, vae_loss_seen:313.0079 GZSL: seen=0.4147, unseen=0.4531, h=0.4331 ZSL: unseen accuracy=0.4896
[261/300]  Loss_D: -16.0914 Loss_G: 2.8421, Wasserstein_dist:21.3864, vae_loss_seen:314.3794 GZSL: seen=0.4275, unseen=0.4792, h=0.4519 ZSL: unseen accuracy=0.4740
[262/300]  Loss_D: -16.5705 Loss_G: 2.1454, Wasserstein_dist:21.1483, vae_loss_seen:307.6277 GZSL: seen=0.4440, unseen=0.4740, h=0.4585 ZSL: unseen accuracy=0.4948
[263/300]  Loss_D: -15.7575 Loss_G: 2.3486, Wasserstein_dist:21.3908, vae_loss_seen:311.1396 GZSL: seen=0.4803, unseen=0.4635, h=0.4718 ZSL: unseen accuracy=0.4948
[264/300]  Loss_D: -15.5558 Loss_G: 2.2637, Wasserstein_dist:21.4375, vae_loss_seen:308.9443 GZSL: seen=0.3981, unseen=0.4531, h=0.4239 ZSL: unseen accuracy=0.4688
[265/300]  Loss_D: -16.9429 Loss_G: 3.0270, Wasserstein_dist:21.9349, vae_loss_seen:317.4905 GZSL: seen=0.4375, unseen=0.4635, h=0.4501 ZSL: unseen accuracy=0.4844
[266/300]  Loss_D: -17.0529 Loss_G: 2.9937, Wasserstein_dist:22.0474, vae_loss_seen:317.1738 GZSL: seen=0.3950, unseen=0.4375, h=0.4152 ZSL: unseen accuracy=0.4583
[267/300]  Loss_D: -15.7178 Loss_G: 2.4119, Wasserstein_dist:21.3684, vae_loss_seen:309.5033 GZSL: seen=0.4524, unseen=0.4740, h=0.4629 ZSL: unseen accuracy=0.5052
[268/300]  Loss_D: -17.0195 Loss_G: 2.4745, Wasserstein_dist:21.5982, vae_loss_seen:312.1697 GZSL: seen=0.4230, unseen=0.4479, h=0.4351 ZSL: unseen accuracy=0.4635
[269/300]  Loss_D: -15.5384 Loss_G: 2.8463, Wasserstein_dist:21.1911, vae_loss_seen:313.4891 GZSL: seen=0.3567, unseen=0.4740, h=0.4071 ZSL: unseen accuracy=0.5000
[270/300]  Loss_D: -16.1708 Loss_G: 2.8049, Wasserstein_dist:21.5377, vae_loss_seen:315.3196 GZSL: seen=0.4643, unseen=0.4792, h=0.4716 ZSL: unseen accuracy=0.5000
[271/300]  Loss_D: -16.7039 Loss_G: 2.6605, Wasserstein_dist:21.5098, vae_loss_seen:314.6487 GZSL: seen=0.4333, unseen=0.4583, h=0.4455 ZSL: unseen accuracy=0.4792
[272/300]  Loss_D: -16.6356 Loss_G: 2.9539, Wasserstein_dist:21.2700, vae_loss_seen:315.7753 GZSL: seen=0.4623, unseen=0.4792, h=0.4706 ZSL: unseen accuracy=0.5052
[273/300]  Loss_D: -15.0079 Loss_G: 3.0451, Wasserstein_dist:20.5198, vae_loss_seen:314.9698 GZSL: seen=0.4755, unseen=0.4740, h=0.4747 ZSL: unseen accuracy=0.4948
[274/300]  Loss_D: -16.1258 Loss_G: 2.8022, Wasserstein_dist:21.5223, vae_loss_seen:314.0445 GZSL: seen=0.4120, unseen=0.4531, h=0.4316 ZSL: unseen accuracy=0.4688
[275/300]  Loss_D: -16.7641 Loss_G: 3.1763, Wasserstein_dist:22.7665, vae_loss_seen:319.4920 GZSL: seen=0.3860, unseen=0.4375, h=0.4101 ZSL: unseen accuracy=0.4531
[276/300]  Loss_D: -16.0935 Loss_G: 2.9212, Wasserstein_dist:21.1025, vae_loss_seen:315.0740 GZSL: seen=0.4065, unseen=0.4479, h=0.4262 ZSL: unseen accuracy=0.4896
[277/300]  Loss_D: -16.6194 Loss_G: 2.3760, Wasserstein_dist:21.8602, vae_loss_seen:311.1389 GZSL: seen=0.4873, unseen=0.4688, h=0.4778 ZSL: unseen accuracy=0.4896
[278/300]  Loss_D: -15.4937 Loss_G: 3.0233, Wasserstein_dist:20.9628, vae_loss_seen:314.8214 GZSL: seen=0.4464, unseen=0.4792, h=0.4622 ZSL: unseen accuracy=0.5052
[279/300]  Loss_D: -17.2046 Loss_G: 2.7014, Wasserstein_dist:21.2840, vae_loss_seen:311.5028 GZSL: seen=0.4458, unseen=0.4896, h=0.4666 ZSL: unseen accuracy=0.4792
[280/300]  Loss_D: -15.6967 Loss_G: 2.7394, Wasserstein_dist:21.8536, vae_loss_seen:316.8094 GZSL: seen=0.4553, unseen=0.4375, h=0.4462 ZSL: unseen accuracy=0.4792
[281/300]  Loss_D: -16.3562 Loss_G: 3.0934, Wasserstein_dist:21.2868, vae_loss_seen:318.5006 GZSL: seen=0.4104, unseen=0.4427, h=0.4260 ZSL: unseen accuracy=0.5000
[282/300]  Loss_D: -16.7572 Loss_G: 2.6675, Wasserstein_dist:21.3813, vae_loss_seen:311.0912 GZSL: seen=0.4493, unseen=0.4688, h=0.4588 ZSL: unseen accuracy=0.4844
[283/300]  Loss_D: -16.5158 Loss_G: 3.9845, Wasserstein_dist:22.2737, vae_loss_seen:324.8347 GZSL: seen=0.4511, unseen=0.4479, h=0.4495 ZSL: unseen accuracy=0.5417
[284/300]  Loss_D: -16.8042 Loss_G: 2.9193, Wasserstein_dist:21.9543, vae_loss_seen:317.7846 GZSL: seen=0.3933, unseen=0.4740, h=0.4299 ZSL: unseen accuracy=0.4688
[285/300]  Loss_D: -16.0718 Loss_G: 2.9741, Wasserstein_dist:20.9214, vae_loss_seen:316.5941 GZSL: seen=0.4327, unseen=0.4688, h=0.4500 ZSL: unseen accuracy=0.4583
[286/300]  Loss_D: -15.2073 Loss_G: 2.9727, Wasserstein_dist:20.8606, vae_loss_seen:313.6077 GZSL: seen=0.4177, unseen=0.4479, h=0.4323 ZSL: unseen accuracy=0.4688
[287/300]  Loss_D: -15.6308 Loss_G: 2.7993, Wasserstein_dist:20.6680, vae_loss_seen:311.6938 GZSL: seen=0.4652, unseen=0.4635, h=0.4644 ZSL: unseen accuracy=0.5000
[288/300]  Loss_D: -17.2405 Loss_G: 3.1216, Wasserstein_dist:21.4808, vae_loss_seen:318.2389 GZSL: seen=0.4315, unseen=0.4583, h=0.4445 ZSL: unseen accuracy=0.4688
[289/300]  Loss_D: -15.9864 Loss_G: 2.7660, Wasserstein_dist:21.4578, vae_loss_seen:314.3313 GZSL: seen=0.4560, unseen=0.4635, h=0.4597 ZSL: unseen accuracy=0.5052
[290/300]  Loss_D: -15.2301 Loss_G: 3.3188, Wasserstein_dist:20.7664, vae_loss_seen:318.2686 GZSL: seen=0.4331, unseen=0.4688, h=0.4502 ZSL: unseen accuracy=0.4896
[291/300]  Loss_D: -15.9140 Loss_G: 3.2403, Wasserstein_dist:21.3022, vae_loss_seen:316.4292 GZSL: seen=0.4257, unseen=0.4688, h=0.4462 ZSL: unseen accuracy=0.4792
[292/300]  Loss_D: -14.9493 Loss_G: 3.4210, Wasserstein_dist:21.5349, vae_loss_seen:317.9742 GZSL: seen=0.4616, unseen=0.4688, h=0.4652 ZSL: unseen accuracy=0.4844
[293/300]  Loss_D: -16.7255 Loss_G: 3.6498, Wasserstein_dist:21.0464, vae_loss_seen:322.0125 GZSL: seen=0.4349, unseen=0.4688, h=0.4512 ZSL: unseen accuracy=0.4792
[294/300]  Loss_D: -17.8908 Loss_G: 2.9823, Wasserstein_dist:22.1362, vae_loss_seen:317.9784 GZSL: seen=0.4783, unseen=0.4635, h=0.4708 ZSL: unseen accuracy=0.4844
[295/300]  Loss_D: -15.0430 Loss_G: 3.5482, Wasserstein_dist:21.4652, vae_loss_seen:322.5548 GZSL: seen=0.4229, unseen=0.4635, h=0.4423 ZSL: unseen accuracy=0.5000
[296/300]  Loss_D: -16.2411 Loss_G: 3.1974, Wasserstein_dist:21.5173, vae_loss_seen:317.0322 GZSL: seen=0.4352, unseen=0.4375, h=0.4363 ZSL: unseen accuracy=0.4635
[297/300]  Loss_D: -16.1746 Loss_G: 2.7840, Wasserstein_dist:21.3758, vae_loss_seen:311.4241 GZSL: seen=0.4533, unseen=0.4740, h=0.4634 ZSL: unseen accuracy=0.4479
[298/300]  Loss_D: -15.7105 Loss_G: 3.3562, Wasserstein_dist:21.6409, vae_loss_seen:320.0463 GZSL: seen=0.4688, unseen=0.4688, h=0.4688 ZSL: unseen accuracy=0.4740
[299/300]  Loss_D: -17.2935 Loss_G: 3.2727, Wasserstein_dist:22.4186, vae_loss_seen:317.5848 GZSL: seen=0.4315, unseen=0.4531, h=0.4420 ZSL: unseen accuracy=0.4740
Dataset RADAR
the best ZSL unseen accuracy is 0.5989583333333334
Dataset RADAR
the best GZSL seen accuracy is 0.8087301587301586
the best GZSL unseen accuracy is 0.4635416666666667
the best GZSL H is 0.5893082251419809
