CUDA_VISIBLE_DEVICES=0 OMP_NUM_THREADS=4 python train_images.py --gammaD 10 --gammaG 10                 --manualSeed 3407 --encoded_noise --preprocessing --cuda --image_embedding SqueezeNet_1024_T --class_embedding BERT_768_gzsl                 --nepoch 300 --ngh 4096 --ndh 4096 --lr 0.0005 --classifier_lr 0.005 --lambda1 10 --critic_iter 5 --dataroot datasets --dataset RADAR                 --nclass_all 27 --batch_size 128 --nz 768 --latent_size 768 --attSize 768 --resSize 1024 --syn_num 320                 --gzsl --recons_weight 0.01 --a1 1 --a2 1 --feed_lr 0.00001 --dec_lr 0.0001 --feedback_loop 2
Random Seed:  3407
# of training samples:  538
Encoder(
  (fc1): Linear(in_features=1792, out_features=4096, bias=True)
  (fc3): Linear(in_features=4096, out_features=1536, bias=True)
  (lrelu): LeakyReLU(0.2, inplace)
  (linear_means): Linear(in_features=1536, out_features=768, bias=True)
  (linear_log_var): Linear(in_features=1536, out_features=768, bias=True)
)
Generator(
  (fc1): Linear(in_features=1536, out_features=4096, bias=True)
  (fc3): Linear(in_features=4096, out_features=1024, bias=True)
  (lrelu): LeakyReLU(0.2, inplace)
  (sigmoid): Sigmoid()
)
Discriminator_D1(
  (fc1): Linear(in_features=1792, out_features=4096, bias=True)
  (fc2): Linear(in_features=4096, out_features=1, bias=True)
  (lrelu): LeakyReLU(0.2, inplace)
)
Feedback(
  (fc1): Linear(in_features=4096, out_features=4096, bias=True)
  (fc2): Linear(in_features=4096, out_features=4096, bias=True)
  (lrelu): LeakyReLU(0.2, inplace)
)
AttDec(
  (fc1): Linear(in_features=1024, out_features=4096, bias=True)
  (fc3): Linear(in_features=4096, out_features=768, bias=True)
  (lrelu): LeakyReLU(0.2, inplace)
)
[0/300]  Loss_D: -111.0722 Loss_G: 0.2367, Wasserstein_dist:140.6369, vae_loss_seen:480.1575 GZSL: seen=0.8929, unseen=0.2396, h=0.3778 ZSL: unseen accuracy=0.3333
[1/300]  Loss_D: -60.4799 Loss_G: -3.1313, Wasserstein_dist:79.8672, vae_loss_seen:375.7744 GZSL: seen=0.9187, unseen=0.2344, h=0.3735 ZSL: unseen accuracy=0.3281
[2/300]  Loss_D: -24.9895 Loss_G: -6.3545, Wasserstein_dist:32.1595, vae_loss_seen:292.1344 GZSL: seen=0.8730, unseen=0.3177, h=0.4659 ZSL: unseen accuracy=0.6250
[3/300]  Loss_D: -19.1136 Loss_G: -5.5507, Wasserstein_dist:22.8077, vae_loss_seen:280.6436 GZSL: seen=0.8929, unseen=0.3177, h=0.4687 ZSL: unseen accuracy=0.5156
[4/300]  Loss_D: -18.1052 Loss_G: -5.5751, Wasserstein_dist:23.2889, vae_loss_seen:266.8290 GZSL: seen=0.8651, unseen=0.2708, h=0.4125 ZSL: unseen accuracy=0.3750
[5/300]  Loss_D: -13.2466 Loss_G: -4.7991, Wasserstein_dist:15.3662, vae_loss_seen:267.1818 GZSL: seen=0.8552, unseen=0.2969, h=0.4407 ZSL: unseen accuracy=0.5000
[6/300]  Loss_D: -16.3005 Loss_G: -4.4639, Wasserstein_dist:18.7342, vae_loss_seen:265.0545 GZSL: seen=0.8730, unseen=0.1615, h=0.2725 ZSL: unseen accuracy=0.4479
[7/300]  Loss_D: -13.1953 Loss_G: -3.7411, Wasserstein_dist:15.0939, vae_loss_seen:274.9085 GZSL: seen=0.8710, unseen=0.1354, h=0.2344 ZSL: unseen accuracy=0.3333
[8/300]  Loss_D: -12.5514 Loss_G: -3.8933, Wasserstein_dist:13.7370, vae_loss_seen:271.8943 GZSL: seen=0.9028, unseen=0.2708, h=0.4167 ZSL: unseen accuracy=0.5365
[9/300]  Loss_D: -15.7270 Loss_G: -1.5388, Wasserstein_dist:18.4577, vae_loss_seen:294.5004 GZSL: seen=0.8333, unseen=0.2188, h=0.3465 ZSL: unseen accuracy=0.3333
[10/300]  Loss_D: -14.9997 Loss_G: -1.5510, Wasserstein_dist:17.4293, vae_loss_seen:290.2598 GZSL: seen=0.8730, unseen=0.1771, h=0.2944 ZSL: unseen accuracy=0.3333
[11/300]  Loss_D: -15.8837 Loss_G: 0.0284, Wasserstein_dist:19.5912, vae_loss_seen:310.6447 GZSL: seen=0.8790, unseen=0.2396, h=0.3765 ZSL: unseen accuracy=0.4375
[12/300]  Loss_D: -14.6683 Loss_G: 1.9959, Wasserstein_dist:20.0669, vae_loss_seen:324.2924 GZSL: seen=0.9147, unseen=0.1615, h=0.2745 ZSL: unseen accuracy=0.4323
[13/300]  Loss_D: -15.0766 Loss_G: 1.9861, Wasserstein_dist:20.1509, vae_loss_seen:326.1514 GZSL: seen=0.9028, unseen=0.2656, h=0.4105 ZSL: unseen accuracy=0.4844
[14/300]  Loss_D: -16.7323 Loss_G: 2.3352, Wasserstein_dist:22.4105, vae_loss_seen:329.5721 GZSL: seen=0.8861, unseen=0.3281, h=0.4789 ZSL: unseen accuracy=0.4896
[15/300]  Loss_D: -16.4767 Loss_G: 3.0213, Wasserstein_dist:21.7301, vae_loss_seen:338.3566 GZSL: seen=0.8841, unseen=0.2344, h=0.3705 ZSL: unseen accuracy=0.4896
[16/300]  Loss_D: -15.2885 Loss_G: 3.8362, Wasserstein_dist:20.4164, vae_loss_seen:353.0072 GZSL: seen=0.8194, unseen=0.3125, h=0.4525 ZSL: unseen accuracy=0.4688
[17/300]  Loss_D: -16.3642 Loss_G: 3.8317, Wasserstein_dist:20.8286, vae_loss_seen:342.3837 GZSL: seen=0.8968, unseen=0.3073, h=0.4577 ZSL: unseen accuracy=0.4115
[18/300]  Loss_D: -15.5639 Loss_G: 3.8202, Wasserstein_dist:20.6554, vae_loss_seen:338.3485 GZSL: seen=0.9325, unseen=0.2760, h=0.4260 ZSL: unseen accuracy=0.4427
[19/300]  Loss_D: -16.4500 Loss_G: 4.2444, Wasserstein_dist:21.3266, vae_loss_seen:346.0199 GZSL: seen=0.8452, unseen=0.3281, h=0.4727 ZSL: unseen accuracy=0.4583
[20/300]  Loss_D: -16.4923 Loss_G: 3.8640, Wasserstein_dist:20.9347, vae_loss_seen:328.6027 GZSL: seen=0.9266, unseen=0.2865, h=0.4376 ZSL: unseen accuracy=0.4688
[21/300]  Loss_D: -17.1859 Loss_G: 4.2035, Wasserstein_dist:22.0602, vae_loss_seen:342.1638 GZSL: seen=0.8889, unseen=0.2760, h=0.4213 ZSL: unseen accuracy=0.4688
[22/300]  Loss_D: -15.3167 Loss_G: 5.4335, Wasserstein_dist:19.0993, vae_loss_seen:348.3897 GZSL: seen=0.9028, unseen=0.3021, h=0.4527 ZSL: unseen accuracy=0.4635
[23/300]  Loss_D: -15.5910 Loss_G: 4.5739, Wasserstein_dist:19.7448, vae_loss_seen:344.6280 GZSL: seen=0.7798, unseen=0.3229, h=0.4567 ZSL: unseen accuracy=0.4427
[24/300]  Loss_D: -15.0467 Loss_G: 6.0106, Wasserstein_dist:19.0647, vae_loss_seen:356.5284 GZSL: seen=0.9266, unseen=0.1875, h=0.3119 ZSL: unseen accuracy=0.4375
[25/300]  Loss_D: -15.4999 Loss_G: 6.1680, Wasserstein_dist:19.3494, vae_loss_seen:353.5908 GZSL: seen=0.9226, unseen=0.2760, h=0.4249 ZSL: unseen accuracy=0.4427
[26/300]  Loss_D: -14.2453 Loss_G: 6.1158, Wasserstein_dist:18.1596, vae_loss_seen:356.5483 GZSL: seen=0.9385, unseen=0.2708, h=0.4204 ZSL: unseen accuracy=0.4375
[27/300]  Loss_D: -13.4092 Loss_G: 6.9996, Wasserstein_dist:17.3039, vae_loss_seen:358.7239 GZSL: seen=0.9266, unseen=0.2812, h=0.4315 ZSL: unseen accuracy=0.4427
[28/300]  Loss_D: -14.4533 Loss_G: 6.3236, Wasserstein_dist:18.0180, vae_loss_seen:355.5557 GZSL: seen=0.9504, unseen=0.2865, h=0.4402 ZSL: unseen accuracy=0.4844
[29/300]  Loss_D: -14.2685 Loss_G: 6.5251, Wasserstein_dist:17.8785, vae_loss_seen:349.6987 GZSL: seen=0.9365, unseen=0.2760, h=0.4264 ZSL: unseen accuracy=0.4323
[30/300]  Loss_D: -13.1570 Loss_G: 5.7123, Wasserstein_dist:16.9247, vae_loss_seen:333.2887 GZSL: seen=0.9385, unseen=0.2865, h=0.4389 ZSL: unseen accuracy=0.4583
[31/300]  Loss_D: -12.9517 Loss_G: 7.1054, Wasserstein_dist:16.1296, vae_loss_seen:350.6872 GZSL: seen=0.9048, unseen=0.2656, h=0.4107 ZSL: unseen accuracy=0.4323
[32/300]  Loss_D: -13.2980 Loss_G: 7.1328, Wasserstein_dist:16.5359, vae_loss_seen:347.4840 GZSL: seen=0.9325, unseen=0.2760, h=0.4260 ZSL: unseen accuracy=0.4427
[33/300]  Loss_D: -12.4769 Loss_G: 9.9035, Wasserstein_dist:16.0530, vae_loss_seen:377.8614 GZSL: seen=0.9306, unseen=0.2500, h=0.3941 ZSL: unseen accuracy=0.4375
[34/300]  Loss_D: -14.0762 Loss_G: 7.5487, Wasserstein_dist:17.0749, vae_loss_seen:355.4205 GZSL: seen=0.9325, unseen=0.2812, h=0.4322 ZSL: unseen accuracy=0.4479
[35/300]  Loss_D: -13.9322 Loss_G: 6.8347, Wasserstein_dist:17.1346, vae_loss_seen:357.2615 GZSL: seen=0.9306, unseen=0.2865, h=0.4381 ZSL: unseen accuracy=0.4531
[36/300]  Loss_D: -12.2162 Loss_G: 8.8750, Wasserstein_dist:15.5554, vae_loss_seen:369.3291 GZSL: seen=0.9385, unseen=0.2865, h=0.4389 ZSL: unseen accuracy=0.4479
[37/300]  Loss_D: -11.1177 Loss_G: 8.5212, Wasserstein_dist:14.2078, vae_loss_seen:364.5644 GZSL: seen=0.7976, unseen=0.3385, h=0.4753 ZSL: unseen accuracy=0.4479
[38/300]  Loss_D: -12.3235 Loss_G: 8.7477, Wasserstein_dist:15.6649, vae_loss_seen:367.4314 GZSL: seen=0.7579, unseen=0.3073, h=0.4373 ZSL: unseen accuracy=0.4271
[39/300]  Loss_D: -12.3177 Loss_G: 10.1266, Wasserstein_dist:15.9168, vae_loss_seen:391.3992 GZSL: seen=0.9266, unseen=0.2865, h=0.4376 ZSL: unseen accuracy=0.4531
[40/300]  Loss_D: -11.8662 Loss_G: 8.0923, Wasserstein_dist:14.9430, vae_loss_seen:366.3116 GZSL: seen=0.9385, unseen=0.2760, h=0.4266 ZSL: unseen accuracy=0.4427
[41/300]  Loss_D: -11.8847 Loss_G: 9.8983, Wasserstein_dist:14.8591, vae_loss_seen:379.2660 GZSL: seen=0.9504, unseen=0.2656, h=0.4152 ZSL: unseen accuracy=0.4323
[42/300]  Loss_D: -12.0057 Loss_G: 9.8815, Wasserstein_dist:15.5892, vae_loss_seen:388.0007 GZSL: seen=0.9563, unseen=0.2812, h=0.4347 ZSL: unseen accuracy=0.4479
[43/300]  Loss_D: -10.8798 Loss_G: 9.0703, Wasserstein_dist:13.7964, vae_loss_seen:376.1289 GZSL: seen=0.7857, unseen=0.3281, h=0.4629 ZSL: unseen accuracy=0.4375
[44/300]  Loss_D: -11.2404 Loss_G: 10.3232, Wasserstein_dist:14.8400, vae_loss_seen:374.2076 GZSL: seen=0.9325, unseen=0.2812, h=0.4322 ZSL: unseen accuracy=0.4427
[45/300]  Loss_D: -11.5248 Loss_G: 10.1707, Wasserstein_dist:15.0781, vae_loss_seen:376.7588 GZSL: seen=0.9345, unseen=0.2708, h=0.4200 ZSL: unseen accuracy=0.4323
[46/300]  Loss_D: -11.6070 Loss_G: 8.5935, Wasserstein_dist:15.2031, vae_loss_seen:360.4939 GZSL: seen=0.9365, unseen=0.2240, h=0.3615 ZSL: unseen accuracy=0.4115
[47/300]  Loss_D: -11.2638 Loss_G: 9.8540, Wasserstein_dist:14.3737, vae_loss_seen:368.2623 GZSL: seen=0.7846, unseen=0.3385, h=0.4730 ZSL: unseen accuracy=0.4323
[48/300]  Loss_D: -13.3699 Loss_G: 8.1731, Wasserstein_dist:17.2952, vae_loss_seen:358.5585 GZSL: seen=0.7798, unseen=0.3385, h=0.4721 ZSL: unseen accuracy=0.4062
[49/300]  Loss_D: -11.8314 Loss_G: 9.1657, Wasserstein_dist:14.9019, vae_loss_seen:369.1490 GZSL: seen=0.9683, unseen=0.2448, h=0.3908 ZSL: unseen accuracy=0.4010
[50/300]  Loss_D: -10.3382 Loss_G: 10.1325, Wasserstein_dist:13.4982, vae_loss_seen:373.3188 GZSL: seen=0.9325, unseen=0.2760, h=0.4260 ZSL: unseen accuracy=0.4375
[51/300]  Loss_D: -10.5065 Loss_G: 10.1256, Wasserstein_dist:13.1130, vae_loss_seen:375.3586 GZSL: seen=0.9563, unseen=0.2135, h=0.3491 ZSL: unseen accuracy=0.4323
[52/300]  Loss_D: -11.4950 Loss_G: 10.3395, Wasserstein_dist:14.5973, vae_loss_seen:383.0300 GZSL: seen=0.9544, unseen=0.2604, h=0.4092 ZSL: unseen accuracy=0.4271
[53/300]  Loss_D: -11.6245 Loss_G: 9.7740, Wasserstein_dist:14.7328, vae_loss_seen:380.8945 GZSL: seen=0.8095, unseen=0.3594, h=0.4978 ZSL: unseen accuracy=0.4323
[54/300]  Loss_D: -11.9753 Loss_G: 9.8532, Wasserstein_dist:14.9350, vae_loss_seen:379.3375 GZSL: seen=0.8186, unseen=0.3021, h=0.4413 ZSL: unseen accuracy=0.3854
[55/300]  Loss_D: -10.7398 Loss_G: 10.9612, Wasserstein_dist:13.6332, vae_loss_seen:391.9792 GZSL: seen=0.9444, unseen=0.2500, h=0.3953 ZSL: unseen accuracy=0.4323
[56/300]  Loss_D: -9.8854 Loss_G: 11.6178, Wasserstein_dist:12.9640, vae_loss_seen:384.3635 GZSL: seen=0.9008, unseen=0.2292, h=0.3654 ZSL: unseen accuracy=0.3958
[57/300]  Loss_D: -11.2756 Loss_G: 11.1154, Wasserstein_dist:14.4814, vae_loss_seen:383.4167 GZSL: seen=0.9365, unseen=0.2344, h=0.3749 ZSL: unseen accuracy=0.4375
[58/300]  Loss_D: -11.0600 Loss_G: 11.1539, Wasserstein_dist:14.3499, vae_loss_seen:383.2054 GZSL: seen=0.8968, unseen=0.1146, h=0.2032 ZSL: unseen accuracy=0.3854
[59/300]  Loss_D: -10.4180 Loss_G: 11.3312, Wasserstein_dist:13.8930, vae_loss_seen:379.1188 GZSL: seen=0.9365, unseen=0.2344, h=0.3749 ZSL: unseen accuracy=0.4167
[60/300]  Loss_D: -10.2022 Loss_G: 12.6748, Wasserstein_dist:13.2829, vae_loss_seen:407.5875 GZSL: seen=0.8036, unseen=0.2396, h=0.3691 ZSL: unseen accuracy=0.3906
[61/300]  Loss_D: -9.6049 Loss_G: 11.5198, Wasserstein_dist:12.3020, vae_loss_seen:382.2638 GZSL: seen=0.9246, unseen=0.1771, h=0.2972 ZSL: unseen accuracy=0.3906
[62/300]  Loss_D: -11.4575 Loss_G: 11.6861, Wasserstein_dist:14.4866, vae_loss_seen:386.8618 GZSL: seen=0.8194, unseen=0.3542, h=0.4946 ZSL: unseen accuracy=0.4271
[63/300]  Loss_D: -10.0122 Loss_G: 13.7105, Wasserstein_dist:12.9229, vae_loss_seen:412.0139 GZSL: seen=0.9444, unseen=0.1146, h=0.2044 ZSL: unseen accuracy=0.4167
[64/300]  Loss_D: -9.7963 Loss_G: 12.5662, Wasserstein_dist:12.8485, vae_loss_seen:396.8485 GZSL: seen=0.8472, unseen=0.1927, h=0.3140 ZSL: unseen accuracy=0.4271
[65/300]  Loss_D: -10.8585 Loss_G: 11.0409, Wasserstein_dist:14.6343, vae_loss_seen:378.7487 GZSL: seen=0.8194, unseen=0.2083, h=0.3322 ZSL: unseen accuracy=0.4219
[66/300]  Loss_D: -10.7168 Loss_G: 11.8666, Wasserstein_dist:13.4268, vae_loss_seen:383.5078 GZSL: seen=0.8889, unseen=0.1667, h=0.2807 ZSL: unseen accuracy=0.4010
[67/300]  Loss_D: -9.6930 Loss_G: 12.3304, Wasserstein_dist:12.7454, vae_loss_seen:395.6722 GZSL: seen=0.8313, unseen=0.1979, h=0.3197 ZSL: unseen accuracy=0.4167
[68/300]  Loss_D: -9.1246 Loss_G: 12.7444, Wasserstein_dist:12.9673, vae_loss_seen:398.3465 GZSL: seen=0.8115, unseen=0.1927, h=0.3115 ZSL: unseen accuracy=0.3958
[69/300]  Loss_D: -10.2583 Loss_G: 13.4131, Wasserstein_dist:13.7630, vae_loss_seen:399.3543 GZSL: seen=0.8016, unseen=0.2604, h=0.3931 ZSL: unseen accuracy=0.3490
[70/300]  Loss_D: -11.3237 Loss_G: 12.0931, Wasserstein_dist:14.3768, vae_loss_seen:394.0562 GZSL: seen=0.8254, unseen=0.3542, h=0.4957 ZSL: unseen accuracy=0.3958
[71/300]  Loss_D: -11.0237 Loss_G: 12.6389, Wasserstein_dist:13.7356, vae_loss_seen:399.7519 GZSL: seen=0.8115, unseen=0.1875, h=0.3046 ZSL: unseen accuracy=0.3958
[72/300]  Loss_D: -9.7033 Loss_G: 12.0876, Wasserstein_dist:12.5337, vae_loss_seen:390.2383 GZSL: seen=0.7897, unseen=0.3281, h=0.4636 ZSL: unseen accuracy=0.4115
[73/300]  Loss_D: -10.0007 Loss_G: 13.4720, Wasserstein_dist:13.1969, vae_loss_seen:402.9896 GZSL: seen=0.7758, unseen=0.3177, h=0.4508 ZSL: unseen accuracy=0.4062
[74/300]  Loss_D: -10.2666 Loss_G: 11.9384, Wasserstein_dist:13.1906, vae_loss_seen:397.7510 GZSL: seen=0.8075, unseen=0.3906, h=0.5265 ZSL: unseen accuracy=0.4010
[75/300]  Loss_D: -8.3046 Loss_G: 13.4382, Wasserstein_dist:11.2956, vae_loss_seen:395.7162 GZSL: seen=0.7659, unseen=0.3125, h=0.4439 ZSL: unseen accuracy=0.4062
[76/300]  Loss_D: -8.7706 Loss_G: 13.6976, Wasserstein_dist:12.0880, vae_loss_seen:408.8536 GZSL: seen=0.8631, unseen=0.2240, h=0.3556 ZSL: unseen accuracy=0.4010
[77/300]  Loss_D: -9.7027 Loss_G: 12.3878, Wasserstein_dist:12.3571, vae_loss_seen:391.3490 GZSL: seen=0.7679, unseen=0.2135, h=0.3342 ZSL: unseen accuracy=0.3594
[78/300]  Loss_D: -10.0832 Loss_G: 13.3896, Wasserstein_dist:13.1997, vae_loss_seen:400.1397 GZSL: seen=0.7540, unseen=0.2083, h=0.3265 ZSL: unseen accuracy=0.3906
[79/300]  Loss_D: -10.0218 Loss_G: 13.3047, Wasserstein_dist:12.7739, vae_loss_seen:401.2484 GZSL: seen=0.8036, unseen=0.2240, h=0.3503 ZSL: unseen accuracy=0.4010
[80/300]  Loss_D: -9.6699 Loss_G: 13.1498, Wasserstein_dist:12.3351, vae_loss_seen:399.8563 GZSL: seen=0.7401, unseen=0.2344, h=0.3560 ZSL: unseen accuracy=0.4115
[81/300]  Loss_D: -9.8207 Loss_G: 13.2240, Wasserstein_dist:12.5262, vae_loss_seen:398.7226 GZSL: seen=0.8036, unseen=0.3958, h=0.5304 ZSL: unseen accuracy=0.3854
[82/300]  Loss_D: -8.4181 Loss_G: 13.3426, Wasserstein_dist:10.9866, vae_loss_seen:404.4666 GZSL: seen=0.8413, unseen=0.2031, h=0.3272 ZSL: unseen accuracy=0.4010
[83/300]  Loss_D: -10.5341 Loss_G: 13.3447, Wasserstein_dist:13.8962, vae_loss_seen:404.7022 GZSL: seen=0.7698, unseen=0.3281, h=0.4601 ZSL: unseen accuracy=0.4010
[84/300]  Loss_D: -8.6661 Loss_G: 13.0840, Wasserstein_dist:11.6827, vae_loss_seen:397.2964 GZSL: seen=0.8087, unseen=0.3333, h=0.4721 ZSL: unseen accuracy=0.3698
[85/300]  Loss_D: -8.8374 Loss_G: 13.6928, Wasserstein_dist:11.2894, vae_loss_seen:396.1108 GZSL: seen=0.9583, unseen=0.0729, h=0.1355 ZSL: unseen accuracy=0.3958
[86/300]  Loss_D: -8.4744 Loss_G: 13.1274, Wasserstein_dist:11.1975, vae_loss_seen:391.3982 GZSL: seen=0.8075, unseen=0.2500, h=0.3818 ZSL: unseen accuracy=0.3958
[87/300]  Loss_D: -9.5991 Loss_G: 13.5674, Wasserstein_dist:12.1438, vae_loss_seen:403.4114 GZSL: seen=0.8671, unseen=0.2552, h=0.3943 ZSL: unseen accuracy=0.3021
[88/300]  Loss_D: -7.4479 Loss_G: 14.1856, Wasserstein_dist:10.2373, vae_loss_seen:405.3141 GZSL: seen=0.8075, unseen=0.4062, h=0.5406 ZSL: unseen accuracy=0.2760
[89/300]  Loss_D: -9.7027 Loss_G: 13.0306, Wasserstein_dist:12.4751, vae_loss_seen:397.1889 GZSL: seen=0.8571, unseen=0.0781, h=0.1432 ZSL: unseen accuracy=0.2396
[90/300]  Loss_D: -9.1736 Loss_G: 14.2553, Wasserstein_dist:12.2670, vae_loss_seen:403.7390 GZSL: seen=0.9623, unseen=0.0833, h=0.1534 ZSL: unseen accuracy=0.3542
[91/300]  Loss_D: -9.0677 Loss_G: 13.6712, Wasserstein_dist:11.8652, vae_loss_seen:402.3986 GZSL: seen=0.8234, unseen=0.2656, h=0.4017 ZSL: unseen accuracy=0.3490
[92/300]  Loss_D: -8.4494 Loss_G: 13.8012, Wasserstein_dist:11.2790, vae_loss_seen:397.8144 GZSL: seen=0.8433, unseen=0.0938, h=0.1687 ZSL: unseen accuracy=0.3698
[93/300]  Loss_D: -9.2975 Loss_G: 14.0260, Wasserstein_dist:12.1629, vae_loss_seen:410.5319 GZSL: seen=0.7976, unseen=0.2917, h=0.4271 ZSL: unseen accuracy=0.3854
[94/300]  Loss_D: -8.4631 Loss_G: 13.7087, Wasserstein_dist:11.2955, vae_loss_seen:393.7010 GZSL: seen=0.7341, unseen=0.2188, h=0.3371 ZSL: unseen accuracy=0.2448
[95/300]  Loss_D: -8.3097 Loss_G: 14.6002, Wasserstein_dist:10.6438, vae_loss_seen:408.3403 GZSL: seen=0.8254, unseen=0.3542, h=0.4957 ZSL: unseen accuracy=0.2708
[96/300]  Loss_D: -9.7321 Loss_G: 14.4822, Wasserstein_dist:12.4169, vae_loss_seen:418.3563 GZSL: seen=0.8115, unseen=0.1979, h=0.3182 ZSL: unseen accuracy=0.4062
[97/300]  Loss_D: -7.9186 Loss_G: 13.8425, Wasserstein_dist:10.9382, vae_loss_seen:397.1263 GZSL: seen=0.8393, unseen=0.3333, h=0.4772 ZSL: unseen accuracy=0.3021
[98/300]  Loss_D: -9.4156 Loss_G: 13.9394, Wasserstein_dist:12.0516, vae_loss_seen:408.7881 GZSL: seen=0.7976, unseen=0.2812, h=0.4159 ZSL: unseen accuracy=0.3750
[99/300]  Loss_D: -8.5041 Loss_G: 14.7050, Wasserstein_dist:11.3802, vae_loss_seen:405.8127 GZSL: seen=0.8155, unseen=0.2188, h=0.3450 ZSL: unseen accuracy=0.3854
[100/300]  Loss_D: -12.0013 Loss_G: 14.3675, Wasserstein_dist:14.8521, vae_loss_seen:412.0344 GZSL: seen=0.8194, unseen=0.3698, h=0.5096 ZSL: unseen accuracy=0.3281
[101/300]  Loss_D: -8.4613 Loss_G: 14.6692, Wasserstein_dist:10.8996, vae_loss_seen:412.5553 GZSL: seen=0.7625, unseen=0.2344, h=0.3585 ZSL: unseen accuracy=0.3646
[102/300]  Loss_D: -9.3211 Loss_G: 14.4203, Wasserstein_dist:11.7388, vae_loss_seen:406.8497 GZSL: seen=0.8194, unseen=0.3490, h=0.4895 ZSL: unseen accuracy=0.2448
[103/300]  Loss_D: -9.0567 Loss_G: 14.1190, Wasserstein_dist:11.3370, vae_loss_seen:402.4687 GZSL: seen=0.8571, unseen=0.2448, h=0.3808 ZSL: unseen accuracy=0.3333
[104/300]  Loss_D: -8.1094 Loss_G: 14.0946, Wasserstein_dist:10.9827, vae_loss_seen:412.3552 GZSL: seen=0.8294, unseen=0.2917, h=0.4316 ZSL: unseen accuracy=0.3906
[105/300]  Loss_D: -8.7917 Loss_G: 13.7557, Wasserstein_dist:11.4538, vae_loss_seen:398.9122 GZSL: seen=0.7540, unseen=0.2188, h=0.3391 ZSL: unseen accuracy=0.2552
[106/300]  Loss_D: -8.0004 Loss_G: 15.1561, Wasserstein_dist:10.5754, vae_loss_seen:414.0242 GZSL: seen=0.8611, unseen=0.2917, h=0.4357 ZSL: unseen accuracy=0.2604
[107/300]  Loss_D: -10.0984 Loss_G: 13.6965, Wasserstein_dist:12.8080, vae_loss_seen:407.2197 GZSL: seen=0.7817, unseen=0.2083, h=0.3290 ZSL: unseen accuracy=0.2500
[108/300]  Loss_D: -9.5526 Loss_G: 13.3540, Wasserstein_dist:12.0473, vae_loss_seen:399.1026 GZSL: seen=0.8254, unseen=0.2500, h=0.3838 ZSL: unseen accuracy=0.2708
[109/300]  Loss_D: -8.1622 Loss_G: 15.1207, Wasserstein_dist:10.7489, vae_loss_seen:418.0794 GZSL: seen=0.8313, unseen=0.2396, h=0.3720 ZSL: unseen accuracy=0.3698
[110/300]  Loss_D: -9.0176 Loss_G: 14.2243, Wasserstein_dist:11.3779, vae_loss_seen:402.8094 GZSL: seen=0.8016, unseen=0.2292, h=0.3564 ZSL: unseen accuracy=0.2292
[111/300]  Loss_D: -9.6340 Loss_G: 14.1521, Wasserstein_dist:12.4354, vae_loss_seen:420.0293 GZSL: seen=0.8365, unseen=0.2448, h=0.3787 ZSL: unseen accuracy=0.3802
[112/300]  Loss_D: -8.7466 Loss_G: 13.3734, Wasserstein_dist:11.1977, vae_loss_seen:396.6862 GZSL: seen=0.8413, unseen=0.2448, h=0.3792 ZSL: unseen accuracy=0.2396
[113/300]  Loss_D: -9.8424 Loss_G: 14.4378, Wasserstein_dist:12.4812, vae_loss_seen:413.4909 GZSL: seen=0.8492, unseen=0.2344, h=0.3674 ZSL: unseen accuracy=0.2396
[114/300]  Loss_D: -7.9975 Loss_G: 12.6505, Wasserstein_dist:10.1944, vae_loss_seen:382.3091 GZSL: seen=0.8175, unseen=0.2448, h=0.3768 ZSL: unseen accuracy=0.2344
[115/300]  Loss_D: -8.1639 Loss_G: 13.7014, Wasserstein_dist:10.3313, vae_loss_seen:393.9305 GZSL: seen=0.8155, unseen=0.2292, h=0.3578 ZSL: unseen accuracy=0.2448
[116/300]  Loss_D: -8.6134 Loss_G: 14.2371, Wasserstein_dist:11.2015, vae_loss_seen:408.5448 GZSL: seen=0.8254, unseen=0.2552, h=0.3899 ZSL: unseen accuracy=0.2448
[117/300]  Loss_D: -7.5919 Loss_G: 13.3098, Wasserstein_dist:10.0639, vae_loss_seen:393.9765 GZSL: seen=0.7520, unseen=0.2188, h=0.3389 ZSL: unseen accuracy=0.3698
[118/300]  Loss_D: -9.4152 Loss_G: 13.9927, Wasserstein_dist:12.0431, vae_loss_seen:404.5159 GZSL: seen=0.8194, unseen=0.2760, h=0.4130 ZSL: unseen accuracy=0.3177
[119/300]  Loss_D: -9.4628 Loss_G: 14.2432, Wasserstein_dist:12.2308, vae_loss_seen:409.7950 GZSL: seen=0.8254, unseen=0.2083, h=0.3327 ZSL: unseen accuracy=0.2396
[120/300]  Loss_D: -7.5676 Loss_G: 13.7250, Wasserstein_dist:10.6198, vae_loss_seen:399.4938 GZSL: seen=0.8424, unseen=0.1458, h=0.2486 ZSL: unseen accuracy=0.2448
[121/300]  Loss_D: -8.9589 Loss_G: 13.3422, Wasserstein_dist:11.5960, vae_loss_seen:390.6139 GZSL: seen=0.7897, unseen=0.2240, h=0.3490 ZSL: unseen accuracy=0.2448
[122/300]  Loss_D: -9.2003 Loss_G: 12.6573, Wasserstein_dist:11.9434, vae_loss_seen:391.4046 GZSL: seen=0.8194, unseen=0.2396, h=0.3708 ZSL: unseen accuracy=0.3385
[123/300]  Loss_D: -9.0913 Loss_G: 12.6709, Wasserstein_dist:11.4233, vae_loss_seen:386.5116 GZSL: seen=0.7956, unseen=0.3490, h=0.4851 ZSL: unseen accuracy=0.3385
[124/300]  Loss_D: -7.3878 Loss_G: 13.3749, Wasserstein_dist:9.4439, vae_loss_seen:395.8991 GZSL: seen=0.8492, unseen=0.1927, h=0.3141 ZSL: unseen accuracy=0.2917
[125/300]  Loss_D: -8.1285 Loss_G: 13.2102, Wasserstein_dist:10.3856, vae_loss_seen:387.5831 GZSL: seen=0.8492, unseen=0.2188, h=0.3479 ZSL: unseen accuracy=0.3125
[126/300]  Loss_D: -8.2540 Loss_G: 13.8635, Wasserstein_dist:10.7458, vae_loss_seen:403.8531 GZSL: seen=0.8234, unseen=0.2448, h=0.3774 ZSL: unseen accuracy=0.2240
[127/300]  Loss_D: -8.3134 Loss_G: 13.9749, Wasserstein_dist:10.7320, vae_loss_seen:392.4422 GZSL: seen=0.8433, unseen=0.2135, h=0.3408 ZSL: unseen accuracy=0.2448
[128/300]  Loss_D: -8.1173 Loss_G: 13.7462, Wasserstein_dist:10.5395, vae_loss_seen:401.8853 GZSL: seen=0.8056, unseen=0.2240, h=0.3505 ZSL: unseen accuracy=0.2396
[129/300]  Loss_D: -7.5630 Loss_G: 12.7139, Wasserstein_dist:9.6270, vae_loss_seen:389.0725 GZSL: seen=0.7956, unseen=0.2344, h=0.3621 ZSL: unseen accuracy=0.2396
[130/300]  Loss_D: -8.3908 Loss_G: 13.0617, Wasserstein_dist:10.9648, vae_loss_seen:391.5193 GZSL: seen=0.8254, unseen=0.2292, h=0.3587 ZSL: unseen accuracy=0.2344
[131/300]  Loss_D: -7.7860 Loss_G: 13.4520, Wasserstein_dist:10.3375, vae_loss_seen:404.1353 GZSL: seen=0.7937, unseen=0.2240, h=0.3493 ZSL: unseen accuracy=0.2500
[132/300]  Loss_D: -7.9071 Loss_G: 13.2330, Wasserstein_dist:10.5438, vae_loss_seen:397.4267 GZSL: seen=0.8056, unseen=0.2344, h=0.3631 ZSL: unseen accuracy=0.2969
[133/300]  Loss_D: -7.6783 Loss_G: 12.2312, Wasserstein_dist:9.9347, vae_loss_seen:386.6690 GZSL: seen=0.8889, unseen=0.2240, h=0.3578 ZSL: unseen accuracy=0.2448
[134/300]  Loss_D: -9.7678 Loss_G: 13.6128, Wasserstein_dist:12.3145, vae_loss_seen:391.4579 GZSL: seen=0.8056, unseen=0.2240, h=0.3505 ZSL: unseen accuracy=0.2396
[135/300]  Loss_D: -7.8438 Loss_G: 12.3204, Wasserstein_dist:9.9467, vae_loss_seen:388.1838 GZSL: seen=0.8135, unseen=0.2500, h=0.3825 ZSL: unseen accuracy=0.2344
[136/300]  Loss_D: -7.3285 Loss_G: 12.9577, Wasserstein_dist:9.5689, vae_loss_seen:394.2053 GZSL: seen=0.8135, unseen=0.2240, h=0.3512 ZSL: unseen accuracy=0.2396
[137/300]  Loss_D: -8.7113 Loss_G: 12.7883, Wasserstein_dist:10.9348, vae_loss_seen:399.0175 GZSL: seen=0.8135, unseen=0.3281, h=0.4676 ZSL: unseen accuracy=0.2344
[138/300]  Loss_D: -7.5009 Loss_G: 12.2608, Wasserstein_dist:9.9178, vae_loss_seen:381.9107 GZSL: seen=0.7877, unseen=0.0833, h=0.1507 ZSL: unseen accuracy=0.2552
[139/300]  Loss_D: -7.2212 Loss_G: 13.1484, Wasserstein_dist:9.9938, vae_loss_seen:388.3079 GZSL: seen=0.8313, unseen=0.2292, h=0.3593 ZSL: unseen accuracy=0.2344
[140/300]  Loss_D: -7.1427 Loss_G: 13.1845, Wasserstein_dist:9.6510, vae_loss_seen:390.3211 GZSL: seen=0.8345, unseen=0.2396, h=0.3723 ZSL: unseen accuracy=0.2240
[141/300]  Loss_D: -8.1760 Loss_G: 12.0981, Wasserstein_dist:10.4330, vae_loss_seen:386.0423 GZSL: seen=0.7758, unseen=0.2135, h=0.3349 ZSL: unseen accuracy=0.2292
[142/300]  Loss_D: -7.6594 Loss_G: 12.4099, Wasserstein_dist:10.0235, vae_loss_seen:389.0924 GZSL: seen=0.8591, unseen=0.2344, h=0.3683 ZSL: unseen accuracy=0.2344
[143/300]  Loss_D: -7.8061 Loss_G: 12.5315, Wasserstein_dist:10.0117, vae_loss_seen:389.6825 GZSL: seen=0.7837, unseen=0.2500, h=0.3791 ZSL: unseen accuracy=0.2656
[144/300]  Loss_D: -6.8947 Loss_G: 12.4977, Wasserstein_dist:9.1488, vae_loss_seen:386.9257 GZSL: seen=0.8948, unseen=0.2344, h=0.3715 ZSL: unseen accuracy=0.2292
[145/300]  Loss_D: -7.0384 Loss_G: 12.7835, Wasserstein_dist:9.2695, vae_loss_seen:397.3366 GZSL: seen=0.8274, unseen=0.3229, h=0.4645 ZSL: unseen accuracy=0.2500
[146/300]  Loss_D: -8.9063 Loss_G: 13.5105, Wasserstein_dist:12.0116, vae_loss_seen:404.1011 GZSL: seen=0.7837, unseen=0.3073, h=0.4415 ZSL: unseen accuracy=0.2344
[147/300]  Loss_D: -8.0082 Loss_G: 13.1832, Wasserstein_dist:10.5093, vae_loss_seen:389.7071 GZSL: seen=0.8036, unseen=0.2188, h=0.3439 ZSL: unseen accuracy=0.2292
[148/300]  Loss_D: -6.7608 Loss_G: 12.9080, Wasserstein_dist:8.7643, vae_loss_seen:386.0577 GZSL: seen=0.8472, unseen=0.2240, h=0.3543 ZSL: unseen accuracy=0.2292
[149/300]  Loss_D: -8.8760 Loss_G: 14.1231, Wasserstein_dist:11.3656, vae_loss_seen:404.9862 GZSL: seen=0.8492, unseen=0.1302, h=0.2258 ZSL: unseen accuracy=0.2292
[150/300]  Loss_D: -7.8548 Loss_G: 11.6728, Wasserstein_dist:9.9798, vae_loss_seen:375.7411 GZSL: seen=0.8492, unseen=0.2656, h=0.4047 ZSL: unseen accuracy=0.2292
[151/300]  Loss_D: -8.6455 Loss_G: 12.8599, Wasserstein_dist:11.4363, vae_loss_seen:392.5706 GZSL: seen=0.9325, unseen=0.0781, h=0.1442 ZSL: unseen accuracy=0.2396
[152/300]  Loss_D: -7.2738 Loss_G: 11.9544, Wasserstein_dist:9.6772, vae_loss_seen:387.7596 GZSL: seen=0.8413, unseen=0.2188, h=0.3472 ZSL: unseen accuracy=0.2500
[153/300]  Loss_D: -7.9279 Loss_G: 12.0160, Wasserstein_dist:10.4766, vae_loss_seen:388.3107 GZSL: seen=0.8373, unseen=0.2552, h=0.3912 ZSL: unseen accuracy=0.2240
[154/300]  Loss_D: -8.3264 Loss_G: 11.9247, Wasserstein_dist:10.6093, vae_loss_seen:387.2933 GZSL: seen=0.7798, unseen=0.2292, h=0.3542 ZSL: unseen accuracy=0.2344
[155/300]  Loss_D: -6.6949 Loss_G: 12.8800, Wasserstein_dist:8.8801, vae_loss_seen:389.4822 GZSL: seen=0.8611, unseen=0.3125, h=0.4586 ZSL: unseen accuracy=0.2448
[156/300]  Loss_D: -7.6406 Loss_G: 11.6388, Wasserstein_dist:9.8483, vae_loss_seen:380.0815 GZSL: seen=0.8313, unseen=0.2344, h=0.3657 ZSL: unseen accuracy=0.2552
[157/300]  Loss_D: -8.0645 Loss_G: 11.9034, Wasserstein_dist:10.4465, vae_loss_seen:391.6010 GZSL: seen=0.8155, unseen=0.3229, h=0.4626 ZSL: unseen accuracy=0.2292
[158/300]  Loss_D: -7.5479 Loss_G: 12.4421, Wasserstein_dist:9.9062, vae_loss_seen:384.9750 GZSL: seen=0.8393, unseen=0.2812, h=0.4213 ZSL: unseen accuracy=0.2500
[159/300]  Loss_D: -7.4061 Loss_G: 11.6761, Wasserstein_dist:9.3672, vae_loss_seen:373.8765 GZSL: seen=0.8333, unseen=0.2604, h=0.3968 ZSL: unseen accuracy=0.2292
[160/300]  Loss_D: -8.1512 Loss_G: 12.3407, Wasserstein_dist:10.3219, vae_loss_seen:386.0123 GZSL: seen=0.8452, unseen=0.2135, h=0.3409 ZSL: unseen accuracy=0.2656
[161/300]  Loss_D: -8.4622 Loss_G: 11.0290, Wasserstein_dist:10.9814, vae_loss_seen:378.2644 GZSL: seen=0.8265, unseen=0.3333, h=0.4751 ZSL: unseen accuracy=0.2292
[162/300]  Loss_D: -7.3860 Loss_G: 12.2766, Wasserstein_dist:10.2605, vae_loss_seen:385.4574 GZSL: seen=0.8413, unseen=0.2240, h=0.3537 ZSL: unseen accuracy=0.2344
[163/300]  Loss_D: -7.8633 Loss_G: 13.5134, Wasserstein_dist:10.2610, vae_loss_seen:399.5085 GZSL: seen=0.8452, unseen=0.2552, h=0.3920 ZSL: unseen accuracy=0.2292
[164/300]  Loss_D: -6.9861 Loss_G: 11.7765, Wasserstein_dist:9.4250, vae_loss_seen:370.6323 GZSL: seen=0.8591, unseen=0.2240, h=0.3553 ZSL: unseen accuracy=0.2292
[165/300]  Loss_D: -7.3890 Loss_G: 11.6956, Wasserstein_dist:9.6261, vae_loss_seen:377.8350 GZSL: seen=0.7500, unseen=0.2500, h=0.3750 ZSL: unseen accuracy=0.2292
[166/300]  Loss_D: -7.5123 Loss_G: 12.5834, Wasserstein_dist:9.5784, vae_loss_seen:392.5516 GZSL: seen=0.8333, unseen=0.2188, h=0.3465 ZSL: unseen accuracy=0.2344
[167/300]  Loss_D: -7.7100 Loss_G: 11.8299, Wasserstein_dist:9.9299, vae_loss_seen:376.6348 GZSL: seen=0.8849, unseen=0.2135, h=0.3441 ZSL: unseen accuracy=0.2396
[168/300]  Loss_D: -7.3151 Loss_G: 12.1587, Wasserstein_dist:10.0176, vae_loss_seen:377.8855 GZSL: seen=0.8333, unseen=0.2344, h=0.3659 ZSL: unseen accuracy=0.2292
[169/300]  Loss_D: -7.3365 Loss_G: 12.7000, Wasserstein_dist:9.4719, vae_loss_seen:385.5473 GZSL: seen=0.8710, unseen=0.2552, h=0.3948 ZSL: unseen accuracy=0.2344
[170/300]  Loss_D: -7.7115 Loss_G: 11.1262, Wasserstein_dist:9.8686, vae_loss_seen:374.8990 GZSL: seen=0.8194, unseen=0.2448, h=0.3770 ZSL: unseen accuracy=0.2292
[171/300]  Loss_D: -6.5670 Loss_G: 11.5936, Wasserstein_dist:9.3296, vae_loss_seen:374.1602 GZSL: seen=0.8254, unseen=0.3177, h=0.4588 ZSL: unseen accuracy=0.2292
[172/300]  Loss_D: -8.2746 Loss_G: 11.7413, Wasserstein_dist:10.7131, vae_loss_seen:383.2588 GZSL: seen=0.8056, unseen=0.2396, h=0.3693 ZSL: unseen accuracy=0.3281
[173/300]  Loss_D: -8.5015 Loss_G: 11.5940, Wasserstein_dist:10.4592, vae_loss_seen:383.0370 GZSL: seen=0.8333, unseen=0.2448, h=0.3784 ZSL: unseen accuracy=0.2292
[174/300]  Loss_D: -6.6552 Loss_G: 12.1937, Wasserstein_dist:8.5769, vae_loss_seen:381.5026 GZSL: seen=0.9583, unseen=0.0781, h=0.1445 ZSL: unseen accuracy=0.2292
[175/300]  Loss_D: -6.7656 Loss_G: 11.5256, Wasserstein_dist:8.8540, vae_loss_seen:376.0555 GZSL: seen=0.8492, unseen=0.2292, h=0.3609 ZSL: unseen accuracy=0.2292
[176/300]  Loss_D: -8.1827 Loss_G: 11.2350, Wasserstein_dist:10.1193, vae_loss_seen:368.7573 GZSL: seen=0.7996, unseen=0.2083, h=0.3305 ZSL: unseen accuracy=0.2292
[177/300]  Loss_D: -7.7900 Loss_G: 11.7679, Wasserstein_dist:9.9826, vae_loss_seen:383.0153 GZSL: seen=0.8036, unseen=0.2240, h=0.3503 ZSL: unseen accuracy=0.2292
[178/300]  Loss_D: -7.5719 Loss_G: 11.0191, Wasserstein_dist:9.6994, vae_loss_seen:371.7067 GZSL: seen=0.8333, unseen=0.2604, h=0.3968 ZSL: unseen accuracy=0.2240
[179/300]  Loss_D: -6.5314 Loss_G: 11.4720, Wasserstein_dist:8.4673, vae_loss_seen:369.9734 GZSL: seen=0.7976, unseen=0.2552, h=0.3867 ZSL: unseen accuracy=0.2344
[180/300]  Loss_D: -7.1458 Loss_G: 10.6896, Wasserstein_dist:9.0336, vae_loss_seen:363.1694 GZSL: seen=0.8194, unseen=0.2188, h=0.3453 ZSL: unseen accuracy=0.2240
[181/300]  Loss_D: -6.0687 Loss_G: 11.8138, Wasserstein_dist:8.4295, vae_loss_seen:377.3770 GZSL: seen=0.8175, unseen=0.2240, h=0.3516 ZSL: unseen accuracy=0.2969
[182/300]  Loss_D: -7.9421 Loss_G: 11.6532, Wasserstein_dist:10.1643, vae_loss_seen:375.4430 GZSL: seen=0.8175, unseen=0.2292, h=0.3580 ZSL: unseen accuracy=0.2292
[183/300]  Loss_D: -7.3327 Loss_G: 10.8219, Wasserstein_dist:9.5160, vae_loss_seen:368.9961 GZSL: seen=0.8115, unseen=0.2240, h=0.3510 ZSL: unseen accuracy=0.2188
[184/300]  Loss_D: -6.3232 Loss_G: 11.9087, Wasserstein_dist:8.5151, vae_loss_seen:379.2499 GZSL: seen=0.7968, unseen=0.2188, h=0.3433 ZSL: unseen accuracy=0.2240
[185/300]  Loss_D: -6.3347 Loss_G: 11.1290, Wasserstein_dist:8.4895, vae_loss_seen:364.7436 GZSL: seen=0.8115, unseen=0.2292, h=0.3574 ZSL: unseen accuracy=0.2292
[186/300]  Loss_D: -8.2549 Loss_G: 11.1320, Wasserstein_dist:10.3752, vae_loss_seen:377.3628 GZSL: seen=0.8036, unseen=0.2188, h=0.3439 ZSL: unseen accuracy=0.2240
[187/300]  Loss_D: -6.1530 Loss_G: 10.8561, Wasserstein_dist:8.2649, vae_loss_seen:363.8718 GZSL: seen=0.9048, unseen=0.2188, h=0.3523 ZSL: unseen accuracy=0.2240
[188/300]  Loss_D: -7.4067 Loss_G: 11.0282, Wasserstein_dist:9.3850, vae_loss_seen:375.4799 GZSL: seen=0.7758, unseen=0.2292, h=0.3538 ZSL: unseen accuracy=0.2292
[189/300]  Loss_D: -6.7788 Loss_G: 10.8279, Wasserstein_dist:8.6241, vae_loss_seen:363.8670 GZSL: seen=0.8829, unseen=0.2188, h=0.3506 ZSL: unseen accuracy=0.2396
[190/300]  Loss_D: -6.7905 Loss_G: 10.5432, Wasserstein_dist:8.9387, vae_loss_seen:367.4956 GZSL: seen=0.8373, unseen=0.2240, h=0.3534 ZSL: unseen accuracy=0.2292
[191/300]  Loss_D: -7.4851 Loss_G: 10.9340, Wasserstein_dist:9.6108, vae_loss_seen:368.1400 GZSL: seen=0.8730, unseen=0.2083, h=0.3364 ZSL: unseen accuracy=0.2396
[192/300]  Loss_D: -8.4679 Loss_G: 11.3862, Wasserstein_dist:11.0973, vae_loss_seen:381.0263 GZSL: seen=0.8056, unseen=0.2188, h=0.3441 ZSL: unseen accuracy=0.2240
[193/300]  Loss_D: -6.4742 Loss_G: 10.8543, Wasserstein_dist:8.6465, vae_loss_seen:366.9044 GZSL: seen=0.9246, unseen=0.0677, h=0.1262 ZSL: unseen accuracy=0.2292
[194/300]  Loss_D: -7.2636 Loss_G: 10.1319, Wasserstein_dist:9.7436, vae_loss_seen:356.1542 GZSL: seen=0.8909, unseen=0.2396, h=0.3776 ZSL: unseen accuracy=0.2344
[195/300]  Loss_D: -7.1771 Loss_G: 10.2044, Wasserstein_dist:9.0912, vae_loss_seen:359.1983 GZSL: seen=0.8234, unseen=0.2500, h=0.3835 ZSL: unseen accuracy=0.2292
[196/300]  Loss_D: -7.1550 Loss_G: 11.0306, Wasserstein_dist:9.4977, vae_loss_seen:366.0308 GZSL: seen=0.7956, unseen=0.2188, h=0.3432 ZSL: unseen accuracy=0.2240
[197/300]  Loss_D: -7.4772 Loss_G: 9.7510, Wasserstein_dist:9.6149, vae_loss_seen:352.1709 GZSL: seen=0.8194, unseen=0.2448, h=0.3770 ZSL: unseen accuracy=0.2292
[198/300]  Loss_D: -7.2022 Loss_G: 11.1541, Wasserstein_dist:9.7214, vae_loss_seen:379.9032 GZSL: seen=0.8194, unseen=0.2240, h=0.3518 ZSL: unseen accuracy=0.2240
[199/300]  Loss_D: -6.5711 Loss_G: 10.2395, Wasserstein_dist:8.7562, vae_loss_seen:363.0302 GZSL: seen=0.8294, unseen=0.2344, h=0.3655 ZSL: unseen accuracy=0.2292
[200/300]  Loss_D: -6.5774 Loss_G: 9.8991, Wasserstein_dist:9.1983, vae_loss_seen:364.3878 GZSL: seen=0.8353, unseen=0.2292, h=0.3597 ZSL: unseen accuracy=0.2292
[201/300]  Loss_D: -7.4150 Loss_G: 10.9036, Wasserstein_dist:9.5269, vae_loss_seen:376.6180 GZSL: seen=0.8373, unseen=0.2031, h=0.3269 ZSL: unseen accuracy=0.2760
[202/300]  Loss_D: -6.7336 Loss_G: 9.4910, Wasserstein_dist:9.0959, vae_loss_seen:344.9833 GZSL: seen=0.8968, unseen=0.2344, h=0.3716 ZSL: unseen accuracy=0.2292
[203/300]  Loss_D: -7.6288 Loss_G: 11.0727, Wasserstein_dist:9.7839, vae_loss_seen:367.7615 GZSL: seen=0.8433, unseen=0.2083, h=0.3341 ZSL: unseen accuracy=0.2240
[204/300]  Loss_D: -6.4137 Loss_G: 9.7752, Wasserstein_dist:8.3392, vae_loss_seen:359.9860 GZSL: seen=0.7996, unseen=0.2500, h=0.3809 ZSL: unseen accuracy=0.2240
[205/300]  Loss_D: -7.2410 Loss_G: 10.0402, Wasserstein_dist:9.0203, vae_loss_seen:364.1965 GZSL: seen=0.8175, unseen=0.2031, h=0.3254 ZSL: unseen accuracy=0.2292
[206/300]  Loss_D: -5.9188 Loss_G: 9.9454, Wasserstein_dist:7.8111, vae_loss_seen:365.3249 GZSL: seen=0.8313, unseen=0.2240, h=0.3529 ZSL: unseen accuracy=0.2292
[207/300]  Loss_D: -7.3039 Loss_G: 10.1197, Wasserstein_dist:9.3994, vae_loss_seen:363.7109 GZSL: seen=0.8452, unseen=0.2240, h=0.3541 ZSL: unseen accuracy=0.2292
[208/300]  Loss_D: -7.7478 Loss_G: 10.0927, Wasserstein_dist:10.0523, vae_loss_seen:365.1287 GZSL: seen=0.7917, unseen=0.2240, h=0.3491 ZSL: unseen accuracy=0.2292
[209/300]  Loss_D: -5.9015 Loss_G: 10.4890, Wasserstein_dist:7.9734, vae_loss_seen:364.9263 GZSL: seen=0.9583, unseen=0.0729, h=0.1355 ZSL: unseen accuracy=0.2760
[210/300]  Loss_D: -8.0239 Loss_G: 10.8399, Wasserstein_dist:10.5026, vae_loss_seen:366.8780 GZSL: seen=0.7778, unseen=0.2240, h=0.3478 ZSL: unseen accuracy=0.2292
[211/300]  Loss_D: -6.7386 Loss_G: 10.2402, Wasserstein_dist:8.7101, vae_loss_seen:366.2375 GZSL: seen=0.7837, unseen=0.2188, h=0.3420 ZSL: unseen accuracy=0.2188
[212/300]  Loss_D: -6.6781 Loss_G: 10.9760, Wasserstein_dist:8.7548, vae_loss_seen:372.4062 GZSL: seen=0.8365, unseen=0.2135, h=0.3402 ZSL: unseen accuracy=0.2188
[213/300]  Loss_D: -6.2062 Loss_G: 11.2484, Wasserstein_dist:8.0006, vae_loss_seen:371.5520 GZSL: seen=0.8552, unseen=0.2240, h=0.3550 ZSL: unseen accuracy=0.2292
[214/300]  Loss_D: -6.5170 Loss_G: 10.7717, Wasserstein_dist:8.6292, vae_loss_seen:358.5223 GZSL: seen=0.8234, unseen=0.2240, h=0.3521 ZSL: unseen accuracy=0.2292
[215/300]  Loss_D: -6.4199 Loss_G: 10.6367, Wasserstein_dist:8.8205, vae_loss_seen:367.2449 GZSL: seen=0.8294, unseen=0.2240, h=0.3527 ZSL: unseen accuracy=0.2292
[216/300]  Loss_D: -7.7629 Loss_G: 10.8449, Wasserstein_dist:10.0555, vae_loss_seen:365.9258 GZSL: seen=0.8512, unseen=0.2188, h=0.3481 ZSL: unseen accuracy=0.2292
[217/300]  Loss_D: -6.8554 Loss_G: 10.6999, Wasserstein_dist:9.1455, vae_loss_seen:372.9413 GZSL: seen=0.8690, unseen=0.2135, h=0.3428 ZSL: unseen accuracy=0.2292
[218/300]  Loss_D: -6.6437 Loss_G: 10.3826, Wasserstein_dist:9.1591, vae_loss_seen:369.8450 GZSL: seen=0.8543, unseen=0.2135, h=0.3417 ZSL: unseen accuracy=0.2292
[219/300]  Loss_D: -6.5961 Loss_G: 10.3639, Wasserstein_dist:8.2536, vae_loss_seen:367.2011 GZSL: seen=0.8373, unseen=0.2500, h=0.3850 ZSL: unseen accuracy=0.2292
[220/300]  Loss_D: -7.3099 Loss_G: 9.6370, Wasserstein_dist:9.1451, vae_loss_seen:356.9871 GZSL: seen=0.8016, unseen=0.2083, h=0.3307 ZSL: unseen accuracy=0.2292
[221/300]  Loss_D: -5.8031 Loss_G: 9.4074, Wasserstein_dist:8.0212, vae_loss_seen:350.0607 GZSL: seen=0.8313, unseen=0.2500, h=0.3844 ZSL: unseen accuracy=0.2292
[222/300]  Loss_D: -6.7777 Loss_G: 8.3605, Wasserstein_dist:8.7017, vae_loss_seen:350.6250 GZSL: seen=0.7670, unseen=0.2396, h=0.3651 ZSL: unseen accuracy=0.3281
[223/300]  Loss_D: -6.8755 Loss_G: 10.2104, Wasserstein_dist:8.8223, vae_loss_seen:369.4249 GZSL: seen=0.8016, unseen=0.2344, h=0.3627 ZSL: unseen accuracy=0.2292
[224/300]  Loss_D: -6.1093 Loss_G: 8.7672, Wasserstein_dist:8.2626, vae_loss_seen:344.8430 GZSL: seen=0.8492, unseen=0.2292, h=0.3609 ZSL: unseen accuracy=0.2240
[225/300]  Loss_D: -6.5654 Loss_G: 9.4317, Wasserstein_dist:8.3379, vae_loss_seen:350.2924 GZSL: seen=0.8413, unseen=0.2240, h=0.3537 ZSL: unseen accuracy=0.2292
[226/300]  Loss_D: -7.3736 Loss_G: 9.5413, Wasserstein_dist:9.6974, vae_loss_seen:360.9544 GZSL: seen=0.8603, unseen=0.2240, h=0.3554 ZSL: unseen accuracy=0.2292
[227/300]  Loss_D: -7.0304 Loss_G: 9.7585, Wasserstein_dist:8.8462, vae_loss_seen:362.8557 GZSL: seen=0.7817, unseen=0.2240, h=0.3482 ZSL: unseen accuracy=0.2188
[228/300]  Loss_D: -6.3706 Loss_G: 9.9082, Wasserstein_dist:8.4585, vae_loss_seen:354.0517 GZSL: seen=0.8433, unseen=0.2188, h=0.3474 ZSL: unseen accuracy=0.2292
[229/300]  Loss_D: -6.2727 Loss_G: 9.5677, Wasserstein_dist:8.1105, vae_loss_seen:358.2473 GZSL: seen=0.7698, unseen=0.3177, h=0.4498 ZSL: unseen accuracy=0.2188
[230/300]  Loss_D: -6.0686 Loss_G: 10.1523, Wasserstein_dist:7.9682, vae_loss_seen:367.7281 GZSL: seen=0.9048, unseen=0.2344, h=0.3723 ZSL: unseen accuracy=0.2292
[231/300]  Loss_D: -6.4123 Loss_G: 9.8473, Wasserstein_dist:8.5108, vae_loss_seen:350.4569 GZSL: seen=0.8810, unseen=0.2292, h=0.3637 ZSL: unseen accuracy=0.2292
[232/300]  Loss_D: -6.1177 Loss_G: 9.2485, Wasserstein_dist:7.9495, vae_loss_seen:344.3861 GZSL: seen=0.8254, unseen=0.2292, h=0.3587 ZSL: unseen accuracy=0.2292
[233/300]  Loss_D: -6.1464 Loss_G: 10.2092, Wasserstein_dist:8.1076, vae_loss_seen:356.4092 GZSL: seen=0.8305, unseen=0.2240, h=0.3528 ZSL: unseen accuracy=0.2292
[234/300]  Loss_D: -7.3446 Loss_G: 8.7088, Wasserstein_dist:9.4623, vae_loss_seen:353.5083 GZSL: seen=0.8274, unseen=0.2396, h=0.3716 ZSL: unseen accuracy=0.2292
[235/300]  Loss_D: -6.5330 Loss_G: 9.3322, Wasserstein_dist:8.5307, vae_loss_seen:350.6682 GZSL: seen=0.8214, unseen=0.2188, h=0.3455 ZSL: unseen accuracy=0.2292
[236/300]  Loss_D: -5.9727 Loss_G: 9.6413, Wasserstein_dist:7.8055, vae_loss_seen:356.8916 GZSL: seen=0.8571, unseen=0.2188, h=0.3485 ZSL: unseen accuracy=0.2292
[237/300]  Loss_D: -6.4202 Loss_G: 8.7587, Wasserstein_dist:8.6128, vae_loss_seen:342.6160 GZSL: seen=0.9087, unseen=0.0625, h=0.1170 ZSL: unseen accuracy=0.2240
[238/300]  Loss_D: -6.5957 Loss_G: 8.3001, Wasserstein_dist:8.6551, vae_loss_seen:342.7703 GZSL: seen=0.8611, unseen=0.2292, h=0.3620 ZSL: unseen accuracy=0.2292
[239/300]  Loss_D: -6.6645 Loss_G: 8.6300, Wasserstein_dist:8.6328, vae_loss_seen:350.7951 GZSL: seen=0.8492, unseen=0.2396, h=0.3737 ZSL: unseen accuracy=0.2292
[240/300]  Loss_D: -7.8040 Loss_G: 9.8181, Wasserstein_dist:10.5963, vae_loss_seen:361.0007 GZSL: seen=0.8254, unseen=0.2083, h=0.3327 ZSL: unseen accuracy=0.2240
[241/300]  Loss_D: -6.8287 Loss_G: 8.6189, Wasserstein_dist:8.7908, vae_loss_seen:344.0377 GZSL: seen=0.8492, unseen=0.2396, h=0.3737 ZSL: unseen accuracy=0.2344
[242/300]  Loss_D: -6.8074 Loss_G: 8.7455, Wasserstein_dist:8.9084, vae_loss_seen:350.8967 GZSL: seen=0.8631, unseen=0.2083, h=0.3356 ZSL: unseen accuracy=0.2396
[243/300]  Loss_D: -6.5709 Loss_G: 9.3540, Wasserstein_dist:8.6243, vae_loss_seen:356.3098 GZSL: seen=0.8929, unseen=0.2240, h=0.3581 ZSL: unseen accuracy=0.2292
[244/300]  Loss_D: -8.7684 Loss_G: 7.4261, Wasserstein_dist:12.0101, vae_loss_seen:331.0840 GZSL: seen=0.8175, unseen=0.2292, h=0.3580 ZSL: unseen accuracy=0.2240
[245/300]  Loss_D: -6.3110 Loss_G: 10.1682, Wasserstein_dist:8.4581, vae_loss_seen:362.8761 GZSL: seen=0.8611, unseen=0.2344, h=0.3685 ZSL: unseen accuracy=0.2292
[246/300]  Loss_D: -6.5937 Loss_G: 8.4552, Wasserstein_dist:8.7070, vae_loss_seen:349.7957 GZSL: seen=0.8115, unseen=0.2448, h=0.3761 ZSL: unseen accuracy=0.2292
[247/300]  Loss_D: -7.0061 Loss_G: 9.8233, Wasserstein_dist:9.3060, vae_loss_seen:357.0937 GZSL: seen=0.7908, unseen=0.2292, h=0.3554 ZSL: unseen accuracy=0.2292
[248/300]  Loss_D: -6.1157 Loss_G: 8.5657, Wasserstein_dist:7.8733, vae_loss_seen:339.3810 GZSL: seen=0.8929, unseen=0.2448, h=0.3842 ZSL: unseen accuracy=0.2292
[249/300]  Loss_D: -6.6419 Loss_G: 9.3722, Wasserstein_dist:8.7849, vae_loss_seen:364.1523 GZSL: seen=0.8492, unseen=0.3542, h=0.4999 ZSL: unseen accuracy=0.2552
[250/300]  Loss_D: -7.9462 Loss_G: 7.8260, Wasserstein_dist:9.8887, vae_loss_seen:338.7909 GZSL: seen=0.9067, unseen=0.2292, h=0.3659 ZSL: unseen accuracy=0.2396
[251/300]  Loss_D: -7.1578 Loss_G: 7.9059, Wasserstein_dist:9.3174, vae_loss_seen:339.1521 GZSL: seen=0.8056, unseen=0.2240, h=0.3505 ZSL: unseen accuracy=0.2240
[252/300]  Loss_D: -6.1200 Loss_G: 7.7858, Wasserstein_dist:7.8848, vae_loss_seen:336.1484 GZSL: seen=0.8274, unseen=0.2344, h=0.3653 ZSL: unseen accuracy=0.2292
[253/300]  Loss_D: -5.8345 Loss_G: 9.5971, Wasserstein_dist:7.4950, vae_loss_seen:348.5947 GZSL: seen=0.8631, unseen=0.2344, h=0.3686 ZSL: unseen accuracy=0.2292
[254/300]  Loss_D: -6.9641 Loss_G: 8.6480, Wasserstein_dist:9.0868, vae_loss_seen:347.1595 GZSL: seen=0.8294, unseen=0.2188, h=0.3462 ZSL: unseen accuracy=0.2292
[255/300]  Loss_D: -7.3699 Loss_G: 6.7128, Wasserstein_dist:9.6043, vae_loss_seen:333.9344 GZSL: seen=0.8433, unseen=0.2292, h=0.3604 ZSL: unseen accuracy=0.2552
[256/300]  Loss_D: -6.1320 Loss_G: 7.1264, Wasserstein_dist:8.0097, vae_loss_seen:323.6630 GZSL: seen=0.7679, unseen=0.2135, h=0.3342 ZSL: unseen accuracy=0.2240
[257/300]  Loss_D: -6.3928 Loss_G: 8.5727, Wasserstein_dist:8.4842, vae_loss_seen:341.1005 GZSL: seen=0.8532, unseen=0.2344, h=0.3677 ZSL: unseen accuracy=0.3281
[258/300]  Loss_D: -6.9115 Loss_G: 8.6697, Wasserstein_dist:9.0233, vae_loss_seen:349.3525 GZSL: seen=0.8194, unseen=0.1406, h=0.2401 ZSL: unseen accuracy=0.2448
[259/300]  Loss_D: -7.0245 Loss_G: 8.5053, Wasserstein_dist:9.0191, vae_loss_seen:343.7126 GZSL: seen=0.8849, unseen=0.2135, h=0.3441 ZSL: unseen accuracy=0.2292
[260/300]  Loss_D: -5.7283 Loss_G: 7.7079, Wasserstein_dist:7.4296, vae_loss_seen:336.3510 GZSL: seen=0.8056, unseen=0.2396, h=0.3693 ZSL: unseen accuracy=0.2344
[261/300]  Loss_D: -5.9116 Loss_G: 8.2667, Wasserstein_dist:7.8114, vae_loss_seen:336.0405 GZSL: seen=0.8810, unseen=0.2188, h=0.3505 ZSL: unseen accuracy=0.2292
[262/300]  Loss_D: -7.3357 Loss_G: 9.1799, Wasserstein_dist:9.5484, vae_loss_seen:352.6631 GZSL: seen=0.8671, unseen=0.2292, h=0.3625 ZSL: unseen accuracy=0.2292
[263/300]  Loss_D: -6.9314 Loss_G: 8.1219, Wasserstein_dist:8.8084, vae_loss_seen:347.7954 GZSL: seen=0.8373, unseen=0.2188, h=0.3469 ZSL: unseen accuracy=0.2344
[264/300]  Loss_D: -7.0086 Loss_G: 8.4964, Wasserstein_dist:8.7220, vae_loss_seen:343.0103 GZSL: seen=0.7996, unseen=0.2188, h=0.3435 ZSL: unseen accuracy=0.2656
[265/300]  Loss_D: -6.0028 Loss_G: 7.1212, Wasserstein_dist:8.3026, vae_loss_seen:333.9589 GZSL: seen=0.8036, unseen=0.2396, h=0.3691 ZSL: unseen accuracy=0.2292
[266/300]  Loss_D: -5.9738 Loss_G: 7.4126, Wasserstein_dist:7.8447, vae_loss_seen:328.8089 GZSL: seen=0.8948, unseen=0.2240, h=0.3583 ZSL: unseen accuracy=0.2240
[267/300]  Loss_D: -7.4628 Loss_G: 8.4062, Wasserstein_dist:9.5818, vae_loss_seen:345.0120 GZSL: seen=0.8869, unseen=0.2135, h=0.3442 ZSL: unseen accuracy=0.2240
[268/300]  Loss_D: -7.1733 Loss_G: 10.1427, Wasserstein_dist:9.3207, vae_loss_seen:355.0597 GZSL: seen=0.8075, unseen=0.2656, h=0.3998 ZSL: unseen accuracy=0.2292
[269/300]  Loss_D: -6.4812 Loss_G: 7.3243, Wasserstein_dist:8.3514, vae_loss_seen:330.3806 GZSL: seen=0.8413, unseen=0.2396, h=0.3730 ZSL: unseen accuracy=0.2344
[270/300]  Loss_D: -6.6662 Loss_G: 8.3125, Wasserstein_dist:8.9232, vae_loss_seen:346.7473 GZSL: seen=0.8234, unseen=0.2396, h=0.3712 ZSL: unseen accuracy=0.2240
[271/300]  Loss_D: -7.0187 Loss_G: 8.0912, Wasserstein_dist:8.9774, vae_loss_seen:344.9882 GZSL: seen=0.8730, unseen=0.2188, h=0.3498 ZSL: unseen accuracy=0.2292
[272/300]  Loss_D: -5.7309 Loss_G: 8.8272, Wasserstein_dist:7.3808, vae_loss_seen:351.5952 GZSL: seen=0.8115, unseen=0.2188, h=0.3446 ZSL: unseen accuracy=0.2240
[273/300]  Loss_D: -6.2949 Loss_G: 8.3203, Wasserstein_dist:7.9438, vae_loss_seen:337.9715 GZSL: seen=0.8611, unseen=0.2240, h=0.3555 ZSL: unseen accuracy=0.2344
[274/300]  Loss_D: -5.3889 Loss_G: 7.9259, Wasserstein_dist:7.1680, vae_loss_seen:330.7482 GZSL: seen=0.8929, unseen=0.2344, h=0.3713 ZSL: unseen accuracy=0.2240
[275/300]  Loss_D: -6.8129 Loss_G: 8.3839, Wasserstein_dist:8.7572, vae_loss_seen:347.4878 GZSL: seen=0.8571, unseen=0.2344, h=0.3681 ZSL: unseen accuracy=0.2292
[276/300]  Loss_D: -6.0954 Loss_G: 8.9183, Wasserstein_dist:7.8818, vae_loss_seen:353.5211 GZSL: seen=0.8452, unseen=0.2292, h=0.3606 ZSL: unseen accuracy=0.2188
[277/300]  Loss_D: -6.5521 Loss_G: 6.9612, Wasserstein_dist:8.5328, vae_loss_seen:325.8424 GZSL: seen=0.9087, unseen=0.2240, h=0.3594 ZSL: unseen accuracy=0.2240
[278/300]  Loss_D: -6.5260 Loss_G: 9.9018, Wasserstein_dist:9.1059, vae_loss_seen:361.2503 GZSL: seen=0.8849, unseen=0.2292, h=0.3641 ZSL: unseen accuracy=0.2240
[279/300]  Loss_D: -6.4089 Loss_G: 9.4728, Wasserstein_dist:8.5622, vae_loss_seen:358.6934 GZSL: seen=0.8353, unseen=0.2240, h=0.3532 ZSL: unseen accuracy=0.2292
[280/300]  Loss_D: -5.4288 Loss_G: 9.7961, Wasserstein_dist:7.2503, vae_loss_seen:356.2790 GZSL: seen=0.8710, unseen=0.2240, h=0.3563 ZSL: unseen accuracy=0.2344
[281/300]  Loss_D: -6.5469 Loss_G: 7.7427, Wasserstein_dist:8.2050, vae_loss_seen:344.0587 GZSL: seen=0.8671, unseen=0.2188, h=0.3494 ZSL: unseen accuracy=0.3073
[282/300]  Loss_D: -6.0282 Loss_G: 7.2328, Wasserstein_dist:8.1805, vae_loss_seen:329.0888 GZSL: seen=0.8929, unseen=0.2344, h=0.3713 ZSL: unseen accuracy=0.2292
[283/300]  Loss_D: -5.9444 Loss_G: 8.2047, Wasserstein_dist:8.1627, vae_loss_seen:346.9993 GZSL: seen=0.8909, unseen=0.2240, h=0.3579 ZSL: unseen accuracy=0.2240
[284/300]  Loss_D: -6.9896 Loss_G: 6.6736, Wasserstein_dist:8.9962, vae_loss_seen:323.0572 GZSL: seen=0.8274, unseen=0.2396, h=0.3716 ZSL: unseen accuracy=0.2188
[285/300]  Loss_D: -5.9653 Loss_G: 8.9231, Wasserstein_dist:8.3388, vae_loss_seen:353.7601 GZSL: seen=0.8393, unseen=0.2188, h=0.3470 ZSL: unseen accuracy=0.2292
[286/300]  Loss_D: -6.9517 Loss_G: 8.6667, Wasserstein_dist:8.6111, vae_loss_seen:338.0953 GZSL: seen=0.8631, unseen=0.2135, h=0.3424 ZSL: unseen accuracy=0.2292
[287/300]  Loss_D: -5.6042 Loss_G: 7.9751, Wasserstein_dist:7.3607, vae_loss_seen:335.8736 GZSL: seen=0.8373, unseen=0.2135, h=0.3403 ZSL: unseen accuracy=0.2292
[288/300]  Loss_D: -6.0477 Loss_G: 7.5246, Wasserstein_dist:7.7714, vae_loss_seen:338.6309 GZSL: seen=0.8452, unseen=0.2188, h=0.3476 ZSL: unseen accuracy=0.2708
[289/300]  Loss_D: -6.5016 Loss_G: 8.6394, Wasserstein_dist:8.6695, vae_loss_seen:346.5924 GZSL: seen=0.7857, unseen=0.2396, h=0.3672 ZSL: unseen accuracy=0.2292
[290/300]  Loss_D: -5.9459 Loss_G: 8.0993, Wasserstein_dist:8.5836, vae_loss_seen:342.2267 GZSL: seen=0.8790, unseen=0.2292, h=0.3635 ZSL: unseen accuracy=0.2292
[291/300]  Loss_D: -6.3608 Loss_G: 7.9433, Wasserstein_dist:8.0175, vae_loss_seen:345.3912 GZSL: seen=0.8810, unseen=0.2448, h=0.3831 ZSL: unseen accuracy=0.2188
[292/300]  Loss_D: -7.2116 Loss_G: 7.3968, Wasserstein_dist:8.9674, vae_loss_seen:342.4112 GZSL: seen=0.7849, unseen=0.2240, h=0.3485 ZSL: unseen accuracy=0.2188
[293/300]  Loss_D: -5.6603 Loss_G: 6.5597, Wasserstein_dist:7.4553, vae_loss_seen:328.4834 GZSL: seen=0.8651, unseen=0.2188, h=0.3492 ZSL: unseen accuracy=0.2188
[294/300]  Loss_D: -6.2338 Loss_G: 6.7717, Wasserstein_dist:7.8798, vae_loss_seen:326.7070 GZSL: seen=0.8155, unseen=0.2292, h=0.3578 ZSL: unseen accuracy=0.2240
[295/300]  Loss_D: -6.3719 Loss_G: 6.2095, Wasserstein_dist:8.0362, vae_loss_seen:320.2675 GZSL: seen=0.8988, unseen=0.2240, h=0.3586 ZSL: unseen accuracy=0.2240
[296/300]  Loss_D: -6.6074 Loss_G: 5.4730, Wasserstein_dist:8.5742, vae_loss_seen:321.2905 GZSL: seen=0.9048, unseen=0.2292, h=0.3657 ZSL: unseen accuracy=0.2292
[297/300]  Loss_D: -6.9488 Loss_G: 7.5425, Wasserstein_dist:8.7785, vae_loss_seen:337.4584 GZSL: seen=0.8274, unseen=0.2240, h=0.3525 ZSL: unseen accuracy=0.2292
[298/300]  Loss_D: -6.3051 Loss_G: 6.2365, Wasserstein_dist:8.1964, vae_loss_seen:325.0056 GZSL: seen=0.8492, unseen=0.2240, h=0.3544 ZSL: unseen accuracy=0.2292
[299/300]  Loss_D: -5.8861 Loss_G: 6.8500, Wasserstein_dist:8.0854, vae_loss_seen:324.2011 GZSL: seen=0.8155, unseen=0.2552, h=0.3888 ZSL: unseen accuracy=0.2240
Dataset RADAR
the best ZSL unseen accuracy is 0.625
Dataset RADAR
the best GZSL seen accuracy is 0.8075396825396827
the best GZSL unseen accuracy is 0.40625
the best GZSL H is 0.5405598692276257
