Random Seed:  3407
# of training samples:  538
Encoder(
  (fc1): Linear(in_features=2048, out_features=4096, bias=True)
  (fc3): Linear(in_features=4096, out_features=2048, bias=True)
  (lrelu): LeakyReLU(0.2, inplace)
  (linear_means): Linear(in_features=2048, out_features=1024, bias=True)
  (linear_log_var): Linear(in_features=2048, out_features=1024, bias=True)
)
Generator(
  (fc1): Linear(in_features=2048, out_features=4096, bias=True)
  (fc3): Linear(in_features=4096, out_features=1024, bias=True)
  (lrelu): LeakyReLU(0.2, inplace)
  (sigmoid): Sigmoid()
)
Discriminator_D1(
  (fc1): Linear(in_features=2048, out_features=4096, bias=True)
  (fc2): Linear(in_features=4096, out_features=1, bias=True)
  (lrelu): LeakyReLU(0.2, inplace)
)
Feedback(
  (fc1): Linear(in_features=4096, out_features=4096, bias=True)
  (fc2): Linear(in_features=4096, out_features=4096, bias=True)
  (lrelu): LeakyReLU(0.2, inplace)
)
AttDec(
  (fc1): Linear(in_features=1024, out_features=4096, bias=True)
  (fc3): Linear(in_features=4096, out_features=1024, bias=True)
  (lrelu): LeakyReLU(0.2, inplace)
)
[0/300]  Loss_D: -10.0674 Loss_G: 0.6522, Wasserstein_dist:12.5983, vae_loss_seen:482.9207 GZSL: seen=0.9187, unseen=0.2760, h=0.4245 ZSL: unseen accuracy=0.5990
[1/300]  Loss_D: -4.8351 Loss_G: -3.4325, Wasserstein_dist:6.3924, vae_loss_seen:359.7342 GZSL: seen=0.9087, unseen=0.3177, h=0.4708 ZSL: unseen accuracy=0.6094
[2/300]  Loss_D: -2.5688 Loss_G: -7.1146, Wasserstein_dist:3.4067, vae_loss_seen:277.0845 GZSL: seen=0.7888, unseen=0.3542, h=0.4889 ZSL: unseen accuracy=0.6198
[3/300]  Loss_D: -1.9840 Loss_G: -5.4604, Wasserstein_dist:2.3665, vae_loss_seen:272.6760 GZSL: seen=0.8929, unseen=0.3229, h=0.4743 ZSL: unseen accuracy=0.6250
[4/300]  Loss_D: -1.5317 Loss_G: -5.2409, Wasserstein_dist:1.9941, vae_loss_seen:280.2552 GZSL: seen=0.9087, unseen=0.2812, h=0.4296 ZSL: unseen accuracy=0.6875
[5/300]  Loss_D: -1.8770 Loss_G: -5.3990, Wasserstein_dist:2.1158, vae_loss_seen:267.4563 GZSL: seen=0.9167, unseen=0.3177, h=0.4719 ZSL: unseen accuracy=0.6458
[6/300]  Loss_D: -1.9679 Loss_G: -3.2753, Wasserstein_dist:2.2668, vae_loss_seen:294.7372 GZSL: seen=0.8810, unseen=0.4167, h=0.5657 ZSL: unseen accuracy=0.6667
[7/300]  Loss_D: -1.4224 Loss_G: -3.4053, Wasserstein_dist:1.6238, vae_loss_seen:285.1168 GZSL: seen=0.9087, unseen=0.2708, h=0.4173 ZSL: unseen accuracy=0.8177
[8/300]  Loss_D: -1.8204 Loss_G: -1.3108, Wasserstein_dist:2.1069, vae_loss_seen:303.6497 GZSL: seen=0.8186, unseen=0.4115, h=0.5476 ZSL: unseen accuracy=0.7344
[9/300]  Loss_D: -1.7760 Loss_G: 0.6011, Wasserstein_dist:2.0964, vae_loss_seen:320.2318 GZSL: seen=0.8452, unseen=0.3333, h=0.4781 ZSL: unseen accuracy=0.8177
[10/300]  Loss_D: -1.9139 Loss_G: 1.3325, Wasserstein_dist:2.3203, vae_loss_seen:331.9690 GZSL: seen=0.7738, unseen=0.4583, h=0.5757 ZSL: unseen accuracy=0.7500
[11/300]  Loss_D: -1.8946 Loss_G: 3.5473, Wasserstein_dist:2.4476, vae_loss_seen:350.4214 GZSL: seen=0.9107, unseen=0.3073, h=0.4595 ZSL: unseen accuracy=0.7969
[12/300]  Loss_D: -1.9188 Loss_G: 3.2404, Wasserstein_dist:2.5003, vae_loss_seen:346.4656 GZSL: seen=0.8305, unseen=0.3854, h=0.5265 ZSL: unseen accuracy=0.7708
[13/300]  Loss_D: -1.8337 Loss_G: 4.0300, Wasserstein_dist:2.4110, vae_loss_seen:352.4606 GZSL: seen=0.9008, unseen=0.3281, h=0.4810 ZSL: unseen accuracy=0.9062
[14/300]  Loss_D: -1.8684 Loss_G: 4.0873, Wasserstein_dist:2.3698, vae_loss_seen:347.5969 GZSL: seen=0.7491, unseen=0.4948, h=0.5960 ZSL: unseen accuracy=0.9323
[15/300]  Loss_D: -1.8903 Loss_G: 6.0064, Wasserstein_dist:2.4559, vae_loss_seen:369.6781 GZSL: seen=0.7241, unseen=0.3854, h=0.5031 ZSL: unseen accuracy=0.9115
[16/300]  Loss_D: -2.1021 Loss_G: 5.9569, Wasserstein_dist:2.6602, vae_loss_seen:361.3124 GZSL: seen=0.8571, unseen=0.4010, h=0.5464 ZSL: unseen accuracy=0.7917
[17/300]  Loss_D: -1.7832 Loss_G: 6.4893, Wasserstein_dist:2.4116, vae_loss_seen:373.7393 GZSL: seen=0.9325, unseen=0.3542, h=0.5134 ZSL: unseen accuracy=0.8229
[18/300]  Loss_D: -1.9976 Loss_G: 6.6280, Wasserstein_dist:2.5042, vae_loss_seen:368.3371 GZSL: seen=0.8095, unseen=0.5000, h=0.6182 ZSL: unseen accuracy=0.7656
[19/300]  Loss_D: -2.0690 Loss_G: 5.1590, Wasserstein_dist:2.6565, vae_loss_seen:351.9821 GZSL: seen=0.8532, unseen=0.3333, h=0.4794 ZSL: unseen accuracy=0.7865
[20/300]  Loss_D: -1.9424 Loss_G: 7.6444, Wasserstein_dist:2.4355, vae_loss_seen:379.4398 GZSL: seen=0.8107, unseen=0.3438, h=0.4828 ZSL: unseen accuracy=0.9167
[21/300]  Loss_D: -1.9053 Loss_G: 8.0694, Wasserstein_dist:2.3710, vae_loss_seen:382.2238 GZSL: seen=0.8552, unseen=0.5208, h=0.6474 ZSL: unseen accuracy=0.7604
[22/300]  Loss_D: -1.7800 Loss_G: 8.6848, Wasserstein_dist:2.2218, vae_loss_seen:383.0738 GZSL: seen=0.8750, unseen=0.4219, h=0.5693 ZSL: unseen accuracy=0.9635
[23/300]  Loss_D: -1.9011 Loss_G: 7.2432, Wasserstein_dist:2.4222, vae_loss_seen:369.9029 GZSL: seen=0.8492, unseen=0.4375, h=0.5775 ZSL: unseen accuracy=0.6771
[24/300]  Loss_D: -1.8705 Loss_G: 10.4372, Wasserstein_dist:2.2872, vae_loss_seen:398.4925 GZSL: seen=0.7619, unseen=0.5365, h=0.6296 ZSL: unseen accuracy=0.8698
[25/300]  Loss_D: -1.7339 Loss_G: 7.8346, Wasserstein_dist:2.2199, vae_loss_seen:372.4906 GZSL: seen=0.8611, unseen=0.5156, h=0.6450 ZSL: unseen accuracy=0.8021
[26/300]  Loss_D: -1.6599 Loss_G: 10.0221, Wasserstein_dist:2.1563, vae_loss_seen:390.8943 GZSL: seen=0.8135, unseen=0.5938, h=0.6865 ZSL: unseen accuracy=0.8021
[27/300]  Loss_D: -1.9461 Loss_G: 9.1889, Wasserstein_dist:2.3601, vae_loss_seen:384.2405 GZSL: seen=0.8056, unseen=0.3906, h=0.5261 ZSL: unseen accuracy=0.7448
[28/300]  Loss_D: -1.5340 Loss_G: 8.9935, Wasserstein_dist:2.0519, vae_loss_seen:381.4001 GZSL: seen=0.8880, unseen=0.4427, h=0.5909 ZSL: unseen accuracy=0.8281
[29/300]  Loss_D: -1.9182 Loss_G: 9.7152, Wasserstein_dist:2.3252, vae_loss_seen:387.2894 GZSL: seen=0.7698, unseen=0.4948, h=0.6024 ZSL: unseen accuracy=0.8438
[30/300]  Loss_D: -1.6893 Loss_G: 10.7577, Wasserstein_dist:2.1644, vae_loss_seen:392.4005 GZSL: seen=0.8202, unseen=0.4792, h=0.6049 ZSL: unseen accuracy=0.7500
[31/300]  Loss_D: -1.7741 Loss_G: 9.9609, Wasserstein_dist:2.1761, vae_loss_seen:392.3405 GZSL: seen=0.8313, unseen=0.5208, h=0.6404 ZSL: unseen accuracy=0.7135
[32/300]  Loss_D: -1.5693 Loss_G: 9.1572, Wasserstein_dist:1.9148, vae_loss_seen:376.0960 GZSL: seen=0.8452, unseen=0.5156, h=0.6405 ZSL: unseen accuracy=0.8073
[33/300]  Loss_D: -1.5617 Loss_G: 11.3608, Wasserstein_dist:2.0848, vae_loss_seen:400.9758 GZSL: seen=0.7917, unseen=0.6042, h=0.6853 ZSL: unseen accuracy=0.7969
[34/300]  Loss_D: -1.5304 Loss_G: 11.8314, Wasserstein_dist:1.8999, vae_loss_seen:404.6580 GZSL: seen=0.7349, unseen=0.5781, h=0.6472 ZSL: unseen accuracy=0.7760
[35/300]  Loss_D: -1.5504 Loss_G: 11.6104, Wasserstein_dist:1.9307, vae_loss_seen:414.6414 GZSL: seen=0.8254, unseen=0.6042, h=0.6977 ZSL: unseen accuracy=0.8906
[36/300]  Loss_D: -1.5359 Loss_G: 10.7133, Wasserstein_dist:1.9917, vae_loss_seen:392.1460 GZSL: seen=0.8135, unseen=0.5781, h=0.6759 ZSL: unseen accuracy=0.8021
[37/300]  Loss_D: -1.4612 Loss_G: 11.3879, Wasserstein_dist:1.8222, vae_loss_seen:400.9420 GZSL: seen=0.7187, unseen=0.5885, h=0.6471 ZSL: unseen accuracy=0.9375
[38/300]  Loss_D: -1.6677 Loss_G: 11.9648, Wasserstein_dist:2.1096, vae_loss_seen:403.6464 GZSL: seen=0.7560, unseen=0.6146, h=0.6780 ZSL: unseen accuracy=0.9271
[39/300]  Loss_D: -1.2781 Loss_G: 12.3834, Wasserstein_dist:1.6727, vae_loss_seen:402.6876 GZSL: seen=0.8671, unseen=0.4479, h=0.5907 ZSL: unseen accuracy=0.7812
[40/300]  Loss_D: -1.4623 Loss_G: 13.9076, Wasserstein_dist:1.8515, vae_loss_seen:425.0544 GZSL: seen=0.7421, unseen=0.5573, h=0.6365 ZSL: unseen accuracy=0.8906
[41/300]  Loss_D: -1.3690 Loss_G: 12.4789, Wasserstein_dist:1.7434, vae_loss_seen:403.2775 GZSL: seen=0.8135, unseen=0.6094, h=0.6968 ZSL: unseen accuracy=0.8333
[42/300]  Loss_D: -1.4922 Loss_G: 12.1921, Wasserstein_dist:1.8739, vae_loss_seen:398.3641 GZSL: seen=0.8333, unseen=0.6771, h=0.7471 ZSL: unseen accuracy=0.7969
[43/300]  Loss_D: -1.5324 Loss_G: 13.7641, Wasserstein_dist:1.9328, vae_loss_seen:421.7966 GZSL: seen=0.7436, unseen=0.6823, h=0.7116 ZSL: unseen accuracy=0.8646
[44/300]  Loss_D: -1.4024 Loss_G: 13.1451, Wasserstein_dist:1.8744, vae_loss_seen:418.3858 GZSL: seen=0.7536, unseen=0.6354, h=0.6895 ZSL: unseen accuracy=0.8646
[45/300]  Loss_D: -1.4517 Loss_G: 12.4649, Wasserstein_dist:1.8255, vae_loss_seen:406.0719 GZSL: seen=0.7421, unseen=0.5885, h=0.6564 ZSL: unseen accuracy=0.8073
[46/300]  Loss_D: -1.2648 Loss_G: 13.9061, Wasserstein_dist:1.6554, vae_loss_seen:412.9117 GZSL: seen=0.8016, unseen=0.6667, h=0.7279 ZSL: unseen accuracy=0.8281
[47/300]  Loss_D: -1.2763 Loss_G: 13.2991, Wasserstein_dist:1.6570, vae_loss_seen:407.8138 GZSL: seen=0.8036, unseen=0.6875, h=0.7410 ZSL: unseen accuracy=0.7865
[48/300]  Loss_D: -1.5224 Loss_G: 14.0886, Wasserstein_dist:1.8856, vae_loss_seen:421.8901 GZSL: seen=0.7817, unseen=0.6562, h=0.7135 ZSL: unseen accuracy=0.8229
[49/300]  Loss_D: -1.4505 Loss_G: 14.5203, Wasserstein_dist:1.8135, vae_loss_seen:420.5969 GZSL: seen=0.7665, unseen=0.7500, h=0.7582 ZSL: unseen accuracy=0.7448
[50/300]  Loss_D: -1.3504 Loss_G: 14.0489, Wasserstein_dist:1.7419, vae_loss_seen:413.9647 GZSL: seen=0.8075, unseen=0.5990, h=0.6878 ZSL: unseen accuracy=0.8646
[51/300]  Loss_D: -1.2603 Loss_G: 14.3973, Wasserstein_dist:1.5978, vae_loss_seen:426.6241 GZSL: seen=0.7639, unseen=0.7135, h=0.7379 ZSL: unseen accuracy=0.8229
[52/300]  Loss_D: -1.2833 Loss_G: 14.2881, Wasserstein_dist:1.6566, vae_loss_seen:413.5052 GZSL: seen=0.7932, unseen=0.7083, h=0.7484 ZSL: unseen accuracy=0.8906
[53/300]  Loss_D: -1.2257 Loss_G: 15.6604, Wasserstein_dist:1.5791, vae_loss_seen:429.0782 GZSL: seen=0.7484, unseen=0.6094, h=0.6718 ZSL: unseen accuracy=0.7656
[54/300]  Loss_D: -1.2417 Loss_G: 15.2329, Wasserstein_dist:1.6639, vae_loss_seen:436.6364 GZSL: seen=0.7738, unseen=0.6615, h=0.7132 ZSL: unseen accuracy=0.7448
[55/300]  Loss_D: -1.3094 Loss_G: 15.6525, Wasserstein_dist:1.6762, vae_loss_seen:431.1223 GZSL: seen=0.8671, unseen=0.5521, h=0.6746 ZSL: unseen accuracy=0.8073
[56/300]  Loss_D: -1.3226 Loss_G: 13.8975, Wasserstein_dist:1.7115, vae_loss_seen:410.1186 GZSL: seen=0.7639, unseen=0.6927, h=0.7266 ZSL: unseen accuracy=0.7448
[57/300]  Loss_D: -1.2628 Loss_G: 14.6756, Wasserstein_dist:1.5723, vae_loss_seen:426.1371 GZSL: seen=0.7345, unseen=0.6927, h=0.7130 ZSL: unseen accuracy=0.8490
[58/300]  Loss_D: -1.2767 Loss_G: 15.7723, Wasserstein_dist:1.6619, vae_loss_seen:433.5615 GZSL: seen=0.8512, unseen=0.5365, h=0.6581 ZSL: unseen accuracy=0.7708
[59/300]  Loss_D: -1.1738 Loss_G: 14.7907, Wasserstein_dist:1.5032, vae_loss_seen:424.3040 GZSL: seen=0.7444, unseen=0.6875, h=0.7148 ZSL: unseen accuracy=0.7344
[60/300]  Loss_D: -1.0627 Loss_G: 16.0759, Wasserstein_dist:1.4100, vae_loss_seen:430.2246 GZSL: seen=0.7052, unseen=0.7396, h=0.7220 ZSL: unseen accuracy=0.7865
[61/300]  Loss_D: -1.1480 Loss_G: 15.8472, Wasserstein_dist:1.4870, vae_loss_seen:429.0513 GZSL: seen=0.8274, unseen=0.6927, h=0.7541 ZSL: unseen accuracy=0.8542
[62/300]  Loss_D: -1.2138 Loss_G: 16.1675, Wasserstein_dist:1.6665, vae_loss_seen:437.1157 GZSL: seen=0.8155, unseen=0.6875, h=0.7460 ZSL: unseen accuracy=0.7812
[63/300]  Loss_D: -1.4218 Loss_G: 15.0803, Wasserstein_dist:1.8679, vae_loss_seen:432.9994 GZSL: seen=0.8234, unseen=0.6562, h=0.7304 ZSL: unseen accuracy=0.8490
[64/300]  Loss_D: -1.1455 Loss_G: 16.2654, Wasserstein_dist:1.5128, vae_loss_seen:430.7147 GZSL: seen=0.8075, unseen=0.5833, h=0.6774 ZSL: unseen accuracy=0.7917
[65/300]  Loss_D: -1.1738 Loss_G: 16.0419, Wasserstein_dist:1.5464, vae_loss_seen:444.3419 GZSL: seen=0.7464, unseen=0.7344, h=0.7404 ZSL: unseen accuracy=0.7969
[66/300]  Loss_D: -1.2422 Loss_G: 15.4752, Wasserstein_dist:1.5762, vae_loss_seen:426.2465 GZSL: seen=0.7659, unseen=0.6302, h=0.6914 ZSL: unseen accuracy=0.8333
[67/300]  Loss_D: -1.2277 Loss_G: 16.4959, Wasserstein_dist:1.5606, vae_loss_seen:438.7402 GZSL: seen=0.7464, unseen=0.6615, h=0.7014 ZSL: unseen accuracy=0.8750
[68/300]  Loss_D: -1.2247 Loss_G: 16.8102, Wasserstein_dist:1.5882, vae_loss_seen:444.5866 GZSL: seen=0.8591, unseen=0.5573, h=0.6760 ZSL: unseen accuracy=0.7448
[69/300]  Loss_D: -1.2244 Loss_G: 15.7373, Wasserstein_dist:1.5763, vae_loss_seen:435.1897 GZSL: seen=0.7769, unseen=0.7135, h=0.7439 ZSL: unseen accuracy=0.7812
[70/300]  Loss_D: -1.0877 Loss_G: 15.9976, Wasserstein_dist:1.4072, vae_loss_seen:434.3537 GZSL: seen=0.7083, unseen=0.6562, h=0.6813 ZSL: unseen accuracy=0.7188
[71/300]  Loss_D: -1.3774 Loss_G: 17.5000, Wasserstein_dist:1.7682, vae_loss_seen:462.8324 GZSL: seen=0.8075, unseen=0.7292, h=0.7664 ZSL: unseen accuracy=0.7552
[72/300]  Loss_D: -1.1226 Loss_G: 16.2521, Wasserstein_dist:1.4685, vae_loss_seen:436.2905 GZSL: seen=0.6964, unseen=0.7292, h=0.7124 ZSL: unseen accuracy=0.7500
[73/300]  Loss_D: -1.2297 Loss_G: 16.8126, Wasserstein_dist:1.5696, vae_loss_seen:451.3250 GZSL: seen=0.7928, unseen=0.6562, h=0.7181 ZSL: unseen accuracy=0.7865
[74/300]  Loss_D: -1.0644 Loss_G: 16.1094, Wasserstein_dist:1.4498, vae_loss_seen:431.7346 GZSL: seen=0.7381, unseen=0.7031, h=0.7202 ZSL: unseen accuracy=0.8698
[75/300]  Loss_D: -1.1022 Loss_G: 16.3628, Wasserstein_dist:1.3886, vae_loss_seen:434.9024 GZSL: seen=0.7996, unseen=0.7396, h=0.7684 ZSL: unseen accuracy=0.8021
[76/300]  Loss_D: -1.2011 Loss_G: 16.5553, Wasserstein_dist:1.5376, vae_loss_seen:449.2863 GZSL: seen=0.7540, unseen=0.5990, h=0.6676 ZSL: unseen accuracy=0.7188
[77/300]  Loss_D: -1.1173 Loss_G: 16.7442, Wasserstein_dist:1.4215, vae_loss_seen:436.0718 GZSL: seen=0.7484, unseen=0.7083, h=0.7278 ZSL: unseen accuracy=0.7344
[78/300]  Loss_D: -1.2178 Loss_G: 17.5524, Wasserstein_dist:1.5372, vae_loss_seen:446.8727 GZSL: seen=0.7202, unseen=0.6979, h=0.7089 ZSL: unseen accuracy=0.7083
[79/300]  Loss_D: -1.1360 Loss_G: 17.3438, Wasserstein_dist:1.4822, vae_loss_seen:441.1194 GZSL: seen=0.8040, unseen=0.7344, h=0.7676 ZSL: unseen accuracy=0.7292
[80/300]  Loss_D: -1.0232 Loss_G: 17.4231, Wasserstein_dist:1.3654, vae_loss_seen:450.7804 GZSL: seen=0.7742, unseen=0.6927, h=0.7312 ZSL: unseen accuracy=0.7448
[81/300]  Loss_D: -1.0650 Loss_G: 17.4014, Wasserstein_dist:1.3731, vae_loss_seen:450.1068 GZSL: seen=0.7579, unseen=0.7292, h=0.7433 ZSL: unseen accuracy=0.7448
[82/300]  Loss_D: -1.1224 Loss_G: 17.4658, Wasserstein_dist:1.4663, vae_loss_seen:443.5930 GZSL: seen=0.7917, unseen=0.7031, h=0.7448 ZSL: unseen accuracy=0.7865
[83/300]  Loss_D: -1.1242 Loss_G: 17.8479, Wasserstein_dist:1.4862, vae_loss_seen:449.0135 GZSL: seen=0.7794, unseen=0.7344, h=0.7562 ZSL: unseen accuracy=0.7083
[84/300]  Loss_D: -1.1104 Loss_G: 17.4746, Wasserstein_dist:1.4871, vae_loss_seen:459.6229 GZSL: seen=0.7302, unseen=0.6979, h=0.7137 ZSL: unseen accuracy=0.7448
[85/300]  Loss_D: -1.1080 Loss_G: 17.7615, Wasserstein_dist:1.3712, vae_loss_seen:452.6392 GZSL: seen=0.7544, unseen=0.6719, h=0.7107 ZSL: unseen accuracy=0.7708
[86/300]  Loss_D: -1.2702 Loss_G: 17.3676, Wasserstein_dist:1.5744, vae_loss_seen:445.4746 GZSL: seen=0.7361, unseen=0.6771, h=0.7054 ZSL: unseen accuracy=0.7760
[87/300]  Loss_D: -1.0594 Loss_G: 16.8628, Wasserstein_dist:1.3752, vae_loss_seen:435.0383 GZSL: seen=0.8313, unseen=0.6979, h=0.7588 ZSL: unseen accuracy=0.7656
[88/300]  Loss_D: -1.0197 Loss_G: 18.6635, Wasserstein_dist:1.3225, vae_loss_seen:466.4865 GZSL: seen=0.7837, unseen=0.6875, h=0.7325 ZSL: unseen accuracy=0.8542
[89/300]  Loss_D: -0.9820 Loss_G: 18.2472, Wasserstein_dist:1.2975, vae_loss_seen:460.8809 GZSL: seen=0.8194, unseen=0.5469, h=0.6560 ZSL: unseen accuracy=0.7292
[90/300]  Loss_D: -1.0929 Loss_G: 18.5883, Wasserstein_dist:1.4333, vae_loss_seen:455.2004 GZSL: seen=0.6944, unseen=0.6823, h=0.6883 ZSL: unseen accuracy=0.7500
[91/300]  Loss_D: -1.0609 Loss_G: 17.1101, Wasserstein_dist:1.3436, vae_loss_seen:443.3664 GZSL: seen=0.7321, unseen=0.6667, h=0.6979 ZSL: unseen accuracy=0.7448
[92/300]  Loss_D: -0.9483 Loss_G: 18.0437, Wasserstein_dist:1.2518, vae_loss_seen:446.9112 GZSL: seen=0.7500, unseen=0.5208, h=0.6148 ZSL: unseen accuracy=0.7240
[93/300]  Loss_D: -1.1672 Loss_G: 17.1569, Wasserstein_dist:1.4498, vae_loss_seen:432.6417 GZSL: seen=0.6506, unseen=0.6823, h=0.6661 ZSL: unseen accuracy=0.7240
[94/300]  Loss_D: -1.0070 Loss_G: 17.2117, Wasserstein_dist:1.2962, vae_loss_seen:442.7982 GZSL: seen=0.7183, unseen=0.6875, h=0.7025 ZSL: unseen accuracy=0.7188
[95/300]  Loss_D: -1.1174 Loss_G: 17.7682, Wasserstein_dist:1.4004, vae_loss_seen:451.6451 GZSL: seen=0.7599, unseen=0.7031, h=0.7304 ZSL: unseen accuracy=0.8125
[96/300]  Loss_D: -1.1119 Loss_G: 17.5078, Wasserstein_dist:1.4283, vae_loss_seen:449.4621 GZSL: seen=0.8075, unseen=0.6875, h=0.7427 ZSL: unseen accuracy=0.7656
[97/300]  Loss_D: -1.0396 Loss_G: 17.9115, Wasserstein_dist:1.3228, vae_loss_seen:454.6538 GZSL: seen=0.7978, unseen=0.6719, h=0.7294 ZSL: unseen accuracy=0.7292
[98/300]  Loss_D: -0.9434 Loss_G: 18.7721, Wasserstein_dist:1.2693, vae_loss_seen:459.4875 GZSL: seen=0.7619, unseen=0.6875, h=0.7228 ZSL: unseen accuracy=0.7396
[99/300]  Loss_D: -0.9950 Loss_G: 17.7073, Wasserstein_dist:1.2755, vae_loss_seen:451.0585 GZSL: seen=0.6548, unseen=0.6771, h=0.6657 ZSL: unseen accuracy=0.7135
[100/300]  Loss_D: -1.0191 Loss_G: 17.9540, Wasserstein_dist:1.3014, vae_loss_seen:450.3489 GZSL: seen=0.8238, unseen=0.6667, h=0.7370 ZSL: unseen accuracy=0.8542
[101/300]  Loss_D: -0.9382 Loss_G: 18.2287, Wasserstein_dist:1.1723, vae_loss_seen:451.6657 GZSL: seen=0.6956, unseen=0.6615, h=0.6781 ZSL: unseen accuracy=0.7500
[102/300]  Loss_D: -0.8553 Loss_G: 18.6603, Wasserstein_dist:1.1520, vae_loss_seen:458.7791 GZSL: seen=0.7579, unseen=0.7292, h=0.7433 ZSL: unseen accuracy=0.7188
[103/300]  Loss_D: -0.9694 Loss_G: 17.8703, Wasserstein_dist:1.2363, vae_loss_seen:449.1735 GZSL: seen=0.8175, unseen=0.6979, h=0.7530 ZSL: unseen accuracy=0.7917
[104/300]  Loss_D: -1.0307 Loss_G: 17.0959, Wasserstein_dist:1.3147, vae_loss_seen:441.4900 GZSL: seen=0.8234, unseen=0.6823, h=0.7462 ZSL: unseen accuracy=0.7760
[105/300]  Loss_D: -0.9915 Loss_G: 18.1776, Wasserstein_dist:1.2591, vae_loss_seen:449.4219 GZSL: seen=0.7825, unseen=0.6979, h=0.7378 ZSL: unseen accuracy=0.7812
[106/300]  Loss_D: -0.9870 Loss_G: 18.0240, Wasserstein_dist:1.2707, vae_loss_seen:449.2461 GZSL: seen=0.7163, unseen=0.6927, h=0.7043 ZSL: unseen accuracy=0.7396
[107/300]  Loss_D: -0.9817 Loss_G: 18.8179, Wasserstein_dist:1.2573, vae_loss_seen:455.0054 GZSL: seen=0.7533, unseen=0.6667, h=0.7073 ZSL: unseen accuracy=0.7031
[108/300]  Loss_D: -0.9394 Loss_G: 17.7120, Wasserstein_dist:1.2012, vae_loss_seen:438.5588 GZSL: seen=0.7778, unseen=0.6823, h=0.7269 ZSL: unseen accuracy=0.7448
[109/300]  Loss_D: -0.9178 Loss_G: 17.3840, Wasserstein_dist:1.1815, vae_loss_seen:441.4110 GZSL: seen=0.7630, unseen=0.6823, h=0.7204 ZSL: unseen accuracy=0.6979
[110/300]  Loss_D: -0.7670 Loss_G: 16.1097, Wasserstein_dist:1.0733, vae_loss_seen:423.2275 GZSL: seen=0.7881, unseen=0.5208, h=0.6272 ZSL: unseen accuracy=0.7135
[111/300]  Loss_D: -0.8388 Loss_G: 16.8289, Wasserstein_dist:1.0974, vae_loss_seen:431.6192 GZSL: seen=0.7388, unseen=0.6771, h=0.7066 ZSL: unseen accuracy=0.7188
[112/300]  Loss_D: -1.0364 Loss_G: 17.9598, Wasserstein_dist:1.3419, vae_loss_seen:443.4410 GZSL: seen=0.7460, unseen=0.7031, h=0.7239 ZSL: unseen accuracy=0.7396
[113/300]  Loss_D: -0.9576 Loss_G: 18.3160, Wasserstein_dist:1.2235, vae_loss_seen:454.0454 GZSL: seen=0.7579, unseen=0.6771, h=0.7152 ZSL: unseen accuracy=0.7292
[114/300]  Loss_D: -0.9438 Loss_G: 18.5851, Wasserstein_dist:1.2088, vae_loss_seen:458.3687 GZSL: seen=0.7692, unseen=0.6719, h=0.7172 ZSL: unseen accuracy=0.7083
[115/300]  Loss_D: -1.0267 Loss_G: 16.5769, Wasserstein_dist:1.3139, vae_loss_seen:439.5167 GZSL: seen=0.7921, unseen=0.6823, h=0.7331 ZSL: unseen accuracy=0.7031
[116/300]  Loss_D: -0.9633 Loss_G: 17.9646, Wasserstein_dist:1.2353, vae_loss_seen:443.7336 GZSL: seen=0.7540, unseen=0.6823, h=0.7163 ZSL: unseen accuracy=0.7083
[117/300]  Loss_D: -0.9801 Loss_G: 17.5562, Wasserstein_dist:1.2177, vae_loss_seen:446.7487 GZSL: seen=0.8007, unseen=0.5104, h=0.6234 ZSL: unseen accuracy=0.6979
[118/300]  Loss_D: -1.0048 Loss_G: 18.2156, Wasserstein_dist:1.3144, vae_loss_seen:449.0496 GZSL: seen=0.8254, unseen=0.6719, h=0.7408 ZSL: unseen accuracy=0.7031
[119/300]  Loss_D: -0.9381 Loss_G: 17.3372, Wasserstein_dist:1.2222, vae_loss_seen:436.8048 GZSL: seen=0.7194, unseen=0.7031, h=0.7112 ZSL: unseen accuracy=0.7188
[120/300]  Loss_D: -1.0381 Loss_G: 18.8301, Wasserstein_dist:1.3211, vae_loss_seen:459.9584 GZSL: seen=0.7650, unseen=0.6823, h=0.7213 ZSL: unseen accuracy=0.7292
[121/300]  Loss_D: -0.9379 Loss_G: 17.1583, Wasserstein_dist:1.2281, vae_loss_seen:435.9935 GZSL: seen=0.7901, unseen=0.6719, h=0.7262 ZSL: unseen accuracy=0.7292
[122/300]  Loss_D: -0.9419 Loss_G: 18.0154, Wasserstein_dist:1.1804, vae_loss_seen:451.7033 GZSL: seen=0.7103, unseen=0.6667, h=0.6878 ZSL: unseen accuracy=0.6979
[123/300]  Loss_D: -0.8713 Loss_G: 16.7863, Wasserstein_dist:1.1467, vae_loss_seen:442.7971 GZSL: seen=0.7758, unseen=0.6667, h=0.7171 ZSL: unseen accuracy=0.6979
[124/300]  Loss_D: -0.9001 Loss_G: 17.8685, Wasserstein_dist:1.1626, vae_loss_seen:454.5153 GZSL: seen=0.7024, unseen=0.6823, h=0.6922 ZSL: unseen accuracy=0.6927
[125/300]  Loss_D: -0.9367 Loss_G: 16.4118, Wasserstein_dist:1.1956, vae_loss_seen:430.7739 GZSL: seen=0.7619, unseen=0.6667, h=0.7111 ZSL: unseen accuracy=0.7604
[126/300]  Loss_D: -0.8402 Loss_G: 18.1189, Wasserstein_dist:1.1209, vae_loss_seen:452.0176 GZSL: seen=0.7401, unseen=0.6719, h=0.7043 ZSL: unseen accuracy=0.6927
[127/300]  Loss_D: -0.9158 Loss_G: 18.4550, Wasserstein_dist:1.1404, vae_loss_seen:445.6629 GZSL: seen=0.7821, unseen=0.6823, h=0.7288 ZSL: unseen accuracy=0.6875
[128/300]  Loss_D: -0.8479 Loss_G: 17.5495, Wasserstein_dist:1.1122, vae_loss_seen:443.0504 GZSL: seen=0.7778, unseen=0.5625, h=0.6528 ZSL: unseen accuracy=0.6823
[129/300]  Loss_D: -0.8474 Loss_G: 17.6064, Wasserstein_dist:1.0974, vae_loss_seen:436.8401 GZSL: seen=0.7798, unseen=0.6562, h=0.7127 ZSL: unseen accuracy=0.6927
[130/300]  Loss_D: -0.8472 Loss_G: 17.1339, Wasserstein_dist:1.1021, vae_loss_seen:426.2258 GZSL: seen=0.8016, unseen=0.5729, h=0.6682 ZSL: unseen accuracy=0.6927
[131/300]  Loss_D: -0.9109 Loss_G: 16.7756, Wasserstein_dist:1.1706, vae_loss_seen:444.1030 GZSL: seen=0.7710, unseen=0.6458, h=0.7029 ZSL: unseen accuracy=0.6875
[132/300]  Loss_D: -0.8277 Loss_G: 16.7231, Wasserstein_dist:1.0981, vae_loss_seen:428.4505 GZSL: seen=0.7551, unseen=0.6719, h=0.7111 ZSL: unseen accuracy=0.7031
[133/300]  Loss_D: -0.8842 Loss_G: 18.2928, Wasserstein_dist:1.1563, vae_loss_seen:456.1398 GZSL: seen=0.8333, unseen=0.6979, h=0.7596 ZSL: unseen accuracy=0.6875
[134/300]  Loss_D: -0.8551 Loss_G: 18.2107, Wasserstein_dist:1.1502, vae_loss_seen:452.4602 GZSL: seen=0.7333, unseen=0.6875, h=0.7097 ZSL: unseen accuracy=0.6875
[135/300]  Loss_D: -0.8458 Loss_G: 16.9538, Wasserstein_dist:1.1163, vae_loss_seen:430.3385 GZSL: seen=0.7698, unseen=0.6823, h=0.7234 ZSL: unseen accuracy=0.7917
[136/300]  Loss_D: -0.9735 Loss_G: 16.9952, Wasserstein_dist:1.1911, vae_loss_seen:439.0935 GZSL: seen=0.7857, unseen=0.6823, h=0.7304 ZSL: unseen accuracy=0.6875
[137/300]  Loss_D: -0.9049 Loss_G: 17.5311, Wasserstein_dist:1.1900, vae_loss_seen:443.8399 GZSL: seen=0.7758, unseen=0.5365, h=0.6343 ZSL: unseen accuracy=0.6875
[138/300]  Loss_D: -0.8438 Loss_G: 17.2312, Wasserstein_dist:1.1540, vae_loss_seen:439.8340 GZSL: seen=0.7321, unseen=0.7031, h=0.7173 ZSL: unseen accuracy=0.6979
[139/300]  Loss_D: -0.8655 Loss_G: 16.6710, Wasserstein_dist:1.1115, vae_loss_seen:433.2364 GZSL: seen=0.8770, unseen=0.5000, h=0.6369 ZSL: unseen accuracy=0.6875
[140/300]  Loss_D: -0.8546 Loss_G: 17.4572, Wasserstein_dist:1.1067, vae_loss_seen:437.5980 GZSL: seen=0.8000, unseen=0.6667, h=0.7273 ZSL: unseen accuracy=0.6875
[141/300]  Loss_D: -0.9090 Loss_G: 18.0536, Wasserstein_dist:1.1712, vae_loss_seen:450.8788 GZSL: seen=0.7183, unseen=0.6719, h=0.6943 ZSL: unseen accuracy=0.6875
[142/300]  Loss_D: -0.8957 Loss_G: 17.0731, Wasserstein_dist:1.1631, vae_loss_seen:427.1789 GZSL: seen=0.8194, unseen=0.6667, h=0.7352 ZSL: unseen accuracy=0.6979
[143/300]  Loss_D: -0.9850 Loss_G: 17.2065, Wasserstein_dist:1.3228, vae_loss_seen:443.0045 GZSL: seen=0.7837, unseen=0.6146, h=0.6889 ZSL: unseen accuracy=0.6771
[144/300]  Loss_D: -0.9814 Loss_G: 17.3103, Wasserstein_dist:1.1948, vae_loss_seen:440.0818 GZSL: seen=0.7262, unseen=0.6562, h=0.6895 ZSL: unseen accuracy=0.6875
[145/300]  Loss_D: -0.9652 Loss_G: 16.8286, Wasserstein_dist:1.2331, vae_loss_seen:429.5790 GZSL: seen=0.7639, unseen=0.5938, h=0.6682 ZSL: unseen accuracy=0.6927
[146/300]  Loss_D: -0.9052 Loss_G: 16.9735, Wasserstein_dist:1.1494, vae_loss_seen:438.8491 GZSL: seen=0.6841, unseen=0.6771, h=0.6806 ZSL: unseen accuracy=0.6875
[147/300]  Loss_D: -0.8728 Loss_G: 18.2100, Wasserstein_dist:1.1258, vae_loss_seen:448.5821 GZSL: seen=0.8274, unseen=0.4792, h=0.6069 ZSL: unseen accuracy=0.6927
[148/300]  Loss_D: -0.9041 Loss_G: 17.5616, Wasserstein_dist:1.1739, vae_loss_seen:449.1584 GZSL: seen=0.7718, unseen=0.6667, h=0.7154 ZSL: unseen accuracy=0.6823
[149/300]  Loss_D: -0.8910 Loss_G: 17.2944, Wasserstein_dist:1.1358, vae_loss_seen:439.5817 GZSL: seen=0.8020, unseen=0.6615, h=0.7250 ZSL: unseen accuracy=0.6771
[150/300]  Loss_D: -0.8135 Loss_G: 17.2992, Wasserstein_dist:1.0923, vae_loss_seen:424.6056 GZSL: seen=0.8452, unseen=0.6510, h=0.7355 ZSL: unseen accuracy=0.6875
[151/300]  Loss_D: -0.8415 Loss_G: 17.0083, Wasserstein_dist:1.0882, vae_loss_seen:443.3544 GZSL: seen=0.7802, unseen=0.4948, h=0.6055 ZSL: unseen accuracy=0.7188
[152/300]  Loss_D: -0.9416 Loss_G: 17.3106, Wasserstein_dist:1.2057, vae_loss_seen:439.6187 GZSL: seen=0.7817, unseen=0.5052, h=0.6138 ZSL: unseen accuracy=0.6823
[153/300]  Loss_D: -0.9039 Loss_G: 17.4195, Wasserstein_dist:1.2270, vae_loss_seen:440.5815 GZSL: seen=0.8139, unseen=0.4948, h=0.6154 ZSL: unseen accuracy=0.6823
[154/300]  Loss_D: -0.8860 Loss_G: 16.7061, Wasserstein_dist:1.1397, vae_loss_seen:438.6052 GZSL: seen=0.7679, unseen=0.6667, h=0.7137 ZSL: unseen accuracy=0.6875
[155/300]  Loss_D: -0.9046 Loss_G: 16.7372, Wasserstein_dist:1.1642, vae_loss_seen:436.6077 GZSL: seen=0.7560, unseen=0.6823, h=0.7172 ZSL: unseen accuracy=0.7500
[156/300]  Loss_D: -0.9190 Loss_G: 16.4498, Wasserstein_dist:1.1736, vae_loss_seen:430.8047 GZSL: seen=0.8333, unseen=0.6562, h=0.7343 ZSL: unseen accuracy=0.7083
[157/300]  Loss_D: -0.8960 Loss_G: 17.0665, Wasserstein_dist:1.1240, vae_loss_seen:436.1762 GZSL: seen=0.8433, unseen=0.6510, h=0.7348 ZSL: unseen accuracy=0.6875
[158/300]  Loss_D: -0.8601 Loss_G: 16.7772, Wasserstein_dist:1.1178, vae_loss_seen:429.5428 GZSL: seen=0.7407, unseen=0.6615, h=0.6989 ZSL: unseen accuracy=0.6927
[159/300]  Loss_D: -0.8210 Loss_G: 17.6380, Wasserstein_dist:1.0551, vae_loss_seen:440.6016 GZSL: seen=0.8071, unseen=0.6823, h=0.7395 ZSL: unseen accuracy=0.6771
[160/300]  Loss_D: -0.8596 Loss_G: 16.8656, Wasserstein_dist:1.0929, vae_loss_seen:434.3075 GZSL: seen=0.7672, unseen=0.6771, h=0.7193 ZSL: unseen accuracy=0.7188
[161/300]  Loss_D: -0.8441 Loss_G: 16.9488, Wasserstein_dist:1.0980, vae_loss_seen:431.4670 GZSL: seen=0.7282, unseen=0.6719, h=0.6989 ZSL: unseen accuracy=0.6719
[162/300]  Loss_D: -0.9021 Loss_G: 16.8100, Wasserstein_dist:1.1522, vae_loss_seen:439.5364 GZSL: seen=0.7837, unseen=0.6615, h=0.7174 ZSL: unseen accuracy=0.6823
[163/300]  Loss_D: -0.7750 Loss_G: 17.4111, Wasserstein_dist:1.0203, vae_loss_seen:437.5833 GZSL: seen=0.7635, unseen=0.6615, h=0.7088 ZSL: unseen accuracy=0.7240
[164/300]  Loss_D: -0.7704 Loss_G: 16.6731, Wasserstein_dist:0.9715, vae_loss_seen:432.3007 GZSL: seen=0.8000, unseen=0.6771, h=0.7334 ZSL: unseen accuracy=0.6823
[165/300]  Loss_D: -0.8753 Loss_G: 16.5500, Wasserstein_dist:1.1119, vae_loss_seen:432.4289 GZSL: seen=0.7659, unseen=0.6615, h=0.7098 ZSL: unseen accuracy=0.7969
[166/300]  Loss_D: -0.9030 Loss_G: 16.6828, Wasserstein_dist:1.1212, vae_loss_seen:433.7875 GZSL: seen=0.7579, unseen=0.6615, h=0.7064 ZSL: unseen accuracy=0.6771
[167/300]  Loss_D: -0.8573 Loss_G: 15.7994, Wasserstein_dist:1.1009, vae_loss_seen:418.9178 GZSL: seen=0.7560, unseen=0.6562, h=0.7026 ZSL: unseen accuracy=0.6823
[168/300]  Loss_D: -0.8189 Loss_G: 16.4305, Wasserstein_dist:1.0737, vae_loss_seen:423.1566 GZSL: seen=0.7484, unseen=0.6719, h=0.7081 ZSL: unseen accuracy=0.6771
[169/300]  Loss_D: -0.8097 Loss_G: 16.4420, Wasserstein_dist:1.0237, vae_loss_seen:431.5486 GZSL: seen=0.8020, unseen=0.5052, h=0.6199 ZSL: unseen accuracy=0.6979
[170/300]  Loss_D: -0.7363 Loss_G: 17.0074, Wasserstein_dist:0.9800, vae_loss_seen:427.1486 GZSL: seen=0.8214, unseen=0.5000, h=0.6216 ZSL: unseen accuracy=0.6979
[171/300]  Loss_D: -0.8286 Loss_G: 16.8688, Wasserstein_dist:1.0556, vae_loss_seen:436.4111 GZSL: seen=0.8194, unseen=0.6562, h=0.7288 ZSL: unseen accuracy=0.6823
[172/300]  Loss_D: -0.8102 Loss_G: 16.2283, Wasserstein_dist:1.0483, vae_loss_seen:424.2084 GZSL: seen=0.7857, unseen=0.6615, h=0.7183 ZSL: unseen accuracy=0.6823
[173/300]  Loss_D: -0.7798 Loss_G: 16.0311, Wasserstein_dist:1.0307, vae_loss_seen:415.7061 GZSL: seen=0.8333, unseen=0.5260, h=0.6450 ZSL: unseen accuracy=0.6823
[174/300]  Loss_D: -0.8573 Loss_G: 16.0636, Wasserstein_dist:1.0664, vae_loss_seen:425.8505 GZSL: seen=0.7857, unseen=0.6354, h=0.7026 ZSL: unseen accuracy=0.6875
[175/300]  Loss_D: -0.8888 Loss_G: 16.2384, Wasserstein_dist:1.1499, vae_loss_seen:431.0319 GZSL: seen=0.8139, unseen=0.6615, h=0.7298 ZSL: unseen accuracy=0.6875
[176/300]  Loss_D: -0.7670 Loss_G: 16.5700, Wasserstein_dist:1.0009, vae_loss_seen:418.0332 GZSL: seen=0.8095, unseen=0.6719, h=0.7343 ZSL: unseen accuracy=0.7188
[177/300]  Loss_D: -0.7777 Loss_G: 16.5847, Wasserstein_dist:1.0238, vae_loss_seen:422.2122 GZSL: seen=0.7710, unseen=0.6719, h=0.7180 ZSL: unseen accuracy=0.6927
[178/300]  Loss_D: -0.8314 Loss_G: 16.6259, Wasserstein_dist:1.1198, vae_loss_seen:429.6786 GZSL: seen=0.8155, unseen=0.6615, h=0.7304 ZSL: unseen accuracy=0.6979
[179/300]  Loss_D: -0.7111 Loss_G: 15.7767, Wasserstein_dist:0.9267, vae_loss_seen:412.4240 GZSL: seen=0.8274, unseen=0.6771, h=0.7447 ZSL: unseen accuracy=0.7344
[180/300]  Loss_D: -0.7091 Loss_G: 16.1282, Wasserstein_dist:0.9583, vae_loss_seen:429.0284 GZSL: seen=0.7960, unseen=0.6823, h=0.7348 ZSL: unseen accuracy=0.6875
[181/300]  Loss_D: -0.7967 Loss_G: 15.5806, Wasserstein_dist:1.0267, vae_loss_seen:423.2000 GZSL: seen=0.7659, unseen=0.4948, h=0.6012 ZSL: unseen accuracy=0.6719
[182/300]  Loss_D: -0.6952 Loss_G: 15.6138, Wasserstein_dist:0.9080, vae_loss_seen:417.8927 GZSL: seen=0.8357, unseen=0.6198, h=0.7117 ZSL: unseen accuracy=0.6823
[183/300]  Loss_D: -0.8137 Loss_G: 15.4342, Wasserstein_dist:1.0307, vae_loss_seen:415.8524 GZSL: seen=0.8298, unseen=0.5885, h=0.6886 ZSL: unseen accuracy=0.6875
[184/300]  Loss_D: -0.7208 Loss_G: 15.1882, Wasserstein_dist:0.9630, vae_loss_seen:412.4668 GZSL: seen=0.8020, unseen=0.6615, h=0.7250 ZSL: unseen accuracy=0.6875
[185/300]  Loss_D: -0.7728 Loss_G: 15.2397, Wasserstein_dist:0.9914, vae_loss_seen:424.4258 GZSL: seen=0.7837, unseen=0.6615, h=0.7174 ZSL: unseen accuracy=0.7031
[186/300]  Loss_D: -0.8558 Loss_G: 15.5698, Wasserstein_dist:1.1049, vae_loss_seen:416.6759 GZSL: seen=0.7758, unseen=0.6719, h=0.7201 ZSL: unseen accuracy=0.6823
[187/300]  Loss_D: -0.6677 Loss_G: 15.4742, Wasserstein_dist:0.9033, vae_loss_seen:417.1600 GZSL: seen=0.8238, unseen=0.6562, h=0.7305 ZSL: unseen accuracy=0.6875
[188/300]  Loss_D: -0.7609 Loss_G: 14.9229, Wasserstein_dist:0.9659, vae_loss_seen:403.6880 GZSL: seen=0.7722, unseen=0.6615, h=0.7126 ZSL: unseen accuracy=0.6823
[189/300]  Loss_D: -0.8712 Loss_G: 15.8422, Wasserstein_dist:1.1405, vae_loss_seen:425.5220 GZSL: seen=0.7639, unseen=0.4948, h=0.6006 ZSL: unseen accuracy=0.7031
[190/300]  Loss_D: -0.7162 Loss_G: 15.0367, Wasserstein_dist:0.9183, vae_loss_seen:411.0833 GZSL: seen=0.7692, unseen=0.5312, h=0.6284 ZSL: unseen accuracy=0.6875
[191/300]  Loss_D: -0.7140 Loss_G: 15.4977, Wasserstein_dist:0.9176, vae_loss_seen:418.8409 GZSL: seen=0.8135, unseen=0.6562, h=0.7265 ZSL: unseen accuracy=0.6823
[192/300]  Loss_D: -0.7311 Loss_G: 15.0796, Wasserstein_dist:0.9451, vae_loss_seen:412.3703 GZSL: seen=0.7619, unseen=0.6354, h=0.6929 ZSL: unseen accuracy=0.6875
[193/300]  Loss_D: -0.8365 Loss_G: 15.2199, Wasserstein_dist:1.0746, vae_loss_seen:418.8494 GZSL: seen=0.7679, unseen=0.5104, h=0.6132 ZSL: unseen accuracy=0.6823
[194/300]  Loss_D: -0.7483 Loss_G: 15.2008, Wasserstein_dist:1.0115, vae_loss_seen:411.7985 GZSL: seen=0.7758, unseen=0.6615, h=0.7141 ZSL: unseen accuracy=0.6771
[195/300]  Loss_D: -0.6871 Loss_G: 14.7735, Wasserstein_dist:0.9082, vae_loss_seen:406.9471 GZSL: seen=0.7817, unseen=0.6562, h=0.7135 ZSL: unseen accuracy=0.6979
[196/300]  Loss_D: -0.8304 Loss_G: 14.7914, Wasserstein_dist:1.0887, vae_loss_seen:411.4535 GZSL: seen=0.7794, unseen=0.6562, h=0.7125 ZSL: unseen accuracy=0.6771
[197/300]  Loss_D: -0.7324 Loss_G: 14.6442, Wasserstein_dist:0.9228, vae_loss_seen:408.4719 GZSL: seen=0.7624, unseen=0.6615, h=0.7083 ZSL: unseen accuracy=0.7031
[198/300]  Loss_D: -0.8462 Loss_G: 14.0967, Wasserstein_dist:1.0422, vae_loss_seen:403.4283 GZSL: seen=0.7857, unseen=0.6667, h=0.7213 ZSL: unseen accuracy=0.6823
[199/300]  Loss_D: -0.8089 Loss_G: 14.5297, Wasserstein_dist:1.0831, vae_loss_seen:412.2733 GZSL: seen=0.8119, unseen=0.5990, h=0.6894 ZSL: unseen accuracy=0.6771
[200/300]  Loss_D: -0.8157 Loss_G: 13.7545, Wasserstein_dist:1.0079, vae_loss_seen:395.3345 GZSL: seen=0.8234, unseen=0.6771, h=0.7431 ZSL: unseen accuracy=0.6823
[201/300]  Loss_D: -0.7756 Loss_G: 13.6390, Wasserstein_dist:1.0260, vae_loss_seen:406.0257 GZSL: seen=0.8254, unseen=0.6667, h=0.7376 ZSL: unseen accuracy=0.6823
[202/300]  Loss_D: -0.7544 Loss_G: 13.5575, Wasserstein_dist:0.9958, vae_loss_seen:386.6619 GZSL: seen=0.8274, unseen=0.4323, h=0.5679 ZSL: unseen accuracy=0.7031
[203/300]  Loss_D: -0.6630 Loss_G: 14.1525, Wasserstein_dist:0.8778, vae_loss_seen:404.6634 GZSL: seen=0.7718, unseen=0.6771, h=0.7214 ZSL: unseen accuracy=0.6823
[204/300]  Loss_D: -0.7775 Loss_G: 15.0429, Wasserstein_dist:0.9852, vae_loss_seen:414.0696 GZSL: seen=0.8056, unseen=0.6615, h=0.7264 ZSL: unseen accuracy=0.6875
[205/300]  Loss_D: -0.6927 Loss_G: 15.5940, Wasserstein_dist:0.8923, vae_loss_seen:419.6485 GZSL: seen=0.8393, unseen=0.5885, h=0.6919 ZSL: unseen accuracy=0.7083
[206/300]  Loss_D: -0.8314 Loss_G: 14.4765, Wasserstein_dist:1.0783, vae_loss_seen:413.9074 GZSL: seen=0.8298, unseen=0.6562, h=0.7329 ZSL: unseen accuracy=0.6771
[207/300]  Loss_D: -0.7053 Loss_G: 14.0395, Wasserstein_dist:0.9487, vae_loss_seen:401.5178 GZSL: seen=0.7828, unseen=0.6771, h=0.7261 ZSL: unseen accuracy=0.7188
[208/300]  Loss_D: -0.7737 Loss_G: 14.5632, Wasserstein_dist:1.0069, vae_loss_seen:404.2678 GZSL: seen=0.7921, unseen=0.6510, h=0.7147 ZSL: unseen accuracy=0.6927
[209/300]  Loss_D: -0.5849 Loss_G: 12.3679, Wasserstein_dist:0.8195, vae_loss_seen:386.1773 GZSL: seen=0.8079, unseen=0.6823, h=0.7398 ZSL: unseen accuracy=0.6927
[210/300]  Loss_D: -0.6647 Loss_G: 13.5068, Wasserstein_dist:0.8453, vae_loss_seen:393.4524 GZSL: seen=0.7798, unseen=0.6562, h=0.7127 ZSL: unseen accuracy=0.6771
[211/300]  Loss_D: -0.8017 Loss_G: 13.8122, Wasserstein_dist:1.0561, vae_loss_seen:397.4147 GZSL: seen=0.8190, unseen=0.5104, h=0.6289 ZSL: unseen accuracy=0.6823
[212/300]  Loss_D: -0.7724 Loss_G: 13.5587, Wasserstein_dist:1.0337, vae_loss_seen:405.1414 GZSL: seen=0.7841, unseen=0.5104, h=0.6183 ZSL: unseen accuracy=0.7083
[213/300]  Loss_D: -0.6803 Loss_G: 14.2502, Wasserstein_dist:0.8487, vae_loss_seen:408.3364 GZSL: seen=0.8175, unseen=0.6354, h=0.7150 ZSL: unseen accuracy=0.6771
[214/300]  Loss_D: -0.6758 Loss_G: 12.5889, Wasserstein_dist:0.8799, vae_loss_seen:381.3950 GZSL: seen=0.7937, unseen=0.6667, h=0.7246 ZSL: unseen accuracy=0.6823
[215/300]  Loss_D: -0.7796 Loss_G: 13.5632, Wasserstein_dist:1.0012, vae_loss_seen:402.8899 GZSL: seen=0.8053, unseen=0.6510, h=0.7200 ZSL: unseen accuracy=0.6927
[216/300]  Loss_D: -0.7440 Loss_G: 13.3662, Wasserstein_dist:0.9590, vae_loss_seen:386.6331 GZSL: seen=0.8135, unseen=0.5052, h=0.6233 ZSL: unseen accuracy=0.6823
[217/300]  Loss_D: -0.6778 Loss_G: 12.6442, Wasserstein_dist:0.8822, vae_loss_seen:381.3510 GZSL: seen=0.7738, unseen=0.6510, h=0.7071 ZSL: unseen accuracy=0.6823
[218/300]  Loss_D: -0.6942 Loss_G: 12.2678, Wasserstein_dist:0.8823, vae_loss_seen:384.5758 GZSL: seen=0.8198, unseen=0.4635, h=0.5922 ZSL: unseen accuracy=0.6823
[219/300]  Loss_D: -0.7760 Loss_G: 13.7318, Wasserstein_dist:0.9969, vae_loss_seen:403.9194 GZSL: seen=0.7877, unseen=0.6615, h=0.7191 ZSL: unseen accuracy=0.6823
[220/300]  Loss_D: -0.7327 Loss_G: 13.4129, Wasserstein_dist:0.9523, vae_loss_seen:394.9945 GZSL: seen=0.7937, unseen=0.6562, h=0.7184 ZSL: unseen accuracy=0.6823
[221/300]  Loss_D: -0.6921 Loss_G: 13.9714, Wasserstein_dist:0.9034, vae_loss_seen:399.8494 GZSL: seen=0.8119, unseen=0.6510, h=0.7226 ZSL: unseen accuracy=0.6927
[222/300]  Loss_D: -0.7545 Loss_G: 13.2844, Wasserstein_dist:0.9779, vae_loss_seen:403.3108 GZSL: seen=0.8333, unseen=0.6510, h=0.7310 ZSL: unseen accuracy=0.6927
[223/300]  Loss_D: -0.6681 Loss_G: 12.1835, Wasserstein_dist:0.8689, vae_loss_seen:376.8353 GZSL: seen=0.7857, unseen=0.4948, h=0.6072 ZSL: unseen accuracy=0.6823
[224/300]  Loss_D: -0.7515 Loss_G: 12.6854, Wasserstein_dist:0.9906, vae_loss_seen:383.9631 GZSL: seen=0.8020, unseen=0.5208, h=0.6315 ZSL: unseen accuracy=0.7031
[225/300]  Loss_D: -0.7108 Loss_G: 13.1139, Wasserstein_dist:0.9192, vae_loss_seen:393.8987 GZSL: seen=0.8230, unseen=0.6771, h=0.7429 ZSL: unseen accuracy=0.6927
[226/300]  Loss_D: -0.7225 Loss_G: 12.2242, Wasserstein_dist:0.9009, vae_loss_seen:383.7159 GZSL: seen=0.7778, unseen=0.6615, h=0.7149 ZSL: unseen accuracy=0.6823
[227/300]  Loss_D: -0.8536 Loss_G: 12.5661, Wasserstein_dist:1.1000, vae_loss_seen:387.5056 GZSL: seen=0.8234, unseen=0.4948, h=0.6181 ZSL: unseen accuracy=0.6927
[228/300]  Loss_D: -0.5857 Loss_G: 12.4994, Wasserstein_dist:0.8021, vae_loss_seen:394.0683 GZSL: seen=0.8194, unseen=0.6667, h=0.7352 ZSL: unseen accuracy=0.6823
[229/300]  Loss_D: -0.7878 Loss_G: 13.3257, Wasserstein_dist:1.0052, vae_loss_seen:395.7761 GZSL: seen=0.8060, unseen=0.6615, h=0.7266 ZSL: unseen accuracy=0.6823
[230/300]  Loss_D: -0.7312 Loss_G: 13.1679, Wasserstein_dist:0.9437, vae_loss_seen:393.9467 GZSL: seen=0.7500, unseen=0.6667, h=0.7059 ZSL: unseen accuracy=0.6823
[231/300]  Loss_D: -0.7051 Loss_G: 13.1540, Wasserstein_dist:0.9259, vae_loss_seen:394.8087 GZSL: seen=0.7782, unseen=0.6667, h=0.7181 ZSL: unseen accuracy=0.6823
[232/300]  Loss_D: -0.6973 Loss_G: 12.1279, Wasserstein_dist:0.8932, vae_loss_seen:386.4602 GZSL: seen=0.7861, unseen=0.6615, h=0.7184 ZSL: unseen accuracy=0.6823
[233/300]  Loss_D: -0.5959 Loss_G: 12.8012, Wasserstein_dist:0.7752, vae_loss_seen:380.1943 GZSL: seen=0.8492, unseen=0.6510, h=0.7370 ZSL: unseen accuracy=0.6823
[234/300]  Loss_D: -0.7044 Loss_G: 12.6235, Wasserstein_dist:0.9110, vae_loss_seen:391.5017 GZSL: seen=0.7976, unseen=0.6615, h=0.7232 ZSL: unseen accuracy=0.6823
[235/300]  Loss_D: -0.7291 Loss_G: 12.4809, Wasserstein_dist:0.9422, vae_loss_seen:381.8535 GZSL: seen=0.7718, unseen=0.4948, h=0.6030 ZSL: unseen accuracy=0.6927
[236/300]  Loss_D: -0.8241 Loss_G: 11.8796, Wasserstein_dist:1.0149, vae_loss_seen:387.0171 GZSL: seen=0.7183, unseen=0.6615, h=0.6887 ZSL: unseen accuracy=0.6823
[237/300]  Loss_D: -0.6379 Loss_G: 12.4727, Wasserstein_dist:0.8225, vae_loss_seen:378.5205 GZSL: seen=0.8056, unseen=0.6719, h=0.7327 ZSL: unseen accuracy=0.6823
[238/300]  Loss_D: -0.6958 Loss_G: 12.2781, Wasserstein_dist:0.8684, vae_loss_seen:386.3542 GZSL: seen=0.8571, unseen=0.5000, h=0.6316 ZSL: unseen accuracy=0.6823
[239/300]  Loss_D: -0.5721 Loss_G: 12.6859, Wasserstein_dist:0.7773, vae_loss_seen:386.8242 GZSL: seen=0.8536, unseen=0.6771, h=0.7552 ZSL: unseen accuracy=0.6771
[240/300]  Loss_D: -0.7110 Loss_G: 12.2609, Wasserstein_dist:0.9145, vae_loss_seen:381.0516 GZSL: seen=0.7877, unseen=0.6510, h=0.7129 ZSL: unseen accuracy=0.6875
[241/300]  Loss_D: -0.6583 Loss_G: 12.8107, Wasserstein_dist:0.8438, vae_loss_seen:387.1662 GZSL: seen=0.7782, unseen=0.6667, h=0.7181 ZSL: unseen accuracy=0.6823
[242/300]  Loss_D: -0.6502 Loss_G: 13.4826, Wasserstein_dist:0.8849, vae_loss_seen:402.2900 GZSL: seen=0.8333, unseen=0.6823, h=0.7503 ZSL: unseen accuracy=0.6823
[243/300]  Loss_D: -0.7294 Loss_G: 11.0886, Wasserstein_dist:0.9469, vae_loss_seen:380.3924 GZSL: seen=0.7868, unseen=0.6510, h=0.7125 ZSL: unseen accuracy=0.6823
[244/300]  Loss_D: -0.7250 Loss_G: 11.8389, Wasserstein_dist:0.9703, vae_loss_seen:384.1868 GZSL: seen=0.8452, unseen=0.6562, h=0.7389 ZSL: unseen accuracy=0.6719
[245/300]  Loss_D: -0.7928 Loss_G: 12.0135, Wasserstein_dist:1.0020, vae_loss_seen:388.1077 GZSL: seen=0.8433, unseen=0.6510, h=0.7348 ZSL: unseen accuracy=0.6771
[246/300]  Loss_D: -0.7573 Loss_G: 11.9340, Wasserstein_dist:1.0020, vae_loss_seen:377.7043 GZSL: seen=0.7928, unseen=0.5938, h=0.6790 ZSL: unseen accuracy=0.7083
[247/300]  Loss_D: -0.7036 Loss_G: 11.8790, Wasserstein_dist:0.8928, vae_loss_seen:379.9733 GZSL: seen=0.7700, unseen=0.6615, h=0.7116 ZSL: unseen accuracy=0.6771
[248/300]  Loss_D: -0.7295 Loss_G: 10.9497, Wasserstein_dist:0.9676, vae_loss_seen:380.5460 GZSL: seen=0.8214, unseen=0.5365, h=0.6490 ZSL: unseen accuracy=0.6771
[249/300]  Loss_D: -0.6872 Loss_G: 11.1266, Wasserstein_dist:0.9053, vae_loss_seen:369.0299 GZSL: seen=0.8159, unseen=0.6615, h=0.7306 ZSL: unseen accuracy=0.6771
[250/300]  Loss_D: -0.7364 Loss_G: 12.2220, Wasserstein_dist:0.9215, vae_loss_seen:378.3946 GZSL: seen=0.8274, unseen=0.6562, h=0.7319 ZSL: unseen accuracy=0.6875
[251/300]  Loss_D: -0.6714 Loss_G: 10.7706, Wasserstein_dist:0.8745, vae_loss_seen:371.0845 GZSL: seen=0.8115, unseen=0.6667, h=0.7320 ZSL: unseen accuracy=0.6771
[252/300]  Loss_D: -0.6712 Loss_G: 11.2975, Wasserstein_dist:0.8895, vae_loss_seen:371.3041 GZSL: seen=0.8119, unseen=0.6771, h=0.7384 ZSL: unseen accuracy=0.6719
[253/300]  Loss_D: -0.7841 Loss_G: 10.7921, Wasserstein_dist:1.0176, vae_loss_seen:368.7307 GZSL: seen=0.8135, unseen=0.6354, h=0.7135 ZSL: unseen accuracy=0.6823
[254/300]  Loss_D: -0.6480 Loss_G: 11.7112, Wasserstein_dist:0.8424, vae_loss_seen:379.1804 GZSL: seen=0.8280, unseen=0.4948, h=0.6194 ZSL: unseen accuracy=0.6719
[255/300]  Loss_D: -0.6519 Loss_G: 11.1238, Wasserstein_dist:0.8503, vae_loss_seen:370.1680 GZSL: seen=0.7652, unseen=0.6615, h=0.7096 ZSL: unseen accuracy=0.6875
[256/300]  Loss_D: -0.7545 Loss_G: 11.5122, Wasserstein_dist:0.9367, vae_loss_seen:379.8212 GZSL: seen=0.7520, unseen=0.6771, h=0.7126 ZSL: unseen accuracy=0.6823
[257/300]  Loss_D: -0.7055 Loss_G: 12.0355, Wasserstein_dist:0.9018, vae_loss_seen:373.1966 GZSL: seen=0.8571, unseen=0.6615, h=0.7467 ZSL: unseen accuracy=0.6771
[258/300]  Loss_D: -0.7671 Loss_G: 8.5126, Wasserstein_dist:1.0675, vae_loss_seen:348.5706 GZSL: seen=0.8265, unseen=0.5208, h=0.6390 ZSL: unseen accuracy=0.6771
[259/300]  Loss_D: -0.6804 Loss_G: 12.1972, Wasserstein_dist:0.8836, vae_loss_seen:375.9684 GZSL: seen=0.7937, unseen=0.6146, h=0.6927 ZSL: unseen accuracy=0.6823
[260/300]  Loss_D: -0.7276 Loss_G: 10.8499, Wasserstein_dist:0.9320, vae_loss_seen:371.0731 GZSL: seen=0.8274, unseen=0.6667, h=0.7384 ZSL: unseen accuracy=0.6771
[261/300]  Loss_D: -0.7379 Loss_G: 11.7802, Wasserstein_dist:0.9469, vae_loss_seen:384.4270 GZSL: seen=0.8274, unseen=0.4375, h=0.5724 ZSL: unseen accuracy=0.8021
[262/300]  Loss_D: -0.7064 Loss_G: 11.4989, Wasserstein_dist:0.9161, vae_loss_seen:377.2446 GZSL: seen=0.7897, unseen=0.6458, h=0.7106 ZSL: unseen accuracy=0.7083
[263/300]  Loss_D: -0.6747 Loss_G: 12.0264, Wasserstein_dist:0.8665, vae_loss_seen:377.6514 GZSL: seen=0.7921, unseen=0.6615, h=0.7209 ZSL: unseen accuracy=0.6823
[264/300]  Loss_D: -0.7732 Loss_G: 11.6677, Wasserstein_dist:1.0079, vae_loss_seen:386.2693 GZSL: seen=0.7694, unseen=0.5052, h=0.6099 ZSL: unseen accuracy=0.6927
[265/300]  Loss_D: -0.7467 Loss_G: 11.1780, Wasserstein_dist:0.9422, vae_loss_seen:373.2200 GZSL: seen=0.8234, unseen=0.6458, h=0.7239 ZSL: unseen accuracy=0.6875
[266/300]  Loss_D: -0.8582 Loss_G: 12.0879, Wasserstein_dist:1.1021, vae_loss_seen:379.9585 GZSL: seen=0.8135, unseen=0.6615, h=0.7296 ZSL: unseen accuracy=0.6875
[267/300]  Loss_D: -0.7625 Loss_G: 11.3815, Wasserstein_dist:0.9987, vae_loss_seen:384.0308 GZSL: seen=0.7817, unseen=0.6615, h=0.7166 ZSL: unseen accuracy=0.6875
[268/300]  Loss_D: -0.6810 Loss_G: 10.8987, Wasserstein_dist:0.8844, vae_loss_seen:366.7867 GZSL: seen=0.7321, unseen=0.6562, h=0.6921 ZSL: unseen accuracy=0.6771
[269/300]  Loss_D: -0.5359 Loss_G: 10.7298, Wasserstein_dist:0.7017, vae_loss_seen:361.8242 GZSL: seen=0.8274, unseen=0.6615, h=0.7352 ZSL: unseen accuracy=0.6875
[270/300]  Loss_D: -0.6621 Loss_G: 11.5540, Wasserstein_dist:0.8275, vae_loss_seen:374.3199 GZSL: seen=0.7798, unseen=0.6771, h=0.7248 ZSL: unseen accuracy=0.6875
[271/300]  Loss_D: -0.7182 Loss_G: 10.8657, Wasserstein_dist:0.9135, vae_loss_seen:363.6242 GZSL: seen=0.8492, unseen=0.6510, h=0.7370 ZSL: unseen accuracy=0.6875
[272/300]  Loss_D: -0.6807 Loss_G: 10.2668, Wasserstein_dist:0.8836, vae_loss_seen:359.9676 GZSL: seen=0.7824, unseen=0.6667, h=0.7199 ZSL: unseen accuracy=0.6875
[273/300]  Loss_D: -0.6169 Loss_G: 9.8944, Wasserstein_dist:0.8014, vae_loss_seen:360.6006 GZSL: seen=0.8552, unseen=0.6406, h=0.7325 ZSL: unseen accuracy=0.6823
[274/300]  Loss_D: -0.6955 Loss_G: 10.4551, Wasserstein_dist:0.8736, vae_loss_seen:366.9311 GZSL: seen=0.8313, unseen=0.6615, h=0.7367 ZSL: unseen accuracy=0.6771
[275/300]  Loss_D: -0.7234 Loss_G: 12.0111, Wasserstein_dist:1.0061, vae_loss_seen:383.9247 GZSL: seen=0.8254, unseen=0.6615, h=0.7344 ZSL: unseen accuracy=0.6719
[276/300]  Loss_D: -0.6445 Loss_G: 11.4681, Wasserstein_dist:0.8370, vae_loss_seen:380.3441 GZSL: seen=0.8079, unseen=0.6667, h=0.7305 ZSL: unseen accuracy=0.6823
[277/300]  Loss_D: -0.6754 Loss_G: 10.2208, Wasserstein_dist:0.8583, vae_loss_seen:361.7764 GZSL: seen=0.8075, unseen=0.6667, h=0.7304 ZSL: unseen accuracy=0.6719
[278/300]  Loss_D: -0.6555 Loss_G: 9.2669, Wasserstein_dist:0.8525, vae_loss_seen:355.1950 GZSL: seen=0.8126, unseen=0.6406, h=0.7165 ZSL: unseen accuracy=0.7031
[279/300]  Loss_D: -0.7350 Loss_G: 10.5600, Wasserstein_dist:0.9201, vae_loss_seen:358.2321 GZSL: seen=0.8036, unseen=0.6146, h=0.6965 ZSL: unseen accuracy=0.6823
[280/300]  Loss_D: -0.6768 Loss_G: 11.3873, Wasserstein_dist:0.9130, vae_loss_seen:375.6543 GZSL: seen=0.8095, unseen=0.5677, h=0.6674 ZSL: unseen accuracy=0.6823
[281/300]  Loss_D: -0.7725 Loss_G: 12.0532, Wasserstein_dist:0.9850, vae_loss_seen:376.8608 GZSL: seen=0.7712, unseen=0.6927, h=0.7298 ZSL: unseen accuracy=0.6771
[282/300]  Loss_D: -0.7645 Loss_G: 9.8912, Wasserstein_dist:1.0232, vae_loss_seen:368.8988 GZSL: seen=0.7952, unseen=0.6458, h=0.7128 ZSL: unseen accuracy=0.6771
[283/300]  Loss_D: -0.6094 Loss_G: 10.9939, Wasserstein_dist:0.7734, vae_loss_seen:362.5054 GZSL: seen=0.8353, unseen=0.5000, h=0.6256 ZSL: unseen accuracy=0.6667
[284/300]  Loss_D: -0.5731 Loss_G: 9.3921, Wasserstein_dist:0.7628, vae_loss_seen:348.1713 GZSL: seen=0.8611, unseen=0.6458, h=0.7381 ZSL: unseen accuracy=0.6823
[285/300]  Loss_D: -0.6020 Loss_G: 11.0510, Wasserstein_dist:0.7887, vae_loss_seen:371.6072 GZSL: seen=0.8750, unseen=0.5156, h=0.6489 ZSL: unseen accuracy=0.6719
[286/300]  Loss_D: -0.6527 Loss_G: 9.9899, Wasserstein_dist:0.8328, vae_loss_seen:359.8297 GZSL: seen=0.8135, unseen=0.4948, h=0.6153 ZSL: unseen accuracy=0.7656
[287/300]  Loss_D: -0.8420 Loss_G: 10.1671, Wasserstein_dist:1.0539, vae_loss_seen:364.3946 GZSL: seen=0.8036, unseen=0.5990, h=0.6863 ZSL: unseen accuracy=0.6771
[288/300]  Loss_D: -0.7328 Loss_G: 9.3365, Wasserstein_dist:0.9172, vae_loss_seen:355.3928 GZSL: seen=0.8198, unseen=0.6562, h=0.7290 ZSL: unseen accuracy=0.6823
[289/300]  Loss_D: -0.6707 Loss_G: 10.6710, Wasserstein_dist:0.8689, vae_loss_seen:365.3183 GZSL: seen=0.7897, unseen=0.6562, h=0.7168 ZSL: unseen accuracy=0.6823
[290/300]  Loss_D: -0.6039 Loss_G: 9.7350, Wasserstein_dist:0.7951, vae_loss_seen:348.8220 GZSL: seen=0.7778, unseen=0.6667, h=0.7179 ZSL: unseen accuracy=0.6719
[291/300]  Loss_D: -0.6495 Loss_G: 9.6333, Wasserstein_dist:0.8278, vae_loss_seen:362.6373 GZSL: seen=0.8075, unseen=0.6615, h=0.7272 ZSL: unseen accuracy=0.6719
[292/300]  Loss_D: -0.7028 Loss_G: 10.4776, Wasserstein_dist:0.9103, vae_loss_seen:359.6815 GZSL: seen=0.8337, unseen=0.6094, h=0.7041 ZSL: unseen accuracy=0.6771
[293/300]  Loss_D: -0.6753 Loss_G: 9.0428, Wasserstein_dist:0.8998, vae_loss_seen:356.7204 GZSL: seen=0.7381, unseen=0.6823, h=0.7091 ZSL: unseen accuracy=0.6823
[294/300]  Loss_D: -0.7923 Loss_G: 8.6731, Wasserstein_dist:1.1282, vae_loss_seen:345.6717 GZSL: seen=0.8194, unseen=0.6719, h=0.7384 ZSL: unseen accuracy=0.6823
[295/300]  Loss_D: -0.8639 Loss_G: 8.5153, Wasserstein_dist:1.0630, vae_loss_seen:350.0808 GZSL: seen=0.8333, unseen=0.5000, h=0.6250 ZSL: unseen accuracy=0.6771
[296/300]  Loss_D: -0.7329 Loss_G: 9.7206, Wasserstein_dist:0.9118, vae_loss_seen:354.1039 GZSL: seen=0.8666, unseen=0.6302, h=0.7297 ZSL: unseen accuracy=0.7188
[297/300]  Loss_D: -0.6509 Loss_G: 9.8775, Wasserstein_dist:0.8359, vae_loss_seen:362.6691 GZSL: seen=0.8313, unseen=0.6458, h=0.7269 ZSL: unseen accuracy=0.7708
[298/300]  Loss_D: -0.6849 Loss_G: 8.1898, Wasserstein_dist:0.9120, vae_loss_seen:343.2958 GZSL: seen=0.8611, unseen=0.5365, h=0.6611 ZSL: unseen accuracy=0.6927
[299/300]  Loss_D: -0.6480 Loss_G: 9.8865, Wasserstein_dist:0.8049, vae_loss_seen:344.2561 GZSL: seen=0.8078, unseen=0.6615, h=0.7273 ZSL: unseen accuracy=0.6719
Dataset RADAR
the best ZSL unseen accuracy is 0.9635416666666666
Dataset RADAR
the best GZSL seen accuracy is 0.7996031746031745
the best GZSL unseen accuracy is 0.7395833333333334
the best GZSL H is 0.7684230314749166
