Random Seed:  3407
# of training samples:  538
Encoder(
  (fc1): Linear(in_features=1536, out_features=4096, bias=True)
  (fc3): Linear(in_features=4096, out_features=1024, bias=True)
  (lrelu): LeakyReLU(0.2, inplace)
  (linear_means): Linear(in_features=1024, out_features=512, bias=True)
  (linear_log_var): Linear(in_features=1024, out_features=512, bias=True)
)
Generator(
  (fc1): Linear(in_features=1024, out_features=4096, bias=True)
  (fc3): Linear(in_features=4096, out_features=1024, bias=True)
  (lrelu): LeakyReLU(0.2, inplace)
  (sigmoid): Sigmoid()
)
Discriminator_D1(
  (fc1): Linear(in_features=1536, out_features=4096, bias=True)
  (fc2): Linear(in_features=4096, out_features=1, bias=True)
  (lrelu): LeakyReLU(0.2, inplace)
)
Feedback(
  (fc1): Linear(in_features=4096, out_features=4096, bias=True)
  (fc2): Linear(in_features=4096, out_features=4096, bias=True)
  (lrelu): LeakyReLU(0.2, inplace)
)
AttDec(
  (fc1): Linear(in_features=1024, out_features=4096, bias=True)
  (fc3): Linear(in_features=4096, out_features=512, bias=True)
  (lrelu): LeakyReLU(0.2, inplace)
)
[0/300]  Loss_D: -10.9875 Loss_G: 1.0819, Wasserstein_dist:13.9595, vae_loss_seen:486.2904 GZSL: seen=0.8988, unseen=0.1667, h=0.2812 ZSL: unseen accuracy=0.3385
[1/300]  Loss_D: -5.8954 Loss_G: -2.4453, Wasserstein_dist:7.9464, vae_loss_seen:363.7827 GZSL: seen=0.8948, unseen=0.2917, h=0.4399 ZSL: unseen accuracy=0.4792
[2/300]  Loss_D: -2.4616 Loss_G: -4.4301, Wasserstein_dist:3.1760, vae_loss_seen:294.3629 GZSL: seen=0.9028, unseen=0.3073, h=0.4585 ZSL: unseen accuracy=0.5104
[3/300]  Loss_D: -1.4570 Loss_G: -4.4702, Wasserstein_dist:1.8716, vae_loss_seen:273.4184 GZSL: seen=0.8810, unseen=0.2812, h=0.4264 ZSL: unseen accuracy=0.4844
[4/300]  Loss_D: -2.2487 Loss_G: -2.3900, Wasserstein_dist:2.8650, vae_loss_seen:306.8634 GZSL: seen=0.8948, unseen=0.2708, h=0.4158 ZSL: unseen accuracy=0.5000
[5/300]  Loss_D: -1.4951 Loss_G: -3.8442, Wasserstein_dist:1.6894, vae_loss_seen:283.5712 GZSL: seen=0.8543, unseen=0.2500, h=0.3868 ZSL: unseen accuracy=0.5208
[6/300]  Loss_D: -1.2351 Loss_G: -1.6493, Wasserstein_dist:1.4417, vae_loss_seen:289.5939 GZSL: seen=0.8829, unseen=0.3021, h=0.4502 ZSL: unseen accuracy=0.5000
[7/300]  Loss_D: -1.4395 Loss_G: -1.5612, Wasserstein_dist:1.6460, vae_loss_seen:294.8763 GZSL: seen=0.9028, unseen=0.2969, h=0.4468 ZSL: unseen accuracy=0.5521
[8/300]  Loss_D: -1.4457 Loss_G: -2.1512, Wasserstein_dist:1.6993, vae_loss_seen:284.0164 GZSL: seen=0.8968, unseen=0.3490, h=0.5024 ZSL: unseen accuracy=0.5312
[9/300]  Loss_D: -1.2413 Loss_G: -2.5730, Wasserstein_dist:1.4402, vae_loss_seen:296.5106 GZSL: seen=0.8869, unseen=0.2969, h=0.4448 ZSL: unseen accuracy=0.6094
[10/300]  Loss_D: -1.6039 Loss_G: -2.9095, Wasserstein_dist:1.9048, vae_loss_seen:283.8357 GZSL: seen=0.9206, unseen=0.3281, h=0.4838 ZSL: unseen accuracy=0.6094
[11/300]  Loss_D: -1.3117 Loss_G: -4.3521, Wasserstein_dist:1.5267, vae_loss_seen:254.6997 GZSL: seen=0.8900, unseen=0.3281, h=0.4795 ZSL: unseen accuracy=0.6354
[12/300]  Loss_D: -1.2472 Loss_G: -1.6786, Wasserstein_dist:1.5217, vae_loss_seen:285.9958 GZSL: seen=0.8929, unseen=0.3125, h=0.4630 ZSL: unseen accuracy=0.6198
[13/300]  Loss_D: -1.3962 Loss_G: -1.9022, Wasserstein_dist:1.7966, vae_loss_seen:284.1343 GZSL: seen=0.8988, unseen=0.3281, h=0.4807 ZSL: unseen accuracy=0.6667
[14/300]  Loss_D: -1.3851 Loss_G: -3.5812, Wasserstein_dist:1.8243, vae_loss_seen:263.4585 GZSL: seen=0.8571, unseen=0.3698, h=0.5167 ZSL: unseen accuracy=0.5677
[15/300]  Loss_D: -1.2619 Loss_G: -3.6072, Wasserstein_dist:1.6551, vae_loss_seen:260.8183 GZSL: seen=0.8821, unseen=0.3125, h=0.4615 ZSL: unseen accuracy=0.6042
[16/300]  Loss_D: -1.1574 Loss_G: -0.8044, Wasserstein_dist:1.5820, vae_loss_seen:291.4537 GZSL: seen=0.7421, unseen=0.3385, h=0.4650 ZSL: unseen accuracy=0.6302
[17/300]  Loss_D: -1.1964 Loss_G: -4.4861, Wasserstein_dist:1.6113, vae_loss_seen:254.3560 GZSL: seen=0.7996, unseen=0.3333, h=0.4705 ZSL: unseen accuracy=0.6667
[18/300]  Loss_D: -1.2281 Loss_G: -4.0363, Wasserstein_dist:1.6119, vae_loss_seen:250.8948 GZSL: seen=0.7937, unseen=0.4479, h=0.5726 ZSL: unseen accuracy=0.6667
[19/300]  Loss_D: -1.2444 Loss_G: -2.4808, Wasserstein_dist:1.6483, vae_loss_seen:271.7499 GZSL: seen=0.8492, unseen=0.3333, h=0.4787 ZSL: unseen accuracy=0.7396
[20/300]  Loss_D: -1.3911 Loss_G: -4.8904, Wasserstein_dist:1.8630, vae_loss_seen:253.1899 GZSL: seen=0.8770, unseen=0.3229, h=0.4720 ZSL: unseen accuracy=0.6094
[21/300]  Loss_D: -1.2499 Loss_G: -0.4127, Wasserstein_dist:1.7953, vae_loss_seen:287.1582 GZSL: seen=0.8016, unseen=0.3854, h=0.5205 ZSL: unseen accuracy=0.5885
[22/300]  Loss_D: -1.2923 Loss_G: 0.8351, Wasserstein_dist:1.7908, vae_loss_seen:296.7165 GZSL: seen=0.9198, unseen=0.3125, h=0.4665 ZSL: unseen accuracy=0.6354
[23/300]  Loss_D: -1.5115 Loss_G: -3.2688, Wasserstein_dist:1.9503, vae_loss_seen:263.7992 GZSL: seen=0.8889, unseen=0.3021, h=0.4509 ZSL: unseen accuracy=0.6458
[24/300]  Loss_D: -1.3886 Loss_G: -4.5926, Wasserstein_dist:1.7899, vae_loss_seen:233.7303 GZSL: seen=0.7500, unseen=0.4167, h=0.5357 ZSL: unseen accuracy=0.6146
[25/300]  Loss_D: -1.4754 Loss_G: 2.8954, Wasserstein_dist:2.2133, vae_loss_seen:324.3714 GZSL: seen=0.8135, unseen=0.3698, h=0.5085 ZSL: unseen accuracy=0.6250
[26/300]  Loss_D: -1.7230 Loss_G: 0.8500, Wasserstein_dist:2.3256, vae_loss_seen:301.0426 GZSL: seen=0.8801, unseen=0.3438, h=0.4944 ZSL: unseen accuracy=0.5781
[27/300]  Loss_D: -1.6396 Loss_G: 1.8758, Wasserstein_dist:2.2570, vae_loss_seen:302.9755 GZSL: seen=0.7877, unseen=0.3698, h=0.5033 ZSL: unseen accuracy=0.5833
[28/300]  Loss_D: -1.9064 Loss_G: 1.0282, Wasserstein_dist:3.0772, vae_loss_seen:309.7508 GZSL: seen=0.8254, unseen=0.4219, h=0.5584 ZSL: unseen accuracy=0.6042
[29/300]  Loss_D: -2.4564 Loss_G: 10.5384, Wasserstein_dist:3.9637, vae_loss_seen:411.5406 GZSL: seen=0.7639, unseen=0.4688, h=0.5810 ZSL: unseen accuracy=0.5052
[30/300]  Loss_D: -42.7228 Loss_G: 100.5230, Wasserstein_dist:66.3390, vae_loss_seen:4103.9043 GZSL: seen=0.9444, unseen=0.0104, h=0.0206 ZSL: unseen accuracy=0.4896
[31/300]  Loss_D: -14.1867 Loss_G: 11.9468, Wasserstein_dist:20.2648, vae_loss_seen:6077.2007 GZSL: seen=0.0000, unseen=0.0000, h=0.0000 ZSL: unseen accuracy=0.3646
[32/300]  Loss_D: -8.9226 Loss_G: 10.4595, Wasserstein_dist:12.8001, vae_loss_seen:1188.5162 GZSL: seen=0.9444, unseen=0.1667, h=0.2833 ZSL: unseen accuracy=0.4115
[33/300]  Loss_D: -2.4355 Loss_G: 4.4211, Wasserstein_dist:2.7330, vae_loss_seen:1077.7859 GZSL: seen=0.9385, unseen=0.1771, h=0.2979 ZSL: unseen accuracy=0.5052
[34/300]  Loss_D: -2.5336 Loss_G: 0.8017, Wasserstein_dist:3.0887, vae_loss_seen:510.0856 GZSL: seen=0.9206, unseen=0.2083, h=0.3398 ZSL: unseen accuracy=0.5677
[35/300]  Loss_D: -1.7087 Loss_G: 5.5766, Wasserstein_dist:1.8195, vae_loss_seen:656.7747 GZSL: seen=0.9167, unseen=0.3958, h=0.5529 ZSL: unseen accuracy=0.6406
[36/300]  Loss_D: -1.7560 Loss_G: 3.4444, Wasserstein_dist:1.9828, vae_loss_seen:430.7434 GZSL: seen=0.9067, unseen=0.3438, h=0.4985 ZSL: unseen accuracy=0.5677
[37/300]  Loss_D: -2.1389 Loss_G: 5.6104, Wasserstein_dist:2.5652, vae_loss_seen:496.0941 GZSL: seen=0.9266, unseen=0.3646, h=0.5233 ZSL: unseen accuracy=0.5573
[38/300]  Loss_D: -1.8620 Loss_G: 4.6975, Wasserstein_dist:2.0184, vae_loss_seen:399.2814 GZSL: seen=0.6655, unseen=0.5000, h=0.5710 ZSL: unseen accuracy=0.6979
[39/300]  Loss_D: -1.9469 Loss_G: 1.9264, Wasserstein_dist:2.1945, vae_loss_seen:363.3816 GZSL: seen=0.6937, unseen=0.4844, h=0.5704 ZSL: unseen accuracy=0.5625
[40/300]  Loss_D: -2.0916 Loss_G: 2.8348, Wasserstein_dist:2.4226, vae_loss_seen:372.7039 GZSL: seen=0.6462, unseen=0.4583, h=0.5363 ZSL: unseen accuracy=0.6719
[41/300]  Loss_D: -2.2381 Loss_G: 4.1877, Wasserstein_dist:2.6160, vae_loss_seen:370.6371 GZSL: seen=0.8631, unseen=0.4271, h=0.5714 ZSL: unseen accuracy=0.7083
[42/300]  Loss_D: -2.0239 Loss_G: 4.9293, Wasserstein_dist:2.4007, vae_loss_seen:373.6523 GZSL: seen=0.7460, unseen=0.3333, h=0.4608 ZSL: unseen accuracy=0.5677
[43/300]  Loss_D: -1.7793 Loss_G: 3.8855, Wasserstein_dist:2.2116, vae_loss_seen:349.8821 GZSL: seen=0.8317, unseen=0.3490, h=0.4916 ZSL: unseen accuracy=0.5885
[44/300]  Loss_D: -1.7565 Loss_G: 4.8688, Wasserstein_dist:2.1432, vae_loss_seen:357.1169 GZSL: seen=0.8433, unseen=0.3750, h=0.5191 ZSL: unseen accuracy=0.5729
[45/300]  Loss_D: -1.4314 Loss_G: 4.4472, Wasserstein_dist:1.8857, vae_loss_seen:337.6036 GZSL: seen=0.7937, unseen=0.4948, h=0.6096 ZSL: unseen accuracy=0.6406
[46/300]  Loss_D: -1.5883 Loss_G: 4.8314, Wasserstein_dist:2.0176, vae_loss_seen:355.2339 GZSL: seen=0.8730, unseen=0.4010, h=0.5496 ZSL: unseen accuracy=0.6979
[47/300]  Loss_D: -1.7333 Loss_G: 4.7651, Wasserstein_dist:2.1229, vae_loss_seen:350.0955 GZSL: seen=0.8095, unseen=0.4896, h=0.6102 ZSL: unseen accuracy=0.6146
[48/300]  Loss_D: -1.6070 Loss_G: 5.2877, Wasserstein_dist:1.9941, vae_loss_seen:354.2644 GZSL: seen=0.8353, unseen=0.4635, h=0.5962 ZSL: unseen accuracy=0.5417
[49/300]  Loss_D: -1.4203 Loss_G: 6.3256, Wasserstein_dist:1.8377, vae_loss_seen:363.7248 GZSL: seen=0.8690, unseen=0.4688, h=0.6090 ZSL: unseen accuracy=0.5729
[50/300]  Loss_D: -1.2900 Loss_G: 7.5748, Wasserstein_dist:1.6387, vae_loss_seen:367.8881 GZSL: seen=0.8289, unseen=0.4948, h=0.6197 ZSL: unseen accuracy=0.6875
[51/300]  Loss_D: -1.2707 Loss_G: 7.2882, Wasserstein_dist:1.6329, vae_loss_seen:371.0383 GZSL: seen=0.8631, unseen=0.4375, h=0.5807 ZSL: unseen accuracy=0.5365
[52/300]  Loss_D: -1.3046 Loss_G: 7.8555, Wasserstein_dist:1.6827, vae_loss_seen:365.1345 GZSL: seen=0.6968, unseen=0.4427, h=0.5414 ZSL: unseen accuracy=0.5417
[53/300]  Loss_D: -1.2260 Loss_G: 8.7438, Wasserstein_dist:1.5300, vae_loss_seen:366.5031 GZSL: seen=0.6230, unseen=0.3646, h=0.4600 ZSL: unseen accuracy=0.5156
[54/300]  Loss_D: -1.2320 Loss_G: 8.6902, Wasserstein_dist:1.5594, vae_loss_seen:378.5703 GZSL: seen=0.7012, unseen=0.3906, h=0.5017 ZSL: unseen accuracy=0.5521
[55/300]  Loss_D: -1.2113 Loss_G: 9.9457, Wasserstein_dist:1.5452, vae_loss_seen:387.9468 GZSL: seen=0.8135, unseen=0.3542, h=0.4935 ZSL: unseen accuracy=0.5365
[56/300]  Loss_D: -1.2159 Loss_G: 11.4144, Wasserstein_dist:1.4962, vae_loss_seen:403.2788 GZSL: seen=0.7211, unseen=0.3490, h=0.4703 ZSL: unseen accuracy=0.4844
[57/300]  Loss_D: -1.0795 Loss_G: 12.6449, Wasserstein_dist:1.3738, vae_loss_seen:407.7492 GZSL: seen=0.6944, unseen=0.3333, h=0.4505 ZSL: unseen accuracy=0.5469
[58/300]  Loss_D: -1.0098 Loss_G: 12.7677, Wasserstein_dist:1.3344, vae_loss_seen:415.1252 GZSL: seen=0.7758, unseen=0.4010, h=0.5287 ZSL: unseen accuracy=0.5312
[59/300]  Loss_D: -1.1115 Loss_G: 14.1315, Wasserstein_dist:1.3852, vae_loss_seen:427.1978 GZSL: seen=0.7302, unseen=0.3854, h=0.5045 ZSL: unseen accuracy=0.5417
[60/300]  Loss_D: -1.0377 Loss_G: 14.9707, Wasserstein_dist:1.3313, vae_loss_seen:435.6454 GZSL: seen=0.8611, unseen=0.4062, h=0.5521 ZSL: unseen accuracy=0.4635
[61/300]  Loss_D: -0.9704 Loss_G: 15.4813, Wasserstein_dist:1.2435, vae_loss_seen:437.2202 GZSL: seen=0.7171, unseen=0.4792, h=0.5745 ZSL: unseen accuracy=0.5417
[62/300]  Loss_D: -0.9995 Loss_G: 15.7296, Wasserstein_dist:1.2479, vae_loss_seen:437.6557 GZSL: seen=0.7143, unseen=0.3958, h=0.5094 ZSL: unseen accuracy=0.5208
[63/300]  Loss_D: -1.0269 Loss_G: 16.7108, Wasserstein_dist:1.3277, vae_loss_seen:458.7969 GZSL: seen=0.7381, unseen=0.3750, h=0.4973 ZSL: unseen accuracy=0.5417
[64/300]  Loss_D: -0.9334 Loss_G: 17.8992, Wasserstein_dist:1.2035, vae_loss_seen:467.3064 GZSL: seen=0.8730, unseen=0.3750, h=0.5246 ZSL: unseen accuracy=0.5729
[65/300]  Loss_D: -1.0089 Loss_G: 18.0911, Wasserstein_dist:1.2763, vae_loss_seen:467.5535 GZSL: seen=0.8056, unseen=0.3229, h=0.4610 ZSL: unseen accuracy=0.4635
[66/300]  Loss_D: -0.8442 Loss_G: 20.0240, Wasserstein_dist:1.0882, vae_loss_seen:481.4520 GZSL: seen=0.7353, unseen=0.4271, h=0.5403 ZSL: unseen accuracy=0.5208
[67/300]  Loss_D: -1.0499 Loss_G: 20.1723, Wasserstein_dist:1.3444, vae_loss_seen:484.5580 GZSL: seen=0.8175, unseen=0.3490, h=0.4891 ZSL: unseen accuracy=0.5365
[68/300]  Loss_D: -1.0281 Loss_G: 22.0180, Wasserstein_dist:1.2769, vae_loss_seen:499.6027 GZSL: seen=0.6845, unseen=0.4167, h=0.5180 ZSL: unseen accuracy=0.5573
[69/300]  Loss_D: -0.9364 Loss_G: 21.8431, Wasserstein_dist:1.1960, vae_loss_seen:506.6802 GZSL: seen=0.8980, unseen=0.3125, h=0.4636 ZSL: unseen accuracy=0.5312
[70/300]  Loss_D: -0.8547 Loss_G: 23.6727, Wasserstein_dist:1.1471, vae_loss_seen:515.5117 GZSL: seen=0.8671, unseen=0.3958, h=0.5435 ZSL: unseen accuracy=0.5260
[71/300]  Loss_D: -0.9263 Loss_G: 23.5741, Wasserstein_dist:1.1818, vae_loss_seen:515.7506 GZSL: seen=0.8393, unseen=0.3542, h=0.4981 ZSL: unseen accuracy=0.4948
[72/300]  Loss_D: -0.9993 Loss_G: 23.8408, Wasserstein_dist:1.2632, vae_loss_seen:521.7747 GZSL: seen=0.9206, unseen=0.3698, h=0.5276 ZSL: unseen accuracy=0.5312
[73/300]  Loss_D: -0.8903 Loss_G: 26.1927, Wasserstein_dist:1.1623, vae_loss_seen:526.4455 GZSL: seen=0.7163, unseen=0.4167, h=0.5269 ZSL: unseen accuracy=0.5417
[74/300]  Loss_D: -0.9000 Loss_G: 26.7971, Wasserstein_dist:1.1115, vae_loss_seen:546.9934 GZSL: seen=0.7897, unseen=0.3281, h=0.4636 ZSL: unseen accuracy=0.5208
[75/300]  Loss_D: -0.9280 Loss_G: 28.0950, Wasserstein_dist:1.2283, vae_loss_seen:557.1761 GZSL: seen=0.8492, unseen=0.3438, h=0.4894 ZSL: unseen accuracy=0.5521
[76/300]  Loss_D: -0.8903 Loss_G: 29.0637, Wasserstein_dist:1.1825, vae_loss_seen:577.1039 GZSL: seen=0.7381, unseen=0.3490, h=0.4739 ZSL: unseen accuracy=0.4427
[77/300]  Loss_D: -0.8721 Loss_G: 29.1417, Wasserstein_dist:1.1163, vae_loss_seen:578.5878 GZSL: seen=0.8175, unseen=0.4062, h=0.5428 ZSL: unseen accuracy=0.5312
[78/300]  Loss_D: -0.7801 Loss_G: 30.0755, Wasserstein_dist:1.0633, vae_loss_seen:583.1431 GZSL: seen=0.8591, unseen=0.3594, h=0.5068 ZSL: unseen accuracy=0.5312
[79/300]  Loss_D: -0.8600 Loss_G: 31.1883, Wasserstein_dist:1.1532, vae_loss_seen:597.1483 GZSL: seen=0.7940, unseen=0.3542, h=0.4898 ZSL: unseen accuracy=0.5104
[80/300]  Loss_D: -0.9592 Loss_G: 31.9131, Wasserstein_dist:1.2244, vae_loss_seen:606.2740 GZSL: seen=0.8571, unseen=0.3490, h=0.4960 ZSL: unseen accuracy=0.5052
[81/300]  Loss_D: -0.7745 Loss_G: 32.2680, Wasserstein_dist:1.0141, vae_loss_seen:602.0226 GZSL: seen=0.7659, unseen=0.4115, h=0.5353 ZSL: unseen accuracy=0.5104
[82/300]  Loss_D: -0.8645 Loss_G: 34.0811, Wasserstein_dist:1.1555, vae_loss_seen:619.9031 GZSL: seen=0.7817, unseen=0.5573, h=0.6507 ZSL: unseen accuracy=0.5469
[83/300]  Loss_D: -0.6971 Loss_G: 33.0402, Wasserstein_dist:1.0203, vae_loss_seen:599.7540 GZSL: seen=0.7317, unseen=0.3438, h=0.4678 ZSL: unseen accuracy=0.4740
[84/300]  Loss_D: -0.8341 Loss_G: 35.1943, Wasserstein_dist:1.1081, vae_loss_seen:631.5806 GZSL: seen=0.8373, unseen=0.4167, h=0.5564 ZSL: unseen accuracy=0.5573
[85/300]  Loss_D: -0.9556 Loss_G: 34.5882, Wasserstein_dist:1.2557, vae_loss_seen:623.9731 GZSL: seen=0.7980, unseen=0.3958, h=0.5292 ZSL: unseen accuracy=0.5573
[86/300]  Loss_D: -0.7658 Loss_G: 36.4975, Wasserstein_dist:1.0750, vae_loss_seen:644.1522 GZSL: seen=0.8849, unseen=0.3385, h=0.4897 ZSL: unseen accuracy=0.5312
[87/300]  Loss_D: -0.9274 Loss_G: 36.1934, Wasserstein_dist:1.2384, vae_loss_seen:637.4208 GZSL: seen=0.9325, unseen=0.2552, h=0.4007 ZSL: unseen accuracy=0.5104
[88/300]  Loss_D: -1.0664 Loss_G: 37.7930, Wasserstein_dist:1.3446, vae_loss_seen:659.9584 GZSL: seen=0.8393, unseen=0.3646, h=0.5083 ZSL: unseen accuracy=0.5469
[89/300]  Loss_D: -0.8176 Loss_G: 37.7912, Wasserstein_dist:1.1082, vae_loss_seen:655.2324 GZSL: seen=0.7690, unseen=0.5156, h=0.6173 ZSL: unseen accuracy=0.5469
[90/300]  Loss_D: -0.7346 Loss_G: 38.6781, Wasserstein_dist:1.0462, vae_loss_seen:665.8967 GZSL: seen=0.8353, unseen=0.3438, h=0.4871 ZSL: unseen accuracy=0.5417
[91/300]  Loss_D: -0.8918 Loss_G: 39.1346, Wasserstein_dist:1.1833, vae_loss_seen:663.3151 GZSL: seen=0.8671, unseen=0.3698, h=0.5185 ZSL: unseen accuracy=0.5625
[92/300]  Loss_D: -0.8609 Loss_G: 40.0953, Wasserstein_dist:1.1150, vae_loss_seen:680.1871 GZSL: seen=0.7659, unseen=0.5156, h=0.6163 ZSL: unseen accuracy=0.5208
[93/300]  Loss_D: -1.0632 Loss_G: 40.3888, Wasserstein_dist:1.3330, vae_loss_seen:680.5604 GZSL: seen=0.6889, unseen=0.5625, h=0.6193 ZSL: unseen accuracy=0.5469
[94/300]  Loss_D: -0.9332 Loss_G: 40.4759, Wasserstein_dist:1.2437, vae_loss_seen:693.1244 GZSL: seen=0.8671, unseen=0.3385, h=0.4870 ZSL: unseen accuracy=0.5365
[95/300]  Loss_D: -0.7593 Loss_G: 41.4885, Wasserstein_dist:1.0125, vae_loss_seen:696.1264 GZSL: seen=0.7746, unseen=0.4062, h=0.5330 ZSL: unseen accuracy=0.5260
[96/300]  Loss_D: -0.7944 Loss_G: 40.7995, Wasserstein_dist:1.0430, vae_loss_seen:685.6506 GZSL: seen=0.7044, unseen=0.4010, h=0.5111 ZSL: unseen accuracy=0.5625
[97/300]  Loss_D: -0.8479 Loss_G: 41.6566, Wasserstein_dist:1.1589, vae_loss_seen:693.0087 GZSL: seen=0.8135, unseen=0.3906, h=0.5278 ZSL: unseen accuracy=0.5521
[98/300]  Loss_D: -0.7736 Loss_G: 42.1278, Wasserstein_dist:1.0081, vae_loss_seen:697.1136 GZSL: seen=0.7183, unseen=0.3698, h=0.4882 ZSL: unseen accuracy=0.5312
[99/300]  Loss_D: -0.8837 Loss_G: 42.7954, Wasserstein_dist:1.1464, vae_loss_seen:708.3999 GZSL: seen=0.8194, unseen=0.3073, h=0.4470 ZSL: unseen accuracy=0.5312
[100/300]  Loss_D: -0.7973 Loss_G: 42.8182, Wasserstein_dist:1.0688, vae_loss_seen:699.8549 GZSL: seen=0.7897, unseen=0.3854, h=0.5180 ZSL: unseen accuracy=0.4896
[101/300]  Loss_D: -0.7895 Loss_G: 42.4535, Wasserstein_dist:1.0386, vae_loss_seen:700.8872 GZSL: seen=0.8175, unseen=0.4167, h=0.5520 ZSL: unseen accuracy=0.5573
[102/300]  Loss_D: -0.8561 Loss_G: 42.8549, Wasserstein_dist:1.1391, vae_loss_seen:705.8567 GZSL: seen=0.6944, unseen=0.4271, h=0.5289 ZSL: unseen accuracy=0.5208
[103/300]  Loss_D: -0.7930 Loss_G: 43.1825, Wasserstein_dist:1.1016, vae_loss_seen:709.6211 GZSL: seen=0.7500, unseen=0.5208, h=0.6148 ZSL: unseen accuracy=0.5365
[104/300]  Loss_D: -0.8705 Loss_G: 42.5860, Wasserstein_dist:1.1470, vae_loss_seen:699.9598 GZSL: seen=0.7036, unseen=0.4740, h=0.5664 ZSL: unseen accuracy=0.5365
[105/300]  Loss_D: -0.9218 Loss_G: 44.0805, Wasserstein_dist:1.1835, vae_loss_seen:715.3772 GZSL: seen=0.7659, unseen=0.4375, h=0.5569 ZSL: unseen accuracy=0.5417
[106/300]  Loss_D: -0.8793 Loss_G: 43.3994, Wasserstein_dist:1.1935, vae_loss_seen:708.9293 GZSL: seen=0.8210, unseen=0.4583, h=0.5883 ZSL: unseen accuracy=0.5729
[107/300]  Loss_D: -0.9968 Loss_G: 43.5880, Wasserstein_dist:1.2670, vae_loss_seen:714.3289 GZSL: seen=0.7877, unseen=0.3594, h=0.4936 ZSL: unseen accuracy=0.5625
[108/300]  Loss_D: -1.0397 Loss_G: 43.6177, Wasserstein_dist:1.3222, vae_loss_seen:716.4198 GZSL: seen=0.8333, unseen=0.3073, h=0.4490 ZSL: unseen accuracy=0.5469
[109/300]  Loss_D: -0.8258 Loss_G: 44.8741, Wasserstein_dist:1.0621, vae_loss_seen:720.6359 GZSL: seen=0.8186, unseen=0.5573, h=0.6631 ZSL: unseen accuracy=0.5625
[110/300]  Loss_D: -0.9043 Loss_G: 44.3417, Wasserstein_dist:1.1699, vae_loss_seen:712.6929 GZSL: seen=0.7917, unseen=0.3125, h=0.4481 ZSL: unseen accuracy=0.5365
[111/300]  Loss_D: -0.8613 Loss_G: 44.0605, Wasserstein_dist:1.1322, vae_loss_seen:721.0557 GZSL: seen=0.7143, unseen=0.4844, h=0.5773 ZSL: unseen accuracy=0.5312
[112/300]  Loss_D: -1.0140 Loss_G: 44.8215, Wasserstein_dist:1.2808, vae_loss_seen:718.7627 GZSL: seen=0.7460, unseen=0.5521, h=0.6346 ZSL: unseen accuracy=0.5625
[113/300]  Loss_D: -0.7885 Loss_G: 44.5361, Wasserstein_dist:1.0492, vae_loss_seen:715.8886 GZSL: seen=0.7579, unseen=0.5365, h=0.6282 ZSL: unseen accuracy=0.5469
[114/300]  Loss_D: -1.0345 Loss_G: 43.3706, Wasserstein_dist:1.3198, vae_loss_seen:709.1680 GZSL: seen=0.7897, unseen=0.2812, h=0.4148 ZSL: unseen accuracy=0.5000
[115/300]  Loss_D: -0.8457 Loss_G: 44.0785, Wasserstein_dist:1.1457, vae_loss_seen:713.0192 GZSL: seen=0.8861, unseen=0.3750, h=0.5270 ZSL: unseen accuracy=0.5625
[116/300]  Loss_D: -0.8342 Loss_G: 44.6330, Wasserstein_dist:1.1805, vae_loss_seen:723.8610 GZSL: seen=0.7579, unseen=0.4479, h=0.5631 ZSL: unseen accuracy=0.5417
[117/300]  Loss_D: -0.8747 Loss_G: 44.2345, Wasserstein_dist:1.1293, vae_loss_seen:718.0822 GZSL: seen=0.8492, unseen=0.3490, h=0.4947 ZSL: unseen accuracy=0.5521
[118/300]  Loss_D: -0.8697 Loss_G: 45.2614, Wasserstein_dist:1.1501, vae_loss_seen:722.8446 GZSL: seen=0.7361, unseen=0.5417, h=0.6241 ZSL: unseen accuracy=0.5469
[119/300]  Loss_D: -0.9023 Loss_G: 44.4283, Wasserstein_dist:1.1861, vae_loss_seen:724.7531 GZSL: seen=0.7429, unseen=0.5156, h=0.6087 ZSL: unseen accuracy=0.5104
[120/300]  Loss_D: -0.8164 Loss_G: 45.3844, Wasserstein_dist:1.0814, vae_loss_seen:718.8358 GZSL: seen=0.7035, unseen=0.4323, h=0.5355 ZSL: unseen accuracy=0.5573
[121/300]  Loss_D: -0.8897 Loss_G: 44.5722, Wasserstein_dist:1.1915, vae_loss_seen:720.5790 GZSL: seen=0.7663, unseen=0.5417, h=0.6347 ZSL: unseen accuracy=0.5052
[122/300]  Loss_D: -0.8177 Loss_G: 44.2557, Wasserstein_dist:1.0789, vae_loss_seen:718.0685 GZSL: seen=0.8274, unseen=0.5260, h=0.6432 ZSL: unseen accuracy=0.5729
[123/300]  Loss_D: -1.0239 Loss_G: 44.7542, Wasserstein_dist:1.2826, vae_loss_seen:725.3163 GZSL: seen=0.7774, unseen=0.3594, h=0.4915 ZSL: unseen accuracy=0.5417
[124/300]  Loss_D: -0.9602 Loss_G: 45.4402, Wasserstein_dist:1.3023, vae_loss_seen:727.5494 GZSL: seen=0.7242, unseen=0.3802, h=0.4986 ZSL: unseen accuracy=0.5469
[125/300]  Loss_D: -0.8915 Loss_G: 43.5174, Wasserstein_dist:1.1356, vae_loss_seen:701.3651 GZSL: seen=0.7500, unseen=0.5312, h=0.6220 ZSL: unseen accuracy=0.5052
[126/300]  Loss_D: -0.7125 Loss_G: 44.9995, Wasserstein_dist:0.9693, vae_loss_seen:717.5858 GZSL: seen=0.7246, unseen=0.3490, h=0.4711 ZSL: unseen accuracy=0.5312
[127/300]  Loss_D: -0.8573 Loss_G: 44.2014, Wasserstein_dist:1.1557, vae_loss_seen:711.3914 GZSL: seen=0.7817, unseen=0.4531, h=0.5737 ZSL: unseen accuracy=0.5208
[128/300]  Loss_D: -0.6744 Loss_G: 44.0226, Wasserstein_dist:0.9025, vae_loss_seen:713.2231 GZSL: seen=0.7400, unseen=0.3854, h=0.5069 ZSL: unseen accuracy=0.5469
[129/300]  Loss_D: -0.7866 Loss_G: 44.3092, Wasserstein_dist:1.0382, vae_loss_seen:712.7101 GZSL: seen=0.7937, unseen=0.5052, h=0.6174 ZSL: unseen accuracy=0.5312
[130/300]  Loss_D: -1.0389 Loss_G: 45.5193, Wasserstein_dist:1.2785, vae_loss_seen:733.8569 GZSL: seen=0.7659, unseen=0.4062, h=0.5309 ZSL: unseen accuracy=0.5573
[131/300]  Loss_D: -0.6988 Loss_G: 42.8670, Wasserstein_dist:0.9634, vae_loss_seen:697.7525 GZSL: seen=0.8373, unseen=0.3333, h=0.4768 ZSL: unseen accuracy=0.5521
[132/300]  Loss_D: -0.8184 Loss_G: 44.6803, Wasserstein_dist:1.0633, vae_loss_seen:723.3082 GZSL: seen=0.7813, unseen=0.4375, h=0.5609 ZSL: unseen accuracy=0.5365
[133/300]  Loss_D: -0.8870 Loss_G: 44.3713, Wasserstein_dist:1.1435, vae_loss_seen:729.8800 GZSL: seen=0.7500, unseen=0.4531, h=0.5649 ZSL: unseen accuracy=0.4792
[134/300]  Loss_D: -0.9796 Loss_G: 45.2049, Wasserstein_dist:1.2401, vae_loss_seen:725.7409 GZSL: seen=0.6806, unseen=0.5052, h=0.5799 ZSL: unseen accuracy=0.5312
[135/300]  Loss_D: -0.8785 Loss_G: 44.0741, Wasserstein_dist:1.1023, vae_loss_seen:708.9229 GZSL: seen=0.8909, unseen=0.3333, h=0.4851 ZSL: unseen accuracy=0.5521
[136/300]  Loss_D: -0.7738 Loss_G: 45.2768, Wasserstein_dist:1.0427, vae_loss_seen:723.7455 GZSL: seen=0.7063, unseen=0.3802, h=0.4943 ZSL: unseen accuracy=0.5469
[137/300]  Loss_D: -0.7889 Loss_G: 43.3086, Wasserstein_dist:1.0129, vae_loss_seen:708.4809 GZSL: seen=0.7242, unseen=0.4271, h=0.5373 ZSL: unseen accuracy=0.5312
[138/300]  Loss_D: -0.8895 Loss_G: 44.8327, Wasserstein_dist:1.1777, vae_loss_seen:722.9785 GZSL: seen=0.7432, unseen=0.5521, h=0.6335 ZSL: unseen accuracy=0.5417
[139/300]  Loss_D: -1.0234 Loss_G: 43.7804, Wasserstein_dist:1.3393, vae_loss_seen:707.2236 GZSL: seen=0.8155, unseen=0.3490, h=0.4888 ZSL: unseen accuracy=0.5469
[140/300]  Loss_D: -0.8348 Loss_G: 44.7560, Wasserstein_dist:1.0773, vae_loss_seen:712.3950 GZSL: seen=0.8730, unseen=0.3073, h=0.4546 ZSL: unseen accuracy=0.5469
[141/300]  Loss_D: -0.9776 Loss_G: 43.8689, Wasserstein_dist:1.2360, vae_loss_seen:717.4889 GZSL: seen=0.7083, unseen=0.4167, h=0.5247 ZSL: unseen accuracy=0.5365
[142/300]  Loss_D: -0.9208 Loss_G: 43.8101, Wasserstein_dist:1.1593, vae_loss_seen:711.9343 GZSL: seen=0.8948, unseen=0.3385, h=0.4912 ZSL: unseen accuracy=0.5833
[143/300]  Loss_D: -0.8429 Loss_G: 45.3325, Wasserstein_dist:1.0706, vae_loss_seen:728.7233 GZSL: seen=0.7103, unseen=0.3698, h=0.4864 ZSL: unseen accuracy=0.5417
[144/300]  Loss_D: -0.7116 Loss_G: 43.4514, Wasserstein_dist:0.9192, vae_loss_seen:705.9573 GZSL: seen=0.7563, unseen=0.5469, h=0.6348 ZSL: unseen accuracy=0.5521
[145/300]  Loss_D: -0.9061 Loss_G: 44.0549, Wasserstein_dist:1.1176, vae_loss_seen:711.0107 GZSL: seen=0.8948, unseen=0.3594, h=0.5128 ZSL: unseen accuracy=0.5417
[146/300]  Loss_D: -0.8933 Loss_G: 43.4814, Wasserstein_dist:1.1676, vae_loss_seen:704.8840 GZSL: seen=0.8234, unseen=0.3177, h=0.4585 ZSL: unseen accuracy=0.5208
[147/300]  Loss_D: -0.8991 Loss_G: 45.1787, Wasserstein_dist:1.1621, vae_loss_seen:726.0764 GZSL: seen=0.8810, unseen=0.4010, h=0.5512 ZSL: unseen accuracy=0.5469
[148/300]  Loss_D: -0.9276 Loss_G: 43.9934, Wasserstein_dist:1.1383, vae_loss_seen:714.3379 GZSL: seen=0.8869, unseen=0.3594, h=0.5115 ZSL: unseen accuracy=0.5260
[149/300]  Loss_D: -0.8154 Loss_G: 43.9540, Wasserstein_dist:1.0722, vae_loss_seen:715.8729 GZSL: seen=0.9127, unseen=0.3229, h=0.4771 ZSL: unseen accuracy=0.5312
[150/300]  Loss_D: -0.8302 Loss_G: 44.8481, Wasserstein_dist:1.0849, vae_loss_seen:718.5959 GZSL: seen=0.8829, unseen=0.3542, h=0.5055 ZSL: unseen accuracy=0.5625
[151/300]  Loss_D: -0.8073 Loss_G: 44.0981, Wasserstein_dist:1.0658, vae_loss_seen:706.1143 GZSL: seen=0.7812, unseen=0.3854, h=0.5162 ZSL: unseen accuracy=0.5521
[152/300]  Loss_D: -0.8733 Loss_G: 43.7755, Wasserstein_dist:1.0857, vae_loss_seen:706.3405 GZSL: seen=0.7143, unseen=0.4583, h=0.5584 ZSL: unseen accuracy=0.5417
[153/300]  Loss_D: -0.9144 Loss_G: 44.1626, Wasserstein_dist:1.1424, vae_loss_seen:720.6641 GZSL: seen=0.8968, unseen=0.3490, h=0.5024 ZSL: unseen accuracy=0.5208
[154/300]  Loss_D: -1.0014 Loss_G: 44.5929, Wasserstein_dist:1.2383, vae_loss_seen:731.7645 GZSL: seen=0.8690, unseen=0.2760, h=0.4190 ZSL: unseen accuracy=0.5208
[155/300]  Loss_D: -0.7733 Loss_G: 43.4992, Wasserstein_dist:1.0503, vae_loss_seen:704.5828 GZSL: seen=0.7206, unseen=0.3802, h=0.4978 ZSL: unseen accuracy=0.5573
[156/300]  Loss_D: -0.9650 Loss_G: 43.6861, Wasserstein_dist:1.2548, vae_loss_seen:714.1460 GZSL: seen=0.8194, unseen=0.3229, h=0.4633 ZSL: unseen accuracy=0.5469
[157/300]  Loss_D: -0.8417 Loss_G: 43.0889, Wasserstein_dist:1.0877, vae_loss_seen:702.7225 GZSL: seen=0.8056, unseen=0.4844, h=0.6050 ZSL: unseen accuracy=0.5052
[158/300]  Loss_D: -0.7156 Loss_G: 45.0869, Wasserstein_dist:0.9449, vae_loss_seen:722.2034 GZSL: seen=0.8512, unseen=0.3646, h=0.5105 ZSL: unseen accuracy=0.5469
[159/300]  Loss_D: -0.9800 Loss_G: 44.5276, Wasserstein_dist:1.2661, vae_loss_seen:719.0131 GZSL: seen=0.8433, unseen=0.3281, h=0.4724 ZSL: unseen accuracy=0.5260
[160/300]  Loss_D: -0.7879 Loss_G: 43.6529, Wasserstein_dist:1.0188, vae_loss_seen:707.6995 GZSL: seen=0.8413, unseen=0.3177, h=0.4612 ZSL: unseen accuracy=0.5312
[161/300]  Loss_D: -0.7847 Loss_G: 44.7498, Wasserstein_dist:1.0639, vae_loss_seen:719.1162 GZSL: seen=0.7659, unseen=0.3281, h=0.4594 ZSL: unseen accuracy=0.5573
[162/300]  Loss_D: -0.7975 Loss_G: 44.9301, Wasserstein_dist:1.0032, vae_loss_seen:719.5259 GZSL: seen=0.8214, unseen=0.4688, h=0.5969 ZSL: unseen accuracy=0.5312
[163/300]  Loss_D: -0.8643 Loss_G: 44.4536, Wasserstein_dist:1.0892, vae_loss_seen:715.1857 GZSL: seen=0.7381, unseen=0.5208, h=0.6107 ZSL: unseen accuracy=0.5052
[164/300]  Loss_D: -0.7047 Loss_G: 43.9825, Wasserstein_dist:0.9397, vae_loss_seen:703.3602 GZSL: seen=0.8472, unseen=0.2969, h=0.4397 ZSL: unseen accuracy=0.5052
[165/300]  Loss_D: -0.9425 Loss_G: 43.2744, Wasserstein_dist:1.1492, vae_loss_seen:702.6591 GZSL: seen=0.8373, unseen=0.2865, h=0.4269 ZSL: unseen accuracy=0.5312
[166/300]  Loss_D: -0.8811 Loss_G: 44.1830, Wasserstein_dist:1.0896, vae_loss_seen:709.8882 GZSL: seen=0.7262, unseen=0.3073, h=0.4318 ZSL: unseen accuracy=0.5156
[167/300]  Loss_D: -0.7913 Loss_G: 43.4147, Wasserstein_dist:1.0224, vae_loss_seen:709.5956 GZSL: seen=0.8889, unseen=0.3490, h=0.5012 ZSL: unseen accuracy=0.5417
[168/300]  Loss_D: -0.8189 Loss_G: 43.2299, Wasserstein_dist:1.0883, vae_loss_seen:707.0660 GZSL: seen=0.7536, unseen=0.4375, h=0.5536 ZSL: unseen accuracy=0.5417
[169/300]  Loss_D: -0.8065 Loss_G: 44.2072, Wasserstein_dist:1.0167, vae_loss_seen:714.3854 GZSL: seen=0.7429, unseen=0.3542, h=0.4797 ZSL: unseen accuracy=0.5312
[170/300]  Loss_D: -0.6974 Loss_G: 43.4773, Wasserstein_dist:0.9845, vae_loss_seen:705.9686 GZSL: seen=0.7829, unseen=0.3750, h=0.5071 ZSL: unseen accuracy=0.5521
[171/300]  Loss_D: -0.6640 Loss_G: 43.7270, Wasserstein_dist:0.8848, vae_loss_seen:701.8582 GZSL: seen=0.7282, unseen=0.4844, h=0.5818 ZSL: unseen accuracy=0.5469
[172/300]  Loss_D: -0.6606 Loss_G: 42.9936, Wasserstein_dist:0.8856, vae_loss_seen:697.0248 GZSL: seen=0.7306, unseen=0.3333, h=0.4578 ZSL: unseen accuracy=0.5365
[173/300]  Loss_D: -0.6665 Loss_G: 43.6432, Wasserstein_dist:0.8734, vae_loss_seen:707.7224 GZSL: seen=0.6687, unseen=0.3646, h=0.4719 ZSL: unseen accuracy=0.5469
[174/300]  Loss_D: -0.7813 Loss_G: 45.1316, Wasserstein_dist:1.0178, vae_loss_seen:718.0505 GZSL: seen=0.8770, unseen=0.2500, h=0.3891 ZSL: unseen accuracy=0.5417
[175/300]  Loss_D: -0.8179 Loss_G: 43.1976, Wasserstein_dist:1.0837, vae_loss_seen:696.7955 GZSL: seen=0.7996, unseen=0.5156, h=0.6270 ZSL: unseen accuracy=0.5625
[176/300]  Loss_D: -0.7684 Loss_G: 42.9235, Wasserstein_dist:1.0163, vae_loss_seen:699.5914 GZSL: seen=0.8611, unseen=0.3594, h=0.5071 ZSL: unseen accuracy=0.5573
[177/300]  Loss_D: -0.7841 Loss_G: 43.4062, Wasserstein_dist:1.0023, vae_loss_seen:700.5065 GZSL: seen=0.8591, unseen=0.3073, h=0.4527 ZSL: unseen accuracy=0.5052
[178/300]  Loss_D: -0.7327 Loss_G: 43.7021, Wasserstein_dist:1.0176, vae_loss_seen:705.1775 GZSL: seen=0.8671, unseen=0.3125, h=0.4594 ZSL: unseen accuracy=0.5469
[179/300]  Loss_D: -0.7473 Loss_G: 42.2824, Wasserstein_dist:0.9824, vae_loss_seen:693.4958 GZSL: seen=0.8829, unseen=0.3594, h=0.5108 ZSL: unseen accuracy=0.5365
[180/300]  Loss_D: -0.8046 Loss_G: 42.6564, Wasserstein_dist:1.0135, vae_loss_seen:699.2103 GZSL: seen=0.8274, unseen=0.3333, h=0.4752 ZSL: unseen accuracy=0.5469
[181/300]  Loss_D: -0.8998 Loss_G: 42.2106, Wasserstein_dist:1.1733, vae_loss_seen:697.7681 GZSL: seen=0.8690, unseen=0.3333, h=0.4818 ZSL: unseen accuracy=0.5417
[182/300]  Loss_D: -0.6304 Loss_G: 43.3752, Wasserstein_dist:0.8271, vae_loss_seen:707.6223 GZSL: seen=0.8829, unseen=0.3906, h=0.5416 ZSL: unseen accuracy=0.5312
[183/300]  Loss_D: -0.7913 Loss_G: 43.5010, Wasserstein_dist:1.0305, vae_loss_seen:704.9611 GZSL: seen=0.7698, unseen=0.4583, h=0.5746 ZSL: unseen accuracy=0.5365
[184/300]  Loss_D: -0.7784 Loss_G: 42.6630, Wasserstein_dist:0.9833, vae_loss_seen:699.0962 GZSL: seen=0.7540, unseen=0.3438, h=0.4722 ZSL: unseen accuracy=0.5312
[185/300]  Loss_D: -0.7023 Loss_G: 42.5755, Wasserstein_dist:0.9318, vae_loss_seen:698.5162 GZSL: seen=0.7421, unseen=0.3646, h=0.4889 ZSL: unseen accuracy=0.5312
[186/300]  Loss_D: -0.8955 Loss_G: 42.3420, Wasserstein_dist:1.1744, vae_loss_seen:696.1010 GZSL: seen=0.8988, unseen=0.3490, h=0.5027 ZSL: unseen accuracy=0.5312
[187/300]  Loss_D: -0.7437 Loss_G: 41.7994, Wasserstein_dist:0.9501, vae_loss_seen:680.1060 GZSL: seen=0.8591, unseen=0.2708, h=0.4118 ZSL: unseen accuracy=0.5312
[188/300]  Loss_D: -0.8345 Loss_G: 43.2757, Wasserstein_dist:1.0630, vae_loss_seen:700.4816 GZSL: seen=0.8413, unseen=0.3385, h=0.4828 ZSL: unseen accuracy=0.5417
[189/300]  Loss_D: -1.2801 Loss_G: 40.0087, Wasserstein_dist:1.6660, vae_loss_seen:675.1335 GZSL: seen=0.7782, unseen=0.4583, h=0.5769 ZSL: unseen accuracy=0.5521
[190/300]  Loss_D: -0.8232 Loss_G: 44.0268, Wasserstein_dist:1.0361, vae_loss_seen:706.8056 GZSL: seen=0.8393, unseen=0.3438, h=0.4877 ZSL: unseen accuracy=0.5625
[191/300]  Loss_D: -0.7821 Loss_G: 42.7566, Wasserstein_dist:0.9976, vae_loss_seen:691.0229 GZSL: seen=0.7421, unseen=0.3073, h=0.4346 ZSL: unseen accuracy=0.5260
[192/300]  Loss_D: -0.7556 Loss_G: 41.3695, Wasserstein_dist:0.9535, vae_loss_seen:679.3918 GZSL: seen=0.7103, unseen=0.3073, h=0.4290 ZSL: unseen accuracy=0.5365
[193/300]  Loss_D: -0.8918 Loss_G: 42.4919, Wasserstein_dist:1.1336, vae_loss_seen:684.8407 GZSL: seen=0.8790, unseen=0.3281, h=0.4779 ZSL: unseen accuracy=0.5417
[194/300]  Loss_D: -0.8331 Loss_G: 41.4622, Wasserstein_dist:1.0329, vae_loss_seen:679.8700 GZSL: seen=0.7405, unseen=0.3594, h=0.4839 ZSL: unseen accuracy=0.5365
[195/300]  Loss_D: -0.7290 Loss_G: 42.2463, Wasserstein_dist:0.9551, vae_loss_seen:689.8755 GZSL: seen=0.7944, unseen=0.3229, h=0.4592 ZSL: unseen accuracy=0.5521
[196/300]  Loss_D: -0.6768 Loss_G: 41.5647, Wasserstein_dist:0.9159, vae_loss_seen:683.9412 GZSL: seen=0.8313, unseen=0.3385, h=0.4811 ZSL: unseen accuracy=0.5365
[197/300]  Loss_D: -0.8772 Loss_G: 41.2789, Wasserstein_dist:1.1036, vae_loss_seen:678.1187 GZSL: seen=0.8503, unseen=0.3229, h=0.4681 ZSL: unseen accuracy=0.5417
[198/300]  Loss_D: -0.8002 Loss_G: 41.0594, Wasserstein_dist:0.9990, vae_loss_seen:678.4763 GZSL: seen=0.7663, unseen=0.3490, h=0.4795 ZSL: unseen accuracy=0.5156
[199/300]  Loss_D: -0.7617 Loss_G: 40.5737, Wasserstein_dist:1.0032, vae_loss_seen:672.3726 GZSL: seen=0.7802, unseen=0.4583, h=0.5774 ZSL: unseen accuracy=0.5156
[200/300]  Loss_D: -0.8041 Loss_G: 41.6677, Wasserstein_dist:1.0436, vae_loss_seen:684.3841 GZSL: seen=0.7917, unseen=0.4479, h=0.5721 ZSL: unseen accuracy=0.5312
[201/300]  Loss_D: -0.7677 Loss_G: 41.3009, Wasserstein_dist:0.9931, vae_loss_seen:673.2548 GZSL: seen=0.7670, unseen=0.4688, h=0.5819 ZSL: unseen accuracy=0.5156
[202/300]  Loss_D: -0.8028 Loss_G: 40.3498, Wasserstein_dist:1.0490, vae_loss_seen:672.9805 GZSL: seen=0.8571, unseen=0.4792, h=0.6147 ZSL: unseen accuracy=0.5365
[203/300]  Loss_D: -0.7522 Loss_G: 41.0431, Wasserstein_dist:0.9810, vae_loss_seen:673.8164 GZSL: seen=0.7520, unseen=0.4844, h=0.5892 ZSL: unseen accuracy=0.5208
[204/300]  Loss_D: -0.6388 Loss_G: 42.8230, Wasserstein_dist:0.8754, vae_loss_seen:701.3328 GZSL: seen=0.8532, unseen=0.3021, h=0.4462 ZSL: unseen accuracy=0.5104
[205/300]  Loss_D: -0.7254 Loss_G: 41.0720, Wasserstein_dist:0.9697, vae_loss_seen:680.9974 GZSL: seen=0.7718, unseen=0.4635, h=0.5792 ZSL: unseen accuracy=0.5208
[206/300]  Loss_D: -0.9215 Loss_G: 41.3577, Wasserstein_dist:1.1483, vae_loss_seen:693.9286 GZSL: seen=0.8591, unseen=0.3542, h=0.5016 ZSL: unseen accuracy=0.5260
[207/300]  Loss_D: -0.6180 Loss_G: 40.8389, Wasserstein_dist:0.8133, vae_loss_seen:671.2956 GZSL: seen=0.7849, unseen=0.2969, h=0.4308 ZSL: unseen accuracy=0.5260
[208/300]  Loss_D: -0.7239 Loss_G: 42.3698, Wasserstein_dist:0.9538, vae_loss_seen:684.4153 GZSL: seen=0.8690, unseen=0.3438, h=0.4926 ZSL: unseen accuracy=0.5156
[209/300]  Loss_D: -0.6895 Loss_G: 40.7333, Wasserstein_dist:0.9215, vae_loss_seen:670.3915 GZSL: seen=0.7341, unseen=0.3594, h=0.4825 ZSL: unseen accuracy=0.4792
[210/300]  Loss_D: -0.7605 Loss_G: 40.0064, Wasserstein_dist:0.9498, vae_loss_seen:659.7665 GZSL: seen=0.9187, unseen=0.3177, h=0.4721 ZSL: unseen accuracy=0.5260
[211/300]  Loss_D: -0.7036 Loss_G: 40.8776, Wasserstein_dist:0.9042, vae_loss_seen:670.3186 GZSL: seen=0.7619, unseen=0.3854, h=0.5119 ZSL: unseen accuracy=0.5208
[212/300]  Loss_D: -0.6181 Loss_G: 40.3509, Wasserstein_dist:0.8220, vae_loss_seen:676.5297 GZSL: seen=0.7282, unseen=0.3125, h=0.4373 ZSL: unseen accuracy=0.5156
[213/300]  Loss_D: -0.7179 Loss_G: 39.8696, Wasserstein_dist:0.9041, vae_loss_seen:655.1561 GZSL: seen=0.8532, unseen=0.3229, h=0.4685 ZSL: unseen accuracy=0.5052
[214/300]  Loss_D: -0.7714 Loss_G: 40.1054, Wasserstein_dist:1.0209, vae_loss_seen:670.3907 GZSL: seen=0.7321, unseen=0.3594, h=0.4821 ZSL: unseen accuracy=0.5469
[215/300]  Loss_D: -0.8175 Loss_G: 40.9738, Wasserstein_dist:1.0506, vae_loss_seen:676.8541 GZSL: seen=0.8829, unseen=0.3229, h=0.4729 ZSL: unseen accuracy=0.5365
[216/300]  Loss_D: -0.8295 Loss_G: 39.5913, Wasserstein_dist:1.0719, vae_loss_seen:658.0493 GZSL: seen=0.7123, unseen=0.2708, h=0.3924 ZSL: unseen accuracy=0.5365
[217/300]  Loss_D: -0.6996 Loss_G: 41.0737, Wasserstein_dist:0.8819, vae_loss_seen:678.0992 GZSL: seen=0.8671, unseen=0.3333, h=0.4815 ZSL: unseen accuracy=0.5260
[218/300]  Loss_D: -0.7995 Loss_G: 40.0176, Wasserstein_dist:1.0066, vae_loss_seen:665.2939 GZSL: seen=0.7381, unseen=0.4427, h=0.5535 ZSL: unseen accuracy=0.4948
[219/300]  Loss_D: -0.7896 Loss_G: 40.3589, Wasserstein_dist:1.0063, vae_loss_seen:671.9232 GZSL: seen=0.8036, unseen=0.4896, h=0.6085 ZSL: unseen accuracy=0.5208
[220/300]  Loss_D: -0.7556 Loss_G: 39.7819, Wasserstein_dist:0.9684, vae_loss_seen:658.8933 GZSL: seen=0.8214, unseen=0.3906, h=0.5295 ZSL: unseen accuracy=0.5312
[221/300]  Loss_D: -0.6490 Loss_G: 39.4420, Wasserstein_dist:0.8345, vae_loss_seen:658.0753 GZSL: seen=0.7909, unseen=0.2917, h=0.4262 ZSL: unseen accuracy=0.5365
[222/300]  Loss_D: -0.6734 Loss_G: 39.6398, Wasserstein_dist:0.8789, vae_loss_seen:660.5547 GZSL: seen=0.8452, unseen=0.4948, h=0.6242 ZSL: unseen accuracy=0.5156
[223/300]  Loss_D: -0.7578 Loss_G: 39.5713, Wasserstein_dist:0.9792, vae_loss_seen:663.5063 GZSL: seen=0.7302, unseen=0.2500, h=0.3725 ZSL: unseen accuracy=0.5104
[224/300]  Loss_D: -0.6963 Loss_G: 39.4338, Wasserstein_dist:0.9157, vae_loss_seen:651.1501 GZSL: seen=0.8333, unseen=0.2240, h=0.3530 ZSL: unseen accuracy=0.5156
[225/300]  Loss_D: -0.6137 Loss_G: 39.5917, Wasserstein_dist:0.7996, vae_loss_seen:658.3756 GZSL: seen=0.7698, unseen=0.4010, h=0.5274 ZSL: unseen accuracy=0.5312
[226/300]  Loss_D: -0.7777 Loss_G: 40.6097, Wasserstein_dist:1.0037, vae_loss_seen:671.3691 GZSL: seen=0.8404, unseen=0.3750, h=0.5186 ZSL: unseen accuracy=0.5156
[227/300]  Loss_D: -0.7934 Loss_G: 39.1194, Wasserstein_dist:0.9696, vae_loss_seen:657.6376 GZSL: seen=0.7897, unseen=0.3958, h=0.5273 ZSL: unseen accuracy=0.5312
[228/300]  Loss_D: -0.7910 Loss_G: 39.7587, Wasserstein_dist:1.0757, vae_loss_seen:674.5726 GZSL: seen=0.8056, unseen=0.4323, h=0.5626 ZSL: unseen accuracy=0.5260
[229/300]  Loss_D: -0.9440 Loss_G: 39.8426, Wasserstein_dist:1.1555, vae_loss_seen:667.7940 GZSL: seen=0.8214, unseen=0.2917, h=0.4305 ZSL: unseen accuracy=0.5208
[230/300]  Loss_D: -0.8003 Loss_G: 39.1681, Wasserstein_dist:0.9812, vae_loss_seen:652.2944 GZSL: seen=0.8194, unseen=0.3281, h=0.4686 ZSL: unseen accuracy=0.5417
[231/300]  Loss_D: -0.5832 Loss_G: 39.4428, Wasserstein_dist:0.7808, vae_loss_seen:656.8083 GZSL: seen=0.8472, unseen=0.3333, h=0.4784 ZSL: unseen accuracy=0.5365
[232/300]  Loss_D: -0.6353 Loss_G: 39.6136, Wasserstein_dist:0.8904, vae_loss_seen:665.4402 GZSL: seen=0.7143, unseen=0.2917, h=0.4142 ZSL: unseen accuracy=0.5000
[233/300]  Loss_D: -0.7059 Loss_G: 38.9037, Wasserstein_dist:0.8976, vae_loss_seen:655.9886 GZSL: seen=0.8452, unseen=0.3385, h=0.4834 ZSL: unseen accuracy=0.5521
[234/300]  Loss_D: -0.7407 Loss_G: 39.1807, Wasserstein_dist:0.9618, vae_loss_seen:653.4564 GZSL: seen=0.8155, unseen=0.3542, h=0.4939 ZSL: unseen accuracy=0.5365
[235/300]  Loss_D: -0.7799 Loss_G: 40.7088, Wasserstein_dist:1.0026, vae_loss_seen:674.5129 GZSL: seen=0.7857, unseen=0.3281, h=0.4629 ZSL: unseen accuracy=0.5052
[236/300]  Loss_D: -0.7231 Loss_G: 39.2500, Wasserstein_dist:0.9145, vae_loss_seen:653.2906 GZSL: seen=0.7540, unseen=0.4688, h=0.5781 ZSL: unseen accuracy=0.5365
[237/300]  Loss_D: -0.6799 Loss_G: 38.9990, Wasserstein_dist:0.8549, vae_loss_seen:648.6268 GZSL: seen=0.8750, unseen=0.3594, h=0.5095 ZSL: unseen accuracy=0.5625
[238/300]  Loss_D: -0.8544 Loss_G: 40.3073, Wasserstein_dist:1.0599, vae_loss_seen:664.9160 GZSL: seen=0.8730, unseen=0.3177, h=0.4659 ZSL: unseen accuracy=0.5156
[239/300]  Loss_D: -0.7729 Loss_G: 39.7186, Wasserstein_dist:0.9543, vae_loss_seen:658.3946 GZSL: seen=0.7659, unseen=0.4323, h=0.5526 ZSL: unseen accuracy=0.5521
[240/300]  Loss_D: -0.6389 Loss_G: 40.0863, Wasserstein_dist:0.8306, vae_loss_seen:667.3876 GZSL: seen=0.8690, unseen=0.4115, h=0.5585 ZSL: unseen accuracy=0.5104
[241/300]  Loss_D: -0.6788 Loss_G: 38.9761, Wasserstein_dist:0.8815, vae_loss_seen:660.8088 GZSL: seen=0.7520, unseen=0.4115, h=0.5319 ZSL: unseen accuracy=0.4948
[242/300]  Loss_D: -0.6956 Loss_G: 39.5553, Wasserstein_dist:0.8841, vae_loss_seen:657.6522 GZSL: seen=0.6607, unseen=0.2500, h=0.3627 ZSL: unseen accuracy=0.4792
[243/300]  Loss_D: -0.7233 Loss_G: 38.3982, Wasserstein_dist:0.8896, vae_loss_seen:646.0903 GZSL: seen=0.8424, unseen=0.3073, h=0.4503 ZSL: unseen accuracy=0.5052
[244/300]  Loss_D: -0.6028 Loss_G: 38.9700, Wasserstein_dist:0.7648, vae_loss_seen:645.6738 GZSL: seen=0.8532, unseen=0.3385, h=0.4847 ZSL: unseen accuracy=0.5365
[245/300]  Loss_D: -0.6567 Loss_G: 38.3715, Wasserstein_dist:0.8542, vae_loss_seen:647.7739 GZSL: seen=0.8234, unseen=0.3333, h=0.4746 ZSL: unseen accuracy=0.5625
[246/300]  Loss_D: -0.7445 Loss_G: 36.8577, Wasserstein_dist:0.9836, vae_loss_seen:639.9263 GZSL: seen=0.7194, unseen=0.2969, h=0.4203 ZSL: unseen accuracy=0.5469
[247/300]  Loss_D: -0.8402 Loss_G: 38.2156, Wasserstein_dist:1.0821, vae_loss_seen:643.9628 GZSL: seen=0.7381, unseen=0.4323, h=0.5452 ZSL: unseen accuracy=0.5312
[248/300]  Loss_D: -0.6683 Loss_G: 36.1671, Wasserstein_dist:0.8599, vae_loss_seen:621.2859 GZSL: seen=0.7206, unseen=0.4219, h=0.5322 ZSL: unseen accuracy=0.5104
[249/300]  Loss_D: -0.7555 Loss_G: 37.4989, Wasserstein_dist:0.9545, vae_loss_seen:637.0803 GZSL: seen=0.7440, unseen=0.4635, h=0.5712 ZSL: unseen accuracy=0.5156
[250/300]  Loss_D: -0.7595 Loss_G: 38.1260, Wasserstein_dist:1.0043, vae_loss_seen:646.6438 GZSL: seen=0.7758, unseen=0.3854, h=0.5150 ZSL: unseen accuracy=0.5104
[251/300]  Loss_D: -0.6311 Loss_G: 37.6446, Wasserstein_dist:0.7842, vae_loss_seen:636.9272 GZSL: seen=0.7123, unseen=0.4271, h=0.5340 ZSL: unseen accuracy=0.5312
[252/300]  Loss_D: -0.7645 Loss_G: 37.6255, Wasserstein_dist:0.9180, vae_loss_seen:629.8455 GZSL: seen=0.7857, unseen=0.4896, h=0.6033 ZSL: unseen accuracy=0.5104
[253/300]  Loss_D: -0.6500 Loss_G: 37.8313, Wasserstein_dist:0.8545, vae_loss_seen:637.9886 GZSL: seen=0.6881, unseen=0.3438, h=0.4585 ZSL: unseen accuracy=0.5052
[254/300]  Loss_D: -0.6128 Loss_G: 36.0859, Wasserstein_dist:0.7691, vae_loss_seen:615.9033 GZSL: seen=0.7769, unseen=0.4531, h=0.5724 ZSL: unseen accuracy=0.5104
[255/300]  Loss_D: -0.7570 Loss_G: 37.7853, Wasserstein_dist:0.9633, vae_loss_seen:642.5852 GZSL: seen=0.7480, unseen=0.4740, h=0.5803 ZSL: unseen accuracy=0.5260
[256/300]  Loss_D: -0.5748 Loss_G: 38.4446, Wasserstein_dist:0.7454, vae_loss_seen:642.9564 GZSL: seen=0.8810, unseen=0.2135, h=0.3438 ZSL: unseen accuracy=0.5729
[257/300]  Loss_D: -0.8604 Loss_G: 37.5225, Wasserstein_dist:1.0715, vae_loss_seen:645.3422 GZSL: seen=0.7714, unseen=0.3906, h=0.5186 ZSL: unseen accuracy=0.5156
[258/300]  Loss_D: -0.6491 Loss_G: 38.8052, Wasserstein_dist:0.8459, vae_loss_seen:648.9033 GZSL: seen=0.8353, unseen=0.4427, h=0.5787 ZSL: unseen accuracy=0.5208
[259/300]  Loss_D: -0.6147 Loss_G: 36.1843, Wasserstein_dist:0.8205, vae_loss_seen:633.5663 GZSL: seen=0.7917, unseen=0.3490, h=0.4844 ZSL: unseen accuracy=0.5104
[260/300]  Loss_D: -0.7536 Loss_G: 37.6369, Wasserstein_dist:0.9689, vae_loss_seen:653.1554 GZSL: seen=0.9286, unseen=0.2031, h=0.3333 ZSL: unseen accuracy=0.4844
[261/300]  Loss_D: -0.6218 Loss_G: 36.7169, Wasserstein_dist:0.8139, vae_loss_seen:631.2587 GZSL: seen=0.8075, unseen=0.3385, h=0.4771 ZSL: unseen accuracy=0.4792
[262/300]  Loss_D: -0.6504 Loss_G: 37.1720, Wasserstein_dist:0.8795, vae_loss_seen:642.2446 GZSL: seen=0.7778, unseen=0.2969, h=0.4297 ZSL: unseen accuracy=0.5208
[263/300]  Loss_D: -0.6258 Loss_G: 35.9793, Wasserstein_dist:0.8043, vae_loss_seen:615.7188 GZSL: seen=0.7392, unseen=0.4688, h=0.5737 ZSL: unseen accuracy=0.4844
[264/300]  Loss_D: -0.5998 Loss_G: 36.5365, Wasserstein_dist:0.8040, vae_loss_seen:626.5013 GZSL: seen=0.7409, unseen=0.4740, h=0.5781 ZSL: unseen accuracy=0.5104
[265/300]  Loss_D: -0.6071 Loss_G: 38.0944, Wasserstein_dist:0.7913, vae_loss_seen:640.0972 GZSL: seen=0.7560, unseen=0.3229, h=0.4525 ZSL: unseen accuracy=0.4844
[266/300]  Loss_D: -0.6423 Loss_G: 35.6980, Wasserstein_dist:0.8139, vae_loss_seen:626.5316 GZSL: seen=0.8571, unseen=0.2240, h=0.3551 ZSL: unseen accuracy=0.5417
[267/300]  Loss_D: -0.7628 Loss_G: 36.9321, Wasserstein_dist:0.9733, vae_loss_seen:634.7108 GZSL: seen=0.8254, unseen=0.4583, h=0.5894 ZSL: unseen accuracy=0.5000
[268/300]  Loss_D: -0.6510 Loss_G: 38.2966, Wasserstein_dist:0.8084, vae_loss_seen:636.3769 GZSL: seen=0.7857, unseen=0.3490, h=0.4833 ZSL: unseen accuracy=0.4948
[269/300]  Loss_D: -0.7061 Loss_G: 36.0228, Wasserstein_dist:0.8947, vae_loss_seen:623.2855 GZSL: seen=0.8135, unseen=0.2969, h=0.4350 ZSL: unseen accuracy=0.5365
[270/300]  Loss_D: -0.6712 Loss_G: 35.9135, Wasserstein_dist:0.8940, vae_loss_seen:624.8498 GZSL: seen=0.7798, unseen=0.2865, h=0.4190 ZSL: unseen accuracy=0.5156
[271/300]  Loss_D: -0.5785 Loss_G: 33.6041, Wasserstein_dist:0.7575, vae_loss_seen:602.0276 GZSL: seen=0.8373, unseen=0.3281, h=0.4715 ZSL: unseen accuracy=0.4896
[272/300]  Loss_D: -0.7199 Loss_G: 36.0583, Wasserstein_dist:0.9724, vae_loss_seen:624.4951 GZSL: seen=0.8115, unseen=0.4167, h=0.5506 ZSL: unseen accuracy=0.5625
[273/300]  Loss_D: -0.6945 Loss_G: 35.5409, Wasserstein_dist:0.8959, vae_loss_seen:626.3922 GZSL: seen=0.7552, unseen=0.4531, h=0.5664 ZSL: unseen accuracy=0.4948
[274/300]  Loss_D: -0.6366 Loss_G: 37.0579, Wasserstein_dist:0.7943, vae_loss_seen:639.9363 GZSL: seen=0.7679, unseen=0.2865, h=0.4173 ZSL: unseen accuracy=0.5104
[275/300]  Loss_D: -0.6200 Loss_G: 37.2040, Wasserstein_dist:0.7610, vae_loss_seen:631.9484 GZSL: seen=0.8790, unseen=0.1979, h=0.3231 ZSL: unseen accuracy=0.5208
[276/300]  Loss_D: -0.6396 Loss_G: 36.0276, Wasserstein_dist:0.8137, vae_loss_seen:625.3547 GZSL: seen=0.9325, unseen=0.1875, h=0.3122 ZSL: unseen accuracy=0.5052
[277/300]  Loss_D: -0.6571 Loss_G: 35.7080, Wasserstein_dist:0.8353, vae_loss_seen:622.0819 GZSL: seen=0.7063, unseen=0.4896, h=0.5783 ZSL: unseen accuracy=0.4948
[278/300]  Loss_D: -0.7909 Loss_G: 37.6040, Wasserstein_dist:1.0069, vae_loss_seen:637.2392 GZSL: seen=0.8512, unseen=0.3594, h=0.5054 ZSL: unseen accuracy=0.5833
[279/300]  Loss_D: -0.7043 Loss_G: 36.5075, Wasserstein_dist:0.9025, vae_loss_seen:633.2114 GZSL: seen=0.7167, unseen=0.4115, h=0.5228 ZSL: unseen accuracy=0.5000
[280/300]  Loss_D: -0.6415 Loss_G: 35.6014, Wasserstein_dist:0.8293, vae_loss_seen:614.6254 GZSL: seen=0.8452, unseen=0.3385, h=0.4834 ZSL: unseen accuracy=0.5312
[281/300]  Loss_D: -0.6234 Loss_G: 35.5113, Wasserstein_dist:0.8256, vae_loss_seen:619.6129 GZSL: seen=0.7833, unseen=0.4740, h=0.5906 ZSL: unseen accuracy=0.4896
[282/300]  Loss_D: -0.7591 Loss_G: 36.2796, Wasserstein_dist:1.0367, vae_loss_seen:626.4563 GZSL: seen=0.7722, unseen=0.3333, h=0.4657 ZSL: unseen accuracy=0.5677
[283/300]  Loss_D: -0.6142 Loss_G: 33.9542, Wasserstein_dist:0.7915, vae_loss_seen:598.6646 GZSL: seen=0.7421, unseen=0.4792, h=0.5823 ZSL: unseen accuracy=0.5000
[284/300]  Loss_D: -0.6754 Loss_G: 37.0484, Wasserstein_dist:0.8978, vae_loss_seen:632.4053 GZSL: seen=0.7698, unseen=0.4479, h=0.5663 ZSL: unseen accuracy=0.5312
[285/300]  Loss_D: -0.7102 Loss_G: 35.3708, Wasserstein_dist:0.8843, vae_loss_seen:610.0084 GZSL: seen=0.7798, unseen=0.3385, h=0.4721 ZSL: unseen accuracy=0.5469
[286/300]  Loss_D: -0.7797 Loss_G: 36.8157, Wasserstein_dist:1.0283, vae_loss_seen:629.9246 GZSL: seen=0.7063, unseen=0.4740, h=0.5673 ZSL: unseen accuracy=0.5052
[287/300]  Loss_D: -0.7769 Loss_G: 35.5022, Wasserstein_dist:0.9912, vae_loss_seen:624.4612 GZSL: seen=0.8433, unseen=0.3490, h=0.4936 ZSL: unseen accuracy=0.4740
[288/300]  Loss_D: -0.7800 Loss_G: 35.4370, Wasserstein_dist:0.9596, vae_loss_seen:626.6578 GZSL: seen=0.8135, unseen=0.4375, h=0.5690 ZSL: unseen accuracy=0.5312
[289/300]  Loss_D: -0.6333 Loss_G: 35.3076, Wasserstein_dist:0.8175, vae_loss_seen:615.9980 GZSL: seen=0.7385, unseen=0.2448, h=0.3677 ZSL: unseen accuracy=0.5365
[290/300]  Loss_D: -0.6338 Loss_G: 36.9251, Wasserstein_dist:0.7953, vae_loss_seen:625.9736 GZSL: seen=0.7789, unseen=0.3125, h=0.4460 ZSL: unseen accuracy=0.5052
[291/300]  Loss_D: -0.6928 Loss_G: 35.1687, Wasserstein_dist:0.9289, vae_loss_seen:610.8792 GZSL: seen=0.7310, unseen=0.4792, h=0.5789 ZSL: unseen accuracy=0.5417
[292/300]  Loss_D: -0.6858 Loss_G: 33.9722, Wasserstein_dist:0.8750, vae_loss_seen:598.6409 GZSL: seen=0.7262, unseen=0.4323, h=0.5420 ZSL: unseen accuracy=0.5104
[293/300]  Loss_D: -0.5859 Loss_G: 33.2125, Wasserstein_dist:0.7598, vae_loss_seen:593.3715 GZSL: seen=0.7044, unseen=0.4740, h=0.5666 ZSL: unseen accuracy=0.4948
[294/300]  Loss_D: -0.7669 Loss_G: 32.5196, Wasserstein_dist:0.9910, vae_loss_seen:596.4045 GZSL: seen=0.8036, unseen=0.3333, h=0.4712 ZSL: unseen accuracy=0.5625
[295/300]  Loss_D: -0.7465 Loss_G: 35.8439, Wasserstein_dist:0.9544, vae_loss_seen:626.9517 GZSL: seen=0.8245, unseen=0.3229, h=0.4641 ZSL: unseen accuracy=0.5208
[296/300]  Loss_D: -0.6094 Loss_G: 35.5399, Wasserstein_dist:0.7628, vae_loss_seen:610.1454 GZSL: seen=0.7698, unseen=0.4479, h=0.5663 ZSL: unseen accuracy=0.4948
[297/300]  Loss_D: -0.6746 Loss_G: 35.8029, Wasserstein_dist:0.8544, vae_loss_seen:622.9723 GZSL: seen=0.7877, unseen=0.4062, h=0.5360 ZSL: unseen accuracy=0.5104
[298/300]  Loss_D: -0.6610 Loss_G: 35.4393, Wasserstein_dist:0.8384, vae_loss_seen:619.1749 GZSL: seen=0.7230, unseen=0.2396, h=0.3599 ZSL: unseen accuracy=0.5000
[299/300]  Loss_D: -0.6886 Loss_G: 35.1033, Wasserstein_dist:0.8949, vae_loss_seen:615.3042 GZSL: seen=0.7897, unseen=0.4635, h=0.5842 ZSL: unseen accuracy=0.5156
Dataset RADAR
the best ZSL unseen accuracy is 0.7395833333333334
Dataset RADAR
the best GZSL seen accuracy is 0.81859410430839
the best GZSL unseen accuracy is 0.5572916666666666
the best GZSL H is 0.6631301556236534
