Random Seed:  3407
# of training samples:  538
Encoder(
  (fc1): Linear(in_features=1536, out_features=4096, bias=True)
  (fc3): Linear(in_features=4096, out_features=1024, bias=True)
  (lrelu): LeakyReLU(0.2, inplace)
  (linear_means): Linear(in_features=1024, out_features=512, bias=True)
  (linear_log_var): Linear(in_features=1024, out_features=512, bias=True)
)
Generator(
  (fc1): Linear(in_features=1024, out_features=4096, bias=True)
  (fc3): Linear(in_features=4096, out_features=1024, bias=True)
  (lrelu): LeakyReLU(0.2, inplace)
  (sigmoid): Sigmoid()
)
Discriminator_D1(
  (fc1): Linear(in_features=1536, out_features=4096, bias=True)
  (fc2): Linear(in_features=4096, out_features=1, bias=True)
  (lrelu): LeakyReLU(0.2, inplace)
)
Feedback(
  (fc1): Linear(in_features=4096, out_features=4096, bias=True)
  (fc2): Linear(in_features=4096, out_features=4096, bias=True)
  (lrelu): LeakyReLU(0.2, inplace)
)
AttDec(
  (fc1): Linear(in_features=1024, out_features=4096, bias=True)
  (fc3): Linear(in_features=4096, out_features=512, bias=True)
  (lrelu): LeakyReLU(0.2, inplace)
)
[0/300]  Loss_D: -104.8297 Loss_G: -0.2865, Wasserstein_dist:134.3103, vae_loss_seen:462.3394 GZSL: seen=0.9147, unseen=0.1615, h=0.2745 ZSL: unseen accuracy=0.6146
[1/300]  Loss_D: -50.1506 Loss_G: -4.3806, Wasserstein_dist:65.0503, vae_loss_seen:360.2436 GZSL: seen=0.8730, unseen=0.3177, h=0.4659 ZSL: unseen accuracy=0.5365
[2/300]  Loss_D: -33.0987 Loss_G: -7.3353, Wasserstein_dist:42.7176, vae_loss_seen:318.4463 GZSL: seen=0.8611, unseen=0.3229, h=0.4697 ZSL: unseen accuracy=0.5104
[3/300]  Loss_D: -20.3376 Loss_G: -8.0376, Wasserstein_dist:26.4581, vae_loss_seen:305.5846 GZSL: seen=0.8492, unseen=0.2917, h=0.4342 ZSL: unseen accuracy=0.4792
[4/300]  Loss_D: -20.8742 Loss_G: -6.6713, Wasserstein_dist:28.5855, vae_loss_seen:313.5009 GZSL: seen=0.9127, unseen=0.2135, h=0.3461 ZSL: unseen accuracy=0.5052
[5/300]  Loss_D: -18.2512 Loss_G: -7.7631, Wasserstein_dist:23.3195, vae_loss_seen:307.7129 GZSL: seen=0.8988, unseen=0.2865, h=0.4345 ZSL: unseen accuracy=0.5000
[6/300]  Loss_D: -20.1925 Loss_G: -8.8005, Wasserstein_dist:24.5539, vae_loss_seen:291.5675 GZSL: seen=0.8849, unseen=0.2500, h=0.3899 ZSL: unseen accuracy=0.5885
[7/300]  Loss_D: -19.4627 Loss_G: -8.9653, Wasserstein_dist:24.5247, vae_loss_seen:293.8838 GZSL: seen=0.9206, unseen=0.2031, h=0.3328 ZSL: unseen accuracy=0.5000
[8/300]  Loss_D: -15.6006 Loss_G: -6.7898, Wasserstein_dist:18.9478, vae_loss_seen:291.4693 GZSL: seen=0.8583, unseen=0.3750, h=0.5219 ZSL: unseen accuracy=0.5833
[9/300]  Loss_D: -18.5100 Loss_G: -6.7972, Wasserstein_dist:24.4138, vae_loss_seen:308.1539 GZSL: seen=0.9147, unseen=0.2812, h=0.4302 ZSL: unseen accuracy=0.6094
[10/300]  Loss_D: -19.3107 Loss_G: -7.0255, Wasserstein_dist:25.7733, vae_loss_seen:299.6474 GZSL: seen=0.8980, unseen=0.3229, h=0.4750 ZSL: unseen accuracy=0.6250
[11/300]  Loss_D: -19.2646 Loss_G: -6.8879, Wasserstein_dist:24.9716, vae_loss_seen:285.8692 GZSL: seen=0.7500, unseen=0.3750, h=0.5000 ZSL: unseen accuracy=0.6927
[12/300]  Loss_D: -16.1823 Loss_G: -5.2996, Wasserstein_dist:21.5843, vae_loss_seen:293.4016 GZSL: seen=0.8710, unseen=0.3125, h=0.4600 ZSL: unseen accuracy=0.7031
[13/300]  Loss_D: -18.9938 Loss_G: -6.3011, Wasserstein_dist:25.2522, vae_loss_seen:292.5877 GZSL: seen=0.8671, unseen=0.3229, h=0.4706 ZSL: unseen accuracy=0.6146
[14/300]  Loss_D: -18.0365 Loss_G: -5.4848, Wasserstein_dist:22.7863, vae_loss_seen:289.4508 GZSL: seen=0.8552, unseen=0.4010, h=0.5460 ZSL: unseen accuracy=0.6250
[15/300]  Loss_D: -19.1366 Loss_G: -7.0671, Wasserstein_dist:25.0492, vae_loss_seen:287.2689 GZSL: seen=0.8750, unseen=0.3281, h=0.4773 ZSL: unseen accuracy=0.6458
[16/300]  Loss_D: -16.2124 Loss_G: -3.7551, Wasserstein_dist:20.8277, vae_loss_seen:291.5616 GZSL: seen=0.8730, unseen=0.4062, h=0.5545 ZSL: unseen accuracy=0.6562
[17/300]  Loss_D: -15.7661 Loss_G: -7.0160, Wasserstein_dist:21.8069, vae_loss_seen:289.0205 GZSL: seen=0.8968, unseen=0.3073, h=0.4577 ZSL: unseen accuracy=0.7760
[18/300]  Loss_D: -18.8882 Loss_G: -7.9435, Wasserstein_dist:24.9685, vae_loss_seen:278.9624 GZSL: seen=0.7782, unseen=0.3385, h=0.4718 ZSL: unseen accuracy=0.6719
[19/300]  Loss_D: -14.5780 Loss_G: -3.2622, Wasserstein_dist:20.9838, vae_loss_seen:289.3813 GZSL: seen=0.8810, unseen=0.4010, h=0.5512 ZSL: unseen accuracy=0.5625
[20/300]  Loss_D: -20.4860 Loss_G: -8.4219, Wasserstein_dist:26.8731, vae_loss_seen:292.5763 GZSL: seen=0.8294, unseen=0.4010, h=0.5407 ZSL: unseen accuracy=0.5938
[21/300]  Loss_D: -17.5925 Loss_G: -5.7104, Wasserstein_dist:23.5052, vae_loss_seen:279.9362 GZSL: seen=0.8393, unseen=0.3438, h=0.4877 ZSL: unseen accuracy=0.5729
[22/300]  Loss_D: -16.5759 Loss_G: -4.9942, Wasserstein_dist:21.2668, vae_loss_seen:279.8847 GZSL: seen=0.7059, unseen=0.4583, h=0.5558 ZSL: unseen accuracy=0.5781
[23/300]  Loss_D: -17.6112 Loss_G: -3.3625, Wasserstein_dist:22.0263, vae_loss_seen:289.6786 GZSL: seen=0.8889, unseen=0.2969, h=0.4451 ZSL: unseen accuracy=0.5781
[24/300]  Loss_D: -21.3957 Loss_G: -6.2960, Wasserstein_dist:26.5172, vae_loss_seen:270.4219 GZSL: seen=0.8980, unseen=0.3698, h=0.5239 ZSL: unseen accuracy=0.5625
[25/300]  Loss_D: -20.1928 Loss_G: -7.7963, Wasserstein_dist:25.4359, vae_loss_seen:283.4548 GZSL: seen=0.8433, unseen=0.4271, h=0.5670 ZSL: unseen accuracy=0.5573
[26/300]  Loss_D: -22.1022 Loss_G: -8.0702, Wasserstein_dist:27.4119, vae_loss_seen:279.6927 GZSL: seen=0.8552, unseen=0.3490, h=0.4957 ZSL: unseen accuracy=0.5365
[27/300]  Loss_D: -20.7116 Loss_G: -6.9823, Wasserstein_dist:26.5202, vae_loss_seen:271.3460 GZSL: seen=0.7877, unseen=0.4115, h=0.5406 ZSL: unseen accuracy=0.5521
[28/300]  Loss_D: -14.9692 Loss_G: -3.4915, Wasserstein_dist:19.4386, vae_loss_seen:285.2127 GZSL: seen=0.9147, unseen=0.2448, h=0.3862 ZSL: unseen accuracy=0.4375
[29/300]  Loss_D: -17.1410 Loss_G: -0.2547, Wasserstein_dist:21.7533, vae_loss_seen:272.6026 GZSL: seen=0.7103, unseen=0.4896, h=0.5796 ZSL: unseen accuracy=0.5625
[30/300]  Loss_D: -15.3223 Loss_G: -4.0446, Wasserstein_dist:18.2759, vae_loss_seen:275.4678 GZSL: seen=0.8492, unseen=0.3021, h=0.4456 ZSL: unseen accuracy=0.5417
[31/300]  Loss_D: -16.8880 Loss_G: -4.4005, Wasserstein_dist:21.1521, vae_loss_seen:281.5112 GZSL: seen=0.7758, unseen=0.3646, h=0.4960 ZSL: unseen accuracy=0.5521
[32/300]  Loss_D: -14.7685 Loss_G: -3.1042, Wasserstein_dist:19.4101, vae_loss_seen:279.6979 GZSL: seen=0.6944, unseen=0.3958, h=0.5042 ZSL: unseen accuracy=0.5677
[33/300]  Loss_D: -17.2390 Loss_G: -6.1922, Wasserstein_dist:21.3634, vae_loss_seen:267.8330 GZSL: seen=0.7679, unseen=0.4115, h=0.5358 ZSL: unseen accuracy=0.5260
[34/300]  Loss_D: -14.6703 Loss_G: -1.7034, Wasserstein_dist:17.7955, vae_loss_seen:279.8202 GZSL: seen=0.7937, unseen=0.2396, h=0.3681 ZSL: unseen accuracy=0.4479
[35/300]  Loss_D: -15.5847 Loss_G: -3.9922, Wasserstein_dist:19.4198, vae_loss_seen:274.9376 GZSL: seen=0.8929, unseen=0.2969, h=0.4456 ZSL: unseen accuracy=0.5417
[36/300]  Loss_D: -15.2029 Loss_G: -2.4730, Wasserstein_dist:19.1377, vae_loss_seen:277.6976 GZSL: seen=0.8413, unseen=0.4062, h=0.5479 ZSL: unseen accuracy=0.5000
[37/300]  Loss_D: -13.5092 Loss_G: -2.4535, Wasserstein_dist:16.8926, vae_loss_seen:276.5494 GZSL: seen=0.8532, unseen=0.2865, h=0.4289 ZSL: unseen accuracy=0.5469
[38/300]  Loss_D: -14.1165 Loss_G: -0.2424, Wasserstein_dist:16.7888, vae_loss_seen:274.0564 GZSL: seen=0.7282, unseen=0.5052, h=0.5965 ZSL: unseen accuracy=0.5052
[39/300]  Loss_D: -11.6341 Loss_G: 0.9745, Wasserstein_dist:15.0136, vae_loss_seen:277.1272 GZSL: seen=0.7302, unseen=0.3750, h=0.4955 ZSL: unseen accuracy=0.5260
[40/300]  Loss_D: -13.6538 Loss_G: -1.0437, Wasserstein_dist:17.2573, vae_loss_seen:283.4572 GZSL: seen=0.7619, unseen=0.3802, h=0.5073 ZSL: unseen accuracy=0.5260
[41/300]  Loss_D: -15.8795 Loss_G: 2.1743, Wasserstein_dist:20.5095, vae_loss_seen:283.0648 GZSL: seen=0.8631, unseen=0.3281, h=0.4755 ZSL: unseen accuracy=0.5208
[42/300]  Loss_D: -10.4454 Loss_G: 2.8098, Wasserstein_dist:13.4231, vae_loss_seen:281.5837 GZSL: seen=0.8373, unseen=0.2604, h=0.3973 ZSL: unseen accuracy=0.4948
[43/300]  Loss_D: -10.2932 Loss_G: -0.1988, Wasserstein_dist:13.6805, vae_loss_seen:269.8166 GZSL: seen=0.7035, unseen=0.5938, h=0.6440 ZSL: unseen accuracy=0.5000
[44/300]  Loss_D: -10.5550 Loss_G: 0.7362, Wasserstein_dist:13.8569, vae_loss_seen:276.2072 GZSL: seen=0.7222, unseen=0.3281, h=0.4512 ZSL: unseen accuracy=0.5208
[45/300]  Loss_D: -10.2379 Loss_G: 2.4455, Wasserstein_dist:13.3280, vae_loss_seen:265.8280 GZSL: seen=0.7321, unseen=0.4427, h=0.5518 ZSL: unseen accuracy=0.5260
[46/300]  Loss_D: -14.3845 Loss_G: -1.0315, Wasserstein_dist:17.6276, vae_loss_seen:278.1516 GZSL: seen=0.7035, unseen=0.4271, h=0.5315 ZSL: unseen accuracy=0.5417
[47/300]  Loss_D: -11.2095 Loss_G: 1.2998, Wasserstein_dist:14.5930, vae_loss_seen:278.7511 GZSL: seen=0.7183, unseen=0.3854, h=0.5016 ZSL: unseen accuracy=0.6406
[48/300]  Loss_D: -12.1448 Loss_G: 3.1277, Wasserstein_dist:15.5697, vae_loss_seen:280.1187 GZSL: seen=0.7253, unseen=0.2552, h=0.3776 ZSL: unseen accuracy=0.4531
[49/300]  Loss_D: -14.4677 Loss_G: 3.1962, Wasserstein_dist:20.1105, vae_loss_seen:281.0796 GZSL: seen=0.7226, unseen=0.4635, h=0.5648 ZSL: unseen accuracy=0.5000
[50/300]  Loss_D: -9.5789 Loss_G: 2.7043, Wasserstein_dist:12.3482, vae_loss_seen:274.5101 GZSL: seen=0.7063, unseen=0.5260, h=0.6030 ZSL: unseen accuracy=0.5052
[51/300]  Loss_D: -11.6946 Loss_G: 3.5425, Wasserstein_dist:14.7202, vae_loss_seen:281.2503 GZSL: seen=0.6766, unseen=0.4271, h=0.5236 ZSL: unseen accuracy=0.5052
[52/300]  Loss_D: -12.1150 Loss_G: 1.1114, Wasserstein_dist:15.5901, vae_loss_seen:269.0733 GZSL: seen=0.7500, unseen=0.4375, h=0.5526 ZSL: unseen accuracy=0.5312
[53/300]  Loss_D: -11.9938 Loss_G: 2.8407, Wasserstein_dist:15.6125, vae_loss_seen:263.7951 GZSL: seen=0.7302, unseen=0.3021, h=0.4274 ZSL: unseen accuracy=0.5156
[54/300]  Loss_D: -10.8279 Loss_G: 1.3159, Wasserstein_dist:13.8912, vae_loss_seen:274.7545 GZSL: seen=0.8274, unseen=0.2656, h=0.4021 ZSL: unseen accuracy=0.5052
[55/300]  Loss_D: -11.3497 Loss_G: 1.2597, Wasserstein_dist:14.3985, vae_loss_seen:273.7019 GZSL: seen=0.7163, unseen=0.4635, h=0.5628 ZSL: unseen accuracy=0.4792
[56/300]  Loss_D: -9.9766 Loss_G: 2.1716, Wasserstein_dist:12.8822, vae_loss_seen:274.8388 GZSL: seen=0.6371, unseen=0.4115, h=0.5000 ZSL: unseen accuracy=0.5104
[57/300]  Loss_D: -11.5508 Loss_G: 1.9464, Wasserstein_dist:14.2161, vae_loss_seen:268.3156 GZSL: seen=0.7627, unseen=0.3906, h=0.5166 ZSL: unseen accuracy=0.5260
[58/300]  Loss_D: -11.5023 Loss_G: 3.8935, Wasserstein_dist:15.7253, vae_loss_seen:276.6570 GZSL: seen=0.8750, unseen=0.2292, h=0.3632 ZSL: unseen accuracy=0.5156
[59/300]  Loss_D: -9.4049 Loss_G: 1.5612, Wasserstein_dist:11.7657, vae_loss_seen:271.7876 GZSL: seen=0.8333, unseen=0.3073, h=0.4490 ZSL: unseen accuracy=0.4792
[60/300]  Loss_D: -10.4879 Loss_G: 3.6959, Wasserstein_dist:13.3698, vae_loss_seen:275.0720 GZSL: seen=0.6825, unseen=0.4427, h=0.5371 ZSL: unseen accuracy=0.5156
[61/300]  Loss_D: -10.8209 Loss_G: 2.6805, Wasserstein_dist:14.0744, vae_loss_seen:273.2724 GZSL: seen=0.6876, unseen=0.4635, h=0.5538 ZSL: unseen accuracy=0.5833
[62/300]  Loss_D: -9.4294 Loss_G: 2.0730, Wasserstein_dist:12.2808, vae_loss_seen:268.4880 GZSL: seen=0.6587, unseen=0.4688, h=0.5477 ZSL: unseen accuracy=0.4948
[63/300]  Loss_D: -11.1794 Loss_G: 2.2060, Wasserstein_dist:13.8105, vae_loss_seen:280.5490 GZSL: seen=0.8333, unseen=0.2812, h=0.4206 ZSL: unseen accuracy=0.5365
[64/300]  Loss_D: -9.9637 Loss_G: 2.3286, Wasserstein_dist:12.7983, vae_loss_seen:277.9541 GZSL: seen=0.6746, unseen=0.4896, h=0.5674 ZSL: unseen accuracy=0.4792
[65/300]  Loss_D: -12.0509 Loss_G: 2.0240, Wasserstein_dist:15.8327, vae_loss_seen:275.4367 GZSL: seen=0.7031, unseen=0.4010, h=0.5107 ZSL: unseen accuracy=0.5156
[66/300]  Loss_D: -10.5857 Loss_G: 2.3689, Wasserstein_dist:13.8970, vae_loss_seen:270.7634 GZSL: seen=0.7421, unseen=0.5208, h=0.6121 ZSL: unseen accuracy=0.4740
[67/300]  Loss_D: -9.4503 Loss_G: 3.0544, Wasserstein_dist:12.9354, vae_loss_seen:272.2946 GZSL: seen=0.8651, unseen=0.2656, h=0.4064 ZSL: unseen accuracy=0.5208
[68/300]  Loss_D: -11.8094 Loss_G: 4.8178, Wasserstein_dist:14.2449, vae_loss_seen:272.2902 GZSL: seen=0.7048, unseen=0.3750, h=0.4895 ZSL: unseen accuracy=0.4896
[69/300]  Loss_D: -11.2210 Loss_G: 3.6462, Wasserstein_dist:14.8027, vae_loss_seen:279.4252 GZSL: seen=0.7540, unseen=0.3854, h=0.5101 ZSL: unseen accuracy=0.4844
[70/300]  Loss_D: -10.6321 Loss_G: 3.5280, Wasserstein_dist:13.7169, vae_loss_seen:270.0196 GZSL: seen=0.7917, unseen=0.3958, h=0.5278 ZSL: unseen accuracy=0.4740
[71/300]  Loss_D: -9.9417 Loss_G: 5.4927, Wasserstein_dist:14.0928, vae_loss_seen:273.2949 GZSL: seen=0.7365, unseen=0.5052, h=0.5993 ZSL: unseen accuracy=0.5052
[72/300]  Loss_D: -12.4490 Loss_G: 1.4123, Wasserstein_dist:16.0954, vae_loss_seen:273.3224 GZSL: seen=0.8234, unseen=0.3385, h=0.4798 ZSL: unseen accuracy=0.4896
[73/300]  Loss_D: -9.1276 Loss_G: 2.9177, Wasserstein_dist:12.4469, vae_loss_seen:254.0391 GZSL: seen=0.7921, unseen=0.5156, h=0.6246 ZSL: unseen accuracy=0.5104
[74/300]  Loss_D: -9.4200 Loss_G: 4.3267, Wasserstein_dist:11.6800, vae_loss_seen:271.6814 GZSL: seen=0.6786, unseen=0.4740, h=0.5581 ZSL: unseen accuracy=0.5000
[75/300]  Loss_D: -11.2615 Loss_G: 2.3057, Wasserstein_dist:14.6907, vae_loss_seen:267.3766 GZSL: seen=0.8175, unseen=0.4062, h=0.5428 ZSL: unseen accuracy=0.5052
[76/300]  Loss_D: -11.7740 Loss_G: 5.1221, Wasserstein_dist:15.7789, vae_loss_seen:279.7874 GZSL: seen=0.7976, unseen=0.3802, h=0.5150 ZSL: unseen accuracy=0.5417
[77/300]  Loss_D: -10.4147 Loss_G: 3.4824, Wasserstein_dist:13.8377, vae_loss_seen:280.0270 GZSL: seen=0.7460, unseen=0.4844, h=0.5874 ZSL: unseen accuracy=0.4896
[78/300]  Loss_D: -9.1989 Loss_G: 2.1715, Wasserstein_dist:11.9475, vae_loss_seen:273.2757 GZSL: seen=0.8611, unseen=0.2240, h=0.3555 ZSL: unseen accuracy=0.4792
[79/300]  Loss_D: -9.2330 Loss_G: 3.4257, Wasserstein_dist:12.7348, vae_loss_seen:277.3460 GZSL: seen=0.7276, unseen=0.5000, h=0.5927 ZSL: unseen accuracy=0.5052
[80/300]  Loss_D: -9.2762 Loss_G: 6.4299, Wasserstein_dist:12.7449, vae_loss_seen:282.3998 GZSL: seen=0.7948, unseen=0.4115, h=0.5422 ZSL: unseen accuracy=0.5156
[81/300]  Loss_D: -8.7152 Loss_G: 4.7133, Wasserstein_dist:11.5596, vae_loss_seen:272.1157 GZSL: seen=0.7551, unseen=0.3594, h=0.4870 ZSL: unseen accuracy=0.5052
[82/300]  Loss_D: -9.8963 Loss_G: 4.5831, Wasserstein_dist:13.2373, vae_loss_seen:273.7469 GZSL: seen=0.7083, unseen=0.4219, h=0.5288 ZSL: unseen accuracy=0.5312
[83/300]  Loss_D: -7.7639 Loss_G: 3.6809, Wasserstein_dist:10.1758, vae_loss_seen:261.9690 GZSL: seen=0.7103, unseen=0.4062, h=0.5169 ZSL: unseen accuracy=0.5052
[84/300]  Loss_D: -8.0661 Loss_G: 7.0139, Wasserstein_dist:11.7831, vae_loss_seen:274.8490 GZSL: seen=0.7143, unseen=0.4062, h=0.5179 ZSL: unseen accuracy=0.5104
[85/300]  Loss_D: -10.3070 Loss_G: 3.2814, Wasserstein_dist:13.8367, vae_loss_seen:270.0674 GZSL: seen=0.7361, unseen=0.4010, h=0.5192 ZSL: unseen accuracy=0.5208
[86/300]  Loss_D: -8.8727 Loss_G: 5.3115, Wasserstein_dist:11.8873, vae_loss_seen:273.6002 GZSL: seen=0.8155, unseen=0.2760, h=0.4125 ZSL: unseen accuracy=0.5156
[87/300]  Loss_D: -8.9250 Loss_G: 4.1012, Wasserstein_dist:11.4108, vae_loss_seen:267.0984 GZSL: seen=0.7579, unseen=0.3333, h=0.4630 ZSL: unseen accuracy=0.4896
[88/300]  Loss_D: -11.9809 Loss_G: 4.3291, Wasserstein_dist:15.2003, vae_loss_seen:276.1224 GZSL: seen=0.8909, unseen=0.3021, h=0.4512 ZSL: unseen accuracy=0.4948
[89/300]  Loss_D: -8.3316 Loss_G: 7.7071, Wasserstein_dist:11.1178, vae_loss_seen:273.8828 GZSL: seen=0.7183, unseen=0.2552, h=0.3766 ZSL: unseen accuracy=0.5260
[90/300]  Loss_D: -10.1491 Loss_G: 4.2679, Wasserstein_dist:12.4642, vae_loss_seen:272.6574 GZSL: seen=0.7302, unseen=0.3333, h=0.4577 ZSL: unseen accuracy=0.5000
[91/300]  Loss_D: -7.9148 Loss_G: 4.7209, Wasserstein_dist:10.4602, vae_loss_seen:266.1489 GZSL: seen=0.8810, unseen=0.2448, h=0.3831 ZSL: unseen accuracy=0.4948
[92/300]  Loss_D: -7.9708 Loss_G: 6.0706, Wasserstein_dist:11.5456, vae_loss_seen:276.2983 GZSL: seen=0.7069, unseen=0.3698, h=0.4856 ZSL: unseen accuracy=0.4062
[93/300]  Loss_D: -8.7334 Loss_G: 3.7855, Wasserstein_dist:11.5115, vae_loss_seen:269.3813 GZSL: seen=0.8452, unseen=0.3177, h=0.4618 ZSL: unseen accuracy=0.4948
[94/300]  Loss_D: -8.8293 Loss_G: 7.7617, Wasserstein_dist:12.4839, vae_loss_seen:286.3452 GZSL: seen=0.8591, unseen=0.2031, h=0.3286 ZSL: unseen accuracy=0.5573
[95/300]  Loss_D: -9.0714 Loss_G: 4.8736, Wasserstein_dist:12.1757, vae_loss_seen:275.1928 GZSL: seen=0.8591, unseen=0.2969, h=0.4413 ZSL: unseen accuracy=0.5312
[96/300]  Loss_D: -9.4138 Loss_G: 5.2501, Wasserstein_dist:13.1884, vae_loss_seen:270.6933 GZSL: seen=0.7361, unseen=0.3385, h=0.4638 ZSL: unseen accuracy=0.4948
[97/300]  Loss_D: -8.0159 Loss_G: 6.8233, Wasserstein_dist:11.3127, vae_loss_seen:272.1330 GZSL: seen=0.7738, unseen=0.4531, h=0.5716 ZSL: unseen accuracy=0.5000
[98/300]  Loss_D: -7.1692 Loss_G: 5.9661, Wasserstein_dist:10.2783, vae_loss_seen:268.5610 GZSL: seen=0.7341, unseen=0.3385, h=0.4634 ZSL: unseen accuracy=0.4844
[99/300]  Loss_D: -8.4079 Loss_G: 5.3425, Wasserstein_dist:10.6471, vae_loss_seen:276.2866 GZSL: seen=0.7659, unseen=0.3021, h=0.4333 ZSL: unseen accuracy=0.4896
[100/300]  Loss_D: -8.4768 Loss_G: 3.4744, Wasserstein_dist:10.9269, vae_loss_seen:263.3787 GZSL: seen=0.7107, unseen=0.4792, h=0.5724 ZSL: unseen accuracy=0.4062
[101/300]  Loss_D: -7.6700 Loss_G: 5.6461, Wasserstein_dist:9.9699, vae_loss_seen:272.9355 GZSL: seen=0.7103, unseen=0.3281, h=0.4489 ZSL: unseen accuracy=0.4948
[102/300]  Loss_D: -7.7038 Loss_G: 5.7828, Wasserstein_dist:10.2116, vae_loss_seen:273.1253 GZSL: seen=0.8234, unseen=0.3646, h=0.5054 ZSL: unseen accuracy=0.4896
[103/300]  Loss_D: -7.6170 Loss_G: 4.3929, Wasserstein_dist:10.3081, vae_loss_seen:272.2457 GZSL: seen=0.7401, unseen=0.3854, h=0.5069 ZSL: unseen accuracy=0.5052
[104/300]  Loss_D: -8.6642 Loss_G: 5.8000, Wasserstein_dist:10.7885, vae_loss_seen:269.9333 GZSL: seen=0.7167, unseen=0.4167, h=0.5270 ZSL: unseen accuracy=0.5521
[105/300]  Loss_D: -10.1541 Loss_G: 6.4413, Wasserstein_dist:12.4557, vae_loss_seen:270.2606 GZSL: seen=0.7738, unseen=0.2917, h=0.4236 ZSL: unseen accuracy=0.4896
[106/300]  Loss_D: -7.0918 Loss_G: 6.0831, Wasserstein_dist:9.2752, vae_loss_seen:270.1901 GZSL: seen=0.7615, unseen=0.4635, h=0.5763 ZSL: unseen accuracy=0.5104
[107/300]  Loss_D: -8.9688 Loss_G: 5.1119, Wasserstein_dist:11.5227, vae_loss_seen:273.2224 GZSL: seen=0.7778, unseen=0.4427, h=0.5642 ZSL: unseen accuracy=0.5104
[108/300]  Loss_D: -9.0024 Loss_G: 4.2367, Wasserstein_dist:12.2853, vae_loss_seen:274.5645 GZSL: seen=0.8384, unseen=0.2448, h=0.3789 ZSL: unseen accuracy=0.5052
[109/300]  Loss_D: -5.4497 Loss_G: 5.0170, Wasserstein_dist:7.7509, vae_loss_seen:266.8907 GZSL: seen=0.7376, unseen=0.3125, h=0.4390 ZSL: unseen accuracy=0.5521
[110/300]  Loss_D: -8.9283 Loss_G: 6.9524, Wasserstein_dist:11.7751, vae_loss_seen:265.9869 GZSL: seen=0.7540, unseen=0.2865, h=0.4152 ZSL: unseen accuracy=0.4792
[111/300]  Loss_D: -10.1700 Loss_G: 4.4867, Wasserstein_dist:12.4867, vae_loss_seen:274.8317 GZSL: seen=0.6833, unseen=0.4844, h=0.5669 ZSL: unseen accuracy=0.5000
[112/300]  Loss_D: -8.3905 Loss_G: 5.1814, Wasserstein_dist:11.2647, vae_loss_seen:265.1420 GZSL: seen=0.7762, unseen=0.3802, h=0.5104 ZSL: unseen accuracy=0.4948
[113/300]  Loss_D: -7.4465 Loss_G: 4.9901, Wasserstein_dist:9.5638, vae_loss_seen:264.0550 GZSL: seen=0.7687, unseen=0.4271, h=0.5491 ZSL: unseen accuracy=0.5104
[114/300]  Loss_D: -8.3893 Loss_G: 5.7382, Wasserstein_dist:11.4255, vae_loss_seen:271.4651 GZSL: seen=0.8730, unseen=0.2604, h=0.4012 ZSL: unseen accuracy=0.5000
[115/300]  Loss_D: -6.8961 Loss_G: 4.8569, Wasserstein_dist:9.6124, vae_loss_seen:267.3347 GZSL: seen=0.7603, unseen=0.2292, h=0.3522 ZSL: unseen accuracy=0.4844
[116/300]  Loss_D: -8.3145 Loss_G: 5.8525, Wasserstein_dist:10.8395, vae_loss_seen:273.5512 GZSL: seen=0.8512, unseen=0.2552, h=0.3927 ZSL: unseen accuracy=0.5000
[117/300]  Loss_D: -9.1795 Loss_G: 4.8235, Wasserstein_dist:11.5610, vae_loss_seen:270.4734 GZSL: seen=0.7381, unseen=0.4531, h=0.5615 ZSL: unseen accuracy=0.5312
[118/300]  Loss_D: -7.1418 Loss_G: 5.6776, Wasserstein_dist:9.6990, vae_loss_seen:265.3961 GZSL: seen=0.8631, unseen=0.3281, h=0.4755 ZSL: unseen accuracy=0.4688
[119/300]  Loss_D: -7.1733 Loss_G: 4.6330, Wasserstein_dist:9.6846, vae_loss_seen:276.0260 GZSL: seen=0.8365, unseen=0.2760, h=0.4151 ZSL: unseen accuracy=0.4844
[120/300]  Loss_D: -7.3699 Loss_G: 8.3445, Wasserstein_dist:10.4296, vae_loss_seen:264.4457 GZSL: seen=0.7004, unseen=0.4271, h=0.5306 ZSL: unseen accuracy=0.4792
[121/300]  Loss_D: -7.6648 Loss_G: 6.6051, Wasserstein_dist:9.9713, vae_loss_seen:272.1611 GZSL: seen=0.7937, unseen=0.2292, h=0.3556 ZSL: unseen accuracy=0.5625
[122/300]  Loss_D: -7.1906 Loss_G: 6.8916, Wasserstein_dist:9.7160, vae_loss_seen:271.6447 GZSL: seen=0.8631, unseen=0.2604, h=0.4001 ZSL: unseen accuracy=0.5365
[123/300]  Loss_D: -8.5635 Loss_G: 5.0864, Wasserstein_dist:10.7244, vae_loss_seen:273.1882 GZSL: seen=0.8413, unseen=0.3333, h=0.4775 ZSL: unseen accuracy=0.4948
[124/300]  Loss_D: -7.8954 Loss_G: 4.9687, Wasserstein_dist:10.3204, vae_loss_seen:268.2803 GZSL: seen=0.8135, unseen=0.3021, h=0.4406 ZSL: unseen accuracy=0.3646
[125/300]  Loss_D: -7.7112 Loss_G: 5.4549, Wasserstein_dist:9.9441, vae_loss_seen:260.7515 GZSL: seen=0.7063, unseen=0.3490, h=0.4671 ZSL: unseen accuracy=0.5104
[126/300]  Loss_D: -8.1718 Loss_G: 5.3779, Wasserstein_dist:10.5925, vae_loss_seen:262.8609 GZSL: seen=0.7297, unseen=0.4323, h=0.5429 ZSL: unseen accuracy=0.4844
[127/300]  Loss_D: -6.6838 Loss_G: 5.6693, Wasserstein_dist:8.9784, vae_loss_seen:264.8417 GZSL: seen=0.7659, unseen=0.4115, h=0.5353 ZSL: unseen accuracy=0.5000
[128/300]  Loss_D: -9.7042 Loss_G: 3.9459, Wasserstein_dist:12.3460, vae_loss_seen:266.6125 GZSL: seen=0.8413, unseen=0.2604, h=0.3977 ZSL: unseen accuracy=0.5312
[129/300]  Loss_D: -9.4208 Loss_G: 5.5376, Wasserstein_dist:12.5213, vae_loss_seen:265.7455 GZSL: seen=0.8433, unseen=0.3385, h=0.4831 ZSL: unseen accuracy=0.5417
[130/300]  Loss_D: -7.5314 Loss_G: 5.8675, Wasserstein_dist:9.7662, vae_loss_seen:275.0359 GZSL: seen=0.7817, unseen=0.5000, h=0.6099 ZSL: unseen accuracy=0.4896
[131/300]  Loss_D: -7.0596 Loss_G: 5.8525, Wasserstein_dist:9.5386, vae_loss_seen:265.1011 GZSL: seen=0.8452, unseen=0.3333, h=0.4781 ZSL: unseen accuracy=0.5260
[132/300]  Loss_D: -7.9509 Loss_G: 6.8378, Wasserstein_dist:11.4975, vae_loss_seen:272.7502 GZSL: seen=0.7432, unseen=0.2969, h=0.4243 ZSL: unseen accuracy=0.5312
[133/300]  Loss_D: -7.4575 Loss_G: 5.0176, Wasserstein_dist:10.0598, vae_loss_seen:282.1943 GZSL: seen=0.8056, unseen=0.4583, h=0.5842 ZSL: unseen accuracy=0.3542
[134/300]  Loss_D: -7.5960 Loss_G: 6.8152, Wasserstein_dist:10.1913, vae_loss_seen:271.3362 GZSL: seen=0.7540, unseen=0.4948, h=0.5975 ZSL: unseen accuracy=0.5052
[135/300]  Loss_D: -6.7262 Loss_G: 5.2724, Wasserstein_dist:9.4661, vae_loss_seen:264.3429 GZSL: seen=0.7551, unseen=0.2865, h=0.4153 ZSL: unseen accuracy=0.5104
[136/300]  Loss_D: -6.7794 Loss_G: 5.7807, Wasserstein_dist:9.4330, vae_loss_seen:266.5208 GZSL: seen=0.8730, unseen=0.2083, h=0.3364 ZSL: unseen accuracy=0.5052
[137/300]  Loss_D: -7.1884 Loss_G: 3.6278, Wasserstein_dist:9.3573, vae_loss_seen:269.1428 GZSL: seen=0.7154, unseen=0.4271, h=0.5349 ZSL: unseen accuracy=0.5365
[138/300]  Loss_D: -7.9174 Loss_G: 5.8331, Wasserstein_dist:11.5117, vae_loss_seen:271.2147 GZSL: seen=0.7095, unseen=0.4583, h=0.5569 ZSL: unseen accuracy=0.4740
[139/300]  Loss_D: -7.6887 Loss_G: 6.9200, Wasserstein_dist:10.4503, vae_loss_seen:267.7315 GZSL: seen=0.7302, unseen=0.3854, h=0.5045 ZSL: unseen accuracy=0.5000
[140/300]  Loss_D: -7.3681 Loss_G: 5.8061, Wasserstein_dist:10.0516, vae_loss_seen:260.9608 GZSL: seen=0.7460, unseen=0.2344, h=0.3567 ZSL: unseen accuracy=0.5417
[141/300]  Loss_D: -7.4258 Loss_G: 6.3951, Wasserstein_dist:9.8186, vae_loss_seen:276.4977 GZSL: seen=0.8254, unseen=0.4844, h=0.6105 ZSL: unseen accuracy=0.5156
[142/300]  Loss_D: -6.5998 Loss_G: 6.8645, Wasserstein_dist:9.9372, vae_loss_seen:272.1341 GZSL: seen=0.7619, unseen=0.2188, h=0.3399 ZSL: unseen accuracy=0.4271
[143/300]  Loss_D: -8.1001 Loss_G: 4.3403, Wasserstein_dist:10.4934, vae_loss_seen:269.5212 GZSL: seen=0.7230, unseen=0.2552, h=0.3773 ZSL: unseen accuracy=0.5104
[144/300]  Loss_D: -6.5977 Loss_G: 4.9645, Wasserstein_dist:8.7845, vae_loss_seen:266.1458 GZSL: seen=0.8452, unseen=0.2448, h=0.3796 ZSL: unseen accuracy=0.4948
[145/300]  Loss_D: -7.6066 Loss_G: 6.3304, Wasserstein_dist:10.0737, vae_loss_seen:266.8889 GZSL: seen=0.7639, unseen=0.3021, h=0.4330 ZSL: unseen accuracy=0.4792
[146/300]  Loss_D: -6.2250 Loss_G: 5.3476, Wasserstein_dist:9.4790, vae_loss_seen:263.7210 GZSL: seen=0.7996, unseen=0.2448, h=0.3748 ZSL: unseen accuracy=0.5000
[147/300]  Loss_D: -6.7195 Loss_G: 5.6793, Wasserstein_dist:8.8478, vae_loss_seen:271.7672 GZSL: seen=0.8333, unseen=0.3177, h=0.4600 ZSL: unseen accuracy=0.4948
[148/300]  Loss_D: -7.4204 Loss_G: 3.5664, Wasserstein_dist:9.5571, vae_loss_seen:269.0946 GZSL: seen=0.7480, unseen=0.2656, h=0.3920 ZSL: unseen accuracy=0.4948
[149/300]  Loss_D: -5.5320 Loss_G: 6.0790, Wasserstein_dist:7.8147, vae_loss_seen:274.1593 GZSL: seen=0.7480, unseen=0.4010, h=0.5221 ZSL: unseen accuracy=0.5208
[150/300]  Loss_D: -5.9439 Loss_G: 4.3720, Wasserstein_dist:8.4355, vae_loss_seen:265.0667 GZSL: seen=0.8155, unseen=0.2604, h=0.3948 ZSL: unseen accuracy=0.5365
[151/300]  Loss_D: -7.1332 Loss_G: 5.6202, Wasserstein_dist:9.8100, vae_loss_seen:261.4907 GZSL: seen=0.8112, unseen=0.2969, h=0.4347 ZSL: unseen accuracy=0.5417
[152/300]  Loss_D: -7.4952 Loss_G: 5.2147, Wasserstein_dist:10.0972, vae_loss_seen:265.3087 GZSL: seen=0.7921, unseen=0.2969, h=0.4319 ZSL: unseen accuracy=0.4583
[153/300]  Loss_D: -8.2247 Loss_G: 4.1639, Wasserstein_dist:10.7399, vae_loss_seen:275.3945 GZSL: seen=0.7778, unseen=0.2812, h=0.4131 ZSL: unseen accuracy=0.5052
[154/300]  Loss_D: -7.8287 Loss_G: 4.7770, Wasserstein_dist:10.1979, vae_loss_seen:281.0146 GZSL: seen=0.7817, unseen=0.3333, h=0.4674 ZSL: unseen accuracy=0.4948
[155/300]  Loss_D: -6.8078 Loss_G: 4.5939, Wasserstein_dist:8.9218, vae_loss_seen:264.3739 GZSL: seen=0.7937, unseen=0.4688, h=0.5894 ZSL: unseen accuracy=0.4896
[156/300]  Loss_D: -8.2075 Loss_G: 4.5627, Wasserstein_dist:10.6734, vae_loss_seen:273.0780 GZSL: seen=0.7563, unseen=0.2865, h=0.4155 ZSL: unseen accuracy=0.5156
[157/300]  Loss_D: -8.3046 Loss_G: 3.9771, Wasserstein_dist:10.5624, vae_loss_seen:268.2318 GZSL: seen=0.8214, unseen=0.2760, h=0.4132 ZSL: unseen accuracy=0.5417
[158/300]  Loss_D: -8.1777 Loss_G: 6.5086, Wasserstein_dist:11.1391, vae_loss_seen:268.9482 GZSL: seen=0.7480, unseen=0.2552, h=0.3806 ZSL: unseen accuracy=0.4948
[159/300]  Loss_D: -8.0152 Loss_G: 5.0229, Wasserstein_dist:9.8468, vae_loss_seen:268.7908 GZSL: seen=0.6905, unseen=0.3021, h=0.4203 ZSL: unseen accuracy=0.4948
[160/300]  Loss_D: -7.1757 Loss_G: 4.2698, Wasserstein_dist:9.6378, vae_loss_seen:267.4718 GZSL: seen=0.8444, unseen=0.3281, h=0.4726 ZSL: unseen accuracy=0.5052
[161/300]  Loss_D: -7.9004 Loss_G: 5.3049, Wasserstein_dist:11.1767, vae_loss_seen:269.3986 GZSL: seen=0.7659, unseen=0.4688, h=0.5816 ZSL: unseen accuracy=0.5417
[162/300]  Loss_D: -6.6528 Loss_G: 8.0680, Wasserstein_dist:9.5047, vae_loss_seen:269.4267 GZSL: seen=0.7151, unseen=0.4531, h=0.5547 ZSL: unseen accuracy=0.5312
[163/300]  Loss_D: -6.7229 Loss_G: 5.1706, Wasserstein_dist:9.2305, vae_loss_seen:266.6614 GZSL: seen=0.7897, unseen=0.4844, h=0.6004 ZSL: unseen accuracy=0.5312
[164/300]  Loss_D: -5.7326 Loss_G: 6.5223, Wasserstein_dist:7.5892, vae_loss_seen:261.0734 GZSL: seen=0.7670, unseen=0.3073, h=0.4388 ZSL: unseen accuracy=0.4062
[165/300]  Loss_D: -7.1380 Loss_G: 6.2050, Wasserstein_dist:9.5949, vae_loss_seen:269.0315 GZSL: seen=0.8214, unseen=0.4635, h=0.5926 ZSL: unseen accuracy=0.4844
[166/300]  Loss_D: -6.3344 Loss_G: 3.6916, Wasserstein_dist:7.8944, vae_loss_seen:263.7466 GZSL: seen=0.8532, unseen=0.2031, h=0.3281 ZSL: unseen accuracy=0.4896
[167/300]  Loss_D: -7.7104 Loss_G: 5.8566, Wasserstein_dist:10.6945, vae_loss_seen:273.3886 GZSL: seen=0.8095, unseen=0.3021, h=0.4400 ZSL: unseen accuracy=0.4792
[168/300]  Loss_D: -7.6112 Loss_G: 4.6457, Wasserstein_dist:10.1657, vae_loss_seen:271.1068 GZSL: seen=0.7004, unseen=0.4792, h=0.5690 ZSL: unseen accuracy=0.5156
[169/300]  Loss_D: -7.1702 Loss_G: 3.3803, Wasserstein_dist:9.4069, vae_loss_seen:267.5578 GZSL: seen=0.8433, unseen=0.3490, h=0.4936 ZSL: unseen accuracy=0.5365
[170/300]  Loss_D: -7.5413 Loss_G: 4.0809, Wasserstein_dist:10.6741, vae_loss_seen:269.0946 GZSL: seen=0.8790, unseen=0.1979, h=0.3231 ZSL: unseen accuracy=0.4948
[171/300]  Loss_D: -6.3575 Loss_G: 6.9109, Wasserstein_dist:8.7460, vae_loss_seen:264.4131 GZSL: seen=0.7401, unseen=0.4688, h=0.5740 ZSL: unseen accuracy=0.4896
[172/300]  Loss_D: -6.1588 Loss_G: 8.7538, Wasserstein_dist:8.2511, vae_loss_seen:268.6345 GZSL: seen=0.7679, unseen=0.2188, h=0.3405 ZSL: unseen accuracy=0.4948
[173/300]  Loss_D: -7.0433 Loss_G: 6.1123, Wasserstein_dist:8.9382, vae_loss_seen:270.5831 GZSL: seen=0.6964, unseen=0.4896, h=0.5750 ZSL: unseen accuracy=0.5104
[174/300]  Loss_D: -6.2477 Loss_G: 4.1602, Wasserstein_dist:8.6572, vae_loss_seen:263.7776 GZSL: seen=0.8532, unseen=0.1823, h=0.3004 ZSL: unseen accuracy=0.4948
[175/300]  Loss_D: -7.2872 Loss_G: 6.4176, Wasserstein_dist:10.6778, vae_loss_seen:263.9090 GZSL: seen=0.8373, unseen=0.4479, h=0.5836 ZSL: unseen accuracy=0.4792
[176/300]  Loss_D: -6.7443 Loss_G: 5.7299, Wasserstein_dist:8.7234, vae_loss_seen:269.4465 GZSL: seen=0.7000, unseen=0.4844, h=0.5726 ZSL: unseen accuracy=0.5156
[177/300]  Loss_D: -7.0233 Loss_G: 3.2187, Wasserstein_dist:9.0120, vae_loss_seen:261.6653 GZSL: seen=0.8532, unseen=0.2083, h=0.3349 ZSL: unseen accuracy=0.4740
[178/300]  Loss_D: -5.7612 Loss_G: 4.1306, Wasserstein_dist:7.3656, vae_loss_seen:264.7673 GZSL: seen=0.6933, unseen=0.4635, h=0.5556 ZSL: unseen accuracy=0.4896
[179/300]  Loss_D: -6.4836 Loss_G: 6.3898, Wasserstein_dist:9.2289, vae_loss_seen:270.3148 GZSL: seen=0.8948, unseen=0.3854, h=0.5388 ZSL: unseen accuracy=0.4896
[180/300]  Loss_D: -6.5824 Loss_G: 3.7667, Wasserstein_dist:8.7779, vae_loss_seen:268.5356 GZSL: seen=0.8730, unseen=0.3438, h=0.4933 ZSL: unseen accuracy=0.5000
[181/300]  Loss_D: -7.0821 Loss_G: 6.4471, Wasserstein_dist:9.4027, vae_loss_seen:274.2160 GZSL: seen=0.7222, unseen=0.4167, h=0.5285 ZSL: unseen accuracy=0.4896
[182/300]  Loss_D: -6.8512 Loss_G: 5.4285, Wasserstein_dist:9.4676, vae_loss_seen:273.5064 GZSL: seen=0.7500, unseen=0.3125, h=0.4412 ZSL: unseen accuracy=0.5417
[183/300]  Loss_D: -6.1105 Loss_G: 3.5490, Wasserstein_dist:8.4236, vae_loss_seen:265.4963 GZSL: seen=0.7885, unseen=0.2083, h=0.3296 ZSL: unseen accuracy=0.5312
[184/300]  Loss_D: -6.8257 Loss_G: 2.0950, Wasserstein_dist:9.2835, vae_loss_seen:267.3679 GZSL: seen=0.8631, unseen=0.3177, h=0.4645 ZSL: unseen accuracy=0.5104
[185/300]  Loss_D: -6.6321 Loss_G: 5.8275, Wasserstein_dist:8.6689, vae_loss_seen:269.9608 GZSL: seen=0.7837, unseen=0.3281, h=0.4626 ZSL: unseen accuracy=0.5052
[186/300]  Loss_D: -9.5079 Loss_G: 2.9981, Wasserstein_dist:12.0936, vae_loss_seen:269.4396 GZSL: seen=0.7253, unseen=0.3229, h=0.4469 ZSL: unseen accuracy=0.4844
[187/300]  Loss_D: -7.4767 Loss_G: 3.3410, Wasserstein_dist:9.3556, vae_loss_seen:259.0309 GZSL: seen=0.7817, unseen=0.3177, h=0.4518 ZSL: unseen accuracy=0.4948
[188/300]  Loss_D: -5.9632 Loss_G: 4.0502, Wasserstein_dist:8.0277, vae_loss_seen:264.2330 GZSL: seen=0.8413, unseen=0.3646, h=0.5087 ZSL: unseen accuracy=0.5000
[189/300]  Loss_D: -6.7060 Loss_G: 4.8342, Wasserstein_dist:8.6309, vae_loss_seen:273.3622 GZSL: seen=0.8810, unseen=0.3073, h=0.4556 ZSL: unseen accuracy=0.5260
[190/300]  Loss_D: -6.3019 Loss_G: 4.3433, Wasserstein_dist:8.0334, vae_loss_seen:263.4699 GZSL: seen=0.7341, unseen=0.2604, h=0.3845 ZSL: unseen accuracy=0.5312
[191/300]  Loss_D: -7.0020 Loss_G: 5.2115, Wasserstein_dist:9.4331, vae_loss_seen:260.6276 GZSL: seen=0.7143, unseen=0.4271, h=0.5346 ZSL: unseen accuracy=0.5000
[192/300]  Loss_D: -5.5911 Loss_G: 5.6692, Wasserstein_dist:7.8660, vae_loss_seen:264.8494 GZSL: seen=0.7976, unseen=0.3021, h=0.4382 ZSL: unseen accuracy=0.4844
[193/300]  Loss_D: -6.4929 Loss_G: 1.8436, Wasserstein_dist:8.4580, vae_loss_seen:255.2806 GZSL: seen=0.7722, unseen=0.3490, h=0.4807 ZSL: unseen accuracy=0.4896
[194/300]  Loss_D: -7.5684 Loss_G: 3.5359, Wasserstein_dist:9.5653, vae_loss_seen:262.3690 GZSL: seen=0.7242, unseen=0.2292, h=0.3482 ZSL: unseen accuracy=0.4896
[195/300]  Loss_D: -7.5791 Loss_G: 3.4091, Wasserstein_dist:9.8259, vae_loss_seen:264.8244 GZSL: seen=0.7659, unseen=0.2135, h=0.3340 ZSL: unseen accuracy=0.4896
[196/300]  Loss_D: -7.1000 Loss_G: 3.6107, Wasserstein_dist:9.6261, vae_loss_seen:266.1469 GZSL: seen=0.7778, unseen=0.4740, h=0.5890 ZSL: unseen accuracy=0.4948
[197/300]  Loss_D: -6.7857 Loss_G: 2.1860, Wasserstein_dist:8.6939, vae_loss_seen:259.7686 GZSL: seen=0.8503, unseen=0.1927, h=0.3142 ZSL: unseen accuracy=0.5000
[198/300]  Loss_D: -7.1466 Loss_G: 2.3601, Wasserstein_dist:9.5222, vae_loss_seen:263.8917 GZSL: seen=0.8552, unseen=0.3438, h=0.4904 ZSL: unseen accuracy=0.4792
[199/300]  Loss_D: -6.0677 Loss_G: 2.1020, Wasserstein_dist:8.0057, vae_loss_seen:262.4259 GZSL: seen=0.7897, unseen=0.3490, h=0.4840 ZSL: unseen accuracy=0.4948
[200/300]  Loss_D: -7.1084 Loss_G: 4.0590, Wasserstein_dist:8.8646, vae_loss_seen:265.9435 GZSL: seen=0.8810, unseen=0.3333, h=0.4837 ZSL: unseen accuracy=0.4896
[201/300]  Loss_D: -6.6546 Loss_G: 3.9800, Wasserstein_dist:8.7099, vae_loss_seen:256.9239 GZSL: seen=0.7813, unseen=0.4427, h=0.5652 ZSL: unseen accuracy=0.4948
[202/300]  Loss_D: -6.7777 Loss_G: 4.2988, Wasserstein_dist:8.7940, vae_loss_seen:266.2545 GZSL: seen=0.8571, unseen=0.2500, h=0.3871 ZSL: unseen accuracy=0.5312
[203/300]  Loss_D: -7.4352 Loss_G: 6.0802, Wasserstein_dist:9.9668, vae_loss_seen:263.1381 GZSL: seen=0.8869, unseen=0.3333, h=0.4846 ZSL: unseen accuracy=0.4844
[204/300]  Loss_D: -6.2970 Loss_G: 4.1702, Wasserstein_dist:8.0606, vae_loss_seen:270.9276 GZSL: seen=0.8075, unseen=0.2969, h=0.4341 ZSL: unseen accuracy=0.5208
[205/300]  Loss_D: -6.5721 Loss_G: 6.0965, Wasserstein_dist:9.0998, vae_loss_seen:271.5133 GZSL: seen=0.8036, unseen=0.3333, h=0.4712 ZSL: unseen accuracy=0.5052
[206/300]  Loss_D: -6.7807 Loss_G: 5.7449, Wasserstein_dist:9.3114, vae_loss_seen:281.0919 GZSL: seen=0.8274, unseen=0.3854, h=0.5259 ZSL: unseen accuracy=0.5000
[207/300]  Loss_D: -7.2838 Loss_G: 7.6510, Wasserstein_dist:10.2558, vae_loss_seen:265.9417 GZSL: seen=0.8452, unseen=0.3333, h=0.4781 ZSL: unseen accuracy=0.5000
[208/300]  Loss_D: -7.0485 Loss_G: 3.6880, Wasserstein_dist:8.8153, vae_loss_seen:257.2302 GZSL: seen=0.8730, unseen=0.3281, h=0.4770 ZSL: unseen accuracy=0.5052
[209/300]  Loss_D: -7.6431 Loss_G: 4.2523, Wasserstein_dist:9.8067, vae_loss_seen:262.0802 GZSL: seen=0.8214, unseen=0.2760, h=0.4132 ZSL: unseen accuracy=0.5000
[210/300]  Loss_D: -7.4153 Loss_G: 2.3930, Wasserstein_dist:10.2240, vae_loss_seen:255.9720 GZSL: seen=0.7337, unseen=0.5000, h=0.5947 ZSL: unseen accuracy=0.5052
[211/300]  Loss_D: -7.6641 Loss_G: 2.1473, Wasserstein_dist:10.6344, vae_loss_seen:257.6457 GZSL: seen=0.8413, unseen=0.3333, h=0.4775 ZSL: unseen accuracy=0.5052
[212/300]  Loss_D: -7.3166 Loss_G: 1.4794, Wasserstein_dist:9.9927, vae_loss_seen:267.7532 GZSL: seen=0.7599, unseen=0.4583, h=0.5718 ZSL: unseen accuracy=0.4948
[213/300]  Loss_D: -6.7881 Loss_G: 2.1270, Wasserstein_dist:9.3550, vae_loss_seen:253.1848 GZSL: seen=0.9028, unseen=0.1979, h=0.3247 ZSL: unseen accuracy=0.5104
[214/300]  Loss_D: -6.6961 Loss_G: 3.7457, Wasserstein_dist:8.5898, vae_loss_seen:267.0958 GZSL: seen=0.7560, unseen=0.4583, h=0.5707 ZSL: unseen accuracy=0.5365
[215/300]  Loss_D: -6.9076 Loss_G: 2.8939, Wasserstein_dist:8.9232, vae_loss_seen:265.7039 GZSL: seen=0.8353, unseen=0.1875, h=0.3063 ZSL: unseen accuracy=0.5312
[216/300]  Loss_D: -6.1742 Loss_G: 2.1186, Wasserstein_dist:8.6339, vae_loss_seen:257.2640 GZSL: seen=0.8175, unseen=0.4688, h=0.5958 ZSL: unseen accuracy=0.4948
[217/300]  Loss_D: -4.9991 Loss_G: 2.5420, Wasserstein_dist:6.6004, vae_loss_seen:265.4417 GZSL: seen=0.8671, unseen=0.2760, h=0.4188 ZSL: unseen accuracy=0.5365
[218/300]  Loss_D: -5.7266 Loss_G: 3.8072, Wasserstein_dist:8.2678, vae_loss_seen:263.5506 GZSL: seen=0.7341, unseen=0.4583, h=0.5643 ZSL: unseen accuracy=0.4844
[219/300]  Loss_D: -6.6306 Loss_G: 4.1136, Wasserstein_dist:9.0997, vae_loss_seen:266.7015 GZSL: seen=0.7917, unseen=0.4740, h=0.5929 ZSL: unseen accuracy=0.4844
[220/300]  Loss_D: -6.2076 Loss_G: 5.4659, Wasserstein_dist:8.1926, vae_loss_seen:259.6152 GZSL: seen=0.7996, unseen=0.3594, h=0.4959 ZSL: unseen accuracy=0.4844
[221/300]  Loss_D: -6.3177 Loss_G: 0.9440, Wasserstein_dist:7.8869, vae_loss_seen:258.3311 GZSL: seen=0.8433, unseen=0.3802, h=0.5241 ZSL: unseen accuracy=0.5156
[222/300]  Loss_D: -5.6642 Loss_G: 1.2485, Wasserstein_dist:7.8167, vae_loss_seen:259.4718 GZSL: seen=0.8393, unseen=0.2812, h=0.4213 ZSL: unseen accuracy=0.5208
[223/300]  Loss_D: -6.8513 Loss_G: 1.2796, Wasserstein_dist:8.7104, vae_loss_seen:263.2117 GZSL: seen=0.7679, unseen=0.3021, h=0.4336 ZSL: unseen accuracy=0.4792
[224/300]  Loss_D: -4.4098 Loss_G: 1.8777, Wasserstein_dist:6.3135, vae_loss_seen:252.7989 GZSL: seen=0.8642, unseen=0.3281, h=0.4757 ZSL: unseen accuracy=0.5000
[225/300]  Loss_D: -5.1055 Loss_G: 2.7732, Wasserstein_dist:6.9467, vae_loss_seen:259.6363 GZSL: seen=0.7306, unseen=0.4115, h=0.5264 ZSL: unseen accuracy=0.5104
[226/300]  Loss_D: -6.0847 Loss_G: 2.6276, Wasserstein_dist:8.1007, vae_loss_seen:262.3458 GZSL: seen=0.8523, unseen=0.3229, h=0.4684 ZSL: unseen accuracy=0.4740
[227/300]  Loss_D: -4.6434 Loss_G: 2.3770, Wasserstein_dist:6.6364, vae_loss_seen:262.5414 GZSL: seen=0.7857, unseen=0.3646, h=0.4981 ZSL: unseen accuracy=0.4844
[228/300]  Loss_D: -7.2334 Loss_G: 3.9396, Wasserstein_dist:9.2564, vae_loss_seen:274.8796 GZSL: seen=0.7817, unseen=0.1875, h=0.3025 ZSL: unseen accuracy=0.4896
[229/300]  Loss_D: -7.6012 Loss_G: 3.6173, Wasserstein_dist:9.5358, vae_loss_seen:267.9435 GZSL: seen=0.8155, unseen=0.3906, h=0.5282 ZSL: unseen accuracy=0.5104
[230/300]  Loss_D: -4.1381 Loss_G: 2.1831, Wasserstein_dist:5.6934, vae_loss_seen:256.9843 GZSL: seen=0.7599, unseen=0.2708, h=0.3993 ZSL: unseen accuracy=0.5104
[231/300]  Loss_D: -5.8440 Loss_G: 3.3186, Wasserstein_dist:8.3140, vae_loss_seen:259.9195 GZSL: seen=0.8393, unseen=0.3281, h=0.4718 ZSL: unseen accuracy=0.4844
[232/300]  Loss_D: -5.2743 Loss_G: 4.1263, Wasserstein_dist:7.5468, vae_loss_seen:267.7173 GZSL: seen=0.8889, unseen=0.1823, h=0.3025 ZSL: unseen accuracy=0.5000
[233/300]  Loss_D: -5.2043 Loss_G: 5.6144, Wasserstein_dist:7.8859, vae_loss_seen:268.5108 GZSL: seen=0.8075, unseen=0.2917, h=0.4285 ZSL: unseen accuracy=0.5417
[234/300]  Loss_D: -5.5116 Loss_G: 5.3328, Wasserstein_dist:7.4129, vae_loss_seen:261.6218 GZSL: seen=0.8294, unseen=0.3333, h=0.4755 ZSL: unseen accuracy=0.5417
[235/300]  Loss_D: -7.3197 Loss_G: 1.1520, Wasserstein_dist:9.0605, vae_loss_seen:264.0043 GZSL: seen=0.8452, unseen=0.3125, h=0.4563 ZSL: unseen accuracy=0.5156
[236/300]  Loss_D: -6.8225 Loss_G: 2.5097, Wasserstein_dist:9.1672, vae_loss_seen:257.0315 GZSL: seen=0.8503, unseen=0.3229, h=0.4681 ZSL: unseen accuracy=0.4844
[237/300]  Loss_D: -5.8040 Loss_G: 1.4810, Wasserstein_dist:7.2855, vae_loss_seen:254.6187 GZSL: seen=0.8750, unseen=0.3073, h=0.4548 ZSL: unseen accuracy=0.5365
[238/300]  Loss_D: -6.2116 Loss_G: 0.6865, Wasserstein_dist:8.6772, vae_loss_seen:256.8878 GZSL: seen=0.8651, unseen=0.2240, h=0.3558 ZSL: unseen accuracy=0.5260
[239/300]  Loss_D: -5.5948 Loss_G: 3.0418, Wasserstein_dist:7.5760, vae_loss_seen:259.3353 GZSL: seen=0.7198, unseen=0.4844, h=0.5791 ZSL: unseen accuracy=0.5365
[240/300]  Loss_D: -5.3208 Loss_G: 0.9670, Wasserstein_dist:7.3337, vae_loss_seen:261.3569 GZSL: seen=0.8829, unseen=0.3281, h=0.4784 ZSL: unseen accuracy=0.4896
[241/300]  Loss_D: -5.4200 Loss_G: 3.4114, Wasserstein_dist:7.8404, vae_loss_seen:267.4604 GZSL: seen=0.7718, unseen=0.4375, h=0.5584 ZSL: unseen accuracy=0.4792
[242/300]  Loss_D: -6.2210 Loss_G: -0.4293, Wasserstein_dist:7.9402, vae_loss_seen:257.0365 GZSL: seen=0.7222, unseen=0.3021, h=0.4260 ZSL: unseen accuracy=0.4896
[243/300]  Loss_D: -7.6793 Loss_G: 3.5038, Wasserstein_dist:9.8796, vae_loss_seen:260.6364 GZSL: seen=0.8186, unseen=0.2448, h=0.3769 ZSL: unseen accuracy=0.4688
[244/300]  Loss_D: -6.0165 Loss_G: -0.5633, Wasserstein_dist:7.9946, vae_loss_seen:251.5237 GZSL: seen=0.8651, unseen=0.3438, h=0.4920 ZSL: unseen accuracy=0.5104
[245/300]  Loss_D: -6.0222 Loss_G: 5.1112, Wasserstein_dist:8.1925, vae_loss_seen:265.2575 GZSL: seen=0.7381, unseen=0.3073, h=0.4339 ZSL: unseen accuracy=0.5417
[246/300]  Loss_D: -8.1827 Loss_G: 0.3826, Wasserstein_dist:10.1145, vae_loss_seen:266.6571 GZSL: seen=0.8968, unseen=0.3281, h=0.4805 ZSL: unseen accuracy=0.5208
[247/300]  Loss_D: -6.6200 Loss_G: 1.4191, Wasserstein_dist:8.4885, vae_loss_seen:258.6044 GZSL: seen=0.7103, unseen=0.3385, h=0.4585 ZSL: unseen accuracy=0.5156
[248/300]  Loss_D: -5.4478 Loss_G: 3.5240, Wasserstein_dist:8.4282, vae_loss_seen:259.6877 GZSL: seen=0.7579, unseen=0.1875, h=0.3006 ZSL: unseen accuracy=0.4844
[249/300]  Loss_D: -6.0423 Loss_G: 3.9825, Wasserstein_dist:8.1784, vae_loss_seen:261.0023 GZSL: seen=0.7440, unseen=0.3906, h=0.5123 ZSL: unseen accuracy=0.5000
[250/300]  Loss_D: -6.8763 Loss_G: 1.9598, Wasserstein_dist:9.0217, vae_loss_seen:263.5540 GZSL: seen=0.7996, unseen=0.3490, h=0.4859 ZSL: unseen accuracy=0.5000
[251/300]  Loss_D: -5.8546 Loss_G: 1.4176, Wasserstein_dist:7.6754, vae_loss_seen:257.6998 GZSL: seen=0.6726, unseen=0.4427, h=0.5340 ZSL: unseen accuracy=0.5000
[252/300]  Loss_D: -6.0580 Loss_G: 3.5026, Wasserstein_dist:7.8818, vae_loss_seen:251.9555 GZSL: seen=0.7817, unseen=0.3802, h=0.5116 ZSL: unseen accuracy=0.4896
[253/300]  Loss_D: -5.3137 Loss_G: 2.3327, Wasserstein_dist:6.9515, vae_loss_seen:256.4388 GZSL: seen=0.8869, unseen=0.1875, h=0.3096 ZSL: unseen accuracy=0.4896
[254/300]  Loss_D: -5.7498 Loss_G: 1.6193, Wasserstein_dist:7.1678, vae_loss_seen:252.9197 GZSL: seen=0.7888, unseen=0.3958, h=0.5271 ZSL: unseen accuracy=0.4688
[255/300]  Loss_D: -7.5178 Loss_G: 3.4842, Wasserstein_dist:9.5291, vae_loss_seen:264.7572 GZSL: seen=0.7540, unseen=0.4792, h=0.5859 ZSL: unseen accuracy=0.4948
[256/300]  Loss_D: -5.2118 Loss_G: 3.6990, Wasserstein_dist:7.2692, vae_loss_seen:257.3091 GZSL: seen=0.8214, unseen=0.1927, h=0.3122 ZSL: unseen accuracy=0.5365
[257/300]  Loss_D: -7.7500 Loss_G: 2.7184, Wasserstein_dist:9.9228, vae_loss_seen:268.4056 GZSL: seen=0.7540, unseen=0.3490, h=0.4771 ZSL: unseen accuracy=0.5104
[258/300]  Loss_D: -5.8528 Loss_G: 0.3112, Wasserstein_dist:7.5121, vae_loss_seen:256.8824 GZSL: seen=0.7460, unseen=0.3333, h=0.4608 ZSL: unseen accuracy=0.4896
[259/300]  Loss_D: -5.8269 Loss_G: 0.4092, Wasserstein_dist:8.1403, vae_loss_seen:267.0414 GZSL: seen=0.8036, unseen=0.3281, h=0.4660 ZSL: unseen accuracy=0.5000
[260/300]  Loss_D: -6.3900 Loss_G: 2.4192, Wasserstein_dist:8.5830, vae_loss_seen:273.2061 GZSL: seen=0.7619, unseen=0.3281, h=0.4587 ZSL: unseen accuracy=0.4792
[261/300]  Loss_D: -5.7790 Loss_G: 2.4921, Wasserstein_dist:7.6154, vae_loss_seen:262.1587 GZSL: seen=0.7857, unseen=0.4479, h=0.5706 ZSL: unseen accuracy=0.5000
[262/300]  Loss_D: -5.4506 Loss_G: 2.8681, Wasserstein_dist:7.9659, vae_loss_seen:269.7003 GZSL: seen=0.7698, unseen=0.3281, h=0.4601 ZSL: unseen accuracy=0.4844
[263/300]  Loss_D: -6.3856 Loss_G: 0.6108, Wasserstein_dist:8.5141, vae_loss_seen:252.6498 GZSL: seen=0.7392, unseen=0.3802, h=0.5021 ZSL: unseen accuracy=0.5104
[264/300]  Loss_D: -6.1239 Loss_G: 4.4773, Wasserstein_dist:8.1285, vae_loss_seen:263.3004 GZSL: seen=0.7679, unseen=0.4844, h=0.5940 ZSL: unseen accuracy=0.4844
[265/300]  Loss_D: -6.3661 Loss_G: 1.4639, Wasserstein_dist:8.7478, vae_loss_seen:256.3698 GZSL: seen=0.8770, unseen=0.3229, h=0.4720 ZSL: unseen accuracy=0.4635
[266/300]  Loss_D: -6.6093 Loss_G: 1.4167, Wasserstein_dist:8.3529, vae_loss_seen:267.8509 GZSL: seen=0.8353, unseen=0.3438, h=0.4871 ZSL: unseen accuracy=0.5156
[267/300]  Loss_D: -6.2651 Loss_G: 1.3611, Wasserstein_dist:7.8069, vae_loss_seen:264.1162 GZSL: seen=0.7758, unseen=0.3698, h=0.5008 ZSL: unseen accuracy=0.4896
[268/300]  Loss_D: -6.7822 Loss_G: 1.9913, Wasserstein_dist:8.6988, vae_loss_seen:251.5322 GZSL: seen=0.8016, unseen=0.4167, h=0.5483 ZSL: unseen accuracy=0.4896
[269/300]  Loss_D: -8.0790 Loss_G: 2.3360, Wasserstein_dist:10.6855, vae_loss_seen:261.7875 GZSL: seen=0.8651, unseen=0.3542, h=0.5026 ZSL: unseen accuracy=0.5104
[270/300]  Loss_D: -6.2947 Loss_G: 3.1848, Wasserstein_dist:8.3903, vae_loss_seen:264.1618 GZSL: seen=0.8710, unseen=0.2552, h=0.3948 ZSL: unseen accuracy=0.5208
[271/300]  Loss_D: -5.0634 Loss_G: 1.8907, Wasserstein_dist:6.8244, vae_loss_seen:263.3650 GZSL: seen=0.8373, unseen=0.1927, h=0.3133 ZSL: unseen accuracy=0.4844
[272/300]  Loss_D: -8.1784 Loss_G: -1.0298, Wasserstein_dist:10.1437, vae_loss_seen:259.1757 GZSL: seen=0.7321, unseen=0.4375, h=0.5477 ZSL: unseen accuracy=0.5417
[273/300]  Loss_D: -6.0486 Loss_G: 0.8049, Wasserstein_dist:8.1986, vae_loss_seen:267.4649 GZSL: seen=0.7980, unseen=0.4583, h=0.5823 ZSL: unseen accuracy=0.5156
[274/300]  Loss_D: -5.3428 Loss_G: 1.6715, Wasserstein_dist:6.7969, vae_loss_seen:267.9843 GZSL: seen=0.8810, unseen=0.3333, h=0.4837 ZSL: unseen accuracy=0.5000
[275/300]  Loss_D: -6.8610 Loss_G: 2.0176, Wasserstein_dist:9.5559, vae_loss_seen:258.3240 GZSL: seen=0.9167, unseen=0.3385, h=0.4945 ZSL: unseen accuracy=0.5104
[276/300]  Loss_D: -7.0819 Loss_G: -1.6002, Wasserstein_dist:9.0657, vae_loss_seen:259.9754 GZSL: seen=0.8671, unseen=0.1771, h=0.2941 ZSL: unseen accuracy=0.4792
[277/300]  Loss_D: -6.6853 Loss_G: 1.0138, Wasserstein_dist:8.4266, vae_loss_seen:261.9017 GZSL: seen=0.7063, unseen=0.4688, h=0.5635 ZSL: unseen accuracy=0.4688
[278/300]  Loss_D: -6.6239 Loss_G: 1.7275, Wasserstein_dist:8.5154, vae_loss_seen:258.0708 GZSL: seen=0.8512, unseen=0.3229, h=0.4682 ZSL: unseen accuracy=0.5417
[279/300]  Loss_D: -6.4937 Loss_G: -0.4713, Wasserstein_dist:8.5731, vae_loss_seen:264.4098 GZSL: seen=0.7262, unseen=0.4375, h=0.5460 ZSL: unseen accuracy=0.4792
[280/300]  Loss_D: -6.6137 Loss_G: -1.4676, Wasserstein_dist:8.4968, vae_loss_seen:252.6790 GZSL: seen=0.7837, unseen=0.3073, h=0.4415 ZSL: unseen accuracy=0.4948
[281/300]  Loss_D: -5.7769 Loss_G: -1.5690, Wasserstein_dist:7.5393, vae_loss_seen:258.8290 GZSL: seen=0.7119, unseen=0.3542, h=0.4730 ZSL: unseen accuracy=0.4844
[282/300]  Loss_D: -5.2780 Loss_G: 0.3668, Wasserstein_dist:7.1853, vae_loss_seen:260.4538 GZSL: seen=0.8651, unseen=0.3333, h=0.4812 ZSL: unseen accuracy=0.5417
[283/300]  Loss_D: -6.2137 Loss_G: 0.1883, Wasserstein_dist:8.0802, vae_loss_seen:255.2357 GZSL: seen=0.7778, unseen=0.4844, h=0.5970 ZSL: unseen accuracy=0.4844
[284/300]  Loss_D: -5.6975 Loss_G: -0.6392, Wasserstein_dist:7.4440, vae_loss_seen:257.8223 GZSL: seen=0.7603, unseen=0.4583, h=0.5719 ZSL: unseen accuracy=0.4948
[285/300]  Loss_D: -5.2592 Loss_G: -0.6703, Wasserstein_dist:6.9529, vae_loss_seen:254.7524 GZSL: seen=0.8810, unseen=0.3385, h=0.4891 ZSL: unseen accuracy=0.4948
[286/300]  Loss_D: -6.0770 Loss_G: 0.7817, Wasserstein_dist:7.7746, vae_loss_seen:258.7990 GZSL: seen=0.7619, unseen=0.4219, h=0.5431 ZSL: unseen accuracy=0.4844
[287/300]  Loss_D: -6.9745 Loss_G: 2.3962, Wasserstein_dist:9.7342, vae_loss_seen:269.2354 GZSL: seen=0.8313, unseen=0.3281, h=0.4705 ZSL: unseen accuracy=0.4792
[288/300]  Loss_D: -7.8722 Loss_G: 3.1284, Wasserstein_dist:10.0596, vae_loss_seen:273.1196 GZSL: seen=0.7460, unseen=0.4010, h=0.5217 ZSL: unseen accuracy=0.4688
[289/300]  Loss_D: -6.7492 Loss_G: 0.3648, Wasserstein_dist:8.5197, vae_loss_seen:259.7467 GZSL: seen=0.7480, unseen=0.1771, h=0.2864 ZSL: unseen accuracy=0.4896
[290/300]  Loss_D: -5.3840 Loss_G: 1.6043, Wasserstein_dist:7.1086, vae_loss_seen:255.1403 GZSL: seen=0.8730, unseen=0.3177, h=0.4659 ZSL: unseen accuracy=0.4948
[291/300]  Loss_D: -5.2531 Loss_G: 1.2865, Wasserstein_dist:7.3441, vae_loss_seen:257.1942 GZSL: seen=0.7956, unseen=0.4010, h=0.5333 ZSL: unseen accuracy=0.4896
[292/300]  Loss_D: -5.7240 Loss_G: 3.0628, Wasserstein_dist:7.9797, vae_loss_seen:258.6957 GZSL: seen=0.7500, unseen=0.3854, h=0.5092 ZSL: unseen accuracy=0.4896
[293/300]  Loss_D: -6.1874 Loss_G: 1.0082, Wasserstein_dist:7.4178, vae_loss_seen:257.8462 GZSL: seen=0.7044, unseen=0.4792, h=0.5703 ZSL: unseen accuracy=0.4792
[294/300]  Loss_D: -6.6040 Loss_G: 0.2716, Wasserstein_dist:8.2422, vae_loss_seen:268.0864 GZSL: seen=0.8417, unseen=0.3281, h=0.4722 ZSL: unseen accuracy=0.5312
[295/300]  Loss_D: -7.8809 Loss_G: 3.1122, Wasserstein_dist:9.6571, vae_loss_seen:268.6638 GZSL: seen=0.7829, unseen=0.3281, h=0.4624 ZSL: unseen accuracy=0.4844
[296/300]  Loss_D: -5.9649 Loss_G: 3.3747, Wasserstein_dist:8.4224, vae_loss_seen:254.9776 GZSL: seen=0.7222, unseen=0.3906, h=0.5070 ZSL: unseen accuracy=0.4948
[297/300]  Loss_D: -6.4453 Loss_G: -0.6776, Wasserstein_dist:8.1437, vae_loss_seen:260.5665 GZSL: seen=0.7996, unseen=0.3594, h=0.4959 ZSL: unseen accuracy=0.4896
[298/300]  Loss_D: -7.7677 Loss_G: -1.5007, Wasserstein_dist:9.6926, vae_loss_seen:260.5619 GZSL: seen=0.8631, unseen=0.1823, h=0.3010 ZSL: unseen accuracy=0.4792
[299/300]  Loss_D: -6.0893 Loss_G: -0.3352, Wasserstein_dist:7.9544, vae_loss_seen:261.0392 GZSL: seen=0.7460, unseen=0.3854, h=0.5083 ZSL: unseen accuracy=0.5260
Dataset RADAR
the best ZSL unseen accuracy is 0.7760416666666666
Dataset RADAR
the best GZSL seen accuracy is 0.703514739229025
the best GZSL unseen accuracy is 0.59375
the best GZSL H is 0.6439886382258153
