Random Seed:  3407
# of training samples:  538
Encoder(
  (fc1): Linear(in_features=1536, out_features=4096, bias=True)
  (fc3): Linear(in_features=4096, out_features=1024, bias=True)
  (lrelu): LeakyReLU(0.2, inplace)
  (linear_means): Linear(in_features=1024, out_features=512, bias=True)
  (linear_log_var): Linear(in_features=1024, out_features=512, bias=True)
)
Generator(
  (fc1): Linear(in_features=1024, out_features=4096, bias=True)
  (fc3): Linear(in_features=4096, out_features=1024, bias=True)
  (lrelu): LeakyReLU(0.2, inplace)
  (sigmoid): Sigmoid()
)
Discriminator_D1(
  (fc1): Linear(in_features=1536, out_features=4096, bias=True)
  (fc2): Linear(in_features=4096, out_features=1, bias=True)
  (lrelu): LeakyReLU(0.2, inplace)
)
Feedback(
  (fc1): Linear(in_features=4096, out_features=4096, bias=True)
  (fc2): Linear(in_features=4096, out_features=4096, bias=True)
  (lrelu): LeakyReLU(0.2, inplace)
)
AttDec(
  (fc1): Linear(in_features=1024, out_features=4096, bias=True)
  (fc3): Linear(in_features=4096, out_features=512, bias=True)
  (lrelu): LeakyReLU(0.2, inplace)
)
[0/300]  Loss_D: -11.0557 Loss_G: 0.9501, Wasserstein_dist:13.8470, vae_loss_seen:489.0289 GZSL: seen=0.9246, unseen=0.1927, h=0.3189 ZSL: unseen accuracy=0.3385
[1/300]  Loss_D: -7.4216 Loss_G: -1.2300, Wasserstein_dist:10.1571, vae_loss_seen:408.0446 GZSL: seen=0.9206, unseen=0.2760, h=0.4247 ZSL: unseen accuracy=0.4688
[2/300]  Loss_D: -4.2232 Loss_G: -3.3692, Wasserstein_dist:5.6240, vae_loss_seen:328.3080 GZSL: seen=0.8869, unseen=0.3333, h=0.4846 ZSL: unseen accuracy=0.6042
[3/300]  Loss_D: -2.1107 Loss_G: -5.1476, Wasserstein_dist:2.6402, vae_loss_seen:278.4600 GZSL: seen=0.8452, unseen=0.2917, h=0.4337 ZSL: unseen accuracy=0.4844
[4/300]  Loss_D: -1.4657 Loss_G: -5.0453, Wasserstein_dist:1.8138, vae_loss_seen:280.3703 GZSL: seen=0.8750, unseen=0.2760, h=0.4197 ZSL: unseen accuracy=0.5469
[5/300]  Loss_D: -1.1277 Loss_G: -4.8087, Wasserstein_dist:1.4047, vae_loss_seen:277.7230 GZSL: seen=0.8968, unseen=0.3125, h=0.4635 ZSL: unseen accuracy=0.4792
[6/300]  Loss_D: -1.0269 Loss_G: -3.6638, Wasserstein_dist:1.2094, vae_loss_seen:274.4327 GZSL: seen=0.7440, unseen=0.3281, h=0.4554 ZSL: unseen accuracy=0.5312
[7/300]  Loss_D: -1.0989 Loss_G: -3.4596, Wasserstein_dist:1.3539, vae_loss_seen:280.2622 GZSL: seen=0.8730, unseen=0.2708, h=0.4134 ZSL: unseen accuracy=0.4219
[8/300]  Loss_D: -1.1751 Loss_G: -1.7174, Wasserstein_dist:1.3549, vae_loss_seen:293.8237 GZSL: seen=0.7778, unseen=0.2760, h=0.4075 ZSL: unseen accuracy=0.5000
[9/300]  Loss_D: -1.2907 Loss_G: -1.4069, Wasserstein_dist:1.5109, vae_loss_seen:313.6273 GZSL: seen=0.8730, unseen=0.2188, h=0.3498 ZSL: unseen accuracy=0.4792
[10/300]  Loss_D: -1.3749 Loss_G: 0.7291, Wasserstein_dist:1.6198, vae_loss_seen:325.8909 GZSL: seen=0.8909, unseen=0.2396, h=0.3776 ZSL: unseen accuracy=0.5521
[11/300]  Loss_D: -1.5936 Loss_G: 1.1151, Wasserstein_dist:1.9444, vae_loss_seen:316.1622 GZSL: seen=0.9325, unseen=0.3177, h=0.4739 ZSL: unseen accuracy=0.6302
[12/300]  Loss_D: -1.4125 Loss_G: 4.1099, Wasserstein_dist:1.9902, vae_loss_seen:351.6899 GZSL: seen=0.8036, unseen=0.2396, h=0.3691 ZSL: unseen accuracy=0.5833
[13/300]  Loss_D: -1.3819 Loss_G: 3.2425, Wasserstein_dist:1.9271, vae_loss_seen:344.4944 GZSL: seen=0.9008, unseen=0.3229, h=0.4754 ZSL: unseen accuracy=0.5365
[14/300]  Loss_D: -1.5295 Loss_G: 3.8341, Wasserstein_dist:2.0762, vae_loss_seen:347.7375 GZSL: seen=0.8920, unseen=0.3021, h=0.4513 ZSL: unseen accuracy=0.5625
[15/300]  Loss_D: -1.4278 Loss_G: 4.7477, Wasserstein_dist:2.0087, vae_loss_seen:355.0699 GZSL: seen=0.8909, unseen=0.3281, h=0.4796 ZSL: unseen accuracy=0.7344
[16/300]  Loss_D: -1.4421 Loss_G: 5.7831, Wasserstein_dist:1.9893, vae_loss_seen:366.7405 GZSL: seen=0.9187, unseen=0.3021, h=0.4547 ZSL: unseen accuracy=0.6094
[17/300]  Loss_D: -1.3944 Loss_G: 4.3492, Wasserstein_dist:1.9704, vae_loss_seen:351.5962 GZSL: seen=0.7636, unseen=0.4167, h=0.5391 ZSL: unseen accuracy=0.6302
[18/300]  Loss_D: -1.4814 Loss_G: 4.4994, Wasserstein_dist:2.0421, vae_loss_seen:346.0006 GZSL: seen=0.9028, unseen=0.3333, h=0.4869 ZSL: unseen accuracy=0.7396
[19/300]  Loss_D: -1.5001 Loss_G: 6.0749, Wasserstein_dist:2.0603, vae_loss_seen:365.7132 GZSL: seen=0.8741, unseen=0.2969, h=0.4432 ZSL: unseen accuracy=0.6927
[20/300]  Loss_D: -1.4677 Loss_G: 4.7632, Wasserstein_dist:2.0186, vae_loss_seen:360.2413 GZSL: seen=0.8968, unseen=0.3177, h=0.4692 ZSL: unseen accuracy=0.5729
[21/300]  Loss_D: -1.6019 Loss_G: 5.3506, Wasserstein_dist:2.1053, vae_loss_seen:352.1327 GZSL: seen=0.8869, unseen=0.2604, h=0.4026 ZSL: unseen accuracy=0.6875
[22/300]  Loss_D: -1.3887 Loss_G: 5.8131, Wasserstein_dist:1.8933, vae_loss_seen:356.6074 GZSL: seen=0.9257, unseen=0.3125, h=0.4673 ZSL: unseen accuracy=0.6615
[23/300]  Loss_D: -1.6037 Loss_G: 6.5732, Wasserstein_dist:2.1519, vae_loss_seen:369.2976 GZSL: seen=0.9127, unseen=0.2969, h=0.4480 ZSL: unseen accuracy=0.7396
[24/300]  Loss_D: -1.4695 Loss_G: 6.0470, Wasserstein_dist:1.9065, vae_loss_seen:347.7803 GZSL: seen=0.8960, unseen=0.3073, h=0.4576 ZSL: unseen accuracy=0.6615
[25/300]  Loss_D: -1.4582 Loss_G: 5.7558, Wasserstein_dist:1.8873, vae_loss_seen:355.8645 GZSL: seen=0.8810, unseen=0.3281, h=0.4782 ZSL: unseen accuracy=0.7500
[26/300]  Loss_D: -1.3681 Loss_G: 7.1146, Wasserstein_dist:1.8417, vae_loss_seen:369.6587 GZSL: seen=0.8929, unseen=0.3385, h=0.4909 ZSL: unseen accuracy=0.5885
[27/300]  Loss_D: -1.3906 Loss_G: 6.9315, Wasserstein_dist:1.8231, vae_loss_seen:358.6317 GZSL: seen=0.8194, unseen=0.3385, h=0.4791 ZSL: unseen accuracy=0.6354
[28/300]  Loss_D: -1.5159 Loss_G: 6.5352, Wasserstein_dist:1.8786, vae_loss_seen:363.7199 GZSL: seen=0.8234, unseen=0.2708, h=0.4076 ZSL: unseen accuracy=0.5469
[29/300]  Loss_D: -1.3860 Loss_G: 7.4845, Wasserstein_dist:1.7927, vae_loss_seen:356.3745 GZSL: seen=0.8313, unseen=0.3490, h=0.4916 ZSL: unseen accuracy=0.5000
[30/300]  Loss_D: -1.3629 Loss_G: 7.0944, Wasserstein_dist:1.7672, vae_loss_seen:361.5475 GZSL: seen=0.8214, unseen=0.3490, h=0.4898 ZSL: unseen accuracy=0.5156
[31/300]  Loss_D: -1.5308 Loss_G: 7.3519, Wasserstein_dist:1.9476, vae_loss_seen:369.8595 GZSL: seen=0.8889, unseen=0.2760, h=0.4213 ZSL: unseen accuracy=0.6615
[32/300]  Loss_D: -1.3016 Loss_G: 7.6996, Wasserstein_dist:1.6520, vae_loss_seen:369.3591 GZSL: seen=0.7778, unseen=0.4323, h=0.5557 ZSL: unseen accuracy=0.6354
[33/300]  Loss_D: -1.3039 Loss_G: 6.0022, Wasserstein_dist:1.6224, vae_loss_seen:343.6448 GZSL: seen=0.7421, unseen=0.4010, h=0.5207 ZSL: unseen accuracy=0.5312
[34/300]  Loss_D: -1.2962 Loss_G: 8.9606, Wasserstein_dist:1.7044, vae_loss_seen:378.4124 GZSL: seen=0.8194, unseen=0.3750, h=0.5145 ZSL: unseen accuracy=0.6719
[35/300]  Loss_D: -1.3164 Loss_G: 7.1696, Wasserstein_dist:1.6647, vae_loss_seen:359.5987 GZSL: seen=0.8532, unseen=0.3802, h=0.5260 ZSL: unseen accuracy=0.6562
[36/300]  Loss_D: -1.2841 Loss_G: 8.5274, Wasserstein_dist:1.6605, vae_loss_seen:375.0962 GZSL: seen=0.8325, unseen=0.3073, h=0.4489 ZSL: unseen accuracy=0.5729
[37/300]  Loss_D: -1.0473 Loss_G: 8.3888, Wasserstein_dist:1.3850, vae_loss_seen:368.9901 GZSL: seen=0.7798, unseen=0.3073, h=0.4409 ZSL: unseen accuracy=0.5625
[38/300]  Loss_D: -1.2847 Loss_G: 8.4353, Wasserstein_dist:1.6247, vae_loss_seen:369.0167 GZSL: seen=0.8869, unseen=0.3021, h=0.4507 ZSL: unseen accuracy=0.5885
[39/300]  Loss_D: -1.1457 Loss_G: 7.8191, Wasserstein_dist:1.4949, vae_loss_seen:363.9885 GZSL: seen=0.7044, unseen=0.4062, h=0.5153 ZSL: unseen accuracy=0.5625
[40/300]  Loss_D: -1.3269 Loss_G: 9.5508, Wasserstein_dist:1.7177, vae_loss_seen:387.6263 GZSL: seen=0.7976, unseen=0.4896, h=0.6067 ZSL: unseen accuracy=0.7135
[41/300]  Loss_D: -1.3588 Loss_G: 8.2321, Wasserstein_dist:1.6624, vae_loss_seen:370.7251 GZSL: seen=0.8611, unseen=0.3542, h=0.5019 ZSL: unseen accuracy=0.6927
[42/300]  Loss_D: -1.1529 Loss_G: 9.6542, Wasserstein_dist:1.4656, vae_loss_seen:385.1375 GZSL: seen=0.8492, unseen=0.3125, h=0.4569 ZSL: unseen accuracy=0.5729
[43/300]  Loss_D: -1.0932 Loss_G: 7.5440, Wasserstein_dist:1.3914, vae_loss_seen:355.0607 GZSL: seen=0.7976, unseen=0.4010, h=0.5337 ZSL: unseen accuracy=0.5365
[44/300]  Loss_D: -1.1065 Loss_G: 10.0050, Wasserstein_dist:1.4471, vae_loss_seen:382.6197 GZSL: seen=0.7500, unseen=0.3854, h=0.5092 ZSL: unseen accuracy=0.5729
[45/300]  Loss_D: -1.1255 Loss_G: 7.9234, Wasserstein_dist:1.4532, vae_loss_seen:350.8587 GZSL: seen=0.8325, unseen=0.3229, h=0.4653 ZSL: unseen accuracy=0.5625
[46/300]  Loss_D: -1.1893 Loss_G: 8.2596, Wasserstein_dist:1.5352, vae_loss_seen:370.2093 GZSL: seen=0.8194, unseen=0.3385, h=0.4791 ZSL: unseen accuracy=0.5625
[47/300]  Loss_D: -1.3122 Loss_G: 9.2249, Wasserstein_dist:1.6341, vae_loss_seen:378.6113 GZSL: seen=0.9345, unseen=0.3229, h=0.4800 ZSL: unseen accuracy=0.5625
[48/300]  Loss_D: -1.3361 Loss_G: 9.8445, Wasserstein_dist:1.6398, vae_loss_seen:384.2448 GZSL: seen=0.7817, unseen=0.3906, h=0.5209 ZSL: unseen accuracy=0.5417
[49/300]  Loss_D: -1.2184 Loss_G: 9.5921, Wasserstein_dist:1.6928, vae_loss_seen:381.8813 GZSL: seen=0.7877, unseen=0.5573, h=0.6528 ZSL: unseen accuracy=0.5521
[50/300]  Loss_D: -1.1360 Loss_G: 8.8956, Wasserstein_dist:1.4236, vae_loss_seen:368.4916 GZSL: seen=0.7313, unseen=0.3385, h=0.4628 ZSL: unseen accuracy=0.5208
[51/300]  Loss_D: -1.1236 Loss_G: 9.1133, Wasserstein_dist:1.4465, vae_loss_seen:377.6884 GZSL: seen=0.7087, unseen=0.3958, h=0.5080 ZSL: unseen accuracy=0.5417
[52/300]  Loss_D: -1.1889 Loss_G: 8.8419, Wasserstein_dist:1.4756, vae_loss_seen:364.8836 GZSL: seen=0.7897, unseen=0.4219, h=0.5499 ZSL: unseen accuracy=0.6927
[53/300]  Loss_D: -1.0580 Loss_G: 9.8509, Wasserstein_dist:1.4193, vae_loss_seen:367.8404 GZSL: seen=0.8234, unseen=0.2500, h=0.3835 ZSL: unseen accuracy=0.5365
[54/300]  Loss_D: -1.0578 Loss_G: 9.6691, Wasserstein_dist:1.3563, vae_loss_seen:377.4469 GZSL: seen=0.8591, unseen=0.2969, h=0.4413 ZSL: unseen accuracy=0.5156
[55/300]  Loss_D: -1.1691 Loss_G: 10.5305, Wasserstein_dist:1.5511, vae_loss_seen:386.2082 GZSL: seen=0.7325, unseen=0.5312, h=0.6159 ZSL: unseen accuracy=0.4635
[56/300]  Loss_D: -1.0768 Loss_G: 10.0752, Wasserstein_dist:1.3522, vae_loss_seen:381.9289 GZSL: seen=0.9246, unseen=0.2448, h=0.3871 ZSL: unseen accuracy=0.4167
[57/300]  Loss_D: -1.1301 Loss_G: 9.7186, Wasserstein_dist:1.4178, vae_loss_seen:371.2647 GZSL: seen=0.8393, unseen=0.3333, h=0.4772 ZSL: unseen accuracy=0.5677
[58/300]  Loss_D: -1.0976 Loss_G: 10.0404, Wasserstein_dist:1.4572, vae_loss_seen:381.1095 GZSL: seen=0.8115, unseen=0.2604, h=0.3943 ZSL: unseen accuracy=0.5625
[59/300]  Loss_D: -1.0995 Loss_G: 9.1012, Wasserstein_dist:1.4356, vae_loss_seen:370.2479 GZSL: seen=0.8333, unseen=0.3698, h=0.5123 ZSL: unseen accuracy=0.5260
[60/300]  Loss_D: -1.0430 Loss_G: 11.4068, Wasserstein_dist:1.3637, vae_loss_seen:393.1519 GZSL: seen=0.6825, unseen=0.3229, h=0.4384 ZSL: unseen accuracy=0.4688
[61/300]  Loss_D: -1.1318 Loss_G: 10.3600, Wasserstein_dist:1.4456, vae_loss_seen:381.4395 GZSL: seen=0.7080, unseen=0.4219, h=0.5287 ZSL: unseen accuracy=0.5469
[62/300]  Loss_D: -0.9887 Loss_G: 11.3510, Wasserstein_dist:1.3098, vae_loss_seen:386.1735 GZSL: seen=0.6687, unseen=0.3646, h=0.4719 ZSL: unseen accuracy=0.5208
[63/300]  Loss_D: -1.0537 Loss_G: 11.5643, Wasserstein_dist:1.3373, vae_loss_seen:402.8426 GZSL: seen=0.8571, unseen=0.2344, h=0.3681 ZSL: unseen accuracy=0.4271
[64/300]  Loss_D: -1.1859 Loss_G: 11.3615, Wasserstein_dist:1.4976, vae_loss_seen:396.5252 GZSL: seen=0.7421, unseen=0.4948, h=0.5937 ZSL: unseen accuracy=0.5365
[65/300]  Loss_D: -1.0682 Loss_G: 11.0133, Wasserstein_dist:1.4057, vae_loss_seen:391.8342 GZSL: seen=0.6817, unseen=0.4427, h=0.5368 ZSL: unseen accuracy=0.5208
[66/300]  Loss_D: -0.9270 Loss_G: 10.8223, Wasserstein_dist:1.2251, vae_loss_seen:384.4420 GZSL: seen=0.7154, unseen=0.4427, h=0.5470 ZSL: unseen accuracy=0.4896
[67/300]  Loss_D: -1.0470 Loss_G: 12.7764, Wasserstein_dist:1.3676, vae_loss_seen:406.2474 GZSL: seen=0.8532, unseen=0.2812, h=0.4230 ZSL: unseen accuracy=0.5521
[68/300]  Loss_D: -1.1422 Loss_G: 12.4099, Wasserstein_dist:1.4520, vae_loss_seen:400.1609 GZSL: seen=0.7163, unseen=0.4271, h=0.5351 ZSL: unseen accuracy=0.5312
[69/300]  Loss_D: -1.1349 Loss_G: 10.8890, Wasserstein_dist:1.4245, vae_loss_seen:393.2085 GZSL: seen=0.7500, unseen=0.3073, h=0.4360 ZSL: unseen accuracy=0.5104
[70/300]  Loss_D: -0.9554 Loss_G: 12.4085, Wasserstein_dist:1.2474, vae_loss_seen:400.0230 GZSL: seen=0.7341, unseen=0.5104, h=0.6022 ZSL: unseen accuracy=0.5000
[71/300]  Loss_D: -1.0094 Loss_G: 12.5607, Wasserstein_dist:1.3354, vae_loss_seen:401.6073 GZSL: seen=0.8267, unseen=0.3698, h=0.5110 ZSL: unseen accuracy=0.5260
[72/300]  Loss_D: -1.2948 Loss_G: 11.3559, Wasserstein_dist:1.6342, vae_loss_seen:393.3506 GZSL: seen=0.8333, unseen=0.3750, h=0.5172 ZSL: unseen accuracy=0.5260
[73/300]  Loss_D: -1.0386 Loss_G: 13.1586, Wasserstein_dist:1.3826, vae_loss_seen:393.2697 GZSL: seen=0.6556, unseen=0.5260, h=0.5837 ZSL: unseen accuracy=0.4948
[74/300]  Loss_D: -0.8597 Loss_G: 12.7482, Wasserstein_dist:1.1282, vae_loss_seen:404.9136 GZSL: seen=0.8313, unseen=0.3542, h=0.4967 ZSL: unseen accuracy=0.5469
[75/300]  Loss_D: -1.1561 Loss_G: 13.5112, Wasserstein_dist:1.4619, vae_loss_seen:408.0484 GZSL: seen=0.8671, unseen=0.3958, h=0.5435 ZSL: unseen accuracy=0.5521
[76/300]  Loss_D: -0.9276 Loss_G: 12.9352, Wasserstein_dist:1.2644, vae_loss_seen:411.0945 GZSL: seen=0.7937, unseen=0.3802, h=0.5141 ZSL: unseen accuracy=0.4219
[77/300]  Loss_D: -1.1204 Loss_G: 13.8030, Wasserstein_dist:1.4940, vae_loss_seen:423.7858 GZSL: seen=0.7392, unseen=0.3594, h=0.4836 ZSL: unseen accuracy=0.5208
[78/300]  Loss_D: -0.9733 Loss_G: 13.8080, Wasserstein_dist:1.2813, vae_loss_seen:417.6968 GZSL: seen=0.6734, unseen=0.5156, h=0.5840 ZSL: unseen accuracy=0.5469
[79/300]  Loss_D: -0.9864 Loss_G: 13.0708, Wasserstein_dist:1.2629, vae_loss_seen:412.8865 GZSL: seen=0.8130, unseen=0.5104, h=0.6271 ZSL: unseen accuracy=0.4948
[80/300]  Loss_D: -0.9749 Loss_G: 13.7763, Wasserstein_dist:1.2947, vae_loss_seen:423.2507 GZSL: seen=0.8472, unseen=0.3125, h=0.4566 ZSL: unseen accuracy=0.4948
[81/300]  Loss_D: -1.1010 Loss_G: 13.3512, Wasserstein_dist:1.4127, vae_loss_seen:410.3035 GZSL: seen=0.7110, unseen=0.5104, h=0.5942 ZSL: unseen accuracy=0.5365
[82/300]  Loss_D: -1.0007 Loss_G: 15.3335, Wasserstein_dist:1.3159, vae_loss_seen:431.3111 GZSL: seen=0.7302, unseen=0.4479, h=0.5552 ZSL: unseen accuracy=0.5156
[83/300]  Loss_D: -0.8885 Loss_G: 12.5648, Wasserstein_dist:1.1963, vae_loss_seen:393.1486 GZSL: seen=0.8523, unseen=0.3177, h=0.4629 ZSL: unseen accuracy=0.5365
[84/300]  Loss_D: -0.7973 Loss_G: 13.3840, Wasserstein_dist:1.0536, vae_loss_seen:410.0746 GZSL: seen=0.7267, unseen=0.3802, h=0.4992 ZSL: unseen accuracy=0.5729
[85/300]  Loss_D: -0.8879 Loss_G: 13.0030, Wasserstein_dist:1.2212, vae_loss_seen:404.7083 GZSL: seen=0.7421, unseen=0.5000, h=0.5974 ZSL: unseen accuracy=0.5625
[86/300]  Loss_D: -1.0069 Loss_G: 13.2708, Wasserstein_dist:1.3144, vae_loss_seen:409.0949 GZSL: seen=0.6757, unseen=0.3750, h=0.4823 ZSL: unseen accuracy=0.5573
[87/300]  Loss_D: -0.9509 Loss_G: 13.4281, Wasserstein_dist:1.2422, vae_loss_seen:406.5193 GZSL: seen=0.7222, unseen=0.3802, h=0.4982 ZSL: unseen accuracy=0.4896
[88/300]  Loss_D: -0.9835 Loss_G: 14.4823, Wasserstein_dist:1.3395, vae_loss_seen:424.3564 GZSL: seen=0.6862, unseen=0.4896, h=0.5714 ZSL: unseen accuracy=0.5052
[89/300]  Loss_D: -0.9796 Loss_G: 13.0010, Wasserstein_dist:1.2204, vae_loss_seen:405.7209 GZSL: seen=0.8671, unseen=0.3490, h=0.4976 ZSL: unseen accuracy=0.5365
[90/300]  Loss_D: -0.7796 Loss_G: 14.1395, Wasserstein_dist:1.0589, vae_loss_seen:418.0810 GZSL: seen=0.7136, unseen=0.5365, h=0.6125 ZSL: unseen accuracy=0.5156
[91/300]  Loss_D: -0.9370 Loss_G: 12.8545, Wasserstein_dist:1.2244, vae_loss_seen:397.6956 GZSL: seen=0.6869, unseen=0.5208, h=0.5925 ZSL: unseen accuracy=0.5365
[92/300]  Loss_D: -0.8447 Loss_G: 13.9789, Wasserstein_dist:1.0915, vae_loss_seen:417.4683 GZSL: seen=0.7222, unseen=0.5312, h=0.6122 ZSL: unseen accuracy=0.5365
[93/300]  Loss_D: -1.0585 Loss_G: 14.6512, Wasserstein_dist:1.3328, vae_loss_seen:420.3906 GZSL: seen=0.7341, unseen=0.4792, h=0.5799 ZSL: unseen accuracy=0.5260
[94/300]  Loss_D: -0.8474 Loss_G: 15.3502, Wasserstein_dist:1.1666, vae_loss_seen:438.6229 GZSL: seen=0.6706, unseen=0.4010, h=0.5019 ZSL: unseen accuracy=0.5365
[95/300]  Loss_D: -0.9285 Loss_G: 14.8714, Wasserstein_dist:1.1866, vae_loss_seen:428.1403 GZSL: seen=0.6607, unseen=0.5469, h=0.5984 ZSL: unseen accuracy=0.5312
[96/300]  Loss_D: -1.5824 Loss_G: 17.6671, Wasserstein_dist:2.2171, vae_loss_seen:455.4256 GZSL: seen=0.7032, unseen=0.5208, h=0.5984 ZSL: unseen accuracy=0.5781
[97/300]  Loss_D: -1.0024 Loss_G: 15.8773, Wasserstein_dist:1.2817, vae_loss_seen:433.0932 GZSL: seen=0.7139, unseen=0.5625, h=0.6292 ZSL: unseen accuracy=0.5677
[98/300]  Loss_D: -0.8629 Loss_G: 15.1431, Wasserstein_dist:1.1544, vae_loss_seen:423.9705 GZSL: seen=0.8333, unseen=0.3698, h=0.5123 ZSL: unseen accuracy=0.5312
[99/300]  Loss_D: -0.8885 Loss_G: 14.8844, Wasserstein_dist:1.1348, vae_loss_seen:428.0696 GZSL: seen=0.6984, unseen=0.4896, h=0.5756 ZSL: unseen accuracy=0.5521
[100/300]  Loss_D: -0.9031 Loss_G: 13.9232, Wasserstein_dist:1.1542, vae_loss_seen:408.1714 GZSL: seen=0.7282, unseen=0.5625, h=0.6347 ZSL: unseen accuracy=0.5625
[101/300]  Loss_D: -0.7843 Loss_G: 15.0829, Wasserstein_dist:1.0541, vae_loss_seen:425.7203 GZSL: seen=0.6603, unseen=0.4219, h=0.5148 ZSL: unseen accuracy=0.5312
[102/300]  Loss_D: -0.8285 Loss_G: 14.4125, Wasserstein_dist:1.0687, vae_loss_seen:418.7419 GZSL: seen=0.6754, unseen=0.5521, h=0.6075 ZSL: unseen accuracy=0.5417
[103/300]  Loss_D: -0.9753 Loss_G: 15.3481, Wasserstein_dist:1.3064, vae_loss_seen:430.3069 GZSL: seen=0.7424, unseen=0.5260, h=0.6158 ZSL: unseen accuracy=0.5208
[104/300]  Loss_D: -0.8837 Loss_G: 16.0113, Wasserstein_dist:1.1359, vae_loss_seen:432.5185 GZSL: seen=0.7345, unseen=0.4844, h=0.5838 ZSL: unseen accuracy=0.5208
[105/300]  Loss_D: -1.0070 Loss_G: 15.1674, Wasserstein_dist:1.2469, vae_loss_seen:423.3643 GZSL: seen=0.6735, unseen=0.3490, h=0.4597 ZSL: unseen accuracy=0.4583
[106/300]  Loss_D: -0.8717 Loss_G: 15.7600, Wasserstein_dist:1.2051, vae_loss_seen:431.0536 GZSL: seen=0.8087, unseen=0.5521, h=0.6562 ZSL: unseen accuracy=0.5469
[107/300]  Loss_D: -0.9918 Loss_G: 15.9743, Wasserstein_dist:1.2463, vae_loss_seen:434.7382 GZSL: seen=0.7434, unseen=0.5625, h=0.6404 ZSL: unseen accuracy=0.5365
[108/300]  Loss_D: -0.9194 Loss_G: 15.8191, Wasserstein_dist:1.2390, vae_loss_seen:436.3173 GZSL: seen=0.7103, unseen=0.4948, h=0.5833 ZSL: unseen accuracy=0.5625
[109/300]  Loss_D: -0.8773 Loss_G: 15.8376, Wasserstein_dist:1.1876, vae_loss_seen:428.8307 GZSL: seen=0.7234, unseen=0.4583, h=0.5611 ZSL: unseen accuracy=0.5260
[110/300]  Loss_D: -0.9637 Loss_G: 15.9370, Wasserstein_dist:1.2366, vae_loss_seen:426.3155 GZSL: seen=0.8849, unseen=0.3073, h=0.4562 ZSL: unseen accuracy=0.5417
[111/300]  Loss_D: -0.8578 Loss_G: 15.6887, Wasserstein_dist:1.0919, vae_loss_seen:434.6254 GZSL: seen=0.7077, unseen=0.5156, h=0.5966 ZSL: unseen accuracy=0.5260
[112/300]  Loss_D: -0.7726 Loss_G: 15.4494, Wasserstein_dist:1.0261, vae_loss_seen:422.6246 GZSL: seen=0.7143, unseen=0.5312, h=0.6093 ZSL: unseen accuracy=0.5521
[113/300]  Loss_D: -0.7776 Loss_G: 15.0221, Wasserstein_dist:1.0458, vae_loss_seen:417.1281 GZSL: seen=0.7817, unseen=0.5208, h=0.6252 ZSL: unseen accuracy=0.5312
[114/300]  Loss_D: -0.9024 Loss_G: 14.2672, Wasserstein_dist:1.1742, vae_loss_seen:415.4118 GZSL: seen=0.7196, unseen=0.3333, h=0.4556 ZSL: unseen accuracy=0.5104
[115/300]  Loss_D: -0.7894 Loss_G: 15.2932, Wasserstein_dist:1.0468, vae_loss_seen:421.8945 GZSL: seen=0.8889, unseen=0.3438, h=0.4958 ZSL: unseen accuracy=0.5156
[116/300]  Loss_D: -0.8379 Loss_G: 15.2065, Wasserstein_dist:1.0873, vae_loss_seen:427.3612 GZSL: seen=0.6905, unseen=0.4010, h=0.5074 ZSL: unseen accuracy=0.5677
[117/300]  Loss_D: -0.9966 Loss_G: 16.3732, Wasserstein_dist:1.3013, vae_loss_seen:437.3759 GZSL: seen=0.8472, unseen=0.3490, h=0.4943 ZSL: unseen accuracy=0.5521
[118/300]  Loss_D: -0.8039 Loss_G: 16.6627, Wasserstein_dist:1.0741, vae_loss_seen:434.3718 GZSL: seen=0.7361, unseen=0.5156, h=0.6064 ZSL: unseen accuracy=0.5312
[119/300]  Loss_D: -0.8887 Loss_G: 16.5441, Wasserstein_dist:1.1610, vae_loss_seen:444.6309 GZSL: seen=0.6794, unseen=0.4792, h=0.5620 ZSL: unseen accuracy=0.5521
[120/300]  Loss_D: -0.8333 Loss_G: 16.8938, Wasserstein_dist:1.0989, vae_loss_seen:430.8111 GZSL: seen=0.8710, unseen=0.3438, h=0.4930 ZSL: unseen accuracy=0.5208
[121/300]  Loss_D: -0.7522 Loss_G: 15.3833, Wasserstein_dist:0.9804, vae_loss_seen:426.4259 GZSL: seen=0.7500, unseen=0.5208, h=0.6148 ZSL: unseen accuracy=0.5104
[122/300]  Loss_D: -0.8548 Loss_G: 15.4657, Wasserstein_dist:1.0724, vae_loss_seen:426.7872 GZSL: seen=0.6849, unseen=0.4219, h=0.5221 ZSL: unseen accuracy=0.5469
[123/300]  Loss_D: -0.9090 Loss_G: 15.8333, Wasserstein_dist:1.2580, vae_loss_seen:434.5228 GZSL: seen=0.7345, unseen=0.4010, h=0.5188 ZSL: unseen accuracy=0.5208
[124/300]  Loss_D: -0.9009 Loss_G: 16.5495, Wasserstein_dist:1.2068, vae_loss_seen:436.3032 GZSL: seen=0.8393, unseen=0.3073, h=0.4499 ZSL: unseen accuracy=0.5677
[125/300]  Loss_D: -0.7529 Loss_G: 15.3646, Wasserstein_dist:0.9959, vae_loss_seen:416.0035 GZSL: seen=0.6616, unseen=0.5156, h=0.5795 ZSL: unseen accuracy=0.4688
[126/300]  Loss_D: -0.7815 Loss_G: 16.0230, Wasserstein_dist:1.0314, vae_loss_seen:425.5528 GZSL: seen=0.7416, unseen=0.3698, h=0.4935 ZSL: unseen accuracy=0.4427
[127/300]  Loss_D: -0.8320 Loss_G: 15.7056, Wasserstein_dist:1.0864, vae_loss_seen:423.7859 GZSL: seen=0.7127, unseen=0.4896, h=0.5804 ZSL: unseen accuracy=0.5260
[128/300]  Loss_D: -0.8062 Loss_G: 16.2551, Wasserstein_dist:1.0993, vae_loss_seen:432.5074 GZSL: seen=0.7626, unseen=0.4115, h=0.5345 ZSL: unseen accuracy=0.5156
[129/300]  Loss_D: -0.8807 Loss_G: 14.9304, Wasserstein_dist:1.1217, vae_loss_seen:415.8515 GZSL: seen=0.6488, unseen=0.5000, h=0.5648 ZSL: unseen accuracy=0.5312
[130/300]  Loss_D: -0.9430 Loss_G: 15.7858, Wasserstein_dist:1.2443, vae_loss_seen:434.2792 GZSL: seen=0.7409, unseen=0.4323, h=0.5460 ZSL: unseen accuracy=0.5156
[131/300]  Loss_D: -0.7900 Loss_G: 14.9006, Wasserstein_dist:1.0317, vae_loss_seen:415.5428 GZSL: seen=0.8452, unseen=0.3438, h=0.4887 ZSL: unseen accuracy=0.4896
[132/300]  Loss_D: -0.8500 Loss_G: 15.8972, Wasserstein_dist:1.1458, vae_loss_seen:432.7513 GZSL: seen=0.7421, unseen=0.4010, h=0.5207 ZSL: unseen accuracy=0.5104
[133/300]  Loss_D: -0.9981 Loss_G: 15.2770, Wasserstein_dist:1.2550, vae_loss_seen:436.3160 GZSL: seen=0.7683, unseen=0.3281, h=0.4599 ZSL: unseen accuracy=0.5208
[134/300]  Loss_D: -0.9009 Loss_G: 15.7006, Wasserstein_dist:1.1398, vae_loss_seen:428.5014 GZSL: seen=0.7277, unseen=0.5052, h=0.5964 ZSL: unseen accuracy=0.5521
[135/300]  Loss_D: -0.7062 Loss_G: 14.2748, Wasserstein_dist:0.9257, vae_loss_seen:408.7786 GZSL: seen=0.8571, unseen=0.3177, h=0.4636 ZSL: unseen accuracy=0.5417
[136/300]  Loss_D: -0.7083 Loss_G: 15.9239, Wasserstein_dist:0.9233, vae_loss_seen:426.1717 GZSL: seen=0.7460, unseen=0.5312, h=0.6206 ZSL: unseen accuracy=0.5104
[137/300]  Loss_D: -0.7500 Loss_G: 15.1525, Wasserstein_dist:0.9726, vae_loss_seen:423.8875 GZSL: seen=0.6643, unseen=0.5573, h=0.6061 ZSL: unseen accuracy=0.4948
[138/300]  Loss_D: -0.8699 Loss_G: 16.2054, Wasserstein_dist:1.1340, vae_loss_seen:433.9071 GZSL: seen=0.6720, unseen=0.5260, h=0.5901 ZSL: unseen accuracy=0.5208
[139/300]  Loss_D: -0.8718 Loss_G: 16.5049, Wasserstein_dist:1.1598, vae_loss_seen:432.0224 GZSL: seen=0.7103, unseen=0.4740, h=0.5686 ZSL: unseen accuracy=0.5260
[140/300]  Loss_D: -0.8374 Loss_G: 15.1509, Wasserstein_dist:1.0665, vae_loss_seen:414.4606 GZSL: seen=0.6757, unseen=0.4479, h=0.5387 ZSL: unseen accuracy=0.5469
[141/300]  Loss_D: -0.8091 Loss_G: 16.2256, Wasserstein_dist:1.0317, vae_loss_seen:438.2864 GZSL: seen=0.7659, unseen=0.4688, h=0.5816 ZSL: unseen accuracy=0.5365
[142/300]  Loss_D: -0.8367 Loss_G: 19.6653, Wasserstein_dist:1.0761, vae_loss_seen:468.3166 GZSL: seen=0.7095, unseen=0.4479, h=0.5491 ZSL: unseen accuracy=0.5417
[143/300]  Loss_D: -0.8410 Loss_G: 16.7424, Wasserstein_dist:1.0975, vae_loss_seen:440.4708 GZSL: seen=0.6548, unseen=0.4688, h=0.5464 ZSL: unseen accuracy=0.5208
[144/300]  Loss_D: -0.6719 Loss_G: 16.3666, Wasserstein_dist:0.9179, vae_loss_seen:432.6478 GZSL: seen=0.7381, unseen=0.4896, h=0.5887 ZSL: unseen accuracy=0.5625
[145/300]  Loss_D: -0.8829 Loss_G: 15.6727, Wasserstein_dist:1.1571, vae_loss_seen:423.9205 GZSL: seen=0.7381, unseen=0.5052, h=0.5998 ZSL: unseen accuracy=0.4896
[146/300]  Loss_D: -0.7556 Loss_G: 15.5282, Wasserstein_dist:0.9589, vae_loss_seen:420.3293 GZSL: seen=0.6845, unseen=0.4635, h=0.5528 ZSL: unseen accuracy=0.5104
[147/300]  Loss_D: -0.7774 Loss_G: 16.2448, Wasserstein_dist:1.0011, vae_loss_seen:434.9414 GZSL: seen=0.6881, unseen=0.2969, h=0.4148 ZSL: unseen accuracy=0.5208
[148/300]  Loss_D: -0.7584 Loss_G: 17.2483, Wasserstein_dist:0.9972, vae_loss_seen:444.6362 GZSL: seen=0.7791, unseen=0.3542, h=0.4870 ZSL: unseen accuracy=0.5156
[149/300]  Loss_D: -0.6537 Loss_G: 16.9451, Wasserstein_dist:0.8840, vae_loss_seen:443.6511 GZSL: seen=0.7087, unseen=0.2865, h=0.4080 ZSL: unseen accuracy=0.4844
[150/300]  Loss_D: -0.7001 Loss_G: 16.5594, Wasserstein_dist:0.9147, vae_loss_seen:432.3617 GZSL: seen=0.7767, unseen=0.5104, h=0.6160 ZSL: unseen accuracy=0.5156
[151/300]  Loss_D: -0.8781 Loss_G: 16.5828, Wasserstein_dist:1.1273, vae_loss_seen:426.7073 GZSL: seen=0.7508, unseen=0.5156, h=0.6114 ZSL: unseen accuracy=0.5312
[152/300]  Loss_D: -0.7898 Loss_G: 14.7465, Wasserstein_dist:1.0115, vae_loss_seen:413.1723 GZSL: seen=0.7432, unseen=0.4635, h=0.5710 ZSL: unseen accuracy=0.5260
[153/300]  Loss_D: -0.9643 Loss_G: 17.0868, Wasserstein_dist:1.1899, vae_loss_seen:448.1780 GZSL: seen=0.7032, unseen=0.5104, h=0.5915 ZSL: unseen accuracy=0.4792
[154/300]  Loss_D: -0.9090 Loss_G: 16.8110, Wasserstein_dist:1.1421, vae_loss_seen:450.4479 GZSL: seen=0.7639, unseen=0.4583, h=0.5729 ZSL: unseen accuracy=0.5260
[155/300]  Loss_D: -0.8238 Loss_G: 17.4033, Wasserstein_dist:1.0816, vae_loss_seen:440.2871 GZSL: seen=0.6779, unseen=0.5156, h=0.5857 ZSL: unseen accuracy=0.5156
[156/300]  Loss_D: -0.9121 Loss_G: 15.8004, Wasserstein_dist:1.1612, vae_loss_seen:431.7627 GZSL: seen=0.7937, unseen=0.3125, h=0.4484 ZSL: unseen accuracy=0.5208
[157/300]  Loss_D: -0.8093 Loss_G: 15.1771, Wasserstein_dist:1.0923, vae_loss_seen:421.2701 GZSL: seen=0.7950, unseen=0.5156, h=0.6255 ZSL: unseen accuracy=0.4896
[158/300]  Loss_D: -0.8288 Loss_G: 16.8785, Wasserstein_dist:1.1087, vae_loss_seen:436.1447 GZSL: seen=0.7063, unseen=0.3594, h=0.4764 ZSL: unseen accuracy=0.5365
[159/300]  Loss_D: -0.8163 Loss_G: 16.8671, Wasserstein_dist:1.0377, vae_loss_seen:437.7478 GZSL: seen=0.8214, unseen=0.2656, h=0.4014 ZSL: unseen accuracy=0.5052
[160/300]  Loss_D: -0.7887 Loss_G: 16.6542, Wasserstein_dist:1.0793, vae_loss_seen:435.7707 GZSL: seen=0.7115, unseen=0.2812, h=0.4031 ZSL: unseen accuracy=0.5104
[161/300]  Loss_D: -0.7698 Loss_G: 16.8567, Wasserstein_dist:1.0642, vae_loss_seen:437.6017 GZSL: seen=0.7040, unseen=0.4792, h=0.5702 ZSL: unseen accuracy=0.5260
[162/300]  Loss_D: -0.6569 Loss_G: 16.4266, Wasserstein_dist:0.8317, vae_loss_seen:432.6288 GZSL: seen=0.6653, unseen=0.5156, h=0.5810 ZSL: unseen accuracy=0.5521
[163/300]  Loss_D: -0.8338 Loss_G: 16.4910, Wasserstein_dist:1.0556, vae_loss_seen:431.6106 GZSL: seen=0.7421, unseen=0.4792, h=0.5823 ZSL: unseen accuracy=0.5000
[164/300]  Loss_D: -0.7007 Loss_G: 16.5312, Wasserstein_dist:0.9251, vae_loss_seen:425.5322 GZSL: seen=0.7394, unseen=0.4896, h=0.5891 ZSL: unseen accuracy=0.5052
[165/300]  Loss_D: -0.6889 Loss_G: 16.4651, Wasserstein_dist:0.8984, vae_loss_seen:432.6898 GZSL: seen=0.7362, unseen=0.5052, h=0.5992 ZSL: unseen accuracy=0.5312
[166/300]  Loss_D: -0.7412 Loss_G: 16.8520, Wasserstein_dist:1.0334, vae_loss_seen:433.9453 GZSL: seen=0.7361, unseen=0.4583, h=0.5649 ZSL: unseen accuracy=0.5156
[167/300]  Loss_D: -0.8419 Loss_G: 15.6652, Wasserstein_dist:1.1198, vae_loss_seen:429.5621 GZSL: seen=0.8413, unseen=0.4531, h=0.5890 ZSL: unseen accuracy=0.4792
[168/300]  Loss_D: -0.6553 Loss_G: 16.1948, Wasserstein_dist:0.8960, vae_loss_seen:435.3565 GZSL: seen=0.6889, unseen=0.4740, h=0.5616 ZSL: unseen accuracy=0.4688
[169/300]  Loss_D: -0.8238 Loss_G: 15.8233, Wasserstein_dist:1.0344, vae_loss_seen:428.3507 GZSL: seen=0.7124, unseen=0.4271, h=0.5340 ZSL: unseen accuracy=0.5312
[170/300]  Loss_D: -0.7098 Loss_G: 16.5802, Wasserstein_dist:0.9711, vae_loss_seen:435.8941 GZSL: seen=0.8040, unseen=0.4896, h=0.6086 ZSL: unseen accuracy=0.4792
[171/300]  Loss_D: -0.6880 Loss_G: 16.4709, Wasserstein_dist:0.8921, vae_loss_seen:426.6724 GZSL: seen=0.6878, unseen=0.5000, h=0.5791 ZSL: unseen accuracy=0.5260
[172/300]  Loss_D: -0.7151 Loss_G: 16.0513, Wasserstein_dist:0.9317, vae_loss_seen:425.2940 GZSL: seen=0.6614, unseen=0.4688, h=0.5486 ZSL: unseen accuracy=0.5000
[173/300]  Loss_D: -0.6845 Loss_G: 17.3539, Wasserstein_dist:0.8989, vae_loss_seen:443.3707 GZSL: seen=0.7123, unseen=0.5156, h=0.5982 ZSL: unseen accuracy=0.5312
[174/300]  Loss_D: -0.7029 Loss_G: 17.3430, Wasserstein_dist:0.9844, vae_loss_seen:436.8093 GZSL: seen=0.7202, unseen=0.4479, h=0.5523 ZSL: unseen accuracy=0.5104
[175/300]  Loss_D: -0.7155 Loss_G: 15.5070, Wasserstein_dist:0.9936, vae_loss_seen:417.3201 GZSL: seen=0.7242, unseen=0.4427, h=0.5495 ZSL: unseen accuracy=0.5156
[176/300]  Loss_D: -0.6903 Loss_G: 15.3234, Wasserstein_dist:0.8895, vae_loss_seen:421.2686 GZSL: seen=0.7055, unseen=0.5208, h=0.5993 ZSL: unseen accuracy=0.5156
[177/300]  Loss_D: -0.7798 Loss_G: 16.0026, Wasserstein_dist:1.0068, vae_loss_seen:423.4489 GZSL: seen=0.7024, unseen=0.4688, h=0.5623 ZSL: unseen accuracy=0.4792
[178/300]  Loss_D: -0.6907 Loss_G: 15.5935, Wasserstein_dist:0.9097, vae_loss_seen:421.4731 GZSL: seen=0.7136, unseen=0.5208, h=0.6022 ZSL: unseen accuracy=0.5312
[179/300]  Loss_D: -0.7723 Loss_G: 17.4364, Wasserstein_dist:1.0108, vae_loss_seen:442.8555 GZSL: seen=0.6916, unseen=0.4948, h=0.5769 ZSL: unseen accuracy=0.5104
[180/300]  Loss_D: -0.7254 Loss_G: 14.6070, Wasserstein_dist:0.9096, vae_loss_seen:416.3098 GZSL: seen=0.6786, unseen=0.3438, h=0.4563 ZSL: unseen accuracy=0.5208
[181/300]  Loss_D: -0.7385 Loss_G: 16.9130, Wasserstein_dist:0.9885, vae_loss_seen:442.1447 GZSL: seen=0.7897, unseen=0.4323, h=0.5587 ZSL: unseen accuracy=0.4688
[182/300]  Loss_D: -0.7083 Loss_G: 15.2994, Wasserstein_dist:0.8931, vae_loss_seen:424.0552 GZSL: seen=0.6956, unseen=0.4844, h=0.5711 ZSL: unseen accuracy=0.5104
[183/300]  Loss_D: -0.7379 Loss_G: 15.0722, Wasserstein_dist:0.9580, vae_loss_seen:418.1387 GZSL: seen=0.6984, unseen=0.3281, h=0.4465 ZSL: unseen accuracy=0.4948
[184/300]  Loss_D: -0.7699 Loss_G: 15.4673, Wasserstein_dist:0.9871, vae_loss_seen:424.3386 GZSL: seen=0.7222, unseen=0.5156, h=0.6017 ZSL: unseen accuracy=0.5312
[185/300]  Loss_D: -0.6773 Loss_G: 15.1287, Wasserstein_dist:0.8368, vae_loss_seen:421.3015 GZSL: seen=0.7004, unseen=0.3854, h=0.4972 ZSL: unseen accuracy=0.5104
[186/300]  Loss_D: -0.8353 Loss_G: 15.0997, Wasserstein_dist:1.0538, vae_loss_seen:421.3484 GZSL: seen=0.6832, unseen=0.3177, h=0.4337 ZSL: unseen accuracy=0.4948
[187/300]  Loss_D: -0.6953 Loss_G: 15.0784, Wasserstein_dist:0.8833, vae_loss_seen:410.1862 GZSL: seen=0.7365, unseen=0.3281, h=0.4540 ZSL: unseen accuracy=0.5052
[188/300]  Loss_D: -0.7658 Loss_G: 15.2219, Wasserstein_dist:0.9597, vae_loss_seen:417.1549 GZSL: seen=0.7619, unseen=0.4531, h=0.5683 ZSL: unseen accuracy=0.5156
[189/300]  Loss_D: -0.7831 Loss_G: 16.0926, Wasserstein_dist:0.9906, vae_loss_seen:433.4365 GZSL: seen=0.7714, unseen=0.4635, h=0.5791 ZSL: unseen accuracy=0.5156
[190/300]  Loss_D: -0.7749 Loss_G: 15.1304, Wasserstein_dist:0.9945, vae_loss_seen:414.9899 GZSL: seen=0.7341, unseen=0.5208, h=0.6094 ZSL: unseen accuracy=0.5260
[191/300]  Loss_D: -0.7045 Loss_G: 15.4404, Wasserstein_dist:0.8887, vae_loss_seen:414.8526 GZSL: seen=0.6647, unseen=0.5052, h=0.5741 ZSL: unseen accuracy=0.4792
[192/300]  Loss_D: -0.6554 Loss_G: 15.1152, Wasserstein_dist:0.8394, vae_loss_seen:414.1530 GZSL: seen=0.7452, unseen=0.3333, h=0.4606 ZSL: unseen accuracy=0.4792
[193/300]  Loss_D: -0.7024 Loss_G: 14.9752, Wasserstein_dist:0.9128, vae_loss_seen:407.1797 GZSL: seen=0.6806, unseen=0.3594, h=0.4704 ZSL: unseen accuracy=0.4740
[194/300]  Loss_D: -0.7010 Loss_G: 14.5454, Wasserstein_dist:0.9365, vae_loss_seen:408.0482 GZSL: seen=0.7262, unseen=0.3333, h=0.4569 ZSL: unseen accuracy=0.5208
[195/300]  Loss_D: -0.6543 Loss_G: 15.3801, Wasserstein_dist:0.8442, vae_loss_seen:419.6307 GZSL: seen=0.7956, unseen=0.4948, h=0.6101 ZSL: unseen accuracy=0.5104
[196/300]  Loss_D: -0.6352 Loss_G: 14.8624, Wasserstein_dist:0.8373, vae_loss_seen:414.1805 GZSL: seen=0.6387, unseen=0.4740, h=0.5441 ZSL: unseen accuracy=0.4792
[197/300]  Loss_D: -0.7509 Loss_G: 15.3724, Wasserstein_dist:0.9823, vae_loss_seen:415.9006 GZSL: seen=0.6825, unseen=0.4479, h=0.5409 ZSL: unseen accuracy=0.4896
[198/300]  Loss_D: -0.7383 Loss_G: 16.0812, Wasserstein_dist:0.9740, vae_loss_seen:426.9999 GZSL: seen=0.6916, unseen=0.3021, h=0.4205 ZSL: unseen accuracy=0.4844
[199/300]  Loss_D: -0.6979 Loss_G: 15.8173, Wasserstein_dist:0.9313, vae_loss_seen:423.1507 GZSL: seen=0.7123, unseen=0.4844, h=0.5766 ZSL: unseen accuracy=0.5104
[200/300]  Loss_D: -0.7146 Loss_G: 14.6805, Wasserstein_dist:0.9363, vae_loss_seen:411.6257 GZSL: seen=0.7948, unseen=0.4844, h=0.6019 ZSL: unseen accuracy=0.5312
[201/300]  Loss_D: -0.6358 Loss_G: 14.0705, Wasserstein_dist:0.8099, vae_loss_seen:398.5988 GZSL: seen=0.6378, unseen=0.4792, h=0.5472 ZSL: unseen accuracy=0.5156
[202/300]  Loss_D: -0.7148 Loss_G: 14.3172, Wasserstein_dist:0.9006, vae_loss_seen:409.3015 GZSL: seen=0.7044, unseen=0.4688, h=0.5629 ZSL: unseen accuracy=0.4948
[203/300]  Loss_D: -0.6915 Loss_G: 15.5790, Wasserstein_dist:0.9106, vae_loss_seen:416.6002 GZSL: seen=0.7361, unseen=0.4271, h=0.5405 ZSL: unseen accuracy=0.5000
[204/300]  Loss_D: -0.5186 Loss_G: 15.8566, Wasserstein_dist:0.7151, vae_loss_seen:430.3578 GZSL: seen=0.8060, unseen=0.4740, h=0.5969 ZSL: unseen accuracy=0.4948
[205/300]  Loss_D: -0.6928 Loss_G: 16.4720, Wasserstein_dist:0.9418, vae_loss_seen:433.2496 GZSL: seen=0.7183, unseen=0.4271, h=0.5357 ZSL: unseen accuracy=0.5208
[206/300]  Loss_D: -0.6879 Loss_G: 14.9215, Wasserstein_dist:0.8941, vae_loss_seen:427.9482 GZSL: seen=0.7057, unseen=0.4375, h=0.5401 ZSL: unseen accuracy=0.5052
[207/300]  Loss_D: -0.5367 Loss_G: 14.7715, Wasserstein_dist:0.7227, vae_loss_seen:409.1366 GZSL: seen=0.7242, unseen=0.4583, h=0.5614 ZSL: unseen accuracy=0.5260
[208/300]  Loss_D: -0.6429 Loss_G: 15.3631, Wasserstein_dist:0.8459, vae_loss_seen:411.0156 GZSL: seen=0.8333, unseen=0.4375, h=0.5738 ZSL: unseen accuracy=0.5312
[209/300]  Loss_D: -0.5872 Loss_G: 15.7642, Wasserstein_dist:0.8042, vae_loss_seen:417.9987 GZSL: seen=0.7222, unseen=0.5156, h=0.6017 ZSL: unseen accuracy=0.5052
[210/300]  Loss_D: -0.5926 Loss_G: 15.3446, Wasserstein_dist:0.7786, vae_loss_seen:410.4293 GZSL: seen=0.7774, unseen=0.3958, h=0.5246 ZSL: unseen accuracy=0.4792
[211/300]  Loss_D: -0.6061 Loss_G: 15.1697, Wasserstein_dist:0.8946, vae_loss_seen:411.6361 GZSL: seen=0.7103, unseen=0.4219, h=0.5294 ZSL: unseen accuracy=0.5000
[212/300]  Loss_D: -0.6856 Loss_G: 15.9032, Wasserstein_dist:0.8624, vae_loss_seen:430.1828 GZSL: seen=0.7187, unseen=0.4583, h=0.5597 ZSL: unseen accuracy=0.5312
[213/300]  Loss_D: -0.7100 Loss_G: 14.7615, Wasserstein_dist:0.9241, vae_loss_seen:402.0695 GZSL: seen=0.7857, unseen=0.3958, h=0.5264 ZSL: unseen accuracy=0.5052
[214/300]  Loss_D: -0.6204 Loss_G: 16.0307, Wasserstein_dist:0.8372, vae_loss_seen:427.8218 GZSL: seen=0.6819, unseen=0.5104, h=0.5838 ZSL: unseen accuracy=0.5104
[215/300]  Loss_D: -0.6560 Loss_G: 15.0893, Wasserstein_dist:0.9055, vae_loss_seen:416.3088 GZSL: seen=0.7021, unseen=0.4271, h=0.5311 ZSL: unseen accuracy=0.4844
[216/300]  Loss_D: -0.7369 Loss_G: 15.9755, Wasserstein_dist:0.9579, vae_loss_seen:419.0295 GZSL: seen=0.7020, unseen=0.4323, h=0.5351 ZSL: unseen accuracy=0.5104
[217/300]  Loss_D: -0.7253 Loss_G: 16.2796, Wasserstein_dist:0.9281, vae_loss_seen:429.4218 GZSL: seen=0.7520, unseen=0.3802, h=0.5051 ZSL: unseen accuracy=0.5104
[218/300]  Loss_D: -0.5576 Loss_G: 16.0247, Wasserstein_dist:0.7393, vae_loss_seen:424.4771 GZSL: seen=0.7183, unseen=0.4896, h=0.5823 ZSL: unseen accuracy=0.5000
[219/300]  Loss_D: -0.7043 Loss_G: 17.4857, Wasserstein_dist:0.9264, vae_loss_seen:440.6640 GZSL: seen=0.6905, unseen=0.4479, h=0.5434 ZSL: unseen accuracy=0.5052
[220/300]  Loss_D: -0.6458 Loss_G: 14.8901, Wasserstein_dist:0.9053, vae_loss_seen:406.6618 GZSL: seen=0.7480, unseen=0.3802, h=0.5042 ZSL: unseen accuracy=0.5000
[221/300]  Loss_D: -0.6179 Loss_G: 15.1305, Wasserstein_dist:0.7872, vae_loss_seen:411.7132 GZSL: seen=0.7698, unseen=0.4688, h=0.5827 ZSL: unseen accuracy=0.4792
[222/300]  Loss_D: -0.6686 Loss_G: 15.2719, Wasserstein_dist:0.9056, vae_loss_seen:414.5618 GZSL: seen=0.7417, unseen=0.4115, h=0.5293 ZSL: unseen accuracy=0.4896
[223/300]  Loss_D: -0.7392 Loss_G: 16.6733, Wasserstein_dist:0.9403, vae_loss_seen:432.0300 GZSL: seen=0.7183, unseen=0.4531, h=0.5557 ZSL: unseen accuracy=0.5000
[224/300]  Loss_D: -0.5789 Loss_G: 16.0898, Wasserstein_dist:0.7653, vae_loss_seen:415.7895 GZSL: seen=0.7560, unseen=0.3802, h=0.5059 ZSL: unseen accuracy=0.5052
[225/300]  Loss_D: -0.5775 Loss_G: 15.4466, Wasserstein_dist:0.7907, vae_loss_seen:415.2186 GZSL: seen=0.6988, unseen=0.4583, h=0.5536 ZSL: unseen accuracy=0.4792
[226/300]  Loss_D: -0.7639 Loss_G: 16.4535, Wasserstein_dist:0.9695, vae_loss_seen:427.6884 GZSL: seen=0.7611, unseen=0.5000, h=0.6035 ZSL: unseen accuracy=0.5260
[227/300]  Loss_D: -0.7049 Loss_G: 15.0640, Wasserstein_dist:0.9328, vae_loss_seen:416.3940 GZSL: seen=0.7222, unseen=0.4167, h=0.5285 ZSL: unseen accuracy=0.5156
[228/300]  Loss_D: -0.7867 Loss_G: 15.9213, Wasserstein_dist:1.0034, vae_loss_seen:434.4450 GZSL: seen=0.7738, unseen=0.3906, h=0.5192 ZSL: unseen accuracy=0.5104
[229/300]  Loss_D: -0.8556 Loss_G: 14.5051, Wasserstein_dist:1.0615, vae_loss_seen:411.8802 GZSL: seen=0.7242, unseen=0.4635, h=0.5653 ZSL: unseen accuracy=0.5104
[230/300]  Loss_D: -0.7052 Loss_G: 15.2345, Wasserstein_dist:0.9126, vae_loss_seen:411.0092 GZSL: seen=0.7255, unseen=0.5156, h=0.6028 ZSL: unseen accuracy=0.4948
[231/300]  Loss_D: -0.5895 Loss_G: 16.2884, Wasserstein_dist:0.7601, vae_loss_seen:423.4594 GZSL: seen=0.7302, unseen=0.4010, h=0.5177 ZSL: unseen accuracy=0.4948
[232/300]  Loss_D: -0.5553 Loss_G: 14.6802, Wasserstein_dist:0.7476, vae_loss_seen:414.0322 GZSL: seen=0.7123, unseen=0.4479, h=0.5500 ZSL: unseen accuracy=0.5052
[233/300]  Loss_D: -0.6602 Loss_G: 14.8192, Wasserstein_dist:0.8413, vae_loss_seen:414.4177 GZSL: seen=0.7262, unseen=0.3281, h=0.4520 ZSL: unseen accuracy=0.5104
[234/300]  Loss_D: -0.5942 Loss_G: 16.3069, Wasserstein_dist:0.7697, vae_loss_seen:421.7310 GZSL: seen=0.7500, unseen=0.4583, h=0.5690 ZSL: unseen accuracy=0.4948
[235/300]  Loss_D: -0.8007 Loss_G: 16.0797, Wasserstein_dist:1.0590, vae_loss_seen:426.6676 GZSL: seen=0.7773, unseen=0.4688, h=0.5848 ZSL: unseen accuracy=0.4948
[236/300]  Loss_D: -0.5355 Loss_G: 15.3358, Wasserstein_dist:0.7377, vae_loss_seen:411.9138 GZSL: seen=0.6849, unseen=0.4583, h=0.5492 ZSL: unseen accuracy=0.5052
[237/300]  Loss_D: -0.6813 Loss_G: 15.0347, Wasserstein_dist:0.9358, vae_loss_seen:407.2813 GZSL: seen=0.7722, unseen=0.3646, h=0.4953 ZSL: unseen accuracy=0.4740
[238/300]  Loss_D: -0.7270 Loss_G: 14.1815, Wasserstein_dist:0.9726, vae_loss_seen:401.0752 GZSL: seen=0.6806, unseen=0.2812, h=0.3980 ZSL: unseen accuracy=0.5052
[239/300]  Loss_D: -0.5712 Loss_G: 14.8961, Wasserstein_dist:0.7405, vae_loss_seen:408.8263 GZSL: seen=0.7659, unseen=0.4896, h=0.5973 ZSL: unseen accuracy=0.5260
[240/300]  Loss_D: -0.5384 Loss_G: 14.8878, Wasserstein_dist:0.7084, vae_loss_seen:413.2051 GZSL: seen=0.7579, unseen=0.4688, h=0.5793 ZSL: unseen accuracy=0.5365
[241/300]  Loss_D: -0.6572 Loss_G: 15.7046, Wasserstein_dist:0.8896, vae_loss_seen:425.0716 GZSL: seen=0.6944, unseen=0.4896, h=0.5743 ZSL: unseen accuracy=0.4948
[242/300]  Loss_D: -0.6183 Loss_G: 16.7250, Wasserstein_dist:0.8464, vae_loss_seen:428.3561 GZSL: seen=0.7579, unseen=0.4219, h=0.5420 ZSL: unseen accuracy=0.5052
[243/300]  Loss_D: -0.6631 Loss_G: 14.6552, Wasserstein_dist:0.8259, vae_loss_seen:405.9051 GZSL: seen=0.7837, unseen=0.5052, h=0.6144 ZSL: unseen accuracy=0.5052
[244/300]  Loss_D: -0.5263 Loss_G: 14.7147, Wasserstein_dist:0.7189, vae_loss_seen:401.7175 GZSL: seen=0.7734, unseen=0.4115, h=0.5372 ZSL: unseen accuracy=0.5104
[245/300]  Loss_D: -0.7225 Loss_G: 17.0244, Wasserstein_dist:0.9820, vae_loss_seen:432.4033 GZSL: seen=0.7401, unseen=0.4896, h=0.5893 ZSL: unseen accuracy=0.5365
[246/300]  Loss_D: -0.6237 Loss_G: 13.6002, Wasserstein_dist:0.8336, vae_loss_seen:405.3009 GZSL: seen=0.6936, unseen=0.4688, h=0.5594 ZSL: unseen accuracy=0.4740
[247/300]  Loss_D: -0.6719 Loss_G: 14.3792, Wasserstein_dist:0.8803, vae_loss_seen:403.6096 GZSL: seen=0.8234, unseen=0.3646, h=0.5054 ZSL: unseen accuracy=0.5104
[248/300]  Loss_D: -0.5594 Loss_G: 14.1761, Wasserstein_dist:0.7371, vae_loss_seen:400.0818 GZSL: seen=0.6786, unseen=0.4427, h=0.5358 ZSL: unseen accuracy=0.5000
[249/300]  Loss_D: -0.6989 Loss_G: 16.5995, Wasserstein_dist:0.9530, vae_loss_seen:426.0452 GZSL: seen=0.7500, unseen=0.4479, h=0.5609 ZSL: unseen accuracy=0.5052
[250/300]  Loss_D: -0.6583 Loss_G: 14.0986, Wasserstein_dist:0.8497, vae_loss_seen:404.6127 GZSL: seen=0.7028, unseen=0.4427, h=0.5432 ZSL: unseen accuracy=0.5052
[251/300]  Loss_D: -0.5458 Loss_G: 14.6977, Wasserstein_dist:0.7053, vae_loss_seen:406.2059 GZSL: seen=0.6861, unseen=0.5000, h=0.5785 ZSL: unseen accuracy=0.5156
[252/300]  Loss_D: -0.7110 Loss_G: 17.1340, Wasserstein_dist:0.9728, vae_loss_seen:423.4810 GZSL: seen=0.7599, unseen=0.5052, h=0.6069 ZSL: unseen accuracy=0.4948
[253/300]  Loss_D: -0.5254 Loss_G: 15.1317, Wasserstein_dist:0.7177, vae_loss_seen:408.6255 GZSL: seen=0.6956, unseen=0.4635, h=0.5563 ZSL: unseen accuracy=0.5052
[254/300]  Loss_D: -0.5905 Loss_G: 13.8376, Wasserstein_dist:0.7940, vae_loss_seen:391.5659 GZSL: seen=0.7460, unseen=0.3958, h=0.5172 ZSL: unseen accuracy=0.5208
[255/300]  Loss_D: -0.5672 Loss_G: 15.4420, Wasserstein_dist:0.7226, vae_loss_seen:417.6321 GZSL: seen=0.7612, unseen=0.4896, h=0.5959 ZSL: unseen accuracy=0.4948
[256/300]  Loss_D: -0.5546 Loss_G: 15.3013, Wasserstein_dist:0.7095, vae_loss_seen:410.3846 GZSL: seen=0.7183, unseen=0.3646, h=0.4837 ZSL: unseen accuracy=0.4740
[257/300]  Loss_D: -0.7401 Loss_G: 14.4748, Wasserstein_dist:0.9198, vae_loss_seen:413.1148 GZSL: seen=0.8591, unseen=0.3906, h=0.5371 ZSL: unseen accuracy=0.5000
[258/300]  Loss_D: -0.6786 Loss_G: 17.0356, Wasserstein_dist:0.8687, vae_loss_seen:430.2434 GZSL: seen=0.7583, unseen=0.4167, h=0.5378 ZSL: unseen accuracy=0.5104
[259/300]  Loss_D: -0.6149 Loss_G: 14.4114, Wasserstein_dist:0.7865, vae_loss_seen:414.2976 GZSL: seen=0.7738, unseen=0.3438, h=0.4760 ZSL: unseen accuracy=0.5052
[260/300]  Loss_D: -0.6040 Loss_G: 14.4373, Wasserstein_dist:0.7747, vae_loss_seen:418.0797 GZSL: seen=0.7063, unseen=0.4062, h=0.5158 ZSL: unseen accuracy=0.4896
[261/300]  Loss_D: -0.7020 Loss_G: 17.4323, Wasserstein_dist:0.9484, vae_loss_seen:436.6474 GZSL: seen=0.7167, unseen=0.4948, h=0.5854 ZSL: unseen accuracy=0.5052
[262/300]  Loss_D: -0.6050 Loss_G: 14.3606, Wasserstein_dist:0.9126, vae_loss_seen:413.2183 GZSL: seen=0.7044, unseen=0.4115, h=0.5195 ZSL: unseen accuracy=0.5156
[263/300]  Loss_D: -0.6203 Loss_G: 13.0272, Wasserstein_dist:0.8065, vae_loss_seen:384.8211 GZSL: seen=0.7063, unseen=0.4531, h=0.5521 ZSL: unseen accuracy=0.4844
[264/300]  Loss_D: -0.5765 Loss_G: 14.5874, Wasserstein_dist:0.7481, vae_loss_seen:405.5062 GZSL: seen=0.6839, unseen=0.4948, h=0.5742 ZSL: unseen accuracy=0.5052
[265/300]  Loss_D: -0.5521 Loss_G: 15.1982, Wasserstein_dist:0.7229, vae_loss_seen:410.0709 GZSL: seen=0.6958, unseen=0.4948, h=0.5783 ZSL: unseen accuracy=0.4688
[266/300]  Loss_D: -0.6622 Loss_G: 13.9864, Wasserstein_dist:0.8420, vae_loss_seen:408.6572 GZSL: seen=0.7471, unseen=0.3854, h=0.5085 ZSL: unseen accuracy=0.4948
[267/300]  Loss_D: -0.6834 Loss_G: 15.6941, Wasserstein_dist:0.8690, vae_loss_seen:421.7571 GZSL: seen=0.7484, unseen=0.4427, h=0.5563 ZSL: unseen accuracy=0.5208
[268/300]  Loss_D: -0.5549 Loss_G: 14.8939, Wasserstein_dist:0.7283, vae_loss_seen:400.9876 GZSL: seen=0.7234, unseen=0.4792, h=0.5765 ZSL: unseen accuracy=0.5052
[269/300]  Loss_D: -0.7108 Loss_G: 15.3161, Wasserstein_dist:0.9275, vae_loss_seen:415.2097 GZSL: seen=0.7540, unseen=0.4479, h=0.5620 ZSL: unseen accuracy=0.5156
[270/300]  Loss_D: -0.6265 Loss_G: 15.3859, Wasserstein_dist:0.8526, vae_loss_seen:418.4173 GZSL: seen=0.7381, unseen=0.3698, h=0.4927 ZSL: unseen accuracy=0.5312
[271/300]  Loss_D: -0.6179 Loss_G: 14.7252, Wasserstein_dist:0.7914, vae_loss_seen:411.9351 GZSL: seen=0.7187, unseen=0.3281, h=0.4505 ZSL: unseen accuracy=0.4688
[272/300]  Loss_D: -0.7030 Loss_G: 13.3368, Wasserstein_dist:0.9395, vae_loss_seen:395.5707 GZSL: seen=0.7623, unseen=0.4792, h=0.5884 ZSL: unseen accuracy=0.5312
[273/300]  Loss_D: -0.5852 Loss_G: 14.7779, Wasserstein_dist:0.7697, vae_loss_seen:416.0029 GZSL: seen=0.6944, unseen=0.5156, h=0.5918 ZSL: unseen accuracy=0.4948
[274/300]  Loss_D: -0.6457 Loss_G: 15.4740, Wasserstein_dist:0.8424, vae_loss_seen:422.1401 GZSL: seen=0.7540, unseen=0.3125, h=0.4419 ZSL: unseen accuracy=0.4844
[275/300]  Loss_D: -0.6383 Loss_G: 14.6513, Wasserstein_dist:0.8389, vae_loss_seen:405.7562 GZSL: seen=0.7425, unseen=0.2917, h=0.4188 ZSL: unseen accuracy=0.5052
[276/300]  Loss_D: -0.5670 Loss_G: 13.5526, Wasserstein_dist:0.7494, vae_loss_seen:398.5933 GZSL: seen=0.7183, unseen=0.2865, h=0.4096 ZSL: unseen accuracy=0.5156
[277/300]  Loss_D: -0.5891 Loss_G: 13.9306, Wasserstein_dist:0.7716, vae_loss_seen:402.7573 GZSL: seen=0.6481, unseen=0.4792, h=0.5510 ZSL: unseen accuracy=0.5052
[278/300]  Loss_D: -0.7128 Loss_G: 16.4394, Wasserstein_dist:0.9007, vae_loss_seen:423.7573 GZSL: seen=0.7440, unseen=0.3646, h=0.4894 ZSL: unseen accuracy=0.5000
[279/300]  Loss_D: -0.6174 Loss_G: 14.9329, Wasserstein_dist:0.8638, vae_loss_seen:415.9918 GZSL: seen=0.6933, unseen=0.4583, h=0.5518 ZSL: unseen accuracy=0.4792
[280/300]  Loss_D: -0.5751 Loss_G: 13.8723, Wasserstein_dist:0.7578, vae_loss_seen:396.0617 GZSL: seen=0.6746, unseen=0.4531, h=0.5421 ZSL: unseen accuracy=0.4896
[281/300]  Loss_D: -0.6253 Loss_G: 14.6247, Wasserstein_dist:0.8072, vae_loss_seen:408.8159 GZSL: seen=0.6964, unseen=0.4427, h=0.5413 ZSL: unseen accuracy=0.4792
[282/300]  Loss_D: -0.7139 Loss_G: 13.7679, Wasserstein_dist:0.8682, vae_loss_seen:399.1713 GZSL: seen=0.7136, unseen=0.5000, h=0.5880 ZSL: unseen accuracy=0.5104
[283/300]  Loss_D: -0.4374 Loss_G: 12.5985, Wasserstein_dist:0.5950, vae_loss_seen:383.7799 GZSL: seen=0.7000, unseen=0.4844, h=0.5726 ZSL: unseen accuracy=0.5052
[284/300]  Loss_D: -0.5129 Loss_G: 14.7670, Wasserstein_dist:0.7148, vae_loss_seen:408.3732 GZSL: seen=0.7444, unseen=0.3958, h=0.5168 ZSL: unseen accuracy=0.5000
[285/300]  Loss_D: -0.6710 Loss_G: 13.5558, Wasserstein_dist:0.8261, vae_loss_seen:389.7357 GZSL: seen=0.7698, unseen=0.3646, h=0.4948 ZSL: unseen accuracy=0.5104
[286/300]  Loss_D: -0.6853 Loss_G: 14.4090, Wasserstein_dist:0.8654, vae_loss_seen:404.9045 GZSL: seen=0.7540, unseen=0.5052, h=0.6050 ZSL: unseen accuracy=0.5000
[287/300]  Loss_D: -0.6533 Loss_G: 13.5908, Wasserstein_dist:0.8776, vae_loss_seen:403.5723 GZSL: seen=0.8294, unseen=0.3646, h=0.5065 ZSL: unseen accuracy=0.4948
[288/300]  Loss_D: -0.6541 Loss_G: 15.9965, Wasserstein_dist:0.8303, vae_loss_seen:431.9424 GZSL: seen=0.6885, unseen=0.4635, h=0.5541 ZSL: unseen accuracy=0.5312
[289/300]  Loss_D: -0.6186 Loss_G: 13.1801, Wasserstein_dist:0.7747, vae_loss_seen:393.1001 GZSL: seen=0.6901, unseen=0.4323, h=0.5316 ZSL: unseen accuracy=0.5000
[290/300]  Loss_D: -0.5424 Loss_G: 14.1510, Wasserstein_dist:0.7037, vae_loss_seen:396.7778 GZSL: seen=0.7428, unseen=0.4740, h=0.5787 ZSL: unseen accuracy=0.4896
[291/300]  Loss_D: -0.5454 Loss_G: 12.7709, Wasserstein_dist:0.7167, vae_loss_seen:385.0373 GZSL: seen=0.7798, unseen=0.3802, h=0.5112 ZSL: unseen accuracy=0.5104
[292/300]  Loss_D: -0.5998 Loss_G: 12.8840, Wasserstein_dist:0.7596, vae_loss_seen:385.8226 GZSL: seen=0.7976, unseen=0.4531, h=0.5779 ZSL: unseen accuracy=0.5156
[293/300]  Loss_D: -0.5895 Loss_G: 12.4706, Wasserstein_dist:0.7775, vae_loss_seen:383.7480 GZSL: seen=0.7421, unseen=0.4896, h=0.5899 ZSL: unseen accuracy=0.5000
[294/300]  Loss_D: -0.7379 Loss_G: 11.7352, Wasserstein_dist:0.8967, vae_loss_seen:387.1209 GZSL: seen=0.7214, unseen=0.3958, h=0.5112 ZSL: unseen accuracy=0.5000
[295/300]  Loss_D: -0.6006 Loss_G: 13.7050, Wasserstein_dist:0.7988, vae_loss_seen:403.8212 GZSL: seen=0.7824, unseen=0.3698, h=0.5022 ZSL: unseen accuracy=0.5260
[296/300]  Loss_D: -0.4754 Loss_G: 13.9323, Wasserstein_dist:0.6587, vae_loss_seen:392.6292 GZSL: seen=0.6921, unseen=0.4323, h=0.5322 ZSL: unseen accuracy=0.4948
[297/300]  Loss_D: -0.6306 Loss_G: 12.8274, Wasserstein_dist:0.8062, vae_loss_seen:391.9448 GZSL: seen=0.6663, unseen=0.4948, h=0.5679 ZSL: unseen accuracy=0.5104
[298/300]  Loss_D: -0.6117 Loss_G: 11.4408, Wasserstein_dist:0.7978, vae_loss_seen:377.3975 GZSL: seen=0.6735, unseen=0.4010, h=0.5027 ZSL: unseen accuracy=0.4896
[299/300]  Loss_D: -0.5500 Loss_G: 12.9608, Wasserstein_dist:0.7237, vae_loss_seen:392.4639 GZSL: seen=0.7103, unseen=0.4844, h=0.5760 ZSL: unseen accuracy=0.4948
Dataset RADAR
the best ZSL unseen accuracy is 0.75
Dataset RADAR
the best GZSL seen accuracy is 0.8086734693877551
the best GZSL unseen accuracy is 0.5520833333333334
the best GZSL H is 0.6561865333541633
