Random Seed:  3407
# of training samples:  538
Encoder(
  (fc1): Linear(in_features=1536, out_features=4096, bias=True)
  (fc3): Linear(in_features=4096, out_features=1024, bias=True)
  (lrelu): LeakyReLU(0.2, inplace)
  (linear_means): Linear(in_features=1024, out_features=512, bias=True)
  (linear_log_var): Linear(in_features=1024, out_features=512, bias=True)
)
Generator(
  (fc1): Linear(in_features=1024, out_features=4096, bias=True)
  (fc3): Linear(in_features=4096, out_features=1024, bias=True)
  (lrelu): LeakyReLU(0.2, inplace)
  (sigmoid): Sigmoid()
)
Discriminator_D1(
  (fc1): Linear(in_features=1536, out_features=4096, bias=True)
  (fc2): Linear(in_features=4096, out_features=1, bias=True)
  (lrelu): LeakyReLU(0.2, inplace)
)
Feedback(
  (fc1): Linear(in_features=4096, out_features=4096, bias=True)
  (fc2): Linear(in_features=4096, out_features=4096, bias=True)
  (lrelu): LeakyReLU(0.2, inplace)
)
AttDec(
  (fc1): Linear(in_features=1024, out_features=4096, bias=True)
  (fc3): Linear(in_features=4096, out_features=512, bias=True)
  (lrelu): LeakyReLU(0.2, inplace)
)
[0/300]  Loss_D: -11.0196 Loss_G: 0.9891, Wasserstein_dist:13.8205, vae_loss_seen:478.6404 GZSL: seen=0.9206, unseen=0.2240, h=0.3603 ZSL: unseen accuracy=0.3490
[1/300]  Loss_D: -8.0360 Loss_G: -1.9142, Wasserstein_dist:10.6163, vae_loss_seen:410.7227 GZSL: seen=0.8929, unseen=0.3125, h=0.4630 ZSL: unseen accuracy=0.4635
[2/300]  Loss_D: -4.6000 Loss_G: -4.0706, Wasserstein_dist:6.0669, vae_loss_seen:351.6837 GZSL: seen=0.8948, unseen=0.3229, h=0.4746 ZSL: unseen accuracy=0.5729
[3/300]  Loss_D: -3.1117 Loss_G: -6.3238, Wasserstein_dist:4.0020, vae_loss_seen:321.1752 GZSL: seen=0.8730, unseen=0.3021, h=0.4489 ZSL: unseen accuracy=0.4792
[4/300]  Loss_D: -2.2934 Loss_G: -6.5911, Wasserstein_dist:2.8704, vae_loss_seen:319.4760 GZSL: seen=0.8889, unseen=0.2448, h=0.3839 ZSL: unseen accuracy=0.5677
[5/300]  Loss_D: -1.9848 Loss_G: -6.2371, Wasserstein_dist:2.4442, vae_loss_seen:314.8956 GZSL: seen=0.9048, unseen=0.3125, h=0.4645 ZSL: unseen accuracy=0.4948
[6/300]  Loss_D: -1.9454 Loss_G: -6.5263, Wasserstein_dist:2.3112, vae_loss_seen:297.9573 GZSL: seen=0.7421, unseen=0.3281, h=0.4550 ZSL: unseen accuracy=0.6458
[7/300]  Loss_D: -2.1049 Loss_G: -5.3118, Wasserstein_dist:2.6347, vae_loss_seen:304.4429 GZSL: seen=0.8730, unseen=0.2500, h=0.3887 ZSL: unseen accuracy=0.3802
[8/300]  Loss_D: -1.9389 Loss_G: -2.2518, Wasserstein_dist:2.3796, vae_loss_seen:303.2029 GZSL: seen=0.8730, unseen=0.2865, h=0.4314 ZSL: unseen accuracy=0.5000
[9/300]  Loss_D: -2.1267 Loss_G: -1.1391, Wasserstein_dist:2.7042, vae_loss_seen:320.1546 GZSL: seen=0.8849, unseen=0.2500, h=0.3899 ZSL: unseen accuracy=0.4688
[10/300]  Loss_D: -2.2621 Loss_G: -0.1926, Wasserstein_dist:2.8291, vae_loss_seen:312.2067 GZSL: seen=0.8631, unseen=0.2708, h=0.4123 ZSL: unseen accuracy=0.5833
[11/300]  Loss_D: -2.4278 Loss_G: 1.5560, Wasserstein_dist:3.0355, vae_loss_seen:300.1786 GZSL: seen=0.9385, unseen=0.2969, h=0.4511 ZSL: unseen accuracy=0.6094
[12/300]  Loss_D: -2.1290 Loss_G: 3.8643, Wasserstein_dist:2.8139, vae_loss_seen:309.1511 GZSL: seen=0.8988, unseen=0.3021, h=0.4522 ZSL: unseen accuracy=0.5990
[13/300]  Loss_D: -2.3525 Loss_G: 3.7379, Wasserstein_dist:3.0247, vae_loss_seen:308.8715 GZSL: seen=0.8810, unseen=0.3021, h=0.4499 ZSL: unseen accuracy=0.5104
[14/300]  Loss_D: -2.3990 Loss_G: 4.0751, Wasserstein_dist:3.0017, vae_loss_seen:307.6898 GZSL: seen=0.8988, unseen=0.2708, h=0.4162 ZSL: unseen accuracy=0.6094
[15/300]  Loss_D: -2.3448 Loss_G: 5.0899, Wasserstein_dist:2.8911, vae_loss_seen:306.2321 GZSL: seen=0.8710, unseen=0.3750, h=0.5243 ZSL: unseen accuracy=0.7188
[16/300]  Loss_D: -2.0850 Loss_G: 7.3439, Wasserstein_dist:2.7086, vae_loss_seen:310.6189 GZSL: seen=0.7619, unseen=0.3177, h=0.4484 ZSL: unseen accuracy=0.6146
[17/300]  Loss_D: -2.0715 Loss_G: 5.7670, Wasserstein_dist:2.6955, vae_loss_seen:308.5281 GZSL: seen=0.7636, unseen=0.3958, h=0.5214 ZSL: unseen accuracy=0.7188
[18/300]  Loss_D: -2.2266 Loss_G: 5.8840, Wasserstein_dist:2.8006, vae_loss_seen:301.3434 GZSL: seen=0.8214, unseen=0.3125, h=0.4528 ZSL: unseen accuracy=0.6719
[19/300]  Loss_D: -2.0838 Loss_G: 8.1353, Wasserstein_dist:2.6942, vae_loss_seen:307.3122 GZSL: seen=0.8135, unseen=0.3073, h=0.4461 ZSL: unseen accuracy=0.5208
[20/300]  Loss_D: -2.4561 Loss_G: 6.7017, Wasserstein_dist:3.0571, vae_loss_seen:315.7119 GZSL: seen=0.9028, unseen=0.3281, h=0.4813 ZSL: unseen accuracy=0.5781
[21/300]  Loss_D: -2.3931 Loss_G: 7.8806, Wasserstein_dist:2.9858, vae_loss_seen:301.8780 GZSL: seen=0.8690, unseen=0.2812, h=0.4250 ZSL: unseen accuracy=0.6927
[22/300]  Loss_D: -2.1288 Loss_G: 8.1317, Wasserstein_dist:2.7201, vae_loss_seen:301.3164 GZSL: seen=0.8651, unseen=0.2969, h=0.4420 ZSL: unseen accuracy=0.6406
[23/300]  Loss_D: -2.2600 Loss_G: 10.2257, Wasserstein_dist:2.7645, vae_loss_seen:309.5431 GZSL: seen=0.8810, unseen=0.3177, h=0.4670 ZSL: unseen accuracy=0.7344
[24/300]  Loss_D: -2.1647 Loss_G: 9.6457, Wasserstein_dist:2.7110, vae_loss_seen:292.3399 GZSL: seen=0.8781, unseen=0.3229, h=0.4722 ZSL: unseen accuracy=0.6198
[25/300]  Loss_D: -2.1035 Loss_G: 9.5509, Wasserstein_dist:2.5691, vae_loss_seen:303.4416 GZSL: seen=0.8730, unseen=0.3646, h=0.5144 ZSL: unseen accuracy=0.6823
[26/300]  Loss_D: -2.0639 Loss_G: 10.1411, Wasserstein_dist:2.6592, vae_loss_seen:303.1873 GZSL: seen=0.8373, unseen=0.3802, h=0.5230 ZSL: unseen accuracy=0.5833
[27/300]  Loss_D: -1.9452 Loss_G: 9.4252, Wasserstein_dist:2.4466, vae_loss_seen:293.7922 GZSL: seen=0.7619, unseen=0.4062, h=0.5299 ZSL: unseen accuracy=0.6458
[28/300]  Loss_D: -1.8342 Loss_G: 11.5380, Wasserstein_dist:2.2644, vae_loss_seen:305.3026 GZSL: seen=0.7440, unseen=0.3385, h=0.4653 ZSL: unseen accuracy=0.5573
[29/300]  Loss_D: -1.8762 Loss_G: 12.1459, Wasserstein_dist:2.3673, vae_loss_seen:288.3398 GZSL: seen=0.9206, unseen=0.3021, h=0.4549 ZSL: unseen accuracy=0.5625
[30/300]  Loss_D: -1.7912 Loss_G: 10.8142, Wasserstein_dist:2.2749, vae_loss_seen:296.7761 GZSL: seen=0.9127, unseen=0.3385, h=0.4939 ZSL: unseen accuracy=0.5156
[31/300]  Loss_D: -1.9894 Loss_G: 10.8450, Wasserstein_dist:2.5224, vae_loss_seen:302.9390 GZSL: seen=0.8869, unseen=0.2812, h=0.4271 ZSL: unseen accuracy=0.6979
[32/300]  Loss_D: -1.6321 Loss_G: 12.4452, Wasserstein_dist:2.1059, vae_loss_seen:298.8179 GZSL: seen=0.8869, unseen=0.3750, h=0.5271 ZSL: unseen accuracy=0.7240
[33/300]  Loss_D: -1.6975 Loss_G: 11.1099, Wasserstein_dist:2.0422, vae_loss_seen:289.3990 GZSL: seen=0.9067, unseen=0.2812, h=0.4293 ZSL: unseen accuracy=0.5833
[34/300]  Loss_D: -1.5816 Loss_G: 13.8874, Wasserstein_dist:2.0823, vae_loss_seen:299.0843 GZSL: seen=0.8115, unseen=0.3698, h=0.5081 ZSL: unseen accuracy=0.5625
[35/300]  Loss_D: -1.5902 Loss_G: 11.8174, Wasserstein_dist:2.0014, vae_loss_seen:295.9059 GZSL: seen=0.8472, unseen=0.4167, h=0.5586 ZSL: unseen accuracy=0.7083
[36/300]  Loss_D: -1.6352 Loss_G: 12.7453, Wasserstein_dist:2.0857, vae_loss_seen:297.9163 GZSL: seen=0.7615, unseen=0.3177, h=0.4484 ZSL: unseen accuracy=0.6406
[37/300]  Loss_D: -1.3706 Loss_G: 13.1624, Wasserstein_dist:1.7541, vae_loss_seen:294.8594 GZSL: seen=0.9147, unseen=0.2604, h=0.4054 ZSL: unseen accuracy=0.5417
[38/300]  Loss_D: -1.5574 Loss_G: 14.7952, Wasserstein_dist:1.9640, vae_loss_seen:294.1146 GZSL: seen=0.7956, unseen=0.3958, h=0.5287 ZSL: unseen accuracy=0.5521
[39/300]  Loss_D: -1.4226 Loss_G: 13.7285, Wasserstein_dist:1.8278, vae_loss_seen:293.7752 GZSL: seen=0.8849, unseen=0.3385, h=0.4897 ZSL: unseen accuracy=0.5885
[40/300]  Loss_D: -1.6844 Loss_G: 12.4357, Wasserstein_dist:2.1309, vae_loss_seen:300.5391 GZSL: seen=0.7341, unseen=0.5312, h=0.6164 ZSL: unseen accuracy=0.5833
[41/300]  Loss_D: -1.6356 Loss_G: 13.1190, Wasserstein_dist:1.9937, vae_loss_seen:297.5111 GZSL: seen=0.8155, unseen=0.3854, h=0.5234 ZSL: unseen accuracy=0.5573
[42/300]  Loss_D: -1.2096 Loss_G: 16.3701, Wasserstein_dist:1.5680, vae_loss_seen:301.1257 GZSL: seen=0.8889, unseen=0.3125, h=0.4624 ZSL: unseen accuracy=0.5156
[43/300]  Loss_D: -1.2581 Loss_G: 13.4020, Wasserstein_dist:1.6349, vae_loss_seen:287.8829 GZSL: seen=0.7540, unseen=0.3333, h=0.4623 ZSL: unseen accuracy=0.5312
[44/300]  Loss_D: -1.2160 Loss_G: 15.2686, Wasserstein_dist:1.5614, vae_loss_seen:293.9930 GZSL: seen=0.7365, unseen=0.5104, h=0.6030 ZSL: unseen accuracy=0.5365
[45/300]  Loss_D: -1.1698 Loss_G: 16.3874, Wasserstein_dist:1.5515, vae_loss_seen:284.2967 GZSL: seen=0.8353, unseen=0.3438, h=0.4871 ZSL: unseen accuracy=0.5938
[46/300]  Loss_D: -1.2335 Loss_G: 15.3177, Wasserstein_dist:1.5773, vae_loss_seen:298.1485 GZSL: seen=0.8194, unseen=0.3906, h=0.5291 ZSL: unseen accuracy=0.5312
[47/300]  Loss_D: -1.3713 Loss_G: 18.1319, Wasserstein_dist:1.7074, vae_loss_seen:300.4484 GZSL: seen=0.9107, unseen=0.3802, h=0.5365 ZSL: unseen accuracy=0.5781
[48/300]  Loss_D: -1.4167 Loss_G: 16.9315, Wasserstein_dist:1.7485, vae_loss_seen:297.1161 GZSL: seen=0.7619, unseen=0.3906, h=0.5165 ZSL: unseen accuracy=0.4167
[49/300]  Loss_D: -1.3074 Loss_G: 17.7698, Wasserstein_dist:1.7645, vae_loss_seen:298.8984 GZSL: seen=0.7143, unseen=0.5365, h=0.6127 ZSL: unseen accuracy=0.4792
[50/300]  Loss_D: -1.0826 Loss_G: 16.0096, Wasserstein_dist:1.4411, vae_loss_seen:290.7060 GZSL: seen=0.7234, unseen=0.4740, h=0.5727 ZSL: unseen accuracy=0.5104
[51/300]  Loss_D: -1.3340 Loss_G: 16.7735, Wasserstein_dist:1.6952, vae_loss_seen:299.1880 GZSL: seen=0.6722, unseen=0.5260, h=0.5902 ZSL: unseen accuracy=0.5208
[52/300]  Loss_D: -1.1663 Loss_G: 17.4395, Wasserstein_dist:1.5491, vae_loss_seen:288.5457 GZSL: seen=0.7357, unseen=0.5521, h=0.6308 ZSL: unseen accuracy=0.5260
[53/300]  Loss_D: -1.0825 Loss_G: 18.1555, Wasserstein_dist:1.4106, vae_loss_seen:281.7986 GZSL: seen=0.7500, unseen=0.3958, h=0.5182 ZSL: unseen accuracy=0.5104
[54/300]  Loss_D: -1.2575 Loss_G: 17.3240, Wasserstein_dist:1.5889, vae_loss_seen:293.3922 GZSL: seen=0.8194, unseen=0.3177, h=0.4579 ZSL: unseen accuracy=0.4740
[55/300]  Loss_D: -1.3344 Loss_G: 19.0952, Wasserstein_dist:1.7004, vae_loss_seen:296.1214 GZSL: seen=0.6563, unseen=0.5521, h=0.5997 ZSL: unseen accuracy=0.5833
[56/300]  Loss_D: -1.2643 Loss_G: 19.5990, Wasserstein_dist:1.5894, vae_loss_seen:296.3070 GZSL: seen=0.7269, unseen=0.2604, h=0.3835 ZSL: unseen accuracy=0.4062
[57/300]  Loss_D: -1.2378 Loss_G: 19.1835, Wasserstein_dist:1.5602, vae_loss_seen:288.1378 GZSL: seen=0.7563, unseen=0.3073, h=0.4370 ZSL: unseen accuracy=0.5521
[58/300]  Loss_D: -1.1848 Loss_G: 19.6873, Wasserstein_dist:1.6036, vae_loss_seen:295.3627 GZSL: seen=0.8056, unseen=0.3021, h=0.4394 ZSL: unseen accuracy=0.5833
[59/300]  Loss_D: -1.2725 Loss_G: 17.9377, Wasserstein_dist:1.5910, vae_loss_seen:292.5659 GZSL: seen=0.8274, unseen=0.3542, h=0.4960 ZSL: unseen accuracy=0.4844
[60/300]  Loss_D: -1.1808 Loss_G: 21.2044, Wasserstein_dist:1.5096, vae_loss_seen:296.1365 GZSL: seen=0.6508, unseen=0.4792, h=0.5519 ZSL: unseen accuracy=0.5000
[61/300]  Loss_D: -1.0960 Loss_G: 20.6892, Wasserstein_dist:1.3819, vae_loss_seen:293.9279 GZSL: seen=0.6893, unseen=0.5260, h=0.5967 ZSL: unseen accuracy=0.4792
[62/300]  Loss_D: -1.1203 Loss_G: 20.8055, Wasserstein_dist:1.4438, vae_loss_seen:288.7949 GZSL: seen=0.6389, unseen=0.4479, h=0.5266 ZSL: unseen accuracy=0.5312
[63/300]  Loss_D: -1.1050 Loss_G: 21.9356, Wasserstein_dist:1.4384, vae_loss_seen:305.0972 GZSL: seen=0.8552, unseen=0.2240, h=0.3550 ZSL: unseen accuracy=0.4427
[64/300]  Loss_D: -1.2048 Loss_G: 21.2717, Wasserstein_dist:1.5198, vae_loss_seen:299.6673 GZSL: seen=0.6786, unseen=0.4844, h=0.5653 ZSL: unseen accuracy=0.5156
[65/300]  Loss_D: -1.1455 Loss_G: 21.7310, Wasserstein_dist:1.4905, vae_loss_seen:298.9129 GZSL: seen=0.6781, unseen=0.4375, h=0.5319 ZSL: unseen accuracy=0.5677
[66/300]  Loss_D: -1.1025 Loss_G: 22.1407, Wasserstein_dist:1.4043, vae_loss_seen:294.0795 GZSL: seen=0.6995, unseen=0.4115, h=0.5182 ZSL: unseen accuracy=0.4844
[67/300]  Loss_D: -1.0205 Loss_G: 22.8770, Wasserstein_dist:1.3547, vae_loss_seen:295.3592 GZSL: seen=0.8472, unseen=0.2969, h=0.4397 ZSL: unseen accuracy=0.5052
[68/300]  Loss_D: -1.2419 Loss_G: 22.6655, Wasserstein_dist:1.5861, vae_loss_seen:293.4873 GZSL: seen=0.6944, unseen=0.4115, h=0.5167 ZSL: unseen accuracy=0.5260
[69/300]  Loss_D: -1.2005 Loss_G: 23.0175, Wasserstein_dist:1.5217, vae_loss_seen:301.6762 GZSL: seen=0.7262, unseen=0.4219, h=0.5337 ZSL: unseen accuracy=0.4896
[70/300]  Loss_D: -0.9474 Loss_G: 23.5713, Wasserstein_dist:1.2456, vae_loss_seen:293.9569 GZSL: seen=0.7024, unseen=0.5365, h=0.6083 ZSL: unseen accuracy=0.4896
[71/300]  Loss_D: -1.1668 Loss_G: 22.8593, Wasserstein_dist:1.4830, vae_loss_seen:294.1993 GZSL: seen=0.7044, unseen=0.4792, h=0.5703 ZSL: unseen accuracy=0.5469
[72/300]  Loss_D: -1.4826 Loss_G: 22.4368, Wasserstein_dist:1.8583, vae_loss_seen:297.3371 GZSL: seen=0.7381, unseen=0.5312, h=0.6178 ZSL: unseen accuracy=0.4948
[73/300]  Loss_D: -0.9779 Loss_G: 24.1396, Wasserstein_dist:1.3243, vae_loss_seen:279.6118 GZSL: seen=0.6180, unseen=0.5417, h=0.5773 ZSL: unseen accuracy=0.5312
[74/300]  Loss_D: -1.0296 Loss_G: 24.6066, Wasserstein_dist:1.3025, vae_loss_seen:296.4614 GZSL: seen=0.7183, unseen=0.5260, h=0.6073 ZSL: unseen accuracy=0.5260
[75/300]  Loss_D: -1.2219 Loss_G: 24.3666, Wasserstein_dist:1.5945, vae_loss_seen:292.2490 GZSL: seen=0.7817, unseen=0.3958, h=0.5256 ZSL: unseen accuracy=0.5052
[76/300]  Loss_D: -1.0761 Loss_G: 25.0204, Wasserstein_dist:1.4310, vae_loss_seen:301.8396 GZSL: seen=0.7746, unseen=0.3750, h=0.5054 ZSL: unseen accuracy=0.5260
[77/300]  Loss_D: -1.3528 Loss_G: 24.4932, Wasserstein_dist:1.7235, vae_loss_seen:304.2658 GZSL: seen=0.7313, unseen=0.3750, h=0.4958 ZSL: unseen accuracy=0.4948
[78/300]  Loss_D: -0.9923 Loss_G: 24.5870, Wasserstein_dist:1.2807, vae_loss_seen:299.1812 GZSL: seen=0.6655, unseen=0.4792, h=0.5572 ZSL: unseen accuracy=0.5312
[79/300]  Loss_D: -1.1060 Loss_G: 24.1880, Wasserstein_dist:1.4015, vae_loss_seen:300.5142 GZSL: seen=0.8107, unseen=0.5365, h=0.6457 ZSL: unseen accuracy=0.4740
[80/300]  Loss_D: -1.0050 Loss_G: 24.2479, Wasserstein_dist:1.3766, vae_loss_seen:303.5291 GZSL: seen=0.8333, unseen=0.3073, h=0.4490 ZSL: unseen accuracy=0.5156
[81/300]  Loss_D: -1.1128 Loss_G: 24.9859, Wasserstein_dist:1.3574, vae_loss_seen:296.4901 GZSL: seen=0.7136, unseen=0.4948, h=0.5844 ZSL: unseen accuracy=0.5156
[82/300]  Loss_D: -0.9409 Loss_G: 26.4173, Wasserstein_dist:1.2697, vae_loss_seen:298.2695 GZSL: seen=0.7183, unseen=0.4740, h=0.5711 ZSL: unseen accuracy=0.5260
[83/300]  Loss_D: -1.0480 Loss_G: 24.8274, Wasserstein_dist:1.3759, vae_loss_seen:286.8655 GZSL: seen=0.7421, unseen=0.4635, h=0.5706 ZSL: unseen accuracy=0.5000
[84/300]  Loss_D: -0.9353 Loss_G: 25.6679, Wasserstein_dist:1.2383, vae_loss_seen:296.4279 GZSL: seen=0.8413, unseen=0.3333, h=0.4775 ZSL: unseen accuracy=0.5260
[85/300]  Loss_D: -1.0834 Loss_G: 24.9155, Wasserstein_dist:1.4700, vae_loss_seen:294.2539 GZSL: seen=0.7273, unseen=0.4479, h=0.5544 ZSL: unseen accuracy=0.5208
[86/300]  Loss_D: -1.0710 Loss_G: 26.3236, Wasserstein_dist:1.3997, vae_loss_seen:297.2992 GZSL: seen=0.6621, unseen=0.3698, h=0.4746 ZSL: unseen accuracy=0.4948
[87/300]  Loss_D: -1.0503 Loss_G: 25.3076, Wasserstein_dist:1.4339, vae_loss_seen:291.9152 GZSL: seen=0.6757, unseen=0.4010, h=0.5033 ZSL: unseen accuracy=0.5104
[88/300]  Loss_D: -1.1577 Loss_G: 26.1633, Wasserstein_dist:1.5473, vae_loss_seen:300.5587 GZSL: seen=0.6508, unseen=0.4583, h=0.5379 ZSL: unseen accuracy=0.4740
[89/300]  Loss_D: -1.0888 Loss_G: 26.3590, Wasserstein_dist:1.3864, vae_loss_seen:295.2537 GZSL: seen=0.6627, unseen=0.4010, h=0.4997 ZSL: unseen accuracy=0.4896
[90/300]  Loss_D: -0.9608 Loss_G: 26.0695, Wasserstein_dist:1.2450, vae_loss_seen:297.2388 GZSL: seen=0.7242, unseen=0.4844, h=0.5805 ZSL: unseen accuracy=0.5052
[91/300]  Loss_D: -1.0987 Loss_G: 25.7721, Wasserstein_dist:1.4111, vae_loss_seen:289.6881 GZSL: seen=0.6774, unseen=0.4479, h=0.5393 ZSL: unseen accuracy=0.5312
[92/300]  Loss_D: -0.9035 Loss_G: 27.0737, Wasserstein_dist:1.2133, vae_loss_seen:299.3906 GZSL: seen=0.7108, unseen=0.5000, h=0.5871 ZSL: unseen accuracy=0.4844
[93/300]  Loss_D: -1.1571 Loss_G: 26.9039, Wasserstein_dist:1.4408, vae_loss_seen:295.3061 GZSL: seen=0.7421, unseen=0.4896, h=0.5899 ZSL: unseen accuracy=0.5052
[94/300]  Loss_D: -1.0597 Loss_G: 27.3833, Wasserstein_dist:1.4062, vae_loss_seen:307.4362 GZSL: seen=0.6786, unseen=0.3906, h=0.4958 ZSL: unseen accuracy=0.4844
[95/300]  Loss_D: -0.9942 Loss_G: 26.6095, Wasserstein_dist:1.2824, vae_loss_seen:300.7289 GZSL: seen=0.6825, unseen=0.4948, h=0.5737 ZSL: unseen accuracy=0.5000
[96/300]  Loss_D: -1.1222 Loss_G: 25.3856, Wasserstein_dist:1.4833, vae_loss_seen:294.1813 GZSL: seen=0.7484, unseen=0.3906, h=0.5133 ZSL: unseen accuracy=0.5208
[97/300]  Loss_D: -0.9792 Loss_G: 26.7458, Wasserstein_dist:1.2780, vae_loss_seen:294.7820 GZSL: seen=0.7381, unseen=0.5365, h=0.6213 ZSL: unseen accuracy=0.5365
[98/300]  Loss_D: -0.8217 Loss_G: 26.8077, Wasserstein_dist:1.1168, vae_loss_seen:293.1741 GZSL: seen=0.8333, unseen=0.3229, h=0.4655 ZSL: unseen accuracy=0.4740
[99/300]  Loss_D: -0.9145 Loss_G: 26.3764, Wasserstein_dist:1.1438, vae_loss_seen:299.9932 GZSL: seen=0.6825, unseen=0.3802, h=0.4884 ZSL: unseen accuracy=0.5156
[100/300]  Loss_D: -1.0826 Loss_G: 25.4290, Wasserstein_dist:1.3804, vae_loss_seen:288.5945 GZSL: seen=0.7235, unseen=0.4844, h=0.5803 ZSL: unseen accuracy=0.4479
[101/300]  Loss_D: -0.9075 Loss_G: 27.1780, Wasserstein_dist:1.1917, vae_loss_seen:296.5617 GZSL: seen=0.7063, unseen=0.4115, h=0.5200 ZSL: unseen accuracy=0.5156
[102/300]  Loss_D: -0.9854 Loss_G: 26.9763, Wasserstein_dist:1.2261, vae_loss_seen:296.5901 GZSL: seen=0.6468, unseen=0.5000, h=0.5640 ZSL: unseen accuracy=0.4792
[103/300]  Loss_D: -0.9479 Loss_G: 27.0880, Wasserstein_dist:1.2680, vae_loss_seen:297.5002 GZSL: seen=0.6916, unseen=0.4792, h=0.5661 ZSL: unseen accuracy=0.4688
[104/300]  Loss_D: -1.1442 Loss_G: 27.0007, Wasserstein_dist:1.4603, vae_loss_seen:293.9602 GZSL: seen=0.7060, unseen=0.4740, h=0.5671 ZSL: unseen accuracy=0.4740
[105/300]  Loss_D: -1.2509 Loss_G: 26.9021, Wasserstein_dist:1.5472, vae_loss_seen:293.1988 GZSL: seen=0.8690, unseen=0.2865, h=0.4309 ZSL: unseen accuracy=0.4792
[106/300]  Loss_D: -0.9423 Loss_G: 27.1323, Wasserstein_dist:1.2607, vae_loss_seen:294.9076 GZSL: seen=0.7797, unseen=0.4740, h=0.5895 ZSL: unseen accuracy=0.4948
[107/300]  Loss_D: -1.0567 Loss_G: 26.8726, Wasserstein_dist:1.3305, vae_loss_seen:296.3527 GZSL: seen=0.7980, unseen=0.4323, h=0.5608 ZSL: unseen accuracy=0.5000
[108/300]  Loss_D: -1.0131 Loss_G: 26.9006, Wasserstein_dist:1.3201, vae_loss_seen:299.1676 GZSL: seen=0.6786, unseen=0.5000, h=0.5758 ZSL: unseen accuracy=0.5208
[109/300]  Loss_D: -0.8609 Loss_G: 27.3768, Wasserstein_dist:1.1514, vae_loss_seen:291.1584 GZSL: seen=0.6916, unseen=0.4583, h=0.5513 ZSL: unseen accuracy=0.5104
[110/300]  Loss_D: -1.0674 Loss_G: 27.0581, Wasserstein_dist:1.4070, vae_loss_seen:287.9792 GZSL: seen=0.8750, unseen=0.2812, h=0.4257 ZSL: unseen accuracy=0.4896
[111/300]  Loss_D: -1.0306 Loss_G: 27.0899, Wasserstein_dist:1.3059, vae_loss_seen:299.0126 GZSL: seen=0.6574, unseen=0.4792, h=0.5543 ZSL: unseen accuracy=0.4844
[112/300]  Loss_D: -0.9244 Loss_G: 27.7537, Wasserstein_dist:1.2506, vae_loss_seen:289.5304 GZSL: seen=0.6905, unseen=0.4375, h=0.5356 ZSL: unseen accuracy=0.5208
[113/300]  Loss_D: -0.9282 Loss_G: 26.9045, Wasserstein_dist:1.2155, vae_loss_seen:288.7539 GZSL: seen=0.7802, unseen=0.4635, h=0.5815 ZSL: unseen accuracy=0.4740
[114/300]  Loss_D: -1.0096 Loss_G: 26.7742, Wasserstein_dist:1.3039, vae_loss_seen:293.8783 GZSL: seen=0.8238, unseen=0.2917, h=0.4308 ZSL: unseen accuracy=0.5052
[115/300]  Loss_D: -1.0830 Loss_G: 27.1482, Wasserstein_dist:1.3993, vae_loss_seen:291.5805 GZSL: seen=0.7004, unseen=0.3177, h=0.4371 ZSL: unseen accuracy=0.4635
[116/300]  Loss_D: -0.8468 Loss_G: 27.2069, Wasserstein_dist:1.1355, vae_loss_seen:296.6508 GZSL: seen=0.6905, unseen=0.4271, h=0.5277 ZSL: unseen accuracy=0.5156
[117/300]  Loss_D: -1.0606 Loss_G: 27.2410, Wasserstein_dist:1.3655, vae_loss_seen:296.0661 GZSL: seen=0.6825, unseen=0.4271, h=0.5254 ZSL: unseen accuracy=0.4896
[118/300]  Loss_D: -0.9864 Loss_G: 27.1717, Wasserstein_dist:1.2709, vae_loss_seen:288.9807 GZSL: seen=0.7480, unseen=0.3802, h=0.5042 ZSL: unseen accuracy=0.3750
[119/300]  Loss_D: -0.9591 Loss_G: 27.0044, Wasserstein_dist:1.2590, vae_loss_seen:300.5325 GZSL: seen=0.6627, unseen=0.4427, h=0.5308 ZSL: unseen accuracy=0.4792
[120/300]  Loss_D: -0.9348 Loss_G: 28.6344, Wasserstein_dist:1.2590, vae_loss_seen:286.0353 GZSL: seen=0.8274, unseen=0.3802, h=0.5210 ZSL: unseen accuracy=0.4896
[121/300]  Loss_D: -0.9452 Loss_G: 27.1446, Wasserstein_dist:1.2409, vae_loss_seen:294.3741 GZSL: seen=0.7500, unseen=0.4635, h=0.5730 ZSL: unseen accuracy=0.4896
[122/300]  Loss_D: -0.9230 Loss_G: 27.1029, Wasserstein_dist:1.1738, vae_loss_seen:293.7269 GZSL: seen=0.6468, unseen=0.4688, h=0.5436 ZSL: unseen accuracy=0.4583
[123/300]  Loss_D: -0.9172 Loss_G: 27.1625, Wasserstein_dist:1.2192, vae_loss_seen:297.3980 GZSL: seen=0.7901, unseen=0.4896, h=0.6045 ZSL: unseen accuracy=0.4948
[124/300]  Loss_D: -0.8807 Loss_G: 26.5361, Wasserstein_dist:1.1451, vae_loss_seen:292.1142 GZSL: seen=0.6944, unseen=0.2500, h=0.3676 ZSL: unseen accuracy=0.4062
[125/300]  Loss_D: -0.8795 Loss_G: 27.3982, Wasserstein_dist:1.1460, vae_loss_seen:284.2287 GZSL: seen=0.7205, unseen=0.4635, h=0.5641 ZSL: unseen accuracy=0.4688
[126/300]  Loss_D: -0.7995 Loss_G: 27.1217, Wasserstein_dist:1.1036, vae_loss_seen:286.4723 GZSL: seen=0.7416, unseen=0.3385, h=0.4649 ZSL: unseen accuracy=0.4427
[127/300]  Loss_D: -0.9124 Loss_G: 26.4483, Wasserstein_dist:1.2299, vae_loss_seen:287.7228 GZSL: seen=0.6825, unseen=0.4792, h=0.5631 ZSL: unseen accuracy=0.4271
[128/300]  Loss_D: -0.9560 Loss_G: 26.6335, Wasserstein_dist:1.2279, vae_loss_seen:291.4085 GZSL: seen=0.7531, unseen=0.4896, h=0.5934 ZSL: unseen accuracy=0.5052
[129/300]  Loss_D: -1.0345 Loss_G: 25.9397, Wasserstein_dist:1.3090, vae_loss_seen:286.9620 GZSL: seen=0.6488, unseen=0.4635, h=0.5407 ZSL: unseen accuracy=0.5104
[130/300]  Loss_D: -1.0738 Loss_G: 27.1387, Wasserstein_dist:1.3669, vae_loss_seen:297.8371 GZSL: seen=0.7123, unseen=0.4479, h=0.5500 ZSL: unseen accuracy=0.5156
[131/300]  Loss_D: -0.9752 Loss_G: 26.4455, Wasserstein_dist:1.2184, vae_loss_seen:287.8505 GZSL: seen=0.8492, unseen=0.2865, h=0.4284 ZSL: unseen accuracy=0.4792
[132/300]  Loss_D: -0.8254 Loss_G: 25.9833, Wasserstein_dist:1.1218, vae_loss_seen:294.0823 GZSL: seen=0.7421, unseen=0.3802, h=0.5028 ZSL: unseen accuracy=0.5104
[133/300]  Loss_D: -1.0375 Loss_G: 25.5204, Wasserstein_dist:1.3244, vae_loss_seen:303.2287 GZSL: seen=0.7298, unseen=0.4688, h=0.5708 ZSL: unseen accuracy=0.4740
[134/300]  Loss_D: -0.9551 Loss_G: 26.7758, Wasserstein_dist:1.2981, vae_loss_seen:293.6282 GZSL: seen=0.7277, unseen=0.4740, h=0.5740 ZSL: unseen accuracy=0.5104
[135/300]  Loss_D: -0.7838 Loss_G: 26.3125, Wasserstein_dist:1.0204, vae_loss_seen:287.5944 GZSL: seen=0.6837, unseen=0.4167, h=0.5178 ZSL: unseen accuracy=0.5052
[136/300]  Loss_D: -0.9303 Loss_G: 25.8889, Wasserstein_dist:1.2012, vae_loss_seen:287.5472 GZSL: seen=0.7540, unseen=0.4583, h=0.5701 ZSL: unseen accuracy=0.4896
[137/300]  Loss_D: -0.8102 Loss_G: 25.8756, Wasserstein_dist:1.0469, vae_loss_seen:292.7994 GZSL: seen=0.6508, unseen=0.3906, h=0.4882 ZSL: unseen accuracy=0.4740
[138/300]  Loss_D: -0.9516 Loss_G: 25.4467, Wasserstein_dist:1.2408, vae_loss_seen:292.0131 GZSL: seen=0.6720, unseen=0.4635, h=0.5486 ZSL: unseen accuracy=0.5052
[139/300]  Loss_D: -0.9276 Loss_G: 26.5861, Wasserstein_dist:1.1991, vae_loss_seen:288.7903 GZSL: seen=0.7183, unseen=0.4531, h=0.5557 ZSL: unseen accuracy=0.5000
[140/300]  Loss_D: -0.8732 Loss_G: 24.9334, Wasserstein_dist:1.1186, vae_loss_seen:282.1602 GZSL: seen=0.6757, unseen=0.4219, h=0.5194 ZSL: unseen accuracy=0.5104
[141/300]  Loss_D: -0.8384 Loss_G: 25.6160, Wasserstein_dist:1.0516, vae_loss_seen:296.3969 GZSL: seen=0.7791, unseen=0.5052, h=0.6129 ZSL: unseen accuracy=0.4479
[142/300]  Loss_D: -0.8044 Loss_G: 27.9270, Wasserstein_dist:1.0698, vae_loss_seen:294.4208 GZSL: seen=0.7194, unseen=0.3229, h=0.4457 ZSL: unseen accuracy=0.4583
[143/300]  Loss_D: -0.9485 Loss_G: 25.6622, Wasserstein_dist:1.2084, vae_loss_seen:292.7621 GZSL: seen=0.8016, unseen=0.4010, h=0.5346 ZSL: unseen accuracy=0.4635
[144/300]  Loss_D: -0.8176 Loss_G: 24.3885, Wasserstein_dist:1.0682, vae_loss_seen:286.9490 GZSL: seen=0.8294, unseen=0.4740, h=0.6032 ZSL: unseen accuracy=0.5208
[145/300]  Loss_D: -0.9190 Loss_G: 25.6404, Wasserstein_dist:1.1756, vae_loss_seen:287.7567 GZSL: seen=0.7434, unseen=0.3802, h=0.5031 ZSL: unseen accuracy=0.4792
[146/300]  Loss_D: -0.7973 Loss_G: 26.7094, Wasserstein_dist:1.0715, vae_loss_seen:286.6977 GZSL: seen=0.6528, unseen=0.4375, h=0.5239 ZSL: unseen accuracy=0.3854
[147/300]  Loss_D: -0.9662 Loss_G: 24.9274, Wasserstein_dist:1.2656, vae_loss_seen:292.2196 GZSL: seen=0.7540, unseen=0.4167, h=0.5367 ZSL: unseen accuracy=0.4740
[148/300]  Loss_D: -0.9326 Loss_G: 25.0757, Wasserstein_dist:1.1913, vae_loss_seen:292.1497 GZSL: seen=0.7706, unseen=0.3229, h=0.4551 ZSL: unseen accuracy=0.4688
[149/300]  Loss_D: -0.7789 Loss_G: 24.9667, Wasserstein_dist:0.9968, vae_loss_seen:294.7277 GZSL: seen=0.8294, unseen=0.2865, h=0.4258 ZSL: unseen accuracy=0.5000
[150/300]  Loss_D: -0.7664 Loss_G: 25.4016, Wasserstein_dist:1.0401, vae_loss_seen:287.1892 GZSL: seen=0.7648, unseen=0.4948, h=0.6009 ZSL: unseen accuracy=0.5052
[151/300]  Loss_D: -0.7742 Loss_G: 24.4565, Wasserstein_dist:1.0310, vae_loss_seen:280.7651 GZSL: seen=0.7666, unseen=0.4792, h=0.5897 ZSL: unseen accuracy=0.4896
[152/300]  Loss_D: -0.8571 Loss_G: 23.6271, Wasserstein_dist:1.1143, vae_loss_seen:284.8512 GZSL: seen=0.7337, unseen=0.4896, h=0.5873 ZSL: unseen accuracy=0.4167
[153/300]  Loss_D: -0.9539 Loss_G: 25.9024, Wasserstein_dist:1.2277, vae_loss_seen:298.0465 GZSL: seen=0.6706, unseen=0.4896, h=0.5660 ZSL: unseen accuracy=0.4740
[154/300]  Loss_D: -0.8664 Loss_G: 24.7047, Wasserstein_dist:1.1722, vae_loss_seen:301.4704 GZSL: seen=0.7460, unseen=0.4531, h=0.5638 ZSL: unseen accuracy=0.4219
[155/300]  Loss_D: -0.9333 Loss_G: 24.2588, Wasserstein_dist:1.2006, vae_loss_seen:285.1755 GZSL: seen=0.6885, unseen=0.5000, h=0.5793 ZSL: unseen accuracy=0.4948
[156/300]  Loss_D: -1.0179 Loss_G: 23.6127, Wasserstein_dist:1.2892, vae_loss_seen:292.8513 GZSL: seen=0.7540, unseen=0.4531, h=0.5661 ZSL: unseen accuracy=0.5156
[157/300]  Loss_D: -0.9020 Loss_G: 23.2529, Wasserstein_dist:1.1779, vae_loss_seen:287.4876 GZSL: seen=0.7950, unseen=0.3906, h=0.5238 ZSL: unseen accuracy=0.4740
[158/300]  Loss_D: -0.9490 Loss_G: 25.1721, Wasserstein_dist:1.2300, vae_loss_seen:287.8908 GZSL: seen=0.6944, unseen=0.5000, h=0.5814 ZSL: unseen accuracy=0.5156
[159/300]  Loss_D: -0.8927 Loss_G: 24.6704, Wasserstein_dist:1.1245, vae_loss_seen:289.4385 GZSL: seen=0.6984, unseen=0.3021, h=0.4217 ZSL: unseen accuracy=0.4375
[160/300]  Loss_D: -0.9276 Loss_G: 23.4228, Wasserstein_dist:1.2278, vae_loss_seen:287.7440 GZSL: seen=0.7202, unseen=0.3021, h=0.4256 ZSL: unseen accuracy=0.4583
[161/300]  Loss_D: -0.9020 Loss_G: 22.9929, Wasserstein_dist:1.1872, vae_loss_seen:287.4862 GZSL: seen=0.7230, unseen=0.4688, h=0.5688 ZSL: unseen accuracy=0.5208
[162/300]  Loss_D: -0.7581 Loss_G: 23.9615, Wasserstein_dist:1.0084, vae_loss_seen:286.7210 GZSL: seen=0.8155, unseen=0.4635, h=0.5911 ZSL: unseen accuracy=0.4844
[163/300]  Loss_D: -0.8059 Loss_G: 23.3654, Wasserstein_dist:1.0894, vae_loss_seen:285.8977 GZSL: seen=0.7434, unseen=0.4688, h=0.5750 ZSL: unseen accuracy=0.4948
[164/300]  Loss_D: -0.7882 Loss_G: 24.1093, Wasserstein_dist:1.0441, vae_loss_seen:279.5900 GZSL: seen=0.7394, unseen=0.4167, h=0.5330 ZSL: unseen accuracy=0.3854
[165/300]  Loss_D: -0.7790 Loss_G: 23.6900, Wasserstein_dist:1.0109, vae_loss_seen:287.3077 GZSL: seen=0.7517, unseen=0.4688, h=0.5774 ZSL: unseen accuracy=0.4896
[166/300]  Loss_D: -0.8259 Loss_G: 22.4860, Wasserstein_dist:1.0812, vae_loss_seen:283.3461 GZSL: seen=0.7421, unseen=0.4792, h=0.5823 ZSL: unseen accuracy=0.4948
[167/300]  Loss_D: -0.8798 Loss_G: 22.5023, Wasserstein_dist:1.1926, vae_loss_seen:291.4653 GZSL: seen=0.8413, unseen=0.4740, h=0.6063 ZSL: unseen accuracy=0.4896
[168/300]  Loss_D: -0.9025 Loss_G: 22.7793, Wasserstein_dist:1.2394, vae_loss_seen:291.3592 GZSL: seen=0.6968, unseen=0.3542, h=0.4696 ZSL: unseen accuracy=0.4635
[169/300]  Loss_D: -0.9802 Loss_G: 21.9430, Wasserstein_dist:1.2386, vae_loss_seen:287.0891 GZSL: seen=0.7013, unseen=0.4844, h=0.5730 ZSL: unseen accuracy=0.5104
[170/300]  Loss_D: -0.9147 Loss_G: 22.0328, Wasserstein_dist:1.2349, vae_loss_seen:288.7098 GZSL: seen=0.8333, unseen=0.4844, h=0.6126 ZSL: unseen accuracy=0.4948
[171/300]  Loss_D: -0.7859 Loss_G: 22.9618, Wasserstein_dist:1.0237, vae_loss_seen:280.9062 GZSL: seen=0.6958, unseen=0.4635, h=0.5564 ZSL: unseen accuracy=0.4740
[172/300]  Loss_D: -0.7507 Loss_G: 22.3900, Wasserstein_dist:1.0746, vae_loss_seen:282.9549 GZSL: seen=0.6958, unseen=0.4635, h=0.5564 ZSL: unseen accuracy=0.5000
[173/300]  Loss_D: -0.7602 Loss_G: 22.9565, Wasserstein_dist:0.9806, vae_loss_seen:288.0538 GZSL: seen=0.7123, unseen=0.5104, h=0.5947 ZSL: unseen accuracy=0.5052
[174/300]  Loss_D: -0.6595 Loss_G: 22.7833, Wasserstein_dist:0.9601, vae_loss_seen:282.2260 GZSL: seen=0.7321, unseen=0.4635, h=0.5677 ZSL: unseen accuracy=0.5000
[175/300]  Loss_D: -0.6707 Loss_G: 22.1960, Wasserstein_dist:0.9757, vae_loss_seen:280.2734 GZSL: seen=0.7659, unseen=0.4896, h=0.5973 ZSL: unseen accuracy=0.4531
[176/300]  Loss_D: -0.7768 Loss_G: 21.1280, Wasserstein_dist:1.0367, vae_loss_seen:285.6602 GZSL: seen=0.7134, unseen=0.5000, h=0.5879 ZSL: unseen accuracy=0.5104
[177/300]  Loss_D: -0.7386 Loss_G: 21.2620, Wasserstein_dist:0.9467, vae_loss_seen:280.7201 GZSL: seen=0.7119, unseen=0.5000, h=0.5874 ZSL: unseen accuracy=0.4688
[178/300]  Loss_D: -0.6692 Loss_G: 21.5487, Wasserstein_dist:0.9005, vae_loss_seen:282.8739 GZSL: seen=0.7063, unseen=0.4844, h=0.5747 ZSL: unseen accuracy=0.5000
[179/300]  Loss_D: -0.7583 Loss_G: 22.5690, Wasserstein_dist:1.0212, vae_loss_seen:289.3902 GZSL: seen=0.8433, unseen=0.4740, h=0.6068 ZSL: unseen accuracy=0.4948
[180/300]  Loss_D: -0.9330 Loss_G: 21.1888, Wasserstein_dist:1.1633, vae_loss_seen:287.5030 GZSL: seen=0.6944, unseen=0.4271, h=0.5289 ZSL: unseen accuracy=0.5052
[181/300]  Loss_D: -0.8164 Loss_G: 21.2698, Wasserstein_dist:1.0706, vae_loss_seen:289.4052 GZSL: seen=0.8056, unseen=0.4844, h=0.6050 ZSL: unseen accuracy=0.5000
[182/300]  Loss_D: -0.6780 Loss_G: 21.7555, Wasserstein_dist:0.9131, vae_loss_seen:289.1572 GZSL: seen=0.6896, unseen=0.4896, h=0.5726 ZSL: unseen accuracy=0.5000
[183/300]  Loss_D: -0.6892 Loss_G: 20.4491, Wasserstein_dist:0.9170, vae_loss_seen:282.9333 GZSL: seen=0.7063, unseen=0.4792, h=0.5710 ZSL: unseen accuracy=0.5104
[184/300]  Loss_D: -0.8613 Loss_G: 20.7998, Wasserstein_dist:1.1344, vae_loss_seen:286.4098 GZSL: seen=0.7222, unseen=0.4844, h=0.5799 ZSL: unseen accuracy=0.5156
[185/300]  Loss_D: -0.7624 Loss_G: 21.4818, Wasserstein_dist:0.9904, vae_loss_seen:286.4214 GZSL: seen=0.7202, unseen=0.3698, h=0.4887 ZSL: unseen accuracy=0.5000
[186/300]  Loss_D: -0.9652 Loss_G: 19.3058, Wasserstein_dist:1.2258, vae_loss_seen:285.7364 GZSL: seen=0.6954, unseen=0.4896, h=0.5746 ZSL: unseen accuracy=0.5052
[187/300]  Loss_D: -0.8019 Loss_G: 20.0891, Wasserstein_dist:1.0031, vae_loss_seen:275.8820 GZSL: seen=0.7425, unseen=0.4688, h=0.5747 ZSL: unseen accuracy=0.5000
[188/300]  Loss_D: -0.9583 Loss_G: 20.5774, Wasserstein_dist:1.2838, vae_loss_seen:281.7612 GZSL: seen=0.8016, unseen=0.4792, h=0.5998 ZSL: unseen accuracy=0.5052
[189/300]  Loss_D: -0.8992 Loss_G: 20.5621, Wasserstein_dist:1.1380, vae_loss_seen:289.6395 GZSL: seen=0.7730, unseen=0.4688, h=0.5836 ZSL: unseen accuracy=0.5156
[190/300]  Loss_D: -0.7674 Loss_G: 19.8104, Wasserstein_dist:0.9938, vae_loss_seen:279.4868 GZSL: seen=0.7421, unseen=0.5260, h=0.6157 ZSL: unseen accuracy=0.4375
[191/300]  Loss_D: -0.8105 Loss_G: 21.1859, Wasserstein_dist:1.0611, vae_loss_seen:277.9114 GZSL: seen=0.7028, unseen=0.4688, h=0.5624 ZSL: unseen accuracy=0.5052
[192/300]  Loss_D: -0.6808 Loss_G: 19.8186, Wasserstein_dist:0.9223, vae_loss_seen:278.9282 GZSL: seen=0.7468, unseen=0.4740, h=0.5799 ZSL: unseen accuracy=0.3854
[193/300]  Loss_D: -0.7568 Loss_G: 19.9127, Wasserstein_dist:1.0103, vae_loss_seen:273.4181 GZSL: seen=0.6944, unseen=0.4167, h=0.5208 ZSL: unseen accuracy=0.5000
[194/300]  Loss_D: -0.8471 Loss_G: 20.3700, Wasserstein_dist:1.0818, vae_loss_seen:279.6075 GZSL: seen=0.7421, unseen=0.3438, h=0.4698 ZSL: unseen accuracy=0.5052
[195/300]  Loss_D: -0.8785 Loss_G: 20.2904, Wasserstein_dist:1.1613, vae_loss_seen:282.8944 GZSL: seen=0.8075, unseen=0.5052, h=0.6216 ZSL: unseen accuracy=0.4948
[196/300]  Loss_D: -0.8679 Loss_G: 18.8816, Wasserstein_dist:1.1200, vae_loss_seen:281.5398 GZSL: seen=0.6779, unseen=0.4635, h=0.5506 ZSL: unseen accuracy=0.4948
[197/300]  Loss_D: -0.7759 Loss_G: 19.5309, Wasserstein_dist:1.0122, vae_loss_seen:277.8814 GZSL: seen=0.7171, unseen=0.4896, h=0.5819 ZSL: unseen accuracy=0.5208
[198/300]  Loss_D: -0.8455 Loss_G: 19.9123, Wasserstein_dist:1.1000, vae_loss_seen:282.3774 GZSL: seen=0.6916, unseen=0.3229, h=0.4403 ZSL: unseen accuracy=0.4896
[199/300]  Loss_D: -0.7766 Loss_G: 20.3480, Wasserstein_dist:1.0202, vae_loss_seen:281.2922 GZSL: seen=0.7361, unseen=0.4844, h=0.5843 ZSL: unseen accuracy=0.5000
[200/300]  Loss_D: -0.8390 Loss_G: 19.9330, Wasserstein_dist:1.0903, vae_loss_seen:281.7851 GZSL: seen=0.8107, unseen=0.4792, h=0.6023 ZSL: unseen accuracy=0.5104
[201/300]  Loss_D: -0.7025 Loss_G: 19.4773, Wasserstein_dist:0.9393, vae_loss_seen:273.2261 GZSL: seen=0.8294, unseen=0.4479, h=0.5817 ZSL: unseen accuracy=0.5104
[202/300]  Loss_D: -0.8102 Loss_G: 19.7761, Wasserstein_dist:1.0918, vae_loss_seen:282.5057 GZSL: seen=0.7262, unseen=0.4635, h=0.5659 ZSL: unseen accuracy=0.4948
[203/300]  Loss_D: -0.7850 Loss_G: 19.9619, Wasserstein_dist:0.9991, vae_loss_seen:277.2677 GZSL: seen=0.7440, unseen=0.4740, h=0.5791 ZSL: unseen accuracy=0.4896
[204/300]  Loss_D: -0.6370 Loss_G: 19.3420, Wasserstein_dist:0.8582, vae_loss_seen:286.7437 GZSL: seen=0.8060, unseen=0.4792, h=0.6010 ZSL: unseen accuracy=0.4948
[205/300]  Loss_D: -0.6988 Loss_G: 19.4467, Wasserstein_dist:0.9261, vae_loss_seen:284.9731 GZSL: seen=0.7183, unseen=0.4740, h=0.5711 ZSL: unseen accuracy=0.5052
[206/300]  Loss_D: -0.8080 Loss_G: 18.6575, Wasserstein_dist:1.0620, vae_loss_seen:293.8358 GZSL: seen=0.7560, unseen=0.4635, h=0.5747 ZSL: unseen accuracy=0.5104
[207/300]  Loss_D: -0.6320 Loss_G: 17.4603, Wasserstein_dist:0.8450, vae_loss_seen:274.9053 GZSL: seen=0.7163, unseen=0.4792, h=0.5742 ZSL: unseen accuracy=0.5104
[208/300]  Loss_D: -0.8377 Loss_G: 17.8816, Wasserstein_dist:1.0508, vae_loss_seen:271.4631 GZSL: seen=0.8175, unseen=0.4740, h=0.6000 ZSL: unseen accuracy=0.5104
[209/300]  Loss_D: -0.7713 Loss_G: 18.9451, Wasserstein_dist:1.0091, vae_loss_seen:276.1354 GZSL: seen=0.7183, unseen=0.5104, h=0.5968 ZSL: unseen accuracy=0.5104
[210/300]  Loss_D: -0.8435 Loss_G: 18.0431, Wasserstein_dist:1.1164, vae_loss_seen:271.6715 GZSL: seen=0.8020, unseen=0.4219, h=0.5529 ZSL: unseen accuracy=0.5156
[211/300]  Loss_D: -0.8499 Loss_G: 17.1940, Wasserstein_dist:1.1838, vae_loss_seen:273.2915 GZSL: seen=0.7119, unseen=0.4792, h=0.5728 ZSL: unseen accuracy=0.5000
[212/300]  Loss_D: -0.7411 Loss_G: 16.5253, Wasserstein_dist:0.9374, vae_loss_seen:282.7083 GZSL: seen=0.7381, unseen=0.4844, h=0.5849 ZSL: unseen accuracy=0.5208
[213/300]  Loss_D: -0.7658 Loss_G: 17.2551, Wasserstein_dist:1.0027, vae_loss_seen:268.5451 GZSL: seen=0.7857, unseen=0.4635, h=0.5831 ZSL: unseen accuracy=0.5312
[214/300]  Loss_D: -0.7235 Loss_G: 17.5303, Wasserstein_dist:0.9905, vae_loss_seen:281.5933 GZSL: seen=0.6865, unseen=0.4844, h=0.5680 ZSL: unseen accuracy=0.5260
[215/300]  Loss_D: -0.7724 Loss_G: 17.0296, Wasserstein_dist:0.9943, vae_loss_seen:278.2905 GZSL: seen=0.7196, unseen=0.4635, h=0.5639 ZSL: unseen accuracy=0.4948
[216/300]  Loss_D: -0.6756 Loss_G: 17.6031, Wasserstein_dist:0.8970, vae_loss_seen:273.8411 GZSL: seen=0.7325, unseen=0.4844, h=0.5832 ZSL: unseen accuracy=0.5208
[217/300]  Loss_D: -0.6049 Loss_G: 17.7746, Wasserstein_dist:0.7894, vae_loss_seen:280.5227 GZSL: seen=0.7599, unseen=0.4375, h=0.5553 ZSL: unseen accuracy=0.5000
[218/300]  Loss_D: -0.5942 Loss_G: 19.1257, Wasserstein_dist:0.8499, vae_loss_seen:279.6884 GZSL: seen=0.7103, unseen=0.4792, h=0.5723 ZSL: unseen accuracy=0.4844
[219/300]  Loss_D: -0.7952 Loss_G: 18.9733, Wasserstein_dist:1.0731, vae_loss_seen:281.3592 GZSL: seen=0.6905, unseen=0.4792, h=0.5657 ZSL: unseen accuracy=0.5104
[220/300]  Loss_D: -0.6723 Loss_G: 18.9176, Wasserstein_dist:0.8822, vae_loss_seen:273.5758 GZSL: seen=0.7480, unseen=0.3854, h=0.5087 ZSL: unseen accuracy=0.5000
[221/300]  Loss_D: -0.6582 Loss_G: 16.3149, Wasserstein_dist:0.8345, vae_loss_seen:274.0592 GZSL: seen=0.7698, unseen=0.4635, h=0.5787 ZSL: unseen accuracy=0.5156
[222/300]  Loss_D: -0.7309 Loss_G: 16.7355, Wasserstein_dist:0.9610, vae_loss_seen:274.9197 GZSL: seen=0.7643, unseen=0.4688, h=0.5811 ZSL: unseen accuracy=0.4948
[223/300]  Loss_D: -0.7257 Loss_G: 16.8082, Wasserstein_dist:0.9339, vae_loss_seen:279.1099 GZSL: seen=0.7262, unseen=0.4375, h=0.5460 ZSL: unseen accuracy=0.5052
[224/300]  Loss_D: -0.6137 Loss_G: 16.6249, Wasserstein_dist:0.8295, vae_loss_seen:268.2745 GZSL: seen=0.7440, unseen=0.4115, h=0.5299 ZSL: unseen accuracy=0.4948
[225/300]  Loss_D: -0.6521 Loss_G: 16.9320, Wasserstein_dist:0.8475, vae_loss_seen:274.3701 GZSL: seen=0.7103, unseen=0.4688, h=0.5648 ZSL: unseen accuracy=0.5000
[226/300]  Loss_D: -0.6882 Loss_G: 16.4003, Wasserstein_dist:0.8988, vae_loss_seen:276.0201 GZSL: seen=0.7690, unseen=0.4948, h=0.6021 ZSL: unseen accuracy=0.5052
[227/300]  Loss_D: -0.5893 Loss_G: 17.0080, Wasserstein_dist:0.8167, vae_loss_seen:278.4714 GZSL: seen=0.7143, unseen=0.4531, h=0.5545 ZSL: unseen accuracy=0.5000
[228/300]  Loss_D: -0.8516 Loss_G: 19.3149, Wasserstein_dist:1.1043, vae_loss_seen:290.1498 GZSL: seen=0.7679, unseen=0.4427, h=0.5616 ZSL: unseen accuracy=0.5052
[229/300]  Loss_D: -0.9320 Loss_G: 17.0824, Wasserstein_dist:1.1585, vae_loss_seen:281.1768 GZSL: seen=0.7456, unseen=0.4792, h=0.5834 ZSL: unseen accuracy=0.5104
[230/300]  Loss_D: -0.6550 Loss_G: 17.2201, Wasserstein_dist:0.8853, vae_loss_seen:274.1447 GZSL: seen=0.7361, unseen=0.5260, h=0.6136 ZSL: unseen accuracy=0.4844
[231/300]  Loss_D: -0.6309 Loss_G: 17.3482, Wasserstein_dist:0.8871, vae_loss_seen:274.6276 GZSL: seen=0.7460, unseen=0.4531, h=0.5638 ZSL: unseen accuracy=0.4948
[232/300]  Loss_D: -0.8758 Loss_G: 18.6551, Wasserstein_dist:1.2020, vae_loss_seen:282.1826 GZSL: seen=0.7242, unseen=0.4740, h=0.5729 ZSL: unseen accuracy=0.5000
[233/300]  Loss_D: -0.7484 Loss_G: 19.3172, Wasserstein_dist:1.0009, vae_loss_seen:283.6037 GZSL: seen=0.7341, unseen=0.4844, h=0.5837 ZSL: unseen accuracy=0.5260
[234/300]  Loss_D: -0.6938 Loss_G: 18.2395, Wasserstein_dist:0.8904, vae_loss_seen:274.1247 GZSL: seen=0.7500, unseen=0.4844, h=0.5886 ZSL: unseen accuracy=0.5052
[235/300]  Loss_D: -0.8433 Loss_G: 16.4672, Wasserstein_dist:1.0760, vae_loss_seen:279.5332 GZSL: seen=0.7988, unseen=0.4740, h=0.5949 ZSL: unseen accuracy=0.4948
[236/300]  Loss_D: -0.6730 Loss_G: 16.5546, Wasserstein_dist:0.9104, vae_loss_seen:272.6974 GZSL: seen=0.6865, unseen=0.4844, h=0.5680 ZSL: unseen accuracy=0.5104
[237/300]  Loss_D: -0.6659 Loss_G: 15.4728, Wasserstein_dist:0.8500, vae_loss_seen:268.7215 GZSL: seen=0.6742, unseen=0.4583, h=0.5457 ZSL: unseen accuracy=0.5000
[238/300]  Loss_D: -0.7230 Loss_G: 16.0009, Wasserstein_dist:0.9623, vae_loss_seen:272.7518 GZSL: seen=0.8155, unseen=0.2969, h=0.4353 ZSL: unseen accuracy=0.5208
[239/300]  Loss_D: -0.6358 Loss_G: 16.2874, Wasserstein_dist:0.8366, vae_loss_seen:272.9677 GZSL: seen=0.7817, unseen=0.4844, h=0.5981 ZSL: unseen accuracy=0.5312
[240/300]  Loss_D: -0.6195 Loss_G: 15.1433, Wasserstein_dist:0.8238, vae_loss_seen:276.1312 GZSL: seen=0.7778, unseen=0.4844, h=0.5970 ZSL: unseen accuracy=0.5312
[241/300]  Loss_D: -0.7125 Loss_G: 15.8702, Wasserstein_dist:0.9363, vae_loss_seen:280.4089 GZSL: seen=0.6944, unseen=0.4896, h=0.5743 ZSL: unseen accuracy=0.5104
[242/300]  Loss_D: -0.6839 Loss_G: 16.1689, Wasserstein_dist:0.9053, vae_loss_seen:274.0904 GZSL: seen=0.7460, unseen=0.4427, h=0.5557 ZSL: unseen accuracy=0.4896
[243/300]  Loss_D: -0.7800 Loss_G: 17.0018, Wasserstein_dist:1.0003, vae_loss_seen:273.6772 GZSL: seen=0.7933, unseen=0.4948, h=0.6094 ZSL: unseen accuracy=0.5052
[244/300]  Loss_D: -0.6578 Loss_G: 14.7438, Wasserstein_dist:0.8515, vae_loss_seen:266.1895 GZSL: seen=0.8099, unseen=0.4531, h=0.5811 ZSL: unseen accuracy=0.5208
[245/300]  Loss_D: -0.6868 Loss_G: 18.0425, Wasserstein_dist:0.9767, vae_loss_seen:277.9963 GZSL: seen=0.7321, unseen=0.4844, h=0.5830 ZSL: unseen accuracy=0.5312
[246/300]  Loss_D: -0.9032 Loss_G: 13.8413, Wasserstein_dist:1.1467, vae_loss_seen:280.9221 GZSL: seen=0.6808, unseen=0.4896, h=0.5696 ZSL: unseen accuracy=0.5104
[247/300]  Loss_D: -0.6612 Loss_G: 15.2741, Wasserstein_dist:0.8741, vae_loss_seen:272.4079 GZSL: seen=0.8313, unseen=0.4115, h=0.5505 ZSL: unseen accuracy=0.5052
[248/300]  Loss_D: -0.6230 Loss_G: 15.1524, Wasserstein_dist:0.8234, vae_loss_seen:271.1848 GZSL: seen=0.6786, unseen=0.4635, h=0.5508 ZSL: unseen accuracy=0.5052
[249/300]  Loss_D: -0.7040 Loss_G: 17.0230, Wasserstein_dist:0.9659, vae_loss_seen:274.1727 GZSL: seen=0.7659, unseen=0.4844, h=0.5934 ZSL: unseen accuracy=0.5156
[250/300]  Loss_D: -0.7825 Loss_G: 14.0399, Wasserstein_dist:1.0152, vae_loss_seen:275.2472 GZSL: seen=0.6790, unseen=0.4740, h=0.5582 ZSL: unseen accuracy=0.5104
[251/300]  Loss_D: -0.7211 Loss_G: 16.3373, Wasserstein_dist:0.9473, vae_loss_seen:272.2732 GZSL: seen=0.6933, unseen=0.4896, h=0.5739 ZSL: unseen accuracy=0.5156
[252/300]  Loss_D: -0.6358 Loss_G: 16.4214, Wasserstein_dist:0.8622, vae_loss_seen:264.7394 GZSL: seen=0.7659, unseen=0.5052, h=0.6088 ZSL: unseen accuracy=0.5000
[253/300]  Loss_D: -0.6509 Loss_G: 14.7123, Wasserstein_dist:0.8420, vae_loss_seen:268.9109 GZSL: seen=0.7115, unseen=0.5052, h=0.5908 ZSL: unseen accuracy=0.5052
[254/300]  Loss_D: -0.5835 Loss_G: 16.8905, Wasserstein_dist:0.8026, vae_loss_seen:268.1923 GZSL: seen=0.7520, unseen=0.4583, h=0.5695 ZSL: unseen accuracy=0.4531
[255/300]  Loss_D: -0.7600 Loss_G: 17.5491, Wasserstein_dist:0.9692, vae_loss_seen:278.0201 GZSL: seen=0.7454, unseen=0.4740, h=0.5795 ZSL: unseen accuracy=0.4948
[256/300]  Loss_D: -0.6244 Loss_G: 17.0810, Wasserstein_dist:0.8396, vae_loss_seen:271.2638 GZSL: seen=0.7976, unseen=0.4219, h=0.5519 ZSL: unseen accuracy=0.5208
[257/300]  Loss_D: -0.8692 Loss_G: 15.1434, Wasserstein_dist:1.1372, vae_loss_seen:280.9200 GZSL: seen=0.7028, unseen=0.4792, h=0.5698 ZSL: unseen accuracy=0.5104
[258/300]  Loss_D: -0.6546 Loss_G: 13.5732, Wasserstein_dist:0.8530, vae_loss_seen:271.5412 GZSL: seen=0.7679, unseen=0.4271, h=0.5489 ZSL: unseen accuracy=0.5052
[259/300]  Loss_D: -0.6572 Loss_G: 13.4023, Wasserstein_dist:0.8717, vae_loss_seen:280.6066 GZSL: seen=0.8384, unseen=0.3177, h=0.4608 ZSL: unseen accuracy=0.5000
[260/300]  Loss_D: -0.6945 Loss_G: 12.6430, Wasserstein_dist:0.9569, vae_loss_seen:283.3047 GZSL: seen=0.7063, unseen=0.4948, h=0.5819 ZSL: unseen accuracy=0.4948
[261/300]  Loss_D: -0.6678 Loss_G: 14.3022, Wasserstein_dist:0.8566, vae_loss_seen:273.8241 GZSL: seen=0.7315, unseen=0.4948, h=0.5903 ZSL: unseen accuracy=0.4948
[262/300]  Loss_D: -0.6328 Loss_G: 14.9048, Wasserstein_dist:0.8840, vae_loss_seen:281.4478 GZSL: seen=0.7544, unseen=0.4062, h=0.5281 ZSL: unseen accuracy=0.4948
[263/300]  Loss_D: -0.7154 Loss_G: 13.3080, Wasserstein_dist:0.9347, vae_loss_seen:264.9200 GZSL: seen=0.7063, unseen=0.4948, h=0.5819 ZSL: unseen accuracy=0.4896
[264/300]  Loss_D: -0.6612 Loss_G: 14.5238, Wasserstein_dist:0.8970, vae_loss_seen:271.4739 GZSL: seen=0.6944, unseen=0.4948, h=0.5779 ZSL: unseen accuracy=0.5104
[265/300]  Loss_D: -0.6703 Loss_G: 15.0566, Wasserstein_dist:0.8388, vae_loss_seen:269.6032 GZSL: seen=0.7037, unseen=0.5000, h=0.5846 ZSL: unseen accuracy=0.4792
[266/300]  Loss_D: -0.6673 Loss_G: 12.5508, Wasserstein_dist:0.9375, vae_loss_seen:278.3132 GZSL: seen=0.7688, unseen=0.4167, h=0.5404 ZSL: unseen accuracy=0.5000
[267/300]  Loss_D: -0.7095 Loss_G: 14.9767, Wasserstein_dist:0.9046, vae_loss_seen:277.4086 GZSL: seen=0.7579, unseen=0.4948, h=0.5987 ZSL: unseen accuracy=0.5104
[268/300]  Loss_D: -0.6564 Loss_G: 13.7612, Wasserstein_dist:0.8666, vae_loss_seen:262.8640 GZSL: seen=0.7381, unseen=0.4948, h=0.5924 ZSL: unseen accuracy=0.5104
[269/300]  Loss_D: -0.7936 Loss_G: 15.8995, Wasserstein_dist:1.0624, vae_loss_seen:275.1973 GZSL: seen=0.7540, unseen=0.4948, h=0.5975 ZSL: unseen accuracy=0.5104
[270/300]  Loss_D: -0.7160 Loss_G: 14.2969, Wasserstein_dist:0.9369, vae_loss_seen:275.4525 GZSL: seen=0.7381, unseen=0.3646, h=0.4881 ZSL: unseen accuracy=0.5104
[271/300]  Loss_D: -0.6136 Loss_G: 14.4654, Wasserstein_dist:0.8526, vae_loss_seen:276.0059 GZSL: seen=0.7500, unseen=0.3385, h=0.4665 ZSL: unseen accuracy=0.5052
[272/300]  Loss_D: -0.8568 Loss_G: 12.3660, Wasserstein_dist:1.1422, vae_loss_seen:274.6720 GZSL: seen=0.7861, unseen=0.4792, h=0.5954 ZSL: unseen accuracy=0.5052
[273/300]  Loss_D: -0.6767 Loss_G: 14.3527, Wasserstein_dist:0.9118, vae_loss_seen:280.3220 GZSL: seen=0.7024, unseen=0.5000, h=0.5842 ZSL: unseen accuracy=0.5052
[274/300]  Loss_D: -0.7001 Loss_G: 13.7115, Wasserstein_dist:0.8855, vae_loss_seen:279.5443 GZSL: seen=0.7619, unseen=0.4844, h=0.5922 ZSL: unseen accuracy=0.4844
[275/300]  Loss_D: -0.6280 Loss_G: 13.1912, Wasserstein_dist:0.8604, vae_loss_seen:269.4493 GZSL: seen=0.7504, unseen=0.4792, h=0.5849 ZSL: unseen accuracy=0.5052
[276/300]  Loss_D: -0.5889 Loss_G: 12.0459, Wasserstein_dist:0.7984, vae_loss_seen:272.5417 GZSL: seen=0.7262, unseen=0.2865, h=0.4108 ZSL: unseen accuracy=0.5000
[277/300]  Loss_D: -0.7111 Loss_G: 12.7072, Wasserstein_dist:0.9320, vae_loss_seen:273.1349 GZSL: seen=0.6587, unseen=0.4948, h=0.5651 ZSL: unseen accuracy=0.5000
[278/300]  Loss_D: -0.6719 Loss_G: 14.7109, Wasserstein_dist:0.8810, vae_loss_seen:271.2993 GZSL: seen=0.7440, unseen=0.3750, h=0.4987 ZSL: unseen accuracy=0.4323
[279/300]  Loss_D: -0.7153 Loss_G: 13.8748, Wasserstein_dist:0.9523, vae_loss_seen:278.2581 GZSL: seen=0.7187, unseen=0.4740, h=0.5712 ZSL: unseen accuracy=0.5000
[280/300]  Loss_D: -0.6922 Loss_G: 11.1038, Wasserstein_dist:0.9044, vae_loss_seen:265.4654 GZSL: seen=0.7349, unseen=0.4635, h=0.5685 ZSL: unseen accuracy=0.5052
[281/300]  Loss_D: -0.6302 Loss_G: 12.2038, Wasserstein_dist:0.8121, vae_loss_seen:271.7933 GZSL: seen=0.6845, unseen=0.4792, h=0.5637 ZSL: unseen accuracy=0.4896
[282/300]  Loss_D: -0.6852 Loss_G: 12.5669, Wasserstein_dist:0.9028, vae_loss_seen:272.9837 GZSL: seen=0.7172, unseen=0.4896, h=0.5819 ZSL: unseen accuracy=0.5156
[283/300]  Loss_D: -0.5687 Loss_G: 11.5007, Wasserstein_dist:0.7760, vae_loss_seen:265.9209 GZSL: seen=0.7190, unseen=0.4844, h=0.5788 ZSL: unseen accuracy=0.4948
[284/300]  Loss_D: -0.7367 Loss_G: 11.1563, Wasserstein_dist:0.9184, vae_loss_seen:269.3288 GZSL: seen=0.7758, unseen=0.4531, h=0.5721 ZSL: unseen accuracy=0.5052
[285/300]  Loss_D: -0.6111 Loss_G: 12.1941, Wasserstein_dist:0.7998, vae_loss_seen:264.2498 GZSL: seen=0.7579, unseen=0.4271, h=0.5463 ZSL: unseen accuracy=0.5052
[286/300]  Loss_D: -0.6789 Loss_G: 12.6992, Wasserstein_dist:0.8997, vae_loss_seen:271.0355 GZSL: seen=0.7698, unseen=0.4844, h=0.5946 ZSL: unseen accuracy=0.4896
[287/300]  Loss_D: -0.8929 Loss_G: 14.5187, Wasserstein_dist:1.2440, vae_loss_seen:280.3825 GZSL: seen=0.8294, unseen=0.4062, h=0.5454 ZSL: unseen accuracy=0.4896
[288/300]  Loss_D: -0.7317 Loss_G: 16.7507, Wasserstein_dist:0.9784, vae_loss_seen:285.9525 GZSL: seen=0.6885, unseen=0.4740, h=0.5614 ZSL: unseen accuracy=0.5000
[289/300]  Loss_D: -0.7023 Loss_G: 13.2883, Wasserstein_dist:0.9414, vae_loss_seen:272.0225 GZSL: seen=0.7187, unseen=0.4062, h=0.5191 ZSL: unseen accuracy=0.4948
[290/300]  Loss_D: -0.5849 Loss_G: 13.1540, Wasserstein_dist:0.7762, vae_loss_seen:265.8900 GZSL: seen=0.7634, unseen=0.4740, h=0.5848 ZSL: unseen accuracy=0.4948
[291/300]  Loss_D: -0.6407 Loss_G: 12.9065, Wasserstein_dist:0.8564, vae_loss_seen:268.2318 GZSL: seen=0.7956, unseen=0.4323, h=0.5602 ZSL: unseen accuracy=0.5156
[292/300]  Loss_D: -0.6848 Loss_G: 12.1915, Wasserstein_dist:0.9128, vae_loss_seen:267.3323 GZSL: seen=0.7908, unseen=0.4635, h=0.5845 ZSL: unseen accuracy=0.4896
[293/300]  Loss_D: -0.7344 Loss_G: 12.0201, Wasserstein_dist:0.9034, vae_loss_seen:269.2094 GZSL: seen=0.7024, unseen=0.4896, h=0.5770 ZSL: unseen accuracy=0.4948
[294/300]  Loss_D: -0.7499 Loss_G: 11.0040, Wasserstein_dist:0.9957, vae_loss_seen:278.6603 GZSL: seen=0.6976, unseen=0.4167, h=0.5217 ZSL: unseen accuracy=0.5000
[295/300]  Loss_D: -0.8822 Loss_G: 13.0866, Wasserstein_dist:1.1115, vae_loss_seen:278.0535 GZSL: seen=0.7534, unseen=0.4062, h=0.5279 ZSL: unseen accuracy=0.5052
[296/300]  Loss_D: -0.5872 Loss_G: 14.1906, Wasserstein_dist:0.8535, vae_loss_seen:265.5979 GZSL: seen=0.7111, unseen=0.4635, h=0.5612 ZSL: unseen accuracy=0.5104
[297/300]  Loss_D: -0.6251 Loss_G: 13.0220, Wasserstein_dist:0.8292, vae_loss_seen:275.6233 GZSL: seen=0.7028, unseen=0.5000, h=0.5843 ZSL: unseen accuracy=0.5000
[298/300]  Loss_D: -0.8332 Loss_G: 9.6392, Wasserstein_dist:1.0692, vae_loss_seen:271.5460 GZSL: seen=0.6868, unseen=0.4583, h=0.5498 ZSL: unseen accuracy=0.4896
[299/300]  Loss_D: -0.7067 Loss_G: 11.2542, Wasserstein_dist:0.9187, vae_loss_seen:271.5761 GZSL: seen=0.7401, unseen=0.4792, h=0.5817 ZSL: unseen accuracy=0.4844
Dataset RADAR
the best ZSL unseen accuracy is 0.734375
Dataset RADAR
the best GZSL seen accuracy is 0.8106575963718822
the best GZSL unseen accuracy is 0.5364583333333334
the best GZSL H is 0.6456519642653622
