Random Seed:  3407
# of training samples:  538
Encoder(
  (fc1): Linear(in_features=1536, out_features=4096, bias=True)
  (fc3): Linear(in_features=4096, out_features=1024, bias=True)
  (lrelu): LeakyReLU(0.2, inplace)
  (linear_means): Linear(in_features=1024, out_features=512, bias=True)
  (linear_log_var): Linear(in_features=1024, out_features=512, bias=True)
)
Generator(
  (fc1): Linear(in_features=1024, out_features=4096, bias=True)
  (fc3): Linear(in_features=4096, out_features=1024, bias=True)
  (lrelu): LeakyReLU(0.2, inplace)
  (sigmoid): Sigmoid()
)
Discriminator_D1(
  (fc1): Linear(in_features=1536, out_features=4096, bias=True)
  (fc2): Linear(in_features=4096, out_features=1, bias=True)
  (lrelu): LeakyReLU(0.2, inplace)
)
Feedback(
  (fc1): Linear(in_features=4096, out_features=4096, bias=True)
  (fc2): Linear(in_features=4096, out_features=4096, bias=True)
  (lrelu): LeakyReLU(0.2, inplace)
)
AttDec(
  (fc1): Linear(in_features=1024, out_features=4096, bias=True)
  (fc3): Linear(in_features=4096, out_features=512, bias=True)
  (lrelu): LeakyReLU(0.2, inplace)
)
[0/300]  Loss_D: -110.2038 Loss_G: 0.9953, Wasserstein_dist:138.2470, vae_loss_seen:478.6456 GZSL: seen=0.9206, unseen=0.1823, h=0.3043 ZSL: unseen accuracy=0.3438
[1/300]  Loss_D: -80.3631 Loss_G: -1.8918, Wasserstein_dist:106.1878, vae_loss_seen:410.7294 GZSL: seen=0.8929, unseen=0.3073, h=0.4572 ZSL: unseen accuracy=0.5469
[2/300]  Loss_D: -45.9974 Loss_G: -4.0438, Wasserstein_dist:60.6528, vae_loss_seen:351.6976 GZSL: seen=0.9147, unseen=0.3177, h=0.4716 ZSL: unseen accuracy=0.5781
[3/300]  Loss_D: -31.1375 Loss_G: -6.2853, Wasserstein_dist:40.0303, vae_loss_seen:321.2316 GZSL: seen=0.8730, unseen=0.2969, h=0.4431 ZSL: unseen accuracy=0.4844
[4/300]  Loss_D: -22.9255 Loss_G: -6.5440, Wasserstein_dist:28.6668, vae_loss_seen:319.5241 GZSL: seen=0.8750, unseen=0.2656, h=0.4075 ZSL: unseen accuracy=0.5677
[5/300]  Loss_D: -19.8752 Loss_G: -6.2316, Wasserstein_dist:24.4374, vae_loss_seen:314.9262 GZSL: seen=0.9048, unseen=0.3125, h=0.4645 ZSL: unseen accuracy=0.4948
[6/300]  Loss_D: -19.4880 Loss_G: -6.4551, Wasserstein_dist:23.1693, vae_loss_seen:298.0245 GZSL: seen=0.7421, unseen=0.3281, h=0.4550 ZSL: unseen accuracy=0.6458
[7/300]  Loss_D: -20.5878 Loss_G: -5.1202, Wasserstein_dist:25.9090, vae_loss_seen:304.6208 GZSL: seen=0.8730, unseen=0.2500, h=0.3887 ZSL: unseen accuracy=0.3854
[8/300]  Loss_D: -19.4088 Loss_G: -2.1118, Wasserstein_dist:23.7891, vae_loss_seen:303.3824 GZSL: seen=0.8512, unseen=0.2760, h=0.4169 ZSL: unseen accuracy=0.5000
[9/300]  Loss_D: -21.5249 Loss_G: -0.9324, Wasserstein_dist:27.3458, vae_loss_seen:320.3585 GZSL: seen=0.8849, unseen=0.2500, h=0.3899 ZSL: unseen accuracy=0.4844
[10/300]  Loss_D: -22.7174 Loss_G: 0.0454, Wasserstein_dist:28.3733, vae_loss_seen:312.4321 GZSL: seen=0.8909, unseen=0.2552, h=0.3968 ZSL: unseen accuracy=0.5885
[11/300]  Loss_D: -24.3380 Loss_G: 1.6670, Wasserstein_dist:30.5132, vae_loss_seen:300.3408 GZSL: seen=0.9385, unseen=0.2969, h=0.4511 ZSL: unseen accuracy=0.6042
[12/300]  Loss_D: -22.1129 Loss_G: 4.0198, Wasserstein_dist:28.5453, vae_loss_seen:309.3245 GZSL: seen=0.8988, unseen=0.3073, h=0.4580 ZSL: unseen accuracy=0.5990
[13/300]  Loss_D: -23.7218 Loss_G: 3.9455, Wasserstein_dist:30.3765, vae_loss_seen:309.0739 GZSL: seen=0.8810, unseen=0.2969, h=0.4441 ZSL: unseen accuracy=0.5260
[14/300]  Loss_D: -23.9940 Loss_G: 4.2799, Wasserstein_dist:29.9748, vae_loss_seen:307.8666 GZSL: seen=0.8988, unseen=0.2760, h=0.4224 ZSL: unseen accuracy=0.6406
[15/300]  Loss_D: -23.3149 Loss_G: 5.3539, Wasserstein_dist:28.8558, vae_loss_seen:306.4754 GZSL: seen=0.8909, unseen=0.3385, h=0.4906 ZSL: unseen accuracy=0.6719
[16/300]  Loss_D: -21.0622 Loss_G: 7.4802, Wasserstein_dist:27.1959, vae_loss_seen:310.7316 GZSL: seen=0.7619, unseen=0.3281, h=0.4587 ZSL: unseen accuracy=0.5729
[17/300]  Loss_D: -20.5606 Loss_G: 5.9090, Wasserstein_dist:26.7859, vae_loss_seen:308.6953 GZSL: seen=0.7636, unseen=0.3958, h=0.5214 ZSL: unseen accuracy=0.7083
[18/300]  Loss_D: -22.2916 Loss_G: 6.0463, Wasserstein_dist:28.0992, vae_loss_seen:301.4605 GZSL: seen=0.8214, unseen=0.3177, h=0.4582 ZSL: unseen accuracy=0.6406
[19/300]  Loss_D: -20.8681 Loss_G: 8.2399, Wasserstein_dist:27.0677, vae_loss_seen:307.4367 GZSL: seen=0.8214, unseen=0.3125, h=0.4528 ZSL: unseen accuracy=0.5208
[20/300]  Loss_D: -24.6385 Loss_G: 6.7390, Wasserstein_dist:30.7205, vae_loss_seen:315.7660 GZSL: seen=0.9028, unseen=0.3281, h=0.4813 ZSL: unseen accuracy=0.5781
[21/300]  Loss_D: -24.0015 Loss_G: 8.0787, Wasserstein_dist:29.9335, vae_loss_seen:302.1074 GZSL: seen=0.8750, unseen=0.2865, h=0.4316 ZSL: unseen accuracy=0.6406
[22/300]  Loss_D: -21.3551 Loss_G: 8.2181, Wasserstein_dist:27.1942, vae_loss_seen:301.3937 GZSL: seen=0.8651, unseen=0.2969, h=0.4420 ZSL: unseen accuracy=0.6406
[23/300]  Loss_D: -22.5662 Loss_G: 10.2681, Wasserstein_dist:27.6739, vae_loss_seen:309.5786 GZSL: seen=0.8810, unseen=0.3229, h=0.4726 ZSL: unseen accuracy=0.7083
[24/300]  Loss_D: -21.0812 Loss_G: 9.6329, Wasserstein_dist:26.8229, vae_loss_seen:292.3279 GZSL: seen=0.8861, unseen=0.2969, h=0.4447 ZSL: unseen accuracy=0.6198
[25/300]  Loss_D: -21.1321 Loss_G: 9.6033, Wasserstein_dist:25.7865, vae_loss_seen:303.4927 GZSL: seen=0.8730, unseen=0.3906, h=0.5397 ZSL: unseen accuracy=0.6354
[26/300]  Loss_D: -20.5253 Loss_G: 10.0845, Wasserstein_dist:26.6987, vae_loss_seen:303.0142 GZSL: seen=0.8929, unseen=0.3385, h=0.4909 ZSL: unseen accuracy=0.5781
[27/300]  Loss_D: -19.5307 Loss_G: 9.5389, Wasserstein_dist:24.5047, vae_loss_seen:293.9211 GZSL: seen=0.7540, unseen=0.4271, h=0.5453 ZSL: unseen accuracy=0.5781
[28/300]  Loss_D: -18.3646 Loss_G: 11.6855, Wasserstein_dist:22.6445, vae_loss_seen:305.4482 GZSL: seen=0.7440, unseen=0.3125, h=0.4401 ZSL: unseen accuracy=0.5573
[29/300]  Loss_D: -18.6157 Loss_G: 12.1354, Wasserstein_dist:23.6240, vae_loss_seen:288.4087 GZSL: seen=0.8313, unseen=0.3177, h=0.4597 ZSL: unseen accuracy=0.5625
[30/300]  Loss_D: -17.7515 Loss_G: 10.7948, Wasserstein_dist:22.7057, vae_loss_seen:296.8439 GZSL: seen=0.7778, unseen=0.3646, h=0.4965 ZSL: unseen accuracy=0.5156
[31/300]  Loss_D: -19.3890 Loss_G: 10.4878, Wasserstein_dist:24.7726, vae_loss_seen:302.5468 GZSL: seen=0.8869, unseen=0.2917, h=0.4390 ZSL: unseen accuracy=0.6823
[32/300]  Loss_D: -16.3449 Loss_G: 12.2337, Wasserstein_dist:21.0363, vae_loss_seen:298.6057 GZSL: seen=0.8869, unseen=0.3698, h=0.5220 ZSL: unseen accuracy=0.6823
[33/300]  Loss_D: -17.0162 Loss_G: 10.8799, Wasserstein_dist:20.5478, vae_loss_seen:289.1677 GZSL: seen=0.8512, unseen=0.3646, h=0.5105 ZSL: unseen accuracy=0.5833
[34/300]  Loss_D: -15.7932 Loss_G: 13.6059, Wasserstein_dist:20.8016, vae_loss_seen:298.8273 GZSL: seen=0.8115, unseen=0.3698, h=0.5081 ZSL: unseen accuracy=0.5573
[35/300]  Loss_D: -15.9968 Loss_G: 11.7111, Wasserstein_dist:20.1045, vae_loss_seen:295.8734 GZSL: seen=0.8472, unseen=0.3958, h=0.5396 ZSL: unseen accuracy=0.7083
[36/300]  Loss_D: -16.5644 Loss_G: 12.5148, Wasserstein_dist:21.0505, vae_loss_seen:297.6978 GZSL: seen=0.7683, unseen=0.3646, h=0.4945 ZSL: unseen accuracy=0.5521
[37/300]  Loss_D: -13.7117 Loss_G: 13.0256, Wasserstein_dist:17.5868, vae_loss_seen:294.7645 GZSL: seen=0.9147, unseen=0.2656, h=0.4117 ZSL: unseen accuracy=0.5417
[38/300]  Loss_D: -15.5743 Loss_G: 14.7881, Wasserstein_dist:19.7558, vae_loss_seen:294.1461 GZSL: seen=0.7956, unseen=0.3958, h=0.5287 ZSL: unseen accuracy=0.5521
[39/300]  Loss_D: -14.2535 Loss_G: 13.4722, Wasserstein_dist:18.2595, vae_loss_seen:293.5043 GZSL: seen=0.8849, unseen=0.3385, h=0.4897 ZSL: unseen accuracy=0.5781
[40/300]  Loss_D: -16.1308 Loss_G: 12.5951, Wasserstein_dist:20.4381, vae_loss_seen:300.4813 GZSL: seen=0.7817, unseen=0.5052, h=0.6138 ZSL: unseen accuracy=0.7083
[41/300]  Loss_D: -16.1679 Loss_G: 13.0379, Wasserstein_dist:19.7348, vae_loss_seen:297.4238 GZSL: seen=0.8611, unseen=0.3750, h=0.5225 ZSL: unseen accuracy=0.5573
[42/300]  Loss_D: -12.1567 Loss_G: 15.9485, Wasserstein_dist:15.6350, vae_loss_seen:300.7139 GZSL: seen=0.8433, unseen=0.3281, h=0.4724 ZSL: unseen accuracy=0.5156
[43/300]  Loss_D: -12.5296 Loss_G: 13.1134, Wasserstein_dist:16.2659, vae_loss_seen:287.5863 GZSL: seen=0.7540, unseen=0.3646, h=0.4915 ZSL: unseen accuracy=0.5365
[44/300]  Loss_D: -12.1452 Loss_G: 15.0619, Wasserstein_dist:15.5461, vae_loss_seen:293.7520 GZSL: seen=0.7405, unseen=0.5521, h=0.6326 ZSL: unseen accuracy=0.5417
[45/300]  Loss_D: -11.5931 Loss_G: 16.1324, Wasserstein_dist:15.4855, vae_loss_seen:283.9779 GZSL: seen=0.8433, unseen=0.3385, h=0.4831 ZSL: unseen accuracy=0.6198
[46/300]  Loss_D: -12.3340 Loss_G: 15.1491, Wasserstein_dist:15.7525, vae_loss_seen:297.9951 GZSL: seen=0.8135, unseen=0.3906, h=0.5278 ZSL: unseen accuracy=0.5312
[47/300]  Loss_D: -13.1547 Loss_G: 17.7471, Wasserstein_dist:16.4971, vae_loss_seen:300.0583 GZSL: seen=0.9167, unseen=0.3802, h=0.5375 ZSL: unseen accuracy=0.5365
[48/300]  Loss_D: -14.2348 Loss_G: 16.7915, Wasserstein_dist:17.6238, vae_loss_seen:297.0063 GZSL: seen=0.7619, unseen=0.3802, h=0.5073 ZSL: unseen accuracy=0.4167
[49/300]  Loss_D: -13.0328 Loss_G: 17.6354, Wasserstein_dist:17.7136, vae_loss_seen:298.7468 GZSL: seen=0.7083, unseen=0.5312, h=0.6071 ZSL: unseen accuracy=0.4896
[50/300]  Loss_D: -10.6370 Loss_G: 15.7928, Wasserstein_dist:14.1471, vae_loss_seen:290.4693 GZSL: seen=0.7234, unseen=0.4948, h=0.5876 ZSL: unseen accuracy=0.5156
[51/300]  Loss_D: -13.2233 Loss_G: 16.5852, Wasserstein_dist:16.7498, vae_loss_seen:299.0239 GZSL: seen=0.6722, unseen=0.5260, h=0.5902 ZSL: unseen accuracy=0.5260
[52/300]  Loss_D: -11.5464 Loss_G: 17.3461, Wasserstein_dist:15.3344, vae_loss_seen:288.5034 GZSL: seen=0.7437, unseen=0.5573, h=0.6371 ZSL: unseen accuracy=0.5260
[53/300]  Loss_D: -10.7798 Loss_G: 18.0733, Wasserstein_dist:14.0277, vae_loss_seen:281.7186 GZSL: seen=0.7500, unseen=0.3958, h=0.5182 ZSL: unseen accuracy=0.5104
[54/300]  Loss_D: -12.8252 Loss_G: 17.2118, Wasserstein_dist:15.9112, vae_loss_seen:293.1994 GZSL: seen=0.8194, unseen=0.3177, h=0.4579 ZSL: unseen accuracy=0.4740
[55/300]  Loss_D: -12.8769 Loss_G: 18.7441, Wasserstein_dist:16.7451, vae_loss_seen:295.7732 GZSL: seen=0.6563, unseen=0.5573, h=0.6028 ZSL: unseen accuracy=0.5677
[56/300]  Loss_D: -12.4496 Loss_G: 19.2674, Wasserstein_dist:15.6183, vae_loss_seen:295.9765 GZSL: seen=0.7269, unseen=0.2604, h=0.3835 ZSL: unseen accuracy=0.4062
[57/300]  Loss_D: -12.6260 Loss_G: 19.0107, Wasserstein_dist:15.5511, vae_loss_seen:287.9124 GZSL: seen=0.9028, unseen=0.2865, h=0.4349 ZSL: unseen accuracy=0.5573
[58/300]  Loss_D: -11.9013 Loss_G: 19.4258, Wasserstein_dist:16.0838, vae_loss_seen:295.1658 GZSL: seen=0.8056, unseen=0.3021, h=0.4394 ZSL: unseen accuracy=0.5833
[59/300]  Loss_D: -12.6091 Loss_G: 17.7670, Wasserstein_dist:15.8284, vae_loss_seen:292.3798 GZSL: seen=0.8274, unseen=0.3594, h=0.5011 ZSL: unseen accuracy=0.4948
[60/300]  Loss_D: -11.7723 Loss_G: 20.7538, Wasserstein_dist:15.0790, vae_loss_seen:295.7167 GZSL: seen=0.6429, unseen=0.4688, h=0.5422 ZSL: unseen accuracy=0.5000
[61/300]  Loss_D: -11.0434 Loss_G: 20.2870, Wasserstein_dist:13.8158, vae_loss_seen:293.5830 GZSL: seen=0.7065, unseen=0.4948, h=0.5820 ZSL: unseen accuracy=0.4740
[62/300]  Loss_D: -11.1518 Loss_G: 20.3434, Wasserstein_dist:14.3270, vae_loss_seen:288.3036 GZSL: seen=0.6389, unseen=0.4583, h=0.5338 ZSL: unseen accuracy=0.5156
[63/300]  Loss_D: -10.9262 Loss_G: 21.9322, Wasserstein_dist:14.1382, vae_loss_seen:305.2164 GZSL: seen=0.8353, unseen=0.2240, h=0.3532 ZSL: unseen accuracy=0.4271
[64/300]  Loss_D: -11.8946 Loss_G: 20.5897, Wasserstein_dist:15.0546, vae_loss_seen:299.0461 GZSL: seen=0.6786, unseen=0.4844, h=0.5653 ZSL: unseen accuracy=0.5104
[65/300]  Loss_D: -11.3856 Loss_G: 21.2174, Wasserstein_dist:14.6242, vae_loss_seen:298.3738 GZSL: seen=0.6876, unseen=0.4844, h=0.5684 ZSL: unseen accuracy=0.5469
[66/300]  Loss_D: -11.0310 Loss_G: 21.4293, Wasserstein_dist:14.0863, vae_loss_seen:293.3824 GZSL: seen=0.6995, unseen=0.4167, h=0.5223 ZSL: unseen accuracy=0.4844
[67/300]  Loss_D: -10.2062 Loss_G: 22.4414, Wasserstein_dist:13.5439, vae_loss_seen:294.9648 GZSL: seen=0.7228, unseen=0.3281, h=0.4513 ZSL: unseen accuracy=0.5156
[68/300]  Loss_D: -12.9183 Loss_G: 21.7918, Wasserstein_dist:16.1653, vae_loss_seen:292.7036 GZSL: seen=0.6849, unseen=0.4115, h=0.5141 ZSL: unseen accuracy=0.5260
[69/300]  Loss_D: -12.0246 Loss_G: 22.4215, Wasserstein_dist:15.2052, vae_loss_seen:301.0388 GZSL: seen=0.7262, unseen=0.4219, h=0.5337 ZSL: unseen accuracy=0.4948
[70/300]  Loss_D: -9.5802 Loss_G: 22.9815, Wasserstein_dist:12.5248, vae_loss_seen:293.3521 GZSL: seen=0.7024, unseen=0.5365, h=0.6083 ZSL: unseen accuracy=0.4948
[71/300]  Loss_D: -11.6274 Loss_G: 22.2797, Wasserstein_dist:14.7020, vae_loss_seen:293.6015 GZSL: seen=0.6925, unseen=0.5000, h=0.5807 ZSL: unseen accuracy=0.5469
[72/300]  Loss_D: -14.9850 Loss_G: 21.6681, Wasserstein_dist:18.8059, vae_loss_seen:296.5977 GZSL: seen=0.7286, unseen=0.5417, h=0.6214 ZSL: unseen accuracy=0.5156
[73/300]  Loss_D: -9.5387 Loss_G: 23.6155, Wasserstein_dist:12.8058, vae_loss_seen:278.9208 GZSL: seen=0.6545, unseen=0.5312, h=0.5865 ZSL: unseen accuracy=0.5469
[74/300]  Loss_D: -10.0601 Loss_G: 23.8371, Wasserstein_dist:12.9452, vae_loss_seen:295.6787 GZSL: seen=0.7103, unseen=0.4740, h=0.5686 ZSL: unseen accuracy=0.5260
[75/300]  Loss_D: -12.3395 Loss_G: 23.5541, Wasserstein_dist:15.8763, vae_loss_seen:291.3824 GZSL: seen=0.7817, unseen=0.4010, h=0.5301 ZSL: unseen accuracy=0.5000
[76/300]  Loss_D: -10.7230 Loss_G: 24.5465, Wasserstein_dist:14.3727, vae_loss_seen:302.0156 GZSL: seen=0.8393, unseen=0.3802, h=0.5233 ZSL: unseen accuracy=0.5000
[77/300]  Loss_D: -13.2606 Loss_G: 23.8697, Wasserstein_dist:16.7784, vae_loss_seen:303.5800 GZSL: seen=0.7138, unseen=0.4062, h=0.5178 ZSL: unseen accuracy=0.4844
[78/300]  Loss_D: -9.5780 Loss_G: 23.5920, Wasserstein_dist:12.5238, vae_loss_seen:298.2563 GZSL: seen=0.6655, unseen=0.4896, h=0.5641 ZSL: unseen accuracy=0.5365
[79/300]  Loss_D: -11.1137 Loss_G: 23.7858, Wasserstein_dist:14.1464, vae_loss_seen:300.1375 GZSL: seen=0.8107, unseen=0.5365, h=0.6457 ZSL: unseen accuracy=0.4896
[80/300]  Loss_D: -10.0514 Loss_G: 23.5073, Wasserstein_dist:13.7978, vae_loss_seen:302.7171 GZSL: seen=0.8512, unseen=0.3229, h=0.4682 ZSL: unseen accuracy=0.5000
[81/300]  Loss_D: -11.1820 Loss_G: 24.2180, Wasserstein_dist:13.6582, vae_loss_seen:295.6842 GZSL: seen=0.7136, unseen=0.5052, h=0.5916 ZSL: unseen accuracy=0.5260
[82/300]  Loss_D: -9.4649 Loss_G: 25.4810, Wasserstein_dist:12.7455, vae_loss_seen:297.2399 GZSL: seen=0.7183, unseen=0.4792, h=0.5748 ZSL: unseen accuracy=0.5365
[83/300]  Loss_D: -10.7762 Loss_G: 23.9100, Wasserstein_dist:13.9305, vae_loss_seen:285.8940 GZSL: seen=0.7659, unseen=0.4740, h=0.5856 ZSL: unseen accuracy=0.5052
[84/300]  Loss_D: -9.0796 Loss_G: 24.7586, Wasserstein_dist:12.0982, vae_loss_seen:295.5379 GZSL: seen=0.8413, unseen=0.3385, h=0.4828 ZSL: unseen accuracy=0.5260
[85/300]  Loss_D: -10.9829 Loss_G: 23.8624, Wasserstein_dist:14.8133, vae_loss_seen:293.2316 GZSL: seen=0.7273, unseen=0.4479, h=0.5544 ZSL: unseen accuracy=0.5208
[86/300]  Loss_D: -10.8090 Loss_G: 25.6585, Wasserstein_dist:14.0271, vae_loss_seen:296.6639 GZSL: seen=0.6689, unseen=0.3802, h=0.4848 ZSL: unseen accuracy=0.5052
[87/300]  Loss_D: -10.4332 Loss_G: 24.5757, Wasserstein_dist:14.1537, vae_loss_seen:291.0337 GZSL: seen=0.6651, unseen=0.4062, h=0.5044 ZSL: unseen accuracy=0.5052
[88/300]  Loss_D: -11.3278 Loss_G: 25.1481, Wasserstein_dist:14.9756, vae_loss_seen:299.4266 GZSL: seen=0.6576, unseen=0.4479, h=0.5329 ZSL: unseen accuracy=0.4844
[89/300]  Loss_D: -10.8825 Loss_G: 25.3617, Wasserstein_dist:13.7883, vae_loss_seen:294.1874 GZSL: seen=0.6706, unseen=0.4010, h=0.5019 ZSL: unseen accuracy=0.4896
[90/300]  Loss_D: -9.9471 Loss_G: 25.2327, Wasserstein_dist:12.6599, vae_loss_seen:296.3693 GZSL: seen=0.7242, unseen=0.4844, h=0.5805 ZSL: unseen accuracy=0.5052
[91/300]  Loss_D: -11.2891 Loss_G: 25.0812, Wasserstein_dist:14.3318, vae_loss_seen:288.9825 GZSL: seen=0.6774, unseen=0.4479, h=0.5393 ZSL: unseen accuracy=0.5156
[92/300]  Loss_D: -9.1465 Loss_G: 26.1929, Wasserstein_dist:12.3595, vae_loss_seen:298.4841 GZSL: seen=0.7340, unseen=0.5052, h=0.5985 ZSL: unseen accuracy=0.5000
[93/300]  Loss_D: -9.7330 Loss_G: 27.5920, Wasserstein_dist:12.1545, vae_loss_seen:295.9674 GZSL: seen=0.7341, unseen=0.5156, h=0.6058 ZSL: unseen accuracy=0.5208
[94/300]  Loss_D: -10.8969 Loss_G: 26.7370, Wasserstein_dist:14.1918, vae_loss_seen:306.9212 GZSL: seen=0.6559, unseen=0.3906, h=0.4896 ZSL: unseen accuracy=0.5052
[95/300]  Loss_D: -9.8186 Loss_G: 25.8357, Wasserstein_dist:12.7128, vae_loss_seen:300.0054 GZSL: seen=0.6825, unseen=0.4896, h=0.5702 ZSL: unseen accuracy=0.5000
[96/300]  Loss_D: -11.0062 Loss_G: 24.4810, Wasserstein_dist:14.5768, vae_loss_seen:293.3095 GZSL: seen=0.7405, unseen=0.4115, h=0.5290 ZSL: unseen accuracy=0.5260
[97/300]  Loss_D: -9.7588 Loss_G: 26.0090, Wasserstein_dist:12.8997, vae_loss_seen:294.0531 GZSL: seen=0.7381, unseen=0.5417, h=0.6248 ZSL: unseen accuracy=0.5312
[98/300]  Loss_D: -8.0531 Loss_G: 25.8385, Wasserstein_dist:10.7686, vae_loss_seen:292.2300 GZSL: seen=0.8393, unseen=0.3333, h=0.4772 ZSL: unseen accuracy=0.4740
[99/300]  Loss_D: -9.4937 Loss_G: 25.5419, Wasserstein_dist:11.8299, vae_loss_seen:299.0432 GZSL: seen=0.6825, unseen=0.4219, h=0.5214 ZSL: unseen accuracy=0.5260
[100/300]  Loss_D: -10.7224 Loss_G: 24.6778, Wasserstein_dist:13.7724, vae_loss_seen:287.8536 GZSL: seen=0.7235, unseen=0.4948, h=0.5877 ZSL: unseen accuracy=0.4635
[101/300]  Loss_D: -9.2416 Loss_G: 26.4873, Wasserstein_dist:11.9684, vae_loss_seen:295.8204 GZSL: seen=0.7183, unseen=0.4062, h=0.5190 ZSL: unseen accuracy=0.5104
[102/300]  Loss_D: -9.9753 Loss_G: 26.0332, Wasserstein_dist:12.4690, vae_loss_seen:295.6158 GZSL: seen=0.6468, unseen=0.4948, h=0.5607 ZSL: unseen accuracy=0.4896
[103/300]  Loss_D: -9.4323 Loss_G: 26.2273, Wasserstein_dist:12.8133, vae_loss_seen:296.5926 GZSL: seen=0.6916, unseen=0.4844, h=0.5697 ZSL: unseen accuracy=0.4792
[104/300]  Loss_D: -9.7275 Loss_G: 26.5259, Wasserstein_dist:12.4059, vae_loss_seen:293.4962 GZSL: seen=0.6746, unseen=0.4427, h=0.5346 ZSL: unseen accuracy=0.4844
[105/300]  Loss_D: -12.9014 Loss_G: 26.5613, Wasserstein_dist:15.7851, vae_loss_seen:293.1059 GZSL: seen=0.8452, unseen=0.3073, h=0.4507 ZSL: unseen accuracy=0.4896
[106/300]  Loss_D: -9.9379 Loss_G: 26.8806, Wasserstein_dist:13.4162, vae_loss_seen:294.7961 GZSL: seen=0.7539, unseen=0.4896, h=0.5937 ZSL: unseen accuracy=0.4896
[107/300]  Loss_D: -10.6829 Loss_G: 26.3604, Wasserstein_dist:13.5725, vae_loss_seen:295.8385 GZSL: seen=0.7821, unseen=0.4531, h=0.5738 ZSL: unseen accuracy=0.5052
[108/300]  Loss_D: -10.5273 Loss_G: 26.2499, Wasserstein_dist:13.6878, vae_loss_seen:298.5923 GZSL: seen=0.6786, unseen=0.5000, h=0.5758 ZSL: unseen accuracy=0.5312
[109/300]  Loss_D: -8.4701 Loss_G: 26.7225, Wasserstein_dist:11.5157, vae_loss_seen:290.5411 GZSL: seen=0.6916, unseen=0.4688, h=0.5588 ZSL: unseen accuracy=0.5000
[110/300]  Loss_D: -11.2108 Loss_G: 26.5237, Wasserstein_dist:14.5823, vae_loss_seen:287.5507 GZSL: seen=0.8690, unseen=0.3021, h=0.4483 ZSL: unseen accuracy=0.4896
[111/300]  Loss_D: -10.2843 Loss_G: 26.2213, Wasserstein_dist:13.0934, vae_loss_seen:298.2260 GZSL: seen=0.6574, unseen=0.4792, h=0.5543 ZSL: unseen accuracy=0.4948
[112/300]  Loss_D: -9.4635 Loss_G: 26.4342, Wasserstein_dist:12.5204, vae_loss_seen:288.2346 GZSL: seen=0.6905, unseen=0.4479, h=0.5434 ZSL: unseen accuracy=0.5260
[113/300]  Loss_D: -9.1862 Loss_G: 25.8170, Wasserstein_dist:12.1064, vae_loss_seen:287.6183 GZSL: seen=0.7802, unseen=0.4740, h=0.5897 ZSL: unseen accuracy=0.4792
[114/300]  Loss_D: -10.0568 Loss_G: 25.5190, Wasserstein_dist:12.9608, vae_loss_seen:292.6216 GZSL: seen=0.8170, unseen=0.3021, h=0.4411 ZSL: unseen accuracy=0.5104
[115/300]  Loss_D: -11.0878 Loss_G: 26.0670, Wasserstein_dist:14.1726, vae_loss_seen:290.4587 GZSL: seen=0.7004, unseen=0.3229, h=0.4420 ZSL: unseen accuracy=0.4688
[116/300]  Loss_D: -8.1173 Loss_G: 26.2162, Wasserstein_dist:11.2035, vae_loss_seen:295.7711 GZSL: seen=0.6905, unseen=0.4323, h=0.5317 ZSL: unseen accuracy=0.5208
[117/300]  Loss_D: -10.6722 Loss_G: 26.3124, Wasserstein_dist:13.7375, vae_loss_seen:295.1634 GZSL: seen=0.6825, unseen=0.4531, h=0.5447 ZSL: unseen accuracy=0.5000
[118/300]  Loss_D: -9.8674 Loss_G: 26.2411, Wasserstein_dist:12.7250, vae_loss_seen:288.0173 GZSL: seen=0.7480, unseen=0.4010, h=0.5221 ZSL: unseen accuracy=0.3698
[119/300]  Loss_D: -9.7357 Loss_G: 26.0809, Wasserstein_dist:12.7003, vae_loss_seen:299.6206 GZSL: seen=0.6627, unseen=0.4688, h=0.5491 ZSL: unseen accuracy=0.4896
[120/300]  Loss_D: -9.4553 Loss_G: 27.3555, Wasserstein_dist:12.8024, vae_loss_seen:284.7411 GZSL: seen=0.6916, unseen=0.3750, h=0.4863 ZSL: unseen accuracy=0.4896
[121/300]  Loss_D: -9.7845 Loss_G: 25.7895, Wasserstein_dist:12.7005, vae_loss_seen:292.9684 GZSL: seen=0.7619, unseen=0.4844, h=0.5922 ZSL: unseen accuracy=0.4844
[122/300]  Loss_D: -9.1318 Loss_G: 25.7747, Wasserstein_dist:11.6179, vae_loss_seen:292.3871 GZSL: seen=0.6468, unseen=0.4740, h=0.5471 ZSL: unseen accuracy=0.4792
[123/300]  Loss_D: -9.2359 Loss_G: 25.9635, Wasserstein_dist:12.3060, vae_loss_seen:296.2178 GZSL: seen=0.7874, unseen=0.4896, h=0.6038 ZSL: unseen accuracy=0.4948
[124/300]  Loss_D: -8.8736 Loss_G: 25.4448, Wasserstein_dist:11.5437, vae_loss_seen:291.0297 GZSL: seen=0.8512, unseen=0.2500, h=0.3865 ZSL: unseen accuracy=0.4115
[125/300]  Loss_D: -8.7768 Loss_G: 26.3860, Wasserstein_dist:11.5092, vae_loss_seen:283.2144 GZSL: seen=0.7205, unseen=0.4740, h=0.5718 ZSL: unseen accuracy=0.4740
[126/300]  Loss_D: -7.8678 Loss_G: 26.1142, Wasserstein_dist:10.9596, vae_loss_seen:285.4421 GZSL: seen=0.7416, unseen=0.3594, h=0.4841 ZSL: unseen accuracy=0.4375
[127/300]  Loss_D: -9.1064 Loss_G: 25.1330, Wasserstein_dist:12.3606, vae_loss_seen:286.4134 GZSL: seen=0.6905, unseen=0.4792, h=0.5657 ZSL: unseen accuracy=0.4531
[128/300]  Loss_D: -9.6256 Loss_G: 25.6602, Wasserstein_dist:12.3222, vae_loss_seen:290.4500 GZSL: seen=0.7531, unseen=0.4948, h=0.5972 ZSL: unseen accuracy=0.5104
[129/300]  Loss_D: -10.1965 Loss_G: 24.8242, Wasserstein_dist:12.9190, vae_loss_seen:285.7766 GZSL: seen=0.6488, unseen=0.4792, h=0.5512 ZSL: unseen accuracy=0.5156
[130/300]  Loss_D: -11.0691 Loss_G: 26.0847, Wasserstein_dist:14.0195, vae_loss_seen:296.7766 GZSL: seen=0.7183, unseen=0.4583, h=0.5596 ZSL: unseen accuracy=0.5104
[131/300]  Loss_D: -9.1604 Loss_G: 25.9882, Wasserstein_dist:11.6419, vae_loss_seen:287.5017 GZSL: seen=0.8492, unseen=0.3021, h=0.4456 ZSL: unseen accuracy=0.4635
[132/300]  Loss_D: -8.8334 Loss_G: 25.7004, Wasserstein_dist:12.1654, vae_loss_seen:293.8813 GZSL: seen=0.7359, unseen=0.3802, h=0.5014 ZSL: unseen accuracy=0.5312
[133/300]  Loss_D: -10.1230 Loss_G: 24.2680, Wasserstein_dist:12.9467, vae_loss_seen:301.9091 GZSL: seen=0.7472, unseen=0.4688, h=0.5761 ZSL: unseen accuracy=0.4583
[134/300]  Loss_D: -9.3234 Loss_G: 24.5615, Wasserstein_dist:12.3051, vae_loss_seen:291.2549 GZSL: seen=0.7452, unseen=0.5000, h=0.5985 ZSL: unseen accuracy=0.5000
[135/300]  Loss_D: -8.8666 Loss_G: 24.2968, Wasserstein_dist:11.1981, vae_loss_seen:285.4084 GZSL: seen=0.8591, unseen=0.3490, h=0.4963 ZSL: unseen accuracy=0.5156
[136/300]  Loss_D: -8.9016 Loss_G: 24.2342, Wasserstein_dist:11.7276, vae_loss_seen:285.8952 GZSL: seen=0.7540, unseen=0.4688, h=0.5781 ZSL: unseen accuracy=0.4948
[137/300]  Loss_D: -8.3008 Loss_G: 24.1443, Wasserstein_dist:10.5684, vae_loss_seen:290.9727 GZSL: seen=0.6508, unseen=0.4271, h=0.5157 ZSL: unseen accuracy=0.4740
[138/300]  Loss_D: -9.4885 Loss_G: 23.7304, Wasserstein_dist:12.3329, vae_loss_seen:290.2479 GZSL: seen=0.6720, unseen=0.4688, h=0.5523 ZSL: unseen accuracy=0.5052
[139/300]  Loss_D: -9.2682 Loss_G: 25.0724, Wasserstein_dist:11.9192, vae_loss_seen:287.2667 GZSL: seen=0.7183, unseen=0.4479, h=0.5518 ZSL: unseen accuracy=0.5052
[140/300]  Loss_D: -8.6171 Loss_G: 23.5636, Wasserstein_dist:11.0561, vae_loss_seen:280.7247 GZSL: seen=0.6757, unseen=0.4375, h=0.5311 ZSL: unseen accuracy=0.5052
[141/300]  Loss_D: -8.3823 Loss_G: 24.3829, Wasserstein_dist:10.5204, vae_loss_seen:295.2221 GZSL: seen=0.7632, unseen=0.5104, h=0.6117 ZSL: unseen accuracy=0.4740
[142/300]  Loss_D: -8.1868 Loss_G: 26.4031, Wasserstein_dist:10.8442, vae_loss_seen:292.8450 GZSL: seen=0.7253, unseen=0.3542, h=0.4759 ZSL: unseen accuracy=0.4479
[143/300]  Loss_D: -9.3001 Loss_G: 24.8294, Wasserstein_dist:11.9115, vae_loss_seen:291.8736 GZSL: seen=0.7778, unseen=0.4375, h=0.5600 ZSL: unseen accuracy=0.4948
[144/300]  Loss_D: -8.2437 Loss_G: 23.5015, Wasserstein_dist:10.7595, vae_loss_seen:286.1290 GZSL: seen=0.8214, unseen=0.4740, h=0.6011 ZSL: unseen accuracy=0.5260
[145/300]  Loss_D: -8.7993 Loss_G: 24.1723, Wasserstein_dist:11.3425, vae_loss_seen:286.3856 GZSL: seen=0.7434, unseen=0.3594, h=0.4845 ZSL: unseen accuracy=0.4792
[146/300]  Loss_D: -8.1895 Loss_G: 25.5003, Wasserstein_dist:10.7848, vae_loss_seen:285.4589 GZSL: seen=0.6528, unseen=0.4479, h=0.5313 ZSL: unseen accuracy=0.3802
[147/300]  Loss_D: -10.2289 Loss_G: 23.7073, Wasserstein_dist:13.1996, vae_loss_seen:291.0792 GZSL: seen=0.7659, unseen=0.4219, h=0.5441 ZSL: unseen accuracy=0.4792
[148/300]  Loss_D: -9.2097 Loss_G: 24.1513, Wasserstein_dist:11.7249, vae_loss_seen:291.1995 GZSL: seen=0.7516, unseen=0.3281, h=0.4568 ZSL: unseen accuracy=0.4740
[149/300]  Loss_D: -7.6491 Loss_G: 23.7460, Wasserstein_dist:9.8703, vae_loss_seen:293.4984 GZSL: seen=0.8373, unseen=0.2917, h=0.4326 ZSL: unseen accuracy=0.5000
[150/300]  Loss_D: -7.6129 Loss_G: 24.1982, Wasserstein_dist:10.4415, vae_loss_seen:286.0354 GZSL: seen=0.7529, unseen=0.4948, h=0.5972 ZSL: unseen accuracy=0.5052
[151/300]  Loss_D: -7.6330 Loss_G: 23.1450, Wasserstein_dist:10.1595, vae_loss_seen:279.5354 GZSL: seen=0.7802, unseen=0.4844, h=0.5977 ZSL: unseen accuracy=0.4896
[152/300]  Loss_D: -9.0439 Loss_G: 22.5417, Wasserstein_dist:11.6305, vae_loss_seen:283.7901 GZSL: seen=0.7337, unseen=0.4948, h=0.5910 ZSL: unseen accuracy=0.4375
[153/300]  Loss_D: -9.3484 Loss_G: 25.4839, Wasserstein_dist:12.4478, vae_loss_seen:297.6983 GZSL: seen=0.6825, unseen=0.4896, h=0.5702 ZSL: unseen accuracy=0.4792
[154/300]  Loss_D: -8.6904 Loss_G: 24.3609, Wasserstein_dist:11.8478, vae_loss_seen:301.1702 GZSL: seen=0.7579, unseen=0.4583, h=0.5712 ZSL: unseen accuracy=0.4219
[155/300]  Loss_D: -9.2927 Loss_G: 23.4772, Wasserstein_dist:12.0667, vae_loss_seen:284.4022 GZSL: seen=0.6885, unseen=0.4948, h=0.5758 ZSL: unseen accuracy=0.4948
[156/300]  Loss_D: -10.0494 Loss_G: 22.9281, Wasserstein_dist:12.7875, vae_loss_seen:292.1433 GZSL: seen=0.7659, unseen=0.4531, h=0.5694 ZSL: unseen accuracy=0.5156
[157/300]  Loss_D: -9.0048 Loss_G: 22.5647, Wasserstein_dist:11.8664, vae_loss_seen:286.8282 GZSL: seen=0.7950, unseen=0.4010, h=0.5331 ZSL: unseen accuracy=0.4688
[158/300]  Loss_D: -9.1354 Loss_G: 24.4186, Wasserstein_dist:11.9815, vae_loss_seen:287.1935 GZSL: seen=0.6944, unseen=0.5052, h=0.5849 ZSL: unseen accuracy=0.5208
[159/300]  Loss_D: -9.3063 Loss_G: 23.6095, Wasserstein_dist:11.5615, vae_loss_seen:288.3870 GZSL: seen=0.6984, unseen=0.3385, h=0.4560 ZSL: unseen accuracy=0.4531
[160/300]  Loss_D: -9.2831 Loss_G: 22.7291, Wasserstein_dist:12.2621, vae_loss_seen:287.0213 GZSL: seen=0.7202, unseen=0.3021, h=0.4256 ZSL: unseen accuracy=0.4844
[161/300]  Loss_D: -9.0455 Loss_G: 21.9480, Wasserstein_dist:11.8354, vae_loss_seen:286.4269 GZSL: seen=0.7325, unseen=0.4688, h=0.5717 ZSL: unseen accuracy=0.5104
[162/300]  Loss_D: -7.4787 Loss_G: 22.7183, Wasserstein_dist:9.8895, vae_loss_seen:285.4950 GZSL: seen=0.8155, unseen=0.4635, h=0.5911 ZSL: unseen accuracy=0.5052
[163/300]  Loss_D: -7.6774 Loss_G: 22.4068, Wasserstein_dist:10.5642, vae_loss_seen:284.9124 GZSL: seen=0.7434, unseen=0.4688, h=0.5750 ZSL: unseen accuracy=0.5052
[164/300]  Loss_D: -8.1250 Loss_G: 22.9723, Wasserstein_dist:10.5821, vae_loss_seen:278.3963 GZSL: seen=0.7394, unseen=0.4115, h=0.5287 ZSL: unseen accuracy=0.3906
[165/300]  Loss_D: -7.7833 Loss_G: 22.8633, Wasserstein_dist:10.1256, vae_loss_seen:286.4694 GZSL: seen=0.7398, unseen=0.4635, h=0.5700 ZSL: unseen accuracy=0.4948
[166/300]  Loss_D: -8.3266 Loss_G: 21.4894, Wasserstein_dist:10.9102, vae_loss_seen:282.3685 GZSL: seen=0.7361, unseen=0.4740, h=0.5766 ZSL: unseen accuracy=0.4948
[167/300]  Loss_D: -8.7036 Loss_G: 21.6277, Wasserstein_dist:11.7340, vae_loss_seen:290.6189 GZSL: seen=0.8413, unseen=0.4688, h=0.6020 ZSL: unseen accuracy=0.4896
[168/300]  Loss_D: -9.4604 Loss_G: 21.8077, Wasserstein_dist:13.3996, vae_loss_seen:290.5216 GZSL: seen=0.8036, unseen=0.3646, h=0.5016 ZSL: unseen accuracy=0.4479
[169/300]  Loss_D: -9.7833 Loss_G: 21.0148, Wasserstein_dist:12.2023, vae_loss_seen:286.2665 GZSL: seen=0.7013, unseen=0.4948, h=0.5802 ZSL: unseen accuracy=0.5104
[170/300]  Loss_D: -8.9264 Loss_G: 20.9570, Wasserstein_dist:12.0128, vae_loss_seen:287.5653 GZSL: seen=0.8333, unseen=0.4844, h=0.6126 ZSL: unseen accuracy=0.4948
[171/300]  Loss_D: -7.5993 Loss_G: 22.1006, Wasserstein_dist:10.1255, vae_loss_seen:280.1237 GZSL: seen=0.6958, unseen=0.4688, h=0.5601 ZSL: unseen accuracy=0.4896
[172/300]  Loss_D: -7.8701 Loss_G: 22.2627, Wasserstein_dist:11.0039, vae_loss_seen:282.8342 GZSL: seen=0.6958, unseen=0.4635, h=0.5564 ZSL: unseen accuracy=0.5000
[173/300]  Loss_D: -7.8351 Loss_G: 22.5642, Wasserstein_dist:10.1447, vae_loss_seen:287.7676 GZSL: seen=0.7123, unseen=0.5208, h=0.6017 ZSL: unseen accuracy=0.5104
[174/300]  Loss_D: -6.2944 Loss_G: 21.5202, Wasserstein_dist:9.1828, vae_loss_seen:280.7864 GZSL: seen=0.7321, unseen=0.4792, h=0.5792 ZSL: unseen accuracy=0.5000
[175/300]  Loss_D: -6.9254 Loss_G: 20.6572, Wasserstein_dist:9.9149, vae_loss_seen:278.7535 GZSL: seen=0.7718, unseen=0.4844, h=0.5952 ZSL: unseen accuracy=0.4635
[176/300]  Loss_D: -7.8560 Loss_G: 20.4204, Wasserstein_dist:10.4933, vae_loss_seen:284.9283 GZSL: seen=0.7055, unseen=0.5000, h=0.5852 ZSL: unseen accuracy=0.5000
[177/300]  Loss_D: -7.5520 Loss_G: 20.5010, Wasserstein_dist:9.6235, vae_loss_seen:280.0356 GZSL: seen=0.7119, unseen=0.5000, h=0.5874 ZSL: unseen accuracy=0.4740
[178/300]  Loss_D: -6.9826 Loss_G: 20.4615, Wasserstein_dist:9.2041, vae_loss_seen:281.8310 GZSL: seen=0.7183, unseen=0.4844, h=0.5786 ZSL: unseen accuracy=0.4948
[179/300]  Loss_D: -7.4923 Loss_G: 21.4107, Wasserstein_dist:10.1760, vae_loss_seen:288.3724 GZSL: seen=0.8433, unseen=0.4792, h=0.6111 ZSL: unseen accuracy=0.5052
[180/300]  Loss_D: -9.6934 Loss_G: 20.2317, Wasserstein_dist:11.8793, vae_loss_seen:286.5142 GZSL: seen=0.6944, unseen=0.4271, h=0.5289 ZSL: unseen accuracy=0.5104
[181/300]  Loss_D: -7.8534 Loss_G: 20.5604, Wasserstein_dist:10.5827, vae_loss_seen:288.7597 GZSL: seen=0.8135, unseen=0.4896, h=0.6113 ZSL: unseen accuracy=0.5000
[182/300]  Loss_D: -6.8257 Loss_G: 20.4009, Wasserstein_dist:9.1636, vae_loss_seen:287.8264 GZSL: seen=0.6896, unseen=0.4844, h=0.5691 ZSL: unseen accuracy=0.4948
[183/300]  Loss_D: -6.8004 Loss_G: 19.5033, Wasserstein_dist:9.0523, vae_loss_seen:281.9697 GZSL: seen=0.7063, unseen=0.4844, h=0.5747 ZSL: unseen accuracy=0.5104
[184/300]  Loss_D: -8.7781 Loss_G: 19.8541, Wasserstein_dist:11.4954, vae_loss_seen:285.4609 GZSL: seen=0.7222, unseen=0.4844, h=0.5799 ZSL: unseen accuracy=0.5156
[185/300]  Loss_D: -7.5694 Loss_G: 20.5834, Wasserstein_dist:9.8890, vae_loss_seen:285.5765 GZSL: seen=0.7143, unseen=0.3698, h=0.4873 ZSL: unseen accuracy=0.5052
[186/300]  Loss_D: -10.0165 Loss_G: 18.5320, Wasserstein_dist:12.5373, vae_loss_seen:284.9725 GZSL: seen=0.6954, unseen=0.4896, h=0.5746 ZSL: unseen accuracy=0.5156
[187/300]  Loss_D: -8.1666 Loss_G: 18.9454, Wasserstein_dist:10.1784, vae_loss_seen:274.7803 GZSL: seen=0.7425, unseen=0.4792, h=0.5824 ZSL: unseen accuracy=0.5052
[188/300]  Loss_D: -8.4391 Loss_G: 19.2070, Wasserstein_dist:11.0918, vae_loss_seen:280.0215 GZSL: seen=0.7659, unseen=0.4688, h=0.5816 ZSL: unseen accuracy=0.5208
[189/300]  Loss_D: -9.2873 Loss_G: 19.8454, Wasserstein_dist:11.5579, vae_loss_seen:288.8240 GZSL: seen=0.7888, unseen=0.4688, h=0.5881 ZSL: unseen accuracy=0.5156
[190/300]  Loss_D: -7.4985 Loss_G: 19.2098, Wasserstein_dist:9.8361, vae_loss_seen:278.8432 GZSL: seen=0.7421, unseen=0.5260, h=0.6157 ZSL: unseen accuracy=0.4688
[191/300]  Loss_D: -8.0539 Loss_G: 19.4498, Wasserstein_dist:10.4108, vae_loss_seen:276.0892 GZSL: seen=0.6933, unseen=0.4688, h=0.5593 ZSL: unseen accuracy=0.5000
[192/300]  Loss_D: -7.0463 Loss_G: 18.3328, Wasserstein_dist:9.3693, vae_loss_seen:277.4942 GZSL: seen=0.7468, unseen=0.4688, h=0.5760 ZSL: unseen accuracy=0.4010
[193/300]  Loss_D: -7.5246 Loss_G: 18.4824, Wasserstein_dist:10.0712, vae_loss_seen:271.9475 GZSL: seen=0.6944, unseen=0.3958, h=0.5042 ZSL: unseen accuracy=0.5052
[194/300]  Loss_D: -8.7603 Loss_G: 18.8630, Wasserstein_dist:11.1583, vae_loss_seen:278.1625 GZSL: seen=0.7421, unseen=0.3490, h=0.4747 ZSL: unseen accuracy=0.5156
[195/300]  Loss_D: -8.8629 Loss_G: 19.1145, Wasserstein_dist:11.7932, vae_loss_seen:281.7705 GZSL: seen=0.8016, unseen=0.5052, h=0.6198 ZSL: unseen accuracy=0.5000
[196/300]  Loss_D: -8.5338 Loss_G: 17.8147, Wasserstein_dist:11.0033, vae_loss_seen:280.5093 GZSL: seen=0.6779, unseen=0.4688, h=0.5543 ZSL: unseen accuracy=0.5000
[197/300]  Loss_D: -7.7718 Loss_G: 18.2976, Wasserstein_dist:10.1310, vae_loss_seen:276.6511 GZSL: seen=0.7111, unseen=0.5000, h=0.5872 ZSL: unseen accuracy=0.5156
[198/300]  Loss_D: -8.5242 Loss_G: 18.5413, Wasserstein_dist:11.0231, vae_loss_seen:280.9599 GZSL: seen=0.6916, unseen=0.3490, h=0.4639 ZSL: unseen accuracy=0.5104
[199/300]  Loss_D: -7.6357 Loss_G: 19.6362, Wasserstein_dist:10.0806, vae_loss_seen:280.6094 GZSL: seen=0.7599, unseen=0.4844, h=0.5916 ZSL: unseen accuracy=0.5104
[200/300]  Loss_D: -8.5489 Loss_G: 18.6872, Wasserstein_dist:11.0829, vae_loss_seen:280.5681 GZSL: seen=0.8107, unseen=0.4844, h=0.6064 ZSL: unseen accuracy=0.5104
[201/300]  Loss_D: -7.1426 Loss_G: 18.5663, Wasserstein_dist:9.5189, vae_loss_seen:272.3584 GZSL: seen=0.8353, unseen=0.4427, h=0.5787 ZSL: unseen accuracy=0.5052
[202/300]  Loss_D: -8.1769 Loss_G: 18.5599, Wasserstein_dist:10.8303, vae_loss_seen:281.2399 GZSL: seen=0.7262, unseen=0.4688, h=0.5697 ZSL: unseen accuracy=0.5000
[203/300]  Loss_D: -7.7005 Loss_G: 18.7018, Wasserstein_dist:9.8662, vae_loss_seen:275.9777 GZSL: seen=0.7440, unseen=0.4740, h=0.5791 ZSL: unseen accuracy=0.4948
[204/300]  Loss_D: -6.3621 Loss_G: 18.3079, Wasserstein_dist:8.5746, vae_loss_seen:285.7189 GZSL: seen=0.7940, unseen=0.4844, h=0.6017 ZSL: unseen accuracy=0.5000
[205/300]  Loss_D: -7.1454 Loss_G: 18.4300, Wasserstein_dist:9.5079, vae_loss_seen:283.9825 GZSL: seen=0.7183, unseen=0.4740, h=0.5711 ZSL: unseen accuracy=0.5104
[206/300]  Loss_D: -8.1922 Loss_G: 17.8731, Wasserstein_dist:10.6569, vae_loss_seen:293.0959 GZSL: seen=0.7560, unseen=0.4740, h=0.5826 ZSL: unseen accuracy=0.5156
[207/300]  Loss_D: -6.5632 Loss_G: 16.5690, Wasserstein_dist:8.7889, vae_loss_seen:274.2099 GZSL: seen=0.7163, unseen=0.4844, h=0.5779 ZSL: unseen accuracy=0.5156
[208/300]  Loss_D: -8.1773 Loss_G: 16.8521, Wasserstein_dist:10.3494, vae_loss_seen:270.4240 GZSL: seen=0.8175, unseen=0.4792, h=0.6042 ZSL: unseen accuracy=0.5104
[209/300]  Loss_D: -7.8102 Loss_G: 18.3523, Wasserstein_dist:10.1751, vae_loss_seen:275.5164 GZSL: seen=0.7183, unseen=0.5052, h=0.5932 ZSL: unseen accuracy=0.5156
[210/300]  Loss_D: -8.4726 Loss_G: 17.1407, Wasserstein_dist:11.0793, vae_loss_seen:270.8280 GZSL: seen=0.8179, unseen=0.4167, h=0.5521 ZSL: unseen accuracy=0.5208
[211/300]  Loss_D: -8.1400 Loss_G: 16.0814, Wasserstein_dist:11.5994, vae_loss_seen:272.2230 GZSL: seen=0.7198, unseen=0.4844, h=0.5791 ZSL: unseen accuracy=0.5000
[212/300]  Loss_D: -7.4027 Loss_G: 15.3644, Wasserstein_dist:9.4662, vae_loss_seen:281.5380 GZSL: seen=0.7345, unseen=0.4792, h=0.5800 ZSL: unseen accuracy=0.5208
[213/300]  Loss_D: -7.7410 Loss_G: 16.3863, Wasserstein_dist:10.0832, vae_loss_seen:267.7200 GZSL: seen=0.7857, unseen=0.4583, h=0.5789 ZSL: unseen accuracy=0.5260
[214/300]  Loss_D: -7.4642 Loss_G: 16.2553, Wasserstein_dist:10.1650, vae_loss_seen:280.3277 GZSL: seen=0.6984, unseen=0.4844, h=0.5720 ZSL: unseen accuracy=0.5156
[215/300]  Loss_D: -7.4345 Loss_G: 15.9269, Wasserstein_dist:9.7723, vae_loss_seen:277.0094 GZSL: seen=0.7116, unseen=0.4688, h=0.5652 ZSL: unseen accuracy=0.5104
[216/300]  Loss_D: -6.6523 Loss_G: 16.6365, Wasserstein_dist:8.8852, vae_loss_seen:272.9032 GZSL: seen=0.7325, unseen=0.4844, h=0.5832 ZSL: unseen accuracy=0.5260
[217/300]  Loss_D: -6.1469 Loss_G: 16.6713, Wasserstein_dist:7.9840, vae_loss_seen:279.5191 GZSL: seen=0.7599, unseen=0.4375, h=0.5553 ZSL: unseen accuracy=0.5104
[218/300]  Loss_D: -6.0002 Loss_G: 18.7909, Wasserstein_dist:8.6561, vae_loss_seen:279.4257 GZSL: seen=0.7103, unseen=0.4896, h=0.5796 ZSL: unseen accuracy=0.4948
[219/300]  Loss_D: -7.8253 Loss_G: 18.0055, Wasserstein_dist:10.4736, vae_loss_seen:280.3805 GZSL: seen=0.6905, unseen=0.4792, h=0.5657 ZSL: unseen accuracy=0.5104
[220/300]  Loss_D: -6.7220 Loss_G: 17.9219, Wasserstein_dist:8.9496, vae_loss_seen:272.5139 GZSL: seen=0.7480, unseen=0.3958, h=0.5177 ZSL: unseen accuracy=0.5052
[221/300]  Loss_D: -6.7177 Loss_G: 15.7865, Wasserstein_dist:8.5095, vae_loss_seen:273.5407 GZSL: seen=0.8016, unseen=0.4688, h=0.5916 ZSL: unseen accuracy=0.5052
[222/300]  Loss_D: -7.4124 Loss_G: 16.0567, Wasserstein_dist:9.5833, vae_loss_seen:274.2336 GZSL: seen=0.7643, unseen=0.4583, h=0.5730 ZSL: unseen accuracy=0.5000
[223/300]  Loss_D: -7.1240 Loss_G: 16.3493, Wasserstein_dist:9.2799, vae_loss_seen:278.6839 GZSL: seen=0.7262, unseen=0.4375, h=0.5460 ZSL: unseen accuracy=0.5052
[224/300]  Loss_D: -6.2887 Loss_G: 16.0902, Wasserstein_dist:8.3076, vae_loss_seen:267.7887 GZSL: seen=0.7440, unseen=0.4062, h=0.5255 ZSL: unseen accuracy=0.5052
[225/300]  Loss_D: -6.3637 Loss_G: 16.3461, Wasserstein_dist:8.4482, vae_loss_seen:273.7058 GZSL: seen=0.7103, unseen=0.4740, h=0.5686 ZSL: unseen accuracy=0.5000
[226/300]  Loss_D: -6.8450 Loss_G: 15.9848, Wasserstein_dist:8.9735, vae_loss_seen:275.5679 GZSL: seen=0.7452, unseen=0.4948, h=0.5947 ZSL: unseen accuracy=0.5156
[227/300]  Loss_D: -5.9570 Loss_G: 16.4201, Wasserstein_dist:8.1921, vae_loss_seen:277.8355 GZSL: seen=0.7381, unseen=0.4427, h=0.5535 ZSL: unseen accuracy=0.5052
[228/300]  Loss_D: -8.6272 Loss_G: 18.1235, Wasserstein_dist:11.1045, vae_loss_seen:288.9304 GZSL: seen=0.7738, unseen=0.4427, h=0.5632 ZSL: unseen accuracy=0.5104
[229/300]  Loss_D: -9.0856 Loss_G: 16.1985, Wasserstein_dist:11.3766, vae_loss_seen:280.3700 GZSL: seen=0.7337, unseen=0.4792, h=0.5797 ZSL: unseen accuracy=0.5104
[230/300]  Loss_D: -6.8505 Loss_G: 16.3474, Wasserstein_dist:8.9688, vae_loss_seen:273.1864 GZSL: seen=0.7361, unseen=0.5260, h=0.6136 ZSL: unseen accuracy=0.5000
[231/300]  Loss_D: -6.5082 Loss_G: 16.6335, Wasserstein_dist:9.0824, vae_loss_seen:274.0345 GZSL: seen=0.7302, unseen=0.4531, h=0.5592 ZSL: unseen accuracy=0.5000
[232/300]  Loss_D: -7.5063 Loss_G: 16.6481, Wasserstein_dist:10.4061, vae_loss_seen:279.8517 GZSL: seen=0.7123, unseen=0.4792, h=0.5729 ZSL: unseen accuracy=0.5156
[233/300]  Loss_D: -7.5891 Loss_G: 18.5268, Wasserstein_dist:10.3654, vae_loss_seen:282.8643 GZSL: seen=0.7341, unseen=0.4844, h=0.5837 ZSL: unseen accuracy=0.5260
[234/300]  Loss_D: -7.2202 Loss_G: 17.3064, Wasserstein_dist:9.1187, vae_loss_seen:273.1136 GZSL: seen=0.7500, unseen=0.4844, h=0.5886 ZSL: unseen accuracy=0.5104
[235/300]  Loss_D: -8.4379 Loss_G: 15.7216, Wasserstein_dist:10.5975, vae_loss_seen:278.6498 GZSL: seen=0.7868, unseen=0.4792, h=0.5956 ZSL: unseen accuracy=0.5000
[236/300]  Loss_D: -6.7133 Loss_G: 16.1272, Wasserstein_dist:9.1649, vae_loss_seen:272.2401 GZSL: seen=0.6770, unseen=0.4844, h=0.5647 ZSL: unseen accuracy=0.5052
[237/300]  Loss_D: -6.6235 Loss_G: 14.4956, Wasserstein_dist:8.5227, vae_loss_seen:267.7856 GZSL: seen=0.6837, unseen=0.4583, h=0.5488 ZSL: unseen accuracy=0.5000
[238/300]  Loss_D: -7.3815 Loss_G: 15.2255, Wasserstein_dist:9.8697, vae_loss_seen:271.9491 GZSL: seen=0.8155, unseen=0.2917, h=0.4297 ZSL: unseen accuracy=0.5104
[239/300]  Loss_D: -6.3466 Loss_G: 15.8288, Wasserstein_dist:8.2309, vae_loss_seen:272.5241 GZSL: seen=0.7817, unseen=0.4896, h=0.6021 ZSL: unseen accuracy=0.5312
[240/300]  Loss_D: -6.3628 Loss_G: 14.7323, Wasserstein_dist:8.4206, vae_loss_seen:275.7806 GZSL: seen=0.7778, unseen=0.4844, h=0.5970 ZSL: unseen accuracy=0.5365
[241/300]  Loss_D: -6.9450 Loss_G: 15.1672, Wasserstein_dist:9.3847, vae_loss_seen:279.6094 GZSL: seen=0.6944, unseen=0.4896, h=0.5743 ZSL: unseen accuracy=0.5104
[242/300]  Loss_D: -6.7754 Loss_G: 14.9555, Wasserstein_dist:8.8969, vae_loss_seen:272.8752 GZSL: seen=0.7460, unseen=0.4479, h=0.5598 ZSL: unseen accuracy=0.4896
[243/300]  Loss_D: -7.7305 Loss_G: 15.7878, Wasserstein_dist:9.8973, vae_loss_seen:272.4722 GZSL: seen=0.7754, unseen=0.5000, h=0.6080 ZSL: unseen accuracy=0.5052
[244/300]  Loss_D: -6.7413 Loss_G: 14.2592, Wasserstein_dist:8.6671, vae_loss_seen:265.7092 GZSL: seen=0.8099, unseen=0.4427, h=0.5725 ZSL: unseen accuracy=0.5312
[245/300]  Loss_D: -7.3025 Loss_G: 18.5490, Wasserstein_dist:9.6365, vae_loss_seen:278.2155 GZSL: seen=0.7480, unseen=0.4896, h=0.5918 ZSL: unseen accuracy=0.5312
[246/300]  Loss_D: -8.3435 Loss_G: 13.6587, Wasserstein_dist:11.2275, vae_loss_seen:280.7216 GZSL: seen=0.6859, unseen=0.4896, h=0.5714 ZSL: unseen accuracy=0.4896
[247/300]  Loss_D: -6.9777 Loss_G: 14.7236, Wasserstein_dist:9.0286, vae_loss_seen:271.8557 GZSL: seen=0.6852, unseen=0.4375, h=0.5340 ZSL: unseen accuracy=0.5052
[248/300]  Loss_D: -6.0315 Loss_G: 14.7109, Wasserstein_dist:8.1414, vae_loss_seen:270.7460 GZSL: seen=0.6786, unseen=0.4583, h=0.5471 ZSL: unseen accuracy=0.5104
[249/300]  Loss_D: -6.9487 Loss_G: 16.7463, Wasserstein_dist:9.4222, vae_loss_seen:273.8783 GZSL: seen=0.7659, unseen=0.4896, h=0.5973 ZSL: unseen accuracy=0.5156
[250/300]  Loss_D: -7.7930 Loss_G: 13.5005, Wasserstein_dist:10.1777, vae_loss_seen:274.7416 GZSL: seen=0.6909, unseen=0.4740, h=0.5622 ZSL: unseen accuracy=0.5052
[251/300]  Loss_D: -7.1857 Loss_G: 15.1671, Wasserstein_dist:9.4886, vae_loss_seen:271.0079 GZSL: seen=0.6933, unseen=0.4896, h=0.5739 ZSL: unseen accuracy=0.5104
[252/300]  Loss_D: -6.3152 Loss_G: 15.5906, Wasserstein_dist:8.4154, vae_loss_seen:263.8512 GZSL: seen=0.7659, unseen=0.5052, h=0.6088 ZSL: unseen accuracy=0.5052
[253/300]  Loss_D: -6.7179 Loss_G: 14.0500, Wasserstein_dist:8.6531, vae_loss_seen:268.2731 GZSL: seen=0.7115, unseen=0.5052, h=0.5908 ZSL: unseen accuracy=0.5052
[254/300]  Loss_D: -5.9424 Loss_G: 15.9126, Wasserstein_dist:8.1540, vae_loss_seen:267.1389 GZSL: seen=0.7579, unseen=0.4583, h=0.5712 ZSL: unseen accuracy=0.4375
[255/300]  Loss_D: -7.7027 Loss_G: 16.6782, Wasserstein_dist:9.7885, vae_loss_seen:277.2047 GZSL: seen=0.7454, unseen=0.4792, h=0.5833 ZSL: unseen accuracy=0.5000
[256/300]  Loss_D: -6.1623 Loss_G: 15.4811, Wasserstein_dist:8.3331, vae_loss_seen:269.5688 GZSL: seen=0.7917, unseen=0.4271, h=0.5548 ZSL: unseen accuracy=0.5052
[257/300]  Loss_D: -8.6629 Loss_G: 14.4615, Wasserstein_dist:11.2489, vae_loss_seen:280.2514 GZSL: seen=0.7107, unseen=0.4740, h=0.5687 ZSL: unseen accuracy=0.5104
[258/300]  Loss_D: -6.5361 Loss_G: 13.0903, Wasserstein_dist:8.4210, vae_loss_seen:271.0580 GZSL: seen=0.7758, unseen=0.4115, h=0.5377 ZSL: unseen accuracy=0.5104
[259/300]  Loss_D: -6.4820 Loss_G: 13.3542, Wasserstein_dist:8.6924, vae_loss_seen:280.5721 GZSL: seen=0.8384, unseen=0.3646, h=0.5082 ZSL: unseen accuracy=0.5052
[260/300]  Loss_D: -7.5159 Loss_G: 12.1706, Wasserstein_dist:9.9623, vae_loss_seen:282.8657 GZSL: seen=0.7063, unseen=0.4896, h=0.5783 ZSL: unseen accuracy=0.4948
[261/300]  Loss_D: -6.5685 Loss_G: 13.4636, Wasserstein_dist:8.4789, vae_loss_seen:272.9214 GZSL: seen=0.7394, unseen=0.5000, h=0.5966 ZSL: unseen accuracy=0.5000
[262/300]  Loss_D: -6.4340 Loss_G: 14.2349, Wasserstein_dist:9.0039, vae_loss_seen:280.7713 GZSL: seen=0.7484, unseen=0.4062, h=0.5266 ZSL: unseen accuracy=0.5000
[263/300]  Loss_D: -7.2334 Loss_G: 12.7543, Wasserstein_dist:9.3568, vae_loss_seen:264.2512 GZSL: seen=0.7143, unseen=0.4844, h=0.5773 ZSL: unseen accuracy=0.4896
[264/300]  Loss_D: -6.8608 Loss_G: 13.7964, Wasserstein_dist:9.1702, vae_loss_seen:270.7807 GZSL: seen=0.6944, unseen=0.4948, h=0.5779 ZSL: unseen accuracy=0.5104
[265/300]  Loss_D: -6.6161 Loss_G: 14.0254, Wasserstein_dist:8.3653, vae_loss_seen:268.4162 GZSL: seen=0.7090, unseen=0.5052, h=0.5900 ZSL: unseen accuracy=0.4792
[266/300]  Loss_D: -6.8531 Loss_G: 11.8702, Wasserstein_dist:9.3825, vae_loss_seen:277.6608 GZSL: seen=0.7756, unseen=0.3906, h=0.5196 ZSL: unseen accuracy=0.5052
[267/300]  Loss_D: -7.1478 Loss_G: 14.0277, Wasserstein_dist:9.1618, vae_loss_seen:276.4015 GZSL: seen=0.7579, unseen=0.4792, h=0.5871 ZSL: unseen accuracy=0.5156
[268/300]  Loss_D: -6.7552 Loss_G: 12.8612, Wasserstein_dist:8.6520, vae_loss_seen:261.9387 GZSL: seen=0.7381, unseen=0.4948, h=0.5924 ZSL: unseen accuracy=0.5104
[269/300]  Loss_D: -7.7957 Loss_G: 14.8706, Wasserstein_dist:10.5322, vae_loss_seen:274.1143 GZSL: seen=0.7540, unseen=0.4896, h=0.5937 ZSL: unseen accuracy=0.5208
[270/300]  Loss_D: -6.9853 Loss_G: 13.8117, Wasserstein_dist:9.2594, vae_loss_seen:274.9393 GZSL: seen=0.7460, unseen=0.3542, h=0.4803 ZSL: unseen accuracy=0.5208
[271/300]  Loss_D: -6.0147 Loss_G: 13.8759, Wasserstein_dist:8.3614, vae_loss_seen:275.2770 GZSL: seen=0.7659, unseen=0.3385, h=0.4695 ZSL: unseen accuracy=0.5104
[272/300]  Loss_D: -8.3115 Loss_G: 11.9871, Wasserstein_dist:11.1026, vae_loss_seen:274.1374 GZSL: seen=0.7861, unseen=0.4740, h=0.5914 ZSL: unseen accuracy=0.5156
[273/300]  Loss_D: -7.0849 Loss_G: 13.3996, Wasserstein_dist:9.3318, vae_loss_seen:279.4560 GZSL: seen=0.7024, unseen=0.5000, h=0.5842 ZSL: unseen accuracy=0.5052
[274/300]  Loss_D: -6.7899 Loss_G: 13.4051, Wasserstein_dist:8.8339, vae_loss_seen:279.2187 GZSL: seen=0.7619, unseen=0.4844, h=0.5922 ZSL: unseen accuracy=0.4844
[275/300]  Loss_D: -6.5809 Loss_G: 13.1061, Wasserstein_dist:8.8726, vae_loss_seen:269.3683 GZSL: seen=0.7504, unseen=0.4844, h=0.5887 ZSL: unseen accuracy=0.5104
[276/300]  Loss_D: -6.0906 Loss_G: 11.5789, Wasserstein_dist:8.3902, vae_loss_seen:272.0390 GZSL: seen=0.7341, unseen=0.2969, h=0.4228 ZSL: unseen accuracy=0.5000
[277/300]  Loss_D: -7.1913 Loss_G: 12.7599, Wasserstein_dist:9.5543, vae_loss_seen:273.2074 GZSL: seen=0.6587, unseen=0.5000, h=0.5685 ZSL: unseen accuracy=0.4948
[278/300]  Loss_D: -6.9797 Loss_G: 14.2423, Wasserstein_dist:9.0526, vae_loss_seen:270.8521 GZSL: seen=0.7520, unseen=0.3646, h=0.4911 ZSL: unseen accuracy=0.4323
[279/300]  Loss_D: -7.2072 Loss_G: 13.6362, Wasserstein_dist:9.5025, vae_loss_seen:277.9890 GZSL: seen=0.7266, unseen=0.4792, h=0.5775 ZSL: unseen accuracy=0.5052
[280/300]  Loss_D: -7.2607 Loss_G: 10.7450, Wasserstein_dist:9.4187, vae_loss_seen:265.1805 GZSL: seen=0.7290, unseen=0.4531, h=0.5589 ZSL: unseen accuracy=0.5052
[281/300]  Loss_D: -6.2696 Loss_G: 11.8903, Wasserstein_dist:8.1129, vae_loss_seen:271.3988 GZSL: seen=0.6845, unseen=0.4740, h=0.5601 ZSL: unseen accuracy=0.4948
[282/300]  Loss_D: -6.9019 Loss_G: 12.4843, Wasserstein_dist:9.1577, vae_loss_seen:272.8083 GZSL: seen=0.7231, unseen=0.4896, h=0.5839 ZSL: unseen accuracy=0.5208
[283/300]  Loss_D: -5.7512 Loss_G: 10.9735, Wasserstein_dist:7.8947, vae_loss_seen:265.3911 GZSL: seen=0.7190, unseen=0.4844, h=0.5788 ZSL: unseen accuracy=0.5000
[284/300]  Loss_D: -7.0260 Loss_G: 11.2666, Wasserstein_dist:8.9119, vae_loss_seen:269.4264 GZSL: seen=0.7976, unseen=0.4583, h=0.5821 ZSL: unseen accuracy=0.5052
[285/300]  Loss_D: -6.2297 Loss_G: 12.0654, Wasserstein_dist:8.0623, vae_loss_seen:264.1071 GZSL: seen=0.7579, unseen=0.4115, h=0.5334 ZSL: unseen accuracy=0.5260
[286/300]  Loss_D: -6.9501 Loss_G: 12.5484, Wasserstein_dist:9.1301, vae_loss_seen:270.8565 GZSL: seen=0.7619, unseen=0.4844, h=0.5922 ZSL: unseen accuracy=0.4948
[287/300]  Loss_D: -8.4467 Loss_G: 13.5202, Wasserstein_dist:11.9225, vae_loss_seen:279.2858 GZSL: seen=0.8294, unseen=0.3958, h=0.5359 ZSL: unseen accuracy=0.4948
[288/300]  Loss_D: -7.1039 Loss_G: 16.4732, Wasserstein_dist:9.8927, vae_loss_seen:285.6329 GZSL: seen=0.6964, unseen=0.4792, h=0.5677 ZSL: unseen accuracy=0.5000
[289/300]  Loss_D: -6.8426 Loss_G: 12.9024, Wasserstein_dist:9.2666, vae_loss_seen:271.6783 GZSL: seen=0.7266, unseen=0.4062, h=0.5211 ZSL: unseen accuracy=0.4896
[290/300]  Loss_D: -5.7850 Loss_G: 13.3602, Wasserstein_dist:7.6605, vae_loss_seen:266.1130 GZSL: seen=0.7634, unseen=0.4792, h=0.5888 ZSL: unseen accuracy=0.5000
[291/300]  Loss_D: -6.7767 Loss_G: 12.7851, Wasserstein_dist:8.7894, vae_loss_seen:268.0616 GZSL: seen=0.7956, unseen=0.4375, h=0.5646 ZSL: unseen accuracy=0.5052
[292/300]  Loss_D: -6.9080 Loss_G: 11.8985, Wasserstein_dist:9.1370, vae_loss_seen:266.9775 GZSL: seen=0.7908, unseen=0.4740, h=0.5927 ZSL: unseen accuracy=0.5000
[293/300]  Loss_D: -7.6561 Loss_G: 11.7027, Wasserstein_dist:9.4096, vae_loss_seen:268.8044 GZSL: seen=0.6944, unseen=0.4948, h=0.5779 ZSL: unseen accuracy=0.4948
[294/300]  Loss_D: -7.4941 Loss_G: 10.7966, Wasserstein_dist:9.9526, vae_loss_seen:278.3939 GZSL: seen=0.7095, unseen=0.4010, h=0.5124 ZSL: unseen accuracy=0.5000
[295/300]  Loss_D: -8.8351 Loss_G: 12.6864, Wasserstein_dist:11.0256, vae_loss_seen:277.8665 GZSL: seen=0.7498, unseen=0.3906, h=0.5137 ZSL: unseen accuracy=0.5104
[296/300]  Loss_D: -6.1068 Loss_G: 14.2999, Wasserstein_dist:8.7279, vae_loss_seen:265.6385 GZSL: seen=0.7111, unseen=0.4583, h=0.5574 ZSL: unseen accuracy=0.5052
[297/300]  Loss_D: -6.6081 Loss_G: 12.4487, Wasserstein_dist:8.6639, vae_loss_seen:275.1497 GZSL: seen=0.6948, unseen=0.5000, h=0.5815 ZSL: unseen accuracy=0.5000
[298/300]  Loss_D: -8.0273 Loss_G: 9.5722, Wasserstein_dist:10.1739, vae_loss_seen:271.4238 GZSL: seen=0.7058, unseen=0.4271, h=0.5322 ZSL: unseen accuracy=0.4896
[299/300]  Loss_D: -7.5352 Loss_G: 10.7396, Wasserstein_dist:9.6579, vae_loss_seen:271.0122 GZSL: seen=0.7401, unseen=0.4792, h=0.5817 ZSL: unseen accuracy=0.4844
Dataset RADAR
the best ZSL unseen accuracy is 0.7083333333333334
Dataset RADAR
the best GZSL seen accuracy is 0.8106575963718822
the best GZSL unseen accuracy is 0.5364583333333334
the best GZSL H is 0.6456519642653622
