CUDA_VISIBLE_DEVICES=0 OMP_NUM_THREADS=4 python train_images.py --gammaD 10 --gammaG 10                 --manualSeed 3407 --encoded_noise --preprocessing --cuda --image_embedding SqueezeNet_1024_T --class_embedding XCLIP_1024_gzsl                 --nepoch 300 --ngh 4096 --ndh 4096 --lr 0.0005 --classifier_lr 0.005 --lambda1 10 --critic_iter 5 --dataroot datasets --dataset RADAR                 --nclass_all 27 --batch_size 128 --nz 1024 --latent_size 1024 --attSize 1024 --resSize 1024 --syn_num 320                 --gzsl --recons_weight 0.01 --a1 1 --a2 1 --feed_lr 0.00001 --dec_lr 0.0001 --feedback_loop 2
Random Seed:  3407
# of training samples:  538
Encoder(
  (fc1): Linear(in_features=2048, out_features=4096, bias=True)
  (fc3): Linear(in_features=4096, out_features=2048, bias=True)
  (lrelu): LeakyReLU(0.2, inplace)
  (linear_means): Linear(in_features=2048, out_features=1024, bias=True)
  (linear_log_var): Linear(in_features=2048, out_features=1024, bias=True)
)
Generator(
  (fc1): Linear(in_features=2048, out_features=4096, bias=True)
  (fc3): Linear(in_features=4096, out_features=1024, bias=True)
  (lrelu): LeakyReLU(0.2, inplace)
  (sigmoid): Sigmoid()
)
Discriminator_D1(
  (fc1): Linear(in_features=2048, out_features=4096, bias=True)
  (fc2): Linear(in_features=4096, out_features=1, bias=True)
  (lrelu): LeakyReLU(0.2, inplace)
)
Feedback(
  (fc1): Linear(in_features=4096, out_features=4096, bias=True)
  (fc2): Linear(in_features=4096, out_features=4096, bias=True)
  (lrelu): LeakyReLU(0.2, inplace)
)
AttDec(
  (fc1): Linear(in_features=1024, out_features=4096, bias=True)
  (fc3): Linear(in_features=4096, out_features=1024, bias=True)
  (lrelu): LeakyReLU(0.2, inplace)
)
[0/300]  Loss_D: -100.6908 Loss_G: 0.6626, Wasserstein_dist:126.0068, vae_loss_seen:483.0352 GZSL: seen=0.9127, unseen=0.2917, h=0.4421 ZSL: unseen accuracy=0.5833
[1/300]  Loss_D: -48.3698 Loss_G: -3.4423, Wasserstein_dist:63.9229, vae_loss_seen:359.6198 GZSL: seen=0.9087, unseen=0.3073, h=0.4593 ZSL: unseen accuracy=0.5208
[2/300]  Loss_D: -25.7336 Loss_G: -7.1305, Wasserstein_dist:34.1464, vae_loss_seen:276.9490 GZSL: seen=0.7888, unseen=0.3542, h=0.4889 ZSL: unseen accuracy=0.5885
[3/300]  Loss_D: -19.8705 Loss_G: -5.4358, Wasserstein_dist:23.7345, vae_loss_seen:272.9068 GZSL: seen=0.8929, unseen=0.3229, h=0.4743 ZSL: unseen accuracy=0.6458
[4/300]  Loss_D: -15.5141 Loss_G: -5.2549, Wasserstein_dist:20.2274, vae_loss_seen:280.1075 GZSL: seen=0.9087, unseen=0.2865, h=0.4356 ZSL: unseen accuracy=0.6771
[5/300]  Loss_D: -18.6615 Loss_G: -5.4832, Wasserstein_dist:21.0568, vae_loss_seen:266.5369 GZSL: seen=0.9167, unseen=0.3177, h=0.4719 ZSL: unseen accuracy=0.6458
[6/300]  Loss_D: -19.3172 Loss_G: -3.4564, Wasserstein_dist:22.2114, vae_loss_seen:292.7910 GZSL: seen=0.8810, unseen=0.4115, h=0.5609 ZSL: unseen accuracy=0.7188
[7/300]  Loss_D: -13.9957 Loss_G: -3.3883, Wasserstein_dist:15.9091, vae_loss_seen:285.3293 GZSL: seen=0.9087, unseen=0.2760, h=0.4235 ZSL: unseen accuracy=0.7552
[8/300]  Loss_D: -18.4461 Loss_G: -1.4591, Wasserstein_dist:21.2933, vae_loss_seen:302.2375 GZSL: seen=0.8107, unseen=0.4271, h=0.5594 ZSL: unseen accuracy=0.8125
[9/300]  Loss_D: -17.7068 Loss_G: 0.2307, Wasserstein_dist:20.7922, vae_loss_seen:316.5327 GZSL: seen=0.8452, unseen=0.3333, h=0.4781 ZSL: unseen accuracy=0.8125
[10/300]  Loss_D: -18.7433 Loss_G: 0.8329, Wasserstein_dist:22.9892, vae_loss_seen:326.9671 GZSL: seen=0.8452, unseen=0.4271, h=0.5674 ZSL: unseen accuracy=0.7760
[11/300]  Loss_D: -19.3764 Loss_G: 3.1793, Wasserstein_dist:24.6757, vae_loss_seen:346.7235 GZSL: seen=0.8710, unseen=0.3073, h=0.4543 ZSL: unseen accuracy=0.7917
[12/300]  Loss_D: -18.4305 Loss_G: 2.7949, Wasserstein_dist:24.7428, vae_loss_seen:342.0883 GZSL: seen=0.8305, unseen=0.3854, h=0.5265 ZSL: unseen accuracy=0.7760
[13/300]  Loss_D: -17.6843 Loss_G: 3.5040, Wasserstein_dist:23.7645, vae_loss_seen:347.1151 GZSL: seen=0.9008, unseen=0.3281, h=0.4810 ZSL: unseen accuracy=0.9010
[14/300]  Loss_D: -18.7462 Loss_G: 3.5527, Wasserstein_dist:23.6867, vae_loss_seen:342.1454 GZSL: seen=0.7432, unseen=0.4948, h=0.5941 ZSL: unseen accuracy=0.9323
[15/300]  Loss_D: -19.1046 Loss_G: 5.6334, Wasserstein_dist:24.8022, vae_loss_seen:366.0639 GZSL: seen=0.7241, unseen=0.3854, h=0.5031 ZSL: unseen accuracy=0.8906
[16/300]  Loss_D: -20.8792 Loss_G: 5.3765, Wasserstein_dist:26.4506, vae_loss_seen:355.4769 GZSL: seen=0.8571, unseen=0.4010, h=0.5464 ZSL: unseen accuracy=0.7917
[17/300]  Loss_D: -18.4416 Loss_G: 5.9015, Wasserstein_dist:24.2307, vae_loss_seen:367.7432 GZSL: seen=0.9325, unseen=0.3490, h=0.5079 ZSL: unseen accuracy=0.7969
[18/300]  Loss_D: -19.7150 Loss_G: 5.8633, Wasserstein_dist:25.1047, vae_loss_seen:360.7044 GZSL: seen=0.8095, unseen=0.5000, h=0.6182 ZSL: unseen accuracy=0.7656
[19/300]  Loss_D: -20.5856 Loss_G: 4.6027, Wasserstein_dist:26.4344, vae_loss_seen:346.4330 GZSL: seen=0.8532, unseen=0.3281, h=0.4740 ZSL: unseen accuracy=0.8281
[20/300]  Loss_D: -19.8641 Loss_G: 6.9814, Wasserstein_dist:24.3634, vae_loss_seen:372.7739 GZSL: seen=0.8690, unseen=0.4062, h=0.5537 ZSL: unseen accuracy=0.9167
[21/300]  Loss_D: -18.4893 Loss_G: 7.2714, Wasserstein_dist:23.5070, vae_loss_seen:374.2263 GZSL: seen=0.8552, unseen=0.5260, h=0.6514 ZSL: unseen accuracy=0.7656
[22/300]  Loss_D: -17.7464 Loss_G: 7.7073, Wasserstein_dist:22.1710, vae_loss_seen:373.3974 GZSL: seen=0.8750, unseen=0.4375, h=0.5833 ZSL: unseen accuracy=0.9635
[23/300]  Loss_D: -18.8971 Loss_G: 6.3080, Wasserstein_dist:24.1267, vae_loss_seen:360.5795 GZSL: seen=0.8492, unseen=0.4375, h=0.5775 ZSL: unseen accuracy=0.7083
[24/300]  Loss_D: -18.6016 Loss_G: 9.6507, Wasserstein_dist:22.9150, vae_loss_seen:390.5684 GZSL: seen=0.7619, unseen=0.5208, h=0.6187 ZSL: unseen accuracy=0.8698
[25/300]  Loss_D: -17.2666 Loss_G: 6.6263, Wasserstein_dist:21.9459, vae_loss_seen:360.3143 GZSL: seen=0.8611, unseen=0.5156, h=0.6450 ZSL: unseen accuracy=0.8385
[26/300]  Loss_D: -17.0445 Loss_G: 9.2919, Wasserstein_dist:22.0016, vae_loss_seen:383.6308 GZSL: seen=0.8135, unseen=0.5729, h=0.6723 ZSL: unseen accuracy=0.8229
[27/300]  Loss_D: -19.5401 Loss_G: 8.0119, Wasserstein_dist:23.7738, vae_loss_seen:372.4105 GZSL: seen=0.8611, unseen=0.3698, h=0.5174 ZSL: unseen accuracy=0.7240
[28/300]  Loss_D: -15.2774 Loss_G: 7.8769, Wasserstein_dist:20.4645, vae_loss_seen:370.2206 GZSL: seen=0.8880, unseen=0.4427, h=0.5909 ZSL: unseen accuracy=0.7865
[29/300]  Loss_D: -19.0696 Loss_G: 8.6878, Wasserstein_dist:23.1691, vae_loss_seen:376.9063 GZSL: seen=0.7698, unseen=0.4948, h=0.6024 ZSL: unseen accuracy=0.8229
[30/300]  Loss_D: -16.5990 Loss_G: 9.7748, Wasserstein_dist:21.4885, vae_loss_seen:382.5543 GZSL: seen=0.8202, unseen=0.4583, h=0.5881 ZSL: unseen accuracy=0.7552
[31/300]  Loss_D: -17.8097 Loss_G: 8.8005, Wasserstein_dist:21.6259, vae_loss_seen:380.6677 GZSL: seen=0.8313, unseen=0.5312, h=0.6483 ZSL: unseen accuracy=0.7135
[32/300]  Loss_D: -15.5413 Loss_G: 8.0180, Wasserstein_dist:19.1067, vae_loss_seen:364.6776 GZSL: seen=0.8452, unseen=0.5156, h=0.6405 ZSL: unseen accuracy=0.7917
[33/300]  Loss_D: -15.7014 Loss_G: 9.9481, Wasserstein_dist:20.8574, vae_loss_seen:386.8515 GZSL: seen=0.7917, unseen=0.6042, h=0.6853 ZSL: unseen accuracy=0.8073
[34/300]  Loss_D: -15.3870 Loss_G: 10.3894, Wasserstein_dist:18.9578, vae_loss_seen:390.1723 GZSL: seen=0.7349, unseen=0.5573, h=0.6339 ZSL: unseen accuracy=0.8125
[35/300]  Loss_D: -15.8155 Loss_G: 10.3044, Wasserstein_dist:19.5530, vae_loss_seen:401.5815 GZSL: seen=0.8254, unseen=0.6042, h=0.6977 ZSL: unseen accuracy=0.8906
[36/300]  Loss_D: -15.7502 Loss_G: 9.0451, Wasserstein_dist:20.3266, vae_loss_seen:375.4806 GZSL: seen=0.8135, unseen=0.5573, h=0.6614 ZSL: unseen accuracy=0.8125
[37/300]  Loss_D: -14.5525 Loss_G: 9.9549, Wasserstein_dist:18.3072, vae_loss_seen:386.7516 GZSL: seen=0.7306, unseen=0.5573, h=0.6323 ZSL: unseen accuracy=0.9323
[38/300]  Loss_D: -16.6334 Loss_G: 10.7027, Wasserstein_dist:21.1051, vae_loss_seen:391.1071 GZSL: seen=0.7560, unseen=0.5885, h=0.6618 ZSL: unseen accuracy=0.8802
[39/300]  Loss_D: -12.6227 Loss_G: 10.7732, Wasserstein_dist:16.5875, vae_loss_seen:386.5962 GZSL: seen=0.8671, unseen=0.4531, h=0.5952 ZSL: unseen accuracy=0.7917
[40/300]  Loss_D: -14.3777 Loss_G: 12.1722, Wasserstein_dist:18.2356, vae_loss_seen:407.6855 GZSL: seen=0.7421, unseen=0.5573, h=0.6365 ZSL: unseen accuracy=0.8906
[41/300]  Loss_D: -13.6124 Loss_G: 10.7941, Wasserstein_dist:17.3291, vae_loss_seen:386.4978 GZSL: seen=0.8135, unseen=0.6146, h=0.7002 ZSL: unseen accuracy=0.8646
[42/300]  Loss_D: -14.6606 Loss_G: 10.4645, Wasserstein_dist:18.4347, vae_loss_seen:381.1093 GZSL: seen=0.8333, unseen=0.7188, h=0.7718 ZSL: unseen accuracy=0.7969
[43/300]  Loss_D: -15.1185 Loss_G: 11.9084, Wasserstein_dist:18.9115, vae_loss_seen:403.1315 GZSL: seen=0.7436, unseen=0.6667, h=0.7030 ZSL: unseen accuracy=0.8594
[44/300]  Loss_D: -14.3667 Loss_G: 11.4560, Wasserstein_dist:19.0251, vae_loss_seen:401.4178 GZSL: seen=0.7440, unseen=0.6458, h=0.6915 ZSL: unseen accuracy=0.8646
[45/300]  Loss_D: -14.7301 Loss_G: 10.8716, Wasserstein_dist:18.4419, vae_loss_seen:390.1421 GZSL: seen=0.7421, unseen=0.5885, h=0.6564 ZSL: unseen accuracy=0.8073
[46/300]  Loss_D: -12.8924 Loss_G: 12.3568, Wasserstein_dist:16.7674, vae_loss_seen:397.4863 GZSL: seen=0.8016, unseen=0.6615, h=0.7248 ZSL: unseen accuracy=0.8281
[47/300]  Loss_D: -13.1308 Loss_G: 11.5747, Wasserstein_dist:16.7218, vae_loss_seen:390.4986 GZSL: seen=0.8036, unseen=0.6979, h=0.7470 ZSL: unseen accuracy=0.7865
[48/300]  Loss_D: -15.4406 Loss_G: 12.4624, Wasserstein_dist:19.2496, vae_loss_seen:405.7017 GZSL: seen=0.7817, unseen=0.6562, h=0.7135 ZSL: unseen accuracy=0.8177
[49/300]  Loss_D: -13.8787 Loss_G: 12.6291, Wasserstein_dist:17.4419, vae_loss_seen:401.5742 GZSL: seen=0.7665, unseen=0.7448, h=0.7555 ZSL: unseen accuracy=0.7344
[50/300]  Loss_D: -13.3656 Loss_G: 12.1553, Wasserstein_dist:17.2955, vae_loss_seen:395.0624 GZSL: seen=0.8313, unseen=0.5625, h=0.6710 ZSL: unseen accuracy=0.8490
[51/300]  Loss_D: -12.6362 Loss_G: 12.6064, Wasserstein_dist:15.9394, vae_loss_seen:408.5941 GZSL: seen=0.7639, unseen=0.7135, h=0.7379 ZSL: unseen accuracy=0.8177
[52/300]  Loss_D: -12.8594 Loss_G: 12.6782, Wasserstein_dist:16.4579, vae_loss_seen:397.2599 GZSL: seen=0.7991, unseen=0.7135, h=0.7539 ZSL: unseen accuracy=0.8854
[53/300]  Loss_D: -12.3937 Loss_G: 13.9888, Wasserstein_dist:15.9231, vae_loss_seen:412.6053 GZSL: seen=0.7329, unseen=0.6354, h=0.6807 ZSL: unseen accuracy=0.7656
[54/300]  Loss_D: -12.0521 Loss_G: 13.4184, Wasserstein_dist:16.1639, vae_loss_seen:418.4140 GZSL: seen=0.7798, unseen=0.6927, h=0.7337 ZSL: unseen accuracy=0.7448
[55/300]  Loss_D: -13.1661 Loss_G: 14.1250, Wasserstein_dist:16.7570, vae_loss_seen:415.8626 GZSL: seen=0.7519, unseen=0.6458, h=0.6949 ZSL: unseen accuracy=0.8281
[56/300]  Loss_D: -13.1613 Loss_G: 12.2212, Wasserstein_dist:17.0158, vae_loss_seen:393.4047 GZSL: seen=0.7718, unseen=0.7083, h=0.7387 ZSL: unseen accuracy=0.7448
[57/300]  Loss_D: -12.7292 Loss_G: 13.2000, Wasserstein_dist:15.8285, vae_loss_seen:411.4247 GZSL: seen=0.7440, unseen=0.6927, h=0.7175 ZSL: unseen accuracy=0.8542
[58/300]  Loss_D: -12.8836 Loss_G: 14.0775, Wasserstein_dist:16.6686, vae_loss_seen:416.4528 GZSL: seen=0.8512, unseen=0.5365, h=0.6581 ZSL: unseen accuracy=0.7656
[59/300]  Loss_D: -11.8332 Loss_G: 13.1731, Wasserstein_dist:15.3464, vae_loss_seen:407.9512 GZSL: seen=0.7444, unseen=0.6875, h=0.7148 ZSL: unseen accuracy=0.7604
[60/300]  Loss_D: -10.6206 Loss_G: 14.4990, Wasserstein_dist:14.0721, vae_loss_seen:414.4199 GZSL: seen=0.7052, unseen=0.7396, h=0.7220 ZSL: unseen accuracy=0.7865
[61/300]  Loss_D: -11.1908 Loss_G: 14.3640, Wasserstein_dist:14.5033, vae_loss_seen:414.1854 GZSL: seen=0.7836, unseen=0.7396, h=0.7610 ZSL: unseen accuracy=0.8438
[62/300]  Loss_D: -12.1063 Loss_G: 14.2182, Wasserstein_dist:16.6473, vae_loss_seen:417.5670 GZSL: seen=0.8155, unseen=0.6823, h=0.7430 ZSL: unseen accuracy=0.7604
[63/300]  Loss_D: -15.0792 Loss_G: 13.6897, Wasserstein_dist:19.7388, vae_loss_seen:419.1937 GZSL: seen=0.8234, unseen=0.6562, h=0.7304 ZSL: unseen accuracy=0.8438
[64/300]  Loss_D: -11.1996 Loss_G: 14.4952, Wasserstein_dist:14.9237, vae_loss_seen:413.0040 GZSL: seen=0.8075, unseen=0.5781, h=0.6738 ZSL: unseen accuracy=0.7760
[65/300]  Loss_D: -11.7391 Loss_G: 14.2064, Wasserstein_dist:15.4968, vae_loss_seen:426.0255 GZSL: seen=0.7369, unseen=0.7292, h=0.7330 ZSL: unseen accuracy=0.8021
[66/300]  Loss_D: -12.2758 Loss_G: 13.7526, Wasserstein_dist:15.6767, vae_loss_seen:408.8915 GZSL: seen=0.7659, unseen=0.6354, h=0.6946 ZSL: unseen accuracy=0.8385
[67/300]  Loss_D: -12.1950 Loss_G: 14.8050, Wasserstein_dist:15.4287, vae_loss_seen:421.9102 GZSL: seen=0.7405, unseen=0.6667, h=0.7016 ZSL: unseen accuracy=0.9010
[68/300]  Loss_D: -12.1856 Loss_G: 14.9552, Wasserstein_dist:15.7794, vae_loss_seen:426.0297 GZSL: seen=0.8305, unseen=0.5573, h=0.6670 ZSL: unseen accuracy=0.7448
[69/300]  Loss_D: -12.1988 Loss_G: 13.9705, Wasserstein_dist:15.5668, vae_loss_seen:417.3295 GZSL: seen=0.7710, unseen=0.7188, h=0.7439 ZSL: unseen accuracy=0.7656
[70/300]  Loss_D: -10.8656 Loss_G: 14.0568, Wasserstein_dist:14.1068, vae_loss_seen:414.9655 GZSL: seen=0.7083, unseen=0.6615, h=0.6841 ZSL: unseen accuracy=0.7188
[71/300]  Loss_D: -13.5390 Loss_G: 15.4565, Wasserstein_dist:17.4025, vae_loss_seen:442.3781 GZSL: seen=0.8075, unseen=0.7292, h=0.7664 ZSL: unseen accuracy=0.7344
[72/300]  Loss_D: -11.2475 Loss_G: 14.3537, Wasserstein_dist:14.7043, vae_loss_seen:417.3327 GZSL: seen=0.7017, unseen=0.7240, h=0.7127 ZSL: unseen accuracy=0.7448
[73/300]  Loss_D: -11.9819 Loss_G: 14.9922, Wasserstein_dist:15.4597, vae_loss_seen:433.1588 GZSL: seen=0.7928, unseen=0.6198, h=0.6957 ZSL: unseen accuracy=0.7917
[74/300]  Loss_D: -10.3620 Loss_G: 14.3134, Wasserstein_dist:14.1258, vae_loss_seen:413.7582 GZSL: seen=0.7381, unseen=0.7031, h=0.7202 ZSL: unseen accuracy=0.8646
[75/300]  Loss_D: -11.0663 Loss_G: 14.3711, Wasserstein_dist:13.9646, vae_loss_seen:414.7605 GZSL: seen=0.7996, unseen=0.7396, h=0.7684 ZSL: unseen accuracy=0.7865
[76/300]  Loss_D: -12.2577 Loss_G: 14.8138, Wasserstein_dist:15.5400, vae_loss_seen:431.7412 GZSL: seen=0.7540, unseen=0.5781, h=0.6544 ZSL: unseen accuracy=0.7240
[77/300]  Loss_D: -10.9686 Loss_G: 14.9276, Wasserstein_dist:14.0858, vae_loss_seen:417.8484 GZSL: seen=0.7484, unseen=0.7083, h=0.7278 ZSL: unseen accuracy=0.7344
[78/300]  Loss_D: -12.1769 Loss_G: 15.2774, Wasserstein_dist:15.1734, vae_loss_seen:424.0248 GZSL: seen=0.7202, unseen=0.7031, h=0.7116 ZSL: unseen accuracy=0.7083
[79/300]  Loss_D: -11.3194 Loss_G: 15.7351, Wasserstein_dist:14.9993, vae_loss_seen:425.0281 GZSL: seen=0.8040, unseen=0.7344, h=0.7676 ZSL: unseen accuracy=0.7292
[80/300]  Loss_D: -10.0689 Loss_G: 15.2872, Wasserstein_dist:13.2580, vae_loss_seen:429.2122 GZSL: seen=0.7742, unseen=0.6927, h=0.7312 ZSL: unseen accuracy=0.7448
[81/300]  Loss_D: -10.7950 Loss_G: 15.3140, Wasserstein_dist:13.7689, vae_loss_seen:429.1512 GZSL: seen=0.7579, unseen=0.7240, h=0.7406 ZSL: unseen accuracy=0.7292
[82/300]  Loss_D: -10.7752 Loss_G: 15.5580, Wasserstein_dist:14.0606, vae_loss_seen:424.4575 GZSL: seen=0.7821, unseen=0.7031, h=0.7405 ZSL: unseen accuracy=0.7865
[83/300]  Loss_D: -11.4090 Loss_G: 15.9450, Wasserstein_dist:15.1725, vae_loss_seen:430.0543 GZSL: seen=0.7873, unseen=0.7344, h=0.7599 ZSL: unseen accuracy=0.7083
[84/300]  Loss_D: -11.2822 Loss_G: 15.7664, Wasserstein_dist:14.8945, vae_loss_seen:442.4626 GZSL: seen=0.7302, unseen=0.6979, h=0.7137 ZSL: unseen accuracy=0.7500
[85/300]  Loss_D: -11.2623 Loss_G: 15.6244, Wasserstein_dist:13.9007, vae_loss_seen:431.3307 GZSL: seen=0.7544, unseen=0.6719, h=0.7107 ZSL: unseen accuracy=0.7760
[86/300]  Loss_D: -12.8072 Loss_G: 15.7928, Wasserstein_dist:15.9007, vae_loss_seen:429.8127 GZSL: seen=0.7361, unseen=0.6771, h=0.7054 ZSL: unseen accuracy=0.7760
[87/300]  Loss_D: -10.4791 Loss_G: 14.7994, Wasserstein_dist:13.6485, vae_loss_seen:414.4059 GZSL: seen=0.8313, unseen=0.6979, h=0.7588 ZSL: unseen accuracy=0.7604
[88/300]  Loss_D: -10.2980 Loss_G: 16.8835, Wasserstein_dist:13.2236, vae_loss_seen:448.6379 GZSL: seen=0.7837, unseen=0.6823, h=0.7295 ZSL: unseen accuracy=0.8542
[89/300]  Loss_D: -9.7728 Loss_G: 16.1912, Wasserstein_dist:12.9074, vae_loss_seen:440.0586 GZSL: seen=0.8194, unseen=0.5469, h=0.6560 ZSL: unseen accuracy=0.7292
[90/300]  Loss_D: -10.7520 Loss_G: 16.7784, Wasserstein_dist:13.9664, vae_loss_seen:436.8139 GZSL: seen=0.6786, unseen=0.6875, h=0.6830 ZSL: unseen accuracy=0.7396
[91/300]  Loss_D: -10.4567 Loss_G: 15.2518, Wasserstein_dist:13.2466, vae_loss_seen:424.5090 GZSL: seen=0.7321, unseen=0.6823, h=0.7063 ZSL: unseen accuracy=0.7500
[92/300]  Loss_D: -9.2108 Loss_G: 16.0679, Wasserstein_dist:12.3547, vae_loss_seen:427.0099 GZSL: seen=0.7579, unseen=0.5208, h=0.6174 ZSL: unseen accuracy=0.7240
[93/300]  Loss_D: -11.6497 Loss_G: 15.1806, Wasserstein_dist:14.5426, vae_loss_seen:412.8245 GZSL: seen=0.6506, unseen=0.6823, h=0.6661 ZSL: unseen accuracy=0.7292
[94/300]  Loss_D: -9.8829 Loss_G: 15.0772, Wasserstein_dist:12.6693, vae_loss_seen:421.3211 GZSL: seen=0.7183, unseen=0.6823, h=0.6998 ZSL: unseen accuracy=0.7188
[95/300]  Loss_D: -10.6752 Loss_G: 15.6459, Wasserstein_dist:13.5060, vae_loss_seen:430.4430 GZSL: seen=0.7599, unseen=0.7031, h=0.7304 ZSL: unseen accuracy=0.7812
[96/300]  Loss_D: -10.9533 Loss_G: 15.6840, Wasserstein_dist:14.0529, vae_loss_seen:431.2610 GZSL: seen=0.8075, unseen=0.6875, h=0.7427 ZSL: unseen accuracy=0.7760
[97/300]  Loss_D: -9.6292 Loss_G: 16.1795, Wasserstein_dist:12.4751, vae_loss_seen:437.1284 GZSL: seen=0.7978, unseen=0.6719, h=0.7294 ZSL: unseen accuracy=0.7240
[98/300]  Loss_D: -9.2232 Loss_G: 16.8510, Wasserstein_dist:12.3487, vae_loss_seen:440.2826 GZSL: seen=0.7679, unseen=0.6875, h=0.7255 ZSL: unseen accuracy=0.7344
[99/300]  Loss_D: -9.9027 Loss_G: 16.0084, Wasserstein_dist:12.6575, vae_loss_seen:434.0028 GZSL: seen=0.6548, unseen=0.6823, h=0.6682 ZSL: unseen accuracy=0.7135
[100/300]  Loss_D: -10.6282 Loss_G: 16.3663, Wasserstein_dist:13.3334, vae_loss_seen:434.6476 GZSL: seen=0.8238, unseen=0.6667, h=0.7370 ZSL: unseen accuracy=0.8542
[101/300]  Loss_D: -9.4265 Loss_G: 17.2085, Wasserstein_dist:11.8979, vae_loss_seen:441.4148 GZSL: seen=0.6956, unseen=0.6406, h=0.6670 ZSL: unseen accuracy=0.7500
[102/300]  Loss_D: -8.4784 Loss_G: 17.0526, Wasserstein_dist:11.4013, vae_loss_seen:442.8617 GZSL: seen=0.7738, unseen=0.7240, h=0.7481 ZSL: unseen accuracy=0.7292
[103/300]  Loss_D: -9.6302 Loss_G: 16.1721, Wasserstein_dist:12.1911, vae_loss_seen:432.1888 GZSL: seen=0.8079, unseen=0.6979, h=0.7489 ZSL: unseen accuracy=0.7812
[104/300]  Loss_D: -9.9074 Loss_G: 15.3892, Wasserstein_dist:12.6679, vae_loss_seen:424.2706 GZSL: seen=0.8095, unseen=0.6823, h=0.7405 ZSL: unseen accuracy=0.7604
[105/300]  Loss_D: -9.7591 Loss_G: 16.6261, Wasserstein_dist:12.3690, vae_loss_seen:433.9933 GZSL: seen=0.7730, unseen=0.6979, h=0.7335 ZSL: unseen accuracy=0.7500
[106/300]  Loss_D: -9.6230 Loss_G: 16.3018, Wasserstein_dist:12.3457, vae_loss_seen:431.9279 GZSL: seen=0.7163, unseen=0.6927, h=0.7043 ZSL: unseen accuracy=0.7344
[107/300]  Loss_D: -9.5845 Loss_G: 17.1709, Wasserstein_dist:12.3772, vae_loss_seen:438.4329 GZSL: seen=0.7533, unseen=0.6667, h=0.7073 ZSL: unseen accuracy=0.7031
[108/300]  Loss_D: -9.7087 Loss_G: 16.3322, Wasserstein_dist:12.4533, vae_loss_seen:424.7966 GZSL: seen=0.7778, unseen=0.6771, h=0.7239 ZSL: unseen accuracy=0.7344
[109/300]  Loss_D: -9.0620 Loss_G: 16.0345, Wasserstein_dist:11.8355, vae_loss_seen:427.8433 GZSL: seen=0.7630, unseen=0.6823, h=0.7204 ZSL: unseen accuracy=0.7031
[110/300]  Loss_D: -9.3624 Loss_G: 16.3764, Wasserstein_dist:11.9030, vae_loss_seen:425.2142 GZSL: seen=0.8099, unseen=0.6458, h=0.7186 ZSL: unseen accuracy=0.7083
[111/300]  Loss_D: -7.7287 Loss_G: 15.1273, Wasserstein_dist:10.0426, vae_loss_seen:414.3752 GZSL: seen=0.7487, unseen=0.6719, h=0.7082 ZSL: unseen accuracy=0.7031
[112/300]  Loss_D: -10.1761 Loss_G: 16.9802, Wasserstein_dist:13.6998, vae_loss_seen:433.6203 GZSL: seen=0.7460, unseen=0.6979, h=0.7212 ZSL: unseen accuracy=0.7396
[113/300]  Loss_D: -9.1261 Loss_G: 16.8481, Wasserstein_dist:11.6135, vae_loss_seen:439.1246 GZSL: seen=0.7579, unseen=0.6719, h=0.7123 ZSL: unseen accuracy=0.7552
[114/300]  Loss_D: -9.4427 Loss_G: 17.2789, Wasserstein_dist:11.9781, vae_loss_seen:445.1866 GZSL: seen=0.7692, unseen=0.6719, h=0.7172 ZSL: unseen accuracy=0.6979
[115/300]  Loss_D: -9.8787 Loss_G: 15.5825, Wasserstein_dist:12.7624, vae_loss_seen:429.3704 GZSL: seen=0.7921, unseen=0.6771, h=0.7301 ZSL: unseen accuracy=0.7031
[116/300]  Loss_D: -9.8018 Loss_G: 16.8058, Wasserstein_dist:12.5375, vae_loss_seen:431.9523 GZSL: seen=0.7540, unseen=0.6771, h=0.7135 ZSL: unseen accuracy=0.7083
[117/300]  Loss_D: -9.8135 Loss_G: 16.0231, Wasserstein_dist:12.1685, vae_loss_seen:431.1348 GZSL: seen=0.8007, unseen=0.5156, h=0.6273 ZSL: unseen accuracy=0.6979
[118/300]  Loss_D: -9.8020 Loss_G: 16.9154, Wasserstein_dist:13.0299, vae_loss_seen:436.0306 GZSL: seen=0.8254, unseen=0.6719, h=0.7408 ZSL: unseen accuracy=0.7031
[119/300]  Loss_D: -8.9043 Loss_G: 16.0666, Wasserstein_dist:11.9956, vae_loss_seen:423.9268 GZSL: seen=0.7194, unseen=0.7031, h=0.7112 ZSL: unseen accuracy=0.7135
[120/300]  Loss_D: -10.0618 Loss_G: 17.1463, Wasserstein_dist:12.9590, vae_loss_seen:443.2173 GZSL: seen=0.7745, unseen=0.6823, h=0.7255 ZSL: unseen accuracy=0.7188
[121/300]  Loss_D: -9.0744 Loss_G: 15.7448, Wasserstein_dist:11.8342, vae_loss_seen:421.8183 GZSL: seen=0.7901, unseen=0.6719, h=0.7262 ZSL: unseen accuracy=0.7083
[122/300]  Loss_D: -9.1699 Loss_G: 16.6649, Wasserstein_dist:11.5907, vae_loss_seen:438.2237 GZSL: seen=0.7103, unseen=0.6667, h=0.6878 ZSL: unseen accuracy=0.7135
[123/300]  Loss_D: -7.0356 Loss_G: 20.1964, Wasserstein_dist:10.1392, vae_loss_seen:477.6559 GZSL: seen=0.7255, unseen=0.6667, h=0.6949 ZSL: unseen accuracy=0.7083
[124/300]  Loss_D: -9.3562 Loss_G: 16.9955, Wasserstein_dist:12.0955, vae_loss_seen:445.9989 GZSL: seen=0.7024, unseen=0.6823, h=0.6922 ZSL: unseen accuracy=0.6979
[125/300]  Loss_D: -9.3213 Loss_G: 15.3986, Wasserstein_dist:11.8808, vae_loss_seen:421.1551 GZSL: seen=0.7540, unseen=0.6615, h=0.7047 ZSL: unseen accuracy=0.7135
[126/300]  Loss_D: -8.0113 Loss_G: 16.5846, Wasserstein_dist:10.7775, vae_loss_seen:436.8536 GZSL: seen=0.7401, unseen=0.6719, h=0.7043 ZSL: unseen accuracy=0.6875
[127/300]  Loss_D: -9.3361 Loss_G: 17.0930, Wasserstein_dist:11.7147, vae_loss_seen:431.7749 GZSL: seen=0.7821, unseen=0.6875, h=0.7318 ZSL: unseen accuracy=0.6927
[128/300]  Loss_D: -8.2536 Loss_G: 16.4768, Wasserstein_dist:10.8533, vae_loss_seen:432.2866 GZSL: seen=0.7421, unseen=0.6354, h=0.6846 ZSL: unseen accuracy=0.6927
[129/300]  Loss_D: -8.1461 Loss_G: 16.3416, Wasserstein_dist:10.5762, vae_loss_seen:424.2239 GZSL: seen=0.7798, unseen=0.6562, h=0.7127 ZSL: unseen accuracy=0.6875
[130/300]  Loss_D: -8.6609 Loss_G: 16.1034, Wasserstein_dist:11.2293, vae_loss_seen:416.1119 GZSL: seen=0.8016, unseen=0.6302, h=0.7056 ZSL: unseen accuracy=0.6927
[131/300]  Loss_D: -8.9991 Loss_G: 15.8198, Wasserstein_dist:11.5364, vae_loss_seen:434.4603 GZSL: seen=0.7730, unseen=0.6510, h=0.7068 ZSL: unseen accuracy=0.6875
[132/300]  Loss_D: -7.8723 Loss_G: 15.4646, Wasserstein_dist:10.6191, vae_loss_seen:415.8939 GZSL: seen=0.7551, unseen=0.6719, h=0.7111 ZSL: unseen accuracy=0.7031
[133/300]  Loss_D: -8.5609 Loss_G: 16.9327, Wasserstein_dist:11.2446, vae_loss_seen:442.5629 GZSL: seen=0.8333, unseen=0.6979, h=0.7596 ZSL: unseen accuracy=0.6823
[134/300]  Loss_D: -8.5000 Loss_G: 16.7937, Wasserstein_dist:11.3104, vae_loss_seen:438.1356 GZSL: seen=0.7333, unseen=0.6927, h=0.7124 ZSL: unseen accuracy=0.6823
[135/300]  Loss_D: -8.2059 Loss_G: 15.8758, Wasserstein_dist:11.0118, vae_loss_seen:419.5350 GZSL: seen=0.7698, unseen=0.6771, h=0.7205 ZSL: unseen accuracy=0.8021
[136/300]  Loss_D: -9.4240 Loss_G: 15.7832, Wasserstein_dist:11.6927, vae_loss_seen:426.7607 GZSL: seen=0.7857, unseen=0.6875, h=0.7333 ZSL: unseen accuracy=0.6875
[137/300]  Loss_D: -8.7199 Loss_G: 16.1002, Wasserstein_dist:11.5877, vae_loss_seen:429.3957 GZSL: seen=0.7758, unseen=0.5365, h=0.6343 ZSL: unseen accuracy=0.6875
[138/300]  Loss_D: -8.2441 Loss_G: 16.0218, Wasserstein_dist:11.1950, vae_loss_seen:427.7342 GZSL: seen=0.7321, unseen=0.7031, h=0.7173 ZSL: unseen accuracy=0.6927
[139/300]  Loss_D: -8.7083 Loss_G: 15.4229, Wasserstein_dist:11.1401, vae_loss_seen:420.6273 GZSL: seen=0.8770, unseen=0.4844, h=0.6241 ZSL: unseen accuracy=0.6927
[140/300]  Loss_D: -8.2788 Loss_G: 16.1289, Wasserstein_dist:10.7639, vae_loss_seen:424.2539 GZSL: seen=0.8000, unseen=0.6667, h=0.7273 ZSL: unseen accuracy=0.6875
[141/300]  Loss_D: -8.5858 Loss_G: 16.5338, Wasserstein_dist:11.1877, vae_loss_seen:435.5143 GZSL: seen=0.7183, unseen=0.6719, h=0.6943 ZSL: unseen accuracy=0.6875
[142/300]  Loss_D: -8.7497 Loss_G: 15.7403, Wasserstein_dist:11.4423, vae_loss_seen:413.7568 GZSL: seen=0.8194, unseen=0.6667, h=0.7352 ZSL: unseen accuracy=0.6927
[143/300]  Loss_D: -9.6988 Loss_G: 16.1875, Wasserstein_dist:13.2456, vae_loss_seen:432.6938 GZSL: seen=0.7758, unseen=0.6146, h=0.6858 ZSL: unseen accuracy=0.6719
[144/300]  Loss_D: -9.3414 Loss_G: 16.0466, Wasserstein_dist:11.5002, vae_loss_seen:427.3923 GZSL: seen=0.7341, unseen=0.6562, h=0.6930 ZSL: unseen accuracy=0.6875
[145/300]  Loss_D: -9.4608 Loss_G: 15.1556, Wasserstein_dist:12.1012, vae_loss_seen:412.6774 GZSL: seen=0.7639, unseen=0.5833, h=0.6615 ZSL: unseen accuracy=0.6875
[146/300]  Loss_D: -9.1851 Loss_G: 16.0157, Wasserstein_dist:11.6386, vae_loss_seen:428.9798 GZSL: seen=0.6841, unseen=0.6719, h=0.6779 ZSL: unseen accuracy=0.6823
[147/300]  Loss_D: -8.1443 Loss_G: 16.8408, Wasserstein_dist:10.6491, vae_loss_seen:434.9241 GZSL: seen=0.7374, unseen=0.6146, h=0.6704 ZSL: unseen accuracy=0.7135
[148/300]  Loss_D: -9.0281 Loss_G: 16.0174, Wasserstein_dist:11.6033, vae_loss_seen:433.6031 GZSL: seen=0.7718, unseen=0.6615, h=0.7124 ZSL: unseen accuracy=0.6823
[149/300]  Loss_D: -8.5304 Loss_G: 15.9635, Wasserstein_dist:10.9772, vae_loss_seen:426.1851 GZSL: seen=0.8079, unseen=0.6667, h=0.7305 ZSL: unseen accuracy=0.6875
[150/300]  Loss_D: -8.1675 Loss_G: 16.4042, Wasserstein_dist:10.7709, vae_loss_seen:415.4791 GZSL: seen=0.8452, unseen=0.6562, h=0.7389 ZSL: unseen accuracy=0.6875
[151/300]  Loss_D: -7.9403 Loss_G: 15.8430, Wasserstein_dist:10.4540, vae_loss_seen:431.5898 GZSL: seen=0.7802, unseen=0.5052, h=0.6133 ZSL: unseen accuracy=0.7031
[152/300]  Loss_D: -8.7577 Loss_G: 16.2975, Wasserstein_dist:11.2426, vae_loss_seen:428.9244 GZSL: seen=0.7817, unseen=0.4948, h=0.6060 ZSL: unseen accuracy=0.6823
[153/300]  Loss_D: -8.8702 Loss_G: 16.1586, Wasserstein_dist:12.1484, vae_loss_seen:427.7123 GZSL: seen=0.8139, unseen=0.4792, h=0.6032 ZSL: unseen accuracy=0.6771
[154/300]  Loss_D: -8.7209 Loss_G: 15.1519, Wasserstein_dist:11.1407, vae_loss_seen:422.7847 GZSL: seen=0.7679, unseen=0.6719, h=0.7167 ZSL: unseen accuracy=0.6823
[155/300]  Loss_D: -8.6029 Loss_G: 15.8194, Wasserstein_dist:11.5341, vae_loss_seen:427.4359 GZSL: seen=0.7560, unseen=0.6719, h=0.7114 ZSL: unseen accuracy=0.7500
[156/300]  Loss_D: -9.1837 Loss_G: 15.5608, Wasserstein_dist:11.7038, vae_loss_seen:421.9870 GZSL: seen=0.8238, unseen=0.6615, h=0.7338 ZSL: unseen accuracy=0.7031
[157/300]  Loss_D: -9.0065 Loss_G: 16.2389, Wasserstein_dist:11.4118, vae_loss_seen:427.9480 GZSL: seen=0.8373, unseen=0.6510, h=0.7325 ZSL: unseen accuracy=0.6823
[158/300]  Loss_D: -8.8148 Loss_G: 15.8846, Wasserstein_dist:11.4001, vae_loss_seen:420.5530 GZSL: seen=0.7348, unseen=0.6615, h=0.6962 ZSL: unseen accuracy=0.7135
[159/300]  Loss_D: -8.2385 Loss_G: 15.9284, Wasserstein_dist:10.8084, vae_loss_seen:423.4730 GZSL: seen=0.8095, unseen=0.6927, h=0.7466 ZSL: unseen accuracy=0.6771
[160/300]  Loss_D: -8.4552 Loss_G: 15.5104, Wasserstein_dist:10.8667, vae_loss_seen:420.4751 GZSL: seen=0.7619, unseen=0.6771, h=0.7170 ZSL: unseen accuracy=0.6927
[161/300]  Loss_D: -8.9429 Loss_G: 15.9698, Wasserstein_dist:11.4832, vae_loss_seen:421.7917 GZSL: seen=0.7440, unseen=0.6719, h=0.7061 ZSL: unseen accuracy=0.6719
[162/300]  Loss_D: -8.2979 Loss_G: 15.4356, Wasserstein_dist:10.8228, vae_loss_seen:425.6027 GZSL: seen=0.7837, unseen=0.6615, h=0.7174 ZSL: unseen accuracy=0.6823
[163/300]  Loss_D: -7.7618 Loss_G: 16.2056, Wasserstein_dist:10.0925, vae_loss_seen:425.5150 GZSL: seen=0.7635, unseen=0.6615, h=0.7088 ZSL: unseen accuracy=0.7188
[164/300]  Loss_D: -7.8732 Loss_G: 15.3325, Wasserstein_dist:9.9826, vae_loss_seen:418.8716 GZSL: seen=0.8000, unseen=0.6875, h=0.7395 ZSL: unseen accuracy=0.6875
[165/300]  Loss_D: -8.4318 Loss_G: 15.0412, Wasserstein_dist:10.7757, vae_loss_seen:417.2604 GZSL: seen=0.7659, unseen=0.6615, h=0.7098 ZSL: unseen accuracy=0.8021
[166/300]  Loss_D: -9.0163 Loss_G: 15.3760, Wasserstein_dist:11.2065, vae_loss_seen:420.7527 GZSL: seen=0.7579, unseen=0.6615, h=0.7064 ZSL: unseen accuracy=0.6771
[167/300]  Loss_D: -8.3729 Loss_G: 14.7836, Wasserstein_dist:10.8568, vae_loss_seen:408.9706 GZSL: seen=0.7560, unseen=0.6562, h=0.7026 ZSL: unseen accuracy=0.6875
[168/300]  Loss_D: -8.1401 Loss_G: 15.2931, Wasserstein_dist:10.5999, vae_loss_seen:411.8478 GZSL: seen=0.7484, unseen=0.6719, h=0.7081 ZSL: unseen accuracy=0.6771
[169/300]  Loss_D: -7.8748 Loss_G: 15.1289, Wasserstein_dist:10.0971, vae_loss_seen:418.4648 GZSL: seen=0.7940, unseen=0.5104, h=0.6214 ZSL: unseen accuracy=0.6979
[170/300]  Loss_D: -7.3758 Loss_G: 15.2544, Wasserstein_dist:9.6488, vae_loss_seen:409.6552 GZSL: seen=0.8214, unseen=0.4948, h=0.6176 ZSL: unseen accuracy=0.7292
[171/300]  Loss_D: -8.4409 Loss_G: 15.5669, Wasserstein_dist:10.7426, vae_loss_seen:423.2037 GZSL: seen=0.8194, unseen=0.6562, h=0.7288 ZSL: unseen accuracy=0.6823
[172/300]  Loss_D: -8.1290 Loss_G: 15.1769, Wasserstein_dist:10.6843, vae_loss_seen:413.9272 GZSL: seen=0.7857, unseen=0.6615, h=0.7183 ZSL: unseen accuracy=0.6823
[173/300]  Loss_D: -8.2688 Loss_G: 14.3847, Wasserstein_dist:10.8679, vae_loss_seen:399.5338 GZSL: seen=0.8333, unseen=0.5208, h=0.6410 ZSL: unseen accuracy=0.6823
[174/300]  Loss_D: -8.8250 Loss_G: 14.5634, Wasserstein_dist:11.0886, vae_loss_seen:410.9698 GZSL: seen=0.7857, unseen=0.6302, h=0.6994 ZSL: unseen accuracy=0.6875
[175/300]  Loss_D: -9.1418 Loss_G: 15.0188, Wasserstein_dist:11.9736, vae_loss_seen:418.8661 GZSL: seen=0.8139, unseen=0.6667, h=0.7330 ZSL: unseen accuracy=0.6979
[176/300]  Loss_D: -7.5735 Loss_G: 15.0489, Wasserstein_dist:9.6348, vae_loss_seen:402.9246 GZSL: seen=0.8095, unseen=0.6667, h=0.7312 ZSL: unseen accuracy=0.7031
[177/300]  Loss_D: -8.0114 Loss_G: 15.2817, Wasserstein_dist:10.5042, vae_loss_seen:409.1223 GZSL: seen=0.7710, unseen=0.6875, h=0.7268 ZSL: unseen accuracy=0.6979
[178/300]  Loss_D: -7.9634 Loss_G: 14.3319, Wasserstein_dist:10.7525, vae_loss_seen:406.6849 GZSL: seen=0.8155, unseen=0.6510, h=0.7240 ZSL: unseen accuracy=0.6875
[179/300]  Loss_D: -7.2442 Loss_G: 13.9329, Wasserstein_dist:9.4724, vae_loss_seen:393.9538 GZSL: seen=0.8333, unseen=0.6719, h=0.7439 ZSL: unseen accuracy=0.7552
[180/300]  Loss_D: -6.8447 Loss_G: 14.6076, Wasserstein_dist:9.3071, vae_loss_seen:413.7560 GZSL: seen=0.7960, unseen=0.6823, h=0.7348 ZSL: unseen accuracy=0.6823
[181/300]  Loss_D: -7.8762 Loss_G: 13.7540, Wasserstein_dist:10.2812, vae_loss_seen:405.0212 GZSL: seen=0.7659, unseen=0.4948, h=0.6012 ZSL: unseen accuracy=0.6719
[182/300]  Loss_D: -7.5645 Loss_G: 14.2756, Wasserstein_dist:9.6702, vae_loss_seen:404.7180 GZSL: seen=0.8357, unseen=0.6094, h=0.7048 ZSL: unseen accuracy=0.6927
[183/300]  Loss_D: -8.1682 Loss_G: 13.8007, Wasserstein_dist:10.3046, vae_loss_seen:399.4979 GZSL: seen=0.8079, unseen=0.6406, h=0.7146 ZSL: unseen accuracy=0.6719
[184/300]  Loss_D: -6.9560 Loss_G: 13.7762, Wasserstein_dist:9.2402, vae_loss_seen:398.5132 GZSL: seen=0.8020, unseen=0.6615, h=0.7250 ZSL: unseen accuracy=0.6875
[185/300]  Loss_D: -8.4948 Loss_G: 13.7494, Wasserstein_dist:10.5028, vae_loss_seen:409.3983 GZSL: seen=0.7837, unseen=0.6615, h=0.7174 ZSL: unseen accuracy=0.7083
[186/300]  Loss_D: -8.6353 Loss_G: 14.5134, Wasserstein_dist:11.3533, vae_loss_seen:406.1205 GZSL: seen=0.7817, unseen=0.6719, h=0.7227 ZSL: unseen accuracy=0.6875
[187/300]  Loss_D: -6.7539 Loss_G: 13.5974, Wasserstein_dist:8.8102, vae_loss_seen:398.5034 GZSL: seen=0.8238, unseen=0.6510, h=0.7273 ZSL: unseen accuracy=0.6771
[188/300]  Loss_D: -8.0493 Loss_G: 13.7521, Wasserstein_dist:10.4442, vae_loss_seen:392.0806 GZSL: seen=0.7643, unseen=0.6615, h=0.7092 ZSL: unseen accuracy=0.6823
[189/300]  Loss_D: -7.4835 Loss_G: 12.7819, Wasserstein_dist:10.0768, vae_loss_seen:394.9438 GZSL: seen=0.7639, unseen=0.5000, h=0.6044 ZSL: unseen accuracy=0.6927
[190/300]  Loss_D: -7.0946 Loss_G: 13.7436, Wasserstein_dist:9.1277, vae_loss_seen:397.9154 GZSL: seen=0.7745, unseen=0.5729, h=0.6586 ZSL: unseen accuracy=0.6875
[191/300]  Loss_D: -7.5217 Loss_G: 14.3381, Wasserstein_dist:9.6881, vae_loss_seen:407.1367 GZSL: seen=0.8135, unseen=0.6562, h=0.7265 ZSL: unseen accuracy=0.6823
[192/300]  Loss_D: -7.4971 Loss_G: 14.2244, Wasserstein_dist:9.5298, vae_loss_seen:403.8368 GZSL: seen=0.7619, unseen=0.6562, h=0.7051 ZSL: unseen accuracy=0.6979
[193/300]  Loss_D: -8.6264 Loss_G: 13.7180, Wasserstein_dist:11.0175, vae_loss_seen:404.0205 GZSL: seen=0.7679, unseen=0.5417, h=0.6352